000 (4603100.000.000) 2025-02-02 21:11:16 Job submitted from host: <130.199.48.82:9618?addrs=130.199.48.82-9618&alias=rcas2063.rcf.bnl.gov&noUDP&sock=schedd_23786_1176>
...
001 (4603100.000.000) 2025-02-02 21:12:49 Job executing on host: <130.199.150.75:9618?addrs=130.199.150.75-9618&alias=spool1556.sdcc.bnl.gov&noUDP&sock=startd_64048_7ba1>
...
006 (4603100.000.000) 2025-02-02 21:12:58 Image size of job updated: 223168
	124  -  MemoryUsage of job (MB)
	126884  -  ResidentSetSize of job (KB)
...
006 (4603100.000.000) 2025-02-02 21:13:03 Image size of job updated: 441000
	124  -  MemoryUsage of job (MB)
	126936  -  ResidentSetSize of job (KB)
...
005 (4603100.000.000) 2025-02-02 21:13:03 Job terminated.
	(1) Normal termination (return value 139)
		Usr 0 00:00:06, Sys 0 00:00:02  -  Run Remote Usage
		Usr 0 00:00:00, Sys 0 00:00:00  -  Run Local Usage
		Usr 0 00:00:06, Sys 0 00:00:02  -  Total Remote Usage
		Usr 0 00:00:00, Sys 0 00:00:00  -  Total Local Usage
	0  -  Run Bytes Sent By Job
	0  -  Run Bytes Received By Job
	0  -  Total Bytes Sent By Job
	0  -  Total Bytes Received By Job
	Partitionable Resources :    Usage  Request Allocated 
	   Cpus                 :                 1         1 
	   Disk (KB)            :        2        2   6681223 
	   Memory (MB)          :      124   128192    128256 
	   xferslots            :                           0 

	Job terminated of its own accord at 2025-02-03T02:13:03Z with exit-code 139.
...
