000 (4595703.000.000) 2025-01-28 23:09:03 Job submitted from host: <130.199.48.82:9618?addrs=130.199.48.82-9618&alias=rcas2063.rcf.bnl.gov&noUDP&sock=schedd_23786_1176>
...
001 (4595703.000.000) 2025-01-29 01:28:01 Job executing on host: <130.199.186.21:9618?addrs=130.199.186.21-9618&alias=spool1818.sdcc.bnl.gov&noUDP&sock=startd_15937_f573>
...
006 (4595703.000.000) 2025-01-29 01:28:09 Image size of job updated: 194792
	119  -  MemoryUsage of job (MB)
	120960  -  ResidentSetSize of job (KB)
...
006 (4595703.000.000) 2025-01-29 01:28:11 Image size of job updated: 234284
	119  -  MemoryUsage of job (MB)
	120960  -  ResidentSetSize of job (KB)
...
005 (4595703.000.000) 2025-01-29 01:28:11 Job terminated.
	(1) Normal termination (return value 0)
		Usr 0 00:00:03, Sys 0 00:00:01  -  Run Remote Usage
		Usr 0 00:00:00, Sys 0 00:00:00  -  Run Local Usage
		Usr 0 00:00:03, Sys 0 00:00:01  -  Total Remote Usage
		Usr 0 00:00:00, Sys 0 00:00:00  -  Total Local Usage
	0  -  Run Bytes Sent By Job
	0  -  Run Bytes Received By Job
	0  -  Total Bytes Sent By Job
	0  -  Total Bytes Received By Job
	Partitionable Resources :    Usage  Request Allocated 
	   Cpus                 :                 1         1 
	   Disk (KB)            :        2        2   6681615 
	   Memory (MB)          :      119   128192    128256 
	   xferslots            :                           0 

	Job terminated of its own accord at 2025-01-29T06:28:11Z with exit-code 0.
...
000 (4596724.000.000) 2025-01-30 00:27:55 Job submitted from host: <130.199.48.82:9618?addrs=130.199.48.82-9618&alias=rcas2063.rcf.bnl.gov&noUDP&sock=schedd_23786_1176>
...
001 (4596724.000.000) 2025-01-30 17:49:55 Job executing on host: <130.199.151.31:9618?addrs=130.199.151.31-9618&alias=spool1609.sdcc.bnl.gov&noUDP&sock=startd_83325_68fb>
...
006 (4596724.000.000) 2025-01-30 17:50:04 Image size of job updated: 298680
	30  -  MemoryUsage of job (MB)
	30540  -  ResidentSetSize of job (KB)
...
006 (4596724.000.000) 2025-01-30 17:55:05 Image size of job updated: 5368068
	581  -  MemoryUsage of job (MB)
	594036  -  ResidentSetSize of job (KB)
...
006 (4596724.000.000) 2025-01-30 18:00:05 Image size of job updated: 6575340
	3315  -  MemoryUsage of job (MB)
	3393964  -  ResidentSetSize of job (KB)
...
006 (4596724.000.000) 2025-01-30 18:05:06 Image size of job updated: 10671468
	5837  -  MemoryUsage of job (MB)
	5977012  -  ResidentSetSize of job (KB)
...
006 (4596724.000.000) 2025-01-30 18:10:07 Image size of job updated: 11273688
	8017  -  MemoryUsage of job (MB)
	8208704  -  ResidentSetSize of job (KB)
...
006 (4596724.000.000) 2025-01-30 18:15:07 Image size of job updated: 15353684
	11494  -  MemoryUsage of job (MB)
	11769000  -  ResidentSetSize of job (KB)
...
006 (4596724.000.000) 2025-01-30 18:20:08 Image size of job updated: 17113104
	13329  -  MemoryUsage of job (MB)
	13648120  -  ResidentSetSize of job (KB)
...
006 (4596724.000.000) 2025-01-30 18:25:09 Image size of job updated: 20408340
	15797  -  MemoryUsage of job (MB)
	16175740  -  ResidentSetSize of job (KB)
...
006 (4596724.000.000) 2025-01-30 18:30:09 Image size of job updated: 22310792
	18740  -  MemoryUsage of job (MB)
	19188872  -  ResidentSetSize of job (KB)
...
006 (4596724.000.000) 2025-01-30 18:35:09 Image size of job updated: 24920248
	20554  -  MemoryUsage of job (MB)
	21046888  -  ResidentSetSize of job (KB)
...
006 (4596724.000.000) 2025-01-30 18:40:10 Image size of job updated: 27964400
	23785  -  MemoryUsage of job (MB)
	24355756  -  ResidentSetSize of job (KB)
...
006 (4596724.000.000) 2025-01-30 18:45:10 Image size of job updated: 30163752
	26429  -  MemoryUsage of job (MB)
	27063240  -  ResidentSetSize of job (KB)
...
006 (4596724.000.000) 2025-01-30 18:50:10 Image size of job updated: 32825676
	28697  -  MemoryUsage of job (MB)
	29385036  -  ResidentSetSize of job (KB)
...
006 (4596724.000.000) 2025-01-30 18:55:11 Image size of job updated: 37084444
	31860  -  MemoryUsage of job (MB)
	32624380  -  ResidentSetSize of job (KB)
...
006 (4596724.000.000) 2025-01-30 19:00:12 Image size of job updated: 39786440
	35618  -  MemoryUsage of job (MB)
	36472380  -  ResidentSetSize of job (KB)
...
006 (4596724.000.000) 2025-01-30 19:05:12 Image size of job updated: 42197104
	38089  -  MemoryUsage of job (MB)
	39002776  -  ResidentSetSize of job (KB)
...
006 (4596724.000.000) 2025-01-30 19:10:13 Image size of job updated: 45924456
	41322  -  MemoryUsage of job (MB)
	42313588  -  ResidentSetSize of job (KB)
...
006 (4596724.000.000) 2025-01-30 19:15:14 Image size of job updated: 50098436
	44725  -  MemoryUsage of job (MB)
	45798288  -  ResidentSetSize of job (KB)
...
006 (4596724.000.000) 2025-01-30 19:20:14 Image size of job updated: 53893604
	48800  -  MemoryUsage of job (MB)
	49971036  -  ResidentSetSize of job (KB)
...
006 (4596724.000.000) 2025-01-30 19:20:31 Image size of job updated: 53893604
	48801  -  MemoryUsage of job (MB)
	49971300  -  ResidentSetSize of job (KB)
...
005 (4596724.000.000) 2025-01-30 19:20:31 Job terminated.
	(1) Normal termination (return value 0)
		Usr 0 01:14:06, Sys 0 00:08:13  -  Run Remote Usage
		Usr 0 00:00:00, Sys 0 00:00:00  -  Run Local Usage
		Usr 0 01:14:06, Sys 0 00:08:13  -  Total Remote Usage
		Usr 0 00:00:00, Sys 0 00:00:00  -  Total Local Usage
	0  -  Run Bytes Sent By Job
	0  -  Run Bytes Received By Job
	0  -  Total Bytes Sent By Job
	0  -  Total Bytes Received By Job
	Partitionable Resources :    Usage  Request Allocated 
	   Cpus                 :     0.98        1         1 
	   Disk (KB)            :     2           2   6681213 
	   Memory (MB)          : 48801      128192    128256 
	   xferslots            :                           0 

	Job terminated of its own accord at 2025-01-31T00:20:31Z with exit-code 0.
...
000 (4597928.000.000) 2025-02-02 20:59:33 Job submitted from host: <130.199.48.82:9618?addrs=130.199.48.82-9618&alias=rcas2063.rcf.bnl.gov&noUDP&sock=schedd_23786_1176>
...
001 (4597928.000.000) 2025-02-02 21:06:03 Job executing on host: <130.199.150.89:9618?addrs=130.199.150.89-9618&alias=spool1570.sdcc.bnl.gov&noUDP&sock=startd_37304_5835>
...
006 (4597928.000.000) 2025-02-02 21:06:11 Image size of job updated: 606024
	1  -  MemoryUsage of job (MB)
	360  -  ResidentSetSize of job (KB)
...
005 (4597928.000.000) 2025-02-02 21:06:11 Job terminated.
	(1) Normal termination (return value 139)
		Usr 0 00:00:05, Sys 0 00:00:02  -  Run Remote Usage
		Usr 0 00:00:00, Sys 0 00:00:00  -  Run Local Usage
		Usr 0 00:00:05, Sys 0 00:00:02  -  Total Remote Usage
		Usr 0 00:00:00, Sys 0 00:00:00  -  Total Local Usage
	0  -  Run Bytes Sent By Job
	0  -  Run Bytes Received By Job
	0  -  Total Bytes Sent By Job
	0  -  Total Bytes Received By Job
	Partitionable Resources :    Usage  Request Allocated 
	   Cpus                 :                 1         1 
	   Disk (KB)            :        2        2   6681236 
	   Memory (MB)          :        1   128192    128256 
	   xferslots            :                           0 

	Job terminated of its own accord at 2025-02-03T02:06:11Z with exit-code 139.
...
000 (4607645.000.000) 2025-02-03 00:29:04 Job submitted from host: <130.199.48.82:9618?addrs=130.199.48.82-9618&alias=rcas2063.rcf.bnl.gov&noUDP&sock=schedd_23786_1176>
...
