000 (4599262.000.000) 2025-02-02 21:01:54 Job submitted from host: <130.199.48.82:9618?addrs=130.199.48.82-9618&alias=rcas2063.rcf.bnl.gov&noUDP&sock=schedd_23786_1176>
...
001 (4599262.000.000) 2025-02-02 21:07:54 Job executing on host: <130.199.207.216:9618?addrs=130.199.207.216-9618&alias=spool1503.sdcc.bnl.gov&noUDP&sock=startd_26617_0b41>
...
006 (4599262.000.000) 2025-02-02 21:08:03 Image size of job updated: 470284
	335  -  MemoryUsage of job (MB)
	343032  -  ResidentSetSize of job (KB)
...
005 (4599262.000.000) 2025-02-02 21:08:05 Job terminated.
	(1) Normal termination (return value 139)
		Usr 0 00:00:06, Sys 0 00:00:01  -  Run Remote Usage
		Usr 0 00:00:00, Sys 0 00:00:00  -  Run Local Usage
		Usr 0 00:00:06, Sys 0 00:00:01  -  Total Remote Usage
		Usr 0 00:00:00, Sys 0 00:00:00  -  Total Local Usage
	0  -  Run Bytes Sent By Job
	0  -  Run Bytes Received By Job
	0  -  Total Bytes Sent By Job
	0  -  Total Bytes Received By Job
	Partitionable Resources :    Usage  Request Allocated 
	   Cpus                 :                 1         1 
	   Disk (KB)            :        2        2   6681235 
	   Memory (MB)          :      335   128192    128256 
	   xferslots            :                           0 

	Job terminated of its own accord at 2025-02-03T02:08:04Z with exit-code 139.
...
