000 (4605218.000.000) 2025-02-02 21:16:45 Job submitted from host: <130.199.48.82:9618?addrs=130.199.48.82-9618&alias=rcas2063.rcf.bnl.gov&noUDP&sock=schedd_23786_1176>
...
001 (4605218.000.000) 2025-02-02 21:16:47 Job executing on host: <130.199.184.156:9618?addrs=130.199.184.156-9618&alias=spool1765.sdcc.bnl.gov&noUDP&sock=startd_35828_358d>
...
006 (4605218.000.000) 2025-02-02 21:16:56 Image size of job updated: 448012
	314  -  MemoryUsage of job (MB)
	320936  -  ResidentSetSize of job (KB)
...
006 (4605218.000.000) 2025-02-02 21:16:57 Image size of job updated: 450604
	316  -  MemoryUsage of job (MB)
	323528  -  ResidentSetSize of job (KB)
...
005 (4605218.000.000) 2025-02-02 21:16:57 Job terminated.
	(1) Normal termination (return value 139)
		Usr 0 00:00:05, Sys 0 00:00:01  -  Run Remote Usage
		Usr 0 00:00:00, Sys 0 00:00:00  -  Run Local Usage
		Usr 0 00:00:05, Sys 0 00:00:01  -  Total Remote Usage
		Usr 0 00:00:00, Sys 0 00:00:00  -  Total Local Usage
	0  -  Run Bytes Sent By Job
	0  -  Run Bytes Received By Job
	0  -  Total Bytes Sent By Job
	0  -  Total Bytes Received By Job
	Partitionable Resources :    Usage  Request Allocated 
	   Cpus                 :                 1         1 
	   Disk (KB)            :        2        2   6681628 
	   Memory (MB)          :      316   128192    128256 
	   xferslots            :                           0 

	Job terminated of its own accord at 2025-02-03T02:16:57Z with exit-code 139.
...
