000 (4595304.000.000) 2025-01-28 23:08:31 Job submitted from host: <130.199.48.82:9618?addrs=130.199.48.82-9618&alias=rcas2063.rcf.bnl.gov&noUDP&sock=schedd_23786_1176>
...
001 (4595304.000.000) 2025-01-29 01:16:27 Job executing on host: <130.199.184.158:9618?addrs=130.199.184.158-9618&alias=spool1767.sdcc.bnl.gov&noUDP&sock=startd_62920_7c34>
...
006 (4595304.000.000) 2025-01-29 01:16:35 Image size of job updated: 191508
	116  -  MemoryUsage of job (MB)
	118052  -  ResidentSetSize of job (KB)
...
006 (4595304.000.000) 2025-01-29 01:16:37 Image size of job updated: 236688
	116  -  MemoryUsage of job (MB)
	118192  -  ResidentSetSize of job (KB)
...
005 (4595304.000.000) 2025-01-29 01:16:37 Job terminated.
	(1) Normal termination (return value 0)
		Usr 0 00:00:03, Sys 0 00:00:02  -  Run Remote Usage
		Usr 0 00:00:00, Sys 0 00:00:00  -  Run Local Usage
		Usr 0 00:00:03, Sys 0 00:00:02  -  Total Remote Usage
		Usr 0 00:00:00, Sys 0 00:00:00  -  Total Local Usage
	0  -  Run Bytes Sent By Job
	0  -  Run Bytes Received By Job
	0  -  Total Bytes Sent By Job
	0  -  Total Bytes Received By Job
	Partitionable Resources :    Usage  Request Allocated 
	   Cpus                 :                 1         1 
	   Disk (KB)            :        2        2   6681619 
	   Memory (MB)          :      116   128192    128256 
	   xferslots            :                           0 

	Job terminated of its own accord at 2025-01-29T06:16:37Z with exit-code 0.
...
000 (4596325.000.000) 2025-01-30 00:27:15 Job submitted from host: <130.199.48.82:9618?addrs=130.199.48.82-9618&alias=rcas2063.rcf.bnl.gov&noUDP&sock=schedd_23786_1176>
...
001 (4596325.000.000) 2025-01-30 13:12:10 Job executing on host: <130.199.150.76:9618?addrs=130.199.150.76-9618&alias=spool1557.sdcc.bnl.gov&noUDP&sock=startd_828_26aa>
...
006 (4596325.000.000) 2025-01-30 13:12:19 Image size of job updated: 298152
	34  -  MemoryUsage of job (MB)
	33920  -  ResidentSetSize of job (KB)
...
006 (4596325.000.000) 2025-01-30 13:17:19 Image size of job updated: 5242132
	817  -  MemoryUsage of job (MB)
	835976  -  ResidentSetSize of job (KB)
...
006 (4596325.000.000) 2025-01-30 13:22:19 Image size of job updated: 6982808
	3822  -  MemoryUsage of job (MB)
	3913680  -  ResidentSetSize of job (KB)
...
006 (4596325.000.000) 2025-01-30 13:27:20 Image size of job updated: 9831144
	5635  -  MemoryUsage of job (MB)
	5769336  -  ResidentSetSize of job (KB)
...
006 (4596325.000.000) 2025-01-30 13:32:21 Image size of job updated: 12217964
	8937  -  MemoryUsage of job (MB)
	9151080  -  ResidentSetSize of job (KB)
...
006 (4596325.000.000) 2025-01-30 13:37:21 Image size of job updated: 14683444
	10622  -  MemoryUsage of job (MB)
	10876304  -  ResidentSetSize of job (KB)
...
006 (4596325.000.000) 2025-01-30 13:42:22 Image size of job updated: 17982096
	13012  -  MemoryUsage of job (MB)
	13323968  -  ResidentSetSize of job (KB)
...
006 (4596325.000.000) 2025-01-30 13:47:23 Image size of job updated: 19294676
	15434  -  MemoryUsage of job (MB)
	15803616  -  ResidentSetSize of job (KB)
...
006 (4596325.000.000) 2025-01-30 13:52:23 Image size of job updated: 22471604
	17588  -  MemoryUsage of job (MB)
	18009092  -  ResidentSetSize of job (KB)
...
006 (4596325.000.000) 2025-01-30 13:57:24 Image size of job updated: 24009476
	20457  -  MemoryUsage of job (MB)
	20947556  -  ResidentSetSize of job (KB)
...
006 (4596325.000.000) 2025-01-30 14:02:25 Image size of job updated: 27145464
	22695  -  MemoryUsage of job (MB)
	23238996  -  ResidentSetSize of job (KB)
...
006 (4596325.000.000) 2025-01-30 14:07:25 Image size of job updated: 30582432
	25883  -  MemoryUsage of job (MB)
	26503872  -  ResidentSetSize of job (KB)
...
006 (4596325.000.000) 2025-01-30 14:12:25 Image size of job updated: 34390448
	29297  -  MemoryUsage of job (MB)
	30000000  -  ResidentSetSize of job (KB)
...
006 (4596325.000.000) 2025-01-30 14:17:26 Image size of job updated: 37040136
	32858  -  MemoryUsage of job (MB)
	33646152  -  ResidentSetSize of job (KB)
...
006 (4596325.000.000) 2025-01-30 14:22:26 Image size of job updated: 40107672
	36130  -  MemoryUsage of job (MB)
	36996296  -  ResidentSetSize of job (KB)
...
006 (4596325.000.000) 2025-01-30 14:27:26 Image size of job updated: 42846408
	38086  -  MemoryUsage of job (MB)
	38999400  -  ResidentSetSize of job (KB)
...
006 (4596325.000.000) 2025-01-30 14:32:27 Image size of job updated: 45605164
	41499  -  MemoryUsage of job (MB)
	42494744  -  ResidentSetSize of job (KB)
...
006 (4596325.000.000) 2025-01-30 14:37:28 Image size of job updated: 47616368
	42851  -  MemoryUsage of job (MB)
	43879072  -  ResidentSetSize of job (KB)
...
006 (4596325.000.000) 2025-01-30 14:42:28 Image size of job updated: 50541080
	45767  -  MemoryUsage of job (MB)
	46864824  -  ResidentSetSize of job (KB)
...
006 (4596325.000.000) 2025-01-30 14:47:29 Image size of job updated: 52019452
	47693  -  MemoryUsage of job (MB)
	48837056  -  ResidentSetSize of job (KB)
...
006 (4596325.000.000) 2025-01-30 14:52:30 Image size of job updated: 55076616
	49738  -  MemoryUsage of job (MB)
	50930824  -  ResidentSetSize of job (KB)
...
006 (4596325.000.000) 2025-01-30 14:57:30 Image size of job updated: 57307224
	52983  -  MemoryUsage of job (MB)
	54254072  -  ResidentSetSize of job (KB)
...
006 (4596325.000.000) 2025-01-30 15:02:31 Image size of job updated: 59527228
	54229  -  MemoryUsage of job (MB)
	55530396  -  ResidentSetSize of job (KB)
...
006 (4596325.000.000) 2025-01-30 15:07:32 Image size of job updated: 61830164
	57274  -  MemoryUsage of job (MB)
	58647856  -  ResidentSetSize of job (KB)
...
006 (4596325.000.000) 2025-01-30 15:12:32 Image size of job updated: 64683844
	58960  -  MemoryUsage of job (MB)
	60374036  -  ResidentSetSize of job (KB)
...
006 (4596325.000.000) 2025-01-30 15:17:32 Image size of job updated: 67212648
	62514  -  MemoryUsage of job (MB)
	64013612  -  ResidentSetSize of job (KB)
...
006 (4596325.000.000) 2025-01-30 15:22:33 Image size of job updated: 69427176
	64094  -  MemoryUsage of job (MB)
	65631960  -  ResidentSetSize of job (KB)
...
006 (4596325.000.000) 2025-01-30 15:27:33 Image size of job updated: 72323636
	64095  -  MemoryUsage of job (MB)
	65632420  -  ResidentSetSize of job (KB)
...
005 (4596325.000.000) 2025-01-30 15:27:40 Job terminated.
	(1) Normal termination (return value 0)
		Usr 0 01:51:40, Sys 0 00:10:57  -  Run Remote Usage
		Usr 0 00:00:00, Sys 0 00:00:00  -  Run Local Usage
		Usr 0 01:51:40, Sys 0 00:10:57  -  Total Remote Usage
		Usr 0 00:00:00, Sys 0 00:00:00  -  Total Local Usage
	0  -  Run Bytes Sent By Job
	0  -  Run Bytes Received By Job
	0  -  Total Bytes Sent By Job
	0  -  Total Bytes Received By Job
	Partitionable Resources :    Usage  Request Allocated 
	   Cpus                 :     0.89        1         1 
	   Disk (KB)            :     2           2   6681227 
	   Memory (MB)          : 64095      128192    128256 
	   xferslots            :                           0 

	Job terminated of its own accord at 2025-01-30T20:27:40Z with exit-code 0.
...
000 (4597529.000.000) 2025-02-02 20:58:48 Job submitted from host: <130.199.48.82:9618?addrs=130.199.48.82-9618&alias=rcas2063.rcf.bnl.gov&noUDP&sock=schedd_23786_1176>
...
001 (4597529.000.000) 2025-02-02 21:05:01 Job executing on host: <130.199.186.92:9618?addrs=130.199.186.92-9618&alias=spool1855.sdcc.bnl.gov&noUDP&sock=startd_51230_bf6c>
...
006 (4597529.000.000) 2025-02-02 21:05:10 Image size of job updated: 2935648
	286  -  MemoryUsage of job (MB)
	291904  -  ResidentSetSize of job (KB)
...
006 (4597529.000.000) 2025-02-02 21:05:11 Image size of job updated: 2935648
	289  -  MemoryUsage of job (MB)
	295132  -  ResidentSetSize of job (KB)
...
005 (4597529.000.000) 2025-02-02 21:05:11 Job terminated.
	(1) Normal termination (return value 139)
		Usr 0 00:00:06, Sys 0 00:00:02  -  Run Remote Usage
		Usr 0 00:00:00, Sys 0 00:00:00  -  Run Local Usage
		Usr 0 00:00:06, Sys 0 00:00:02  -  Total Remote Usage
		Usr 0 00:00:00, Sys 0 00:00:00  -  Total Local Usage
	0  -  Run Bytes Sent By Job
	0  -  Run Bytes Received By Job
	0  -  Total Bytes Sent By Job
	0  -  Total Bytes Received By Job
	Partitionable Resources :    Usage  Request Allocated 
	   Cpus                 :                 1         1 
	   Disk (KB)            :        2        2   6681629 
	   Memory (MB)          :      289   128192    128256 
	   xferslots            :                           0 

	Job terminated of its own accord at 2025-02-03T02:05:11Z with exit-code 139.
...
