000 (4595530.000.000) 2025-01-28 23:08:49 Job submitted from host: <130.199.48.82:9618?addrs=130.199.48.82-9618&alias=rcas2063.rcf.bnl.gov&noUDP&sock=schedd_23786_1176>
...
001 (4595530.000.000) 2025-01-29 01:25:01 Job executing on host: <130.199.151.22:9618?addrs=130.199.151.22-9618&alias=spool1600.sdcc.bnl.gov&noUDP&sock=startd_27627_b23b>
...
006 (4595530.000.000) 2025-01-29 01:25:10 Image size of job updated: 569868
	98  -  MemoryUsage of job (MB)
	99876  -  ResidentSetSize of job (KB)
...
006 (4595530.000.000) 2025-01-29 01:25:13 Image size of job updated: 569868
	98  -  MemoryUsage of job (MB)
	99880  -  ResidentSetSize of job (KB)
...
005 (4595530.000.000) 2025-01-29 01:25:13 Job terminated.
	(1) Normal termination (return value 0)
		Usr 0 00:00:03, Sys 0 00:00:01  -  Run Remote Usage
		Usr 0 00:00:00, Sys 0 00:00:00  -  Run Local Usage
		Usr 0 00:00:03, Sys 0 00:00:01  -  Total Remote Usage
		Usr 0 00:00:00, Sys 0 00:00:00  -  Total Local Usage
	0  -  Run Bytes Sent By Job
	0  -  Run Bytes Received By Job
	0  -  Total Bytes Sent By Job
	0  -  Total Bytes Received By Job
	Partitionable Resources :    Usage  Request Allocated 
	   Cpus                 :                 1         1 
	   Disk (KB)            :        2        2   6681234 
	   Memory (MB)          :       98   128192    128256 
	   xferslots            :                           0 

	Job terminated of its own accord at 2025-01-29T06:25:13Z with exit-code 0.
...
000 (4596551.000.000) 2025-01-30 00:27:38 Job submitted from host: <130.199.48.82:9618?addrs=130.199.48.82-9618&alias=rcas2063.rcf.bnl.gov&noUDP&sock=schedd_23786_1176>
...
001 (4596551.000.000) 2025-01-30 15:51:48 Job executing on host: <130.199.150.74:9618?addrs=130.199.150.74-9618&alias=spool1555.sdcc.bnl.gov&noUDP&sock=startd_73494_05cf>
...
006 (4596551.000.000) 2025-01-30 15:51:56 Image size of job updated: 121848
	64  -  MemoryUsage of job (MB)
	65380  -  ResidentSetSize of job (KB)
...
006 (4596551.000.000) 2025-01-30 15:56:56 Image size of job updated: 5260512
	726  -  MemoryUsage of job (MB)
	742816  -  ResidentSetSize of job (KB)
...
006 (4596551.000.000) 2025-01-30 16:01:57 Image size of job updated: 7779844
	4687  -  MemoryUsage of job (MB)
	4798740  -  ResidentSetSize of job (KB)
...
006 (4596551.000.000) 2025-01-30 16:06:58 Image size of job updated: 10470868
	7264  -  MemoryUsage of job (MB)
	7437556  -  ResidentSetSize of job (KB)
...
006 (4596551.000.000) 2025-01-30 16:11:58 Image size of job updated: 14053100
	9848  -  MemoryUsage of job (MB)
	10083512  -  ResidentSetSize of job (KB)
...
006 (4596551.000.000) 2025-01-30 16:17:00 Image size of job updated: 17516264
	13384  -  MemoryUsage of job (MB)
	13704948  -  ResidentSetSize of job (KB)
...
006 (4596551.000.000) 2025-01-30 16:22:00 Image size of job updated: 19590836
	16213  -  MemoryUsage of job (MB)
	16602056  -  ResidentSetSize of job (KB)
...
006 (4596551.000.000) 2025-01-30 16:27:00 Image size of job updated: 23297940
	18922  -  MemoryUsage of job (MB)
	19376028  -  ResidentSetSize of job (KB)
...
006 (4596551.000.000) 2025-01-30 16:32:01 Image size of job updated: 27348732
	22400  -  MemoryUsage of job (MB)
	22937060  -  ResidentSetSize of job (KB)
...
006 (4596551.000.000) 2025-01-30 16:37:02 Image size of job updated: 29353104
	25652  -  MemoryUsage of job (MB)
	26267376  -  ResidentSetSize of job (KB)
...
006 (4596551.000.000) 2025-01-30 16:42:02 Image size of job updated: 32584096
	28381  -  MemoryUsage of job (MB)
	29062060  -  ResidentSetSize of job (KB)
...
006 (4596551.000.000) 2025-01-30 16:47:03 Image size of job updated: 35774424
	31204  -  MemoryUsage of job (MB)
	31952704  -  ResidentSetSize of job (KB)
...
006 (4596551.000.000) 2025-01-30 16:52:04 Image size of job updated: 37253692
	33342  -  MemoryUsage of job (MB)
	34142080  -  ResidentSetSize of job (KB)
...
006 (4596551.000.000) 2025-01-30 16:57:04 Image size of job updated: 40823976
	35561  -  MemoryUsage of job (MB)
	36414060  -  ResidentSetSize of job (KB)
...
006 (4596551.000.000) 2025-01-30 17:02:04 Image size of job updated: 42753216
	38843  -  MemoryUsage of job (MB)
	39775012  -  ResidentSetSize of job (KB)
...
006 (4596551.000.000) 2025-01-30 17:07:05 Image size of job updated: 45254320
	40010  -  MemoryUsage of job (MB)
	40969796  -  ResidentSetSize of job (KB)
...
006 (4596551.000.000) 2025-01-30 17:12:05 Image size of job updated: 46388244
	42329  -  MemoryUsage of job (MB)
	43344060  -  ResidentSetSize of job (KB)
...
006 (4596551.000.000) 2025-01-30 17:17:06 Image size of job updated: 49788196
	43862  -  MemoryUsage of job (MB)
	44914664  -  ResidentSetSize of job (KB)
...
006 (4596551.000.000) 2025-01-30 17:22:07 Image size of job updated: 49822920
	45228  -  MemoryUsage of job (MB)
	46312772  -  ResidentSetSize of job (KB)
...
006 (4596551.000.000) 2025-01-30 17:27:07 Image size of job updated: 52427276
	48338  -  MemoryUsage of job (MB)
	49497920  -  ResidentSetSize of job (KB)
...
006 (4596551.000.000) 2025-01-30 17:32:07 Image size of job updated: 54566792
	48844  -  MemoryUsage of job (MB)
	50015884  -  ResidentSetSize of job (KB)
...
006 (4596551.000.000) 2025-01-30 17:37:08 Image size of job updated: 55431380
	50877  -  MemoryUsage of job (MB)
	52097748  -  ResidentSetSize of job (KB)
...
006 (4596551.000.000) 2025-01-30 17:42:08 Image size of job updated: 58654720
	52795  -  MemoryUsage of job (MB)
	54061440  -  ResidentSetSize of job (KB)
...
006 (4596551.000.000) 2025-01-30 17:47:08 Image size of job updated: 58961940
	54096  -  MemoryUsage of job (MB)
	55393364  -  ResidentSetSize of job (KB)
...
006 (4596551.000.000) 2025-01-30 17:52:09 Image size of job updated: 61679436
	56680  -  MemoryUsage of job (MB)
	58040296  -  ResidentSetSize of job (KB)
...
006 (4596551.000.000) 2025-01-30 17:57:09 Image size of job updated: 62906532
	57342  -  MemoryUsage of job (MB)
	58717844  -  ResidentSetSize of job (KB)
...
006 (4596551.000.000) 2025-01-30 18:02:10 Image size of job updated: 64404928
	59808  -  MemoryUsage of job (MB)
	61242604  -  ResidentSetSize of job (KB)
...
006 (4596551.000.000) 2025-01-30 18:07:11 Image size of job updated: 66830700
	61102  -  MemoryUsage of job (MB)
	62568128  -  ResidentSetSize of job (KB)
...
006 (4596551.000.000) 2025-01-30 18:12:11 Image size of job updated: 68343348
	63507  -  MemoryUsage of job (MB)
	65031040  -  ResidentSetSize of job (KB)
...
006 (4596551.000.000) 2025-01-30 18:15:10 Image size of job updated: 69920488
	63507  -  MemoryUsage of job (MB)
	65031040  -  ResidentSetSize of job (KB)
...
005 (4596551.000.000) 2025-01-30 18:15:11 Job terminated.
	(1) Normal termination (return value 0)
		Usr 0 01:46:44, Sys 0 00:12:02  -  Run Remote Usage
		Usr 0 00:00:00, Sys 0 00:00:00  -  Run Local Usage
		Usr 0 01:46:44, Sys 0 00:12:02  -  Total Remote Usage
		Usr 0 00:00:00, Sys 0 00:00:00  -  Total Local Usage
	0  -  Run Bytes Sent By Job
	0  -  Run Bytes Received By Job
	0  -  Total Bytes Sent By Job
	0  -  Total Bytes Received By Job
	Partitionable Resources :    Usage  Request Allocated 
	   Cpus                 :     0.60        1         1 
	   Disk (KB)            :     2           2   6681245 
	   Memory (MB)          : 63507      128192    128256 
	   xferslots            :                           0 

	Job terminated of its own accord at 2025-01-30T23:15:10Z with exit-code 0.
...
000 (4597755.000.000) 2025-02-02 20:59:13 Job submitted from host: <130.199.48.82:9618?addrs=130.199.48.82-9618&alias=rcas2063.rcf.bnl.gov&noUDP&sock=schedd_23786_1176>
...
001 (4597755.000.000) 2025-02-02 21:05:42 Job executing on host: <130.199.186.79:9618?addrs=130.199.186.79-9618&alias=spool1842.sdcc.bnl.gov&noUDP&sock=startd_86178_593b>
...
006 (4597755.000.000) 2025-02-02 21:05:50 Image size of job updated: 574092
	140  -  MemoryUsage of job (MB)
	143060  -  ResidentSetSize of job (KB)
...
006 (4597755.000.000) 2025-02-02 21:05:54 Image size of job updated: 574092
	140  -  MemoryUsage of job (MB)
	143076  -  ResidentSetSize of job (KB)
...
005 (4597755.000.000) 2025-02-02 21:05:54 Job terminated.
	(1) Normal termination (return value 139)
		Usr 0 00:00:06, Sys 0 00:00:02  -  Run Remote Usage
		Usr 0 00:00:00, Sys 0 00:00:00  -  Run Local Usage
		Usr 0 00:00:06, Sys 0 00:00:02  -  Total Remote Usage
		Usr 0 00:00:00, Sys 0 00:00:00  -  Total Local Usage
	0  -  Run Bytes Sent By Job
	0  -  Run Bytes Received By Job
	0  -  Total Bytes Sent By Job
	0  -  Total Bytes Received By Job
	Partitionable Resources :    Usage  Request Allocated 
	   Cpus                 :                 1         1 
	   Disk (KB)            :        2        2   6681620 
	   Memory (MB)          :      140   128192    128256 
	   xferslots            :                           0 

	Job terminated of its own accord at 2025-02-03T02:05:54Z with exit-code 139.
...
000 (4607472.000.000) 2025-02-03 00:28:44 Job submitted from host: <130.199.48.82:9618?addrs=130.199.48.82-9618&alias=rcas2063.rcf.bnl.gov&noUDP&sock=schedd_23786_1176>
...
