000 (4605351.000.000) 2025-02-02 21:17:03 Job submitted from host: <130.199.48.82:9618?addrs=130.199.48.82-9618&alias=rcas2063.rcf.bnl.gov&noUDP&sock=schedd_23786_1176>
...
001 (4605351.000.000) 2025-02-02 21:17:04 Job executing on host: <130.199.150.70:9618?addrs=130.199.150.70-9618&alias=spool1551.sdcc.bnl.gov&noUDP&sock=startd_98235_3ca2>
...
006 (4605351.000.000) 2025-02-02 21:17:12 Image size of job updated: 242404
	125  -  MemoryUsage of job (MB)
	127980  -  ResidentSetSize of job (KB)
...
006 (4605351.000.000) 2025-02-02 21:17:15 Image size of job updated: 242616
	126  -  MemoryUsage of job (MB)
	128192  -  ResidentSetSize of job (KB)
...
005 (4605351.000.000) 2025-02-02 21:17:16 Job terminated.
	(1) Normal termination (return value 139)
		Usr 0 00:00:05, Sys 0 00:00:02  -  Run Remote Usage
		Usr 0 00:00:00, Sys 0 00:00:00  -  Run Local Usage
		Usr 0 00:00:05, Sys 0 00:00:02  -  Total Remote Usage
		Usr 0 00:00:00, Sys 0 00:00:00  -  Total Local Usage
	0  -  Run Bytes Sent By Job
	0  -  Run Bytes Received By Job
	0  -  Total Bytes Sent By Job
	0  -  Total Bytes Received By Job
	Partitionable Resources :    Usage  Request Allocated 
	   Cpus                 :                 1         1 
	   Disk (KB)            :        2        2   6681237 
	   Memory (MB)          :      126   128192    128256 
	   xferslots            :                           0 

	Job terminated of its own accord at 2025-02-03T02:17:15Z with exit-code 139.
...
