000 (4601625.000.000) 2025-02-02 21:06:19 Job submitted from host: <130.199.48.82:9618?addrs=130.199.48.82-9618&alias=rcas2063.rcf.bnl.gov&noUDP&sock=schedd_23786_1176>
...
001 (4601625.000.000) 2025-02-02 21:10:57 Job executing on host: <130.199.151.28:9618?addrs=130.199.151.28-9618&alias=spool1606.sdcc.bnl.gov&noUDP&sock=startd_48258_25b3>
...
006 (4601625.000.000) 2025-02-02 21:11:06 Image size of job updated: 239792
	138  -  MemoryUsage of job (MB)
	141060  -  ResidentSetSize of job (KB)
...
006 (4601625.000.000) 2025-02-02 21:11:10 Image size of job updated: 3588100
	138  -  MemoryUsage of job (MB)
	141104  -  ResidentSetSize of job (KB)
...
005 (4601625.000.000) 2025-02-02 21:11:10 Job terminated.
	(1) Normal termination (return value 139)
		Usr 0 00:00:06, Sys 0 00:00:02  -  Run Remote Usage
		Usr 0 00:00:00, Sys 0 00:00:00  -  Run Local Usage
		Usr 0 00:00:06, Sys 0 00:00:02  -  Total Remote Usage
		Usr 0 00:00:00, Sys 0 00:00:00  -  Total Local Usage
	0  -  Run Bytes Sent By Job
	0  -  Run Bytes Received By Job
	0  -  Total Bytes Sent By Job
	0  -  Total Bytes Received By Job
	Partitionable Resources :    Usage  Request Allocated 
	   Cpus                 :                 1         1 
	   Disk (KB)            :        2        2   6681240 
	   Memory (MB)          :      138   128192    128256 
	   xferslots            :                           0 

	Job terminated of its own accord at 2025-02-03T02:11:10Z with exit-code 139.
...
