000 (4595505.000.000) 2025-01-28 23:08:47 Job submitted from host: <130.199.48.82:9618?addrs=130.199.48.82-9618&alias=rcas2063.rcf.bnl.gov&noUDP&sock=schedd_23786_1176>
...
001 (4595505.000.000) 2025-01-29 01:24:31 Job executing on host: <130.199.184.158:9618?addrs=130.199.184.158-9618&alias=spool1767.sdcc.bnl.gov&noUDP&sock=startd_62920_7c34>
...
006 (4595505.000.000) 2025-01-29 01:24:40 Image size of job updated: 605828
	138  -  MemoryUsage of job (MB)
	140956  -  ResidentSetSize of job (KB)
...
005 (4595505.000.000) 2025-01-29 01:24:41 Job terminated.
	(1) Normal termination (return value 0)
		Usr 0 00:00:03, Sys 0 00:00:01  -  Run Remote Usage
		Usr 0 00:00:00, Sys 0 00:00:00  -  Run Local Usage
		Usr 0 00:00:03, Sys 0 00:00:01  -  Total Remote Usage
		Usr 0 00:00:00, Sys 0 00:00:00  -  Total Local Usage
	0  -  Run Bytes Sent By Job
	0  -  Run Bytes Received By Job
	0  -  Total Bytes Sent By Job
	0  -  Total Bytes Received By Job
	Partitionable Resources :    Usage  Request Allocated 
	   Cpus                 :                 1         1 
	   Disk (KB)            :        2        2   6681619 
	   Memory (MB)          :      138   128192    128256 
	   xferslots            :                           0 

	Job terminated of its own accord at 2025-01-29T06:24:41Z with exit-code 0.
...
000 (4596526.000.000) 2025-01-30 00:27:35 Job submitted from host: <130.199.48.82:9618?addrs=130.199.48.82-9618&alias=rcas2063.rcf.bnl.gov&noUDP&sock=schedd_23786_1176>
...
001 (4596526.000.000) 2025-01-30 15:36:20 Job executing on host: <130.199.151.11:9618?addrs=130.199.151.11-9618&alias=spool1589.sdcc.bnl.gov&noUDP&sock=startd_1737_d68b>
...
006 (4596526.000.000) 2025-01-30 15:36:28 Image size of job updated: 117512
	63  -  MemoryUsage of job (MB)
	64136  -  ResidentSetSize of job (KB)
...
006 (4596526.000.000) 2025-01-30 15:41:28 Image size of job updated: 5220348
	953  -  MemoryUsage of job (MB)
	975052  -  ResidentSetSize of job (KB)
...
006 (4596526.000.000) 2025-01-30 15:46:29 Image size of job updated: 8658772
	4129  -  MemoryUsage of job (MB)
	4227888  -  ResidentSetSize of job (KB)
...
006 (4596526.000.000) 2025-01-30 15:51:30 Image size of job updated: 10134524
	6933  -  MemoryUsage of job (MB)
	7098984  -  ResidentSetSize of job (KB)
...
006 (4596526.000.000) 2025-01-30 15:56:30 Image size of job updated: 13359020
	9115  -  MemoryUsage of job (MB)
	9333036  -  ResidentSetSize of job (KB)
...
006 (4596526.000.000) 2025-01-30 16:01:31 Image size of job updated: 16965520
	12961  -  MemoryUsage of job (MB)
	13271692  -  ResidentSetSize of job (KB)
...
006 (4596526.000.000) 2025-01-30 16:06:32 Image size of job updated: 18801184
	14919  -  MemoryUsage of job (MB)
	15276924  -  ResidentSetSize of job (KB)
...
006 (4596526.000.000) 2025-01-30 16:11:32 Image size of job updated: 22135048
	17444  -  MemoryUsage of job (MB)
	17862392  -  ResidentSetSize of job (KB)
...
006 (4596526.000.000) 2025-01-30 16:16:33 Image size of job updated: 24552280
	20938  -  MemoryUsage of job (MB)
	21440040  -  ResidentSetSize of job (KB)
...
006 (4596526.000.000) 2025-01-30 16:21:34 Image size of job updated: 27280600
	23287  -  MemoryUsage of job (MB)
	23845460  -  ResidentSetSize of job (KB)
...
006 (4596526.000.000) 2025-01-30 16:26:34 Image size of job updated: 31112536
	26337  -  MemoryUsage of job (MB)
	26968844  -  ResidentSetSize of job (KB)
...
006 (4596526.000.000) 2025-01-30 16:31:34 Image size of job updated: 34981680
	29726  -  MemoryUsage of job (MB)
	30439188  -  ResidentSetSize of job (KB)
...
006 (4596526.000.000) 2025-01-30 16:36:35 Image size of job updated: 36542456
	32770  -  MemoryUsage of job (MB)
	33555700  -  ResidentSetSize of job (KB)
...
006 (4596526.000.000) 2025-01-30 16:41:35 Image size of job updated: 40220516
	35677  -  MemoryUsage of job (MB)
	36533096  -  ResidentSetSize of job (KB)
...
006 (4596526.000.000) 2025-01-30 16:46:35 Image size of job updated: 43765936
	38921  -  MemoryUsage of job (MB)
	39854896  -  ResidentSetSize of job (KB)
...
006 (4596526.000.000) 2025-01-30 16:50:43 Image size of job updated: 46368908
	38921  -  MemoryUsage of job (MB)
	39854896  -  ResidentSetSize of job (KB)
...
005 (4596526.000.000) 2025-01-30 16:50:43 Job terminated.
	(1) Normal termination (return value 0)
		Usr 0 01:02:24, Sys 0 00:06:20  -  Run Remote Usage
		Usr 0 00:00:00, Sys 0 00:00:00  -  Run Local Usage
		Usr 0 01:02:24, Sys 0 00:06:20  -  Total Remote Usage
		Usr 0 00:00:00, Sys 0 00:00:00  -  Total Local Usage
	0  -  Run Bytes Sent By Job
	0  -  Run Bytes Received By Job
	0  -  Total Bytes Sent By Job
	0  -  Total Bytes Received By Job
	Partitionable Resources :    Usage  Request Allocated 
	   Cpus                 :     0.98        1         1 
	   Disk (KB)            :     2           2   6681210 
	   Memory (MB)          : 38921      128192    128256 
	   xferslots            :                           0 

	Job terminated of its own accord at 2025-01-30T21:50:43Z with exit-code 0.
...
000 (4597730.000.000) 2025-02-02 20:59:11 Job submitted from host: <130.199.48.82:9618?addrs=130.199.48.82-9618&alias=rcas2063.rcf.bnl.gov&noUDP&sock=schedd_23786_1176>
...
001 (4597730.000.000) 2025-02-02 21:05:39 Job executing on host: <130.199.150.86:9618?addrs=130.199.150.86-9618&alias=spool1567.sdcc.bnl.gov&noUDP&sock=startd_50649_de5b>
...
006 (4597730.000.000) 2025-02-02 21:05:47 Image size of job updated: 3589120
	336  -  MemoryUsage of job (MB)
	343220  -  ResidentSetSize of job (KB)
...
005 (4597730.000.000) 2025-02-02 21:05:47 Job terminated.
	(1) Normal termination (return value 139)
		Usr 0 00:00:05, Sys 0 00:00:01  -  Run Remote Usage
		Usr 0 00:00:00, Sys 0 00:00:00  -  Run Local Usage
		Usr 0 00:00:05, Sys 0 00:00:01  -  Total Remote Usage
		Usr 0 00:00:00, Sys 0 00:00:00  -  Total Local Usage
	0  -  Run Bytes Sent By Job
	0  -  Run Bytes Received By Job
	0  -  Total Bytes Sent By Job
	0  -  Total Bytes Received By Job
	Partitionable Resources :    Usage  Request Allocated 
	   Cpus                 :                 1         1 
	   Disk (KB)            :        2        2   6681231 
	   Memory (MB)          :      336   128192    128256 
	   xferslots            :                           0 

	Job terminated of its own accord at 2025-02-03T02:05:47Z with exit-code 139.
...
000 (4607447.000.000) 2025-02-03 00:28:41 Job submitted from host: <130.199.48.82:9618?addrs=130.199.48.82-9618&alias=rcas2063.rcf.bnl.gov&noUDP&sock=schedd_23786_1176>
...
