000 (4599013.000.000) 2025-02-02 21:01:29 Job submitted from host: <130.199.48.82:9618?addrs=130.199.48.82-9618&alias=rcas2063.rcf.bnl.gov&noUDP&sock=schedd_23786_1176>
...
001 (4599013.000.000) 2025-02-02 21:07:33 Job executing on host: <130.199.151.34:9618?addrs=130.199.151.34-9618&alias=spool1612.sdcc.bnl.gov&noUDP&sock=startd_77167_7b17>
...
006 (4599013.000.000) 2025-02-02 21:07:42 Image size of job updated: 3038996
	172  -  MemoryUsage of job (MB)
	175136  -  ResidentSetSize of job (KB)
...
006 (4599013.000.000) 2025-02-02 21:07:44 Image size of job updated: 3038996
	172  -  MemoryUsage of job (MB)
	175148  -  ResidentSetSize of job (KB)
...
005 (4599013.000.000) 2025-02-02 21:07:44 Job terminated.
	(1) Normal termination (return value 139)
		Usr 0 00:00:05, Sys 0 00:00:02  -  Run Remote Usage
		Usr 0 00:00:00, Sys 0 00:00:00  -  Run Local Usage
		Usr 0 00:00:05, Sys 0 00:00:02  -  Total Remote Usage
		Usr 0 00:00:00, Sys 0 00:00:00  -  Total Local Usage
	0  -  Run Bytes Sent By Job
	0  -  Run Bytes Received By Job
	0  -  Total Bytes Sent By Job
	0  -  Total Bytes Received By Job
	Partitionable Resources :    Usage  Request Allocated 
	   Cpus                 :                 1         1 
	   Disk (KB)            :        2        2   6681238 
	   Memory (MB)          :      172   128192    128256 
	   xferslots            :                           0 

	Job terminated of its own accord at 2025-02-03T02:07:44Z with exit-code 139.
...
