000 (4600185.000.000) 2025-02-02 21:03:31 Job submitted from host: <130.199.48.82:9618?addrs=130.199.48.82-9618&alias=rcas2063.rcf.bnl.gov&noUDP&sock=schedd_23786_1176>
...
001 (4600185.000.000) 2025-02-02 21:09:06 Job executing on host: <130.199.184.215:9618?addrs=130.199.184.215-9618&alias=spool1790.sdcc.bnl.gov&noUDP&sock=startd_35756_6c0e>
...
006 (4600185.000.000) 2025-02-02 21:09:15 Image size of job updated: 247396
	137  -  MemoryUsage of job (MB)
	139860  -  ResidentSetSize of job (KB)
...
006 (4600185.000.000) 2025-02-02 21:09:21 Image size of job updated: 2943840
	137  -  MemoryUsage of job (MB)
	139860  -  ResidentSetSize of job (KB)
...
005 (4600185.000.000) 2025-02-02 21:09:21 Job terminated.
	(1) Normal termination (return value 139)
		Usr 0 00:00:07, Sys 0 00:00:02  -  Run Remote Usage
		Usr 0 00:00:00, Sys 0 00:00:00  -  Run Local Usage
		Usr 0 00:00:07, Sys 0 00:00:02  -  Total Remote Usage
		Usr 0 00:00:00, Sys 0 00:00:00  -  Total Local Usage
	0  -  Run Bytes Sent By Job
	0  -  Run Bytes Received By Job
	0  -  Total Bytes Sent By Job
	0  -  Total Bytes Received By Job
	Partitionable Resources :    Usage  Request Allocated 
	   Cpus                 :                 1         1 
	   Disk (KB)            :        2        2   6681621 
	   Memory (MB)          :      137   128192    128256 
	   xferslots            :                           0 

	Job terminated of its own accord at 2025-02-03T02:09:21Z with exit-code 139.
...
