000 (4600655.000.000) 2025-02-02 21:04:20 Job submitted from host: <130.199.48.82:9618?addrs=130.199.48.82-9618&alias=rcas2063.rcf.bnl.gov&noUDP&sock=schedd_23786_1176>
...
001 (4600655.000.000) 2025-02-02 21:09:42 Job executing on host: <130.199.186.22:9618?addrs=130.199.186.22-9618&alias=spool1819.sdcc.bnl.gov&noUDP&sock=startd_21241_9b9b>
...
006 (4600655.000.000) 2025-02-02 21:09:51 Image size of job updated: 575100
	205  -  MemoryUsage of job (MB)
	209764  -  ResidentSetSize of job (KB)
...
006 (4600655.000.000) 2025-02-02 21:09:53 Image size of job updated: 575100
	206  -  MemoryUsage of job (MB)
	210196  -  ResidentSetSize of job (KB)
...
005 (4600655.000.000) 2025-02-02 21:09:54 Job terminated.
	(1) Normal termination (return value 139)
		Usr 0 00:00:06, Sys 0 00:00:01  -  Run Remote Usage
		Usr 0 00:00:00, Sys 0 00:00:00  -  Run Local Usage
		Usr 0 00:00:06, Sys 0 00:00:01  -  Total Remote Usage
		Usr 0 00:00:00, Sys 0 00:00:00  -  Total Local Usage
	0  -  Run Bytes Sent By Job
	0  -  Run Bytes Received By Job
	0  -  Total Bytes Sent By Job
	0  -  Total Bytes Received By Job
	Partitionable Resources :    Usage  Request Allocated 
	   Cpus                 :                 1         1 
	   Disk (KB)            :        2        2   6681624 
	   Memory (MB)          :      206   128192    128256 
	   xferslots            :                           0 

	Job terminated of its own accord at 2025-02-03T02:09:53Z with exit-code 139.
...
