000 (4596079.000.000) 2025-01-28 23:09:33 Job submitted from host: <130.199.48.82:9618?addrs=130.199.48.82-9618&alias=rcas2063.rcf.bnl.gov&noUDP&sock=schedd_23786_1176>
...
001 (4596079.000.000) 2025-01-29 01:34:02 Job executing on host: <130.199.186.82:9618?addrs=130.199.186.82-9618&alias=spool1845.sdcc.bnl.gov&noUDP&sock=startd_71843_8085>
...
006 (4596079.000.000) 2025-01-29 01:34:11 Image size of job updated: 211904
	79  -  MemoryUsage of job (MB)
	79924  -  ResidentSetSize of job (KB)
...
006 (4596079.000.000) 2025-01-29 01:34:21 Image size of job updated: 612656
	79  -  MemoryUsage of job (MB)
	79924  -  ResidentSetSize of job (KB)
...
005 (4596079.000.000) 2025-01-29 01:34:21 Job terminated.
	(1) Normal termination (return value 0)
		Usr 0 00:00:03, Sys 0 00:00:01  -  Run Remote Usage
		Usr 0 00:00:00, Sys 0 00:00:00  -  Run Local Usage
		Usr 0 00:00:03, Sys 0 00:00:01  -  Total Remote Usage
		Usr 0 00:00:00, Sys 0 00:00:00  -  Total Local Usage
	0  -  Run Bytes Sent By Job
	0  -  Run Bytes Received By Job
	0  -  Total Bytes Sent By Job
	0  -  Total Bytes Received By Job
	Partitionable Resources :    Usage  Request Allocated 
	   Cpus                 :                 1         1 
	   Disk (KB)            :        2        2   6681620 
	   Memory (MB)          :       79   128192    128256 
	   xferslots            :                           0 

	Job terminated of its own accord at 2025-01-29T06:34:21Z with exit-code 0.
...
000 (4597100.000.000) 2025-01-30 00:28:31 Job submitted from host: <130.199.48.82:9618?addrs=130.199.48.82-9618&alias=rcas2063.rcf.bnl.gov&noUDP&sock=schedd_23786_1176>
...
009 (4597100.000.000) 2025-01-30 19:29:29 Job was aborted.
	via condor_rm (by user sgross)
...
000 (4598304.000.000) 2025-02-02 21:00:16 Job submitted from host: <130.199.48.82:9618?addrs=130.199.48.82-9618&alias=rcas2063.rcf.bnl.gov&noUDP&sock=schedd_23786_1176>
...
001 (4598304.000.000) 2025-02-02 21:06:37 Job executing on host: <130.199.184.197:9618?addrs=130.199.184.197-9618&alias=spool1772.sdcc.bnl.gov&noUDP&sock=startd_55688_a602>
...
006 (4598304.000.000) 2025-02-02 21:06:46 Image size of job updated: 171532
	98  -  MemoryUsage of job (MB)
	99880  -  ResidentSetSize of job (KB)
...
006 (4598304.000.000) 2025-02-02 21:06:52 Image size of job updated: 3585312
	98  -  MemoryUsage of job (MB)
	99880  -  ResidentSetSize of job (KB)
...
005 (4598304.000.000) 2025-02-02 21:06:52 Job terminated.
	(1) Normal termination (return value 139)
		Usr 0 00:00:06, Sys 0 00:00:02  -  Run Remote Usage
		Usr 0 00:00:00, Sys 0 00:00:00  -  Run Local Usage
		Usr 0 00:00:06, Sys 0 00:00:02  -  Total Remote Usage
		Usr 0 00:00:00, Sys 0 00:00:00  -  Total Local Usage
	0  -  Run Bytes Sent By Job
	0  -  Run Bytes Received By Job
	0  -  Total Bytes Sent By Job
	0  -  Total Bytes Received By Job
	Partitionable Resources :    Usage  Request Allocated 
	   Cpus                 :                 1         1 
	   Disk (KB)            :        2        2   6681633 
	   Memory (MB)          :       98   128192    128256 
	   xferslots            :                           0 

	Job terminated of its own accord at 2025-02-03T02:06:52Z with exit-code 139.
...
000 (4608021.000.000) 2025-02-03 00:29:47 Job submitted from host: <130.199.48.82:9618?addrs=130.199.48.82-9618&alias=rcas2063.rcf.bnl.gov&noUDP&sock=schedd_23786_1176>
...
