000 (4606351.000.000) 2025-02-02 21:19:16 Job submitted from host: <130.199.48.82:9618?addrs=130.199.48.82-9618&alias=rcas2063.rcf.bnl.gov&noUDP&sock=schedd_23786_1176>
...
001 (4606351.000.000) 2025-02-02 21:19:17 Job executing on host: <130.199.151.31:9618?addrs=130.199.151.31-9618&alias=spool1609.sdcc.bnl.gov&noUDP&sock=startd_83325_68fb>
...
006 (4606351.000.000) 2025-02-02 21:19:25 Image size of job updated: 612808
	132  -  MemoryUsage of job (MB)
	135100  -  ResidentSetSize of job (KB)
...
006 (4606351.000.000) 2025-02-02 21:19:29 Image size of job updated: 612808
	133  -  MemoryUsage of job (MB)
	135408  -  ResidentSetSize of job (KB)
...
005 (4606351.000.000) 2025-02-02 21:19:30 Job terminated.
	(1) Normal termination (return value 139)
		Usr 0 00:00:06, Sys 0 00:00:01  -  Run Remote Usage
		Usr 0 00:00:00, Sys 0 00:00:00  -  Run Local Usage
		Usr 0 00:00:06, Sys 0 00:00:01  -  Total Remote Usage
		Usr 0 00:00:00, Sys 0 00:00:00  -  Total Local Usage
	0  -  Run Bytes Sent By Job
	0  -  Run Bytes Received By Job
	0  -  Total Bytes Sent By Job
	0  -  Total Bytes Received By Job
	Partitionable Resources :    Usage  Request Allocated 
	   Cpus                 :                 1         1 
	   Disk (KB)            :        2        2   6681213 
	   Memory (MB)          :      133   128192    128256 
	   xferslots            :                           0 

	Job terminated of its own accord at 2025-02-03T02:19:29Z with exit-code 139.
...
