000 (4595521.000.000) 2025-01-28 23:08:49 Job submitted from host: <130.199.48.82:9618?addrs=130.199.48.82-9618&alias=rcas2063.rcf.bnl.gov&noUDP&sock=schedd_23786_1176>
...
001 (4595521.000.000) 2025-01-29 01:24:52 Job executing on host: <130.199.184.158:9618?addrs=130.199.184.158-9618&alias=spool1767.sdcc.bnl.gov&noUDP&sock=startd_62920_7c34>
...
006 (4595521.000.000) 2025-01-29 01:25:01 Image size of job updated: 214400
	105  -  MemoryUsage of job (MB)
	106596  -  ResidentSetSize of job (KB)
...
006 (4595521.000.000) 2025-01-29 01:25:03 Image size of job updated: 236624
	105  -  MemoryUsage of job (MB)
	106664  -  ResidentSetSize of job (KB)
...
005 (4595521.000.000) 2025-01-29 01:25:04 Job terminated.
	(1) Normal termination (return value 0)
		Usr 0 00:00:03, Sys 0 00:00:01  -  Run Remote Usage
		Usr 0 00:00:00, Sys 0 00:00:00  -  Run Local Usage
		Usr 0 00:00:03, Sys 0 00:00:01  -  Total Remote Usage
		Usr 0 00:00:00, Sys 0 00:00:00  -  Total Local Usage
	0  -  Run Bytes Sent By Job
	0  -  Run Bytes Received By Job
	0  -  Total Bytes Sent By Job
	0  -  Total Bytes Received By Job
	Partitionable Resources :    Usage  Request Allocated 
	   Cpus                 :                 1         1 
	   Disk (KB)            :        2        2   6681619 
	   Memory (MB)          :      105   128192    128256 
	   xferslots            :                           0 

	Job terminated of its own accord at 2025-01-29T06:25:03Z with exit-code 0.
...
000 (4596542.000.000) 2025-01-30 00:27:37 Job submitted from host: <130.199.48.82:9618?addrs=130.199.48.82-9618&alias=rcas2063.rcf.bnl.gov&noUDP&sock=schedd_23786_1176>
...
001 (4596542.000.000) 2025-01-30 15:48:17 Job executing on host: <130.199.150.86:9618?addrs=130.199.150.86-9618&alias=spool1567.sdcc.bnl.gov&noUDP&sock=startd_50649_de5b>
...
006 (4596542.000.000) 2025-01-30 15:48:25 Image size of job updated: 131616
	64  -  MemoryUsage of job (MB)
	65072  -  ResidentSetSize of job (KB)
...
006 (4596542.000.000) 2025-01-30 15:53:25 Image size of job updated: 4975828
	336  -  MemoryUsage of job (MB)
	343556  -  ResidentSetSize of job (KB)
...
006 (4596542.000.000) 2025-01-30 15:58:25 Image size of job updated: 6367364
	3105  -  MemoryUsage of job (MB)
	3178812  -  ResidentSetSize of job (KB)
...
006 (4596542.000.000) 2025-01-30 16:03:26 Image size of job updated: 9277724
	5427  -  MemoryUsage of job (MB)
	5557216  -  ResidentSetSize of job (KB)
...
006 (4596542.000.000) 2025-01-30 16:08:26 Image size of job updated: 13437544
	8456  -  MemoryUsage of job (MB)
	8658160  -  ResidentSetSize of job (KB)
...
006 (4596542.000.000) 2025-01-30 16:13:26 Image size of job updated: 14897260
	11177  -  MemoryUsage of job (MB)
	11444652  -  ResidentSetSize of job (KB)
...
006 (4596542.000.000) 2025-01-30 16:18:28 Image size of job updated: 18155092
	13893  -  MemoryUsage of job (MB)
	14225616  -  ResidentSetSize of job (KB)
...
006 (4596542.000.000) 2025-01-30 16:23:28 Image size of job updated: 21753344
	17371  -  MemoryUsage of job (MB)
	17787196  -  ResidentSetSize of job (KB)
...
006 (4596542.000.000) 2025-01-30 16:28:28 Image size of job updated: 26294192
	21137  -  MemoryUsage of job (MB)
	21643368  -  ResidentSetSize of job (KB)
...
006 (4596542.000.000) 2025-01-30 16:33:29 Image size of job updated: 28758972
	24999  -  MemoryUsage of job (MB)
	25598696  -  ResidentSetSize of job (KB)
...
006 (4596542.000.000) 2025-01-30 16:38:30 Image size of job updated: 31441884
	27807  -  MemoryUsage of job (MB)
	28473792  -  ResidentSetSize of job (KB)
...
006 (4596542.000.000) 2025-01-30 16:43:30 Image size of job updated: 35145248
	30910  -  MemoryUsage of job (MB)
	31650948  -  ResidentSetSize of job (KB)
...
006 (4596542.000.000) 2025-01-30 16:46:50 Image size of job updated: 38046100
	30910  -  MemoryUsage of job (MB)
	31650948  -  ResidentSetSize of job (KB)
...
005 (4596542.000.000) 2025-01-30 16:46:50 Job terminated.
	(1) Normal termination (return value 0)
		Usr 0 00:50:14, Sys 0 00:05:29  -  Run Remote Usage
		Usr 0 00:00:00, Sys 0 00:00:00  -  Run Local Usage
		Usr 0 00:50:14, Sys 0 00:05:29  -  Total Remote Usage
		Usr 0 00:00:00, Sys 0 00:00:00  -  Total Local Usage
	0  -  Run Bytes Sent By Job
	0  -  Run Bytes Received By Job
	0  -  Total Bytes Sent By Job
	0  -  Total Bytes Received By Job
	Partitionable Resources :    Usage  Request Allocated 
	   Cpus                 :     1.04        1         1 
	   Disk (KB)            :     2           2   6681231 
	   Memory (MB)          : 30910      128192    128256 
	   xferslots            :                           0 

	Job terminated of its own accord at 2025-01-30T21:46:50Z with exit-code 0.
...
000 (4597746.000.000) 2025-02-02 20:59:12 Job submitted from host: <130.199.48.82:9618?addrs=130.199.48.82-9618&alias=rcas2063.rcf.bnl.gov&noUDP&sock=schedd_23786_1176>
...
001 (4597746.000.000) 2025-02-02 21:05:41 Job executing on host: <130.199.151.33:9618?addrs=130.199.151.33-9618&alias=spool1611.sdcc.bnl.gov&noUDP&sock=startd_368_911c>
...
006 (4597746.000.000) 2025-02-02 21:05:50 Image size of job updated: 2943824
	335  -  MemoryUsage of job (MB)
	342820  -  ResidentSetSize of job (KB)
...
005 (4597746.000.000) 2025-02-02 21:05:51 Job terminated.
	(1) Normal termination (return value 139)
		Usr 0 00:00:06, Sys 0 00:00:01  -  Run Remote Usage
		Usr 0 00:00:00, Sys 0 00:00:00  -  Run Local Usage
		Usr 0 00:00:06, Sys 0 00:00:01  -  Total Remote Usage
		Usr 0 00:00:00, Sys 0 00:00:00  -  Total Local Usage
	0  -  Run Bytes Sent By Job
	0  -  Run Bytes Received By Job
	0  -  Total Bytes Sent By Job
	0  -  Total Bytes Received By Job
	Partitionable Resources :    Usage  Request Allocated 
	   Cpus                 :                 1         1 
	   Disk (KB)            :        2        2   6681232 
	   Memory (MB)          :      335   128192    128256 
	   xferslots            :                           0 

	Job terminated of its own accord at 2025-02-03T02:05:51Z with exit-code 139.
...
000 (4607463.000.000) 2025-02-03 00:28:43 Job submitted from host: <130.199.48.82:9618?addrs=130.199.48.82-9618&alias=rcas2063.rcf.bnl.gov&noUDP&sock=schedd_23786_1176>
...
