000 (4595652.000.000) 2025-01-28 23:08:59 Job submitted from host: <130.199.48.82:9618?addrs=130.199.48.82-9618&alias=rcas2063.rcf.bnl.gov&noUDP&sock=schedd_23786_1176>
...
001 (4595652.000.000) 2025-01-29 01:27:10 Job executing on host: <130.199.186.92:9618?addrs=130.199.186.92-9618&alias=spool1855.sdcc.bnl.gov&noUDP&sock=startd_51230_bf6c>
...
006 (4595652.000.000) 2025-01-29 01:27:18 Image size of job updated: 569868
	95  -  MemoryUsage of job (MB)
	96848  -  ResidentSetSize of job (KB)
...
006 (4595652.000.000) 2025-01-29 01:27:22 Image size of job updated: 569868
	95  -  MemoryUsage of job (MB)
	96884  -  ResidentSetSize of job (KB)
...
005 (4595652.000.000) 2025-01-29 01:27:22 Job terminated.
	(1) Normal termination (return value 0)
		Usr 0 00:00:04, Sys 0 00:00:02  -  Run Remote Usage
		Usr 0 00:00:00, Sys 0 00:00:00  -  Run Local Usage
		Usr 0 00:00:04, Sys 0 00:00:02  -  Total Remote Usage
		Usr 0 00:00:00, Sys 0 00:00:00  -  Total Local Usage
	0  -  Run Bytes Sent By Job
	0  -  Run Bytes Received By Job
	0  -  Total Bytes Sent By Job
	0  -  Total Bytes Received By Job
	Partitionable Resources :    Usage  Request Allocated 
	   Cpus                 :                 1         1 
	   Disk (KB)            :        2        2   6681629 
	   Memory (MB)          :       95   128192    128256 
	   xferslots            :                           0 

	Job terminated of its own accord at 2025-01-29T06:27:22Z with exit-code 0.
...
000 (4596673.000.000) 2025-01-30 00:27:50 Job submitted from host: <130.199.48.82:9618?addrs=130.199.48.82-9618&alias=rcas2063.rcf.bnl.gov&noUDP&sock=schedd_23786_1176>
...
001 (4596673.000.000) 2025-01-30 17:14:54 Job executing on host: <130.199.186.15:9618?addrs=130.199.186.15-9618&alias=spool1812.sdcc.bnl.gov&noUDP&sock=startd_25324_d367>
...
006 (4596673.000.000) 2025-01-30 17:15:03 Image size of job updated: 457512
	82  -  MemoryUsage of job (MB)
	83920  -  ResidentSetSize of job (KB)
...
006 (4596673.000.000) 2025-01-30 17:20:04 Image size of job updated: 5126516
	1936  -  MemoryUsage of job (MB)
	1982216  -  ResidentSetSize of job (KB)
...
006 (4596673.000.000) 2025-01-30 17:25:05 Image size of job updated: 9221456
	5322  -  MemoryUsage of job (MB)
	5449636  -  ResidentSetSize of job (KB)
...
006 (4596673.000.000) 2025-01-30 17:30:05 Image size of job updated: 13035424
	8604  -  MemoryUsage of job (MB)
	8810068  -  ResidentSetSize of job (KB)
...
006 (4596673.000.000) 2025-01-30 17:35:05 Image size of job updated: 16553872
	12634  -  MemoryUsage of job (MB)
	12937136  -  ResidentSetSize of job (KB)
...
006 (4596673.000.000) 2025-01-30 17:40:06 Image size of job updated: 18963840
	15607  -  MemoryUsage of job (MB)
	15981012  -  ResidentSetSize of job (KB)
...
006 (4596673.000.000) 2025-01-30 17:45:06 Image size of job updated: 22293420
	18808  -  MemoryUsage of job (MB)
	19258868  -  ResidentSetSize of job (KB)
...
006 (4596673.000.000) 2025-01-30 17:50:07 Image size of job updated: 27485544
	22238  -  MemoryUsage of job (MB)
	22771008  -  ResidentSetSize of job (KB)
...
006 (4596673.000.000) 2025-01-30 17:55:08 Image size of job updated: 29861652
	26056  -  MemoryUsage of job (MB)
	26680460  -  ResidentSetSize of job (KB)
...
006 (4596673.000.000) 2025-01-30 18:00:08 Image size of job updated: 32629336
	28848  -  MemoryUsage of job (MB)
	29540076  -  ResidentSetSize of job (KB)
...
006 (4596673.000.000) 2025-01-30 18:05:08 Image size of job updated: 36257988
	31952  -  MemoryUsage of job (MB)
	32718128  -  ResidentSetSize of job (KB)
...
006 (4596673.000.000) 2025-01-30 18:10:09 Image size of job updated: 40215144
	35270  -  MemoryUsage of job (MB)
	36116328  -  ResidentSetSize of job (KB)
...
006 (4596673.000.000) 2025-01-30 18:15:09 Image size of job updated: 43556832
	38586  -  MemoryUsage of job (MB)
	39511824  -  ResidentSetSize of job (KB)
...
006 (4596673.000.000) 2025-01-30 18:20:09 Image size of job updated: 46321772
	42287  -  MemoryUsage of job (MB)
	43301016  -  ResidentSetSize of job (KB)
...
006 (4596673.000.000) 2025-01-30 18:25:10 Image size of job updated: 49367104
	45218  -  MemoryUsage of job (MB)
	46303180  -  ResidentSetSize of job (KB)
...
006 (4596673.000.000) 2025-01-30 18:30:10 Image size of job updated: 53405488
	48373  -  MemoryUsage of job (MB)
	49533212  -  ResidentSetSize of job (KB)
...
006 (4596673.000.000) 2025-01-30 18:33:53 Image size of job updated: 55770620
	48373  -  MemoryUsage of job (MB)
	49533596  -  ResidentSetSize of job (KB)
...
005 (4596673.000.000) 2025-01-30 18:33:54 Job terminated.
	(1) Normal termination (return value 0)
		Usr 0 01:20:15, Sys 0 00:07:59  -  Run Remote Usage
		Usr 0 00:00:00, Sys 0 00:00:00  -  Run Local Usage
		Usr 0 01:20:15, Sys 0 00:07:59  -  Total Remote Usage
		Usr 0 00:00:00, Sys 0 00:00:00  -  Total Local Usage
	0  -  Run Bytes Sent By Job
	0  -  Run Bytes Received By Job
	0  -  Total Bytes Sent By Job
	0  -  Total Bytes Received By Job
	Partitionable Resources :    Usage  Request Allocated 
	   Cpus                 :     1.06        1         1 
	   Disk (KB)            :     2           2   6681621 
	   Memory (MB)          : 48373      128192    128256 
	   xferslots            :                           0 

	Job terminated of its own accord at 2025-01-30T23:33:53Z with exit-code 0.
...
000 (4597877.000.000) 2025-02-02 20:59:27 Job submitted from host: <130.199.48.82:9618?addrs=130.199.48.82-9618&alias=rcas2063.rcf.bnl.gov&noUDP&sock=schedd_23786_1176>
...
001 (4597877.000.000) 2025-02-02 21:05:56 Job executing on host: <130.199.186.14:9618?addrs=130.199.186.14-9618&alias=spool1811.sdcc.bnl.gov&noUDP&sock=startd_63546_9b34>
...
006 (4597877.000.000) 2025-02-02 21:06:05 Image size of job updated: 569860
	317  -  MemoryUsage of job (MB)
	324328  -  ResidentSetSize of job (KB)
...
006 (4597877.000.000) 2025-02-02 21:06:06 Image size of job updated: 569860
	318  -  MemoryUsage of job (MB)
	324968  -  ResidentSetSize of job (KB)
...
005 (4597877.000.000) 2025-02-02 21:06:07 Job terminated.
	(1) Normal termination (return value 139)
		Usr 0 00:00:06, Sys 0 00:00:02  -  Run Remote Usage
		Usr 0 00:00:00, Sys 0 00:00:00  -  Run Local Usage
		Usr 0 00:00:06, Sys 0 00:00:02  -  Total Remote Usage
		Usr 0 00:00:00, Sys 0 00:00:00  -  Total Local Usage
	0  -  Run Bytes Sent By Job
	0  -  Run Bytes Received By Job
	0  -  Total Bytes Sent By Job
	0  -  Total Bytes Received By Job
	Partitionable Resources :    Usage  Request Allocated 
	   Cpus                 :                 1         1 
	   Disk (KB)            :        2        2   6681648 
	   Memory (MB)          :      318   128192    128256 
	   xferslots            :                           0 

	Job terminated of its own accord at 2025-02-03T02:06:06Z with exit-code 139.
...
000 (4607594.000.000) 2025-02-03 00:28:58 Job submitted from host: <130.199.48.82:9618?addrs=130.199.48.82-9618&alias=rcas2063.rcf.bnl.gov&noUDP&sock=schedd_23786_1176>
...
