000 (4606071.000.000) 2025-02-02 21:18:39 Job submitted from host: <130.199.48.82:9618?addrs=130.199.48.82-9618&alias=rcas2063.rcf.bnl.gov&noUDP&sock=schedd_23786_1176>
...
001 (4606071.000.000) 2025-02-02 21:18:40 Job executing on host: <130.199.186.83:9618?addrs=130.199.186.83-9618&alias=spool1846.sdcc.bnl.gov&noUDP&sock=startd_39059_c7a7>
...
006 (4606071.000.000) 2025-02-02 21:18:49 Image size of job updated: 592212
	118  -  MemoryUsage of job (MB)
	120528  -  ResidentSetSize of job (KB)
...
006 (4606071.000.000) 2025-02-02 21:18:55 Image size of job updated: 592212
	118  -  MemoryUsage of job (MB)
	120556  -  ResidentSetSize of job (KB)
...
005 (4606071.000.000) 2025-02-02 21:18:56 Job terminated.
	(1) Normal termination (return value 139)
		Usr 0 00:00:06, Sys 0 00:00:01  -  Run Remote Usage
		Usr 0 00:00:00, Sys 0 00:00:00  -  Run Local Usage
		Usr 0 00:00:06, Sys 0 00:00:01  -  Total Remote Usage
		Usr 0 00:00:00, Sys 0 00:00:00  -  Total Local Usage
	0  -  Run Bytes Sent By Job
	0  -  Run Bytes Received By Job
	0  -  Total Bytes Sent By Job
	0  -  Total Bytes Received By Job
	Partitionable Resources :    Usage  Request Allocated 
	   Cpus                 :        0        1         1 
	   Disk (KB)            :        2        2   6681625 
	   Memory (MB)          :      118   128192    128256 
	   xferslots            :                           0 

	Job terminated of its own accord at 2025-02-03T02:18:55Z with exit-code 139.
...
