000 (4595810.000.000) 2025-01-28 23:09:12 Job submitted from host: <130.199.48.82:9618?addrs=130.199.48.82-9618&alias=rcas2063.rcf.bnl.gov&noUDP&sock=schedd_23786_1176>
...
001 (4595810.000.000) 2025-01-29 01:29:48 Job executing on host: <130.199.151.8:9618?addrs=130.199.151.8-9618&alias=spool1586.sdcc.bnl.gov&noUDP&sock=startd_10002_9b31>
...
006 (4595810.000.000) 2025-01-29 01:29:56 Image size of job updated: 390360
	78  -  MemoryUsage of job (MB)
	79760  -  ResidentSetSize of job (KB)
...
006 (4595810.000.000) 2025-01-29 01:30:02 Image size of job updated: 593516
	78  -  MemoryUsage of job (MB)
	79760  -  ResidentSetSize of job (KB)
...
005 (4595810.000.000) 2025-01-29 01:30:03 Job terminated.
	(1) Normal termination (return value 0)
		Usr 0 00:00:04, Sys 0 00:00:01  -  Run Remote Usage
		Usr 0 00:00:00, Sys 0 00:00:00  -  Run Local Usage
		Usr 0 00:00:04, Sys 0 00:00:01  -  Total Remote Usage
		Usr 0 00:00:00, Sys 0 00:00:00  -  Total Local Usage
	0  -  Run Bytes Sent By Job
	0  -  Run Bytes Received By Job
	0  -  Total Bytes Sent By Job
	0  -  Total Bytes Received By Job
	Partitionable Resources :    Usage  Request Allocated 
	   Cpus                 :     0.15        1         1 
	   Disk (KB)            :     2           2   6681168 
	   Memory (MB)          :    78      128192    128256 
	   xferslots            :                           0 

	Job terminated of its own accord at 2025-01-29T06:30:02Z with exit-code 0.
...
000 (4596831.000.000) 2025-01-30 00:28:06 Job submitted from host: <130.199.48.82:9618?addrs=130.199.48.82-9618&alias=rcas2063.rcf.bnl.gov&noUDP&sock=schedd_23786_1176>
...
001 (4596831.000.000) 2025-01-30 19:03:19 Job executing on host: <130.199.151.27:9618?addrs=130.199.151.27-9618&alias=spool1605.sdcc.bnl.gov&noUDP&sock=startd_4829_6ac2>
...
006 (4596831.000.000) 2025-01-30 19:03:28 Image size of job updated: 151272
	82  -  MemoryUsage of job (MB)
	83880  -  ResidentSetSize of job (KB)
...
006 (4596831.000.000) 2025-01-30 19:08:29 Image size of job updated: 5004832
	1352  -  MemoryUsage of job (MB)
	1384428  -  ResidentSetSize of job (KB)
...
006 (4596831.000.000) 2025-01-30 19:13:29 Image size of job updated: 9552284
	5211  -  MemoryUsage of job (MB)
	5335304  -  ResidentSetSize of job (KB)
...
006 (4596831.000.000) 2025-01-30 19:18:29 Image size of job updated: 12755244
	9292  -  MemoryUsage of job (MB)
	9514528  -  ResidentSetSize of job (KB)
...
006 (4596831.000.000) 2025-01-30 19:23:30 Image size of job updated: 17382744
	13207  -  MemoryUsage of job (MB)
	13523452  -  ResidentSetSize of job (KB)
...
006 (4596831.000.000) 2025-01-30 19:28:30 Image size of job updated: 20934828
	17154  -  MemoryUsage of job (MB)
	17565556  -  ResidentSetSize of job (KB)
...
006 (4596831.000.000) 2025-01-30 19:29:25 Image size of job updated: 22285364
	17399  -  MemoryUsage of job (MB)
	17816192  -  ResidentSetSize of job (KB)
...
004 (4596831.000.000) 2025-01-30 19:29:26 Job was evicted.
	(0) CPU times
		Usr 0 00:25:51, Sys 0 00:02:48  -  Run Remote Usage
		Usr 0 00:00:00, Sys 0 00:00:00  -  Run Local Usage
	0  -  Run Bytes Sent By Job
	0  -  Run Bytes Received By Job
	Partitionable Resources :    Usage  Request Allocated 
	   Cpus                 :     1.81        1         1 
	   Disk (KB)            :     2           2   6681243 
	   Memory (MB)          : 17399      128192    128256 
	   xferslots            :                           0 
...
009 (4596831.000.000) 2025-01-30 19:29:26 Job was aborted.
	via condor_rm (by user sgross)

	Job terminated by <130.199.48.82:41176> at 2025-01-31T00:29:25Z (using method 1: DEACTIVATE_CLAIM).
...
000 (4598035.000.000) 2025-02-02 20:59:45 Job submitted from host: <130.199.48.82:9618?addrs=130.199.48.82-9618&alias=rcas2063.rcf.bnl.gov&noUDP&sock=schedd_23786_1176>
...
001 (4598035.000.000) 2025-02-02 21:06:13 Job executing on host: <130.199.184.199:9618?addrs=130.199.184.199-9618&alias=spool1774.sdcc.bnl.gov&noUDP&sock=startd_74915_c052>
...
006 (4598035.000.000) 2025-02-02 21:06:22 Image size of job updated: 561952
	115  -  MemoryUsage of job (MB)
	116980  -  ResidentSetSize of job (KB)
...
006 (4598035.000.000) 2025-02-02 21:06:28 Image size of job updated: 561952
	115  -  MemoryUsage of job (MB)
	116988  -  ResidentSetSize of job (KB)
...
005 (4598035.000.000) 2025-02-02 21:06:28 Job terminated.
	(1) Normal termination (return value 139)
		Usr 0 00:00:06, Sys 0 00:00:02  -  Run Remote Usage
		Usr 0 00:00:00, Sys 0 00:00:00  -  Run Local Usage
		Usr 0 00:00:06, Sys 0 00:00:02  -  Total Remote Usage
		Usr 0 00:00:00, Sys 0 00:00:00  -  Total Local Usage
	0  -  Run Bytes Sent By Job
	0  -  Run Bytes Received By Job
	0  -  Total Bytes Sent By Job
	0  -  Total Bytes Received By Job
	Partitionable Resources :    Usage  Request Allocated 
	   Cpus                 :                 1         1 
	   Disk (KB)            :        2        2   6681626 
	   Memory (MB)          :      115   128192    128256 
	   xferslots            :                           0 

	Job terminated of its own accord at 2025-02-03T02:06:28Z with exit-code 139.
...
000 (4607752.000.000) 2025-02-03 00:29:17 Job submitted from host: <130.199.48.82:9618?addrs=130.199.48.82-9618&alias=rcas2063.rcf.bnl.gov&noUDP&sock=schedd_23786_1176>
...
