000 (4601860.000.000) 2025-02-02 21:06:59 Job submitted from host: <130.199.48.82:9618?addrs=130.199.48.82-9618&alias=rcas2063.rcf.bnl.gov&noUDP&sock=schedd_23786_1176>
...
001 (4601860.000.000) 2025-02-02 21:11:15 Job executing on host: <130.199.151.27:9618?addrs=130.199.151.27-9618&alias=spool1605.sdcc.bnl.gov&noUDP&sock=startd_4829_6ac2>
...
006 (4601860.000.000) 2025-02-02 21:11:23 Image size of job updated: 305440
	172  -  MemoryUsage of job (MB)
	175792  -  ResidentSetSize of job (KB)
...
006 (4601860.000.000) 2025-02-02 21:11:25 Image size of job updated: 306388
	173  -  MemoryUsage of job (MB)
	176272  -  ResidentSetSize of job (KB)
...
005 (4601860.000.000) 2025-02-02 21:11:26 Job terminated.
	(1) Normal termination (return value 139)
		Usr 0 00:00:05, Sys 0 00:00:01  -  Run Remote Usage
		Usr 0 00:00:00, Sys 0 00:00:00  -  Run Local Usage
		Usr 0 00:00:05, Sys 0 00:00:01  -  Total Remote Usage
		Usr 0 00:00:00, Sys 0 00:00:00  -  Total Local Usage
	0  -  Run Bytes Sent By Job
	0  -  Run Bytes Received By Job
	0  -  Total Bytes Sent By Job
	0  -  Total Bytes Received By Job
	Partitionable Resources :    Usage  Request Allocated 
	   Cpus                 :        0        1         1 
	   Disk (KB)            :        2        2   6681243 
	   Memory (MB)          :      173   128192    128256 
	   xferslots            :                           0 

	Job terminated of its own accord at 2025-02-03T02:11:25Z with exit-code 139.
...
