000 (4600391.000.000) 2025-02-02 21:03:53 Job submitted from host: <130.199.48.82:9618?addrs=130.199.48.82-9618&alias=rcas2063.rcf.bnl.gov&noUDP&sock=schedd_23786_1176>
...
001 (4600391.000.000) 2025-02-02 21:09:22 Job executing on host: <130.199.151.2:9618?addrs=130.199.151.2-9618&alias=spool1580.sdcc.bnl.gov&noUDP&sock=startd_93239_10e0>
...
006 (4600391.000.000) 2025-02-02 21:09:31 Image size of job updated: 563856
	100  -  MemoryUsage of job (MB)
	102300  -  ResidentSetSize of job (KB)
...
006 (4600391.000.000) 2025-02-02 21:09:39 Image size of job updated: 3588088
	101  -  MemoryUsage of job (MB)
	102428  -  ResidentSetSize of job (KB)
...
005 (4600391.000.000) 2025-02-02 21:09:39 Job terminated.
	(1) Normal termination (return value 139)
		Usr 0 00:00:06, Sys 0 00:00:03  -  Run Remote Usage
		Usr 0 00:00:00, Sys 0 00:00:00  -  Run Local Usage
		Usr 0 00:00:06, Sys 0 00:00:03  -  Total Remote Usage
		Usr 0 00:00:00, Sys 0 00:00:00  -  Total Local Usage
	0  -  Run Bytes Sent By Job
	0  -  Run Bytes Received By Job
	0  -  Total Bytes Sent By Job
	0  -  Total Bytes Received By Job
	Partitionable Resources :    Usage  Request Allocated 
	   Cpus                 :                 1         1 
	   Disk (KB)            :        2        2   6681235 
	   Memory (MB)          :      101   128192    128256 
	   xferslots            :                           0 

	Job terminated of its own accord at 2025-02-03T02:09:39Z with exit-code 139.
...
