000 (4595831.000.000) 2025-01-28 23:09:13 Job submitted from host: <130.199.48.82:9618?addrs=130.199.48.82-9618&alias=rcas2063.rcf.bnl.gov&noUDP&sock=schedd_23786_1176>
...
001 (4595831.000.000) 2025-01-29 01:30:10 Job executing on host: <130.199.184.158:9618?addrs=130.199.184.158-9618&alias=spool1767.sdcc.bnl.gov&noUDP&sock=startd_62920_7c34>
...
006 (4595831.000.000) 2025-01-29 01:30:19 Image size of job updated: 194224
	118  -  MemoryUsage of job (MB)
	120604  -  ResidentSetSize of job (KB)
...
006 (4595831.000.000) 2025-01-29 01:30:21 Image size of job updated: 236744
	118  -  MemoryUsage of job (MB)
	120624  -  ResidentSetSize of job (KB)
...
005 (4595831.000.000) 2025-01-29 01:30:22 Job terminated.
	(1) Normal termination (return value 0)
		Usr 0 00:00:03, Sys 0 00:00:01  -  Run Remote Usage
		Usr 0 00:00:00, Sys 0 00:00:00  -  Run Local Usage
		Usr 0 00:00:03, Sys 0 00:00:01  -  Total Remote Usage
		Usr 0 00:00:00, Sys 0 00:00:00  -  Total Local Usage
	0  -  Run Bytes Sent By Job
	0  -  Run Bytes Received By Job
	0  -  Total Bytes Sent By Job
	0  -  Total Bytes Received By Job
	Partitionable Resources :    Usage  Request Allocated 
	   Cpus                 :                 1         1 
	   Disk (KB)            :        2        2   6681619 
	   Memory (MB)          :      118   128192    128256 
	   xferslots            :                           0 

	Job terminated of its own accord at 2025-01-29T06:30:21Z with exit-code 0.
...
000 (4596852.000.000) 2025-01-30 00:28:07 Job submitted from host: <130.199.48.82:9618?addrs=130.199.48.82-9618&alias=rcas2063.rcf.bnl.gov&noUDP&sock=schedd_23786_1176>
...
001 (4596852.000.000) 2025-01-30 19:13:24 Job executing on host: <130.199.150.92:9618?addrs=130.199.150.92-9618&alias=spool1573.sdcc.bnl.gov&noUDP&sock=startd_49429_c105>
...
006 (4596852.000.000) 2025-01-30 19:13:32 Image size of job updated: 298416
	78  -  MemoryUsage of job (MB)
	78916  -  ResidentSetSize of job (KB)
...
006 (4596852.000.000) 2025-01-30 19:18:32 Image size of job updated: 5158620
	676  -  MemoryUsage of job (MB)
	691280  -  ResidentSetSize of job (KB)
...
006 (4596852.000.000) 2025-01-30 19:23:33 Image size of job updated: 10195036
	5036  -  MemoryUsage of job (MB)
	5156016  -  ResidentSetSize of job (KB)
...
006 (4596852.000.000) 2025-01-30 19:28:33 Image size of job updated: 12700540
	9164  -  MemoryUsage of job (MB)
	9383520  -  ResidentSetSize of job (KB)
...
006 (4596852.000.000) 2025-01-30 19:29:28 Image size of job updated: 13719976
	10045  -  MemoryUsage of job (MB)
	10285128  -  ResidentSetSize of job (KB)
...
006 (4596852.000.000) 2025-01-30 19:29:28 Image size of job updated: 13999708
	10045  -  MemoryUsage of job (MB)
	10285128  -  ResidentSetSize of job (KB)
...
004 (4596852.000.000) 2025-01-30 19:29:28 Job was evicted.
	(0) CPU times
		Usr 0 00:14:21, Sys 0 00:01:23  -  Run Remote Usage
		Usr 0 00:00:00, Sys 0 00:00:00  -  Run Local Usage
	0  -  Run Bytes Sent By Job
	0  -  Run Bytes Received By Job
	Partitionable Resources :    Usage  Request Allocated 
	   Cpus                 :     1.36        1         1 
	   Disk (KB)            :     2           2   6681240 
	   Memory (MB)          : 10045      128192    128256 
	   xferslots            :                           0 
...
009 (4596852.000.000) 2025-01-30 19:29:28 Job was aborted.
	via condor_rm (by user sgross)

	Job terminated by <130.199.48.82:36935> at 2025-01-31T00:29:28Z (using method 1: DEACTIVATE_CLAIM).
...
000 (4598056.000.000) 2025-02-02 20:59:47 Job submitted from host: <130.199.48.82:9618?addrs=130.199.48.82-9618&alias=rcas2063.rcf.bnl.gov&noUDP&sock=schedd_23786_1176>
...
001 (4598056.000.000) 2025-02-02 21:06:14 Job executing on host: <130.199.186.24:9618?addrs=130.199.186.24-9618&alias=spool1821.sdcc.bnl.gov&noUDP&sock=startd_30284_9a6a>
...
006 (4598056.000.000) 2025-02-02 21:06:22 Image size of job updated: 392024
	0  -  MemoryUsage of job (MB)
	0  -  ResidentSetSize of job (KB)
...
005 (4598056.000.000) 2025-02-02 21:06:23 Job terminated.
	(1) Normal termination (return value 139)
		Usr 0 00:00:05, Sys 0 00:00:01  -  Run Remote Usage
		Usr 0 00:00:00, Sys 0 00:00:00  -  Run Local Usage
		Usr 0 00:00:05, Sys 0 00:00:01  -  Total Remote Usage
		Usr 0 00:00:00, Sys 0 00:00:00  -  Total Local Usage
	0  -  Run Bytes Sent By Job
	0  -  Run Bytes Received By Job
	0  -  Total Bytes Sent By Job
	0  -  Total Bytes Received By Job
	Partitionable Resources :    Usage  Request Allocated 
	   Cpus                 :        0        1         1 
	   Disk (KB)            :        2        2   6681648 
	   Memory (MB)          :        0   128192    128256 
	   xferslots            :                           0 

	Job terminated of its own accord at 2025-02-03T02:06:22Z with exit-code 139.
...
000 (4607773.000.000) 2025-02-03 00:29:19 Job submitted from host: <130.199.48.82:9618?addrs=130.199.48.82-9618&alias=rcas2063.rcf.bnl.gov&noUDP&sock=schedd_23786_1176>
...
