000 (4601708.000.000) 2025-02-02 21:06:34 Job submitted from host: <130.199.48.82:9618?addrs=130.199.48.82-9618&alias=rcas2063.rcf.bnl.gov&noUDP&sock=schedd_23786_1176>
...
001 (4601708.000.000) 2025-02-02 21:11:03 Job executing on host: <130.199.184.157:9618?addrs=130.199.184.157-9618&alias=spool1766.sdcc.bnl.gov&noUDP&sock=startd_29367_625e>
...
006 (4601708.000.000) 2025-02-02 21:11:12 Image size of job updated: 2936752
	335  -  MemoryUsage of job (MB)
	342700  -  ResidentSetSize of job (KB)
...
005 (4601708.000.000) 2025-02-02 21:11:14 Job terminated.
	(1) Normal termination (return value 139)
		Usr 0 00:00:06, Sys 0 00:00:02  -  Run Remote Usage
		Usr 0 00:00:00, Sys 0 00:00:00  -  Run Local Usage
		Usr 0 00:00:06, Sys 0 00:00:02  -  Total Remote Usage
		Usr 0 00:00:00, Sys 0 00:00:00  -  Total Local Usage
	0  -  Run Bytes Sent By Job
	0  -  Run Bytes Received By Job
	0  -  Total Bytes Sent By Job
	0  -  Total Bytes Received By Job
	Partitionable Resources :    Usage  Request Allocated 
	   Cpus                 :                 1         1 
	   Disk (KB)            :        2        2   6681612 
	   Memory (MB)          :      335   128192    128256 
	   xferslots            :                           0 

	Job terminated of its own accord at 2025-02-03T02:11:13Z with exit-code 139.
...
