000 (4595364.000.000) 2025-01-28 23:08:36 Job submitted from host: <130.199.48.82:9618?addrs=130.199.48.82-9618&alias=rcas2063.rcf.bnl.gov&noUDP&sock=schedd_23786_1176>
...
001 (4595364.000.000) 2025-01-29 01:20:20 Job executing on host: <130.199.151.33:9618?addrs=130.199.151.33-9618&alias=spool1611.sdcc.bnl.gov&noUDP&sock=startd_368_911c>
...
006 (4595364.000.000) 2025-01-29 01:20:29 Image size of job updated: 109664
	44  -  MemoryUsage of job (MB)
	44696  -  ResidentSetSize of job (KB)
...
006 (4595364.000.000) 2025-01-29 01:20:40 Image size of job updated: 561540
	44  -  MemoryUsage of job (MB)
	44696  -  ResidentSetSize of job (KB)
...
005 (4595364.000.000) 2025-01-29 01:20:40 Job terminated.
	(1) Normal termination (return value 0)
		Usr 0 00:00:04, Sys 0 00:00:02  -  Run Remote Usage
		Usr 0 00:00:00, Sys 0 00:00:00  -  Run Local Usage
		Usr 0 00:00:04, Sys 0 00:00:02  -  Total Remote Usage
		Usr 0 00:00:00, Sys 0 00:00:00  -  Total Local Usage
	0  -  Run Bytes Sent By Job
	0  -  Run Bytes Received By Job
	0  -  Total Bytes Sent By Job
	0  -  Total Bytes Received By Job
	Partitionable Resources :    Usage  Request Allocated 
	   Cpus                 :                 1         1 
	   Disk (KB)            :        2        2   6681232 
	   Memory (MB)          :       44   128192    128256 
	   xferslots            :                           0 

	Job terminated of its own accord at 2025-01-29T06:20:40Z with exit-code 0.
...
000 (4596385.000.000) 2025-01-30 00:27:21 Job submitted from host: <130.199.48.82:9618?addrs=130.199.48.82-9618&alias=rcas2063.rcf.bnl.gov&noUDP&sock=schedd_23786_1176>
...
001 (4596385.000.000) 2025-01-30 13:55:36 Job executing on host: <130.199.150.75:9618?addrs=130.199.150.75-9618&alias=spool1556.sdcc.bnl.gov&noUDP&sock=startd_64048_7ba1>
...
006 (4596385.000.000) 2025-01-30 13:55:45 Image size of job updated: 110612
	58  -  MemoryUsage of job (MB)
	59332  -  ResidentSetSize of job (KB)
...
006 (4596385.000.000) 2025-01-30 14:00:45 Image size of job updated: 4890392
	1062  -  MemoryUsage of job (MB)
	1086916  -  ResidentSetSize of job (KB)
...
006 (4596385.000.000) 2025-01-30 14:05:45 Image size of job updated: 7443024
	4225  -  MemoryUsage of job (MB)
	4325884  -  ResidentSetSize of job (KB)
...
006 (4596385.000.000) 2025-01-30 14:10:46 Image size of job updated: 11037268
	7766  -  MemoryUsage of job (MB)
	7952060  -  ResidentSetSize of job (KB)
...
006 (4596385.000.000) 2025-01-30 14:15:47 Image size of job updated: 15098800
	11404  -  MemoryUsage of job (MB)
	11677196  -  ResidentSetSize of job (KB)
...
006 (4596385.000.000) 2025-01-30 14:20:47 Image size of job updated: 18799172
	14499  -  MemoryUsage of job (MB)
	14846224  -  ResidentSetSize of job (KB)
...
006 (4596385.000.000) 2025-01-30 14:25:48 Image size of job updated: 23013588
	17862  -  MemoryUsage of job (MB)
	18290136  -  ResidentSetSize of job (KB)
...
006 (4596385.000.000) 2025-01-30 14:30:49 Image size of job updated: 25133784
	21423  -  MemoryUsage of job (MB)
	21936796  -  ResidentSetSize of job (KB)
...
006 (4596385.000.000) 2025-01-30 14:35:49 Image size of job updated: 27710252
	23567  -  MemoryUsage of job (MB)
	24132364  -  ResidentSetSize of job (KB)
...
006 (4596385.000.000) 2025-01-30 14:40:49 Image size of job updated: 32483092
	26931  -  MemoryUsage of job (MB)
	27576744  -  ResidentSetSize of job (KB)
...
006 (4596385.000.000) 2025-01-30 14:45:50 Image size of job updated: 33911800
	29683  -  MemoryUsage of job (MB)
	30394404  -  ResidentSetSize of job (KB)
...
006 (4596385.000.000) 2025-01-30 14:50:50 Image size of job updated: 36784412
	32264  -  MemoryUsage of job (MB)
	33037344  -  ResidentSetSize of job (KB)
...
006 (4596385.000.000) 2025-01-30 14:54:38 Image size of job updated: 39045468
	32266  -  MemoryUsage of job (MB)
	33039408  -  ResidentSetSize of job (KB)
...
005 (4596385.000.000) 2025-01-30 14:54:38 Job terminated.
	(1) Normal termination (return value 0)
		Usr 0 00:53:16, Sys 0 00:05:22  -  Run Remote Usage
		Usr 0 00:00:00, Sys 0 00:00:00  -  Run Local Usage
		Usr 0 00:53:16, Sys 0 00:05:22  -  Total Remote Usage
		Usr 0 00:00:00, Sys 0 00:00:00  -  Total Local Usage
	0  -  Run Bytes Sent By Job
	0  -  Run Bytes Received By Job
	0  -  Total Bytes Sent By Job
	0  -  Total Bytes Received By Job
	Partitionable Resources :    Usage  Request Allocated 
	   Cpus                 :     0.96        1         1 
	   Disk (KB)            :     2           2   6681223 
	   Memory (MB)          : 32266      128192    128256 
	   xferslots            :                           0 

	Job terminated of its own accord at 2025-01-30T19:54:38Z with exit-code 0.
...
000 (4597589.000.000) 2025-02-02 20:58:55 Job submitted from host: <130.199.48.82:9618?addrs=130.199.48.82-9618&alias=rcas2063.rcf.bnl.gov&noUDP&sock=schedd_23786_1176>
...
001 (4597589.000.000) 2025-02-02 21:05:15 Job executing on host: <130.199.186.70:9618?addrs=130.199.186.70-9618&alias=spool1833.sdcc.bnl.gov&noUDP&sock=startd_75440_e839>
...
006 (4597589.000.000) 2025-02-02 21:05:23 Image size of job updated: 591116
	337  -  MemoryUsage of job (MB)
	344596  -  ResidentSetSize of job (KB)
...
005 (4597589.000.000) 2025-02-02 21:05:24 Job terminated.
	(1) Normal termination (return value 139)
		Usr 0 00:00:05, Sys 0 00:00:01  -  Run Remote Usage
		Usr 0 00:00:00, Sys 0 00:00:00  -  Run Local Usage
		Usr 0 00:00:05, Sys 0 00:00:01  -  Total Remote Usage
		Usr 0 00:00:00, Sys 0 00:00:00  -  Total Local Usage
	0  -  Run Bytes Sent By Job
	0  -  Run Bytes Received By Job
	0  -  Total Bytes Sent By Job
	0  -  Total Bytes Received By Job
	Partitionable Resources :    Usage  Request Allocated 
	   Cpus                 :                 1         1 
	   Disk (KB)            :        2        2   6681555 
	   Memory (MB)          :      337   128192    128256 
	   xferslots            :                           0 

	Job terminated of its own accord at 2025-02-03T02:05:23Z with exit-code 139.
...
