000 (4598580.000.000) 2025-02-02 21:00:44 Job submitted from host: <130.199.48.82:9618?addrs=130.199.48.82-9618&alias=rcas2063.rcf.bnl.gov&noUDP&sock=schedd_23786_1176>
...
001 (4598580.000.000) 2025-02-02 21:07:00 Job executing on host: <130.199.186.30:9618?addrs=130.199.186.30-9618&alias=spool1827.sdcc.bnl.gov&noUDP&sock=startd_65822_ee79>
...
006 (4598580.000.000) 2025-02-02 21:07:08 Image size of job updated: 584780
	303  -  MemoryUsage of job (MB)
	309868  -  ResidentSetSize of job (KB)
...
006 (4598580.000.000) 2025-02-02 21:07:09 Image size of job updated: 584780
	303  -  MemoryUsage of job (MB)
	309880  -  ResidentSetSize of job (KB)
...
005 (4598580.000.000) 2025-02-02 21:07:10 Job terminated.
	(1) Normal termination (return value 139)
		Usr 0 00:00:05, Sys 0 00:00:01  -  Run Remote Usage
		Usr 0 00:00:00, Sys 0 00:00:00  -  Run Local Usage
		Usr 0 00:00:05, Sys 0 00:00:01  -  Total Remote Usage
		Usr 0 00:00:00, Sys 0 00:00:00  -  Total Local Usage
	0  -  Run Bytes Sent By Job
	0  -  Run Bytes Received By Job
	0  -  Total Bytes Sent By Job
	0  -  Total Bytes Received By Job
	Partitionable Resources :    Usage  Request Allocated 
	   Cpus                 :     0.61        1         1 
	   Disk (KB)            :     2           2   6681626 
	   Memory (MB)          :   303      128192    128256 
	   xferslots            :                           0 

	Job terminated of its own accord at 2025-02-03T02:07:09Z with exit-code 139.
...
