000 (4595801.000.000) 2025-01-28 23:09:11 Job submitted from host: <130.199.48.82:9618?addrs=130.199.48.82-9618&alias=rcas2063.rcf.bnl.gov&noUDP&sock=schedd_23786_1176>
...
001 (4595801.000.000) 2025-01-29 01:29:36 Job executing on host: <130.199.186.92:9618?addrs=130.199.186.92-9618&alias=spool1855.sdcc.bnl.gov&noUDP&sock=startd_51230_bf6c>
...
006 (4595801.000.000) 2025-01-29 01:29:45 Image size of job updated: 327608
	141  -  MemoryUsage of job (MB)
	143592  -  ResidentSetSize of job (KB)
...
006 (4595801.000.000) 2025-01-29 01:29:46 Image size of job updated: 327608
	141  -  MemoryUsage of job (MB)
	143616  -  ResidentSetSize of job (KB)
...
005 (4595801.000.000) 2025-01-29 01:29:46 Job terminated.
	(1) Normal termination (return value 0)
		Usr 0 00:00:04, Sys 0 00:00:02  -  Run Remote Usage
		Usr 0 00:00:00, Sys 0 00:00:00  -  Run Local Usage
		Usr 0 00:00:04, Sys 0 00:00:02  -  Total Remote Usage
		Usr 0 00:00:00, Sys 0 00:00:00  -  Total Local Usage
	0  -  Run Bytes Sent By Job
	0  -  Run Bytes Received By Job
	0  -  Total Bytes Sent By Job
	0  -  Total Bytes Received By Job
	Partitionable Resources :    Usage  Request Allocated 
	   Cpus                 :                 1         1 
	   Disk (KB)            :        2        2   6681629 
	   Memory (MB)          :      141   128192    128256 
	   xferslots            :                           0 

	Job terminated of its own accord at 2025-01-29T06:29:45Z with exit-code 0.
...
000 (4596822.000.000) 2025-01-30 00:28:05 Job submitted from host: <130.199.48.82:9618?addrs=130.199.48.82-9618&alias=rcas2063.rcf.bnl.gov&noUDP&sock=schedd_23786_1176>
...
001 (4596822.000.000) 2025-01-30 18:59:30 Job executing on host: <130.199.151.30:9618?addrs=130.199.151.30-9618&alias=spool1608.sdcc.bnl.gov&noUDP&sock=startd_7058_de0d>
...
006 (4596822.000.000) 2025-01-30 18:59:38 Image size of job updated: 47680
	33  -  MemoryUsage of job (MB)
	33244  -  ResidentSetSize of job (KB)
...
006 (4596822.000.000) 2025-01-30 19:04:38 Image size of job updated: 5315696
	880  -  MemoryUsage of job (MB)
	900752  -  ResidentSetSize of job (KB)
...
006 (4596822.000.000) 2025-01-30 19:09:39 Image size of job updated: 9442160
	4715  -  MemoryUsage of job (MB)
	4828068  -  ResidentSetSize of job (KB)
...
006 (4596822.000.000) 2025-01-30 19:14:40 Image size of job updated: 12163676
	8682  -  MemoryUsage of job (MB)
	8889520  -  ResidentSetSize of job (KB)
...
006 (4596822.000.000) 2025-01-30 19:19:40 Image size of job updated: 15779396
	12465  -  MemoryUsage of job (MB)
	12763848  -  ResidentSetSize of job (KB)
...
006 (4596822.000.000) 2025-01-30 19:24:40 Image size of job updated: 19554860
	16022  -  MemoryUsage of job (MB)
	16405716  -  ResidentSetSize of job (KB)
...
006 (4596822.000.000) 2025-01-30 19:29:33 Image size of job updated: 23128384
	19588  -  MemoryUsage of job (MB)
	20057628  -  ResidentSetSize of job (KB)
...
006 (4596822.000.000) 2025-01-30 19:29:33 Image size of job updated: 23339924
	19595  -  MemoryUsage of job (MB)
	20064428  -  ResidentSetSize of job (KB)
...
004 (4596822.000.000) 2025-01-30 19:29:33 Job was evicted.
	(0) CPU times
		Usr 0 00:29:17, Sys 0 00:03:11  -  Run Remote Usage
		Usr 0 00:00:00, Sys 0 00:00:00  -  Run Local Usage
	0  -  Run Bytes Sent By Job
	0  -  Run Bytes Received By Job
	Partitionable Resources :    Usage  Request Allocated 
	   Cpus                 :     1.08        1         1 
	   Disk (KB)            :     2           2   6681228 
	   Memory (MB)          : 19595      128192    128256 
	   xferslots            :                           0 
...
009 (4596822.000.000) 2025-01-30 19:29:33 Job was aborted.
	via condor_rm (by user sgross)

	Job terminated by <130.199.48.82:45750> at 2025-01-31T00:29:33Z (using method 1: DEACTIVATE_CLAIM).
...
000 (4598026.000.000) 2025-02-02 20:59:44 Job submitted from host: <130.199.48.82:9618?addrs=130.199.48.82-9618&alias=rcas2063.rcf.bnl.gov&noUDP&sock=schedd_23786_1176>
...
001 (4598026.000.000) 2025-02-02 21:06:11 Job executing on host: <130.199.184.153:9618?addrs=130.199.184.153-9618&alias=spool1762.sdcc.bnl.gov&noUDP&sock=startd_50639_b426>
...
006 (4598026.000.000) 2025-02-02 21:06:20 Image size of job updated: 473504
	0  -  MemoryUsage of job (MB)
	0  -  ResidentSetSize of job (KB)
...
005 (4598026.000.000) 2025-02-02 21:06:21 Job terminated.
	(1) Normal termination (return value 139)
		Usr 0 00:00:05, Sys 0 00:00:01  -  Run Remote Usage
		Usr 0 00:00:00, Sys 0 00:00:00  -  Run Local Usage
		Usr 0 00:00:05, Sys 0 00:00:01  -  Total Remote Usage
		Usr 0 00:00:00, Sys 0 00:00:00  -  Total Local Usage
	0  -  Run Bytes Sent By Job
	0  -  Run Bytes Received By Job
	0  -  Total Bytes Sent By Job
	0  -  Total Bytes Received By Job
	Partitionable Resources :    Usage  Request Allocated 
	   Cpus                 :                 1         1 
	   Disk (KB)            :        2        2   6681619 
	   Memory (MB)          :        0   128192    128256 
	   xferslots            :                           0 

	Job terminated of its own accord at 2025-02-03T02:06:20Z with exit-code 139.
...
000 (4607743.000.000) 2025-02-03 00:29:16 Job submitted from host: <130.199.48.82:9618?addrs=130.199.48.82-9618&alias=rcas2063.rcf.bnl.gov&noUDP&sock=schedd_23786_1176>
...
