000 (4599081.000.000) 2025-02-02 21:01:36 Job submitted from host: <130.199.48.82:9618?addrs=130.199.48.82-9618&alias=rcas2063.rcf.bnl.gov&noUDP&sock=schedd_23786_1176>
...
001 (4599081.000.000) 2025-02-02 21:07:39 Job executing on host: <130.199.150.95:9618?addrs=130.199.150.95-9618&alias=spool1576.sdcc.bnl.gov&noUDP&sock=startd_90603_ce21>
...
006 (4599081.000.000) 2025-02-02 21:07:48 Image size of job updated: 459688
	292  -  MemoryUsage of job (MB)
	298240  -  ResidentSetSize of job (KB)
...
006 (4599081.000.000) 2025-02-02 21:07:50 Image size of job updated: 460576
	293  -  MemoryUsage of job (MB)
	299080  -  ResidentSetSize of job (KB)
...
005 (4599081.000.000) 2025-02-02 21:07:50 Job terminated.
	(1) Normal termination (return value 139)
		Usr 0 00:00:07, Sys 0 00:00:02  -  Run Remote Usage
		Usr 0 00:00:00, Sys 0 00:00:00  -  Run Local Usage
		Usr 0 00:00:07, Sys 0 00:00:02  -  Total Remote Usage
		Usr 0 00:00:00, Sys 0 00:00:00  -  Total Local Usage
	0  -  Run Bytes Sent By Job
	0  -  Run Bytes Received By Job
	0  -  Total Bytes Sent By Job
	0  -  Total Bytes Received By Job
	Partitionable Resources :    Usage  Request Allocated 
	   Cpus                 :                 1         1 
	   Disk (KB)            :        2        2   6681229 
	   Memory (MB)          :      293   128192    128256 
	   xferslots            :                           0 

	Job terminated of its own accord at 2025-02-03T02:07:50Z with exit-code 139.
...
