000 (4602512.000.000) 2025-02-02 21:09:14 Job submitted from host: <130.199.48.82:9618?addrs=130.199.48.82-9618&alias=rcas2063.rcf.bnl.gov&noUDP&sock=schedd_23786_1176>
...
001 (4602512.000.000) 2025-02-02 21:12:04 Job executing on host: <130.199.151.9:9618?addrs=130.199.151.9-9618&alias=spool1587.sdcc.bnl.gov&noUDP&sock=startd_39026_55f8>
...
006 (4602512.000.000) 2025-02-02 21:12:13 Image size of job updated: 293108
	172  -  MemoryUsage of job (MB)
	175152  -  ResidentSetSize of job (KB)
...
006 (4602512.000.000) 2025-02-02 21:12:15 Image size of job updated: 3580600
	172  -  MemoryUsage of job (MB)
	175152  -  ResidentSetSize of job (KB)
...
005 (4602512.000.000) 2025-02-02 21:12:16 Job terminated.
	(1) Normal termination (return value 139)
		Usr 0 00:00:05, Sys 0 00:00:01  -  Run Remote Usage
		Usr 0 00:00:00, Sys 0 00:00:00  -  Run Local Usage
		Usr 0 00:00:05, Sys 0 00:00:01  -  Total Remote Usage
		Usr 0 00:00:00, Sys 0 00:00:00  -  Total Local Usage
	0  -  Run Bytes Sent By Job
	0  -  Run Bytes Received By Job
	0  -  Total Bytes Sent By Job
	0  -  Total Bytes Received By Job
	Partitionable Resources :    Usage  Request Allocated 
	   Cpus                 :                 1         1 
	   Disk (KB)            :        2        2   6681247 
	   Memory (MB)          :      172   128192    128256 
	   xferslots            :                           0 

	Job terminated of its own accord at 2025-02-03T02:12:15Z with exit-code 139.
...
