000 (4596077.000.000) 2025-01-28 23:09:33 Job submitted from host: <130.199.48.82:9618?addrs=130.199.48.82-9618&alias=rcas2063.rcf.bnl.gov&noUDP&sock=schedd_23786_1176>
...
001 (4596077.000.000) 2025-01-29 01:34:02 Job executing on host: <130.199.186.10:9618?addrs=130.199.186.10-9618&alias=spool1807.sdcc.bnl.gov&noUDP&sock=startd_68265_1c36>
...
006 (4596077.000.000) 2025-01-29 01:34:10 Image size of job updated: 331316
	108  -  MemoryUsage of job (MB)
	109812  -  ResidentSetSize of job (KB)
...
006 (4596077.000.000) 2025-01-29 01:34:13 Image size of job updated: 331316
	108  -  MemoryUsage of job (MB)
	109916  -  ResidentSetSize of job (KB)
...
005 (4596077.000.000) 2025-01-29 01:34:13 Job terminated.
	(1) Normal termination (return value 0)
		Usr 0 00:00:04, Sys 0 00:00:01  -  Run Remote Usage
		Usr 0 00:00:00, Sys 0 00:00:00  -  Run Local Usage
		Usr 0 00:00:04, Sys 0 00:00:01  -  Total Remote Usage
		Usr 0 00:00:00, Sys 0 00:00:00  -  Total Local Usage
	0  -  Run Bytes Sent By Job
	0  -  Run Bytes Received By Job
	0  -  Total Bytes Sent By Job
	0  -  Total Bytes Received By Job
	Partitionable Resources :    Usage  Request Allocated 
	   Cpus                 :                 1         1 
	   Disk (KB)            :        2        2   6681630 
	   Memory (MB)          :      108   128192    128256 
	   xferslots            :                           0 

	Job terminated of its own accord at 2025-01-29T06:34:13Z with exit-code 0.
...
000 (4597098.000.000) 2025-01-30 00:28:31 Job submitted from host: <130.199.48.82:9618?addrs=130.199.48.82-9618&alias=rcas2063.rcf.bnl.gov&noUDP&sock=schedd_23786_1176>
...
009 (4597098.000.000) 2025-01-30 19:29:28 Job was aborted.
	via condor_rm (by user sgross)
...
000 (4598302.000.000) 2025-02-02 21:00:15 Job submitted from host: <130.199.48.82:9618?addrs=130.199.48.82-9618&alias=rcas2063.rcf.bnl.gov&noUDP&sock=schedd_23786_1176>
...
001 (4598302.000.000) 2025-02-02 21:06:37 Job executing on host: <130.199.186.69:9618?addrs=130.199.186.69-9618&alias=spool1832.sdcc.bnl.gov&noUDP&sock=startd_24966_85f7>
...
006 (4598302.000.000) 2025-02-02 21:06:45 Image size of job updated: 3587804
	0  -  MemoryUsage of job (MB)
	0  -  ResidentSetSize of job (KB)
...
005 (4598302.000.000) 2025-02-02 21:06:45 Job terminated.
	(1) Normal termination (return value 139)
		Usr 0 00:00:05, Sys 0 00:00:01  -  Run Remote Usage
		Usr 0 00:00:00, Sys 0 00:00:00  -  Run Local Usage
		Usr 0 00:00:05, Sys 0 00:00:01  -  Total Remote Usage
		Usr 0 00:00:00, Sys 0 00:00:00  -  Total Local Usage
	0  -  Run Bytes Sent By Job
	0  -  Run Bytes Received By Job
	0  -  Total Bytes Sent By Job
	0  -  Total Bytes Received By Job
	Partitionable Resources :    Usage  Request Allocated 
	   Cpus                 :                 1         1 
	   Disk (KB)            :        2        2   6681558 
	   Memory (MB)          :        0   128192    128256 
	   xferslots            :                           0 

	Job terminated of its own accord at 2025-02-03T02:06:45Z with exit-code 139.
...
000 (4608019.000.000) 2025-02-03 00:29:47 Job submitted from host: <130.199.48.82:9618?addrs=130.199.48.82-9618&alias=rcas2063.rcf.bnl.gov&noUDP&sock=schedd_23786_1176>
...
