000 (4606917.000.000) 2025-02-02 21:20:31 Job submitted from host: <130.199.48.82:9618?addrs=130.199.48.82-9618&alias=rcas2063.rcf.bnl.gov&noUDP&sock=schedd_23786_1176>
...
001 (4606917.000.000) 2025-02-02 21:20:35 Job executing on host: <130.199.186.72:9618?addrs=130.199.186.72-9618&alias=spool1835.sdcc.bnl.gov&noUDP&sock=startd_55689_f707>
...
006 (4606917.000.000) 2025-02-02 21:20:43 Image size of job updated: 2930108
	172  -  MemoryUsage of job (MB)
	175144  -  ResidentSetSize of job (KB)
...
006 (4606917.000.000) 2025-02-02 21:20:45 Image size of job updated: 2930108
	172  -  MemoryUsage of job (MB)
	175156  -  ResidentSetSize of job (KB)
...
005 (4606917.000.000) 2025-02-02 21:20:45 Job terminated.
	(1) Normal termination (return value 139)
		Usr 0 00:00:05, Sys 0 00:00:02  -  Run Remote Usage
		Usr 0 00:00:00, Sys 0 00:00:00  -  Run Local Usage
		Usr 0 00:00:05, Sys 0 00:00:02  -  Total Remote Usage
		Usr 0 00:00:00, Sys 0 00:00:00  -  Total Local Usage
	0  -  Run Bytes Sent By Job
	0  -  Run Bytes Received By Job
	0  -  Total Bytes Sent By Job
	0  -  Total Bytes Received By Job
	Partitionable Resources :    Usage  Request Allocated 
	   Cpus                 :                 1         1 
	   Disk (KB)            :        2        2   6681637 
	   Memory (MB)          :      172   128192    128256 
	   xferslots            :                           0 

	Job terminated of its own accord at 2025-02-03T02:20:45Z with exit-code 139.
...
