000 (4595861.000.000) 2025-01-28 23:09:16 Job submitted from host: <130.199.48.82:9618?addrs=130.199.48.82-9618&alias=rcas2063.rcf.bnl.gov&noUDP&sock=schedd_23786_1176>
...
001 (4595861.000.000) 2025-01-29 01:30:44 Job executing on host: <130.199.186.22:9618?addrs=130.199.186.22-9618&alias=spool1819.sdcc.bnl.gov&noUDP&sock=startd_21241_9b9b>
...
006 (4595861.000.000) 2025-01-29 01:30:52 Image size of job updated: 298144
	7  -  MemoryUsage of job (MB)
	7100  -  ResidentSetSize of job (KB)
...
006 (4595861.000.000) 2025-01-29 01:31:28 Image size of job updated: 2919648
	7  -  MemoryUsage of job (MB)
	7104  -  ResidentSetSize of job (KB)
...
005 (4595861.000.000) 2025-01-29 01:31:28 Job terminated.
	(1) Normal termination (return value 0)
		Usr 0 00:00:04, Sys 0 00:00:02  -  Run Remote Usage
		Usr 0 00:00:00, Sys 0 00:00:00  -  Run Local Usage
		Usr 0 00:00:04, Sys 0 00:00:02  -  Total Remote Usage
		Usr 0 00:00:00, Sys 0 00:00:00  -  Total Local Usage
	0  -  Run Bytes Sent By Job
	0  -  Run Bytes Received By Job
	0  -  Total Bytes Sent By Job
	0  -  Total Bytes Received By Job
	Partitionable Resources :    Usage  Request Allocated 
	   Cpus                 :     0.03        1         1 
	   Disk (KB)            :     2           2   6681624 
	   Memory (MB)          :     7      128192    128256 
	   xferslots            :                           0 

	Job terminated of its own accord at 2025-01-29T06:31:28Z with exit-code 0.
...
000 (4596882.000.000) 2025-01-30 00:28:10 Job submitted from host: <130.199.48.82:9618?addrs=130.199.48.82-9618&alias=rcas2063.rcf.bnl.gov&noUDP&sock=schedd_23786_1176>
...
009 (4596882.000.000) 2025-01-30 19:29:36 Job was aborted.
	via condor_rm (by user sgross)
...
000 (4598086.000.000) 2025-02-02 20:59:51 Job submitted from host: <130.199.48.82:9618?addrs=130.199.48.82-9618&alias=rcas2063.rcf.bnl.gov&noUDP&sock=schedd_23786_1176>
...
001 (4598086.000.000) 2025-02-02 21:06:18 Job executing on host: <130.199.151.20:9618?addrs=130.199.151.20-9618&alias=spool1598.sdcc.bnl.gov&noUDP&sock=startd_86503_34fb>
...
006 (4598086.000.000) 2025-02-02 21:06:27 Image size of job updated: 2934676
	335  -  MemoryUsage of job (MB)
	342364  -  ResidentSetSize of job (KB)
...
005 (4598086.000.000) 2025-02-02 21:06:28 Job terminated.
	(1) Normal termination (return value 139)
		Usr 0 00:00:06, Sys 0 00:00:02  -  Run Remote Usage
		Usr 0 00:00:00, Sys 0 00:00:00  -  Run Local Usage
		Usr 0 00:00:06, Sys 0 00:00:02  -  Total Remote Usage
		Usr 0 00:00:00, Sys 0 00:00:00  -  Total Local Usage
	0  -  Run Bytes Sent By Job
	0  -  Run Bytes Received By Job
	0  -  Total Bytes Sent By Job
	0  -  Total Bytes Received By Job
	Partitionable Resources :    Usage  Request Allocated 
	   Cpus                 :                 1         1 
	   Disk (KB)            :        2        2   6681238 
	   Memory (MB)          :      335   128192    128256 
	   xferslots            :                           0 

	Job terminated of its own accord at 2025-02-03T02:06:28Z with exit-code 139.
...
000 (4607803.000.000) 2025-02-03 00:29:22 Job submitted from host: <130.199.48.82:9618?addrs=130.199.48.82-9618&alias=rcas2063.rcf.bnl.gov&noUDP&sock=schedd_23786_1176>
...
