000 (4595610.000.000) 2025-01-28 23:08:56 Job submitted from host: <130.199.48.82:9618?addrs=130.199.48.82-9618&alias=rcas2063.rcf.bnl.gov&noUDP&sock=schedd_23786_1176>
...
001 (4595610.000.000) 2025-01-29 01:26:22 Job executing on host: <130.199.186.82:9618?addrs=130.199.186.82-9618&alias=spool1845.sdcc.bnl.gov&noUDP&sock=startd_71843_8085>
...
006 (4595610.000.000) 2025-01-29 01:26:31 Image size of job updated: 152980
	83  -  MemoryUsage of job (MB)
	84920  -  ResidentSetSize of job (KB)
...
006 (4595610.000.000) 2025-01-29 01:26:34 Image size of job updated: 153092
	84  -  MemoryUsage of job (MB)
	85032  -  ResidentSetSize of job (KB)
...
005 (4595610.000.000) 2025-01-29 01:26:35 Job terminated.
	(1) Normal termination (return value 0)
		Usr 0 00:00:03, Sys 0 00:00:02  -  Run Remote Usage
		Usr 0 00:00:00, Sys 0 00:00:00  -  Run Local Usage
		Usr 0 00:00:03, Sys 0 00:00:02  -  Total Remote Usage
		Usr 0 00:00:00, Sys 0 00:00:00  -  Total Local Usage
	0  -  Run Bytes Sent By Job
	0  -  Run Bytes Received By Job
	0  -  Total Bytes Sent By Job
	0  -  Total Bytes Received By Job
	Partitionable Resources :    Usage  Request Allocated 
	   Cpus                 :                 1         1 
	   Disk (KB)            :        2        2   6681620 
	   Memory (MB)          :       84   128192    128256 
	   xferslots            :                           0 

	Job terminated of its own accord at 2025-01-29T06:26:34Z with exit-code 0.
...
000 (4596631.000.000) 2025-01-30 00:27:45 Job submitted from host: <130.199.48.82:9618?addrs=130.199.48.82-9618&alias=rcas2063.rcf.bnl.gov&noUDP&sock=schedd_23786_1176>
...
001 (4596631.000.000) 2025-01-30 16:47:01 Job executing on host: <130.199.184.203:9618?addrs=130.199.184.203-9618&alias=spool1778.sdcc.bnl.gov&noUDP&sock=startd_34041_a570>
...
006 (4596631.000.000) 2025-01-30 16:47:09 Image size of job updated: 153648
	84  -  MemoryUsage of job (MB)
	85468  -  ResidentSetSize of job (KB)
...
006 (4596631.000.000) 2025-01-30 16:52:09 Image size of job updated: 5376472
	1876  -  MemoryUsage of job (MB)
	1920068  -  ResidentSetSize of job (KB)
...
006 (4596631.000.000) 2025-01-30 16:57:11 Image size of job updated: 10065660
	5624  -  MemoryUsage of job (MB)
	5757972  -  ResidentSetSize of job (KB)
...
006 (4596631.000.000) 2025-01-30 17:02:11 Image size of job updated: 14822636
	9718  -  MemoryUsage of job (MB)
	9950908  -  ResidentSetSize of job (KB)
...
006 (4596631.000.000) 2025-01-30 17:07:11 Image size of job updated: 17119280
	13727  -  MemoryUsage of job (MB)
	14055888  -  ResidentSetSize of job (KB)
...
006 (4596631.000.000) 2025-01-30 17:12:12 Image size of job updated: 20102156
	16562  -  MemoryUsage of job (MB)
	16959300  -  ResidentSetSize of job (KB)
...
006 (4596631.000.000) 2025-01-30 17:17:13 Image size of job updated: 23910568
	19886  -  MemoryUsage of job (MB)
	20362636  -  ResidentSetSize of job (KB)
...
006 (4596631.000.000) 2025-01-30 17:22:13 Image size of job updated: 28186728
	23207  -  MemoryUsage of job (MB)
	23763140  -  ResidentSetSize of job (KB)
...
006 (4596631.000.000) 2025-01-30 17:27:14 Image size of job updated: 31300684
	27172  -  MemoryUsage of job (MB)
	27823536  -  ResidentSetSize of job (KB)
...
005 (4596631.000.000) 2025-01-30 17:27:20 Job terminated.
	(1) Normal termination (return value 0)
		Usr 0 00:40:16, Sys 0 00:04:47  -  Run Remote Usage
		Usr 0 00:00:00, Sys 0 00:00:00  -  Run Local Usage
		Usr 0 00:40:16, Sys 0 00:04:47  -  Total Remote Usage
		Usr 0 00:00:00, Sys 0 00:00:00  -  Total Local Usage
	0  -  Run Bytes Sent By Job
	0  -  Run Bytes Received By Job
	0  -  Total Bytes Sent By Job
	0  -  Total Bytes Received By Job
	Partitionable Resources :    Usage  Request Allocated 
	   Cpus                 :     0.98        1         1 
	   Disk (KB)            :     2           2   6681624 
	   Memory (MB)          : 27172      128192    128256 
	   xferslots            :                           0 

	Job terminated of its own accord at 2025-01-30T22:27:20Z with exit-code 0.
...
000 (4597835.000.000) 2025-02-02 20:59:22 Job submitted from host: <130.199.48.82:9618?addrs=130.199.48.82-9618&alias=rcas2063.rcf.bnl.gov&noUDP&sock=schedd_23786_1176>
...
001 (4597835.000.000) 2025-02-02 21:05:51 Job executing on host: <130.199.186.30:9618?addrs=130.199.186.30-9618&alias=spool1827.sdcc.bnl.gov&noUDP&sock=startd_65822_ee79>
...
006 (4597835.000.000) 2025-02-02 21:06:00 Image size of job updated: 2936332
	335  -  MemoryUsage of job (MB)
	342848  -  ResidentSetSize of job (KB)
...
005 (4597835.000.000) 2025-02-02 21:06:01 Job terminated.
	(1) Normal termination (return value 139)
		Usr 0 00:00:06, Sys 0 00:00:02  -  Run Remote Usage
		Usr 0 00:00:00, Sys 0 00:00:00  -  Run Local Usage
		Usr 0 00:00:06, Sys 0 00:00:02  -  Total Remote Usage
		Usr 0 00:00:00, Sys 0 00:00:00  -  Total Local Usage
	0  -  Run Bytes Sent By Job
	0  -  Run Bytes Received By Job
	0  -  Total Bytes Sent By Job
	0  -  Total Bytes Received By Job
	Partitionable Resources :    Usage  Request Allocated 
	   Cpus                 :                 1         1 
	   Disk (KB)            :        2        2   6681626 
	   Memory (MB)          :      335   128192    128256 
	   xferslots            :                           0 

	Job terminated of its own accord at 2025-02-03T02:06:01Z with exit-code 139.
...
000 (4607552.000.000) 2025-02-03 00:28:54 Job submitted from host: <130.199.48.82:9618?addrs=130.199.48.82-9618&alias=rcas2063.rcf.bnl.gov&noUDP&sock=schedd_23786_1176>
...
