000 (4595250.000.000) 2025-01-28 23:08:27 Job submitted from host: <130.199.48.82:9618?addrs=130.199.48.82-9618&alias=rcas2063.rcf.bnl.gov&noUDP&sock=schedd_23786_1176>
...
001 (4595250.000.000) 2025-01-29 01:11:37 Job executing on host: <130.199.186.82:9618?addrs=130.199.186.82-9618&alias=spool1845.sdcc.bnl.gov&noUDP&sock=startd_71843_8085>
...
006 (4595250.000.000) 2025-01-29 01:11:46 Image size of job updated: 115856
	63  -  MemoryUsage of job (MB)
	63932  -  ResidentSetSize of job (KB)
...
006 (4595250.000.000) 2025-01-29 01:11:58 Image size of job updated: 569868
	63  -  MemoryUsage of job (MB)
	63936  -  ResidentSetSize of job (KB)
...
005 (4595250.000.000) 2025-01-29 01:11:58 Job terminated.
	(1) Normal termination (return value 0)
		Usr 0 00:00:03, Sys 0 00:00:02  -  Run Remote Usage
		Usr 0 00:00:00, Sys 0 00:00:00  -  Run Local Usage
		Usr 0 00:00:03, Sys 0 00:00:02  -  Total Remote Usage
		Usr 0 00:00:00, Sys 0 00:00:00  -  Total Local Usage
	0  -  Run Bytes Sent By Job
	0  -  Run Bytes Received By Job
	0  -  Total Bytes Sent By Job
	0  -  Total Bytes Received By Job
	Partitionable Resources :    Usage  Request Allocated 
	   Cpus                 :                 1         1 
	   Disk (KB)            :        2        2   6681620 
	   Memory (MB)          :       63   128192    128256 
	   xferslots            :                           0 

	Job terminated of its own accord at 2025-01-29T06:11:57Z with exit-code 0.
...
000 (4596271.000.000) 2025-01-30 00:27:09 Job submitted from host: <130.199.48.82:9618?addrs=130.199.48.82-9618&alias=rcas2063.rcf.bnl.gov&noUDP&sock=schedd_23786_1176>
...
001 (4596271.000.000) 2025-01-30 11:36:35 Job executing on host: <130.199.186.77:9618?addrs=130.199.186.77-9618&alias=spool1840.sdcc.bnl.gov&noUDP&sock=startd_36894_95b1>
...
006 (4596271.000.000) 2025-01-30 11:36:44 Image size of job updated: 132320
	60  -  MemoryUsage of job (MB)
	60952  -  ResidentSetSize of job (KB)
...
006 (4596271.000.000) 2025-01-30 11:41:45 Image size of job updated: 3387876
	255  -  MemoryUsage of job (MB)
	260408  -  ResidentSetSize of job (KB)
...
006 (4596271.000.000) 2025-01-30 11:46:45 Image size of job updated: 3523024
	306  -  MemoryUsage of job (MB)
	312560  -  ResidentSetSize of job (KB)
...
006 (4596271.000.000) 2025-01-30 12:01:46 Image size of job updated: 5329368
	1080  -  MemoryUsage of job (MB)
	1105600  -  ResidentSetSize of job (KB)
...
006 (4596271.000.000) 2025-01-30 12:06:46 Image size of job updated: 7348604
	3952  -  MemoryUsage of job (MB)
	4046016  -  ResidentSetSize of job (KB)
...
006 (4596271.000.000) 2025-01-30 12:11:47 Image size of job updated: 9941884
	5588  -  MemoryUsage of job (MB)
	5721900  -  ResidentSetSize of job (KB)
...
006 (4596271.000.000) 2025-01-30 12:16:47 Image size of job updated: 11944168
	8635  -  MemoryUsage of job (MB)
	8841500  -  ResidentSetSize of job (KB)
...
006 (4596271.000.000) 2025-01-30 12:21:47 Image size of job updated: 13905264
	9786  -  MemoryUsage of job (MB)
	10020864  -  ResidentSetSize of job (KB)
...
006 (4596271.000.000) 2025-01-30 12:26:48 Image size of job updated: 15867540
	12526  -  MemoryUsage of job (MB)
	12825744  -  ResidentSetSize of job (KB)
...
006 (4596271.000.000) 2025-01-30 12:31:48 Image size of job updated: 18879000
	14066  -  MemoryUsage of job (MB)
	14403560  -  ResidentSetSize of job (KB)
...
006 (4596271.000.000) 2025-01-30 12:36:48 Image size of job updated: 20216636
	16350  -  MemoryUsage of job (MB)
	16742112  -  ResidentSetSize of job (KB)
...
006 (4596271.000.000) 2025-01-30 12:41:50 Image size of job updated: 23135708
	18143  -  MemoryUsage of job (MB)
	18578076  -  ResidentSetSize of job (KB)
...
006 (4596271.000.000) 2025-01-30 12:46:50 Image size of job updated: 24251004
	20580  -  MemoryUsage of job (MB)
	21073440  -  ResidentSetSize of job (KB)
...
006 (4596271.000.000) 2025-01-30 12:51:50 Image size of job updated: 26667800
	22135  -  MemoryUsage of job (MB)
	22666124  -  ResidentSetSize of job (KB)
...
006 (4596271.000.000) 2025-01-30 12:56:51 Image size of job updated: 27769212
	23959  -  MemoryUsage of job (MB)
	24533644  -  ResidentSetSize of job (KB)
...
006 (4596271.000.000) 2025-01-30 13:01:52 Image size of job updated: 31710176
	26371  -  MemoryUsage of job (MB)
	27003336  -  ResidentSetSize of job (KB)
...
006 (4596271.000.000) 2025-01-30 13:06:52 Image size of job updated: 32018840
	27904  -  MemoryUsage of job (MB)
	28573092  -  ResidentSetSize of job (KB)
...
006 (4596271.000.000) 2025-01-30 13:11:53 Image size of job updated: 36082568
	30877  -  MemoryUsage of job (MB)
	31617892  -  ResidentSetSize of job (KB)
...
006 (4596271.000.000) 2025-01-30 13:16:54 Image size of job updated: 37038688
	32866  -  MemoryUsage of job (MB)
	33654184  -  ResidentSetSize of job (KB)
...
006 (4596271.000.000) 2025-01-30 13:21:54 Image size of job updated: 41082748
	35547  -  MemoryUsage of job (MB)
	36399656  -  ResidentSetSize of job (KB)
...
006 (4596271.000.000) 2025-01-30 13:26:54 Image size of job updated: 42142276
	38126  -  MemoryUsage of job (MB)
	39040520  -  ResidentSetSize of job (KB)
...
006 (4596271.000.000) 2025-01-30 13:31:55 Image size of job updated: 45480348
	40238  -  MemoryUsage of job (MB)
	41203112  -  ResidentSetSize of job (KB)
...
006 (4596271.000.000) 2025-01-30 13:36:55 Image size of job updated: 47580364
	43318  -  MemoryUsage of job (MB)
	44356692  -  ResidentSetSize of job (KB)
...
006 (4596271.000.000) 2025-01-30 13:41:55 Image size of job updated: 49661992
	44888  -  MemoryUsage of job (MB)
	45964796  -  ResidentSetSize of job (KB)
...
006 (4596271.000.000) 2025-01-30 13:46:56 Image size of job updated: 53323484
	47387  -  MemoryUsage of job (MB)
	48524000  -  ResidentSetSize of job (KB)
...
006 (4596271.000.000) 2025-01-30 13:51:56 Image size of job updated: 53620296
	49279  -  MemoryUsage of job (MB)
	50461132  -  ResidentSetSize of job (KB)
...
006 (4596271.000.000) 2025-01-30 13:56:56 Image size of job updated: 57822572
	52027  -  MemoryUsage of job (MB)
	53274660  -  ResidentSetSize of job (KB)
...
006 (4596271.000.000) 2025-01-30 14:01:57 Image size of job updated: 60617248
	52027  -  MemoryUsage of job (MB)
	53274680  -  ResidentSetSize of job (KB)
...
005 (4596271.000.000) 2025-01-30 14:02:14 Job terminated.
	(1) Normal termination (return value 0)
		Usr 0 01:39:17, Sys 0 00:10:45  -  Run Remote Usage
		Usr 0 00:00:00, Sys 0 00:00:00  -  Run Local Usage
		Usr 0 01:39:17, Sys 0 00:10:45  -  Total Remote Usage
		Usr 0 00:00:00, Sys 0 00:00:00  -  Total Local Usage
	0  -  Run Bytes Sent By Job
	0  -  Run Bytes Received By Job
	0  -  Total Bytes Sent By Job
	0  -  Total Bytes Received By Job
	Partitionable Resources :    Usage  Request Allocated 
	   Cpus                 :     1.02        1         1 
	   Disk (KB)            :     2           2   6681620 
	   Memory (MB)          : 52027      128192    128256 
	   xferslots            :                           0 

	Job terminated of its own accord at 2025-01-30T19:02:08Z with exit-code 0.
...
000 (4597475.000.000) 2025-02-02 20:58:41 Job submitted from host: <130.199.48.82:9618?addrs=130.199.48.82-9618&alias=rcas2063.rcf.bnl.gov&noUDP&sock=schedd_23786_1176>
...
001 (4597475.000.000) 2025-02-02 21:04:46 Job executing on host: <130.199.151.33:9618?addrs=130.199.151.33-9618&alias=spool1611.sdcc.bnl.gov&noUDP&sock=startd_368_911c>
...
006 (4597475.000.000) 2025-02-02 21:04:55 Image size of job updated: 194912
	118  -  MemoryUsage of job (MB)
	120420  -  ResidentSetSize of job (KB)
...
006 (4597475.000.000) 2025-02-02 21:05:01 Image size of job updated: 2943848
	118  -  MemoryUsage of job (MB)
	120428  -  ResidentSetSize of job (KB)
...
005 (4597475.000.000) 2025-02-02 21:05:01 Job terminated.
	(1) Normal termination (return value 139)
		Usr 0 00:00:06, Sys 0 00:00:02  -  Run Remote Usage
		Usr 0 00:00:00, Sys 0 00:00:00  -  Run Local Usage
		Usr 0 00:00:06, Sys 0 00:00:02  -  Total Remote Usage
		Usr 0 00:00:00, Sys 0 00:00:00  -  Total Local Usage
	0  -  Run Bytes Sent By Job
	0  -  Run Bytes Received By Job
	0  -  Total Bytes Sent By Job
	0  -  Total Bytes Received By Job
	Partitionable Resources :    Usage  Request Allocated 
	   Cpus                 :                 1         1 
	   Disk (KB)            :        2        2   6681232 
	   Memory (MB)          :      118   128192    128256 
	   xferslots            :                           0 

	Job terminated of its own accord at 2025-02-03T02:05:01Z with exit-code 139.
...
000 (4607192.000.000) 2025-02-03 00:28:13 Job submitted from host: <130.199.48.82:9618?addrs=130.199.48.82-9618&alias=rcas2063.rcf.bnl.gov&noUDP&sock=schedd_23786_1176>
...
