000 (4603933.000.000) 2025-02-02 21:13:59 Job submitted from host: <130.199.48.82:9618?addrs=130.199.48.82-9618&alias=rcas2063.rcf.bnl.gov&noUDP&sock=schedd_23786_1176>
...
001 (4603933.000.000) 2025-02-02 21:14:00 Job executing on host: <130.199.150.73:9618?addrs=130.199.150.73-9618&alias=spool1554.sdcc.bnl.gov&noUDP&sock=startd_96706_53e1>
...
006 (4603933.000.000) 2025-02-02 21:14:09 Image size of job updated: 3016636
	291  -  MemoryUsage of job (MB)
	297896  -  ResidentSetSize of job (KB)
...
005 (4603933.000.000) 2025-02-02 21:14:11 Job terminated.
	(1) Normal termination (return value 139)
		Usr 0 00:00:06, Sys 0 00:00:02  -  Run Remote Usage
		Usr 0 00:00:00, Sys 0 00:00:00  -  Run Local Usage
		Usr 0 00:00:06, Sys 0 00:00:02  -  Total Remote Usage
		Usr 0 00:00:00, Sys 0 00:00:00  -  Total Local Usage
	0  -  Run Bytes Sent By Job
	0  -  Run Bytes Received By Job
	0  -  Total Bytes Sent By Job
	0  -  Total Bytes Received By Job
	Partitionable Resources :    Usage  Request Allocated 
	   Cpus                 :                 1         1 
	   Disk (KB)            :        2        2   6681240 
	   Memory (MB)          :      291   128192    128256 
	   xferslots            :                           0 

	Job terminated of its own accord at 2025-02-03T02:14:11Z with exit-code 139.
...
