000 (4599419.000.000) 2025-02-02 21:02:11 Job submitted from host: <130.199.48.82:9618?addrs=130.199.48.82-9618&alias=rcas2063.rcf.bnl.gov&noUDP&sock=schedd_23786_1176>
...
001 (4599419.000.000) 2025-02-02 21:08:06 Job executing on host: <130.199.207.225:9618?addrs=130.199.207.225-9618&alias=spool1512.sdcc.bnl.gov&noUDP&sock=startd_8017_60f7>
...
006 (4599419.000.000) 2025-02-02 21:08:14 Image size of job updated: 333720
	90  -  MemoryUsage of job (MB)
	92120  -  ResidentSetSize of job (KB)
...
006 (4599419.000.000) 2025-02-02 21:08:22 Image size of job updated: 401100
	90  -  MemoryUsage of job (MB)
	92124  -  ResidentSetSize of job (KB)
...
005 (4599419.000.000) 2025-02-02 21:08:22 Job terminated.
	(1) Normal termination (return value 139)
		Usr 0 00:00:06, Sys 0 00:00:02  -  Run Remote Usage
		Usr 0 00:00:00, Sys 0 00:00:00  -  Run Local Usage
		Usr 0 00:00:06, Sys 0 00:00:02  -  Total Remote Usage
		Usr 0 00:00:00, Sys 0 00:00:00  -  Total Local Usage
	0  -  Run Bytes Sent By Job
	0  -  Run Bytes Received By Job
	0  -  Total Bytes Sent By Job
	0  -  Total Bytes Received By Job
	Partitionable Resources :    Usage  Request Allocated 
	   Cpus                 :                 1         1 
	   Disk (KB)            :        2        2   6681236 
	   Memory (MB)          :       90   128192    128256 
	   xferslots            :                           0 

	Job terminated of its own accord at 2025-02-03T02:08:22Z with exit-code 139.
...
