000 (4602200.000.000) 2025-02-02 21:08:11 Job submitted from host: <130.199.48.82:9618?addrs=130.199.48.82-9618&alias=rcas2063.rcf.bnl.gov&noUDP&sock=schedd_23786_1176>
...
001 (4602200.000.000) 2025-02-02 21:11:41 Job executing on host: <130.199.150.90:9618?addrs=130.199.150.90-9618&alias=spool1571.sdcc.bnl.gov&noUDP&sock=startd_39549_dbd4>
...
006 (4602200.000.000) 2025-02-02 21:11:49 Image size of job updated: 573152
	139  -  MemoryUsage of job (MB)
	141348  -  ResidentSetSize of job (KB)
...
006 (4602200.000.000) 2025-02-02 21:11:53 Image size of job updated: 573152
	139  -  MemoryUsage of job (MB)
	141388  -  ResidentSetSize of job (KB)
...
005 (4602200.000.000) 2025-02-02 21:11:53 Job terminated.
	(1) Normal termination (return value 139)
		Usr 0 00:00:05, Sys 0 00:00:02  -  Run Remote Usage
		Usr 0 00:00:00, Sys 0 00:00:00  -  Run Local Usage
		Usr 0 00:00:05, Sys 0 00:00:02  -  Total Remote Usage
		Usr 0 00:00:00, Sys 0 00:00:00  -  Total Local Usage
	0  -  Run Bytes Sent By Job
	0  -  Run Bytes Received By Job
	0  -  Total Bytes Sent By Job
	0  -  Total Bytes Received By Job
	Partitionable Resources :    Usage  Request Allocated 
	   Cpus                 :     0.32        1         1 
	   Disk (KB)            :     2           2   6681235 
	   Memory (MB)          :   139      128192    128256 
	   xferslots            :                           0 

	Job terminated of its own accord at 2025-02-03T02:11:53Z with exit-code 139.
...
