000 (4605178.000.000) 2025-02-02 21:16:41 Job submitted from host: <130.199.48.82:9618?addrs=130.199.48.82-9618&alias=rcas2063.rcf.bnl.gov&noUDP&sock=schedd_23786_1176>
...
001 (4605178.000.000) 2025-02-02 21:16:42 Job executing on host: <130.199.151.26:9618?addrs=130.199.151.26-9618&alias=spool1604.sdcc.bnl.gov&noUDP&sock=startd_96373_eff7>
...
006 (4605178.000.000) 2025-02-02 21:16:51 Image size of job updated: 377868
	241  -  MemoryUsage of job (MB)
	246416  -  ResidentSetSize of job (KB)
...
006 (4605178.000.000) 2025-02-02 21:16:53 Image size of job updated: 475152
	241  -  MemoryUsage of job (MB)
	246632  -  ResidentSetSize of job (KB)
...
005 (4605178.000.000) 2025-02-02 21:16:53 Job terminated.
	(1) Normal termination (return value 139)
		Usr 0 00:00:06, Sys 0 00:00:01  -  Run Remote Usage
		Usr 0 00:00:00, Sys 0 00:00:00  -  Run Local Usage
		Usr 0 00:00:06, Sys 0 00:00:01  -  Total Remote Usage
		Usr 0 00:00:00, Sys 0 00:00:00  -  Total Local Usage
	0  -  Run Bytes Sent By Job
	0  -  Run Bytes Received By Job
	0  -  Total Bytes Sent By Job
	0  -  Total Bytes Received By Job
	Partitionable Resources :    Usage  Request Allocated 
	   Cpus                 :        0        1         1 
	   Disk (KB)            :        2        2   6681225 
	   Memory (MB)          :      241   128192    128256 
	   xferslots            :                           0 

	Job terminated of its own accord at 2025-02-03T02:16:53Z with exit-code 139.
...
