000 (4602651.000.000) 2025-02-02 21:09:43 Job submitted from host: <130.199.48.82:9618?addrs=130.199.48.82-9618&alias=rcas2063.rcf.bnl.gov&noUDP&sock=schedd_23786_1176>
...
001 (4602651.000.000) 2025-02-02 21:12:15 Job executing on host: <130.199.151.26:9618?addrs=130.199.151.26-9618&alias=spool1604.sdcc.bnl.gov&noUDP&sock=startd_96373_eff7>
...
006 (4602651.000.000) 2025-02-02 21:12:24 Image size of job updated: 475332
	336  -  MemoryUsage of job (MB)
	343644  -  ResidentSetSize of job (KB)
...
006 (4602651.000.000) 2025-02-02 21:12:25 Image size of job updated: 475532
	336  -  MemoryUsage of job (MB)
	343664  -  ResidentSetSize of job (KB)
...
005 (4602651.000.000) 2025-02-02 21:12:25 Job terminated.
	(1) Normal termination (return value 139)
		Usr 0 00:00:05, Sys 0 00:00:02  -  Run Remote Usage
		Usr 0 00:00:00, Sys 0 00:00:00  -  Run Local Usage
		Usr 0 00:00:05, Sys 0 00:00:02  -  Total Remote Usage
		Usr 0 00:00:00, Sys 0 00:00:00  -  Total Local Usage
	0  -  Run Bytes Sent By Job
	0  -  Run Bytes Received By Job
	0  -  Total Bytes Sent By Job
	0  -  Total Bytes Received By Job
	Partitionable Resources :    Usage  Request Allocated 
	   Cpus                 :                 1         1 
	   Disk (KB)            :        2        2   6681225 
	   Memory (MB)          :      336   128192    128256 
	   xferslots            :                           0 

	Job terminated of its own accord at 2025-02-03T02:12:25Z with exit-code 139.
...
