000 (4595577.000.000) 2025-01-28 23:08:53 Job submitted from host: <130.199.48.82:9618?addrs=130.199.48.82-9618&alias=rcas2063.rcf.bnl.gov&noUDP&sock=schedd_23786_1176>
...
001 (4595577.000.000) 2025-01-29 01:25:49 Job executing on host: <130.199.151.33:9618?addrs=130.199.151.33-9618&alias=spool1611.sdcc.bnl.gov&noUDP&sock=startd_368_911c>
...
006 (4595577.000.000) 2025-01-29 01:25:57 Image size of job updated: 115248
	45  -  MemoryUsage of job (MB)
	46080  -  ResidentSetSize of job (KB)
...
006 (4595577.000.000) 2025-01-29 01:26:03 Image size of job updated: 574084
	45  -  MemoryUsage of job (MB)
	46080  -  ResidentSetSize of job (KB)
...
005 (4595577.000.000) 2025-01-29 01:26:04 Job terminated.
	(1) Normal termination (return value 0)
		Usr 0 00:00:04, Sys 0 00:00:01  -  Run Remote Usage
		Usr 0 00:00:00, Sys 0 00:00:00  -  Run Local Usage
		Usr 0 00:00:04, Sys 0 00:00:01  -  Total Remote Usage
		Usr 0 00:00:00, Sys 0 00:00:00  -  Total Local Usage
	0  -  Run Bytes Sent By Job
	0  -  Run Bytes Received By Job
	0  -  Total Bytes Sent By Job
	0  -  Total Bytes Received By Job
	Partitionable Resources :    Usage  Request Allocated 
	   Cpus                 :                 1         1 
	   Disk (KB)            :        2        2   6681232 
	   Memory (MB)          :       45   128192    128256 
	   xferslots            :                           0 

	Job terminated of its own accord at 2025-01-29T06:26:03Z with exit-code 0.
...
000 (4596598.000.000) 2025-01-30 00:27:42 Job submitted from host: <130.199.48.82:9618?addrs=130.199.48.82-9618&alias=rcas2063.rcf.bnl.gov&noUDP&sock=schedd_23786_1176>
...
001 (4596598.000.000) 2025-01-30 16:24:28 Job executing on host: <130.199.186.27:9618?addrs=130.199.186.27-9618&alias=spool1824.sdcc.bnl.gov&noUDP&sock=startd_21686_71d9>
...
006 (4596598.000.000) 2025-01-30 16:24:37 Image size of job updated: 154640
	86  -  MemoryUsage of job (MB)
	87912  -  ResidentSetSize of job (KB)
...
006 (4596598.000.000) 2025-01-30 16:29:37 Image size of job updated: 5090336
	2100  -  MemoryUsage of job (MB)
	2150324  -  ResidentSetSize of job (KB)
...
006 (4596598.000.000) 2025-01-30 16:34:37 Image size of job updated: 9371232
	6082  -  MemoryUsage of job (MB)
	6227872  -  ResidentSetSize of job (KB)
...
006 (4596598.000.000) 2025-01-30 16:39:38 Image size of job updated: 13626816
	9561  -  MemoryUsage of job (MB)
	9790412  -  ResidentSetSize of job (KB)
...
006 (4596598.000.000) 2025-01-30 16:44:38 Image size of job updated: 17594972
	13303  -  MemoryUsage of job (MB)
	13622184  -  ResidentSetSize of job (KB)
...
006 (4596598.000.000) 2025-01-30 16:49:38 Image size of job updated: 22398000
	17264  -  MemoryUsage of job (MB)
	17678132  -  ResidentSetSize of job (KB)
...
006 (4596598.000.000) 2025-01-30 16:54:39 Image size of job updated: 25392884
	21762  -  MemoryUsage of job (MB)
	22284116  -  ResidentSetSize of job (KB)
...
006 (4596598.000.000) 2025-01-30 16:59:40 Image size of job updated: 28733736
	25167  -  MemoryUsage of job (MB)
	25770728  -  ResidentSetSize of job (KB)
...
006 (4596598.000.000) 2025-01-30 17:04:40 Image size of job updated: 32515212
	28653  -  MemoryUsage of job (MB)
	29340184  -  ResidentSetSize of job (KB)
...
006 (4596598.000.000) 2025-01-30 17:09:41 Image size of job updated: 36445508
	31738  -  MemoryUsage of job (MB)
	32499200  -  ResidentSetSize of job (KB)
...
006 (4596598.000.000) 2025-01-30 17:14:42 Image size of job updated: 40648064
	35308  -  MemoryUsage of job (MB)
	36155288  -  ResidentSetSize of job (KB)
...
006 (4596598.000.000) 2025-01-30 17:19:42 Image size of job updated: 43753120
	39210  -  MemoryUsage of job (MB)
	40150040  -  ResidentSetSize of job (KB)
...
006 (4596598.000.000) 2025-01-30 17:24:42 Image size of job updated: 46017956
	41999  -  MemoryUsage of job (MB)
	43006672  -  ResidentSetSize of job (KB)
...
006 (4596598.000.000) 2025-01-30 17:27:07 Image size of job updated: 48664180
	41999  -  MemoryUsage of job (MB)
	43006672  -  ResidentSetSize of job (KB)
...
005 (4596598.000.000) 2025-01-30 17:27:07 Job terminated.
	(1) Normal termination (return value 0)
		Usr 0 01:04:30, Sys 0 00:07:13  -  Run Remote Usage
		Usr 0 00:00:00, Sys 0 00:00:00  -  Run Local Usage
		Usr 0 01:04:30, Sys 0 00:07:13  -  Total Remote Usage
		Usr 0 00:00:00, Sys 0 00:00:00  -  Total Local Usage
	0  -  Run Bytes Sent By Job
	0  -  Run Bytes Received By Job
	0  -  Total Bytes Sent By Job
	0  -  Total Bytes Received By Job
	Partitionable Resources :    Usage  Request Allocated 
	   Cpus                 :     1.06        1         1 
	   Disk (KB)            :     2           2   6681631 
	   Memory (MB)          : 41999      128192    128256 
	   xferslots            :                           0 

	Job terminated of its own accord at 2025-01-30T22:27:07Z with exit-code 0.
...
000 (4597802.000.000) 2025-02-02 20:59:19 Job submitted from host: <130.199.48.82:9618?addrs=130.199.48.82-9618&alias=rcas2063.rcf.bnl.gov&noUDP&sock=schedd_23786_1176>
...
001 (4597802.000.000) 2025-02-02 21:05:46 Job executing on host: <130.199.186.70:9618?addrs=130.199.186.70-9618&alias=spool1833.sdcc.bnl.gov&noUDP&sock=startd_75440_e839>
...
006 (4597802.000.000) 2025-02-02 21:05:55 Image size of job updated: 2919664
	0  -  MemoryUsage of job (MB)
	0  -  ResidentSetSize of job (KB)
...
005 (4597802.000.000) 2025-02-02 21:05:55 Job terminated.
	(1) Normal termination (return value 139)
		Usr 0 00:00:05, Sys 0 00:00:01  -  Run Remote Usage
		Usr 0 00:00:00, Sys 0 00:00:00  -  Run Local Usage
		Usr 0 00:00:05, Sys 0 00:00:01  -  Total Remote Usage
		Usr 0 00:00:00, Sys 0 00:00:00  -  Total Local Usage
	0  -  Run Bytes Sent By Job
	0  -  Run Bytes Received By Job
	0  -  Total Bytes Sent By Job
	0  -  Total Bytes Received By Job
	Partitionable Resources :    Usage  Request Allocated 
	   Cpus                 :                 1         1 
	   Disk (KB)            :        2        2   6681555 
	   Memory (MB)          :        0   128192    128256 
	   xferslots            :                           0 

	Job terminated of its own accord at 2025-02-03T02:05:55Z with exit-code 139.
...
000 (4607519.000.000) 2025-02-03 00:28:50 Job submitted from host: <130.199.48.82:9618?addrs=130.199.48.82-9618&alias=rcas2063.rcf.bnl.gov&noUDP&sock=schedd_23786_1176>
...
