000 (4600526.000.000) 2025-02-02 21:04:07 Job submitted from host: <130.199.48.82:9618?addrs=130.199.48.82-9618&alias=rcas2063.rcf.bnl.gov&noUDP&sock=schedd_23786_1176>
...
001 (4600526.000.000) 2025-02-02 21:09:32 Job executing on host: <130.199.150.69:9618?addrs=130.199.150.69-9618&alias=spool1550.sdcc.bnl.gov&noUDP&sock=startd_69413_700d>
...
006 (4600526.000.000) 2025-02-02 21:09:41 Image size of job updated: 288044
	168  -  MemoryUsage of job (MB)
	171592  -  ResidentSetSize of job (KB)
...
006 (4600526.000.000) 2025-02-02 21:09:42 Image size of job updated: 3038960
	172  -  MemoryUsage of job (MB)
	175160  -  ResidentSetSize of job (KB)
...
005 (4600526.000.000) 2025-02-02 21:09:43 Job terminated.
	(1) Normal termination (return value 139)
		Usr 0 00:00:04, Sys 0 00:00:02  -  Run Remote Usage
		Usr 0 00:00:00, Sys 0 00:00:00  -  Run Local Usage
		Usr 0 00:00:04, Sys 0 00:00:02  -  Total Remote Usage
		Usr 0 00:00:00, Sys 0 00:00:00  -  Total Local Usage
	0  -  Run Bytes Sent By Job
	0  -  Run Bytes Received By Job
	0  -  Total Bytes Sent By Job
	0  -  Total Bytes Received By Job
	Partitionable Resources :    Usage  Request Allocated 
	   Cpus                 :                 1         1 
	   Disk (KB)            :        2        2   6681237 
	   Memory (MB)          :      172   128192    128256 
	   xferslots            :                           0 

	Job terminated of its own accord at 2025-02-03T02:09:42Z with exit-code 139.
...
