000 (4595342.000.000) 2025-01-28 23:08:34 Job submitted from host: <130.199.48.82:9618?addrs=130.199.48.82-9618&alias=rcas2063.rcf.bnl.gov&noUDP&sock=schedd_23786_1176>
...
001 (4595342.000.000) 2025-01-29 01:19:19 Job executing on host: <130.199.184.158:9618?addrs=130.199.184.158-9618&alias=spool1767.sdcc.bnl.gov&noUDP&sock=startd_62920_7c34>
...
006 (4595342.000.000) 2025-01-29 01:19:28 Image size of job updated: 214576
	99  -  MemoryUsage of job (MB)
	101068  -  ResidentSetSize of job (KB)
...
006 (4595342.000.000) 2025-01-29 01:19:31 Image size of job updated: 214576
	99  -  MemoryUsage of job (MB)
	101256  -  ResidentSetSize of job (KB)
...
005 (4595342.000.000) 2025-01-29 01:19:31 Job terminated.
	(1) Normal termination (return value 0)
		Usr 0 00:00:04, Sys 0 00:00:01  -  Run Remote Usage
		Usr 0 00:00:00, Sys 0 00:00:00  -  Run Local Usage
		Usr 0 00:00:04, Sys 0 00:00:01  -  Total Remote Usage
		Usr 0 00:00:00, Sys 0 00:00:00  -  Total Local Usage
	0  -  Run Bytes Sent By Job
	0  -  Run Bytes Received By Job
	0  -  Total Bytes Sent By Job
	0  -  Total Bytes Received By Job
	Partitionable Resources :    Usage  Request Allocated 
	   Cpus                 :                 1         1 
	   Disk (KB)            :        2        2   6681619 
	   Memory (MB)          :       99   128192    128256 
	   xferslots            :                           0 

	Job terminated of its own accord at 2025-01-29T06:19:31Z with exit-code 0.
...
000 (4596363.000.000) 2025-01-30 00:27:18 Job submitted from host: <130.199.48.82:9618?addrs=130.199.48.82-9618&alias=rcas2063.rcf.bnl.gov&noUDP&sock=schedd_23786_1176>
...
001 (4596363.000.000) 2025-01-30 13:42:43 Job executing on host: <130.199.207.216:9618?addrs=130.199.207.216-9618&alias=spool1503.sdcc.bnl.gov&noUDP&sock=startd_26617_0b41>
...
006 (4596363.000.000) 2025-01-30 13:42:52 Image size of job updated: 129884
	32  -  MemoryUsage of job (MB)
	32232  -  ResidentSetSize of job (KB)
...
006 (4596363.000.000) 2025-01-30 13:47:53 Image size of job updated: 5240664
	569  -  MemoryUsage of job (MB)
	582124  -  ResidentSetSize of job (KB)
...
006 (4596363.000.000) 2025-01-30 13:52:54 Image size of job updated: 5800844
	2470  -  MemoryUsage of job (MB)
	2528936  -  ResidentSetSize of job (KB)
...
006 (4596363.000.000) 2025-01-30 13:57:54 Image size of job updated: 8852388
	4267  -  MemoryUsage of job (MB)
	4369092  -  ResidentSetSize of job (KB)
...
006 (4596363.000.000) 2025-01-30 14:02:55 Image size of job updated: 9375648
	5689  -  MemoryUsage of job (MB)
	5825212  -  ResidentSetSize of job (KB)
...
006 (4596363.000.000) 2025-01-30 14:07:56 Image size of job updated: 11862216
	8449  -  MemoryUsage of job (MB)
	8651088  -  ResidentSetSize of job (KB)
...
006 (4596363.000.000) 2025-01-30 14:12:56 Image size of job updated: 14010600
	9294  -  MemoryUsage of job (MB)
	9516484  -  ResidentSetSize of job (KB)
...
006 (4596363.000.000) 2025-01-30 14:17:56 Image size of job updated: 15224260
	11740  -  MemoryUsage of job (MB)
	12020808  -  ResidentSetSize of job (KB)
...
006 (4596363.000.000) 2025-01-30 14:20:54 Image size of job updated: 17093468
	11740  -  MemoryUsage of job (MB)
	12020808  -  ResidentSetSize of job (KB)
...
005 (4596363.000.000) 2025-01-30 14:20:54 Job terminated.
	(1) Normal termination (return value 0)
		Usr 0 00:22:09, Sys 0 00:02:45  -  Run Remote Usage
		Usr 0 00:00:00, Sys 0 00:00:00  -  Run Local Usage
		Usr 0 00:22:09, Sys 0 00:02:45  -  Total Remote Usage
		Usr 0 00:00:00, Sys 0 00:00:00  -  Total Local Usage
	0  -  Run Bytes Sent By Job
	0  -  Run Bytes Received By Job
	0  -  Total Bytes Sent By Job
	0  -  Total Bytes Received By Job
	Partitionable Resources :    Usage  Request Allocated 
	   Cpus                 :     0.76        1         1 
	   Disk (KB)            :     2           2   6681235 
	   Memory (MB)          : 11740      128192    128256 
	   xferslots            :                           0 

	Job terminated of its own accord at 2025-01-30T19:20:54Z with exit-code 0.
...
000 (4597567.000.000) 2025-02-02 20:58:52 Job submitted from host: <130.199.48.82:9618?addrs=130.199.48.82-9618&alias=rcas2063.rcf.bnl.gov&noUDP&sock=schedd_23786_1176>
...
001 (4597567.000.000) 2025-02-02 21:05:09 Job executing on host: <130.199.186.28:9618?addrs=130.199.186.28-9618&alias=spool1825.sdcc.bnl.gov&noUDP&sock=startd_62164_3881>
...
006 (4597567.000.000) 2025-02-02 21:05:17 Image size of job updated: 424532
	0  -  MemoryUsage of job (MB)
	0  -  ResidentSetSize of job (KB)
...
005 (4597567.000.000) 2025-02-02 21:05:17 Job terminated.
	(1) Normal termination (return value 139)
		Usr 0 00:00:05, Sys 0 00:00:01  -  Run Remote Usage
		Usr 0 00:00:00, Sys 0 00:00:00  -  Run Local Usage
		Usr 0 00:00:05, Sys 0 00:00:01  -  Total Remote Usage
		Usr 0 00:00:00, Sys 0 00:00:00  -  Total Local Usage
	0  -  Run Bytes Sent By Job
	0  -  Run Bytes Received By Job
	0  -  Total Bytes Sent By Job
	0  -  Total Bytes Received By Job
	Partitionable Resources :    Usage  Request Allocated 
	   Cpus                 :                 1         1 
	   Disk (KB)            :        2        2   6681629 
	   Memory (MB)          :        0   128192    128256 
	   xferslots            :                           0 

	Job terminated of its own accord at 2025-02-03T02:05:17Z with exit-code 139.
...
