000 (4595331.000.000) 2025-01-28 23:08:33 Job submitted from host: <130.199.48.82:9618?addrs=130.199.48.82-9618&alias=rcas2063.rcf.bnl.gov&noUDP&sock=schedd_23786_1176>
...
001 (4595331.000.000) 2025-01-29 01:18:25 Job executing on host: <130.199.186.82:9618?addrs=130.199.186.82-9618&alias=spool1845.sdcc.bnl.gov&noUDP&sock=startd_71843_8085>
...
006 (4595331.000.000) 2025-01-29 01:18:34 Image size of job updated: 181620
	107  -  MemoryUsage of job (MB)
	108652  -  ResidentSetSize of job (KB)
...
006 (4595331.000.000) 2025-01-29 01:18:37 Image size of job updated: 181700
	107  -  MemoryUsage of job (MB)
	108732  -  ResidentSetSize of job (KB)
...
005 (4595331.000.000) 2025-01-29 01:18:37 Job terminated.
	(1) Normal termination (return value 0)
		Usr 0 00:00:03, Sys 0 00:00:02  -  Run Remote Usage
		Usr 0 00:00:00, Sys 0 00:00:00  -  Run Local Usage
		Usr 0 00:00:03, Sys 0 00:00:02  -  Total Remote Usage
		Usr 0 00:00:00, Sys 0 00:00:00  -  Total Local Usage
	0  -  Run Bytes Sent By Job
	0  -  Run Bytes Received By Job
	0  -  Total Bytes Sent By Job
	0  -  Total Bytes Received By Job
	Partitionable Resources :    Usage  Request Allocated 
	   Cpus                 :                 1         1 
	   Disk (KB)            :        2        2   6681620 
	   Memory (MB)          :      107   128192    128256 
	   xferslots            :                           0 

	Job terminated of its own accord at 2025-01-29T06:18:37Z with exit-code 0.
...
000 (4596352.000.000) 2025-01-30 00:27:17 Job submitted from host: <130.199.48.82:9618?addrs=130.199.48.82-9618&alias=rcas2063.rcf.bnl.gov&noUDP&sock=schedd_23786_1176>
...
001 (4596352.000.000) 2025-01-30 13:18:56 Job executing on host: <130.199.184.203:9618?addrs=130.199.184.203-9618&alias=spool1778.sdcc.bnl.gov&noUDP&sock=startd_34041_a570>
...
006 (4596352.000.000) 2025-01-30 13:19:05 Image size of job updated: 298812
	109  -  MemoryUsage of job (MB)
	111048  -  ResidentSetSize of job (KB)
...
006 (4596352.000.000) 2025-01-30 13:24:06 Image size of job updated: 3388928
	255  -  MemoryUsage of job (MB)
	260464  -  ResidentSetSize of job (KB)
...
006 (4596352.000.000) 2025-01-30 13:29:07 Image size of job updated: 5391944
	1303  -  MemoryUsage of job (MB)
	1333280  -  ResidentSetSize of job (KB)
...
006 (4596352.000.000) 2025-01-30 13:34:07 Image size of job updated: 8750300
	5402  -  MemoryUsage of job (MB)
	5531236  -  ResidentSetSize of job (KB)
...
006 (4596352.000.000) 2025-01-30 13:39:08 Image size of job updated: 12058084
	8767  -  MemoryUsage of job (MB)
	8977208  -  ResidentSetSize of job (KB)
...
006 (4596352.000.000) 2025-01-30 13:44:09 Image size of job updated: 15033280
	11049  -  MemoryUsage of job (MB)
	11313220  -  ResidentSetSize of job (KB)
...
006 (4596352.000.000) 2025-01-30 13:49:09 Image size of job updated: 18971840
	14334  -  MemoryUsage of job (MB)
	14677168  -  ResidentSetSize of job (KB)
...
006 (4596352.000.000) 2025-01-30 13:54:09 Image size of job updated: 22214764
	18344  -  MemoryUsage of job (MB)
	18783460  -  ResidentSetSize of job (KB)
...
006 (4596352.000.000) 2025-01-30 13:59:10 Image size of job updated: 25507432
	21585  -  MemoryUsage of job (MB)
	22102156  -  ResidentSetSize of job (KB)
...
006 (4596352.000.000) 2025-01-30 14:04:10 Image size of job updated: 28722724
	25044  -  MemoryUsage of job (MB)
	25644368  -  ResidentSetSize of job (KB)
...
006 (4596352.000.000) 2025-01-30 14:09:10 Image size of job updated: 31678144
	28019  -  MemoryUsage of job (MB)
	28691120  -  ResidentSetSize of job (KB)
...
006 (4596352.000.000) 2025-01-30 14:14:11 Image size of job updated: 35505284
	31403  -  MemoryUsage of job (MB)
	32155996  -  ResidentSetSize of job (KB)
...
006 (4596352.000.000) 2025-01-30 14:19:12 Image size of job updated: 40102028
	34995  -  MemoryUsage of job (MB)
	35834116  -  ResidentSetSize of job (KB)
...
006 (4596352.000.000) 2025-01-30 14:24:01 Image size of job updated: 43023680
	34996  -  MemoryUsage of job (MB)
	35835868  -  ResidentSetSize of job (KB)
...
005 (4596352.000.000) 2025-01-30 14:24:01 Job terminated.
	(1) Normal termination (return value 0)
		Usr 0 00:58:16, Sys 0 00:05:57  -  Run Remote Usage
		Usr 0 00:00:00, Sys 0 00:00:00  -  Run Local Usage
		Usr 0 00:58:16, Sys 0 00:05:57  -  Total Remote Usage
		Usr 0 00:00:00, Sys 0 00:00:00  -  Total Local Usage
	0  -  Run Bytes Sent By Job
	0  -  Run Bytes Received By Job
	0  -  Total Bytes Sent By Job
	0  -  Total Bytes Received By Job
	Partitionable Resources :    Usage  Request Allocated 
	   Cpus                 :     0.97        1         1 
	   Disk (KB)            :     2           2   6681624 
	   Memory (MB)          : 34996      128192    128256 
	   xferslots            :                           0 

	Job terminated of its own accord at 2025-01-30T19:24:01Z with exit-code 0.
...
000 (4597556.000.000) 2025-02-02 20:58:51 Job submitted from host: <130.199.48.82:9618?addrs=130.199.48.82-9618&alias=rcas2063.rcf.bnl.gov&noUDP&sock=schedd_23786_1176>
...
001 (4597556.000.000) 2025-02-02 21:05:06 Job executing on host: <130.199.184.217:9618?addrs=130.199.184.217-9618&alias=spool1792.sdcc.bnl.gov&noUDP&sock=startd_72049_b2cc>
...
006 (4597556.000.000) 2025-02-02 21:05:15 Image size of job updated: 298812
	127  -  MemoryUsage of job (MB)
	129416  -  ResidentSetSize of job (KB)
...
006 (4597556.000.000) 2025-02-02 21:05:19 Image size of job updated: 414268
	127  -  MemoryUsage of job (MB)
	129492  -  ResidentSetSize of job (KB)
...
005 (4597556.000.000) 2025-02-02 21:05:19 Job terminated.
	(1) Normal termination (return value 139)
		Usr 0 00:00:06, Sys 0 00:00:02  -  Run Remote Usage
		Usr 0 00:00:00, Sys 0 00:00:00  -  Run Local Usage
		Usr 0 00:00:06, Sys 0 00:00:02  -  Total Remote Usage
		Usr 0 00:00:00, Sys 0 00:00:00  -  Total Local Usage
	0  -  Run Bytes Sent By Job
	0  -  Run Bytes Received By Job
	0  -  Total Bytes Sent By Job
	0  -  Total Bytes Received By Job
	Partitionable Resources :    Usage  Request Allocated 
	   Cpus                 :                 1         1 
	   Disk (KB)            :        2        2   6681623 
	   Memory (MB)          :      127   128192    128256 
	   xferslots            :                           0 

	Job terminated of its own accord at 2025-02-03T02:05:19Z with exit-code 139.
...
