000 (4604517.000.000) 2025-02-02 21:15:14 Job submitted from host: <130.199.48.82:9618?addrs=130.199.48.82-9618&alias=rcas2063.rcf.bnl.gov&noUDP&sock=schedd_23786_1176>
...
001 (4604517.000.000) 2025-02-02 21:15:15 Job executing on host: <130.199.186.93:9618?addrs=130.199.186.93-9618&alias=spool1856.sdcc.bnl.gov&noUDP&sock=startd_8097_b2a1>
...
006 (4604517.000.000) 2025-02-02 21:15:24 Image size of job updated: 566144
	331  -  MemoryUsage of job (MB)
	338872  -  ResidentSetSize of job (KB)
...
006 (4604517.000.000) 2025-02-02 21:15:25 Image size of job updated: 566144
	332  -  MemoryUsage of job (MB)
	339112  -  ResidentSetSize of job (KB)
...
005 (4604517.000.000) 2025-02-02 21:15:25 Job terminated.
	(1) Normal termination (return value 139)
		Usr 0 00:00:05, Sys 0 00:00:02  -  Run Remote Usage
		Usr 0 00:00:00, Sys 0 00:00:00  -  Run Local Usage
		Usr 0 00:00:05, Sys 0 00:00:02  -  Total Remote Usage
		Usr 0 00:00:00, Sys 0 00:00:00  -  Total Local Usage
	0  -  Run Bytes Sent By Job
	0  -  Run Bytes Received By Job
	0  -  Total Bytes Sent By Job
	0  -  Total Bytes Received By Job
	Partitionable Resources :    Usage  Request Allocated 
	   Cpus                 :                 1         1 
	   Disk (KB)            :        2        2   6681628 
	   Memory (MB)          :      332   128192    128256 
	   xferslots            :                           0 

	Job terminated of its own accord at 2025-02-03T02:15:25Z with exit-code 139.
...
