000 (4599871.000.000) 2025-02-02 21:02:58 Job submitted from host: <130.199.48.82:9618?addrs=130.199.48.82-9618&alias=rcas2063.rcf.bnl.gov&noUDP&sock=schedd_23786_1176>
...
001 (4599871.000.000) 2025-02-02 21:08:42 Job executing on host: <130.199.186.93:9618?addrs=130.199.186.93-9618&alias=spool1856.sdcc.bnl.gov&noUDP&sock=startd_8097_b2a1>
...
006 (4599871.000.000) 2025-02-02 21:08:50 Image size of job updated: 238028
	136  -  MemoryUsage of job (MB)
	139100  -  ResidentSetSize of job (KB)
...
006 (4599871.000.000) 2025-02-02 21:08:53 Image size of job updated: 239232
	136  -  MemoryUsage of job (MB)
	139252  -  ResidentSetSize of job (KB)
...
005 (4599871.000.000) 2025-02-02 21:08:54 Job terminated.
	(1) Normal termination (return value 139)
		Usr 0 00:00:05, Sys 0 00:00:02  -  Run Remote Usage
		Usr 0 00:00:00, Sys 0 00:00:00  -  Run Local Usage
		Usr 0 00:00:05, Sys 0 00:00:02  -  Total Remote Usage
		Usr 0 00:00:00, Sys 0 00:00:00  -  Total Local Usage
	0  -  Run Bytes Sent By Job
	0  -  Run Bytes Received By Job
	0  -  Total Bytes Sent By Job
	0  -  Total Bytes Received By Job
	Partitionable Resources :    Usage  Request Allocated 
	   Cpus                 :                 1         1 
	   Disk (KB)            :        2        2   6681628 
	   Memory (MB)          :      136   128192    128256 
	   xferslots            :                           0 

	Job terminated of its own accord at 2025-02-03T02:08:53Z with exit-code 139.
...
