000 (4598638.000.000) 2025-02-02 21:00:50 Job submitted from host: <130.199.48.82:9618?addrs=130.199.48.82-9618&alias=rcas2063.rcf.bnl.gov&noUDP&sock=schedd_23786_1176>
...
001 (4598638.000.000) 2025-02-02 21:07:05 Job executing on host: <130.199.151.29:9618?addrs=130.199.151.29-9618&alias=spool1607.sdcc.bnl.gov&noUDP&sock=startd_96452_f09b>
...
006 (4598638.000.000) 2025-02-02 21:07:13 Image size of job updated: 106844
	57  -  MemoryUsage of job (MB)
	58288  -  ResidentSetSize of job (KB)
...
006 (4598638.000.000) 2025-02-02 21:07:26 Image size of job updated: 590520
	57  -  MemoryUsage of job (MB)
	58340  -  ResidentSetSize of job (KB)
...
005 (4598638.000.000) 2025-02-02 21:07:26 Job terminated.
	(1) Normal termination (return value 139)
		Usr 0 00:00:07, Sys 0 00:00:03  -  Run Remote Usage
		Usr 0 00:00:00, Sys 0 00:00:00  -  Run Local Usage
		Usr 0 00:00:07, Sys 0 00:00:03  -  Total Remote Usage
		Usr 0 00:00:00, Sys 0 00:00:00  -  Total Local Usage
	0  -  Run Bytes Sent By Job
	0  -  Run Bytes Received By Job
	0  -  Total Bytes Sent By Job
	0  -  Total Bytes Received By Job
	Partitionable Resources :    Usage  Request Allocated 
	   Cpus                 :                 1         1 
	   Disk (KB)            :        2        2   6681240 
	   Memory (MB)          :       57   128192    128256 
	   xferslots            :                           0 

	Job terminated of its own accord at 2025-02-03T02:07:26Z with exit-code 139.
...
