000 (4604892.000.000) 2025-02-02 21:16:02 Job submitted from host: <130.199.48.82:9618?addrs=130.199.48.82-9618&alias=rcas2063.rcf.bnl.gov&noUDP&sock=schedd_23786_1176>
...
001 (4604892.000.000) 2025-02-02 21:16:04 Job executing on host: <130.199.150.71:9618?addrs=130.199.150.71-9618&alias=spool1552.sdcc.bnl.gov&noUDP&sock=startd_82644_e1d6>
...
006 (4604892.000.000) 2025-02-02 21:16:12 Image size of job updated: 224220
	125  -  MemoryUsage of job (MB)
	127760  -  ResidentSetSize of job (KB)
...
006 (4604892.000.000) 2025-02-02 21:16:17 Image size of job updated: 3589256
	125  -  MemoryUsage of job (MB)
	127876  -  ResidentSetSize of job (KB)
...
005 (4604892.000.000) 2025-02-02 21:16:18 Job terminated.
	(1) Normal termination (return value 139)
		Usr 0 00:00:06, Sys 0 00:00:02  -  Run Remote Usage
		Usr 0 00:00:00, Sys 0 00:00:00  -  Run Local Usage
		Usr 0 00:00:06, Sys 0 00:00:02  -  Total Remote Usage
		Usr 0 00:00:00, Sys 0 00:00:00  -  Total Local Usage
	0  -  Run Bytes Sent By Job
	0  -  Run Bytes Received By Job
	0  -  Total Bytes Sent By Job
	0  -  Total Bytes Received By Job
	Partitionable Resources :    Usage  Request Allocated 
	   Cpus                 :                 1         1 
	   Disk (KB)            :        2        2   6681233 
	   Memory (MB)          :      125   128192    128256 
	   xferslots            :                           0 

	Job terminated of its own accord at 2025-02-03T02:16:17Z with exit-code 139.
...
