000 (4599408.000.000) 2025-02-02 21:02:10 Job submitted from host: <130.199.48.82:9618?addrs=130.199.48.82-9618&alias=rcas2063.rcf.bnl.gov&noUDP&sock=schedd_23786_1176>
...
001 (4599408.000.000) 2025-02-02 21:08:05 Job executing on host: <130.199.150.97:9618?addrs=130.199.150.97-9618&alias=spool1578.sdcc.bnl.gov&noUDP&sock=startd_55995_cf62>
...
006 (4599408.000.000) 2025-02-02 21:08:14 Image size of job updated: 298680
	122  -  MemoryUsage of job (MB)
	123996  -  ResidentSetSize of job (KB)
...
006 (4599408.000.000) 2025-02-02 21:08:19 Image size of job updated: 449960
	122  -  MemoryUsage of job (MB)
	124004  -  ResidentSetSize of job (KB)
...
005 (4599408.000.000) 2025-02-02 21:08:20 Job terminated.
	(1) Normal termination (return value 139)
		Usr 0 00:00:06, Sys 0 00:00:02  -  Run Remote Usage
		Usr 0 00:00:00, Sys 0 00:00:00  -  Run Local Usage
		Usr 0 00:00:06, Sys 0 00:00:02  -  Total Remote Usage
		Usr 0 00:00:00, Sys 0 00:00:00  -  Total Local Usage
	0  -  Run Bytes Sent By Job
	0  -  Run Bytes Received By Job
	0  -  Total Bytes Sent By Job
	0  -  Total Bytes Received By Job
	Partitionable Resources :    Usage  Request Allocated 
	   Cpus                 :                 1         1 
	   Disk (KB)            :        2        2   6681175 
	   Memory (MB)          :      122   128192    128256 
	   xferslots            :                           0 

	Job terminated of its own accord at 2025-02-03T02:08:19Z with exit-code 139.
...
