000 (4596018.000.000) 2025-01-28 23:09:28 Job submitted from host: <130.199.48.82:9618?addrs=130.199.48.82-9618&alias=rcas2063.rcf.bnl.gov&noUDP&sock=schedd_23786_1176>
...
001 (4596018.000.000) 2025-01-29 01:33:10 Job executing on host: <130.199.184.158:9618?addrs=130.199.184.158-9618&alias=spool1767.sdcc.bnl.gov&noUDP&sock=startd_62920_7c34>
...
006 (4596018.000.000) 2025-01-29 01:33:18 Image size of job updated: 2931944
	141  -  MemoryUsage of job (MB)
	143748  -  ResidentSetSize of job (KB)
...
005 (4596018.000.000) 2025-01-29 01:33:18 Job terminated.
	(1) Normal termination (return value 0)
		Usr 0 00:00:03, Sys 0 00:00:01  -  Run Remote Usage
		Usr 0 00:00:00, Sys 0 00:00:00  -  Run Local Usage
		Usr 0 00:00:03, Sys 0 00:00:01  -  Total Remote Usage
		Usr 0 00:00:00, Sys 0 00:00:00  -  Total Local Usage
	0  -  Run Bytes Sent By Job
	0  -  Run Bytes Received By Job
	0  -  Total Bytes Sent By Job
	0  -  Total Bytes Received By Job
	Partitionable Resources :    Usage  Request Allocated 
	   Cpus                 :                 1         1 
	   Disk (KB)            :        2        2   6681619 
	   Memory (MB)          :      141   128192    128256 
	   xferslots            :                           0 

	Job terminated of its own accord at 2025-01-29T06:33:18Z with exit-code 0.
...
000 (4597039.000.000) 2025-01-30 00:28:25 Job submitted from host: <130.199.48.82:9618?addrs=130.199.48.82-9618&alias=rcas2063.rcf.bnl.gov&noUDP&sock=schedd_23786_1176>
...
009 (4597039.000.000) 2025-01-30 19:29:30 Job was aborted.
	via condor_rm (by user sgross)
...
000 (4598243.000.000) 2025-02-02 21:00:09 Job submitted from host: <130.199.48.82:9618?addrs=130.199.48.82-9618&alias=rcas2063.rcf.bnl.gov&noUDP&sock=schedd_23786_1176>
...
001 (4598243.000.000) 2025-02-02 21:06:32 Job executing on host: <130.199.151.11:9618?addrs=130.199.151.11-9618&alias=spool1589.sdcc.bnl.gov&noUDP&sock=startd_1737_d68b>
...
006 (4598243.000.000) 2025-02-02 21:06:40 Image size of job updated: 483940
	147  -  MemoryUsage of job (MB)
	150088  -  ResidentSetSize of job (KB)
...
006 (4598243.000.000) 2025-02-02 21:06:42 Image size of job updated: 483940
	147  -  MemoryUsage of job (MB)
	150092  -  ResidentSetSize of job (KB)
...
005 (4598243.000.000) 2025-02-02 21:06:42 Job terminated.
	(1) Normal termination (return value 139)
		Usr 0 00:00:06, Sys 0 00:00:02  -  Run Remote Usage
		Usr 0 00:00:00, Sys 0 00:00:00  -  Run Local Usage
		Usr 0 00:00:06, Sys 0 00:00:02  -  Total Remote Usage
		Usr 0 00:00:00, Sys 0 00:00:00  -  Total Local Usage
	0  -  Run Bytes Sent By Job
	0  -  Run Bytes Received By Job
	0  -  Total Bytes Sent By Job
	0  -  Total Bytes Received By Job
	Partitionable Resources :    Usage  Request Allocated 
	   Cpus                 :                 1         1 
	   Disk (KB)            :        2        2   6681210 
	   Memory (MB)          :      147   128192    128256 
	   xferslots            :                           0 

	Job terminated of its own accord at 2025-02-03T02:06:42Z with exit-code 139.
...
000 (4607960.000.000) 2025-02-03 00:29:40 Job submitted from host: <130.199.48.82:9618?addrs=130.199.48.82-9618&alias=rcas2063.rcf.bnl.gov&noUDP&sock=schedd_23786_1176>
...
