000 (4603171.000.000) 2025-02-02 21:11:29 Job submitted from host: <130.199.48.82:9618?addrs=130.199.48.82-9618&alias=rcas2063.rcf.bnl.gov&noUDP&sock=schedd_23786_1176>
...
001 (4603171.000.000) 2025-02-02 21:12:55 Job executing on host: <130.199.150.84:9618?addrs=130.199.150.84-9618&alias=spool1565.sdcc.bnl.gov&noUDP&sock=startd_12871_9bc6>
...
006 (4603171.000.000) 2025-02-02 21:13:03 Image size of job updated: 470064
	336  -  MemoryUsage of job (MB)
	343516  -  ResidentSetSize of job (KB)
...
005 (4603171.000.000) 2025-02-02 21:13:04 Job terminated.
	(1) Normal termination (return value 139)
		Usr 0 00:00:06, Sys 0 00:00:02  -  Run Remote Usage
		Usr 0 00:00:00, Sys 0 00:00:00  -  Run Local Usage
		Usr 0 00:00:06, Sys 0 00:00:02  -  Total Remote Usage
		Usr 0 00:00:00, Sys 0 00:00:00  -  Total Local Usage
	0  -  Run Bytes Sent By Job
	0  -  Run Bytes Received By Job
	0  -  Total Bytes Sent By Job
	0  -  Total Bytes Received By Job
	Partitionable Resources :    Usage  Request Allocated 
	   Cpus                 :                 1         1 
	   Disk (KB)            :        2        2   6681243 
	   Memory (MB)          :      336   128192    128256 
	   xferslots            :                           0 

	Job terminated of its own accord at 2025-02-03T02:13:03Z with exit-code 139.
...
