000 (4604752.000.000) 2025-02-02 21:15:44 Job submitted from host: <130.199.48.82:9618?addrs=130.199.48.82-9618&alias=rcas2063.rcf.bnl.gov&noUDP&sock=schedd_23786_1176>
...
001 (4604752.000.000) 2025-02-02 21:15:46 Job executing on host: <130.199.186.31:9618?addrs=130.199.186.31-9618&alias=spool1828.sdcc.bnl.gov&noUDP&sock=startd_70860_651b>
...
006 (4604752.000.000) 2025-02-02 21:15:55 Image size of job updated: 317968
	172  -  MemoryUsage of job (MB)
	175448  -  ResidentSetSize of job (KB)
...
006 (4604752.000.000) 2025-02-02 21:15:57 Image size of job updated: 318552
	172  -  MemoryUsage of job (MB)
	175748  -  ResidentSetSize of job (KB)
...
005 (4604752.000.000) 2025-02-02 21:15:58 Job terminated.
	(1) Normal termination (return value 139)
		Usr 0 00:00:06, Sys 0 00:00:01  -  Run Remote Usage
		Usr 0 00:00:00, Sys 0 00:00:00  -  Run Local Usage
		Usr 0 00:00:06, Sys 0 00:00:01  -  Total Remote Usage
		Usr 0 00:00:00, Sys 0 00:00:00  -  Total Local Usage
	0  -  Run Bytes Sent By Job
	0  -  Run Bytes Received By Job
	0  -  Total Bytes Sent By Job
	0  -  Total Bytes Received By Job
	Partitionable Resources :    Usage  Request Allocated 
	   Cpus                 :                 1         1 
	   Disk (KB)            :        2        2   6681625 
	   Memory (MB)          :      172   128192    128256 
	   xferslots            :                           0 

	Job terminated of its own accord at 2025-02-03T02:15:57Z with exit-code 139.
...
