000 (4600740.000.000) 2025-02-02 21:04:29 Job submitted from host: <130.199.48.82:9618?addrs=130.199.48.82-9618&alias=rcas2063.rcf.bnl.gov&noUDP&sock=schedd_23786_1176>
...
001 (4600740.000.000) 2025-02-02 21:09:49 Job executing on host: <130.199.186.19:9618?addrs=130.199.186.19-9618&alias=spool1816.sdcc.bnl.gov&noUDP&sock=startd_39859_f845>
...
006 (4600740.000.000) 2025-02-02 21:09:58 Image size of job updated: 344184
	206  -  MemoryUsage of job (MB)
	210840  -  ResidentSetSize of job (KB)
...
006 (4600740.000.000) 2025-02-02 21:10:00 Image size of job updated: 3589376
	210  -  MemoryUsage of job (MB)
	214864  -  ResidentSetSize of job (KB)
...
005 (4600740.000.000) 2025-02-02 21:10:01 Job terminated.
	(1) Normal termination (return value 139)
		Usr 0 00:00:05, Sys 0 00:00:01  -  Run Remote Usage
		Usr 0 00:00:00, Sys 0 00:00:00  -  Run Local Usage
		Usr 0 00:00:05, Sys 0 00:00:01  -  Total Remote Usage
		Usr 0 00:00:00, Sys 0 00:00:00  -  Total Local Usage
	0  -  Run Bytes Sent By Job
	0  -  Run Bytes Received By Job
	0  -  Total Bytes Sent By Job
	0  -  Total Bytes Received By Job
	Partitionable Resources :    Usage  Request Allocated 
	   Cpus                 :                 1         1 
	   Disk (KB)            :        2        2   6681614 
	   Memory (MB)          :      210   128192    128256 
	   xferslots            :                           0 

	Job terminated of its own accord at 2025-02-03T02:10:00Z with exit-code 139.
...
