000 (4602104.000.000) 2025-02-02 21:07:49 Job submitted from host: <130.199.48.82:9618?addrs=130.199.48.82-9618&alias=rcas2063.rcf.bnl.gov&noUDP&sock=schedd_23786_1176>
...
001 (4602104.000.000) 2025-02-02 21:11:34 Job executing on host: <130.199.184.208:9618?addrs=130.199.184.208-9618&alias=spool1783.sdcc.bnl.gov&noUDP&sock=startd_90378_9875>
...
006 (4602104.000.000) 2025-02-02 21:11:42 Image size of job updated: 257680
	146  -  MemoryUsage of job (MB)
	149012  -  ResidentSetSize of job (KB)
...
006 (4602104.000.000) 2025-02-02 21:11:45 Image size of job updated: 430364
	146  -  MemoryUsage of job (MB)
	149012  -  ResidentSetSize of job (KB)
...
005 (4602104.000.000) 2025-02-02 21:11:46 Job terminated.
	(1) Normal termination (return value 139)
		Usr 0 00:00:06, Sys 0 00:00:02  -  Run Remote Usage
		Usr 0 00:00:00, Sys 0 00:00:00  -  Run Local Usage
		Usr 0 00:00:06, Sys 0 00:00:02  -  Total Remote Usage
		Usr 0 00:00:00, Sys 0 00:00:00  -  Total Local Usage
	0  -  Run Bytes Sent By Job
	0  -  Run Bytes Received By Job
	0  -  Total Bytes Sent By Job
	0  -  Total Bytes Received By Job
	Partitionable Resources :    Usage  Request Allocated 
	   Cpus                 :                 1         1 
	   Disk (KB)            :        2        2   6681628 
	   Memory (MB)          :      146   128192    128256 
	   xferslots            :                           0 

	Job terminated of its own accord at 2025-02-03T02:11:45Z with exit-code 139.
...
