000 (4595313.000.000) 2025-01-28 23:08:32 Job submitted from host: <130.199.48.82:9618?addrs=130.199.48.82-9618&alias=rcas2063.rcf.bnl.gov&noUDP&sock=schedd_23786_1176>
...
001 (4595313.000.000) 2025-01-29 01:17:05 Job executing on host: <130.199.184.158:9618?addrs=130.199.184.158-9618&alias=spool1767.sdcc.bnl.gov&noUDP&sock=startd_62920_7c34>
...
006 (4595313.000.000) 2025-01-29 01:17:13 Image size of job updated: 204420
	120  -  MemoryUsage of job (MB)
	122496  -  ResidentSetSize of job (KB)
...
006 (4595313.000.000) 2025-01-29 01:17:15 Image size of job updated: 204508
	120  -  MemoryUsage of job (MB)
	122496  -  ResidentSetSize of job (KB)
...
005 (4595313.000.000) 2025-01-29 01:17:15 Job terminated.
	(1) Normal termination (return value 0)
		Usr 0 00:00:04, Sys 0 00:00:02  -  Run Remote Usage
		Usr 0 00:00:00, Sys 0 00:00:00  -  Run Local Usage
		Usr 0 00:00:04, Sys 0 00:00:02  -  Total Remote Usage
		Usr 0 00:00:00, Sys 0 00:00:00  -  Total Local Usage
	0  -  Run Bytes Sent By Job
	0  -  Run Bytes Received By Job
	0  -  Total Bytes Sent By Job
	0  -  Total Bytes Received By Job
	Partitionable Resources :    Usage  Request Allocated 
	   Cpus                 :                 1         1 
	   Disk (KB)            :        2        2   6681619 
	   Memory (MB)          :      120   128192    128256 
	   xferslots            :                           0 

	Job terminated of its own accord at 2025-01-29T06:17:15Z with exit-code 0.
...
000 (4596334.000.000) 2025-01-30 00:27:16 Job submitted from host: <130.199.48.82:9618?addrs=130.199.48.82-9618&alias=rcas2063.rcf.bnl.gov&noUDP&sock=schedd_23786_1176>
...
001 (4596334.000.000) 2025-01-30 13:18:33 Job executing on host: <130.199.151.8:9618?addrs=130.199.151.8-9618&alias=spool1586.sdcc.bnl.gov&noUDP&sock=startd_10002_9b31>
...
006 (4596334.000.000) 2025-01-30 13:18:41 Image size of job updated: 298548
	7  -  MemoryUsage of job (MB)
	7020  -  ResidentSetSize of job (KB)
...
006 (4596334.000.000) 2025-01-30 13:23:41 Image size of job updated: 3515308
	292  -  MemoryUsage of job (MB)
	298692  -  ResidentSetSize of job (KB)
...
006 (4596334.000.000) 2025-01-30 13:28:42 Image size of job updated: 4910608
	1290  -  MemoryUsage of job (MB)
	1320144  -  ResidentSetSize of job (KB)
...
006 (4596334.000.000) 2025-01-30 13:33:42 Image size of job updated: 7258256
	4029  -  MemoryUsage of job (MB)
	4124780  -  ResidentSetSize of job (KB)
...
006 (4596334.000.000) 2025-01-30 13:38:42 Image size of job updated: 9650308
	5552  -  MemoryUsage of job (MB)
	5684716  -  ResidentSetSize of job (KB)
...
006 (4596334.000.000) 2025-01-30 13:43:44 Image size of job updated: 11666988
	8384  -  MemoryUsage of job (MB)
	8584468  -  ResidentSetSize of job (KB)
...
006 (4596334.000.000) 2025-01-30 13:48:44 Image size of job updated: 13745384
	9463  -  MemoryUsage of job (MB)
	9689796  -  ResidentSetSize of job (KB)
...
006 (4596334.000.000) 2025-01-30 13:53:44 Image size of job updated: 15593348
	12195  -  MemoryUsage of job (MB)
	12487016  -  ResidentSetSize of job (KB)
...
006 (4596334.000.000) 2025-01-30 13:58:45 Image size of job updated: 18685340
	13809  -  MemoryUsage of job (MB)
	14139920  -  ResidentSetSize of job (KB)
...
006 (4596334.000.000) 2025-01-30 14:03:46 Image size of job updated: 19668568
	16092  -  MemoryUsage of job (MB)
	16477640  -  ResidentSetSize of job (KB)
...
006 (4596334.000.000) 2025-01-30 14:08:46 Image size of job updated: 22901536
	17731  -  MemoryUsage of job (MB)
	18155564  -  ResidentSetSize of job (KB)
...
006 (4596334.000.000) 2025-01-30 14:13:47 Image size of job updated: 23971700
	20164  -  MemoryUsage of job (MB)
	20647404  -  ResidentSetSize of job (KB)
...
006 (4596334.000.000) 2025-01-30 14:18:48 Image size of job updated: 27094084
	21798  -  MemoryUsage of job (MB)
	22320344  -  ResidentSetSize of job (KB)
...
006 (4596334.000.000) 2025-01-30 14:23:48 Image size of job updated: 28585176
	24841  -  MemoryUsage of job (MB)
	25436264  -  ResidentSetSize of job (KB)
...
006 (4596334.000.000) 2025-01-30 14:28:49 Image size of job updated: 31959124
	27408  -  MemoryUsage of job (MB)
	28065076  -  ResidentSetSize of job (KB)
...
006 (4596334.000.000) 2025-01-30 14:33:50 Image size of job updated: 35081404
	31129  -  MemoryUsage of job (MB)
	31875824  -  ResidentSetSize of job (KB)
...
006 (4596334.000.000) 2025-01-30 14:38:50 Image size of job updated: 37071752
	32938  -  MemoryUsage of job (MB)
	33727688  -  ResidentSetSize of job (KB)
...
006 (4596334.000.000) 2025-01-30 14:43:50 Image size of job updated: 41659032
	36129  -  MemoryUsage of job (MB)
	36996056  -  ResidentSetSize of job (KB)
...
006 (4596334.000.000) 2025-01-30 14:48:51 Image size of job updated: 42788756
	38676  -  MemoryUsage of job (MB)
	39603952  -  ResidentSetSize of job (KB)
...
006 (4596334.000.000) 2025-01-30 14:53:51 Image size of job updated: 46320560
	41112  -  MemoryUsage of job (MB)
	42097912  -  ResidentSetSize of job (KB)
...
006 (4596334.000.000) 2025-01-30 14:58:51 Image size of job updated: 48606172
	44462  -  MemoryUsage of job (MB)
	45529076  -  ResidentSetSize of job (KB)
...
006 (4596334.000.000) 2025-01-30 15:03:52 Image size of job updated: 51095856
	46246  -  MemoryUsage of job (MB)
	47355640  -  ResidentSetSize of job (KB)
...
006 (4596334.000.000) 2025-01-30 15:08:52 Image size of job updated: 55287400
	49230  -  MemoryUsage of job (MB)
	50410676  -  ResidentSetSize of job (KB)
...
006 (4596334.000.000) 2025-01-30 15:13:52 Image size of job updated: 55955304
	51342  -  MemoryUsage of job (MB)
	52573592  -  ResidentSetSize of job (KB)
...
006 (4596334.000.000) 2025-01-30 15:18:53 Image size of job updated: 59286572
	53584  -  MemoryUsage of job (MB)
	54869296  -  ResidentSetSize of job (KB)
...
006 (4596334.000.000) 2025-01-30 15:23:54 Image size of job updated: 60833540
	56454  -  MemoryUsage of job (MB)
	57808384  -  ResidentSetSize of job (KB)
...
006 (4596334.000.000) 2025-01-30 15:25:43 Image size of job updated: 62440912
	56454  -  MemoryUsage of job (MB)
	57808384  -  ResidentSetSize of job (KB)
...
005 (4596334.000.000) 2025-01-30 15:25:43 Job terminated.
	(1) Normal termination (return value 0)
		Usr 0 01:34:47, Sys 0 00:09:57  -  Run Remote Usage
		Usr 0 00:00:00, Sys 0 00:00:00  -  Run Local Usage
		Usr 0 01:34:47, Sys 0 00:09:57  -  Total Remote Usage
		Usr 0 00:00:00, Sys 0 00:00:00  -  Total Local Usage
	0  -  Run Bytes Sent By Job
	0  -  Run Bytes Received By Job
	0  -  Total Bytes Sent By Job
	0  -  Total Bytes Received By Job
	Partitionable Resources :    Usage  Request Allocated 
	   Cpus                 :     0.94        1         1 
	   Disk (KB)            :     2           2   6681168 
	   Memory (MB)          : 56454      128192    128256 
	   xferslots            :                           0 

	Job terminated of its own accord at 2025-01-30T20:25:43Z with exit-code 0.
...
000 (4597538.000.000) 2025-02-02 20:58:49 Job submitted from host: <130.199.48.82:9618?addrs=130.199.48.82-9618&alias=rcas2063.rcf.bnl.gov&noUDP&sock=schedd_23786_1176>
...
001 (4597538.000.000) 2025-02-02 21:05:05 Job executing on host: <130.199.186.70:9618?addrs=130.199.186.70-9618&alias=spool1833.sdcc.bnl.gov&noUDP&sock=startd_75440_e839>
...
006 (4597538.000.000) 2025-02-02 21:05:14 Image size of job updated: 227536
	0  -  MemoryUsage of job (MB)
	0  -  ResidentSetSize of job (KB)
...
005 (4597538.000.000) 2025-02-02 21:05:14 Job terminated.
	(1) Normal termination (return value 139)
		Usr 0 00:00:06, Sys 0 00:00:02  -  Run Remote Usage
		Usr 0 00:00:00, Sys 0 00:00:00  -  Run Local Usage
		Usr 0 00:00:06, Sys 0 00:00:02  -  Total Remote Usage
		Usr 0 00:00:00, Sys 0 00:00:00  -  Total Local Usage
	0  -  Run Bytes Sent By Job
	0  -  Run Bytes Received By Job
	0  -  Total Bytes Sent By Job
	0  -  Total Bytes Received By Job
	Partitionable Resources :    Usage  Request Allocated 
	   Cpus                 :                 1         1 
	   Disk (KB)            :        2        2   6681555 
	   Memory (MB)          :        0   128192    128256 
	   xferslots            :                           0 

	Job terminated of its own accord at 2025-02-03T02:05:14Z with exit-code 139.
...
