000 (4598693.000.000) 2025-02-02 21:00:56 Job submitted from host: <130.199.48.82:9618?addrs=130.199.48.82-9618&alias=rcas2063.rcf.bnl.gov&noUDP&sock=schedd_23786_1176>
...
001 (4598693.000.000) 2025-02-02 21:07:08 Job executing on host: <130.199.184.157:9618?addrs=130.199.184.157-9618&alias=spool1766.sdcc.bnl.gov&noUDP&sock=startd_29367_625e>
...
006 (4598693.000.000) 2025-02-02 21:07:17 Image size of job updated: 295848
	171  -  MemoryUsage of job (MB)
	175092  -  ResidentSetSize of job (KB)
...
006 (4598693.000.000) 2025-02-02 21:07:19 Image size of job updated: 295892
	172  -  MemoryUsage of job (MB)
	175136  -  ResidentSetSize of job (KB)
...
005 (4598693.000.000) 2025-02-02 21:07:19 Job terminated.
	(1) Normal termination (return value 139)
		Usr 0 00:00:06, Sys 0 00:00:02  -  Run Remote Usage
		Usr 0 00:00:00, Sys 0 00:00:00  -  Run Local Usage
		Usr 0 00:00:06, Sys 0 00:00:02  -  Total Remote Usage
		Usr 0 00:00:00, Sys 0 00:00:00  -  Total Local Usage
	0  -  Run Bytes Sent By Job
	0  -  Run Bytes Received By Job
	0  -  Total Bytes Sent By Job
	0  -  Total Bytes Received By Job
	Partitionable Resources :    Usage  Request Allocated 
	   Cpus                 :                 1         1 
	   Disk (KB)            :        2        2   6681612 
	   Memory (MB)          :      172   128192    128256 
	   xferslots            :                           0 

	Job terminated of its own accord at 2025-02-03T02:07:19Z with exit-code 139.
...
