000 (4596196.000.000) 2025-01-28 23:09:43 Job submitted from host: <130.199.48.82:9618?addrs=130.199.48.82-9618&alias=rcas2063.rcf.bnl.gov&noUDP&sock=schedd_23786_1176>
...
001 (4596196.000.000) 2025-01-29 01:35:49 Job executing on host: <130.199.186.82:9618?addrs=130.199.186.82-9618&alias=spool1845.sdcc.bnl.gov&noUDP&sock=startd_71843_8085>
...
006 (4596196.000.000) 2025-01-29 01:35:57 Image size of job updated: 388016
	111  -  MemoryUsage of job (MB)
	113572  -  ResidentSetSize of job (KB)
...
006 (4596196.000.000) 2025-01-29 01:35:59 Image size of job updated: 388016
	111  -  MemoryUsage of job (MB)
	113580  -  ResidentSetSize of job (KB)
...
005 (4596196.000.000) 2025-01-29 01:36:00 Job terminated.
	(1) Normal termination (return value 0)
		Usr 0 00:00:03, Sys 0 00:00:02  -  Run Remote Usage
		Usr 0 00:00:00, Sys 0 00:00:00  -  Run Local Usage
		Usr 0 00:00:03, Sys 0 00:00:02  -  Total Remote Usage
		Usr 0 00:00:00, Sys 0 00:00:00  -  Total Local Usage
	0  -  Run Bytes Sent By Job
	0  -  Run Bytes Received By Job
	0  -  Total Bytes Sent By Job
	0  -  Total Bytes Received By Job
	Partitionable Resources :    Usage  Request Allocated 
	   Cpus                 :                 1         1 
	   Disk (KB)            :        2        2   6681620 
	   Memory (MB)          :      111   128192    128256 
	   xferslots            :                           0 

	Job terminated of its own accord at 2025-01-29T06:35:59Z with exit-code 0.
...
000 (4597217.000.000) 2025-01-30 00:28:43 Job submitted from host: <130.199.48.82:9618?addrs=130.199.48.82-9618&alias=rcas2063.rcf.bnl.gov&noUDP&sock=schedd_23786_1176>
...
009 (4597217.000.000) 2025-01-30 19:29:37 Job was aborted.
	via condor_rm (by user sgross)
...
000 (4598421.000.000) 2025-02-02 21:00:28 Job submitted from host: <130.199.48.82:9618?addrs=130.199.48.82-9618&alias=rcas2063.rcf.bnl.gov&noUDP&sock=schedd_23786_1176>
...
001 (4598421.000.000) 2025-02-02 21:06:47 Job executing on host: <130.199.186.93:9618?addrs=130.199.186.93-9618&alias=spool1856.sdcc.bnl.gov&noUDP&sock=startd_8097_b2a1>
...
006 (4598421.000.000) 2025-02-02 21:06:55 Image size of job updated: 584636
	336  -  MemoryUsage of job (MB)
	343240  -  ResidentSetSize of job (KB)
...
005 (4598421.000.000) 2025-02-02 21:06:55 Job terminated.
	(1) Normal termination (return value 139)
		Usr 0 00:00:06, Sys 0 00:00:01  -  Run Remote Usage
		Usr 0 00:00:00, Sys 0 00:00:00  -  Run Local Usage
		Usr 0 00:00:06, Sys 0 00:00:01  -  Total Remote Usage
		Usr 0 00:00:00, Sys 0 00:00:00  -  Total Local Usage
	0  -  Run Bytes Sent By Job
	0  -  Run Bytes Received By Job
	0  -  Total Bytes Sent By Job
	0  -  Total Bytes Received By Job
	Partitionable Resources :    Usage  Request Allocated 
	   Cpus                 :                 1         1 
	   Disk (KB)            :        2        2   6681628 
	   Memory (MB)          :      336   128192    128256 
	   xferslots            :                           0 

	Job terminated of its own accord at 2025-02-03T02:06:55Z with exit-code 139.
...
000 (4608138.000.000) 2025-02-03 00:30:00 Job submitted from host: <130.199.48.82:9618?addrs=130.199.48.82-9618&alias=rcas2063.rcf.bnl.gov&noUDP&sock=schedd_23786_1176>
...
