000 (4599449.000.000) 2025-02-02 21:02:14 Job submitted from host: <130.199.48.82:9618?addrs=130.199.48.82-9618&alias=rcas2063.rcf.bnl.gov&noUDP&sock=schedd_23786_1176>
...
001 (4599449.000.000) 2025-02-02 21:08:08 Job executing on host: <130.199.151.4:9618?addrs=130.199.151.4-9618&alias=spool1582.sdcc.bnl.gov&noUDP&sock=startd_39246_f689>
...
006 (4599449.000.000) 2025-02-02 21:08:16 Image size of job updated: 293264
	172  -  MemoryUsage of job (MB)
	175132  -  ResidentSetSize of job (KB)
...
006 (4599449.000.000) 2025-02-02 21:08:18 Image size of job updated: 3588152
	172  -  MemoryUsage of job (MB)
	175136  -  ResidentSetSize of job (KB)
...
005 (4599449.000.000) 2025-02-02 21:08:18 Job terminated.
	(1) Normal termination (return value 139)
		Usr 0 00:00:06, Sys 0 00:00:02  -  Run Remote Usage
		Usr 0 00:00:00, Sys 0 00:00:00  -  Run Local Usage
		Usr 0 00:00:06, Sys 0 00:00:02  -  Total Remote Usage
		Usr 0 00:00:00, Sys 0 00:00:00  -  Total Local Usage
	0  -  Run Bytes Sent By Job
	0  -  Run Bytes Received By Job
	0  -  Total Bytes Sent By Job
	0  -  Total Bytes Received By Job
	Partitionable Resources :    Usage  Request Allocated 
	   Cpus                 :                 1         1 
	   Disk (KB)            :        2        2   6681231 
	   Memory (MB)          :      172   128192    128256 
	   xferslots            :                           0 

	Job terminated of its own accord at 2025-02-03T02:08:18Z with exit-code 139.
...
