000 (4595223.000.000) 2025-01-28 23:08:24 Job submitted from host: <130.199.48.82:9618?addrs=130.199.48.82-9618&alias=rcas2063.rcf.bnl.gov&noUDP&sock=schedd_23786_1176>
...
001 (4595223.000.000) 2025-01-29 01:06:14 Job executing on host: <130.199.151.33:9618?addrs=130.199.151.33-9618&alias=spool1611.sdcc.bnl.gov&noUDP&sock=startd_368_911c>
...
006 (4595223.000.000) 2025-01-29 01:06:22 Image size of job updated: 154860
	86  -  MemoryUsage of job (MB)
	88024  -  ResidentSetSize of job (KB)
...
006 (4595223.000.000) 2025-01-29 01:06:26 Image size of job updated: 189684
	87  -  MemoryUsage of job (MB)
	88068  -  ResidentSetSize of job (KB)
...
005 (4595223.000.000) 2025-01-29 01:06:26 Job terminated.
	(1) Normal termination (return value 0)
		Usr 0 00:00:04, Sys 0 00:00:02  -  Run Remote Usage
		Usr 0 00:00:00, Sys 0 00:00:00  -  Run Local Usage
		Usr 0 00:00:04, Sys 0 00:00:02  -  Total Remote Usage
		Usr 0 00:00:00, Sys 0 00:00:00  -  Total Local Usage
	0  -  Run Bytes Sent By Job
	0  -  Run Bytes Received By Job
	0  -  Total Bytes Sent By Job
	0  -  Total Bytes Received By Job
	Partitionable Resources :    Usage  Request Allocated 
	   Cpus                 :                 1         1 
	   Disk (KB)            :        2        2   6681232 
	   Memory (MB)          :       87   128192    128256 
	   xferslots            :                           0 

	Job terminated of its own accord at 2025-01-29T06:06:26Z with exit-code 0.
...
000 (4596244.000.000) 2025-01-30 00:27:06 Job submitted from host: <130.199.48.82:9618?addrs=130.199.48.82-9618&alias=rcas2063.rcf.bnl.gov&noUDP&sock=schedd_23786_1176>
...
001 (4596244.000.000) 2025-01-30 10:12:57 Job executing on host: <130.199.150.77:9618?addrs=130.199.150.77-9618&alias=spool1558.sdcc.bnl.gov&noUDP&sock=startd_18961_0441>
...
006 (4596244.000.000) 2025-01-30 10:13:05 Image size of job updated: 298160
	7  -  MemoryUsage of job (MB)
	6388  -  ResidentSetSize of job (KB)
...
006 (4596244.000.000) 2025-01-30 10:18:05 Image size of job updated: 4651936
	837  -  MemoryUsage of job (MB)
	856804  -  ResidentSetSize of job (KB)
...
006 (4596244.000.000) 2025-01-30 10:23:06 Image size of job updated: 7750896
	4600  -  MemoryUsage of job (MB)
	4709380  -  ResidentSetSize of job (KB)
...
006 (4596244.000.000) 2025-01-30 10:28:07 Image size of job updated: 10605584
	6866  -  MemoryUsage of job (MB)
	7030300  -  ResidentSetSize of job (KB)
...
006 (4596244.000.000) 2025-01-30 10:33:07 Image size of job updated: 14166328
	9785  -  MemoryUsage of job (MB)
	10019428  -  ResidentSetSize of job (KB)
...
006 (4596244.000.000) 2025-01-30 10:38:08 Image size of job updated: 16150704
	12891  -  MemoryUsage of job (MB)
	13199808  -  ResidentSetSize of job (KB)
...
006 (4596244.000.000) 2025-01-30 10:43:09 Image size of job updated: 18975224
	15125  -  MemoryUsage of job (MB)
	15487916  -  ResidentSetSize of job (KB)
...
006 (4596244.000.000) 2025-01-30 10:48:09 Image size of job updated: 22529772
	17733  -  MemoryUsage of job (MB)
	18158068  -  ResidentSetSize of job (KB)
...
006 (4596244.000.000) 2025-01-30 10:53:09 Image size of job updated: 24479216
	20974  -  MemoryUsage of job (MB)
	21476476  -  ResidentSetSize of job (KB)
...
006 (4596244.000.000) 2025-01-30 10:58:10 Image size of job updated: 27218968
	22789  -  MemoryUsage of job (MB)
	23335444  -  ResidentSetSize of job (KB)
...
006 (4596244.000.000) 2025-01-30 11:03:10 Image size of job updated: 30611452
	26409  -  MemoryUsage of job (MB)
	27042012  -  ResidentSetSize of job (KB)
...
006 (4596244.000.000) 2025-01-30 11:08:10 Image size of job updated: 32006812
	27980  -  MemoryUsage of job (MB)
	28650848  -  ResidentSetSize of job (KB)
...
006 (4596244.000.000) 2025-01-30 11:13:11 Image size of job updated: 35326796
	30641  -  MemoryUsage of job (MB)
	31375648  -  ResidentSetSize of job (KB)
...
006 (4596244.000.000) 2025-01-30 11:18:11 Image size of job updated: 37150212
	33312  -  MemoryUsage of job (MB)
	34110556  -  ResidentSetSize of job (KB)
...
006 (4596244.000.000) 2025-01-30 11:23:11 Image size of job updated: 40245236
	35540  -  MemoryUsage of job (MB)
	36392680  -  ResidentSetSize of job (KB)
...
006 (4596244.000.000) 2025-01-30 11:28:12 Image size of job updated: 43059572
	38664  -  MemoryUsage of job (MB)
	39590956  -  ResidentSetSize of job (KB)
...
006 (4596244.000.000) 2025-01-30 11:33:13 Image size of job updated: 44529272
	40180  -  MemoryUsage of job (MB)
	41143952  -  ResidentSetSize of job (KB)
...
006 (4596244.000.000) 2025-01-30 11:38:13 Image size of job updated: 49613480
	43415  -  MemoryUsage of job (MB)
	44456540  -  ResidentSetSize of job (KB)
...
006 (4596244.000.000) 2025-01-30 11:43:14 Image size of job updated: 49965608
	45125  -  MemoryUsage of job (MB)
	46207468  -  ResidentSetSize of job (KB)
...
006 (4596244.000.000) 2025-01-30 11:48:15 Image size of job updated: 53262692
	48814  -  MemoryUsage of job (MB)
	49985516  -  ResidentSetSize of job (KB)
...
006 (4596244.000.000) 2025-01-30 11:53:15 Image size of job updated: 54727400
	49959  -  MemoryUsage of job (MB)
	51157376  -  ResidentSetSize of job (KB)
...
006 (4596244.000.000) 2025-01-30 11:58:15 Image size of job updated: 57748280
	53304  -  MemoryUsage of job (MB)
	54583152  -  ResidentSetSize of job (KB)
...
006 (4596244.000.000) 2025-01-30 11:58:42 Image size of job updated: 57995336
	53304  -  MemoryUsage of job (MB)
	54583152  -  ResidentSetSize of job (KB)
...
005 (4596244.000.000) 2025-01-30 11:58:42 Job terminated.
	(1) Normal termination (return value 0)
		Usr 0 01:25:33, Sys 0 00:08:39  -  Run Remote Usage
		Usr 0 00:00:00, Sys 0 00:00:00  -  Run Local Usage
		Usr 0 01:25:33, Sys 0 00:08:39  -  Total Remote Usage
		Usr 0 00:00:00, Sys 0 00:00:00  -  Total Local Usage
	0  -  Run Bytes Sent By Job
	0  -  Run Bytes Received By Job
	0  -  Total Bytes Sent By Job
	0  -  Total Bytes Received By Job
	Partitionable Resources :    Usage  Request Allocated 
	   Cpus                 :     0.99        1         1 
	   Disk (KB)            :     2           2   6681238 
	   Memory (MB)          : 53304      128192    128256 
	   xferslots            :                           0 

	Job terminated of its own accord at 2025-01-30T16:58:42Z with exit-code 0.
...
000 (4597448.000.000) 2025-02-02 20:58:38 Job submitted from host: <130.199.48.82:9618?addrs=130.199.48.82-9618&alias=rcas2063.rcf.bnl.gov&noUDP&sock=schedd_23786_1176>
...
001 (4597448.000.000) 2025-02-02 21:04:25 Job executing on host: <130.199.186.10:9618?addrs=130.199.186.10-9618&alias=spool1807.sdcc.bnl.gov&noUDP&sock=startd_68265_1c36>
...
006 (4597448.000.000) 2025-02-02 21:04:33 Image size of job updated: 262536
	147  -  MemoryUsage of job (MB)
	150036  -  ResidentSetSize of job (KB)
...
006 (4597448.000.000) 2025-02-02 21:04:36 Image size of job updated: 465692
	147  -  MemoryUsage of job (MB)
	150036  -  ResidentSetSize of job (KB)
...
005 (4597448.000.000) 2025-02-02 21:04:36 Job terminated.
	(1) Normal termination (return value 139)
		Usr 0 00:00:05, Sys 0 00:00:02  -  Run Remote Usage
		Usr 0 00:00:00, Sys 0 00:00:00  -  Run Local Usage
		Usr 0 00:00:05, Sys 0 00:00:02  -  Total Remote Usage
		Usr 0 00:00:00, Sys 0 00:00:00  -  Total Local Usage
	0  -  Run Bytes Sent By Job
	0  -  Run Bytes Received By Job
	0  -  Total Bytes Sent By Job
	0  -  Total Bytes Received By Job
	Partitionable Resources :    Usage  Request Allocated 
	   Cpus                 :                 1         1 
	   Disk (KB)            :        2        2   6681630 
	   Memory (MB)          :      147   128192    128256 
	   xferslots            :                           0 

	Job terminated of its own accord at 2025-02-03T02:04:36Z with exit-code 139.
...
