000 (4601930.000.000) 2025-02-02 21:07:14 Job submitted from host: <130.199.48.82:9618?addrs=130.199.48.82-9618&alias=rcas2063.rcf.bnl.gov&noUDP&sock=schedd_23786_1176>
...
001 (4601930.000.000) 2025-02-02 21:11:20 Job executing on host: <130.199.150.78:9618?addrs=130.199.150.78-9618&alias=spool1559.sdcc.bnl.gov&noUDP&sock=startd_41793_0e6f>
...
006 (4601930.000.000) 2025-02-02 21:11:29 Image size of job updated: 376216
	241  -  MemoryUsage of job (MB)
	246612  -  ResidentSetSize of job (KB)
...
006 (4601930.000.000) 2025-02-02 21:11:31 Image size of job updated: 392456
	243  -  MemoryUsage of job (MB)
	248500  -  ResidentSetSize of job (KB)
...
005 (4601930.000.000) 2025-02-02 21:11:31 Job terminated.
	(1) Normal termination (return value 139)
		Usr 0 00:00:06, Sys 0 00:00:01  -  Run Remote Usage
		Usr 0 00:00:00, Sys 0 00:00:00  -  Run Local Usage
		Usr 0 00:00:06, Sys 0 00:00:01  -  Total Remote Usage
		Usr 0 00:00:00, Sys 0 00:00:00  -  Total Local Usage
	0  -  Run Bytes Sent By Job
	0  -  Run Bytes Received By Job
	0  -  Total Bytes Sent By Job
	0  -  Total Bytes Received By Job
	Partitionable Resources :    Usage  Request Allocated 
	   Cpus                 :     0.23        1         1 
	   Disk (KB)            :     2           2   6681235 
	   Memory (MB)          :   243      128192    128256 
	   xferslots            :                           0 

	Job terminated of its own accord at 2025-02-03T02:11:31Z with exit-code 139.
...
