000 (4603759.000.000) 2025-02-02 21:13:29 Job submitted from host: <130.199.48.82:9618?addrs=130.199.48.82-9618&alias=rcas2063.rcf.bnl.gov&noUDP&sock=schedd_23786_1176>
...
001 (4603759.000.000) 2025-02-02 21:13:39 Job executing on host: <130.199.186.15:9618?addrs=130.199.186.15-9618&alias=spool1812.sdcc.bnl.gov&noUDP&sock=startd_25324_d367>
...
006 (4603759.000.000) 2025-02-02 21:13:48 Image size of job updated: 466764
	333  -  MemoryUsage of job (MB)
	340036  -  ResidentSetSize of job (KB)
...
006 (4603759.000.000) 2025-02-02 21:13:49 Image size of job updated: 466808
	333  -  MemoryUsage of job (MB)
	340040  -  ResidentSetSize of job (KB)
...
005 (4603759.000.000) 2025-02-02 21:13:50 Job terminated.
	(1) Normal termination (return value 139)
		Usr 0 00:00:06, Sys 0 00:00:01  -  Run Remote Usage
		Usr 0 00:00:00, Sys 0 00:00:00  -  Run Local Usage
		Usr 0 00:00:06, Sys 0 00:00:01  -  Total Remote Usage
		Usr 0 00:00:00, Sys 0 00:00:00  -  Total Local Usage
	0  -  Run Bytes Sent By Job
	0  -  Run Bytes Received By Job
	0  -  Total Bytes Sent By Job
	0  -  Total Bytes Received By Job
	Partitionable Resources :    Usage  Request Allocated 
	   Cpus                 :                 1         1 
	   Disk (KB)            :        2        2   6681621 
	   Memory (MB)          :      333   128192    128256 
	   xferslots            :                           0 

	Job terminated of its own accord at 2025-02-03T02:13:49Z with exit-code 139.
...
