000 (4605994.000.000) 2025-02-02 21:18:29 Job submitted from host: <130.199.48.82:9618?addrs=130.199.48.82-9618&alias=rcas2063.rcf.bnl.gov&noUDP&sock=schedd_23786_1176>
...
001 (4605994.000.000) 2025-02-02 21:18:30 Job executing on host: <130.199.184.218:9618?addrs=130.199.184.218-9618&alias=spool1793.sdcc.bnl.gov&noUDP&sock=startd_43997_9835>
...
006 (4605994.000.000) 2025-02-02 21:18:39 Image size of job updated: 209352
	121  -  MemoryUsage of job (MB)
	123392  -  ResidentSetSize of job (KB)
...
006 (4605994.000.000) 2025-02-02 21:18:43 Image size of job updated: 211120
	121  -  MemoryUsage of job (MB)
	123616  -  ResidentSetSize of job (KB)
...
005 (4605994.000.000) 2025-02-02 21:18:44 Job terminated.
	(1) Normal termination (return value 139)
		Usr 0 00:00:05, Sys 0 00:00:01  -  Run Remote Usage
		Usr 0 00:00:00, Sys 0 00:00:00  -  Run Local Usage
		Usr 0 00:00:05, Sys 0 00:00:01  -  Total Remote Usage
		Usr 0 00:00:00, Sys 0 00:00:00  -  Total Local Usage
	0  -  Run Bytes Sent By Job
	0  -  Run Bytes Received By Job
	0  -  Total Bytes Sent By Job
	0  -  Total Bytes Received By Job
	Partitionable Resources :    Usage  Request Allocated 
	   Cpus                 :                 1         1 
	   Disk (KB)            :        2        2   6681633 
	   Memory (MB)          :      121   128192    128256 
	   xferslots            :                           0 

	Job terminated of its own accord at 2025-02-03T02:18:43Z with exit-code 139.
...
