000 (4595995.000.000) 2025-01-28 23:09:26 Job submitted from host: <130.199.48.82:9618?addrs=130.199.48.82-9618&alias=rcas2063.rcf.bnl.gov&noUDP&sock=schedd_23786_1176>
...
001 (4595995.000.000) 2025-01-29 01:32:51 Job executing on host: <130.199.184.198:9618?addrs=130.199.184.198-9618&alias=spool1773.sdcc.bnl.gov&noUDP&sock=startd_12597_e416>
...
006 (4595995.000.000) 2025-01-29 01:32:59 Image size of job updated: 203852
	120  -  MemoryUsage of job (MB)
	122556  -  ResidentSetSize of job (KB)
...
006 (4595995.000.000) 2025-01-29 01:33:01 Image size of job updated: 238380
	120  -  MemoryUsage of job (MB)
	122576  -  ResidentSetSize of job (KB)
...
005 (4595995.000.000) 2025-01-29 01:33:01 Job terminated.
	(1) Normal termination (return value 0)
		Usr 0 00:00:04, Sys 0 00:00:01  -  Run Remote Usage
		Usr 0 00:00:00, Sys 0 00:00:00  -  Run Local Usage
		Usr 0 00:00:04, Sys 0 00:00:01  -  Total Remote Usage
		Usr 0 00:00:00, Sys 0 00:00:00  -  Total Local Usage
	0  -  Run Bytes Sent By Job
	0  -  Run Bytes Received By Job
	0  -  Total Bytes Sent By Job
	0  -  Total Bytes Received By Job
	Partitionable Resources :    Usage  Request Allocated 
	   Cpus                 :                 1         1 
	   Disk (KB)            :        2        2   6681627 
	   Memory (MB)          :      120   128192    128256 
	   xferslots            :                           0 

	Job terminated of its own accord at 2025-01-29T06:33:01Z with exit-code 0.
...
000 (4597016.000.000) 2025-01-30 00:28:23 Job submitted from host: <130.199.48.82:9618?addrs=130.199.48.82-9618&alias=rcas2063.rcf.bnl.gov&noUDP&sock=schedd_23786_1176>
...
009 (4597016.000.000) 2025-01-30 19:29:37 Job was aborted.
	via condor_rm (by user sgross)
...
000 (4598220.000.000) 2025-02-02 21:00:06 Job submitted from host: <130.199.48.82:9618?addrs=130.199.48.82-9618&alias=rcas2063.rcf.bnl.gov&noUDP&sock=schedd_23786_1176>
...
001 (4598220.000.000) 2025-02-02 21:06:29 Job executing on host: <130.199.186.67:9618?addrs=130.199.186.67-9618&alias=spool1830.sdcc.bnl.gov&noUDP&sock=startd_13059_1bae>
...
006 (4598220.000.000) 2025-02-02 21:06:38 Image size of job updated: 468292
	334  -  MemoryUsage of job (MB)
	341764  -  ResidentSetSize of job (KB)
...
005 (4598220.000.000) 2025-02-02 21:06:39 Job terminated.
	(1) Normal termination (return value 139)
		Usr 0 00:00:06, Sys 0 00:00:01  -  Run Remote Usage
		Usr 0 00:00:00, Sys 0 00:00:00  -  Run Local Usage
		Usr 0 00:00:06, Sys 0 00:00:01  -  Total Remote Usage
		Usr 0 00:00:00, Sys 0 00:00:00  -  Total Local Usage
	0  -  Run Bytes Sent By Job
	0  -  Run Bytes Received By Job
	0  -  Total Bytes Sent By Job
	0  -  Total Bytes Received By Job
	Partitionable Resources :    Usage  Request Allocated 
	   Cpus                 :                 1         1 
	   Disk (KB)            :        2        2   6681619 
	   Memory (MB)          :      334   128192    128256 
	   xferslots            :                           0 

	Job terminated of its own accord at 2025-02-03T02:06:39Z with exit-code 139.
...
000 (4607937.000.000) 2025-02-03 00:29:38 Job submitted from host: <130.199.48.82:9618?addrs=130.199.48.82-9618&alias=rcas2063.rcf.bnl.gov&noUDP&sock=schedd_23786_1176>
...
