000 (4605002.000.000) 2025-02-02 21:16:17 Job submitted from host: <130.199.48.82:9618?addrs=130.199.48.82-9618&alias=rcas2063.rcf.bnl.gov&noUDP&sock=schedd_23786_1176>
...
001 (4605002.000.000) 2025-02-02 21:16:17 Job executing on host: <130.199.150.94:9618?addrs=130.199.150.94-9618&alias=spool1575.sdcc.bnl.gov&noUDP&sock=startd_12389_0fc4>
...
006 (4605002.000.000) 2025-02-02 21:16:26 Image size of job updated: 2929024
	336  -  MemoryUsage of job (MB)
	343624  -  ResidentSetSize of job (KB)
...
005 (4605002.000.000) 2025-02-02 21:16:26 Job terminated.
	(1) Normal termination (return value 139)
		Usr 0 00:00:05, Sys 0 00:00:01  -  Run Remote Usage
		Usr 0 00:00:00, Sys 0 00:00:00  -  Run Local Usage
		Usr 0 00:00:05, Sys 0 00:00:01  -  Total Remote Usage
		Usr 0 00:00:00, Sys 0 00:00:00  -  Total Local Usage
	0  -  Run Bytes Sent By Job
	0  -  Run Bytes Received By Job
	0  -  Total Bytes Sent By Job
	0  -  Total Bytes Received By Job
	Partitionable Resources :    Usage  Request Allocated 
	   Cpus                 :     0.68        1         1 
	   Disk (KB)            :     2           2   6681229 
	   Memory (MB)          :   336      128192    128256 
	   xferslots            :                           0 

	Job terminated of its own accord at 2025-02-03T02:16:26Z with exit-code 139.
...
