000 (4602321.000.000) 2025-02-02 21:08:37 Job submitted from host: <130.199.48.82:9618?addrs=130.199.48.82-9618&alias=rcas2063.rcf.bnl.gov&noUDP&sock=schedd_23786_1176>
...
001 (4602321.000.000) 2025-02-02 21:11:50 Job executing on host: <130.199.184.214:9618?addrs=130.199.184.214-9618&alias=spool1789.sdcc.bnl.gov&noUDP&sock=startd_37765_3ec7>
...
006 (4602321.000.000) 2025-02-02 21:11:59 Image size of job updated: 325924
	147  -  MemoryUsage of job (MB)
	150088  -  ResidentSetSize of job (KB)
...
006 (4602321.000.000) 2025-02-02 21:12:02 Image size of job updated: 339636
	147  -  MemoryUsage of job (MB)
	150096  -  ResidentSetSize of job (KB)
...
005 (4602321.000.000) 2025-02-02 21:12:03 Job terminated.
	(1) Normal termination (return value 139)
		Usr 0 00:00:05, Sys 0 00:00:02  -  Run Remote Usage
		Usr 0 00:00:00, Sys 0 00:00:00  -  Run Local Usage
		Usr 0 00:00:05, Sys 0 00:00:02  -  Total Remote Usage
		Usr 0 00:00:00, Sys 0 00:00:00  -  Total Local Usage
	0  -  Run Bytes Sent By Job
	0  -  Run Bytes Received By Job
	0  -  Total Bytes Sent By Job
	0  -  Total Bytes Received By Job
	Partitionable Resources :    Usage  Request Allocated 
	   Cpus                 :                 1         1 
	   Disk (KB)            :        2        2   6681621 
	   Memory (MB)          :      147   128192    128256 
	   xferslots            :                           0 

	Job terminated of its own accord at 2025-02-03T02:12:02Z with exit-code 139.
...
