000 (4599091.000.000) 2025-02-02 21:01:37 Job submitted from host: <130.199.48.82:9618?addrs=130.199.48.82-9618&alias=rcas2063.rcf.bnl.gov&noUDP&sock=schedd_23786_1176>
...
001 (4599091.000.000) 2025-02-02 21:07:40 Job executing on host: <130.199.151.11:9618?addrs=130.199.151.11-9618&alias=spool1589.sdcc.bnl.gov&noUDP&sock=startd_1737_d68b>
...
006 (4599091.000.000) 2025-02-02 21:07:48 Image size of job updated: 391284
	255  -  MemoryUsage of job (MB)
	260800  -  ResidentSetSize of job (KB)
...
006 (4599091.000.000) 2025-02-02 21:07:49 Image size of job updated: 473872
	255  -  MemoryUsage of job (MB)
	260820  -  ResidentSetSize of job (KB)
...
005 (4599091.000.000) 2025-02-02 21:07:50 Job terminated.
	(1) Normal termination (return value 139)
		Usr 0 00:00:05, Sys 0 00:00:02  -  Run Remote Usage
		Usr 0 00:00:00, Sys 0 00:00:00  -  Run Local Usage
		Usr 0 00:00:05, Sys 0 00:00:02  -  Total Remote Usage
		Usr 0 00:00:00, Sys 0 00:00:00  -  Total Local Usage
	0  -  Run Bytes Sent By Job
	0  -  Run Bytes Received By Job
	0  -  Total Bytes Sent By Job
	0  -  Total Bytes Received By Job
	Partitionable Resources :    Usage  Request Allocated 
	   Cpus                 :                 1         1 
	   Disk (KB)            :        2        2   6681210 
	   Memory (MB)          :      255   128192    128256 
	   xferslots            :                           0 

	Job terminated of its own accord at 2025-02-03T02:07:49Z with exit-code 139.
...
