000 (4595641.000.000) 2025-01-28 23:08:58 Job submitted from host: <130.199.48.82:9618?addrs=130.199.48.82-9618&alias=rcas2063.rcf.bnl.gov&noUDP&sock=schedd_23786_1176>
...
001 (4595641.000.000) 2025-01-29 01:26:57 Job executing on host: <130.199.184.217:9618?addrs=130.199.184.217-9618&alias=spool1792.sdcc.bnl.gov&noUDP&sock=startd_72049_b2cc>
...
006 (4595641.000.000) 2025-01-29 01:27:05 Image size of job updated: 148840
	77  -  MemoryUsage of job (MB)
	78544  -  ResidentSetSize of job (KB)
...
006 (4595641.000.000) 2025-01-29 01:27:14 Image size of job updated: 565012
	77  -  MemoryUsage of job (MB)
	78560  -  ResidentSetSize of job (KB)
...
005 (4595641.000.000) 2025-01-29 01:27:14 Job terminated.
	(1) Normal termination (return value 0)
		Usr 0 00:00:04, Sys 0 00:00:02  -  Run Remote Usage
		Usr 0 00:00:00, Sys 0 00:00:00  -  Run Local Usage
		Usr 0 00:00:04, Sys 0 00:00:02  -  Total Remote Usage
		Usr 0 00:00:00, Sys 0 00:00:00  -  Total Local Usage
	0  -  Run Bytes Sent By Job
	0  -  Run Bytes Received By Job
	0  -  Total Bytes Sent By Job
	0  -  Total Bytes Received By Job
	Partitionable Resources :    Usage  Request Allocated 
	   Cpus                 :                 1         1 
	   Disk (KB)            :        2        2   6681623 
	   Memory (MB)          :       77   128192    128256 
	   xferslots            :                           0 

	Job terminated of its own accord at 2025-01-29T06:27:14Z with exit-code 0.
...
000 (4596662.000.000) 2025-01-30 00:27:49 Job submitted from host: <130.199.48.82:9618?addrs=130.199.48.82-9618&alias=rcas2063.rcf.bnl.gov&noUDP&sock=schedd_23786_1176>
...
001 (4596662.000.000) 2025-01-30 17:04:01 Job executing on host: <130.199.186.29:9618?addrs=130.199.186.29-9618&alias=spool1826.sdcc.bnl.gov&noUDP&sock=startd_62419_eccd>
...
006 (4596662.000.000) 2025-01-30 17:04:10 Image size of job updated: 391640
	89  -  MemoryUsage of job (MB)
	90124  -  ResidentSetSize of job (KB)
...
006 (4596662.000.000) 2025-01-30 17:09:11 Image size of job updated: 5303648
	523  -  MemoryUsage of job (MB)
	535172  -  ResidentSetSize of job (KB)
...
006 (4596662.000.000) 2025-01-30 17:14:11 Image size of job updated: 9330624
	4439  -  MemoryUsage of job (MB)
	4545488  -  ResidentSetSize of job (KB)
...
006 (4596662.000.000) 2025-01-30 17:19:11 Image size of job updated: 11725864
	8409  -  MemoryUsage of job (MB)
	8609836  -  ResidentSetSize of job (KB)
...
006 (4596662.000.000) 2025-01-30 17:24:12 Image size of job updated: 15099148
	11691  -  MemoryUsage of job (MB)
	11971396  -  ResidentSetSize of job (KB)
...
006 (4596662.000.000) 2025-01-30 17:29:12 Image size of job updated: 18434024
	14664  -  MemoryUsage of job (MB)
	15014980  -  ResidentSetSize of job (KB)
...
006 (4596662.000.000) 2025-01-30 17:34:12 Image size of job updated: 21412092
	17546  -  MemoryUsage of job (MB)
	17966524  -  ResidentSetSize of job (KB)
...
006 (4596662.000.000) 2025-01-30 17:39:13 Image size of job updated: 25397552
	20753  -  MemoryUsage of job (MB)
	21250768  -  ResidentSetSize of job (KB)
...
006 (4596662.000.000) 2025-01-30 17:44:14 Image size of job updated: 29482788
	24221  -  MemoryUsage of job (MB)
	24801492  -  ResidentSetSize of job (KB)
...
006 (4596662.000.000) 2025-01-30 17:49:14 Image size of job updated: 31153672
	27448  -  MemoryUsage of job (MB)
	28105960  -  ResidentSetSize of job (KB)
...
006 (4596662.000.000) 2025-01-30 17:54:15 Image size of job updated: 35053436
	30537  -  MemoryUsage of job (MB)
	31269564  -  ResidentSetSize of job (KB)
...
006 (4596662.000.000) 2025-01-30 17:59:16 Image size of job updated: 38573780
	33903  -  MemoryUsage of job (MB)
	34715864  -  ResidentSetSize of job (KB)
...
006 (4596662.000.000) 2025-01-30 18:04:16 Image size of job updated: 42624076
	37584  -  MemoryUsage of job (MB)
	38485200  -  ResidentSetSize of job (KB)
...
006 (4596662.000.000) 2025-01-30 18:09:16 Image size of job updated: 46490508
	41645  -  MemoryUsage of job (MB)
	42644132  -  ResidentSetSize of job (KB)
...
006 (4596662.000.000) 2025-01-30 18:14:17 Image size of job updated: 49047560
	44829  -  MemoryUsage of job (MB)
	45904408  -  ResidentSetSize of job (KB)
...
006 (4596662.000.000) 2025-01-30 18:19:17 Image size of job updated: 52916336
	48583  -  MemoryUsage of job (MB)
	49748380  -  ResidentSetSize of job (KB)
...
006 (4596662.000.000) 2025-01-30 18:19:34 Image size of job updated: 52934608
	48583  -  MemoryUsage of job (MB)
	49748380  -  ResidentSetSize of job (KB)
...
005 (4596662.000.000) 2025-01-30 18:19:35 Job terminated.
	(1) Normal termination (return value 0)
		Usr 0 01:10:43, Sys 0 00:08:22  -  Run Remote Usage
		Usr 0 00:00:00, Sys 0 00:00:00  -  Run Local Usage
		Usr 0 01:10:43, Sys 0 00:08:22  -  Total Remote Usage
		Usr 0 00:00:00, Sys 0 00:00:00  -  Total Local Usage
	0  -  Run Bytes Sent By Job
	0  -  Run Bytes Received By Job
	0  -  Total Bytes Sent By Job
	0  -  Total Bytes Received By Job
	Partitionable Resources :    Usage  Request Allocated 
	   Cpus                 :     1.01        1         1 
	   Disk (KB)            :     2           2   6681628 
	   Memory (MB)          : 48583      128192    128256 
	   xferslots            :                           0 

	Job terminated of its own accord at 2025-01-30T23:19:34Z with exit-code 0.
...
000 (4597866.000.000) 2025-02-02 20:59:26 Job submitted from host: <130.199.48.82:9618?addrs=130.199.48.82-9618&alias=rcas2063.rcf.bnl.gov&noUDP&sock=schedd_23786_1176>
...
001 (4597866.000.000) 2025-02-02 21:05:54 Job executing on host: <130.199.150.72:9618?addrs=130.199.150.72-9618&alias=spool1553.sdcc.bnl.gov&noUDP&sock=startd_35933_70bb>
...
006 (4597866.000.000) 2025-02-02 21:06:03 Image size of job updated: 215052
	119  -  MemoryUsage of job (MB)
	121428  -  ResidentSetSize of job (KB)
...
006 (4597866.000.000) 2025-02-02 21:06:09 Image size of job updated: 3039008
	119  -  MemoryUsage of job (MB)
	121440  -  ResidentSetSize of job (KB)
...
005 (4597866.000.000) 2025-02-02 21:06:09 Job terminated.
	(1) Normal termination (return value 139)
		Usr 0 00:00:06, Sys 0 00:00:02  -  Run Remote Usage
		Usr 0 00:00:00, Sys 0 00:00:00  -  Run Local Usage
		Usr 0 00:00:06, Sys 0 00:00:02  -  Total Remote Usage
		Usr 0 00:00:00, Sys 0 00:00:00  -  Total Local Usage
	0  -  Run Bytes Sent By Job
	0  -  Run Bytes Received By Job
	0  -  Total Bytes Sent By Job
	0  -  Total Bytes Received By Job
	Partitionable Resources :    Usage  Request Allocated 
	   Cpus                 :                 1         1 
	   Disk (KB)            :        2        2   6681238 
	   Memory (MB)          :      119   128192    128256 
	   xferslots            :                           0 

	Job terminated of its own accord at 2025-02-03T02:06:09Z with exit-code 139.
...
000 (4607583.000.000) 2025-02-03 00:28:57 Job submitted from host: <130.199.48.82:9618?addrs=130.199.48.82-9618&alias=rcas2063.rcf.bnl.gov&noUDP&sock=schedd_23786_1176>
...
