000 (4595335.000.000) 2025-01-28 23:08:33 Job submitted from host: <130.199.48.82:9618?addrs=130.199.48.82-9618&alias=rcas2063.rcf.bnl.gov&noUDP&sock=schedd_23786_1176>
...
001 (4595335.000.000) 2025-01-29 01:18:47 Job executing on host: <130.199.184.158:9618?addrs=130.199.184.158-9618&alias=spool1767.sdcc.bnl.gov&noUDP&sock=startd_62920_7c34>
...
006 (4595335.000.000) 2025-01-29 01:18:56 Image size of job updated: 329612
	120  -  MemoryUsage of job (MB)
	122536  -  ResidentSetSize of job (KB)
...
005 (4595335.000.000) 2025-01-29 01:18:58 Job terminated.
	(1) Normal termination (return value 0)
		Usr 0 00:00:03, Sys 0 00:00:01  -  Run Remote Usage
		Usr 0 00:00:00, Sys 0 00:00:00  -  Run Local Usage
		Usr 0 00:00:03, Sys 0 00:00:01  -  Total Remote Usage
		Usr 0 00:00:00, Sys 0 00:00:00  -  Total Local Usage
	0  -  Run Bytes Sent By Job
	0  -  Run Bytes Received By Job
	0  -  Total Bytes Sent By Job
	0  -  Total Bytes Received By Job
	Partitionable Resources :    Usage  Request Allocated 
	   Cpus                 :                 1         1 
	   Disk (KB)            :        2        2   6681619 
	   Memory (MB)          :      120   128192    128256 
	   xferslots            :                           0 

	Job terminated of its own accord at 2025-01-29T06:18:58Z with exit-code 0.
...
000 (4596356.000.000) 2025-01-30 00:27:18 Job submitted from host: <130.199.48.82:9618?addrs=130.199.48.82-9618&alias=rcas2063.rcf.bnl.gov&noUDP&sock=schedd_23786_1176>
...
001 (4596356.000.000) 2025-01-30 13:28:26 Job executing on host: <130.199.184.196:9618?addrs=130.199.184.196-9618&alias=spool1771.sdcc.bnl.gov&noUDP&sock=startd_94117_f11c>
...
006 (4596356.000.000) 2025-01-30 13:28:35 Image size of job updated: 333172
	61  -  MemoryUsage of job (MB)
	61528  -  ResidentSetSize of job (KB)
...
006 (4596356.000.000) 2025-01-30 13:33:36 Image size of job updated: 5427836
	641  -  MemoryUsage of job (MB)
	655380  -  ResidentSetSize of job (KB)
...
006 (4596356.000.000) 2025-01-30 13:38:36 Image size of job updated: 7986296
	4754  -  MemoryUsage of job (MB)
	4867152  -  ResidentSetSize of job (KB)
...
006 (4596356.000.000) 2025-01-30 13:43:36 Image size of job updated: 10621080
	6749  -  MemoryUsage of job (MB)
	6910472  -  ResidentSetSize of job (KB)
...
006 (4596356.000.000) 2025-01-30 13:48:37 Image size of job updated: 15084564
	10170  -  MemoryUsage of job (MB)
	10413324  -  ResidentSetSize of job (KB)
...
006 (4596356.000.000) 2025-01-30 13:53:38 Image size of job updated: 16613580
	13211  -  MemoryUsage of job (MB)
	13527744  -  ResidentSetSize of job (KB)
...
006 (4596356.000.000) 2025-01-30 13:58:38 Image size of job updated: 19313368
	15268  -  MemoryUsage of job (MB)
	15633836  -  ResidentSetSize of job (KB)
...
006 (4596356.000.000) 2025-01-30 14:03:39 Image size of job updated: 23090008
	18862  -  MemoryUsage of job (MB)
	19314080  -  ResidentSetSize of job (KB)
...
006 (4596356.000.000) 2025-01-30 14:08:40 Image size of job updated: 24842532
	21312  -  MemoryUsage of job (MB)
	21822520  -  ResidentSetSize of job (KB)
...
006 (4596356.000.000) 2025-01-30 14:13:40 Image size of job updated: 28483572
	23806  -  MemoryUsage of job (MB)
	24376820  -  ResidentSetSize of job (KB)
...
006 (4596356.000.000) 2025-01-30 14:18:41 Image size of job updated: 31518800
	27184  -  MemoryUsage of job (MB)
	27836100  -  ResidentSetSize of job (KB)
...
006 (4596356.000.000) 2025-01-30 14:23:42 Image size of job updated: 34279520
	30495  -  MemoryUsage of job (MB)
	31226776  -  ResidentSetSize of job (KB)
...
006 (4596356.000.000) 2025-01-30 14:28:42 Image size of job updated: 37116472
	32429  -  MemoryUsage of job (MB)
	33207024  -  ResidentSetSize of job (KB)
...
006 (4596356.000.000) 2025-01-30 14:33:42 Image size of job updated: 40854320
	35914  -  MemoryUsage of job (MB)
	36775788  -  ResidentSetSize of job (KB)
...
006 (4596356.000.000) 2025-01-30 14:38:43 Image size of job updated: 42895700
	38815  -  MemoryUsage of job (MB)
	39746200  -  ResidentSetSize of job (KB)
...
006 (4596356.000.000) 2025-01-30 14:43:43 Image size of job updated: 45376012
	40804  -  MemoryUsage of job (MB)
	41783156  -  ResidentSetSize of job (KB)
...
006 (4596356.000.000) 2025-01-30 14:48:44 Image size of job updated: 49106688
	44254  -  MemoryUsage of job (MB)
	45315552  -  ResidentSetSize of job (KB)
...
006 (4596356.000.000) 2025-01-30 14:53:45 Image size of job updated: 51057260
	46898  -  MemoryUsage of job (MB)
	48023032  -  ResidentSetSize of job (KB)
...
006 (4596356.000.000) 2025-01-30 14:58:45 Image size of job updated: 53936568
	48948  -  MemoryUsage of job (MB)
	50122648  -  ResidentSetSize of job (KB)
...
006 (4596356.000.000) 2025-01-30 15:03:39 Image size of job updated: 56547084
	48948  -  MemoryUsage of job (MB)
	50122648  -  ResidentSetSize of job (KB)
...
005 (4596356.000.000) 2025-01-30 15:03:39 Job terminated.
	(1) Normal termination (return value 0)
		Usr 0 01:21:40, Sys 0 00:09:41  -  Run Remote Usage
		Usr 0 00:00:00, Sys 0 00:00:00  -  Run Local Usage
		Usr 0 01:21:40, Sys 0 00:09:41  -  Total Remote Usage
		Usr 0 00:00:00, Sys 0 00:00:00  -  Total Local Usage
	0  -  Run Bytes Sent By Job
	0  -  Run Bytes Received By Job
	0  -  Total Bytes Sent By Job
	0  -  Total Bytes Received By Job
	Partitionable Resources :    Usage  Request Allocated 
	   Cpus                 :     0.96        1         1 
	   Disk (KB)            :     2           2   6681549 
	   Memory (MB)          : 48948      128192    128256 
	   xferslots            :                           0 

	Job terminated of its own accord at 2025-01-30T20:03:39Z with exit-code 0.
...
000 (4597560.000.000) 2025-02-02 20:58:51 Job submitted from host: <130.199.48.82:9618?addrs=130.199.48.82-9618&alias=rcas2063.rcf.bnl.gov&noUDP&sock=schedd_23786_1176>
...
001 (4597560.000.000) 2025-02-02 21:05:07 Job executing on host: <130.199.184.156:9618?addrs=130.199.184.156-9618&alias=spool1765.sdcc.bnl.gov&noUDP&sock=startd_35828_358d>
...
006 (4597560.000.000) 2025-02-02 21:05:16 Image size of job updated: 567408
	0  -  MemoryUsage of job (MB)
	0  -  ResidentSetSize of job (KB)
...
005 (4597560.000.000) 2025-02-02 21:05:16 Job terminated.
	(1) Normal termination (return value 139)
		Usr 0 00:00:06, Sys 0 00:00:02  -  Run Remote Usage
		Usr 0 00:00:00, Sys 0 00:00:00  -  Run Local Usage
		Usr 0 00:00:06, Sys 0 00:00:02  -  Total Remote Usage
		Usr 0 00:00:00, Sys 0 00:00:00  -  Total Local Usage
	0  -  Run Bytes Sent By Job
	0  -  Run Bytes Received By Job
	0  -  Total Bytes Sent By Job
	0  -  Total Bytes Received By Job
	Partitionable Resources :    Usage  Request Allocated 
	   Cpus                 :                 1         1 
	   Disk (KB)            :        2        2   6681628 
	   Memory (MB)          :        0   128192    128256 
	   xferslots            :                           0 

	Job terminated of its own accord at 2025-02-03T02:05:16Z with exit-code 139.
...
