000 (4595534.000.000) 2025-01-28 23:08:50 Job submitted from host: <130.199.48.82:9618?addrs=130.199.48.82-9618&alias=rcas2063.rcf.bnl.gov&noUDP&sock=schedd_23786_1176>
...
001 (4595534.000.000) 2025-01-29 01:25:04 Job executing on host: <130.199.184.158:9618?addrs=130.199.184.158-9618&alias=spool1767.sdcc.bnl.gov&noUDP&sock=startd_62920_7c34>
...
006 (4595534.000.000) 2025-01-29 01:25:13 Image size of job updated: 406960
	141  -  MemoryUsage of job (MB)
	143560  -  ResidentSetSize of job (KB)
...
006 (4595534.000.000) 2025-01-29 01:25:13 Image size of job updated: 406960
	141  -  MemoryUsage of job (MB)
	143564  -  ResidentSetSize of job (KB)
...
005 (4595534.000.000) 2025-01-29 01:25:14 Job terminated.
	(1) Normal termination (return value 0)
		Usr 0 00:00:04, Sys 0 00:00:02  -  Run Remote Usage
		Usr 0 00:00:00, Sys 0 00:00:00  -  Run Local Usage
		Usr 0 00:00:04, Sys 0 00:00:02  -  Total Remote Usage
		Usr 0 00:00:00, Sys 0 00:00:00  -  Total Local Usage
	0  -  Run Bytes Sent By Job
	0  -  Run Bytes Received By Job
	0  -  Total Bytes Sent By Job
	0  -  Total Bytes Received By Job
	Partitionable Resources :    Usage  Request Allocated 
	   Cpus                 :                 1         1 
	   Disk (KB)            :        2        2   6681619 
	   Memory (MB)          :      141   128192    128256 
	   xferslots            :                           0 

	Job terminated of its own accord at 2025-01-29T06:25:13Z with exit-code 0.
...
000 (4596555.000.000) 2025-01-30 00:27:38 Job submitted from host: <130.199.48.82:9618?addrs=130.199.48.82-9618&alias=rcas2063.rcf.bnl.gov&noUDP&sock=schedd_23786_1176>
...
001 (4596555.000.000) 2025-01-30 15:53:27 Job executing on host: <130.199.150.77:9618?addrs=130.199.150.77-9618&alias=spool1558.sdcc.bnl.gov&noUDP&sock=startd_18961_0441>
...
006 (4596555.000.000) 2025-01-30 15:53:35 Image size of job updated: 214584
	74  -  MemoryUsage of job (MB)
	74956  -  ResidentSetSize of job (KB)
...
006 (4596555.000.000) 2025-01-30 15:58:35 Image size of job updated: 3514188
	292  -  MemoryUsage of job (MB)
	298120  -  ResidentSetSize of job (KB)
...
006 (4596555.000.000) 2025-01-30 16:03:36 Image size of job updated: 5684104
	2717  -  MemoryUsage of job (MB)
	2781896  -  ResidentSetSize of job (KB)
...
006 (4596555.000.000) 2025-01-30 16:08:36 Image size of job updated: 9590176
	5376  -  MemoryUsage of job (MB)
	5504704  -  ResidentSetSize of job (KB)
...
006 (4596555.000.000) 2025-01-30 16:13:36 Image size of job updated: 12445896
	9038  -  MemoryUsage of job (MB)
	9254772  -  ResidentSetSize of job (KB)
...
006 (4596555.000.000) 2025-01-30 16:18:37 Image size of job updated: 15043184
	11664  -  MemoryUsage of job (MB)
	11943236  -  ResidentSetSize of job (KB)
...
006 (4596555.000.000) 2025-01-30 16:23:37 Image size of job updated: 18537800
	14620  -  MemoryUsage of job (MB)
	14970308  -  ResidentSetSize of job (KB)
...
006 (4596555.000.000) 2025-01-30 16:28:37 Image size of job updated: 21994728
	17966  -  MemoryUsage of job (MB)
	18396372  -  ResidentSetSize of job (KB)
...
006 (4596555.000.000) 2025-01-30 16:33:38 Image size of job updated: 26348856
	21803  -  MemoryUsage of job (MB)
	22325548  -  ResidentSetSize of job (KB)
...
006 (4596555.000.000) 2025-01-30 16:38:38 Image size of job updated: 29704580
	25881  -  MemoryUsage of job (MB)
	26501592  -  ResidentSetSize of job (KB)
...
006 (4596555.000.000) 2025-01-30 16:43:38 Image size of job updated: 33167292
	29297  -  MemoryUsage of job (MB)
	29999940  -  ResidentSetSize of job (KB)
...
006 (4596555.000.000) 2025-01-30 16:48:39 Image size of job updated: 36478980
	32664  -  MemoryUsage of job (MB)
	33447444  -  ResidentSetSize of job (KB)
...
006 (4596555.000.000) 2025-01-30 16:53:39 Image size of job updated: 40582360
	35911  -  MemoryUsage of job (MB)
	36772316  -  ResidentSetSize of job (KB)
...
006 (4596555.000.000) 2025-01-30 16:58:39 Image size of job updated: 44892288
	39491  -  MemoryUsage of job (MB)
	40438252  -  ResidentSetSize of job (KB)
...
006 (4596555.000.000) 2025-01-30 17:03:40 Image size of job updated: 48408960
	42996  -  MemoryUsage of job (MB)
	44027716  -  ResidentSetSize of job (KB)
...
006 (4596555.000.000) 2025-01-30 17:08:40 Image size of job updated: 50686672
	46517  -  MemoryUsage of job (MB)
	47632508  -  ResidentSetSize of job (KB)
...
006 (4596555.000.000) 2025-01-30 17:13:40 Image size of job updated: 53859608
	48945  -  MemoryUsage of job (MB)
	50119096  -  ResidentSetSize of job (KB)
...
006 (4596555.000.000) 2025-01-30 17:18:41 Image size of job updated: 57463568
	51672  -  MemoryUsage of job (MB)
	52912028  -  ResidentSetSize of job (KB)
...
006 (4596555.000.000) 2025-01-30 17:23:42 Image size of job updated: 59344176
	54650  -  MemoryUsage of job (MB)
	55960668  -  ResidentSetSize of job (KB)
...
006 (4596555.000.000) 2025-01-30 17:28:42 Image size of job updated: 62158716
	56828  -  MemoryUsage of job (MB)
	58190980  -  ResidentSetSize of job (KB)
...
006 (4596555.000.000) 2025-01-30 17:33:43 Image size of job updated: 64813588
	59916  -  MemoryUsage of job (MB)
	61353952  -  ResidentSetSize of job (KB)
...
006 (4596555.000.000) 2025-01-30 17:38:44 Image size of job updated: 67174972
	61705  -  MemoryUsage of job (MB)
	63185644  -  ResidentSetSize of job (KB)
...
006 (4596555.000.000) 2025-01-30 17:43:44 Image size of job updated: 70296584
	65658  -  MemoryUsage of job (MB)
	67233408  -  ResidentSetSize of job (KB)
...
006 (4596555.000.000) 2025-01-30 17:44:31 Image size of job updated: 70635848
	65658  -  MemoryUsage of job (MB)
	67233408  -  ResidentSetSize of job (KB)
...
005 (4596555.000.000) 2025-01-30 17:44:31 Job terminated.
	(1) Normal termination (return value 0)
		Usr 0 01:42:17, Sys 0 00:11:00  -  Run Remote Usage
		Usr 0 00:00:00, Sys 0 00:00:00  -  Run Local Usage
		Usr 0 01:42:17, Sys 0 00:11:00  -  Total Remote Usage
		Usr 0 00:00:00, Sys 0 00:00:00  -  Total Local Usage
	0  -  Run Bytes Sent By Job
	0  -  Run Bytes Received By Job
	0  -  Total Bytes Sent By Job
	0  -  Total Bytes Received By Job
	Partitionable Resources :    Usage  Request Allocated 
	   Cpus                 :     0.88        1         1 
	   Disk (KB)            :     2           2   6681238 
	   Memory (MB)          : 65658      128192    128256 
	   xferslots            :                           0 

	Job terminated of its own accord at 2025-01-30T22:44:31Z with exit-code 0.
...
000 (4597759.000.000) 2025-02-02 20:59:14 Job submitted from host: <130.199.48.82:9618?addrs=130.199.48.82-9618&alias=rcas2063.rcf.bnl.gov&noUDP&sock=schedd_23786_1176>
...
001 (4597759.000.000) 2025-02-02 21:05:42 Job executing on host: <130.199.184.153:9618?addrs=130.199.184.153-9618&alias=spool1762.sdcc.bnl.gov&noUDP&sock=startd_50639_b426>
...
006 (4597759.000.000) 2025-02-02 21:05:51 Image size of job updated: 349580
	0  -  MemoryUsage of job (MB)
	0  -  ResidentSetSize of job (KB)
...
005 (4597759.000.000) 2025-02-02 21:05:52 Job terminated.
	(1) Normal termination (return value 139)
		Usr 0 00:00:06, Sys 0 00:00:02  -  Run Remote Usage
		Usr 0 00:00:00, Sys 0 00:00:00  -  Run Local Usage
		Usr 0 00:00:06, Sys 0 00:00:02  -  Total Remote Usage
		Usr 0 00:00:00, Sys 0 00:00:00  -  Total Local Usage
	0  -  Run Bytes Sent By Job
	0  -  Run Bytes Received By Job
	0  -  Total Bytes Sent By Job
	0  -  Total Bytes Received By Job
	Partitionable Resources :    Usage  Request Allocated 
	   Cpus                 :                 1         1 
	   Disk (KB)            :        2        2   6681619 
	   Memory (MB)          :        0   128192    128256 
	   xferslots            :                           0 

	Job terminated of its own accord at 2025-02-03T02:05:51Z with exit-code 139.
...
000 (4607476.000.000) 2025-02-03 00:28:45 Job submitted from host: <130.199.48.82:9618?addrs=130.199.48.82-9618&alias=rcas2063.rcf.bnl.gov&noUDP&sock=schedd_23786_1176>
...
