000 (4599778.000.000) 2025-02-02 21:02:49 Job submitted from host: <130.199.48.82:9618?addrs=130.199.48.82-9618&alias=rcas2063.rcf.bnl.gov&noUDP&sock=schedd_23786_1176>
...
001 (4599778.000.000) 2025-02-02 21:08:34 Job executing on host: <130.199.184.219:9618?addrs=130.199.184.219-9618&alias=spool1794.sdcc.bnl.gov&noUDP&sock=startd_9457_1edf>
...
006 (4599778.000.000) 2025-02-02 21:08:43 Image size of job updated: 439860
	306  -  MemoryUsage of job (MB)
	312852  -  ResidentSetSize of job (KB)
...
006 (4599778.000.000) 2025-02-02 21:08:44 Image size of job updated: 442996
	307  -  MemoryUsage of job (MB)
	313400  -  ResidentSetSize of job (KB)
...
005 (4599778.000.000) 2025-02-02 21:08:45 Job terminated.
	(1) Normal termination (return value 139)
		Usr 0 00:00:06, Sys 0 00:00:02  -  Run Remote Usage
		Usr 0 00:00:00, Sys 0 00:00:00  -  Run Local Usage
		Usr 0 00:00:06, Sys 0 00:00:02  -  Total Remote Usage
		Usr 0 00:00:00, Sys 0 00:00:00  -  Total Local Usage
	0  -  Run Bytes Sent By Job
	0  -  Run Bytes Received By Job
	0  -  Total Bytes Sent By Job
	0  -  Total Bytes Received By Job
	Partitionable Resources :    Usage  Request Allocated 
	   Cpus                 :                 1         1 
	   Disk (KB)            :        2        2   6681632 
	   Memory (MB)          :      307   128192    128256 
	   xferslots            :                           0 

	Job terminated of its own accord at 2025-02-03T02:08:44Z with exit-code 139.
...
