000 (4602901.000.000) 2025-02-02 21:10:38 Job submitted from host: <130.199.48.82:9618?addrs=130.199.48.82-9618&alias=rcas2063.rcf.bnl.gov&noUDP&sock=schedd_23786_1176>
...
001 (4602901.000.000) 2025-02-02 21:12:34 Job executing on host: <130.199.184.209:9618?addrs=130.199.184.209-9618&alias=spool1784.sdcc.bnl.gov&noUDP&sock=startd_7917_bae4>
...
006 (4602901.000.000) 2025-02-02 21:12:43 Image size of job updated: 238180
	137  -  MemoryUsage of job (MB)
	139504  -  ResidentSetSize of job (KB)
...
006 (4602901.000.000) 2025-02-02 21:12:46 Image size of job updated: 3587988
	137  -  MemoryUsage of job (MB)
	139520  -  ResidentSetSize of job (KB)
...
005 (4602901.000.000) 2025-02-02 21:12:46 Job terminated.
	(1) Normal termination (return value 139)
		Usr 0 00:00:05, Sys 0 00:00:01  -  Run Remote Usage
		Usr 0 00:00:00, Sys 0 00:00:00  -  Run Local Usage
		Usr 0 00:00:05, Sys 0 00:00:01  -  Total Remote Usage
		Usr 0 00:00:00, Sys 0 00:00:00  -  Total Local Usage
	0  -  Run Bytes Sent By Job
	0  -  Run Bytes Received By Job
	0  -  Total Bytes Sent By Job
	0  -  Total Bytes Received By Job
	Partitionable Resources :    Usage  Request Allocated 
	   Cpus                 :                 1         1 
	   Disk (KB)            :        2        2   6681632 
	   Memory (MB)          :      137   128192    128256 
	   xferslots            :                           0 

	Job terminated of its own accord at 2025-02-03T02:12:46Z with exit-code 139.
...
