000 (4595804.000.000) 2025-01-28 23:09:11 Job submitted from host: <130.199.48.82:9618?addrs=130.199.48.82-9618&alias=rcas2063.rcf.bnl.gov&noUDP&sock=schedd_23786_1176>
...
001 (4595804.000.000) 2025-01-29 01:29:40 Job executing on host: <130.199.186.93:9618?addrs=130.199.186.93-9618&alias=spool1856.sdcc.bnl.gov&noUDP&sock=startd_8097_b2a1>
...
006 (4595804.000.000) 2025-01-29 01:29:49 Image size of job updated: 558132
	119  -  MemoryUsage of job (MB)
	120844  -  ResidentSetSize of job (KB)
...
005 (4595804.000.000) 2025-01-29 01:29:52 Job terminated.
	(1) Normal termination (return value 0)
		Usr 0 00:00:04, Sys 0 00:00:02  -  Run Remote Usage
		Usr 0 00:00:00, Sys 0 00:00:00  -  Run Local Usage
		Usr 0 00:00:04, Sys 0 00:00:02  -  Total Remote Usage
		Usr 0 00:00:00, Sys 0 00:00:00  -  Total Local Usage
	0  -  Run Bytes Sent By Job
	0  -  Run Bytes Received By Job
	0  -  Total Bytes Sent By Job
	0  -  Total Bytes Received By Job
	Partitionable Resources :    Usage  Request Allocated 
	   Cpus                 :                 1         1 
	   Disk (KB)            :        2        2   6681628 
	   Memory (MB)          :      119   128192    128256 
	   xferslots            :                           0 

	Job terminated of its own accord at 2025-01-29T06:29:52Z with exit-code 0.
...
000 (4596825.000.000) 2025-01-30 00:28:05 Job submitted from host: <130.199.48.82:9618?addrs=130.199.48.82-9618&alias=rcas2063.rcf.bnl.gov&noUDP&sock=schedd_23786_1176>
...
001 (4596825.000.000) 2025-01-30 19:00:11 Job executing on host: <130.199.151.15:9618?addrs=130.199.151.15-9618&alias=spool1593.sdcc.bnl.gov&noUDP&sock=startd_89763_f4af>
...
006 (4596825.000.000) 2025-01-30 19:00:21 Image size of job updated: 47268
	33  -  MemoryUsage of job (MB)
	33180  -  ResidentSetSize of job (KB)
...
006 (4596825.000.000) 2025-01-30 19:05:21 Image size of job updated: 5327304
	809  -  MemoryUsage of job (MB)
	827804  -  ResidentSetSize of job (KB)
...
006 (4596825.000.000) 2025-01-30 19:10:21 Image size of job updated: 8031308
	4945  -  MemoryUsage of job (MB)
	5063104  -  ResidentSetSize of job (KB)
...
006 (4596825.000.000) 2025-01-30 19:15:22 Image size of job updated: 10634124
	7314  -  MemoryUsage of job (MB)
	7489276  -  ResidentSetSize of job (KB)
...
006 (4596825.000.000) 2025-01-30 19:20:23 Image size of job updated: 15010092
	10521  -  MemoryUsage of job (MB)
	10773312  -  ResidentSetSize of job (KB)
...
006 (4596825.000.000) 2025-01-30 19:25:23 Image size of job updated: 17861696
	14020  -  MemoryUsage of job (MB)
	14355584  -  ResidentSetSize of job (KB)
...
006 (4596825.000.000) 2025-01-30 19:29:33 Image size of job updated: 20261420
	16757  -  MemoryUsage of job (MB)
	17158296  -  ResidentSetSize of job (KB)
...
006 (4596825.000.000) 2025-01-30 19:29:33 Image size of job updated: 20311624
	16761  -  MemoryUsage of job (MB)
	17162388  -  ResidentSetSize of job (KB)
...
004 (4596825.000.000) 2025-01-30 19:29:33 Job was evicted.
	(0) CPU times
		Usr 0 00:24:59, Sys 0 00:02:52  -  Run Remote Usage
		Usr 0 00:00:00, Sys 0 00:00:00  -  Run Local Usage
	0  -  Run Bytes Sent By Job
	0  -  Run Bytes Received By Job
	Partitionable Resources :    Usage  Request Allocated 
	   Cpus                 :     0.98        1         1 
	   Disk (KB)            :     2           2   6681231 
	   Memory (MB)          : 16761      128192    128256 
	   xferslots            :                           0 
...
009 (4596825.000.000) 2025-01-30 19:29:34 Job was aborted.
	via condor_rm (by user sgross)

	Job terminated by <130.199.48.82:39344> at 2025-01-31T00:29:33Z (using method 1: DEACTIVATE_CLAIM).
...
000 (4598029.000.000) 2025-02-02 20:59:44 Job submitted from host: <130.199.48.82:9618?addrs=130.199.48.82-9618&alias=rcas2063.rcf.bnl.gov&noUDP&sock=schedd_23786_1176>
...
001 (4598029.000.000) 2025-02-02 21:06:12 Job executing on host: <130.199.150.66:9618?addrs=130.199.150.66-9618&alias=spool1547.sdcc.bnl.gov&noUDP&sock=startd_39523_a14a>
...
006 (4598029.000.000) 2025-02-02 21:06:20 Image size of job updated: 387692
	255  -  MemoryUsage of job (MB)
	260624  -  ResidentSetSize of job (KB)
...
005 (4598029.000.000) 2025-02-02 21:06:22 Job terminated.
	(1) Normal termination (return value 139)
		Usr 0 00:00:06, Sys 0 00:00:01  -  Run Remote Usage
		Usr 0 00:00:00, Sys 0 00:00:00  -  Run Local Usage
		Usr 0 00:00:06, Sys 0 00:00:01  -  Total Remote Usage
		Usr 0 00:00:00, Sys 0 00:00:00  -  Total Local Usage
	0  -  Run Bytes Sent By Job
	0  -  Run Bytes Received By Job
	0  -  Total Bytes Sent By Job
	0  -  Total Bytes Received By Job
	Partitionable Resources :    Usage  Request Allocated 
	   Cpus                 :                 1         1 
	   Disk (KB)            :        2        2   6681236 
	   Memory (MB)          :      255   128192    128256 
	   xferslots            :                           0 

	Job terminated of its own accord at 2025-02-03T02:06:21Z with exit-code 139.
...
000 (4607746.000.000) 2025-02-03 00:29:16 Job submitted from host: <130.199.48.82:9618?addrs=130.199.48.82-9618&alias=rcas2063.rcf.bnl.gov&noUDP&sock=schedd_23786_1176>
...
