000 (4595993.000.000) 2025-01-28 23:09:26 Job submitted from host: <130.199.48.82:9618?addrs=130.199.48.82-9618&alias=rcas2063.rcf.bnl.gov&noUDP&sock=schedd_23786_1176>
...
001 (4595993.000.000) 2025-01-29 01:32:48 Job executing on host: <130.199.151.8:9618?addrs=130.199.151.8-9618&alias=spool1586.sdcc.bnl.gov&noUDP&sock=startd_10002_9b31>
...
006 (4595993.000.000) 2025-01-29 01:32:56 Image size of job updated: 374540
	135  -  MemoryUsage of job (MB)
	137640  -  ResidentSetSize of job (KB)
...
006 (4595993.000.000) 2025-01-29 01:32:57 Image size of job updated: 374540
	135  -  MemoryUsage of job (MB)
	137696  -  ResidentSetSize of job (KB)
...
005 (4595993.000.000) 2025-01-29 01:32:57 Job terminated.
	(1) Normal termination (return value 0)
		Usr 0 00:00:04, Sys 0 00:00:02  -  Run Remote Usage
		Usr 0 00:00:00, Sys 0 00:00:00  -  Run Local Usage
		Usr 0 00:00:04, Sys 0 00:00:02  -  Total Remote Usage
		Usr 0 00:00:00, Sys 0 00:00:00  -  Total Local Usage
	0  -  Run Bytes Sent By Job
	0  -  Run Bytes Received By Job
	0  -  Total Bytes Sent By Job
	0  -  Total Bytes Received By Job
	Partitionable Resources :    Usage  Request Allocated 
	   Cpus                 :                 1         1 
	   Disk (KB)            :        2        2   6681168 
	   Memory (MB)          :      135   128192    128256 
	   xferslots            :                           0 

	Job terminated of its own accord at 2025-01-29T06:32:57Z with exit-code 0.
...
000 (4597014.000.000) 2025-01-30 00:28:23 Job submitted from host: <130.199.48.82:9618?addrs=130.199.48.82-9618&alias=rcas2063.rcf.bnl.gov&noUDP&sock=schedd_23786_1176>
...
009 (4597014.000.000) 2025-01-30 19:29:37 Job was aborted.
	via condor_rm (by user sgross)
...
000 (4598218.000.000) 2025-02-02 21:00:06 Job submitted from host: <130.199.48.82:9618?addrs=130.199.48.82-9618&alias=rcas2063.rcf.bnl.gov&noUDP&sock=schedd_23786_1176>
...
001 (4598218.000.000) 2025-02-02 21:06:29 Job executing on host: <130.199.207.224:9618?addrs=130.199.207.224-9618&alias=spool1511.sdcc.bnl.gov&noUDP&sock=startd_58964_760b>
...
006 (4598218.000.000) 2025-02-02 21:06:38 Image size of job updated: 598712
	335  -  MemoryUsage of job (MB)
	342076  -  ResidentSetSize of job (KB)
...
005 (4598218.000.000) 2025-02-02 21:06:39 Job terminated.
	(1) Normal termination (return value 139)
		Usr 0 00:00:06, Sys 0 00:00:01  -  Run Remote Usage
		Usr 0 00:00:00, Sys 0 00:00:00  -  Run Local Usage
		Usr 0 00:00:06, Sys 0 00:00:01  -  Total Remote Usage
		Usr 0 00:00:00, Sys 0 00:00:00  -  Total Local Usage
	0  -  Run Bytes Sent By Job
	0  -  Run Bytes Received By Job
	0  -  Total Bytes Sent By Job
	0  -  Total Bytes Received By Job
	Partitionable Resources :    Usage  Request Allocated 
	   Cpus                 :                 1         1 
	   Disk (KB)            :        2        2   6681241 
	   Memory (MB)          :      335   128192    128256 
	   xferslots            :                           0 

	Job terminated of its own accord at 2025-02-03T02:06:38Z with exit-code 139.
...
000 (4607935.000.000) 2025-02-03 00:29:38 Job submitted from host: <130.199.48.82:9618?addrs=130.199.48.82-9618&alias=rcas2063.rcf.bnl.gov&noUDP&sock=schedd_23786_1176>
...
