000 (4595566.000.000) 2025-01-28 23:08:52 Job submitted from host: <130.199.48.82:9618?addrs=130.199.48.82-9618&alias=rcas2063.rcf.bnl.gov&noUDP&sock=schedd_23786_1176>
...
001 (4595566.000.000) 2025-01-29 01:25:36 Job executing on host: <130.199.186.28:9618?addrs=130.199.186.28-9618&alias=spool1825.sdcc.bnl.gov&noUDP&sock=startd_62164_3881>
...
006 (4595566.000.000) 2025-01-29 01:25:45 Image size of job updated: 331996
	86  -  MemoryUsage of job (MB)
	87920  -  ResidentSetSize of job (KB)
...
005 (4595566.000.000) 2025-01-29 01:25:50 Job terminated.
	(1) Normal termination (return value 0)
		Usr 0 00:00:03, Sys 0 00:00:01  -  Run Remote Usage
		Usr 0 00:00:00, Sys 0 00:00:00  -  Run Local Usage
		Usr 0 00:00:03, Sys 0 00:00:01  -  Total Remote Usage
		Usr 0 00:00:00, Sys 0 00:00:00  -  Total Local Usage
	0  -  Run Bytes Sent By Job
	0  -  Run Bytes Received By Job
	0  -  Total Bytes Sent By Job
	0  -  Total Bytes Received By Job
	Partitionable Resources :    Usage  Request Allocated 
	   Cpus                 :                 1         1 
	   Disk (KB)            :        2        2   6681629 
	   Memory (MB)          :       86   128192    128256 
	   xferslots            :                           0 

	Job terminated of its own accord at 2025-01-29T06:25:50Z with exit-code 0.
...
000 (4596587.000.000) 2025-01-30 00:27:41 Job submitted from host: <130.199.48.82:9618?addrs=130.199.48.82-9618&alias=rcas2063.rcf.bnl.gov&noUDP&sock=schedd_23786_1176>
...
001 (4596587.000.000) 2025-01-30 16:16:04 Job executing on host: <130.199.186.73:9618?addrs=130.199.186.73-9618&alias=spool1836.sdcc.bnl.gov&noUDP&sock=startd_27279_8f01>
...
006 (4596587.000.000) 2025-01-30 16:16:12 Image size of job updated: 298284
	61  -  MemoryUsage of job (MB)
	62340  -  ResidentSetSize of job (KB)
...
006 (4596587.000.000) 2025-01-30 16:21:12 Image size of job updated: 5173632
	1589  -  MemoryUsage of job (MB)
	1626968  -  ResidentSetSize of job (KB)
...
006 (4596587.000.000) 2025-01-30 16:26:13 Image size of job updated: 9099712
	5004  -  MemoryUsage of job (MB)
	5123168  -  ResidentSetSize of job (KB)
...
006 (4596587.000.000) 2025-01-30 16:31:13 Image size of job updated: 12782956
	8947  -  MemoryUsage of job (MB)
	9161156  -  ResidentSetSize of job (KB)
...
006 (4596587.000.000) 2025-01-30 16:36:13 Image size of job updated: 15408644
	12192  -  MemoryUsage of job (MB)
	12484040  -  ResidentSetSize of job (KB)
...
006 (4596587.000.000) 2025-01-30 16:41:14 Image size of job updated: 18787372
	15177  -  MemoryUsage of job (MB)
	15540940  -  ResidentSetSize of job (KB)
...
006 (4596587.000.000) 2025-01-30 16:46:15 Image size of job updated: 22521044
	18676  -  MemoryUsage of job (MB)
	19123980  -  ResidentSetSize of job (KB)
...
006 (4596587.000.000) 2025-01-30 16:49:33 Image size of job updated: 25097868
	18676  -  MemoryUsage of job (MB)
	19123980  -  ResidentSetSize of job (KB)
...
005 (4596587.000.000) 2025-01-30 16:49:34 Job terminated.
	(1) Normal termination (return value 0)
		Usr 0 00:32:09, Sys 0 00:03:39  -  Run Remote Usage
		Usr 0 00:00:00, Sys 0 00:00:00  -  Run Local Usage
		Usr 0 00:32:09, Sys 0 00:03:39  -  Total Remote Usage
		Usr 0 00:00:00, Sys 0 00:00:00  -  Total Local Usage
	0  -  Run Bytes Sent By Job
	0  -  Run Bytes Received By Job
	0  -  Total Bytes Sent By Job
	0  -  Total Bytes Received By Job
	Partitionable Resources :    Usage  Request Allocated 
	   Cpus                 :     1.00        1         1 
	   Disk (KB)            :     2           2   6681609 
	   Memory (MB)          : 18676      128192    128256 
	   xferslots            :                           0 

	Job terminated of its own accord at 2025-01-30T21:49:33Z with exit-code 0.
...
000 (4597791.000.000) 2025-02-02 20:59:17 Job submitted from host: <130.199.48.82:9618?addrs=130.199.48.82-9618&alias=rcas2063.rcf.bnl.gov&noUDP&sock=schedd_23786_1176>
...
001 (4597791.000.000) 2025-02-02 21:05:46 Job executing on host: <130.199.186.23:9618?addrs=130.199.186.23-9618&alias=spool1820.sdcc.bnl.gov&noUDP&sock=startd_72872_2ae4>
...
006 (4597791.000.000) 2025-02-02 21:05:55 Image size of job updated: 159064
	86  -  MemoryUsage of job (MB)
	87932  -  ResidentSetSize of job (KB)
...
006 (4597791.000.000) 2025-02-02 21:06:03 Image size of job updated: 3016656
	86  -  MemoryUsage of job (MB)
	87936  -  ResidentSetSize of job (KB)
...
005 (4597791.000.000) 2025-02-02 21:06:03 Job terminated.
	(1) Normal termination (return value 139)
		Usr 0 00:00:05, Sys 0 00:00:02  -  Run Remote Usage
		Usr 0 00:00:00, Sys 0 00:00:00  -  Run Local Usage
		Usr 0 00:00:05, Sys 0 00:00:02  -  Total Remote Usage
		Usr 0 00:00:00, Sys 0 00:00:00  -  Total Local Usage
	0  -  Run Bytes Sent By Job
	0  -  Run Bytes Received By Job
	0  -  Total Bytes Sent By Job
	0  -  Total Bytes Received By Job
	Partitionable Resources :    Usage  Request Allocated 
	   Cpus                 :                 1         1 
	   Disk (KB)            :        2        2   6681634 
	   Memory (MB)          :       86   128192    128256 
	   xferslots            :                           0 

	Job terminated of its own accord at 2025-02-03T02:06:03Z with exit-code 139.
...
000 (4607508.000.000) 2025-02-03 00:28:48 Job submitted from host: <130.199.48.82:9618?addrs=130.199.48.82-9618&alias=rcas2063.rcf.bnl.gov&noUDP&sock=schedd_23786_1176>
...
