000 (4601219.000.000) 2025-02-02 21:05:24 Job submitted from host: <130.199.48.82:9618?addrs=130.199.48.82-9618&alias=rcas2063.rcf.bnl.gov&noUDP&sock=schedd_23786_1176>
...
001 (4601219.000.000) 2025-02-02 21:10:25 Job executing on host: <130.199.150.95:9618?addrs=130.199.150.95-9618&alias=spool1576.sdcc.bnl.gov&noUDP&sock=startd_90603_ce21>
...
006 (4601219.000.000) 2025-02-02 21:10:34 Image size of job updated: 2944232
	147  -  MemoryUsage of job (MB)
	150016  -  ResidentSetSize of job (KB)
...
006 (4601219.000.000) 2025-02-02 21:10:37 Image size of job updated: 2944232
	147  -  MemoryUsage of job (MB)
	150040  -  ResidentSetSize of job (KB)
...
005 (4601219.000.000) 2025-02-02 21:10:38 Job terminated.
	(1) Normal termination (return value 139)
		Usr 0 00:00:06, Sys 0 00:00:02  -  Run Remote Usage
		Usr 0 00:00:00, Sys 0 00:00:00  -  Run Local Usage
		Usr 0 00:00:06, Sys 0 00:00:02  -  Total Remote Usage
		Usr 0 00:00:00, Sys 0 00:00:00  -  Total Local Usage
	0  -  Run Bytes Sent By Job
	0  -  Run Bytes Received By Job
	0  -  Total Bytes Sent By Job
	0  -  Total Bytes Received By Job
	Partitionable Resources :    Usage  Request Allocated 
	   Cpus                 :                 1         1 
	   Disk (KB)            :        2        2   6681229 
	   Memory (MB)          :      147   128192    128256 
	   xferslots            :                           0 

	Job terminated of its own accord at 2025-02-03T02:10:37Z with exit-code 139.
...
