000 (4600362.000.000) 2025-02-02 21:03:50 Job submitted from host: <130.199.48.82:9618?addrs=130.199.48.82-9618&alias=rcas2063.rcf.bnl.gov&noUDP&sock=schedd_23786_1176>
...
001 (4600362.000.000) 2025-02-02 21:09:20 Job executing on host: <130.199.150.96:9618?addrs=130.199.150.96-9618&alias=spool1577.sdcc.bnl.gov&noUDP&sock=startd_12497_3e02>
...
006 (4600362.000.000) 2025-02-02 21:09:28 Image size of job updated: 2924652
	210  -  MemoryUsage of job (MB)
	214932  -  ResidentSetSize of job (KB)
...
006 (4600362.000.000) 2025-02-02 21:09:30 Image size of job updated: 2924652
	213  -  MemoryUsage of job (MB)
	218080  -  ResidentSetSize of job (KB)
...
005 (4600362.000.000) 2025-02-02 21:09:30 Job terminated.
	(1) Normal termination (return value 139)
		Usr 0 00:00:06, Sys 0 00:00:02  -  Run Remote Usage
		Usr 0 00:00:00, Sys 0 00:00:00  -  Run Local Usage
		Usr 0 00:00:06, Sys 0 00:00:02  -  Total Remote Usage
		Usr 0 00:00:00, Sys 0 00:00:00  -  Total Local Usage
	0  -  Run Bytes Sent By Job
	0  -  Run Bytes Received By Job
	0  -  Total Bytes Sent By Job
	0  -  Total Bytes Received By Job
	Partitionable Resources :    Usage  Request Allocated 
	   Cpus                 :                 1         1 
	   Disk (KB)            :        2        2   6681229 
	   Memory (MB)          :      213   128192    128256 
	   xferslots            :                           0 

	Job terminated of its own accord at 2025-02-03T02:09:30Z with exit-code 139.
...
