000 (4595358.000.000) 2025-01-28 23:08:35 Job submitted from host: <130.199.48.82:9618?addrs=130.199.48.82-9618&alias=rcas2063.rcf.bnl.gov&noUDP&sock=schedd_23786_1176>
...
001 (4595358.000.000) 2025-01-29 01:20:06 Job executing on host: <130.199.184.158:9618?addrs=130.199.184.158-9618&alias=spool1767.sdcc.bnl.gov&noUDP&sock=startd_62920_7c34>
...
006 (4595358.000.000) 2025-01-29 01:20:15 Image size of job updated: 574092
	118  -  MemoryUsage of job (MB)
	120400  -  ResidentSetSize of job (KB)
...
005 (4595358.000.000) 2025-01-29 01:20:17 Job terminated.
	(1) Normal termination (return value 0)
		Usr 0 00:00:03, Sys 0 00:00:01  -  Run Remote Usage
		Usr 0 00:00:00, Sys 0 00:00:00  -  Run Local Usage
		Usr 0 00:00:03, Sys 0 00:00:01  -  Total Remote Usage
		Usr 0 00:00:00, Sys 0 00:00:00  -  Total Local Usage
	0  -  Run Bytes Sent By Job
	0  -  Run Bytes Received By Job
	0  -  Total Bytes Sent By Job
	0  -  Total Bytes Received By Job
	Partitionable Resources :    Usage  Request Allocated 
	   Cpus                 :                 1         1 
	   Disk (KB)            :        2        2   6681619 
	   Memory (MB)          :      118   128192    128256 
	   xferslots            :                           0 

	Job terminated of its own accord at 2025-01-29T06:20:17Z with exit-code 0.
...
000 (4596379.000.000) 2025-01-30 00:27:20 Job submitted from host: <130.199.48.82:9618?addrs=130.199.48.82-9618&alias=rcas2063.rcf.bnl.gov&noUDP&sock=schedd_23786_1176>
...
001 (4596379.000.000) 2025-01-30 13:47:45 Job executing on host: <130.199.151.10:9618?addrs=130.199.151.10-9618&alias=spool1588.sdcc.bnl.gov&noUDP&sock=startd_5861_0831>
...
006 (4596379.000.000) 2025-01-30 13:47:53 Image size of job updated: 147688
	76  -  MemoryUsage of job (MB)
	77472  -  ResidentSetSize of job (KB)
...
006 (4596379.000.000) 2025-01-30 13:52:53 Image size of job updated: 5404716
	365  -  MemoryUsage of job (MB)
	373116  -  ResidentSetSize of job (KB)
...
006 (4596379.000.000) 2025-01-30 13:57:54 Image size of job updated: 6399380
	3100  -  MemoryUsage of job (MB)
	3173740  -  ResidentSetSize of job (KB)
...
006 (4596379.000.000) 2025-01-30 14:02:54 Image size of job updated: 9437004
	5896  -  MemoryUsage of job (MB)
	6037364  -  ResidentSetSize of job (KB)
...
006 (4596379.000.000) 2025-01-30 14:07:54 Image size of job updated: 13410964
	8958  -  MemoryUsage of job (MB)
	9172532  -  ResidentSetSize of job (KB)
...
006 (4596379.000.000) 2025-01-30 14:12:55 Image size of job updated: 16362564
	12773  -  MemoryUsage of job (MB)
	13079280  -  ResidentSetSize of job (KB)
...
006 (4596379.000.000) 2025-01-30 14:17:55 Image size of job updated: 18873312
	15381  -  MemoryUsage of job (MB)
	15749468  -  ResidentSetSize of job (KB)
...
006 (4596379.000.000) 2025-01-30 14:22:55 Image size of job updated: 22730548
	18372  -  MemoryUsage of job (MB)
	18812124  -  ResidentSetSize of job (KB)
...
006 (4596379.000.000) 2025-01-30 14:27:56 Image size of job updated: 26088216
	21084  -  MemoryUsage of job (MB)
	21589244  -  ResidentSetSize of job (KB)
...
006 (4596379.000.000) 2025-01-30 14:32:57 Image size of job updated: 27577368
	23862  -  MemoryUsage of job (MB)
	24433956  -  ResidentSetSize of job (KB)
...
006 (4596379.000.000) 2025-01-30 14:37:57 Image size of job updated: 30951812
	26033  -  MemoryUsage of job (MB)
	26657772  -  ResidentSetSize of job (KB)
...
006 (4596379.000.000) 2025-01-30 14:42:58 Image size of job updated: 33133868
	29104  -  MemoryUsage of job (MB)
	29801556  -  ResidentSetSize of job (KB)
...
006 (4596379.000.000) 2025-01-30 14:47:59 Image size of job updated: 35687968
	30981  -  MemoryUsage of job (MB)
	31723764  -  ResidentSetSize of job (KB)
...
006 (4596379.000.000) 2025-01-30 14:52:59 Image size of job updated: 38357960
	34253  -  MemoryUsage of job (MB)
	35074196  -  ResidentSetSize of job (KB)
...
006 (4596379.000.000) 2025-01-30 14:54:10 Image size of job updated: 38873072
	34253  -  MemoryUsage of job (MB)
	35074196  -  ResidentSetSize of job (KB)
...
005 (4596379.000.000) 2025-01-30 14:54:11 Job terminated.
	(1) Normal termination (return value 0)
		Usr 0 00:53:29, Sys 0 00:06:26  -  Run Remote Usage
		Usr 0 00:00:00, Sys 0 00:00:00  -  Run Local Usage
		Usr 0 00:53:29, Sys 0 00:06:26  -  Total Remote Usage
		Usr 0 00:00:00, Sys 0 00:00:00  -  Total Local Usage
	0  -  Run Bytes Sent By Job
	0  -  Run Bytes Received By Job
	0  -  Total Bytes Sent By Job
	0  -  Total Bytes Received By Job
	Partitionable Resources :    Usage  Request Allocated 
	   Cpus                 :     0.65        1         1 
	   Disk (KB)            :     2           2   6681234 
	   Memory (MB)          : 34253      128192    128256 
	   xferslots            :                           0 

	Job terminated of its own accord at 2025-01-30T19:54:10Z with exit-code 0.
...
000 (4597583.000.000) 2025-02-02 20:58:54 Job submitted from host: <130.199.48.82:9618?addrs=130.199.48.82-9618&alias=rcas2063.rcf.bnl.gov&noUDP&sock=schedd_23786_1176>
...
001 (4597583.000.000) 2025-02-02 21:05:13 Job executing on host: <130.199.184.203:9618?addrs=130.199.184.203-9618&alias=spool1778.sdcc.bnl.gov&noUDP&sock=startd_34041_a570>
...
006 (4597583.000.000) 2025-02-02 21:05:22 Image size of job updated: 557240
	135  -  MemoryUsage of job (MB)
	137852  -  ResidentSetSize of job (KB)
...
005 (4597583.000.000) 2025-02-02 21:05:23 Job terminated.
	(1) Normal termination (return value 139)
		Usr 0 00:00:05, Sys 0 00:00:01  -  Run Remote Usage
		Usr 0 00:00:00, Sys 0 00:00:00  -  Run Local Usage
		Usr 0 00:00:05, Sys 0 00:00:01  -  Total Remote Usage
		Usr 0 00:00:00, Sys 0 00:00:00  -  Total Local Usage
	0  -  Run Bytes Sent By Job
	0  -  Run Bytes Received By Job
	0  -  Total Bytes Sent By Job
	0  -  Total Bytes Received By Job
	Partitionable Resources :    Usage  Request Allocated 
	   Cpus                 :                 1         1 
	   Disk (KB)            :        2        2   6681624 
	   Memory (MB)          :      135   128192    128256 
	   xferslots            :                           0 

	Job terminated of its own accord at 2025-02-03T02:05:22Z with exit-code 139.
...
