000 (4595565.000.000) 2025-01-28 23:08:52 Job submitted from host: <130.199.48.82:9618?addrs=130.199.48.82-9618&alias=rcas2063.rcf.bnl.gov&noUDP&sock=schedd_23786_1176>
...
001 (4595565.000.000) 2025-01-29 01:25:35 Job executing on host: <130.199.151.8:9618?addrs=130.199.151.8-9618&alias=spool1586.sdcc.bnl.gov&noUDP&sock=startd_10002_9b31>
...
006 (4595565.000.000) 2025-01-29 01:25:44 Image size of job updated: 565988
	122  -  MemoryUsage of job (MB)
	124832  -  ResidentSetSize of job (KB)
...
006 (4595565.000.000) 2025-01-29 01:25:46 Image size of job updated: 565988
	123  -  MemoryUsage of job (MB)
	125172  -  ResidentSetSize of job (KB)
...
005 (4595565.000.000) 2025-01-29 01:25:46 Job terminated.
	(1) Normal termination (return value 0)
		Usr 0 00:00:04, Sys 0 00:00:01  -  Run Remote Usage
		Usr 0 00:00:00, Sys 0 00:00:00  -  Run Local Usage
		Usr 0 00:00:04, Sys 0 00:00:01  -  Total Remote Usage
		Usr 0 00:00:00, Sys 0 00:00:00  -  Total Local Usage
	0  -  Run Bytes Sent By Job
	0  -  Run Bytes Received By Job
	0  -  Total Bytes Sent By Job
	0  -  Total Bytes Received By Job
	Partitionable Resources :    Usage  Request Allocated 
	   Cpus                 :                 1         1 
	   Disk (KB)            :        2        2   6681168 
	   Memory (MB)          :      123   128192    128256 
	   xferslots            :                           0 

	Job terminated of its own accord at 2025-01-29T06:25:46Z with exit-code 0.
...
000 (4596586.000.000) 2025-01-30 00:27:41 Job submitted from host: <130.199.48.82:9618?addrs=130.199.48.82-9618&alias=rcas2063.rcf.bnl.gov&noUDP&sock=schedd_23786_1176>
...
001 (4596586.000.000) 2025-01-30 16:15:25 Job executing on host: <130.199.186.70:9618?addrs=130.199.186.70-9618&alias=spool1833.sdcc.bnl.gov&noUDP&sock=startd_75440_e839>
...
006 (4596586.000.000) 2025-01-30 16:15:34 Image size of job updated: 298144
	40  -  MemoryUsage of job (MB)
	40528  -  ResidentSetSize of job (KB)
...
006 (4596586.000.000) 2025-01-30 16:20:34 Image size of job updated: 5167112
	717  -  MemoryUsage of job (MB)
	733432  -  ResidentSetSize of job (KB)
...
006 (4596586.000.000) 2025-01-30 16:25:34 Image size of job updated: 7292116
	4064  -  MemoryUsage of job (MB)
	4161232  -  ResidentSetSize of job (KB)
...
006 (4596586.000.000) 2025-01-30 16:30:35 Image size of job updated: 9842676
	6607  -  MemoryUsage of job (MB)
	6764768  -  ResidentSetSize of job (KB)
...
006 (4596586.000.000) 2025-01-30 16:35:36 Image size of job updated: 13445784
	8916  -  MemoryUsage of job (MB)
	9129608  -  ResidentSetSize of job (KB)
...
006 (4596586.000.000) 2025-01-30 16:40:36 Image size of job updated: 16162524
	12739  -  MemoryUsage of job (MB)
	13044180  -  ResidentSetSize of job (KB)
...
006 (4596586.000.000) 2025-01-30 16:45:37 Image size of job updated: 18478332
	14642  -  MemoryUsage of job (MB)
	14993140  -  ResidentSetSize of job (KB)
...
006 (4596586.000.000) 2025-01-30 16:50:38 Image size of job updated: 21974996
	17319  -  MemoryUsage of job (MB)
	17734364  -  ResidentSetSize of job (KB)
...
006 (4596586.000.000) 2025-01-30 16:55:38 Image size of job updated: 25458624
	21279  -  MemoryUsage of job (MB)
	21789248  -  ResidentSetSize of job (KB)
...
006 (4596586.000.000) 2025-01-30 17:00:39 Image size of job updated: 27518024
	23896  -  MemoryUsage of job (MB)
	24469060  -  ResidentSetSize of job (KB)
...
006 (4596586.000.000) 2025-01-30 17:05:40 Image size of job updated: 30843176
	26432  -  MemoryUsage of job (MB)
	27065716  -  ResidentSetSize of job (KB)
...
006 (4596586.000.000) 2025-01-30 17:10:40 Image size of job updated: 33416556
	29480  -  MemoryUsage of job (MB)
	30187332  -  ResidentSetSize of job (KB)
...
006 (4596586.000.000) 2025-01-30 17:15:41 Image size of job updated: 35216816
	30860  -  MemoryUsage of job (MB)
	31599784  -  ResidentSetSize of job (KB)
...
006 (4596586.000.000) 2025-01-30 17:20:41 Image size of job updated: 37785012
	33595  -  MemoryUsage of job (MB)
	34400616  -  ResidentSetSize of job (KB)
...
006 (4596586.000.000) 2025-01-30 17:25:41 Image size of job updated: 39317856
	34621  -  MemoryUsage of job (MB)
	35451080  -  ResidentSetSize of job (KB)
...
006 (4596586.000.000) 2025-01-30 17:30:42 Image size of job updated: 41609184
	37627  -  MemoryUsage of job (MB)
	38530048  -  ResidentSetSize of job (KB)
...
006 (4596586.000.000) 2025-01-30 17:35:42 Image size of job updated: 43326172
	38403  -  MemoryUsage of job (MB)
	39324668  -  ResidentSetSize of job (KB)
...
006 (4596586.000.000) 2025-01-30 17:40:42 Image size of job updated: 45346644
	41349  -  MemoryUsage of job (MB)
	42340956  -  ResidentSetSize of job (KB)
...
006 (4596586.000.000) 2025-01-30 17:42:02 Image size of job updated: 45998408
	41351  -  MemoryUsage of job (MB)
	42343356  -  ResidentSetSize of job (KB)
...
005 (4596586.000.000) 2025-01-30 17:42:03 Job terminated.
	(1) Normal termination (return value 0)
		Usr 0 01:03:30, Sys 0 00:07:26  -  Run Remote Usage
		Usr 0 00:00:00, Sys 0 00:00:00  -  Run Local Usage
		Usr 0 01:03:30, Sys 0 00:07:26  -  Total Remote Usage
		Usr 0 00:00:00, Sys 0 00:00:00  -  Total Local Usage
	0  -  Run Bytes Sent By Job
	0  -  Run Bytes Received By Job
	0  -  Total Bytes Sent By Job
	0  -  Total Bytes Received By Job
	Partitionable Resources :    Usage  Request Allocated 
	   Cpus                 :     0.78        1         1 
	   Disk (KB)            :     2           2   6681555 
	   Memory (MB)          : 41351      128192    128256 
	   xferslots            :                           0 

	Job terminated of its own accord at 2025-01-30T22:42:02Z with exit-code 0.
...
000 (4597790.000.000) 2025-02-02 20:59:17 Job submitted from host: <130.199.48.82:9618?addrs=130.199.48.82-9618&alias=rcas2063.rcf.bnl.gov&noUDP&sock=schedd_23786_1176>
...
001 (4597790.000.000) 2025-02-02 21:05:46 Job executing on host: <130.199.184.157:9618?addrs=130.199.184.157-9618&alias=spool1766.sdcc.bnl.gov&noUDP&sock=startd_29367_625e>
...
006 (4597790.000.000) 2025-02-02 21:05:55 Image size of job updated: 571256
	84  -  MemoryUsage of job (MB)
	85576  -  ResidentSetSize of job (KB)
...
006 (4597790.000.000) 2025-02-02 21:06:03 Image size of job updated: 3153612
	84  -  MemoryUsage of job (MB)
	85588  -  ResidentSetSize of job (KB)
...
005 (4597790.000.000) 2025-02-02 21:06:03 Job terminated.
	(1) Normal termination (return value 139)
		Usr 0 00:00:06, Sys 0 00:00:02  -  Run Remote Usage
		Usr 0 00:00:00, Sys 0 00:00:00  -  Run Local Usage
		Usr 0 00:00:06, Sys 0 00:00:02  -  Total Remote Usage
		Usr 0 00:00:00, Sys 0 00:00:00  -  Total Local Usage
	0  -  Run Bytes Sent By Job
	0  -  Run Bytes Received By Job
	0  -  Total Bytes Sent By Job
	0  -  Total Bytes Received By Job
	Partitionable Resources :    Usage  Request Allocated 
	   Cpus                 :                 1         1 
	   Disk (KB)            :        2        2   6681612 
	   Memory (MB)          :       84   128192    128256 
	   xferslots            :                           0 

	Job terminated of its own accord at 2025-02-03T02:06:03Z with exit-code 139.
...
000 (4607507.000.000) 2025-02-03 00:28:48 Job submitted from host: <130.199.48.82:9618?addrs=130.199.48.82-9618&alias=rcas2063.rcf.bnl.gov&noUDP&sock=schedd_23786_1176>
...
