000 (4595363.000.000) 2025-01-28 23:08:36 Job submitted from host: <130.199.48.82:9618?addrs=130.199.48.82-9618&alias=rcas2063.rcf.bnl.gov&noUDP&sock=schedd_23786_1176>
...
001 (4595363.000.000) 2025-01-29 01:20:18 Job executing on host: <130.199.184.158:9618?addrs=130.199.184.158-9618&alias=spool1767.sdcc.bnl.gov&noUDP&sock=startd_62920_7c34>
...
006 (4595363.000.000) 2025-01-29 01:20:26 Image size of job updated: 2919656
	137  -  MemoryUsage of job (MB)
	139644  -  ResidentSetSize of job (KB)
...
005 (4595363.000.000) 2025-01-29 01:20:27 Job terminated.
	(1) Normal termination (return value 0)
		Usr 0 00:00:04, Sys 0 00:00:01  -  Run Remote Usage
		Usr 0 00:00:00, Sys 0 00:00:00  -  Run Local Usage
		Usr 0 00:00:04, Sys 0 00:00:01  -  Total Remote Usage
		Usr 0 00:00:00, Sys 0 00:00:00  -  Total Local Usage
	0  -  Run Bytes Sent By Job
	0  -  Run Bytes Received By Job
	0  -  Total Bytes Sent By Job
	0  -  Total Bytes Received By Job
	Partitionable Resources :    Usage  Request Allocated 
	   Cpus                 :                 1         1 
	   Disk (KB)            :        2        2   6681619 
	   Memory (MB)          :      137   128192    128256 
	   xferslots            :                           0 

	Job terminated of its own accord at 2025-01-29T06:20:27Z with exit-code 0.
...
000 (4596384.000.000) 2025-01-30 00:27:21 Job submitted from host: <130.199.48.82:9618?addrs=130.199.48.82-9618&alias=rcas2063.rcf.bnl.gov&noUDP&sock=schedd_23786_1176>
...
001 (4596384.000.000) 2025-01-30 13:55:36 Job executing on host: <130.199.186.25:9618?addrs=130.199.186.25-9618&alias=spool1822.sdcc.bnl.gov&noUDP&sock=startd_57197_3a59>
...
006 (4596384.000.000) 2025-01-30 13:55:45 Image size of job updated: 43960
	32  -  MemoryUsage of job (MB)
	32640  -  ResidentSetSize of job (KB)
...
006 (4596384.000.000) 2025-01-30 14:00:46 Image size of job updated: 5094956
	1063  -  MemoryUsage of job (MB)
	1088456  -  ResidentSetSize of job (KB)
...
006 (4596384.000.000) 2025-01-30 14:05:46 Image size of job updated: 8373392
	4786  -  MemoryUsage of job (MB)
	4900424  -  ResidentSetSize of job (KB)
...
006 (4596384.000.000) 2025-01-30 14:10:47 Image size of job updated: 11157104
	7648  -  MemoryUsage of job (MB)
	7830572  -  ResidentSetSize of job (KB)
...
006 (4596384.000.000) 2025-01-30 14:15:48 Image size of job updated: 14980412
	10971  -  MemoryUsage of job (MB)
	11233864  -  ResidentSetSize of job (KB)
...
006 (4596384.000.000) 2025-01-30 14:20:48 Image size of job updated: 18602820
	14657  -  MemoryUsage of job (MB)
	15008676  -  ResidentSetSize of job (KB)
...
006 (4596384.000.000) 2025-01-30 14:25:48 Image size of job updated: 22074036
	18529  -  MemoryUsage of job (MB)
	18973060  -  ResidentSetSize of job (KB)
...
006 (4596384.000.000) 2025-01-30 14:30:49 Image size of job updated: 23944588
	19965  -  MemoryUsage of job (MB)
	20443688  -  ResidentSetSize of job (KB)
...
006 (4596384.000.000) 2025-01-30 14:35:49 Image size of job updated: 27979704
	22679  -  MemoryUsage of job (MB)
	23222760  -  ResidentSetSize of job (KB)
...
006 (4596384.000.000) 2025-01-30 14:40:49 Image size of job updated: 28971988
	24696  -  MemoryUsage of job (MB)
	25288644  -  ResidentSetSize of job (KB)
...
006 (4596384.000.000) 2025-01-30 14:45:51 Image size of job updated: 32267920
	27141  -  MemoryUsage of job (MB)
	27791804  -  ResidentSetSize of job (KB)
...
006 (4596384.000.000) 2025-01-30 14:50:51 Image size of job updated: 33892188
	29795  -  MemoryUsage of job (MB)
	30509712  -  ResidentSetSize of job (KB)
...
006 (4596384.000.000) 2025-01-30 14:55:51 Image size of job updated: 37186620
	32001  -  MemoryUsage of job (MB)
	32768020  -  ResidentSetSize of job (KB)
...
006 (4596384.000.000) 2025-01-30 15:00:52 Image size of job updated: 38673624
	34721  -  MemoryUsage of job (MB)
	35553412  -  ResidentSetSize of job (KB)
...
006 (4596384.000.000) 2025-01-30 15:05:53 Image size of job updated: 41745812
	36502  -  MemoryUsage of job (MB)
	37377952  -  ResidentSetSize of job (KB)
...
006 (4596384.000.000) 2025-01-30 15:10:53 Image size of job updated: 43201632
	39146  -  MemoryUsage of job (MB)
	40084512  -  ResidentSetSize of job (KB)
...
006 (4596384.000.000) 2025-01-30 15:15:54 Image size of job updated: 45956168
	40780  -  MemoryUsage of job (MB)
	41757900  -  ResidentSetSize of job (KB)
...
006 (4596384.000.000) 2025-01-30 15:20:55 Image size of job updated: 48102108
	43916  -  MemoryUsage of job (MB)
	44969296  -  ResidentSetSize of job (KB)
...
006 (4596384.000.000) 2025-01-30 15:25:55 Image size of job updated: 50639272
	45027  -  MemoryUsage of job (MB)
	46107192  -  ResidentSetSize of job (KB)
...
006 (4596384.000.000) 2025-01-30 15:30:55 Image size of job updated: 51933240
	47509  -  MemoryUsage of job (MB)
	48649044  -  ResidentSetSize of job (KB)
...
006 (4596384.000.000) 2025-01-30 15:35:18 Image size of job updated: 54999084
	47509  -  MemoryUsage of job (MB)
	48649044  -  ResidentSetSize of job (KB)
...
005 (4596384.000.000) 2025-01-30 15:35:18 Job terminated.
	(1) Normal termination (return value 0)
		Usr 0 01:18:28, Sys 0 00:07:40  -  Run Remote Usage
		Usr 0 00:00:00, Sys 0 00:00:00  -  Run Local Usage
		Usr 0 01:18:28, Sys 0 00:07:40  -  Total Remote Usage
		Usr 0 00:00:00, Sys 0 00:00:00  -  Total Local Usage
	0  -  Run Bytes Sent By Job
	0  -  Run Bytes Received By Job
	0  -  Total Bytes Sent By Job
	0  -  Total Bytes Received By Job
	Partitionable Resources :    Usage  Request Allocated 
	   Cpus                 :     0.92        1         1 
	   Disk (KB)            :     2           2   6681644 
	   Memory (MB)          : 47509      128192    128256 
	   xferslots            :                           0 

	Job terminated of its own accord at 2025-01-30T20:35:18Z with exit-code 0.
...
000 (4597588.000.000) 2025-02-02 20:58:55 Job submitted from host: <130.199.48.82:9618?addrs=130.199.48.82-9618&alias=rcas2063.rcf.bnl.gov&noUDP&sock=schedd_23786_1176>
...
001 (4597588.000.000) 2025-02-02 21:05:15 Job executing on host: <130.199.150.95:9618?addrs=130.199.150.95-9618&alias=spool1576.sdcc.bnl.gov&noUDP&sock=startd_90603_ce21>
...
006 (4597588.000.000) 2025-02-02 21:05:23 Image size of job updated: 291056
	146  -  MemoryUsage of job (MB)
	149040  -  ResidentSetSize of job (KB)
...
006 (4597588.000.000) 2025-02-02 21:05:26 Image size of job updated: 3447588
	146  -  MemoryUsage of job (MB)
	149040  -  ResidentSetSize of job (KB)
...
005 (4597588.000.000) 2025-02-02 21:05:27 Job terminated.
	(1) Normal termination (return value 139)
		Usr 0 00:00:06, Sys 0 00:00:02  -  Run Remote Usage
		Usr 0 00:00:00, Sys 0 00:00:00  -  Run Local Usage
		Usr 0 00:00:06, Sys 0 00:00:02  -  Total Remote Usage
		Usr 0 00:00:00, Sys 0 00:00:00  -  Total Local Usage
	0  -  Run Bytes Sent By Job
	0  -  Run Bytes Received By Job
	0  -  Total Bytes Sent By Job
	0  -  Total Bytes Received By Job
	Partitionable Resources :    Usage  Request Allocated 
	   Cpus                 :                 1         1 
	   Disk (KB)            :        2        2   6681229 
	   Memory (MB)          :      146   128192    128256 
	   xferslots            :                           0 

	Job terminated of its own accord at 2025-02-03T02:05:26Z with exit-code 139.
...
