000 (4606699.000.000) 2025-02-02 21:20:02 Job submitted from host: <130.199.48.82:9618?addrs=130.199.48.82-9618&alias=rcas2063.rcf.bnl.gov&noUDP&sock=schedd_23786_1176>
...
001 (4606699.000.000) 2025-02-02 21:20:03 Job executing on host: <130.199.186.79:9618?addrs=130.199.186.79-9618&alias=spool1842.sdcc.bnl.gov&noUDP&sock=startd_86178_593b>
...
006 (4606699.000.000) 2025-02-02 21:20:11 Image size of job updated: 198112
	119  -  MemoryUsage of job (MB)
	121540  -  ResidentSetSize of job (KB)
...
006 (4606699.000.000) 2025-02-02 21:20:17 Image size of job updated: 472108
	119  -  MemoryUsage of job (MB)
	121544  -  ResidentSetSize of job (KB)
...
005 (4606699.000.000) 2025-02-02 21:20:17 Job terminated.
	(1) Normal termination (return value 139)
		Usr 0 00:00:06, Sys 0 00:00:02  -  Run Remote Usage
		Usr 0 00:00:00, Sys 0 00:00:00  -  Run Local Usage
		Usr 0 00:00:06, Sys 0 00:00:02  -  Total Remote Usage
		Usr 0 00:00:00, Sys 0 00:00:00  -  Total Local Usage
	0  -  Run Bytes Sent By Job
	0  -  Run Bytes Received By Job
	0  -  Total Bytes Sent By Job
	0  -  Total Bytes Received By Job
	Partitionable Resources :    Usage  Request Allocated 
	   Cpus                 :                 1         1 
	   Disk (KB)            :        2        2   6681620 
	   Memory (MB)          :      119   128192    128256 
	   xferslots            :                           0 

	Job terminated of its own accord at 2025-02-03T02:20:17Z with exit-code 139.
...
