000 (4596118.000.000) 2025-01-28 23:09:37 Job submitted from host: <130.199.48.82:9618?addrs=130.199.48.82-9618&alias=rcas2063.rcf.bnl.gov&noUDP&sock=schedd_23786_1176>
...
001 (4596118.000.000) 2025-01-29 01:34:41 Job executing on host: <130.199.151.8:9618?addrs=130.199.151.8-9618&alias=spool1586.sdcc.bnl.gov&noUDP&sock=startd_10002_9b31>
...
006 (4596118.000.000) 2025-01-29 01:34:50 Image size of job updated: 191552
	115  -  MemoryUsage of job (MB)
	116852  -  ResidentSetSize of job (KB)
...
006 (4596118.000.000) 2025-01-29 01:34:54 Image size of job updated: 2936308
	115  -  MemoryUsage of job (MB)
	116852  -  ResidentSetSize of job (KB)
...
005 (4596118.000.000) 2025-01-29 01:34:54 Job terminated.
	(1) Normal termination (return value 0)
		Usr 0 00:00:04, Sys 0 00:00:01  -  Run Remote Usage
		Usr 0 00:00:00, Sys 0 00:00:00  -  Run Local Usage
		Usr 0 00:00:04, Sys 0 00:00:01  -  Total Remote Usage
		Usr 0 00:00:00, Sys 0 00:00:00  -  Total Local Usage
	0  -  Run Bytes Sent By Job
	0  -  Run Bytes Received By Job
	0  -  Total Bytes Sent By Job
	0  -  Total Bytes Received By Job
	Partitionable Resources :    Usage  Request Allocated 
	   Cpus                 :     0.57        1         1 
	   Disk (KB)            :     2           2   6681168 
	   Memory (MB)          :   115      128192    128256 
	   xferslots            :                           0 

	Job terminated of its own accord at 2025-01-29T06:34:54Z with exit-code 0.
...
000 (4597139.000.000) 2025-01-30 00:28:35 Job submitted from host: <130.199.48.82:9618?addrs=130.199.48.82-9618&alias=rcas2063.rcf.bnl.gov&noUDP&sock=schedd_23786_1176>
...
009 (4597139.000.000) 2025-01-30 19:29:36 Job was aborted.
	via condor_rm (by user sgross)
...
000 (4598343.000.000) 2025-02-02 21:00:20 Job submitted from host: <130.199.48.82:9618?addrs=130.199.48.82-9618&alias=rcas2063.rcf.bnl.gov&noUDP&sock=schedd_23786_1176>
...
001 (4598343.000.000) 2025-02-02 21:06:40 Job executing on host: <130.199.150.98:9618?addrs=130.199.150.98-9618&alias=spool1579.sdcc.bnl.gov&noUDP&sock=startd_18997_6900>
...
006 (4598343.000.000) 2025-02-02 21:06:49 Image size of job updated: 217404
	0  -  MemoryUsage of job (MB)
	0  -  ResidentSetSize of job (KB)
...
005 (4598343.000.000) 2025-02-02 21:06:49 Job terminated.
	(1) Normal termination (return value 139)
		Usr 0 00:00:05, Sys 0 00:00:01  -  Run Remote Usage
		Usr 0 00:00:00, Sys 0 00:00:00  -  Run Local Usage
		Usr 0 00:00:05, Sys 0 00:00:01  -  Total Remote Usage
		Usr 0 00:00:00, Sys 0 00:00:00  -  Total Local Usage
	0  -  Run Bytes Sent By Job
	0  -  Run Bytes Received By Job
	0  -  Total Bytes Sent By Job
	0  -  Total Bytes Received By Job
	Partitionable Resources :    Usage  Request Allocated 
	   Cpus                 :                 1         1 
	   Disk (KB)            :        2        2   6681230 
	   Memory (MB)          :        0   128192    128256 
	   xferslots            :                           0 

	Job terminated of its own accord at 2025-02-03T02:06:49Z with exit-code 139.
...
000 (4608060.000.000) 2025-02-03 00:29:52 Job submitted from host: <130.199.48.82:9618?addrs=130.199.48.82-9618&alias=rcas2063.rcf.bnl.gov&noUDP&sock=schedd_23786_1176>
...
