000 (4595950.000.000) 2025-01-28 23:09:23 Job submitted from host: <130.199.48.82:9618?addrs=130.199.48.82-9618&alias=rcas2063.rcf.bnl.gov&noUDP&sock=schedd_23786_1176>
...
001 (4595950.000.000) 2025-01-29 01:32:09 Job executing on host: <130.199.184.217:9618?addrs=130.199.184.217-9618&alias=spool1792.sdcc.bnl.gov&noUDP&sock=startd_72049_b2cc>
...
006 (4595950.000.000) 2025-01-29 01:32:18 Image size of job updated: 189848
	114  -  MemoryUsage of job (MB)
	116104  -  ResidentSetSize of job (KB)
...
006 (4595950.000.000) 2025-01-29 01:32:22 Image size of job updated: 210896
	114  -  MemoryUsage of job (MB)
	116156  -  ResidentSetSize of job (KB)
...
005 (4595950.000.000) 2025-01-29 01:32:22 Job terminated.
	(1) Normal termination (return value 0)
		Usr 0 00:00:04, Sys 0 00:00:01  -  Run Remote Usage
		Usr 0 00:00:00, Sys 0 00:00:00  -  Run Local Usage
		Usr 0 00:00:04, Sys 0 00:00:01  -  Total Remote Usage
		Usr 0 00:00:00, Sys 0 00:00:00  -  Total Local Usage
	0  -  Run Bytes Sent By Job
	0  -  Run Bytes Received By Job
	0  -  Total Bytes Sent By Job
	0  -  Total Bytes Received By Job
	Partitionable Resources :    Usage  Request Allocated 
	   Cpus                 :                 1         1 
	   Disk (KB)            :        2        2   6681623 
	   Memory (MB)          :      114   128192    128256 
	   xferslots            :                           0 

	Job terminated of its own accord at 2025-01-29T06:32:22Z with exit-code 0.
...
000 (4596971.000.000) 2025-01-30 00:28:18 Job submitted from host: <130.199.48.82:9618?addrs=130.199.48.82-9618&alias=rcas2063.rcf.bnl.gov&noUDP&sock=schedd_23786_1176>
...
009 (4596971.000.000) 2025-01-30 19:29:29 Job was aborted.
	via condor_rm (by user sgross)
...
000 (4598175.000.000) 2025-02-02 21:00:01 Job submitted from host: <130.199.48.82:9618?addrs=130.199.48.82-9618&alias=rcas2063.rcf.bnl.gov&noUDP&sock=schedd_23786_1176>
...
001 (4598175.000.000) 2025-02-02 21:06:25 Job executing on host: <130.199.186.8:9618?addrs=130.199.186.8-9618&alias=spool1805.sdcc.bnl.gov&noUDP&sock=startd_47947_b83e>
...
006 (4598175.000.000) 2025-02-02 21:06:34 Image size of job updated: 506100
	0  -  MemoryUsage of job (MB)
	0  -  ResidentSetSize of job (KB)
...
005 (4598175.000.000) 2025-02-02 21:06:34 Job terminated.
	(1) Normal termination (return value 139)
		Usr 0 00:00:05, Sys 0 00:00:02  -  Run Remote Usage
		Usr 0 00:00:00, Sys 0 00:00:00  -  Run Local Usage
		Usr 0 00:00:05, Sys 0 00:00:02  -  Total Remote Usage
		Usr 0 00:00:00, Sys 0 00:00:00  -  Total Local Usage
	0  -  Run Bytes Sent By Job
	0  -  Run Bytes Received By Job
	0  -  Total Bytes Sent By Job
	0  -  Total Bytes Received By Job
	Partitionable Resources :    Usage  Request Allocated 
	   Cpus                 :                 1         1 
	   Disk (KB)            :        2        2   6681622 
	   Memory (MB)          :        0   128192    128256 
	   xferslots            :                           0 

	Job terminated of its own accord at 2025-02-03T02:06:34Z with exit-code 139.
...
000 (4607892.000.000) 2025-02-03 00:29:33 Job submitted from host: <130.199.48.82:9618?addrs=130.199.48.82-9618&alias=rcas2063.rcf.bnl.gov&noUDP&sock=schedd_23786_1176>
...
