000 (4595433.000.000) 2025-01-28 23:08:42 Job submitted from host: <130.199.48.82:9618?addrs=130.199.48.82-9618&alias=rcas2063.rcf.bnl.gov&noUDP&sock=schedd_23786_1176>
...
001 (4595433.000.000) 2025-01-29 01:22:40 Job executing on host: <130.199.186.92:9618?addrs=130.199.186.92-9618&alias=spool1855.sdcc.bnl.gov&noUDP&sock=startd_51230_bf6c>
...
006 (4595433.000.000) 2025-01-29 01:22:49 Image size of job updated: 577428
	95  -  MemoryUsage of job (MB)
	97164  -  ResidentSetSize of job (KB)
...
006 (4595433.000.000) 2025-01-29 01:22:53 Image size of job updated: 577428
	95  -  MemoryUsage of job (MB)
	97204  -  ResidentSetSize of job (KB)
...
005 (4595433.000.000) 2025-01-29 01:22:53 Job terminated.
	(1) Normal termination (return value 0)
		Usr 0 00:00:04, Sys 0 00:00:01  -  Run Remote Usage
		Usr 0 00:00:00, Sys 0 00:00:00  -  Run Local Usage
		Usr 0 00:00:04, Sys 0 00:00:01  -  Total Remote Usage
		Usr 0 00:00:00, Sys 0 00:00:00  -  Total Local Usage
	0  -  Run Bytes Sent By Job
	0  -  Run Bytes Received By Job
	0  -  Total Bytes Sent By Job
	0  -  Total Bytes Received By Job
	Partitionable Resources :    Usage  Request Allocated 
	   Cpus                 :                 1         1 
	   Disk (KB)            :        2        2   6681629 
	   Memory (MB)          :       95   128192    128256 
	   xferslots            :                           0 

	Job terminated of its own accord at 2025-01-29T06:22:53Z with exit-code 0.
...
000 (4596454.000.000) 2025-01-30 00:27:28 Job submitted from host: <130.199.48.82:9618?addrs=130.199.48.82-9618&alias=rcas2063.rcf.bnl.gov&noUDP&sock=schedd_23786_1176>
...
001 (4596454.000.000) 2025-01-30 14:41:34 Job executing on host: <130.199.207.220:9618?addrs=130.199.207.220-9618&alias=spool1507.sdcc.bnl.gov&noUDP&sock=startd_19017_bd6b>
...
006 (4596454.000.000) 2025-01-30 14:41:43 Image size of job updated: 298944
	40  -  MemoryUsage of job (MB)
	40420  -  ResidentSetSize of job (KB)
...
006 (4596454.000.000) 2025-01-30 14:46:45 Image size of job updated: 5166976
	784  -  MemoryUsage of job (MB)
	802396  -  ResidentSetSize of job (KB)
...
006 (4596454.000.000) 2025-01-30 14:51:45 Image size of job updated: 7475420
	4358  -  MemoryUsage of job (MB)
	4461612  -  ResidentSetSize of job (KB)
...
006 (4596454.000.000) 2025-01-30 14:56:45 Image size of job updated: 9872316
	6444  -  MemoryUsage of job (MB)
	6597744  -  ResidentSetSize of job (KB)
...
006 (4596454.000.000) 2025-01-30 15:01:46 Image size of job updated: 13739988
	9354  -  MemoryUsage of job (MB)
	9577524  -  ResidentSetSize of job (KB)
...
006 (4596454.000.000) 2025-01-30 15:06:46 Image size of job updated: 16191720
	12825  -  MemoryUsage of job (MB)
	13131872  -  ResidentSetSize of job (KB)
...
006 (4596454.000.000) 2025-01-30 15:11:46 Image size of job updated: 18859696
	15294  -  MemoryUsage of job (MB)
	15660340  -  ResidentSetSize of job (KB)
...
006 (4596454.000.000) 2025-01-30 15:16:47 Image size of job updated: 23068076
	18323  -  MemoryUsage of job (MB)
	18762480  -  ResidentSetSize of job (KB)
...
006 (4596454.000.000) 2025-01-30 15:21:48 Image size of job updated: 25388516
	21678  -  MemoryUsage of job (MB)
	22197736  -  ResidentSetSize of job (KB)
...
006 (4596454.000.000) 2025-01-30 15:26:48 Image size of job updated: 28067640
	23625  -  MemoryUsage of job (MB)
	24191336  -  ResidentSetSize of job (KB)
...
006 (4596454.000.000) 2025-01-30 15:31:49 Image size of job updated: 32028264
	27609  -  MemoryUsage of job (MB)
	28270808  -  ResidentSetSize of job (KB)
...
006 (4596454.000.000) 2025-01-30 15:36:50 Image size of job updated: 33430284
	29626  -  MemoryUsage of job (MB)
	30336292  -  ResidentSetSize of job (KB)
...
006 (4596454.000.000) 2025-01-30 15:41:50 Image size of job updated: 37054532
	32081  -  MemoryUsage of job (MB)
	32850896  -  ResidentSetSize of job (KB)
...
006 (4596454.000.000) 2025-01-30 15:46:51 Image size of job updated: 39471056
	35567  -  MemoryUsage of job (MB)
	36419824  -  ResidentSetSize of job (KB)
...
006 (4596454.000.000) 2025-01-30 15:51:52 Image size of job updated: 41779964
	37475  -  MemoryUsage of job (MB)
	38374032  -  ResidentSetSize of job (KB)
...
006 (4596454.000.000) 2025-01-30 15:56:52 Image size of job updated: 44773312
	40639  -  MemoryUsage of job (MB)
	41613660  -  ResidentSetSize of job (KB)
...
006 (4596454.000.000) 2025-01-30 16:01:53 Image size of job updated: 47447852
	43250  -  MemoryUsage of job (MB)
	44286992  -  ResidentSetSize of job (KB)
...
006 (4596454.000.000) 2025-01-30 16:06:54 Image size of job updated: 50784904
	45638  -  MemoryUsage of job (MB)
	46732780  -  ResidentSetSize of job (KB)
...
006 (4596454.000.000) 2025-01-30 16:11:54 Image size of job updated: 53347460
	49197  -  MemoryUsage of job (MB)
	50376808  -  ResidentSetSize of job (KB)
...
006 (4596454.000.000) 2025-01-30 16:12:51 Image size of job updated: 53937084
	49200  -  MemoryUsage of job (MB)
	50380340  -  ResidentSetSize of job (KB)
...
005 (4596454.000.000) 2025-01-30 16:12:51 Job terminated.
	(1) Normal termination (return value 0)
		Usr 0 01:16:28, Sys 0 00:07:43  -  Run Remote Usage
		Usr 0 00:00:00, Sys 0 00:00:00  -  Run Local Usage
		Usr 0 01:16:28, Sys 0 00:07:43  -  Total Remote Usage
		Usr 0 00:00:00, Sys 0 00:00:00  -  Total Local Usage
	0  -  Run Bytes Sent By Job
	0  -  Run Bytes Received By Job
	0  -  Total Bytes Sent By Job
	0  -  Total Bytes Received By Job
	Partitionable Resources :    Usage  Request Allocated 
	   Cpus                 :     0.97        1         1 
	   Disk (KB)            :     2           2   6681174 
	   Memory (MB)          : 49200      128192    128256 
	   xferslots            :                           0 

	Job terminated of its own accord at 2025-01-30T21:12:51Z with exit-code 0.
...
000 (4597658.000.000) 2025-02-02 20:59:02 Job submitted from host: <130.199.48.82:9618?addrs=130.199.48.82-9618&alias=rcas2063.rcf.bnl.gov&noUDP&sock=schedd_23786_1176>
...
001 (4597658.000.000) 2025-02-02 21:05:26 Job executing on host: <130.199.151.6:9618?addrs=130.199.151.6-9618&alias=spool1584.sdcc.bnl.gov&noUDP&sock=startd_2695_0870>
...
006 (4597658.000.000) 2025-02-02 21:05:35 Image size of job updated: 570496
	90  -  MemoryUsage of job (MB)
	92116  -  ResidentSetSize of job (KB)
...
006 (4597658.000.000) 2025-02-02 21:05:42 Image size of job updated: 570496
	90  -  MemoryUsage of job (MB)
	92140  -  ResidentSetSize of job (KB)
...
005 (4597658.000.000) 2025-02-02 21:05:43 Job terminated.
	(1) Normal termination (return value 139)
		Usr 0 00:00:06, Sys 0 00:00:03  -  Run Remote Usage
		Usr 0 00:00:00, Sys 0 00:00:00  -  Run Local Usage
		Usr 0 00:00:06, Sys 0 00:00:03  -  Total Remote Usage
		Usr 0 00:00:00, Sys 0 00:00:00  -  Total Local Usage
	0  -  Run Bytes Sent By Job
	0  -  Run Bytes Received By Job
	0  -  Total Bytes Sent By Job
	0  -  Total Bytes Received By Job
	Partitionable Resources :    Usage  Request Allocated 
	   Cpus                 :                 1         1 
	   Disk (KB)            :        2        2   6681224 
	   Memory (MB)          :       90   128192    128256 
	   xferslots            :                           0 

	Job terminated of its own accord at 2025-02-03T02:05:42Z with exit-code 139.
...
