000 (4595612.000.000) 2025-01-28 23:08:56 Job submitted from host: <130.199.48.82:9618?addrs=130.199.48.82-9618&alias=rcas2063.rcf.bnl.gov&noUDP&sock=schedd_23786_1176>
...
001 (4595612.000.000) 2025-01-29 01:26:24 Job executing on host: <130.199.184.197:9618?addrs=130.199.184.197-9618&alias=spool1772.sdcc.bnl.gov&noUDP&sock=startd_55688_a602>
...
006 (4595612.000.000) 2025-01-29 01:26:32 Image size of job updated: 242900
	137  -  MemoryUsage of job (MB)
	139508  -  ResidentSetSize of job (KB)
...
006 (4595612.000.000) 2025-01-29 01:26:33 Image size of job updated: 243144
	137  -  MemoryUsage of job (MB)
	139516  -  ResidentSetSize of job (KB)
...
005 (4595612.000.000) 2025-01-29 01:26:33 Job terminated.
	(1) Normal termination (return value 0)
		Usr 0 00:00:03, Sys 0 00:00:01  -  Run Remote Usage
		Usr 0 00:00:00, Sys 0 00:00:00  -  Run Local Usage
		Usr 0 00:00:03, Sys 0 00:00:01  -  Total Remote Usage
		Usr 0 00:00:00, Sys 0 00:00:00  -  Total Local Usage
	0  -  Run Bytes Sent By Job
	0  -  Run Bytes Received By Job
	0  -  Total Bytes Sent By Job
	0  -  Total Bytes Received By Job
	Partitionable Resources :    Usage  Request Allocated 
	   Cpus                 :                 1         1 
	   Disk (KB)            :        2        2   6681633 
	   Memory (MB)          :      137   128192    128256 
	   xferslots            :                           0 

	Job terminated of its own accord at 2025-01-29T06:26:33Z with exit-code 0.
...
000 (4596633.000.000) 2025-01-30 00:27:46 Job submitted from host: <130.199.48.82:9618?addrs=130.199.48.82-9618&alias=rcas2063.rcf.bnl.gov&noUDP&sock=schedd_23786_1176>
...
001 (4596633.000.000) 2025-01-30 16:47:26 Job executing on host: <130.199.186.80:9618?addrs=130.199.186.80-9618&alias=spool1843.sdcc.bnl.gov&noUDP&sock=startd_11487_9708>
...
006 (4596633.000.000) 2025-01-30 16:47:34 Image size of job updated: 157340
	82  -  MemoryUsage of job (MB)
	83528  -  ResidentSetSize of job (KB)
...
006 (4596633.000.000) 2025-01-30 16:52:34 Image size of job updated: 5213560
	1245  -  MemoryUsage of job (MB)
	1274196  -  ResidentSetSize of job (KB)
...
006 (4596633.000.000) 2025-01-30 16:57:35 Image size of job updated: 9851316
	5245  -  MemoryUsage of job (MB)
	5370384  -  ResidentSetSize of job (KB)
...
006 (4596633.000.000) 2025-01-30 17:02:35 Image size of job updated: 12610636
	9229  -  MemoryUsage of job (MB)
	9449844  -  ResidentSetSize of job (KB)
...
006 (4596633.000.000) 2025-01-30 17:07:35 Image size of job updated: 15074908
	11636  -  MemoryUsage of job (MB)
	11914280  -  ResidentSetSize of job (KB)
...
006 (4596633.000.000) 2025-01-30 17:12:36 Image size of job updated: 18421888
	13676  -  MemoryUsage of job (MB)
	14003872  -  ResidentSetSize of job (KB)
...
006 (4596633.000.000) 2025-01-30 17:17:37 Image size of job updated: 19846984
	16305  -  MemoryUsage of job (MB)
	16695944  -  ResidentSetSize of job (KB)
...
006 (4596633.000.000) 2025-01-30 17:22:37 Image size of job updated: 23019584
	18132  -  MemoryUsage of job (MB)
	18566508  -  ResidentSetSize of job (KB)
...
006 (4596633.000.000) 2025-01-30 17:27:38 Image size of job updated: 24192160
	20654  -  MemoryUsage of job (MB)
	21149064  -  ResidentSetSize of job (KB)
...
006 (4596633.000.000) 2025-01-30 17:32:39 Image size of job updated: 26848360
	22618  -  MemoryUsage of job (MB)
	23160456  -  ResidentSetSize of job (KB)
...
006 (4596633.000.000) 2025-01-30 17:37:39 Image size of job updated: 28613084
	24964  -  MemoryUsage of job (MB)
	25562136  -  ResidentSetSize of job (KB)
...
006 (4596633.000.000) 2025-01-30 17:42:40 Image size of job updated: 31287020
	26537  -  MemoryUsage of job (MB)
	27173080  -  ResidentSetSize of job (KB)
...
006 (4596633.000.000) 2025-01-30 17:47:41 Image size of job updated: 33280168
	29354  -  MemoryUsage of job (MB)
	30058184  -  ResidentSetSize of job (KB)
...
006 (4596633.000.000) 2025-01-30 17:52:41 Image size of job updated: 35122864
	30350  -  MemoryUsage of job (MB)
	31078052  -  ResidentSetSize of job (KB)
...
006 (4596633.000.000) 2025-01-30 17:57:41 Image size of job updated: 37556016
	33486  -  MemoryUsage of job (MB)
	34288976  -  ResidentSetSize of job (KB)
...
006 (4596633.000.000) 2025-01-30 18:02:42 Image size of job updated: 39834272
	34995  -  MemoryUsage of job (MB)
	35834080  -  ResidentSetSize of job (KB)
...
006 (4596633.000.000) 2025-01-30 18:07:42 Image size of job updated: 41978940
	38027  -  MemoryUsage of job (MB)
	38939244  -  ResidentSetSize of job (KB)
...
006 (4596633.000.000) 2025-01-30 18:12:43 Image size of job updated: 44071060
	39353  -  MemoryUsage of job (MB)
	40297160  -  ResidentSetSize of job (KB)
...
006 (4596633.000.000) 2025-01-30 18:17:44 Image size of job updated: 46918688
	42673  -  MemoryUsage of job (MB)
	43696604  -  ResidentSetSize of job (KB)
...
006 (4596633.000.000) 2025-01-30 18:18:07 Image size of job updated: 47258464
	42674  -  MemoryUsage of job (MB)
	43697540  -  ResidentSetSize of job (KB)
...
005 (4596633.000.000) 2025-01-30 18:18:07 Job terminated.
	(1) Normal termination (return value 0)
		Usr 0 01:08:21, Sys 0 00:08:07  -  Run Remote Usage
		Usr 0 00:00:00, Sys 0 00:00:00  -  Run Local Usage
		Usr 0 01:08:21, Sys 0 00:08:07  -  Total Remote Usage
		Usr 0 00:00:00, Sys 0 00:00:00  -  Total Local Usage
	0  -  Run Bytes Sent By Job
	0  -  Run Bytes Received By Job
	0  -  Total Bytes Sent By Job
	0  -  Total Bytes Received By Job
	Partitionable Resources :    Usage  Request Allocated 
	   Cpus                 :     0.85        1         1 
	   Disk (KB)            :     2           2   6681630 
	   Memory (MB)          : 42674      128192    128256 
	   xferslots            :                           0 

	Job terminated of its own accord at 2025-01-30T23:18:07Z with exit-code 0.
...
000 (4597837.000.000) 2025-02-02 20:59:22 Job submitted from host: <130.199.48.82:9618?addrs=130.199.48.82-9618&alias=rcas2063.rcf.bnl.gov&noUDP&sock=schedd_23786_1176>
...
001 (4597837.000.000) 2025-02-02 21:05:51 Job executing on host: <130.199.151.33:9618?addrs=130.199.151.33-9618&alias=spool1611.sdcc.bnl.gov&noUDP&sock=startd_368_911c>
...
006 (4597837.000.000) 2025-02-02 21:06:00 Image size of job updated: 574092
	146  -  MemoryUsage of job (MB)
	149024  -  ResidentSetSize of job (KB)
...
006 (4597837.000.000) 2025-02-02 21:06:03 Image size of job updated: 3586740
	146  -  MemoryUsage of job (MB)
	149024  -  ResidentSetSize of job (KB)
...
005 (4597837.000.000) 2025-02-02 21:06:04 Job terminated.
	(1) Normal termination (return value 139)
		Usr 0 00:00:05, Sys 0 00:00:02  -  Run Remote Usage
		Usr 0 00:00:00, Sys 0 00:00:00  -  Run Local Usage
		Usr 0 00:00:05, Sys 0 00:00:02  -  Total Remote Usage
		Usr 0 00:00:00, Sys 0 00:00:00  -  Total Local Usage
	0  -  Run Bytes Sent By Job
	0  -  Run Bytes Received By Job
	0  -  Total Bytes Sent By Job
	0  -  Total Bytes Received By Job
	Partitionable Resources :    Usage  Request Allocated 
	   Cpus                 :                 1         1 
	   Disk (KB)            :        2        2   6681232 
	   Memory (MB)          :      146   128192    128256 
	   xferslots            :                           0 

	Job terminated of its own accord at 2025-02-03T02:06:03Z with exit-code 139.
...
000 (4607554.000.000) 2025-02-03 00:28:54 Job submitted from host: <130.199.48.82:9618?addrs=130.199.48.82-9618&alias=rcas2063.rcf.bnl.gov&noUDP&sock=schedd_23786_1176>
...
