000 (4606151.000.000) 2025-02-02 21:18:50 Job submitted from host: <130.199.48.82:9618?addrs=130.199.48.82-9618&alias=rcas2063.rcf.bnl.gov&noUDP&sock=schedd_23786_1176>
...
001 (4606151.000.000) 2025-02-02 21:18:51 Job executing on host: <130.199.186.9:9618?addrs=130.199.186.9-9618&alias=spool1806.sdcc.bnl.gov&noUDP&sock=startd_12605_6c40>
...
006 (4606151.000.000) 2025-02-02 21:19:00 Image size of job updated: 2922088
	138  -  MemoryUsage of job (MB)
	141100  -  ResidentSetSize of job (KB)
...
006 (4606151.000.000) 2025-02-02 21:19:04 Image size of job updated: 2922088
	138  -  MemoryUsage of job (MB)
	141156  -  ResidentSetSize of job (KB)
...
005 (4606151.000.000) 2025-02-02 21:19:04 Job terminated.
	(1) Normal termination (return value 139)
		Usr 0 00:00:06, Sys 0 00:00:02  -  Run Remote Usage
		Usr 0 00:00:00, Sys 0 00:00:00  -  Run Local Usage
		Usr 0 00:00:06, Sys 0 00:00:02  -  Total Remote Usage
		Usr 0 00:00:00, Sys 0 00:00:00  -  Total Local Usage
	0  -  Run Bytes Sent By Job
	0  -  Run Bytes Received By Job
	0  -  Total Bytes Sent By Job
	0  -  Total Bytes Received By Job
	Partitionable Resources :    Usage  Request Allocated 
	   Cpus                 :                 1         1 
	   Disk (KB)            :        2        2   6681624 
	   Memory (MB)          :      138   128192    128256 
	   xferslots            :                           0 

	Job terminated of its own accord at 2025-02-03T02:19:04Z with exit-code 139.
...
