000 (4595292.000.000) 2025-01-28 23:08:30 Job submitted from host: <130.199.48.82:9618?addrs=130.199.48.82-9618&alias=rcas2063.rcf.bnl.gov&noUDP&sock=schedd_23786_1176>
...
001 (4595292.000.000) 2025-01-29 01:15:36 Job executing on host: <130.199.151.33:9618?addrs=130.199.151.33-9618&alias=spool1611.sdcc.bnl.gov&noUDP&sock=startd_368_911c>
...
006 (4595292.000.000) 2025-01-29 01:15:44 Image size of job updated: 190236
	86  -  MemoryUsage of job (MB)
	87940  -  ResidentSetSize of job (KB)
...
006 (4595292.000.000) 2025-01-29 01:15:48 Image size of job updated: 574084
	87  -  MemoryUsage of job (MB)
	88364  -  ResidentSetSize of job (KB)
...
005 (4595292.000.000) 2025-01-29 01:15:48 Job terminated.
	(1) Normal termination (return value 0)
		Usr 0 00:00:04, Sys 0 00:00:01  -  Run Remote Usage
		Usr 0 00:00:00, Sys 0 00:00:00  -  Run Local Usage
		Usr 0 00:00:04, Sys 0 00:00:01  -  Total Remote Usage
		Usr 0 00:00:00, Sys 0 00:00:00  -  Total Local Usage
	0  -  Run Bytes Sent By Job
	0  -  Run Bytes Received By Job
	0  -  Total Bytes Sent By Job
	0  -  Total Bytes Received By Job
	Partitionable Resources :    Usage  Request Allocated 
	   Cpus                 :                 1         1 
	   Disk (KB)            :        2        2   6681232 
	   Memory (MB)          :       87   128192    128256 
	   xferslots            :                           0 

	Job terminated of its own accord at 2025-01-29T06:15:48Z with exit-code 0.
...
000 (4596313.000.000) 2025-01-30 00:27:14 Job submitted from host: <130.199.48.82:9618?addrs=130.199.48.82-9618&alias=rcas2063.rcf.bnl.gov&noUDP&sock=schedd_23786_1176>
...
001 (4596313.000.000) 2025-01-30 12:33:29 Job executing on host: <130.199.186.21:9618?addrs=130.199.186.21-9618&alias=spool1818.sdcc.bnl.gov&noUDP&sock=startd_15937_f573>
...
006 (4596313.000.000) 2025-01-30 12:33:38 Image size of job updated: 63204
	37  -  MemoryUsage of job (MB)
	37596  -  ResidentSetSize of job (KB)
...
006 (4596313.000.000) 2025-01-30 12:38:39 Image size of job updated: 3038908
	168  -  MemoryUsage of job (MB)
	171352  -  ResidentSetSize of job (KB)
...
006 (4596313.000.000) 2025-01-30 12:43:39 Image size of job updated: 3523888
	364  -  MemoryUsage of job (MB)
	372084  -  ResidentSetSize of job (KB)
...
006 (4596313.000.000) 2025-01-30 12:48:39 Image size of job updated: 5447008
	1749  -  MemoryUsage of job (MB)
	1790240  -  ResidentSetSize of job (KB)
...
006 (4596313.000.000) 2025-01-30 12:53:40 Image size of job updated: 8203160
	4872  -  MemoryUsage of job (MB)
	4988356  -  ResidentSetSize of job (KB)
...
006 (4596313.000.000) 2025-01-30 12:58:41 Image size of job updated: 9894796
	5976  -  MemoryUsage of job (MB)
	6118496  -  ResidentSetSize of job (KB)
...
006 (4596313.000.000) 2025-01-30 13:03:41 Image size of job updated: 12283744
	8914  -  MemoryUsage of job (MB)
	9127444  -  ResidentSetSize of job (KB)
...
006 (4596313.000.000) 2025-01-30 13:08:42 Image size of job updated: 14844544
	10219  -  MemoryUsage of job (MB)
	10463332  -  ResidentSetSize of job (KB)
...
006 (4596313.000.000) 2025-01-30 13:13:43 Image size of job updated: 16166104
	12700  -  MemoryUsage of job (MB)
	13004024  -  ResidentSetSize of job (KB)
...
006 (4596313.000.000) 2025-01-30 13:18:43 Image size of job updated: 19111848
	14527  -  MemoryUsage of job (MB)
	14875104  -  ResidentSetSize of job (KB)
...
006 (4596313.000.000) 2025-01-30 13:23:43 Image size of job updated: 20419548
	16707  -  MemoryUsage of job (MB)
	17107256  -  ResidentSetSize of job (KB)
...
006 (4596313.000.000) 2025-01-30 13:28:44 Image size of job updated: 23441320
	18466  -  MemoryUsage of job (MB)
	18908372  -  ResidentSetSize of job (KB)
...
006 (4596313.000.000) 2025-01-30 13:33:44 Image size of job updated: 24438488
	20848  -  MemoryUsage of job (MB)
	21347616  -  ResidentSetSize of job (KB)
...
006 (4596313.000.000) 2025-01-30 13:38:44 Image size of job updated: 28406948
	22946  -  MemoryUsage of job (MB)
	23495856  -  ResidentSetSize of job (KB)
...
006 (4596313.000.000) 2025-01-30 13:43:45 Image size of job updated: 28703248
	24558  -  MemoryUsage of job (MB)
	25146928  -  ResidentSetSize of job (KB)
...
006 (4596313.000.000) 2025-01-30 13:48:46 Image size of job updated: 31736268
	27438  -  MemoryUsage of job (MB)
	28096136  -  ResidentSetSize of job (KB)
...
006 (4596313.000.000) 2025-01-30 13:53:46 Image size of job updated: 33081564
	28607  -  MemoryUsage of job (MB)
	29293004  -  ResidentSetSize of job (KB)
...
006 (4596313.000.000) 2025-01-30 13:58:47 Image size of job updated: 35570600
	31593  -  MemoryUsage of job (MB)
	32350876  -  ResidentSetSize of job (KB)
...
006 (4596313.000.000) 2025-01-30 14:03:48 Image size of job updated: 37190972
	33002  -  MemoryUsage of job (MB)
	33793080  -  ResidentSetSize of job (KB)
...
006 (4596313.000.000) 2025-01-30 14:08:48 Image size of job updated: 40859316
	35299  -  MemoryUsage of job (MB)
	36145528  -  ResidentSetSize of job (KB)
...
006 (4596313.000.000) 2025-01-30 14:13:49 Image size of job updated: 41662920
	37569  -  MemoryUsage of job (MB)
	38470220  -  ResidentSetSize of job (KB)
...
006 (4596313.000.000) 2025-01-30 14:18:50 Image size of job updated: 44817788
	39908  -  MemoryUsage of job (MB)
	40864864  -  ResidentSetSize of job (KB)
...
006 (4596313.000.000) 2025-01-30 14:23:50 Image size of job updated: 47313292
	43048  -  MemoryUsage of job (MB)
	44081116  -  ResidentSetSize of job (KB)
...
006 (4596313.000.000) 2025-01-30 14:28:50 Image size of job updated: 48955952
	44781  -  MemoryUsage of job (MB)
	45855232  -  ResidentSetSize of job (KB)
...
006 (4596313.000.000) 2025-01-30 14:33:51 Image size of job updated: 52847684
	47626  -  MemoryUsage of job (MB)
	48768324  -  ResidentSetSize of job (KB)
...
006 (4596313.000.000) 2025-01-30 14:38:51 Image size of job updated: 54272868
	49557  -  MemoryUsage of job (MB)
	50745716  -  ResidentSetSize of job (KB)
...
006 (4596313.000.000) 2025-01-30 14:42:19 Image size of job updated: 56316768
	49557  -  MemoryUsage of job (MB)
	50745716  -  ResidentSetSize of job (KB)
...
005 (4596313.000.000) 2025-01-30 14:42:19 Job terminated.
	(1) Normal termination (return value 0)
		Usr 0 01:22:22, Sys 0 00:09:37  -  Run Remote Usage
		Usr 0 00:00:00, Sys 0 00:00:00  -  Run Local Usage
		Usr 0 01:22:22, Sys 0 00:09:37  -  Total Remote Usage
		Usr 0 00:00:00, Sys 0 00:00:00  -  Total Local Usage
	0  -  Run Bytes Sent By Job
	0  -  Run Bytes Received By Job
	0  -  Total Bytes Sent By Job
	0  -  Total Bytes Received By Job
	Partitionable Resources :    Usage  Request Allocated 
	   Cpus                 :     0.82        1         1 
	   Disk (KB)            :     2           2   6681615 
	   Memory (MB)          : 49557      128192    128256 
	   xferslots            :                           0 

	Job terminated of its own accord at 2025-01-30T19:42:19Z with exit-code 0.
...
000 (4597517.000.000) 2025-02-02 20:58:47 Job submitted from host: <130.199.48.82:9618?addrs=130.199.48.82-9618&alias=rcas2063.rcf.bnl.gov&noUDP&sock=schedd_23786_1176>
...
001 (4597517.000.000) 2025-02-02 21:05:00 Job executing on host: <130.199.150.94:9618?addrs=130.199.150.94-9618&alias=spool1575.sdcc.bnl.gov&noUDP&sock=startd_12389_0fc4>
...
006 (4597517.000.000) 2025-02-02 21:05:08 Image size of job updated: 3514344
	335  -  MemoryUsage of job (MB)
	342792  -  ResidentSetSize of job (KB)
...
005 (4597517.000.000) 2025-02-02 21:05:08 Job terminated.
	(1) Normal termination (return value 139)
		Usr 0 00:00:05, Sys 0 00:00:01  -  Run Remote Usage
		Usr 0 00:00:00, Sys 0 00:00:00  -  Run Local Usage
		Usr 0 00:00:05, Sys 0 00:00:01  -  Total Remote Usage
		Usr 0 00:00:00, Sys 0 00:00:00  -  Total Local Usage
	0  -  Run Bytes Sent By Job
	0  -  Run Bytes Received By Job
	0  -  Total Bytes Sent By Job
	0  -  Total Bytes Received By Job
	Partitionable Resources :    Usage  Request Allocated 
	   Cpus                 :                 1         1 
	   Disk (KB)            :        2        2   6681229 
	   Memory (MB)          :      335   128192    128256 
	   xferslots            :                           0 

	Job terminated of its own accord at 2025-02-03T02:05:08Z with exit-code 139.
...
000 (4607234.000.000) 2025-02-03 00:28:18 Job submitted from host: <130.199.48.82:9618?addrs=130.199.48.82-9618&alias=rcas2063.rcf.bnl.gov&noUDP&sock=schedd_23786_1176>
...
