000 (4595237.000.000) 2025-01-28 23:08:26 Job submitted from host: <130.199.48.82:9618?addrs=130.199.48.82-9618&alias=rcas2063.rcf.bnl.gov&noUDP&sock=schedd_23786_1176>
...
001 (4595237.000.000) 2025-01-29 01:09:59 Job executing on host: <130.199.151.33:9618?addrs=130.199.151.33-9618&alias=spool1611.sdcc.bnl.gov&noUDP&sock=startd_368_911c>
...
006 (4595237.000.000) 2025-01-29 01:10:08 Image size of job updated: 129740
	44  -  MemoryUsage of job (MB)
	44668  -  ResidentSetSize of job (KB)
...
006 (4595237.000.000) 2025-01-29 01:10:20 Image size of job updated: 630816
	44  -  MemoryUsage of job (MB)
	44668  -  ResidentSetSize of job (KB)
...
005 (4595237.000.000) 2025-01-29 01:10:20 Job terminated.
	(1) Normal termination (return value 0)
		Usr 0 00:00:04, Sys 0 00:00:02  -  Run Remote Usage
		Usr 0 00:00:00, Sys 0 00:00:00  -  Run Local Usage
		Usr 0 00:00:04, Sys 0 00:00:02  -  Total Remote Usage
		Usr 0 00:00:00, Sys 0 00:00:00  -  Total Local Usage
	0  -  Run Bytes Sent By Job
	0  -  Run Bytes Received By Job
	0  -  Total Bytes Sent By Job
	0  -  Total Bytes Received By Job
	Partitionable Resources :    Usage  Request Allocated 
	   Cpus                 :                 1         1 
	   Disk (KB)            :        2        2   6681232 
	   Memory (MB)          :       44   128192    128256 
	   xferslots            :                           0 

	Job terminated of its own accord at 2025-01-29T06:10:20Z with exit-code 0.
...
000 (4596258.000.000) 2025-01-30 00:27:08 Job submitted from host: <130.199.48.82:9618?addrs=130.199.48.82-9618&alias=rcas2063.rcf.bnl.gov&noUDP&sock=schedd_23786_1176>
...
001 (4596258.000.000) 2025-01-30 11:08:17 Job executing on host: <130.199.151.16:9618?addrs=130.199.151.16-9618&alias=spool1594.sdcc.bnl.gov&noUDP&sock=startd_78634_c48e>
...
006 (4596258.000.000) 2025-01-30 11:08:26 Image size of job updated: 13160
	8  -  MemoryUsage of job (MB)
	7208  -  ResidentSetSize of job (KB)
...
006 (4596258.000.000) 2025-01-30 11:13:27 Image size of job updated: 3523708
	306  -  MemoryUsage of job (MB)
	312420  -  ResidentSetSize of job (KB)
...
006 (4596258.000.000) 2025-01-30 11:18:27 Image size of job updated: 5144688
	1318  -  MemoryUsage of job (MB)
	1349596  -  ResidentSetSize of job (KB)
...
006 (4596258.000.000) 2025-01-30 11:23:27 Image size of job updated: 8690788
	3898  -  MemoryUsage of job (MB)
	3990768  -  ResidentSetSize of job (KB)
...
006 (4596258.000.000) 2025-01-30 11:28:28 Image size of job updated: 9217504
	6075  -  MemoryUsage of job (MB)
	6220500  -  ResidentSetSize of job (KB)
...
006 (4596258.000.000) 2025-01-30 11:33:28 Image size of job updated: 12414568
	7910  -  MemoryUsage of job (MB)
	8098896  -  ResidentSetSize of job (KB)
...
006 (4596258.000.000) 2025-01-30 11:38:28 Image size of job updated: 13918844
	10498  -  MemoryUsage of job (MB)
	10749936  -  ResidentSetSize of job (KB)
...
006 (4596258.000.000) 2025-01-30 11:43:29 Image size of job updated: 16587208
	12165  -  MemoryUsage of job (MB)
	12456548  -  ResidentSetSize of job (KB)
...
006 (4596258.000.000) 2025-01-30 11:48:29 Image size of job updated: 18206856
	14842  -  MemoryUsage of job (MB)
	15197224  -  ResidentSetSize of job (KB)
...
006 (4596258.000.000) 2025-01-30 11:53:29 Image size of job updated: 21499172
	16809  -  MemoryUsage of job (MB)
	17211952  -  ResidentSetSize of job (KB)
...
006 (4596258.000.000) 2025-01-30 11:58:31 Image size of job updated: 23132088
	19579  -  MemoryUsage of job (MB)
	20047892  -  ResidentSetSize of job (KB)
...
006 (4596258.000.000) 2025-01-30 12:03:31 Image size of job updated: 26832208
	21733  -  MemoryUsage of job (MB)
	22254000  -  ResidentSetSize of job (KB)
...
006 (4596258.000.000) 2025-01-30 12:08:31 Image size of job updated: 28058832
	24436  -  MemoryUsage of job (MB)
	25021704  -  ResidentSetSize of job (KB)
...
006 (4596258.000.000) 2025-01-30 12:13:32 Image size of job updated: 31252932
	26616  -  MemoryUsage of job (MB)
	27254748  -  ResidentSetSize of job (KB)
...
006 (4596258.000.000) 2025-01-30 12:18:33 Image size of job updated: 33803552
	29707  -  MemoryUsage of job (MB)
	30419264  -  ResidentSetSize of job (KB)
...
006 (4596258.000.000) 2025-01-30 12:23:33 Image size of job updated: 36146464
	31840  -  MemoryUsage of job (MB)
	32603472  -  ResidentSetSize of job (KB)
...
006 (4596258.000.000) 2025-01-30 12:28:34 Image size of job updated: 39500584
	34389  -  MemoryUsage of job (MB)
	35213732  -  ResidentSetSize of job (KB)
...
006 (4596258.000.000) 2025-01-30 12:33:35 Image size of job updated: 41521716
	37594  -  MemoryUsage of job (MB)
	38495248  -  ResidentSetSize of job (KB)
...
006 (4596258.000.000) 2025-01-30 12:38:35 Image size of job updated: 43696932
	39506  -  MemoryUsage of job (MB)
	40453744  -  ResidentSetSize of job (KB)
...
006 (4596258.000.000) 2025-01-30 12:43:35 Image size of job updated: 47924384
	42916  -  MemoryUsage of job (MB)
	43945112  -  ResidentSetSize of job (KB)
...
006 (4596258.000.000) 2025-01-30 12:48:36 Image size of job updated: 49019540
	44849  -  MemoryUsage of job (MB)
	45925120  -  ResidentSetSize of job (KB)
...
006 (4596258.000.000) 2025-01-30 12:53:36 Image size of job updated: 52136228
	47061  -  MemoryUsage of job (MB)
	48190264  -  ResidentSetSize of job (KB)
...
006 (4596258.000.000) 2025-01-30 12:58:36 Image size of job updated: 54405500
	50046  -  MemoryUsage of job (MB)
	51246236  -  ResidentSetSize of job (KB)
...
006 (4596258.000.000) 2025-01-30 13:03:37 Image size of job updated: 57579048
	52226  -  MemoryUsage of job (MB)
	53478820  -  ResidentSetSize of job (KB)
...
006 (4596258.000.000) 2025-01-30 13:08:37 Image size of job updated: 60026780
	55519  -  MemoryUsage of job (MB)
	56850476  -  ResidentSetSize of job (KB)
...
006 (4596258.000.000) 2025-01-30 13:13:37 Image size of job updated: 61855960
	57296  -  MemoryUsage of job (MB)
	58670356  -  ResidentSetSize of job (KB)
...
006 (4596258.000.000) 2025-01-30 13:18:38 Image size of job updated: 66111124
	59960  -  MemoryUsage of job (MB)
	61398696  -  ResidentSetSize of job (KB)
...
006 (4596258.000.000) 2025-01-30 13:23:39 Image size of job updated: 68223504
	63577  -  MemoryUsage of job (MB)
	65102416  -  ResidentSetSize of job (KB)
...
006 (4596258.000.000) 2025-01-30 13:24:51 Image size of job updated: 69664592
	63577  -  MemoryUsage of job (MB)
	65102416  -  ResidentSetSize of job (KB)
...
005 (4596258.000.000) 2025-01-30 13:24:51 Job terminated.
	(1) Normal termination (return value 0)
		Usr 0 01:57:05, Sys 0 00:12:48  -  Run Remote Usage
		Usr 0 00:00:00, Sys 0 00:00:00  -  Run Local Usage
		Usr 0 01:57:05, Sys 0 00:12:48  -  Total Remote Usage
		Usr 0 00:00:00, Sys 0 00:00:00  -  Total Local Usage
	0  -  Run Bytes Sent By Job
	0  -  Run Bytes Received By Job
	0  -  Total Bytes Sent By Job
	0  -  Total Bytes Received By Job
	Partitionable Resources :    Usage  Request Allocated 
	   Cpus                 :     1.18        1         1 
	   Disk (KB)            :     2           2   6681232 
	   Memory (MB)          : 63577      128192    128256 
	   xferslots            :                           0 

	Job terminated of its own accord at 2025-01-30T18:24:51Z with exit-code 0.
...
000 (4597462.000.000) 2025-02-02 20:58:39 Job submitted from host: <130.199.48.82:9618?addrs=130.199.48.82-9618&alias=rcas2063.rcf.bnl.gov&noUDP&sock=schedd_23786_1176>
...
001 (4597462.000.000) 2025-02-02 21:04:46 Job executing on host: <130.199.184.156:9618?addrs=130.199.184.156-9618&alias=spool1765.sdcc.bnl.gov&noUDP&sock=startd_35828_358d>
...
006 (4597462.000.000) 2025-02-02 21:04:55 Image size of job updated: 2936192
	172  -  MemoryUsage of job (MB)
	175156  -  ResidentSetSize of job (KB)
...
005 (4597462.000.000) 2025-02-02 21:04:58 Job terminated.
	(1) Normal termination (return value 139)
		Usr 0 00:00:05, Sys 0 00:00:03  -  Run Remote Usage
		Usr 0 00:00:00, Sys 0 00:00:00  -  Run Local Usage
		Usr 0 00:00:05, Sys 0 00:00:03  -  Total Remote Usage
		Usr 0 00:00:00, Sys 0 00:00:00  -  Total Local Usage
	0  -  Run Bytes Sent By Job
	0  -  Run Bytes Received By Job
	0  -  Total Bytes Sent By Job
	0  -  Total Bytes Received By Job
	Partitionable Resources :    Usage  Request Allocated 
	   Cpus                 :                 1         1 
	   Disk (KB)            :        2        2   6681628 
	   Memory (MB)          :      172   128192    128256 
	   xferslots            :                           0 

	Job terminated of its own accord at 2025-02-03T02:04:58Z with exit-code 139.
...
000 (4607179.000.000) 2025-02-03 00:28:11 Job submitted from host: <130.199.48.82:9618?addrs=130.199.48.82-9618&alias=rcas2063.rcf.bnl.gov&noUDP&sock=schedd_23786_1176>
...
