000 (4604355.000.000) 2025-02-02 21:14:53 Job submitted from host: <130.199.48.82:9618?addrs=130.199.48.82-9618&alias=rcas2063.rcf.bnl.gov&noUDP&sock=schedd_23786_1176>
...
001 (4604355.000.000) 2025-02-02 21:14:54 Job executing on host: <130.199.151.21:9618?addrs=130.199.151.21-9618&alias=spool1599.sdcc.bnl.gov&noUDP&sock=startd_65000_c767>
...
006 (4604355.000.000) 2025-02-02 21:15:03 Image size of job updated: 590520
	278  -  MemoryUsage of job (MB)
	284044  -  ResidentSetSize of job (KB)
...
006 (4604355.000.000) 2025-02-02 21:15:05 Image size of job updated: 590520
	279  -  MemoryUsage of job (MB)
	285568  -  ResidentSetSize of job (KB)
...
005 (4604355.000.000) 2025-02-02 21:15:05 Job terminated.
	(1) Normal termination (return value 139)
		Usr 0 00:00:06, Sys 0 00:00:02  -  Run Remote Usage
		Usr 0 00:00:00, Sys 0 00:00:00  -  Run Local Usage
		Usr 0 00:00:06, Sys 0 00:00:02  -  Total Remote Usage
		Usr 0 00:00:00, Sys 0 00:00:00  -  Total Local Usage
	0  -  Run Bytes Sent By Job
	0  -  Run Bytes Received By Job
	0  -  Total Bytes Sent By Job
	0  -  Total Bytes Received By Job
	Partitionable Resources :    Usage  Request Allocated 
	   Cpus                 :                 1         1 
	   Disk (KB)            :        2        2   6681177 
	   Memory (MB)          :      279   128192    128256 
	   xferslots            :                           0 

	Job terminated of its own accord at 2025-02-03T02:15:05Z with exit-code 139.
...
