000 (4595231.000.000) 2025-01-28 23:08:25 Job submitted from host: <130.199.48.82:9618?addrs=130.199.48.82-9618&alias=rcas2063.rcf.bnl.gov&noUDP&sock=schedd_23786_1176>
...
001 (4595231.000.000) 2025-01-29 01:08:23 Job executing on host: <130.199.151.33:9618?addrs=130.199.151.33-9618&alias=spool1611.sdcc.bnl.gov&noUDP&sock=startd_368_911c>
...
006 (4595231.000.000) 2025-01-29 01:08:31 Image size of job updated: 185332
	111  -  MemoryUsage of job (MB)
	112728  -  ResidentSetSize of job (KB)
...
006 (4595231.000.000) 2025-01-29 01:08:35 Image size of job updated: 185336
	111  -  MemoryUsage of job (MB)
	112732  -  ResidentSetSize of job (KB)
...
005 (4595231.000.000) 2025-01-29 01:08:35 Job terminated.
	(1) Normal termination (return value 0)
		Usr 0 00:00:03, Sys 0 00:00:02  -  Run Remote Usage
		Usr 0 00:00:00, Sys 0 00:00:00  -  Run Local Usage
		Usr 0 00:00:03, Sys 0 00:00:02  -  Total Remote Usage
		Usr 0 00:00:00, Sys 0 00:00:00  -  Total Local Usage
	0  -  Run Bytes Sent By Job
	0  -  Run Bytes Received By Job
	0  -  Total Bytes Sent By Job
	0  -  Total Bytes Received By Job
	Partitionable Resources :    Usage  Request Allocated 
	   Cpus                 :                 1         1 
	   Disk (KB)            :        2        2   6681232 
	   Memory (MB)          :      111   128192    128256 
	   xferslots            :                           0 

	Job terminated of its own accord at 2025-01-29T06:08:35Z with exit-code 0.
...
000 (4596252.000.000) 2025-01-30 00:27:07 Job submitted from host: <130.199.48.82:9618?addrs=130.199.48.82-9618&alias=rcas2063.rcf.bnl.gov&noUDP&sock=schedd_23786_1176>
...
001 (4596252.000.000) 2025-01-30 10:23:47 Job executing on host: <130.199.186.83:9618?addrs=130.199.186.83-9618&alias=spool1846.sdcc.bnl.gov&noUDP&sock=startd_39059_c7a7>
...
006 (4596252.000.000) 2025-01-30 10:23:55 Image size of job updated: 68548
	43  -  MemoryUsage of job (MB)
	43104  -  ResidentSetSize of job (KB)
...
006 (4596252.000.000) 2025-01-30 10:28:55 Image size of job updated: 3515100
	292  -  MemoryUsage of job (MB)
	298256  -  ResidentSetSize of job (KB)
...
006 (4596252.000.000) 2025-01-30 10:33:56 Image size of job updated: 5160744
	769  -  MemoryUsage of job (MB)
	786824  -  ResidentSetSize of job (KB)
...
006 (4596252.000.000) 2025-01-30 10:38:57 Image size of job updated: 7989644
	4417  -  MemoryUsage of job (MB)
	4522756  -  ResidentSetSize of job (KB)
...
006 (4596252.000.000) 2025-01-30 10:43:57 Image size of job updated: 10069988
	6719  -  MemoryUsage of job (MB)
	6879696  -  ResidentSetSize of job (KB)
...
006 (4596252.000.000) 2025-01-30 10:48:58 Image size of job updated: 13706416
	9390  -  MemoryUsage of job (MB)
	9614672  -  ResidentSetSize of job (KB)
...
006 (4596252.000.000) 2025-01-30 10:53:59 Image size of job updated: 17073284
	12284  -  MemoryUsage of job (MB)
	12578200  -  ResidentSetSize of job (KB)
...
006 (4596252.000.000) 2025-01-30 10:58:59 Image size of job updated: 18664096
	14794  -  MemoryUsage of job (MB)
	15148604  -  ResidentSetSize of job (KB)
...
006 (4596252.000.000) 2025-01-30 11:03:59 Image size of job updated: 21570800
	16965  -  MemoryUsage of job (MB)
	17371376  -  ResidentSetSize of job (KB)
...
006 (4596252.000.000) 2025-01-30 11:09:00 Image size of job updated: 23551572
	20051  -  MemoryUsage of job (MB)
	20532072  -  ResidentSetSize of job (KB)
...
006 (4596252.000.000) 2025-01-30 11:14:00 Image size of job updated: 26493792
	21758  -  MemoryUsage of job (MB)
	22279244  -  ResidentSetSize of job (KB)
...
006 (4596252.000.000) 2025-01-30 11:19:00 Image size of job updated: 28777704
	25075  -  MemoryUsage of job (MB)
	25676124  -  ResidentSetSize of job (KB)
...
006 (4596252.000.000) 2025-01-30 11:24:01 Image size of job updated: 31502644
	26992  -  MemoryUsage of job (MB)
	27639348  -  ResidentSetSize of job (KB)
...
006 (4596252.000.000) 2025-01-30 11:29:01 Image size of job updated: 34283472
	29953  -  MemoryUsage of job (MB)
	30671600  -  ResidentSetSize of job (KB)
...
006 (4596252.000.000) 2025-01-30 11:34:01 Image size of job updated: 35925020
	31976  -  MemoryUsage of job (MB)
	32742652  -  ResidentSetSize of job (KB)
...
006 (4596252.000.000) 2025-01-30 11:39:02 Image size of job updated: 39623840
	34412  -  MemoryUsage of job (MB)
	35237800  -  ResidentSetSize of job (KB)
...
006 (4596252.000.000) 2025-01-30 11:44:03 Image size of job updated: 41465876
	37500  -  MemoryUsage of job (MB)
	38399196  -  ResidentSetSize of job (KB)
...
006 (4596252.000.000) 2025-01-30 11:49:03 Image size of job updated: 43437920
	39077  -  MemoryUsage of job (MB)
	40013960  -  ResidentSetSize of job (KB)
...
006 (4596252.000.000) 2025-01-30 11:54:04 Image size of job updated: 47274436
	42414  -  MemoryUsage of job (MB)
	43430944  -  ResidentSetSize of job (KB)
...
006 (4596252.000.000) 2025-01-30 11:59:05 Image size of job updated: 49303388
	45116  -  MemoryUsage of job (MB)
	46197764  -  ResidentSetSize of job (KB)
...
006 (4596252.000.000) 2025-01-30 12:04:05 Image size of job updated: 52868512
	47606  -  MemoryUsage of job (MB)
	48748472  -  ResidentSetSize of job (KB)
...
006 (4596252.000.000) 2025-01-30 12:09:05 Image size of job updated: 55500684
	51091  -  MemoryUsage of job (MB)
	52316264  -  ResidentSetSize of job (KB)
...
006 (4596252.000.000) 2025-01-30 12:14:06 Image size of job updated: 58218828
	53814  -  MemoryUsage of job (MB)
	55105028  -  ResidentSetSize of job (KB)
...
006 (4596252.000.000) 2025-01-30 12:16:10 Image size of job updated: 59633620
	53814  -  MemoryUsage of job (MB)
	55105028  -  ResidentSetSize of job (KB)
...
005 (4596252.000.000) 2025-01-30 12:16:10 Job terminated.
	(1) Normal termination (return value 0)
		Usr 0 01:29:30, Sys 0 00:10:38  -  Run Remote Usage
		Usr 0 00:00:00, Sys 0 00:00:00  -  Run Local Usage
		Usr 0 01:29:30, Sys 0 00:10:38  -  Total Remote Usage
		Usr 0 00:00:00, Sys 0 00:00:00  -  Total Local Usage
	0  -  Run Bytes Sent By Job
	0  -  Run Bytes Received By Job
	0  -  Total Bytes Sent By Job
	0  -  Total Bytes Received By Job
	Partitionable Resources :    Usage  Request Allocated 
	   Cpus                 :     1.17        1         1 
	   Disk (KB)            :     2           2   6681625 
	   Memory (MB)          : 53814      128192    128256 
	   xferslots            :                           0 

	Job terminated of its own accord at 2025-01-30T17:16:10Z with exit-code 0.
...
000 (4597456.000.000) 2025-02-02 20:58:39 Job submitted from host: <130.199.48.82:9618?addrs=130.199.48.82-9618&alias=rcas2063.rcf.bnl.gov&noUDP&sock=schedd_23786_1176>
...
001 (4597456.000.000) 2025-02-02 21:04:40 Job executing on host: <130.199.150.94:9618?addrs=130.199.150.94-9618&alias=spool1575.sdcc.bnl.gov&noUDP&sock=startd_12389_0fc4>
...
006 (4597456.000.000) 2025-02-02 21:04:49 Image size of job updated: 591252
	332  -  MemoryUsage of job (MB)
	339128  -  ResidentSetSize of job (KB)
...
005 (4597456.000.000) 2025-02-02 21:04:50 Job terminated.
	(1) Normal termination (return value 139)
		Usr 0 00:00:05, Sys 0 00:00:01  -  Run Remote Usage
		Usr 0 00:00:00, Sys 0 00:00:00  -  Run Local Usage
		Usr 0 00:00:05, Sys 0 00:00:01  -  Total Remote Usage
		Usr 0 00:00:00, Sys 0 00:00:00  -  Total Local Usage
	0  -  Run Bytes Sent By Job
	0  -  Run Bytes Received By Job
	0  -  Total Bytes Sent By Job
	0  -  Total Bytes Received By Job
	Partitionable Resources :    Usage  Request Allocated 
	   Cpus                 :                 1         1 
	   Disk (KB)            :        2        2   6681229 
	   Memory (MB)          :      332   128192    128256 
	   xferslots            :                           0 

	Job terminated of its own accord at 2025-02-03T02:04:50Z with exit-code 139.
...
000 (4607173.000.000) 2025-02-03 00:28:10 Job submitted from host: <130.199.48.82:9618?addrs=130.199.48.82-9618&alias=rcas2063.rcf.bnl.gov&noUDP&sock=schedd_23786_1176>
...
