000 (4603244.000.000) 2025-02-02 21:11:43 Job submitted from host: <130.199.48.82:9618?addrs=130.199.48.82-9618&alias=rcas2063.rcf.bnl.gov&noUDP&sock=schedd_23786_1176>
...
001 (4603244.000.000) 2025-02-02 21:13:00 Job executing on host: <130.199.151.34:9618?addrs=130.199.151.34-9618&alias=spool1612.sdcc.bnl.gov&noUDP&sock=startd_77167_7b17>
...
006 (4603244.000.000) 2025-02-02 21:13:09 Image size of job updated: 602244
	161  -  MemoryUsage of job (MB)
	164648  -  ResidentSetSize of job (KB)
...
006 (4603244.000.000) 2025-02-02 21:13:11 Image size of job updated: 602244
	165  -  MemoryUsage of job (MB)
	168672  -  ResidentSetSize of job (KB)
...
005 (4603244.000.000) 2025-02-02 21:13:12 Job terminated.
	(1) Normal termination (return value 139)
		Usr 0 00:00:06, Sys 0 00:00:02  -  Run Remote Usage
		Usr 0 00:00:00, Sys 0 00:00:00  -  Run Local Usage
		Usr 0 00:00:06, Sys 0 00:00:02  -  Total Remote Usage
		Usr 0 00:00:00, Sys 0 00:00:00  -  Total Local Usage
	0  -  Run Bytes Sent By Job
	0  -  Run Bytes Received By Job
	0  -  Total Bytes Sent By Job
	0  -  Total Bytes Received By Job
	Partitionable Resources :    Usage  Request Allocated 
	   Cpus                 :                 1         1 
	   Disk (KB)            :        2        2   6681238 
	   Memory (MB)          :      165   128192    128256 
	   xferslots            :                           0 

	Job terminated of its own accord at 2025-02-03T02:13:11Z with exit-code 139.
...
