000 (4606424.000.000) 2025-02-02 21:19:26 Job submitted from host: <130.199.48.82:9618?addrs=130.199.48.82-9618&alias=rcas2063.rcf.bnl.gov&noUDP&sock=schedd_23786_1176>
...
001 (4606424.000.000) 2025-02-02 21:19:27 Job executing on host: <130.199.186.95:9618?addrs=130.199.186.95-9618&alias=spool1858.sdcc.bnl.gov&noUDP&sock=startd_27449_5c89>
...
006 (4606424.000.000) 2025-02-02 21:19:36 Image size of job updated: 196692
	119  -  MemoryUsage of job (MB)
	121776  -  ResidentSetSize of job (KB)
...
006 (4606424.000.000) 2025-02-02 21:19:42 Image size of job updated: 3587240
	120  -  MemoryUsage of job (MB)
	121880  -  ResidentSetSize of job (KB)
...
005 (4606424.000.000) 2025-02-02 21:19:42 Job terminated.
	(1) Normal termination (return value 139)
		Usr 0 00:00:06, Sys 0 00:00:02  -  Run Remote Usage
		Usr 0 00:00:00, Sys 0 00:00:00  -  Run Local Usage
		Usr 0 00:00:06, Sys 0 00:00:02  -  Total Remote Usage
		Usr 0 00:00:00, Sys 0 00:00:00  -  Total Local Usage
	0  -  Run Bytes Sent By Job
	0  -  Run Bytes Received By Job
	0  -  Total Bytes Sent By Job
	0  -  Total Bytes Received By Job
	Partitionable Resources :    Usage  Request Allocated 
	   Cpus                 :        0        1         1 
	   Disk (KB)            :        2        2   6681612 
	   Memory (MB)          :      120   128192    128256 
	   xferslots            :                           0 

	Job terminated of its own accord at 2025-02-03T02:19:42Z with exit-code 139.
...
