000 (4606312.000.000) 2025-02-02 21:19:11 Job submitted from host: <130.199.48.82:9618?addrs=130.199.48.82-9618&alias=rcas2063.rcf.bnl.gov&noUDP&sock=schedd_23786_1176>
...
001 (4606312.000.000) 2025-02-02 21:19:12 Job executing on host: <130.199.151.28:9618?addrs=130.199.151.28-9618&alias=spool1606.sdcc.bnl.gov&noUDP&sock=startd_48258_25b3>
...
006 (4606312.000.000) 2025-02-02 21:19:21 Image size of job updated: 2944864
	306  -  MemoryUsage of job (MB)
	313236  -  ResidentSetSize of job (KB)
...
006 (4606312.000.000) 2025-02-02 21:19:22 Image size of job updated: 2944864
	307  -  MemoryUsage of job (MB)
	313480  -  ResidentSetSize of job (KB)
...
005 (4606312.000.000) 2025-02-02 21:19:22 Job terminated.
	(1) Normal termination (return value 139)
		Usr 0 00:00:05, Sys 0 00:00:01  -  Run Remote Usage
		Usr 0 00:00:00, Sys 0 00:00:00  -  Run Local Usage
		Usr 0 00:00:05, Sys 0 00:00:01  -  Total Remote Usage
		Usr 0 00:00:00, Sys 0 00:00:00  -  Total Local Usage
	0  -  Run Bytes Sent By Job
	0  -  Run Bytes Received By Job
	0  -  Total Bytes Sent By Job
	0  -  Total Bytes Received By Job
	Partitionable Resources :    Usage  Request Allocated 
	   Cpus                 :                 1         1 
	   Disk (KB)            :        2        2   6681240 
	   Memory (MB)          :      307   128192    128256 
	   xferslots            :                           0 

	Job terminated of its own accord at 2025-02-03T02:19:22Z with exit-code 139.
...
