000 (4595442.000.000) 2025-01-28 23:08:42 Job submitted from host: <130.199.48.82:9618?addrs=130.199.48.82-9618&alias=rcas2063.rcf.bnl.gov&noUDP&sock=schedd_23786_1176>
...
001 (4595442.000.000) 2025-01-29 01:22:56 Job executing on host: <130.199.151.22:9618?addrs=130.199.151.22-9618&alias=spool1600.sdcc.bnl.gov&noUDP&sock=startd_27627_b23b>
...
006 (4595442.000.000) 2025-01-29 01:23:05 Image size of job updated: 381740
	63  -  MemoryUsage of job (MB)
	64052  -  ResidentSetSize of job (KB)
...
005 (4595442.000.000) 2025-01-29 01:23:14 Job terminated.
	(1) Normal termination (return value 0)
		Usr 0 00:00:04, Sys 0 00:00:02  -  Run Remote Usage
		Usr 0 00:00:00, Sys 0 00:00:00  -  Run Local Usage
		Usr 0 00:00:04, Sys 0 00:00:02  -  Total Remote Usage
		Usr 0 00:00:00, Sys 0 00:00:00  -  Total Local Usage
	0  -  Run Bytes Sent By Job
	0  -  Run Bytes Received By Job
	0  -  Total Bytes Sent By Job
	0  -  Total Bytes Received By Job
	Partitionable Resources :    Usage  Request Allocated 
	   Cpus                 :                 1         1 
	   Disk (KB)            :        2        2   6681234 
	   Memory (MB)          :       63   128192    128256 
	   xferslots            :                           0 

	Job terminated of its own accord at 2025-01-29T06:23:13Z with exit-code 0.
...
000 (4596463.000.000) 2025-01-30 00:27:29 Job submitted from host: <130.199.48.82:9618?addrs=130.199.48.82-9618&alias=rcas2063.rcf.bnl.gov&noUDP&sock=schedd_23786_1176>
...
001 (4596463.000.000) 2025-01-30 14:50:28 Job executing on host: <130.199.151.32:9618?addrs=130.199.151.32-9618&alias=spool1610.sdcc.bnl.gov&noUDP&sock=startd_73852_533e>
...
006 (4596463.000.000) 2025-01-30 14:50:37 Image size of job updated: 129740
	62  -  MemoryUsage of job (MB)
	62852  -  ResidentSetSize of job (KB)
...
006 (4596463.000.000) 2025-01-30 14:55:37 Image size of job updated: 5223908
	1000  -  MemoryUsage of job (MB)
	1023960  -  ResidentSetSize of job (KB)
...
006 (4596463.000.000) 2025-01-30 15:00:37 Image size of job updated: 7902428
	4608  -  MemoryUsage of job (MB)
	4718404  -  ResidentSetSize of job (KB)
...
006 (4596463.000.000) 2025-01-30 15:05:38 Image size of job updated: 9919676
	6525  -  MemoryUsage of job (MB)
	6681180  -  ResidentSetSize of job (KB)
...
006 (4596463.000.000) 2025-01-30 15:10:39 Image size of job updated: 13984448
	9269  -  MemoryUsage of job (MB)
	9491192  -  ResidentSetSize of job (KB)
...
006 (4596463.000.000) 2025-01-30 15:15:39 Image size of job updated: 16163528
	12623  -  MemoryUsage of job (MB)
	12925112  -  ResidentSetSize of job (KB)
...
006 (4596463.000.000) 2025-01-30 15:20:40 Image size of job updated: 18074724
	14729  -  MemoryUsage of job (MB)
	15082228  -  ResidentSetSize of job (KB)
...
006 (4596463.000.000) 2025-01-30 15:25:41 Image size of job updated: 21870424
	17098  -  MemoryUsage of job (MB)
	17508228  -  ResidentSetSize of job (KB)
...
006 (4596463.000.000) 2025-01-30 15:30:41 Image size of job updated: 23857836
	20294  -  MemoryUsage of job (MB)
	20780412  -  ResidentSetSize of job (KB)
...
006 (4596463.000.000) 2025-01-30 15:35:41 Image size of job updated: 27149856
	22377  -  MemoryUsage of job (MB)
	22913872  -  ResidentSetSize of job (KB)
...
006 (4596463.000.000) 2025-01-30 15:40:42 Image size of job updated: 29956384
	26106  -  MemoryUsage of job (MB)
	26732308  -  ResidentSetSize of job (KB)
...
006 (4596463.000.000) 2025-01-30 15:45:42 Image size of job updated: 32194772
	27878  -  MemoryUsage of job (MB)
	28546272  -  ResidentSetSize of job (KB)
...
006 (4596463.000.000) 2025-01-30 15:50:42 Image size of job updated: 35889400
	30589  -  MemoryUsage of job (MB)
	31322500  -  ResidentSetSize of job (KB)
...
006 (4596463.000.000) 2025-01-30 15:55:43 Image size of job updated: 37227196
	33418  -  MemoryUsage of job (MB)
	34219168  -  ResidentSetSize of job (KB)
...
006 (4596463.000.000) 2025-01-30 16:00:43 Image size of job updated: 40386244
	35681  -  MemoryUsage of job (MB)
	36536864  -  ResidentSetSize of job (KB)
...
006 (4596463.000.000) 2025-01-30 16:05:43 Image size of job updated: 44627192
	38808  -  MemoryUsage of job (MB)
	39739348  -  ResidentSetSize of job (KB)
...
006 (4596463.000.000) 2025-01-30 16:10:45 Image size of job updated: 45057512
	40903  -  MemoryUsage of job (MB)
	41883968  -  ResidentSetSize of job (KB)
...
006 (4596463.000.000) 2025-01-30 16:15:45 Image size of job updated: 48426152
	43256  -  MemoryUsage of job (MB)
	44294004  -  ResidentSetSize of job (KB)
...
006 (4596463.000.000) 2025-01-30 16:20:45 Image size of job updated: 50062132
	45935  -  MemoryUsage of job (MB)
	47037280  -  ResidentSetSize of job (KB)
...
006 (4596463.000.000) 2025-01-30 16:25:46 Image size of job updated: 52955888
	47805  -  MemoryUsage of job (MB)
	48952304  -  ResidentSetSize of job (KB)
...
006 (4596463.000.000) 2025-01-30 16:30:46 Image size of job updated: 56477124
	51027  -  MemoryUsage of job (MB)
	52251568  -  ResidentSetSize of job (KB)
...
006 (4596463.000.000) 2025-01-30 16:35:46 Image size of job updated: 57596056
	53302  -  MemoryUsage of job (MB)
	54580912  -  ResidentSetSize of job (KB)
...
006 (4596463.000.000) 2025-01-30 16:40:48 Image size of job updated: 61665952
	55836  -  MemoryUsage of job (MB)
	57175668  -  ResidentSetSize of job (KB)
...
006 (4596463.000.000) 2025-01-30 16:45:48 Image size of job updated: 62861044
	58396  -  MemoryUsage of job (MB)
	59797384  -  ResidentSetSize of job (KB)
...
006 (4596463.000.000) 2025-01-30 16:50:48 Image size of job updated: 66125252
	60262  -  MemoryUsage of job (MB)
	61707284  -  ResidentSetSize of job (KB)
...
006 (4596463.000.000) 2025-01-30 16:55:49 Image size of job updated: 67392224
	62868  -  MemoryUsage of job (MB)
	64376208  -  ResidentSetSize of job (KB)
...
006 (4596463.000.000) 2025-01-30 17:00:49 Image size of job updated: 70977244
	65046  -  MemoryUsage of job (MB)
	66606392  -  ResidentSetSize of job (KB)
...
006 (4596463.000.000) 2025-01-30 17:05:49 Image size of job updated: 72596276
	67931  -  MemoryUsage of job (MB)
	69560876  -  ResidentSetSize of job (KB)
...
006 (4596463.000.000) 2025-01-30 17:08:32 Image size of job updated: 74974480
	67931  -  MemoryUsage of job (MB)
	69560876  -  ResidentSetSize of job (KB)
...
005 (4596463.000.000) 2025-01-30 17:08:32 Job terminated.
	(1) Normal termination (return value 0)
		Usr 0 01:46:47, Sys 0 00:09:55  -  Run Remote Usage
		Usr 0 00:00:00, Sys 0 00:00:00  -  Run Local Usage
		Usr 0 01:46:47, Sys 0 00:09:55  -  Total Remote Usage
		Usr 0 00:00:00, Sys 0 00:00:00  -  Total Local Usage
	0  -  Run Bytes Sent By Job
	0  -  Run Bytes Received By Job
	0  -  Total Bytes Sent By Job
	0  -  Total Bytes Received By Job
	Partitionable Resources :    Usage  Request Allocated 
	   Cpus                 :     0.99        1         1 
	   Disk (KB)            :     2           2   6681229 
	   Memory (MB)          : 67931      128192    128256 
	   xferslots            :                           0 

	Job terminated of its own accord at 2025-01-30T22:08:32Z with exit-code 0.
...
000 (4597667.000.000) 2025-02-02 20:59:03 Job submitted from host: <130.199.48.82:9618?addrs=130.199.48.82-9618&alias=rcas2063.rcf.bnl.gov&noUDP&sock=schedd_23786_1176>
...
001 (4597667.000.000) 2025-02-02 21:05:26 Job executing on host: <130.199.151.19:9618?addrs=130.199.151.19-9618&alias=spool1597.sdcc.bnl.gov&noUDP&sock=startd_79764_6606>
...
006 (4597667.000.000) 2025-02-02 21:05:35 Image size of job updated: 469300
	335  -  MemoryUsage of job (MB)
	342528  -  ResidentSetSize of job (KB)
...
005 (4597667.000.000) 2025-02-02 21:05:36 Job terminated.
	(1) Normal termination (return value 139)
		Usr 0 00:00:05, Sys 0 00:00:02  -  Run Remote Usage
		Usr 0 00:00:00, Sys 0 00:00:00  -  Run Local Usage
		Usr 0 00:00:05, Sys 0 00:00:02  -  Total Remote Usage
		Usr 0 00:00:00, Sys 0 00:00:00  -  Total Local Usage
	0  -  Run Bytes Sent By Job
	0  -  Run Bytes Received By Job
	0  -  Total Bytes Sent By Job
	0  -  Total Bytes Received By Job
	Partitionable Resources :    Usage  Request Allocated 
	   Cpus                 :                 1         1 
	   Disk (KB)            :        2        2   6681235 
	   Memory (MB)          :      335   128192    128256 
	   xferslots            :                           0 

	Job terminated of its own accord at 2025-02-03T02:05:36Z with exit-code 139.
...
