000 (4599854.000.000) 2025-02-02 21:02:57 Job submitted from host: <130.199.48.82:9618?addrs=130.199.48.82-9618&alias=rcas2063.rcf.bnl.gov&noUDP&sock=schedd_23786_1176>
...
001 (4599854.000.000) 2025-02-02 21:08:41 Job executing on host: <130.199.151.10:9618?addrs=130.199.151.10-9618&alias=spool1588.sdcc.bnl.gov&noUDP&sock=startd_5861_0831>
...
006 (4599854.000.000) 2025-02-02 21:08:49 Image size of job updated: 558412
	256  -  MemoryUsage of job (MB)
	261796  -  ResidentSetSize of job (KB)
...
005 (4599854.000.000) 2025-02-02 21:08:51 Job terminated.
	(1) Normal termination (return value 139)
		Usr 0 00:00:06, Sys 0 00:00:01  -  Run Remote Usage
		Usr 0 00:00:00, Sys 0 00:00:00  -  Run Local Usage
		Usr 0 00:00:06, Sys 0 00:00:01  -  Total Remote Usage
		Usr 0 00:00:00, Sys 0 00:00:00  -  Total Local Usage
	0  -  Run Bytes Sent By Job
	0  -  Run Bytes Received By Job
	0  -  Total Bytes Sent By Job
	0  -  Total Bytes Received By Job
	Partitionable Resources :    Usage  Request Allocated 
	   Cpus                 :                 1         1 
	   Disk (KB)            :        2        2   6681234 
	   Memory (MB)          :      256   128192    128256 
	   xferslots            :                           0 

	Job terminated of its own accord at 2025-02-03T02:08:50Z with exit-code 139.
...
