000 (4595877.000.000) 2025-01-28 23:09:17 Job submitted from host: <130.199.48.82:9618?addrs=130.199.48.82-9618&alias=rcas2063.rcf.bnl.gov&noUDP&sock=schedd_23786_1176>
...
001 (4595877.000.000) 2025-01-29 01:30:57 Job executing on host: <130.199.186.93:9618?addrs=130.199.186.93-9618&alias=spool1856.sdcc.bnl.gov&noUDP&sock=startd_8097_b2a1>
...
006 (4595877.000.000) 2025-01-29 01:31:05 Image size of job updated: 299076
	74  -  MemoryUsage of job (MB)
	75008  -  ResidentSetSize of job (KB)
...
006 (4595877.000.000) 2025-01-29 01:31:17 Image size of job updated: 561548
	74  -  MemoryUsage of job (MB)
	75040  -  ResidentSetSize of job (KB)
...
005 (4595877.000.000) 2025-01-29 01:31:17 Job terminated.
	(1) Normal termination (return value 0)
		Usr 0 00:00:04, Sys 0 00:00:02  -  Run Remote Usage
		Usr 0 00:00:00, Sys 0 00:00:00  -  Run Local Usage
		Usr 0 00:00:04, Sys 0 00:00:02  -  Total Remote Usage
		Usr 0 00:00:00, Sys 0 00:00:00  -  Total Local Usage
	0  -  Run Bytes Sent By Job
	0  -  Run Bytes Received By Job
	0  -  Total Bytes Sent By Job
	0  -  Total Bytes Received By Job
	Partitionable Resources :    Usage  Request Allocated 
	   Cpus                 :                 1         1 
	   Disk (KB)            :        2        2   6681628 
	   Memory (MB)          :       74   128192    128256 
	   xferslots            :                           0 

	Job terminated of its own accord at 2025-01-29T06:31:17Z with exit-code 0.
...
000 (4596898.000.000) 2025-01-30 00:28:12 Job submitted from host: <130.199.48.82:9618?addrs=130.199.48.82-9618&alias=rcas2063.rcf.bnl.gov&noUDP&sock=schedd_23786_1176>
...
009 (4596898.000.000) 2025-01-30 19:29:26 Job was aborted.
	via condor_rm (by user sgross)
...
000 (4598102.000.000) 2025-02-02 20:59:53 Job submitted from host: <130.199.48.82:9618?addrs=130.199.48.82-9618&alias=rcas2063.rcf.bnl.gov&noUDP&sock=schedd_23786_1176>
...
001 (4598102.000.000) 2025-02-02 21:06:20 Job executing on host: <130.199.150.82:9618?addrs=130.199.150.82-9618&alias=spool1563.sdcc.bnl.gov&noUDP&sock=startd_75880_295c>
...
006 (4598102.000.000) 2025-02-02 21:06:29 Image size of job updated: 470120
	336  -  MemoryUsage of job (MB)
	343520  -  ResidentSetSize of job (KB)
...
005 (4598102.000.000) 2025-02-02 21:06:30 Job terminated.
	(1) Normal termination (return value 139)
		Usr 0 00:00:06, Sys 0 00:00:02  -  Run Remote Usage
		Usr 0 00:00:00, Sys 0 00:00:00  -  Run Local Usage
		Usr 0 00:00:06, Sys 0 00:00:02  -  Total Remote Usage
		Usr 0 00:00:00, Sys 0 00:00:00  -  Total Local Usage
	0  -  Run Bytes Sent By Job
	0  -  Run Bytes Received By Job
	0  -  Total Bytes Sent By Job
	0  -  Total Bytes Received By Job
	Partitionable Resources :    Usage  Request Allocated 
	   Cpus                 :        0        1         1 
	   Disk (KB)            :        2        2   6681231 
	   Memory (MB)          :      336   128192    128256 
	   xferslots            :                           0 

	Job terminated of its own accord at 2025-02-03T02:06:29Z with exit-code 139.
...
000 (4607819.000.000) 2025-02-03 00:29:24 Job submitted from host: <130.199.48.82:9618?addrs=130.199.48.82-9618&alias=rcas2063.rcf.bnl.gov&noUDP&sock=schedd_23786_1176>
...
