000 (4604849.000.000) 2025-02-02 21:15:56 Job submitted from host: <130.199.48.82:9618?addrs=130.199.48.82-9618&alias=rcas2063.rcf.bnl.gov&noUDP&sock=schedd_23786_1176>
...
001 (4604849.000.000) 2025-02-02 21:15:57 Job executing on host: <130.199.207.220:9618?addrs=130.199.207.220-9618&alias=spool1507.sdcc.bnl.gov&noUDP&sock=startd_19017_bd6b>
...
006 (4604849.000.000) 2025-02-02 21:16:06 Image size of job updated: 2943824
	168  -  MemoryUsage of job (MB)
	171552  -  ResidentSetSize of job (KB)
...
006 (4604849.000.000) 2025-02-02 21:16:09 Image size of job updated: 3514220
	168  -  MemoryUsage of job (MB)
	171552  -  ResidentSetSize of job (KB)
...
005 (4604849.000.000) 2025-02-02 21:16:09 Job terminated.
	(1) Normal termination (return value 139)
		Usr 0 00:00:05, Sys 0 00:00:01  -  Run Remote Usage
		Usr 0 00:00:00, Sys 0 00:00:00  -  Run Local Usage
		Usr 0 00:00:05, Sys 0 00:00:01  -  Total Remote Usage
		Usr 0 00:00:00, Sys 0 00:00:00  -  Total Local Usage
	0  -  Run Bytes Sent By Job
	0  -  Run Bytes Received By Job
	0  -  Total Bytes Sent By Job
	0  -  Total Bytes Received By Job
	Partitionable Resources :    Usage  Request Allocated 
	   Cpus                 :                 1         1 
	   Disk (KB)            :        2        2   6681174 
	   Memory (MB)          :      168   128192    128256 
	   xferslots            :                           0 

	Job terminated of its own accord at 2025-02-03T02:16:09Z with exit-code 139.
...
