000 (4603560.000.000) 2025-02-02 21:12:48 Job submitted from host: <130.199.48.82:9618?addrs=130.199.48.82-9618&alias=rcas2063.rcf.bnl.gov&noUDP&sock=schedd_23786_1176>
...
001 (4603560.000.000) 2025-02-02 21:13:24 Job executing on host: <130.199.150.81:9618?addrs=130.199.150.81-9618&alias=spool1562.sdcc.bnl.gov&noUDP&sock=startd_65906_8438>
...
006 (4603560.000.000) 2025-02-02 21:13:32 Image size of job updated: 186092
	111  -  MemoryUsage of job (MB)
	112828  -  ResidentSetSize of job (KB)
...
006 (4603560.000.000) 2025-02-02 21:13:38 Image size of job updated: 250628
	111  -  MemoryUsage of job (MB)
	112972  -  ResidentSetSize of job (KB)
...
005 (4603560.000.000) 2025-02-02 21:13:38 Job terminated.
	(1) Normal termination (return value 139)
		Usr 0 00:00:07, Sys 0 00:00:01  -  Run Remote Usage
		Usr 0 00:00:00, Sys 0 00:00:00  -  Run Local Usage
		Usr 0 00:00:07, Sys 0 00:00:01  -  Total Remote Usage
		Usr 0 00:00:00, Sys 0 00:00:00  -  Total Local Usage
	0  -  Run Bytes Sent By Job
	0  -  Run Bytes Received By Job
	0  -  Total Bytes Sent By Job
	0  -  Total Bytes Received By Job
	Partitionable Resources :    Usage  Request Allocated 
	   Cpus                 :                 1         1 
	   Disk (KB)            :        2        2   6681161 
	   Memory (MB)          :      111   128192    128256 
	   xferslots            :                           0 

	Job terminated of its own accord at 2025-02-03T02:13:38Z with exit-code 139.
...
