000 (4595828.000.000) 2025-01-28 23:09:13 Job submitted from host: <130.199.48.82:9618?addrs=130.199.48.82-9618&alias=rcas2063.rcf.bnl.gov&noUDP&sock=schedd_23786_1176>
...
001 (4595828.000.000) 2025-01-29 01:30:04 Job executing on host: <130.199.151.22:9618?addrs=130.199.151.22-9618&alias=spool1600.sdcc.bnl.gov&noUDP&sock=startd_27627_b23b>
...
006 (4595828.000.000) 2025-01-29 01:30:13 Image size of job updated: 130104
	44  -  MemoryUsage of job (MB)
	44656  -  ResidentSetSize of job (KB)
...
006 (4595828.000.000) 2025-01-29 01:30:26 Image size of job updated: 2919648
	44  -  MemoryUsage of job (MB)
	44656  -  ResidentSetSize of job (KB)
...
005 (4595828.000.000) 2025-01-29 01:30:26 Job terminated.
	(1) Normal termination (return value 0)
		Usr 0 00:00:04, Sys 0 00:00:02  -  Run Remote Usage
		Usr 0 00:00:00, Sys 0 00:00:00  -  Run Local Usage
		Usr 0 00:00:04, Sys 0 00:00:02  -  Total Remote Usage
		Usr 0 00:00:00, Sys 0 00:00:00  -  Total Local Usage
	0  -  Run Bytes Sent By Job
	0  -  Run Bytes Received By Job
	0  -  Total Bytes Sent By Job
	0  -  Total Bytes Received By Job
	Partitionable Resources :    Usage  Request Allocated 
	   Cpus                 :                 1         1 
	   Disk (KB)            :        2        2   6681234 
	   Memory (MB)          :       44   128192    128256 
	   xferslots            :                           0 

	Job terminated of its own accord at 2025-01-29T06:30:26Z with exit-code 0.
...
000 (4596849.000.000) 2025-01-30 00:28:07 Job submitted from host: <130.199.48.82:9618?addrs=130.199.48.82-9618&alias=rcas2063.rcf.bnl.gov&noUDP&sock=schedd_23786_1176>
...
001 (4596849.000.000) 2025-01-30 19:12:13 Job executing on host: <130.199.184.206:9618?addrs=130.199.184.206-9618&alias=spool1781.sdcc.bnl.gov&noUDP&sock=startd_81688_51fb>
...
006 (4596849.000.000) 2025-01-30 19:12:22 Image size of job updated: 332236
	84  -  MemoryUsage of job (MB)
	85144  -  ResidentSetSize of job (KB)
...
006 (4596849.000.000) 2025-01-30 19:17:23 Image size of job updated: 4848680
	640  -  MemoryUsage of job (MB)
	655340  -  ResidentSetSize of job (KB)
...
006 (4596849.000.000) 2025-01-30 19:22:24 Image size of job updated: 8266120
	5033  -  MemoryUsage of job (MB)
	5153068  -  ResidentSetSize of job (KB)
...
006 (4596849.000.000) 2025-01-30 19:27:24 Image size of job updated: 11683204
	8436  -  MemoryUsage of job (MB)
	8638460  -  ResidentSetSize of job (KB)
...
006 (4596849.000.000) 2025-01-30 19:29:27 Image size of job updated: 14198120
	9307  -  MemoryUsage of job (MB)
	9530356  -  ResidentSetSize of job (KB)
...
004 (4596849.000.000) 2025-01-30 19:29:28 Job was evicted.
	(0) CPU times
		Usr 0 00:14:26, Sys 0 00:01:53  -  Run Remote Usage
		Usr 0 00:00:00, Sys 0 00:00:00  -  Run Local Usage
	0  -  Run Bytes Sent By Job
	0  -  Run Bytes Received By Job
	Partitionable Resources :    Usage  Request Allocated 
	   Cpus                 :     1.07        1         1 
	   Disk (KB)            :     2           2   6681630 
	   Memory (MB)          :  9307      128192    128256 
	   xferslots            :                           0 
...
009 (4596849.000.000) 2025-01-30 19:29:28 Job was aborted.
	via condor_rm (by user sgross)

	Job terminated by <130.199.48.82:46590> at 2025-01-31T00:29:27Z (using method 1: DEACTIVATE_CLAIM).
...
000 (4598053.000.000) 2025-02-02 20:59:47 Job submitted from host: <130.199.48.82:9618?addrs=130.199.48.82-9618&alias=rcas2063.rcf.bnl.gov&noUDP&sock=schedd_23786_1176>
...
001 (4598053.000.000) 2025-02-02 21:06:14 Job executing on host: <130.199.150.93:9618?addrs=130.199.150.93-9618&alias=spool1574.sdcc.bnl.gov&noUDP&sock=startd_75147_2d23>
...
006 (4598053.000.000) 2025-02-02 21:06:23 Image size of job updated: 478300
	307  -  MemoryUsage of job (MB)
	314036  -  ResidentSetSize of job (KB)
...
005 (4598053.000.000) 2025-02-02 21:06:24 Job terminated.
	(1) Normal termination (return value 139)
		Usr 0 00:00:06, Sys 0 00:00:01  -  Run Remote Usage
		Usr 0 00:00:00, Sys 0 00:00:00  -  Run Local Usage
		Usr 0 00:00:06, Sys 0 00:00:01  -  Total Remote Usage
		Usr 0 00:00:00, Sys 0 00:00:00  -  Total Local Usage
	0  -  Run Bytes Sent By Job
	0  -  Run Bytes Received By Job
	0  -  Total Bytes Sent By Job
	0  -  Total Bytes Received By Job
	Partitionable Resources :    Usage  Request Allocated 
	   Cpus                 :                 1         1 
	   Disk (KB)            :        2        2   6681162 
	   Memory (MB)          :      307   128192    128256 
	   xferslots            :                           0 

	Job terminated of its own accord at 2025-02-03T02:06:24Z with exit-code 139.
...
000 (4607770.000.000) 2025-02-03 00:29:19 Job submitted from host: <130.199.48.82:9618?addrs=130.199.48.82-9618&alias=rcas2063.rcf.bnl.gov&noUDP&sock=schedd_23786_1176>
...
