000 (4595211.000.000) 2025-01-28 23:08:24 Job submitted from host: <130.199.48.82:9618?addrs=130.199.48.82-9618&alias=rcas2063.rcf.bnl.gov&noUDP&sock=schedd_23786_1176>
...
001 (4595211.000.000) 2025-01-28 23:14:43 Job executing on host: <130.199.186.93:9618?addrs=130.199.186.93-9618&alias=spool1856.sdcc.bnl.gov&noUDP&sock=startd_8097_b2a1>
...
006 (4595211.000.000) 2025-01-28 23:14:52 Image size of job updated: 15648
	7  -  MemoryUsage of job (MB)
	6920  -  ResidentSetSize of job (KB)
...
006 (4595211.000.000) 2025-01-28 23:19:52 Image size of job updated: 5533940
	1167  -  MemoryUsage of job (MB)
	1194788  -  ResidentSetSize of job (KB)
...
006 (4595211.000.000) 2025-01-28 23:24:52 Image size of job updated: 6949352
	3582  -  MemoryUsage of job (MB)
	3667660  -  ResidentSetSize of job (KB)
...
000 (4596212.000.000) 2025-01-28 23:26:45 Job submitted from host: <130.199.48.82:9618?addrs=130.199.48.82-9618&alias=rcas2063.rcf.bnl.gov&noUDP&sock=schedd_23786_1176>
...
009 (4596212.000.000) 2025-01-28 23:27:53 Job was aborted.
	via condor_rm (by user sgross)
...
006 (4595211.000.000) 2025-01-28 23:29:53 Image size of job updated: 10089196
	5009  -  MemoryUsage of job (MB)
	5129192  -  ResidentSetSize of job (KB)
...
006 (4595211.000.000) 2025-01-28 23:34:53 Image size of job updated: 10089196
	6513  -  MemoryUsage of job (MB)
	6669216  -  ResidentSetSize of job (KB)
...
006 (4595211.000.000) 2025-01-28 23:39:53 Image size of job updated: 12407652
	9070  -  MemoryUsage of job (MB)
	9286820  -  ResidentSetSize of job (KB)
...
006 (4595211.000.000) 2025-01-28 23:44:54 Image size of job updated: 15132164
	10131  -  MemoryUsage of job (MB)
	10373600  -  ResidentSetSize of job (KB)
...
006 (4595211.000.000) 2025-01-28 23:49:55 Image size of job updated: 15641220
	11969  -  MemoryUsage of job (MB)
	12256036  -  ResidentSetSize of job (KB)
...
006 (4595211.000.000) 2025-01-28 23:54:55 Image size of job updated: 18163612
	14467  -  MemoryUsage of job (MB)
	14813300  -  ResidentSetSize of job (KB)
...
006 (4595211.000.000) 2025-01-28 23:59:56 Image size of job updated: 19675252
	15322  -  MemoryUsage of job (MB)
	15689652  -  ResidentSetSize of job (KB)
...
006 (4595211.000.000) 2025-01-29 00:04:57 Image size of job updated: 21314020
	17645  -  MemoryUsage of job (MB)
	18068320  -  ResidentSetSize of job (KB)
...
006 (4595211.000.000) 2025-01-29 00:09:57 Image size of job updated: 23998756
	18927  -  MemoryUsage of job (MB)
	19380764  -  ResidentSetSize of job (KB)
...
006 (4595211.000.000) 2025-01-29 00:14:58 Image size of job updated: 24650300
	20771  -  MemoryUsage of job (MB)
	21269428  -  ResidentSetSize of job (KB)
...
006 (4595211.000.000) 2025-01-29 00:19:59 Image size of job updated: 27517932
	22264  -  MemoryUsage of job (MB)
	22797464  -  ResidentSetSize of job (KB)
...
006 (4595211.000.000) 2025-01-29 00:24:59 Image size of job updated: 27703696
	23796  -  MemoryUsage of job (MB)
	24366184  -  ResidentSetSize of job (KB)
...
006 (4595211.000.000) 2025-01-29 00:30:00 Image size of job updated: 31003200
	25995  -  MemoryUsage of job (MB)
	26618684  -  ResidentSetSize of job (KB)
...
006 (4595211.000.000) 2025-01-29 00:35:01 Image size of job updated: 31518988
	26875  -  MemoryUsage of job (MB)
	27519896  -  ResidentSetSize of job (KB)
...
006 (4595211.000.000) 2025-01-29 00:40:01 Image size of job updated: 33091696
	29178  -  MemoryUsage of job (MB)
	29878264  -  ResidentSetSize of job (KB)
...
006 (4595211.000.000) 2025-01-29 00:45:01 Image size of job updated: 36521784
	30937  -  MemoryUsage of job (MB)
	31679376  -  ResidentSetSize of job (KB)
...
006 (4595211.000.000) 2025-01-29 00:50:02 Image size of job updated: 36845628
	31970  -  MemoryUsage of job (MB)
	32736968  -  ResidentSetSize of job (KB)
...
006 (4595211.000.000) 2025-01-29 00:55:02 Image size of job updated: 38348740
	34306  -  MemoryUsage of job (MB)
	35128448  -  ResidentSetSize of job (KB)
...
006 (4595211.000.000) 2025-01-29 01:00:02 Image size of job updated: 41097820
	35366  -  MemoryUsage of job (MB)
	36214440  -  ResidentSetSize of job (KB)
...
006 (4595211.000.000) 2025-01-29 01:05:03 Image size of job updated: 41785188
	36756  -  MemoryUsage of job (MB)
	37638052  -  ResidentSetSize of job (KB)
...
006 (4595211.000.000) 2025-01-29 01:10:04 Image size of job updated: 43562640
	39168  -  MemoryUsage of job (MB)
	40107544  -  ResidentSetSize of job (KB)
...
006 (4595211.000.000) 2025-01-29 01:15:04 Image size of job updated: 45942416
	40101  -  MemoryUsage of job (MB)
	41062516  -  ResidentSetSize of job (KB)
...
006 (4595211.000.000) 2025-01-29 01:20:05 Image size of job updated: 46447408
	41851  -  MemoryUsage of job (MB)
	42854552  -  ResidentSetSize of job (KB)
...
006 (4595211.000.000) 2025-01-29 01:25:04 Image size of job updated: 49028060
	41851  -  MemoryUsage of job (MB)
	42854552  -  ResidentSetSize of job (KB)
...
005 (4595211.000.000) 2025-01-29 01:25:04 Job terminated.
	(1) Normal termination (return value 0)
		Usr 0 01:20:18, Sys 0 00:10:01  -  Run Remote Usage
		Usr 0 00:00:00, Sys 0 00:00:00  -  Run Local Usage
		Usr 0 01:20:18, Sys 0 00:10:01  -  Total Remote Usage
		Usr 0 00:00:00, Sys 0 00:00:00  -  Total Local Usage
	0  -  Run Bytes Sent By Job
	0  -  Run Bytes Received By Job
	0  -  Total Bytes Sent By Job
	0  -  Total Bytes Received By Job
	Partitionable Resources :    Usage  Request Allocated 
	   Cpus                 :     0.73        1         1 
	   Disk (KB)            :     2           2   6681628 
	   Memory (MB)          : 41851      128192    128256 
	   xferslots            :                           0 

	Job terminated of its own accord at 2025-01-29T06:25:04Z with exit-code 0.
...
000 (4596232.000.000) 2025-01-30 00:27:05 Job submitted from host: <130.199.48.82:9618?addrs=130.199.48.82-9618&alias=rcas2063.rcf.bnl.gov&noUDP&sock=schedd_23786_1176>
...
001 (4596232.000.000) 2025-01-30 09:28:46 Job executing on host: <130.199.184.219:9618?addrs=130.199.184.219-9618&alias=spool1794.sdcc.bnl.gov&noUDP&sock=startd_9457_1edf>
...
006 (4596232.000.000) 2025-01-30 09:28:55 Image size of job updated: 111192
	60  -  MemoryUsage of job (MB)
	61084  -  ResidentSetSize of job (KB)
...
006 (4596232.000.000) 2025-01-30 09:33:56 Image size of job updated: 4703536
	1246  -  MemoryUsage of job (MB)
	1275016  -  ResidentSetSize of job (KB)
...
006 (4596232.000.000) 2025-01-30 09:38:56 Image size of job updated: 8367576
	4875  -  MemoryUsage of job (MB)
	4991600  -  ResidentSetSize of job (KB)
...
006 (4596232.000.000) 2025-01-30 09:43:57 Image size of job updated: 10504300
	6695  -  MemoryUsage of job (MB)
	6854988  -  ResidentSetSize of job (KB)
...
006 (4596232.000.000) 2025-01-30 09:48:58 Image size of job updated: 13552132
	9900  -  MemoryUsage of job (MB)
	10136780  -  ResidentSetSize of job (KB)
...
006 (4596232.000.000) 2025-01-30 09:53:58 Image size of job updated: 15576984
	12184  -  MemoryUsage of job (MB)
	12476000  -  ResidentSetSize of job (KB)
...
006 (4596232.000.000) 2025-01-30 09:58:58 Image size of job updated: 19577740
	14861  -  MemoryUsage of job (MB)
	15216956  -  ResidentSetSize of job (KB)
...
006 (4596232.000.000) 2025-01-30 10:09:55 Image size of job updated: 25912884
	22215  -  MemoryUsage of job (MB)
	22747396  -  ResidentSetSize of job (KB)
...
006 (4596232.000.000) 2025-01-30 10:27:44 Image size of job updated: 34207112
	30461  -  MemoryUsage of job (MB)
	31191228  -  ResidentSetSize of job (KB)
...
006 (4596232.000.000) 2025-01-30 10:41:59 Image size of job updated: 41141764
	36045  -  MemoryUsage of job (MB)
	36909240  -  ResidentSetSize of job (KB)
...
006 (4596232.000.000) 2025-01-30 10:50:32 Image size of job updated: 44968648
	40219  -  MemoryUsage of job (MB)
	41183780  -  ResidentSetSize of job (KB)
...
006 (4596232.000.000) 2025-01-30 10:55:41 Image size of job updated: 46809156
	42325  -  MemoryUsage of job (MB)
	43340508  -  ResidentSetSize of job (KB)
...
006 (4596232.000.000) 2025-01-30 10:59:08 Image size of job updated: 49018736
	42325  -  MemoryUsage of job (MB)
	43340508  -  ResidentSetSize of job (KB)
...
005 (4596232.000.000) 2025-01-30 10:59:08 Job terminated.
	(1) Normal termination (return value 0)
		Usr 0 01:11:24, Sys 0 00:07:54  -  Run Remote Usage
		Usr 0 00:00:00, Sys 0 00:00:00  -  Run Local Usage
		Usr 0 01:11:24, Sys 0 00:07:54  -  Total Remote Usage
		Usr 0 00:00:00, Sys 0 00:00:00  -  Total Local Usage
	0  -  Run Bytes Sent By Job
	0  -  Run Bytes Received By Job
	0  -  Total Bytes Sent By Job
	0  -  Total Bytes Received By Job
	Partitionable Resources :    Usage  Request Allocated 
	   Cpus                 :     0.84        1         1 
	   Disk (KB)            :     2           2   6681632 
	   Memory (MB)          : 42325      128192    128256 
	   xferslots            :                           0 

	Job terminated of its own accord at 2025-01-30T15:59:08Z with exit-code 0.
...
000 (4597436.000.000) 2025-02-02 20:58:36 Job submitted from host: <130.199.48.82:9618?addrs=130.199.48.82-9618&alias=rcas2063.rcf.bnl.gov&noUDP&sock=schedd_23786_1176>
...
001 (4597436.000.000) 2025-02-02 21:03:50 Job executing on host: <130.199.150.71:9618?addrs=130.199.150.71-9618&alias=spool1552.sdcc.bnl.gov&noUDP&sock=startd_82644_e1d6>
...
006 (4597436.000.000) 2025-02-02 21:04:00 Image size of job updated: 563856
	303  -  MemoryUsage of job (MB)
	310044  -  ResidentSetSize of job (KB)
...
005 (4597436.000.000) 2025-02-02 21:04:01 Job terminated.
	(1) Normal termination (return value 139)
		Usr 0 00:00:05, Sys 0 00:00:02  -  Run Remote Usage
		Usr 0 00:00:00, Sys 0 00:00:00  -  Run Local Usage
		Usr 0 00:00:05, Sys 0 00:00:02  -  Total Remote Usage
		Usr 0 00:00:00, Sys 0 00:00:00  -  Total Local Usage
	0  -  Run Bytes Sent By Job
	0  -  Run Bytes Received By Job
	0  -  Total Bytes Sent By Job
	0  -  Total Bytes Received By Job
	Partitionable Resources :    Usage  Request Allocated 
	   Cpus                 :                 1         1 
	   Disk (KB)            :        2        2   6681233 
	   Memory (MB)          :      303   128192    128256 
	   xferslots            :                           0 

	Job terminated of its own accord at 2025-02-03T02:04:01Z with exit-code 139.
...
000 (4607153.000.000) 2025-02-03 00:28:08 Job submitted from host: <130.199.48.82:9618?addrs=130.199.48.82-9618&alias=rcas2063.rcf.bnl.gov&noUDP&sock=schedd_23786_1176>
...
