000 (4605852.000.000) 2025-02-02 21:18:09 Job submitted from host: <130.199.48.82:9618?addrs=130.199.48.82-9618&alias=rcas2063.rcf.bnl.gov&noUDP&sock=schedd_23786_1176>
...
001 (4605852.000.000) 2025-02-02 21:18:11 Job executing on host: <130.199.186.69:9618?addrs=130.199.186.69-9618&alias=spool1832.sdcc.bnl.gov&noUDP&sock=startd_24966_85f7>
...
006 (4605852.000.000) 2025-02-02 21:18:20 Image size of job updated: 264592
	147  -  MemoryUsage of job (MB)
	150204  -  ResidentSetSize of job (KB)
...
006 (4605852.000.000) 2025-02-02 21:18:22 Image size of job updated: 470448
	147  -  MemoryUsage of job (MB)
	150204  -  ResidentSetSize of job (KB)
...
005 (4605852.000.000) 2025-02-02 21:18:22 Job terminated.
	(1) Normal termination (return value 139)
		Usr 0 00:00:05, Sys 0 00:00:02  -  Run Remote Usage
		Usr 0 00:00:00, Sys 0 00:00:00  -  Run Local Usage
		Usr 0 00:00:05, Sys 0 00:00:02  -  Total Remote Usage
		Usr 0 00:00:00, Sys 0 00:00:00  -  Total Local Usage
	0  -  Run Bytes Sent By Job
	0  -  Run Bytes Received By Job
	0  -  Total Bytes Sent By Job
	0  -  Total Bytes Received By Job
	Partitionable Resources :    Usage  Request Allocated 
	   Cpus                 :                 1         1 
	   Disk (KB)            :        2        2   6681558 
	   Memory (MB)          :      147   128192    128256 
	   xferslots            :                           0 

	Job terminated of its own accord at 2025-02-03T02:18:22Z with exit-code 139.
...
