000 (4595964.000.000) 2025-01-28 23:09:24 Job submitted from host: <130.199.48.82:9618?addrs=130.199.48.82-9618&alias=rcas2063.rcf.bnl.gov&noUDP&sock=schedd_23786_1176>
...
001 (4595964.000.000) 2025-01-29 01:32:23 Job executing on host: <130.199.184.217:9618?addrs=130.199.184.217-9618&alias=spool1792.sdcc.bnl.gov&noUDP&sock=startd_72049_b2cc>
...
006 (4595964.000.000) 2025-01-29 01:32:32 Image size of job updated: 299200
	116  -  MemoryUsage of job (MB)
	118772  -  ResidentSetSize of job (KB)
...
006 (4595964.000.000) 2025-01-29 01:32:36 Image size of job updated: 299200
	117  -  MemoryUsage of job (MB)
	118828  -  ResidentSetSize of job (KB)
...
005 (4595964.000.000) 2025-01-29 01:32:36 Job terminated.
	(1) Normal termination (return value 0)
		Usr 0 00:00:03, Sys 0 00:00:01  -  Run Remote Usage
		Usr 0 00:00:00, Sys 0 00:00:00  -  Run Local Usage
		Usr 0 00:00:03, Sys 0 00:00:01  -  Total Remote Usage
		Usr 0 00:00:00, Sys 0 00:00:00  -  Total Local Usage
	0  -  Run Bytes Sent By Job
	0  -  Run Bytes Received By Job
	0  -  Total Bytes Sent By Job
	0  -  Total Bytes Received By Job
	Partitionable Resources :    Usage  Request Allocated 
	   Cpus                 :     0.26        1         1 
	   Disk (KB)            :     2           2   6681623 
	   Memory (MB)          :   117      128192    128256 
	   xferslots            :                           0 

	Job terminated of its own accord at 2025-01-29T06:32:36Z with exit-code 0.
...
000 (4596985.000.000) 2025-01-30 00:28:20 Job submitted from host: <130.199.48.82:9618?addrs=130.199.48.82-9618&alias=rcas2063.rcf.bnl.gov&noUDP&sock=schedd_23786_1176>
...
009 (4596985.000.000) 2025-01-30 19:29:33 Job was aborted.
	via condor_rm (by user sgross)
...
000 (4598189.000.000) 2025-02-02 21:00:03 Job submitted from host: <130.199.48.82:9618?addrs=130.199.48.82-9618&alias=rcas2063.rcf.bnl.gov&noUDP&sock=schedd_23786_1176>
...
001 (4598189.000.000) 2025-02-02 21:06:26 Job executing on host: <130.199.151.3:9618?addrs=130.199.151.3-9618&alias=spool1581.sdcc.bnl.gov&noUDP&sock=startd_32933_fa6d>
...
006 (4598189.000.000) 2025-02-02 21:06:35 Image size of job updated: 3204972
	0  -  MemoryUsage of job (MB)
	0  -  ResidentSetSize of job (KB)
...
005 (4598189.000.000) 2025-02-02 21:06:35 Job terminated.
	(1) Normal termination (return value 139)
		Usr 0 00:00:05, Sys 0 00:00:02  -  Run Remote Usage
		Usr 0 00:00:00, Sys 0 00:00:00  -  Run Local Usage
		Usr 0 00:00:05, Sys 0 00:00:02  -  Total Remote Usage
		Usr 0 00:00:00, Sys 0 00:00:00  -  Total Local Usage
	0  -  Run Bytes Sent By Job
	0  -  Run Bytes Received By Job
	0  -  Total Bytes Sent By Job
	0  -  Total Bytes Received By Job
	Partitionable Resources :    Usage  Request Allocated 
	   Cpus                 :     0.72        1         1 
	   Disk (KB)            :     2           2   6681222 
	   Memory (MB)          :     0      128192    128256 
	   xferslots            :                           0 

	Job terminated of its own accord at 2025-02-03T02:06:35Z with exit-code 139.
...
000 (4607906.000.000) 2025-02-03 00:29:34 Job submitted from host: <130.199.48.82:9618?addrs=130.199.48.82-9618&alias=rcas2063.rcf.bnl.gov&noUDP&sock=schedd_23786_1176>
...
