000 (4606446.000.000) 2025-02-02 21:19:29 Job submitted from host: <130.199.48.82:9618?addrs=130.199.48.82-9618&alias=rcas2063.rcf.bnl.gov&noUDP&sock=schedd_23786_1176>
...
001 (4606446.000.000) 2025-02-02 21:19:30 Job executing on host: <130.199.150.75:9618?addrs=130.199.150.75-9618&alias=spool1556.sdcc.bnl.gov&noUDP&sock=startd_64048_7ba1>
...
006 (4606446.000.000) 2025-02-02 21:19:38 Image size of job updated: 574092
	131  -  MemoryUsage of job (MB)
	133988  -  ResidentSetSize of job (KB)
...
006 (4606446.000.000) 2025-02-02 21:19:42 Image size of job updated: 574092
	131  -  MemoryUsage of job (MB)
	134016  -  ResidentSetSize of job (KB)
...
005 (4606446.000.000) 2025-02-02 21:19:43 Job terminated.
	(1) Normal termination (return value 139)
		Usr 0 00:00:06, Sys 0 00:00:02  -  Run Remote Usage
		Usr 0 00:00:00, Sys 0 00:00:00  -  Run Local Usage
		Usr 0 00:00:06, Sys 0 00:00:02  -  Total Remote Usage
		Usr 0 00:00:00, Sys 0 00:00:00  -  Total Local Usage
	0  -  Run Bytes Sent By Job
	0  -  Run Bytes Received By Job
	0  -  Total Bytes Sent By Job
	0  -  Total Bytes Received By Job
	Partitionable Resources :    Usage  Request Allocated 
	   Cpus                 :                 1         1 
	   Disk (KB)            :        2        2   6681223 
	   Memory (MB)          :      131   128192    128256 
	   xferslots            :                           0 

	Job terminated of its own accord at 2025-02-03T02:19:42Z with exit-code 139.
...
