000 (4606203.000.000) 2025-02-02 21:18:56 Job submitted from host: <130.199.48.82:9618?addrs=130.199.48.82-9618&alias=rcas2063.rcf.bnl.gov&noUDP&sock=schedd_23786_1176>
...
001 (4606203.000.000) 2025-02-02 21:18:59 Job executing on host: <130.199.184.220:9618?addrs=130.199.184.220-9618&alias=spool1795.sdcc.bnl.gov&noUDP&sock=startd_74149_5269>
...
006 (4606203.000.000) 2025-02-02 21:19:08 Image size of job updated: 129484
	65  -  MemoryUsage of job (MB)
	66268  -  ResidentSetSize of job (KB)
...
006 (4606203.000.000) 2025-02-02 21:19:20 Image size of job updated: 565280
	65  -  MemoryUsage of job (MB)
	66372  -  ResidentSetSize of job (KB)
...
005 (4606203.000.000) 2025-02-02 21:19:20 Job terminated.
	(1) Normal termination (return value 139)
		Usr 0 00:00:06, Sys 0 00:00:03  -  Run Remote Usage
		Usr 0 00:00:00, Sys 0 00:00:00  -  Run Local Usage
		Usr 0 00:00:06, Sys 0 00:00:03  -  Total Remote Usage
		Usr 0 00:00:00, Sys 0 00:00:00  -  Total Local Usage
	0  -  Run Bytes Sent By Job
	0  -  Run Bytes Received By Job
	0  -  Total Bytes Sent By Job
	0  -  Total Bytes Received By Job
	Partitionable Resources :    Usage  Request Allocated 
	   Cpus                 :     0.18        1         1 
	   Disk (KB)            :     2           2   6681625 
	   Memory (MB)          :    65      128192    128256 
	   xferslots            :                           0 

	Job terminated of its own accord at 2025-02-03T02:19:20Z with exit-code 139.
...
