000 (4596094.000.000) 2025-01-28 23:09:35 Job submitted from host: <130.199.48.82:9618?addrs=130.199.48.82-9618&alias=rcas2063.rcf.bnl.gov&noUDP&sock=schedd_23786_1176>
...
001 (4596094.000.000) 2025-01-29 01:34:16 Job executing on host: <130.199.186.28:9618?addrs=130.199.186.28-9618&alias=spool1825.sdcc.bnl.gov&noUDP&sock=startd_62164_3881>
...
006 (4596094.000.000) 2025-01-29 01:34:25 Image size of job updated: 181112
	107  -  MemoryUsage of job (MB)
	108788  -  ResidentSetSize of job (KB)
...
006 (4596094.000.000) 2025-01-29 01:34:29 Image size of job updated: 2938568
	107  -  MemoryUsage of job (MB)
	108788  -  ResidentSetSize of job (KB)
...
005 (4596094.000.000) 2025-01-29 01:34:29 Job terminated.
	(1) Normal termination (return value 0)
		Usr 0 00:00:04, Sys 0 00:00:01  -  Run Remote Usage
		Usr 0 00:00:00, Sys 0 00:00:00  -  Run Local Usage
		Usr 0 00:00:04, Sys 0 00:00:01  -  Total Remote Usage
		Usr 0 00:00:00, Sys 0 00:00:00  -  Total Local Usage
	0  -  Run Bytes Sent By Job
	0  -  Run Bytes Received By Job
	0  -  Total Bytes Sent By Job
	0  -  Total Bytes Received By Job
	Partitionable Resources :    Usage  Request Allocated 
	   Cpus                 :                 1         1 
	   Disk (KB)            :        2        2   6681629 
	   Memory (MB)          :      107   128192    128256 
	   xferslots            :                           0 

	Job terminated of its own accord at 2025-01-29T06:34:29Z with exit-code 0.
...
000 (4597115.000.000) 2025-01-30 00:28:33 Job submitted from host: <130.199.48.82:9618?addrs=130.199.48.82-9618&alias=rcas2063.rcf.bnl.gov&noUDP&sock=schedd_23786_1176>
...
009 (4597115.000.000) 2025-01-30 19:29:33 Job was aborted.
	via condor_rm (by user sgross)
...
000 (4598319.000.000) 2025-02-02 21:00:17 Job submitted from host: <130.199.48.82:9618?addrs=130.199.48.82-9618&alias=rcas2063.rcf.bnl.gov&noUDP&sock=schedd_23786_1176>
...
001 (4598319.000.000) 2025-02-02 21:06:38 Job executing on host: <130.199.186.16:9618?addrs=130.199.186.16-9618&alias=spool1813.sdcc.bnl.gov&noUDP&sock=startd_24682_a412>
...
006 (4598319.000.000) 2025-02-02 21:06:47 Image size of job updated: 2943840
	335  -  MemoryUsage of job (MB)
	342540  -  ResidentSetSize of job (KB)
...
005 (4598319.000.000) 2025-02-02 21:06:47 Job terminated.
	(1) Normal termination (return value 139)
		Usr 0 00:00:05, Sys 0 00:00:02  -  Run Remote Usage
		Usr 0 00:00:00, Sys 0 00:00:00  -  Run Local Usage
		Usr 0 00:00:05, Sys 0 00:00:02  -  Total Remote Usage
		Usr 0 00:00:00, Sys 0 00:00:00  -  Total Local Usage
	0  -  Run Bytes Sent By Job
	0  -  Run Bytes Received By Job
	0  -  Total Bytes Sent By Job
	0  -  Total Bytes Received By Job
	Partitionable Resources :    Usage  Request Allocated 
	   Cpus                 :                 1         1 
	   Disk (KB)            :        2        2   6681616 
	   Memory (MB)          :      335   128192    128256 
	   xferslots            :                           0 

	Job terminated of its own accord at 2025-02-03T02:06:47Z with exit-code 139.
...
000 (4608036.000.000) 2025-02-03 00:29:49 Job submitted from host: <130.199.48.82:9618?addrs=130.199.48.82-9618&alias=rcas2063.rcf.bnl.gov&noUDP&sock=schedd_23786_1176>
...
