000 (4601862.000.000) 2025-02-02 21:07:00 Job submitted from host: <130.199.48.82:9618?addrs=130.199.48.82-9618&alias=rcas2063.rcf.bnl.gov&noUDP&sock=schedd_23786_1176>
...
001 (4601862.000.000) 2025-02-02 21:11:15 Job executing on host: <130.199.184.221:9618?addrs=130.199.184.221-9618&alias=spool1796.sdcc.bnl.gov&noUDP&sock=startd_41359_b36c>
...
006 (4601862.000.000) 2025-02-02 21:11:23 Image size of job updated: 173576
	100  -  MemoryUsage of job (MB)
	102088  -  ResidentSetSize of job (KB)
...
006 (4601862.000.000) 2025-02-02 21:11:29 Image size of job updated: 617144
	100  -  MemoryUsage of job (MB)
	102228  -  ResidentSetSize of job (KB)
...
005 (4601862.000.000) 2025-02-02 21:11:30 Job terminated.
	(1) Normal termination (return value 139)
		Usr 0 00:00:06, Sys 0 00:00:02  -  Run Remote Usage
		Usr 0 00:00:00, Sys 0 00:00:00  -  Run Local Usage
		Usr 0 00:00:06, Sys 0 00:00:02  -  Total Remote Usage
		Usr 0 00:00:00, Sys 0 00:00:00  -  Total Local Usage
	0  -  Run Bytes Sent By Job
	0  -  Run Bytes Received By Job
	0  -  Total Bytes Sent By Job
	0  -  Total Bytes Received By Job
	Partitionable Resources :    Usage  Request Allocated 
	   Cpus                 :                 1         1 
	   Disk (KB)            :        2        2   6681619 
	   Memory (MB)          :      100   128192    128256 
	   xferslots            :                           0 

	Job terminated of its own accord at 2025-02-03T02:11:29Z with exit-code 139.
...
