000 (4595464.000.000) 2025-01-28 23:08:44 Job submitted from host: <130.199.48.82:9618?addrs=130.199.48.82-9618&alias=rcas2063.rcf.bnl.gov&noUDP&sock=schedd_23786_1176>
...
001 (4595464.000.000) 2025-01-29 01:23:32 Job executing on host: <130.199.184.158:9618?addrs=130.199.184.158-9618&alias=spool1767.sdcc.bnl.gov&noUDP&sock=startd_62920_7c34>
...
006 (4595464.000.000) 2025-01-29 01:23:41 Image size of job updated: 249004
	141  -  MemoryUsage of job (MB)
	143528  -  ResidentSetSize of job (KB)
...
006 (4595464.000.000) 2025-01-29 01:23:41 Image size of job updated: 249160
	141  -  MemoryUsage of job (MB)
	143560  -  ResidentSetSize of job (KB)
...
005 (4595464.000.000) 2025-01-29 01:23:41 Job terminated.
	(1) Normal termination (return value 0)
		Usr 0 00:00:03, Sys 0 00:00:01  -  Run Remote Usage
		Usr 0 00:00:00, Sys 0 00:00:00  -  Run Local Usage
		Usr 0 00:00:03, Sys 0 00:00:01  -  Total Remote Usage
		Usr 0 00:00:00, Sys 0 00:00:00  -  Total Local Usage
	0  -  Run Bytes Sent By Job
	0  -  Run Bytes Received By Job
	0  -  Total Bytes Sent By Job
	0  -  Total Bytes Received By Job
	Partitionable Resources :    Usage  Request Allocated 
	   Cpus                 :                 1         1 
	   Disk (KB)            :        2        2   6681619 
	   Memory (MB)          :      141   128192    128256 
	   xferslots            :                           0 

	Job terminated of its own accord at 2025-01-29T06:23:41Z with exit-code 0.
...
000 (4596485.000.000) 2025-01-30 00:27:31 Job submitted from host: <130.199.48.82:9618?addrs=130.199.48.82-9618&alias=rcas2063.rcf.bnl.gov&noUDP&sock=schedd_23786_1176>
...
001 (4596485.000.000) 2025-01-30 15:00:04 Job executing on host: <130.199.150.98:9618?addrs=130.199.150.98-9618&alias=spool1579.sdcc.bnl.gov&noUDP&sock=startd_18997_6900>
...
006 (4596485.000.000) 2025-01-30 15:00:12 Image size of job updated: 298416
	7  -  MemoryUsage of job (MB)
	6784  -  ResidentSetSize of job (KB)
...
006 (4596485.000.000) 2025-01-30 15:05:12 Image size of job updated: 5330800
	992  -  MemoryUsage of job (MB)
	1015128  -  ResidentSetSize of job (KB)
...
006 (4596485.000.000) 2025-01-30 15:10:13 Image size of job updated: 7620708
	4380  -  MemoryUsage of job (MB)
	4484500  -  ResidentSetSize of job (KB)
...
006 (4596485.000.000) 2025-01-30 15:15:13 Image size of job updated: 10435644
	6384  -  MemoryUsage of job (MB)
	6536808  -  ResidentSetSize of job (KB)
...
006 (4596485.000.000) 2025-01-30 15:20:13 Image size of job updated: 14145908
	9088  -  MemoryUsage of job (MB)
	9306100  -  ResidentSetSize of job (KB)
...
006 (4596485.000.000) 2025-01-30 15:25:15 Image size of job updated: 15527952
	12121  -  MemoryUsage of job (MB)
	12411480  -  ResidentSetSize of job (KB)
...
006 (4596485.000.000) 2025-01-30 15:30:15 Image size of job updated: 18596244
	13996  -  MemoryUsage of job (MB)
	14331224  -  ResidentSetSize of job (KB)
...
006 (4596485.000.000) 2025-01-30 15:35:15 Image size of job updated: 20993132
	17479  -  MemoryUsage of job (MB)
	17898356  -  ResidentSetSize of job (KB)
...
006 (4596485.000.000) 2025-01-30 15:40:16 Image size of job updated: 23001820
	18875  -  MemoryUsage of job (MB)
	19327568  -  ResidentSetSize of job (KB)
...
006 (4596485.000.000) 2025-01-30 15:45:17 Image size of job updated: 27677112
	22172  -  MemoryUsage of job (MB)
	22703320  -  ResidentSetSize of job (KB)
...
006 (4596485.000.000) 2025-01-30 15:50:17 Image size of job updated: 28323544
	24284  -  MemoryUsage of job (MB)
	24866520  -  ResidentSetSize of job (KB)
...
006 (4596485.000.000) 2025-01-30 15:55:19 Image size of job updated: 31113424
	26283  -  MemoryUsage of job (MB)
	26913428  -  ResidentSetSize of job (KB)
...
006 (4596485.000.000) 2025-01-30 16:00:19 Image size of job updated: 33544612
	29661  -  MemoryUsage of job (MB)
	30372380  -  ResidentSetSize of job (KB)
...
006 (4596485.000.000) 2025-01-30 16:05:19 Image size of job updated: 35522676
	30889  -  MemoryUsage of job (MB)
	31629656  -  ResidentSetSize of job (KB)
...
006 (4596485.000.000) 2025-01-30 16:10:20 Image size of job updated: 38093856
	34100  -  MemoryUsage of job (MB)
	34917852  -  ResidentSetSize of job (KB)
...
006 (4596485.000.000) 2025-01-30 16:15:21 Image size of job updated: 40660548
	35785  -  MemoryUsage of job (MB)
	36643092  -  ResidentSetSize of job (KB)
...
006 (4596485.000.000) 2025-01-30 16:20:21 Image size of job updated: 42867360
	38862  -  MemoryUsage of job (MB)
	39793852  -  ResidentSetSize of job (KB)
...
006 (4596485.000.000) 2025-01-30 16:25:22 Image size of job updated: 44774020
	40021  -  MemoryUsage of job (MB)
	40980604  -  ResidentSetSize of job (KB)
...
006 (4596485.000.000) 2025-01-30 16:30:23 Image size of job updated: 47545216
	43324  -  MemoryUsage of job (MB)
	44363096  -  ResidentSetSize of job (KB)
...
006 (4596485.000.000) 2025-01-30 16:35:23 Image size of job updated: 50216112
	45107  -  MemoryUsage of job (MB)
	46189284  -  ResidentSetSize of job (KB)
...
006 (4596485.000.000) 2025-01-30 16:40:24 Image size of job updated: 54057108
	48107  -  MemoryUsage of job (MB)
	49260700  -  ResidentSetSize of job (KB)
...
006 (4596485.000.000) 2025-01-30 16:45:25 Image size of job updated: 54923768
	50634  -  MemoryUsage of job (MB)
	51848968  -  ResidentSetSize of job (KB)
...
006 (4596485.000.000) 2025-01-30 16:50:25 Image size of job updated: 58971484
	53762  -  MemoryUsage of job (MB)
	55052168  -  ResidentSetSize of job (KB)
...
006 (4596485.000.000) 2025-01-30 16:55:25 Image size of job updated: 59708720
	54892  -  MemoryUsage of job (MB)
	56208456  -  ResidentSetSize of job (KB)
...
006 (4596485.000.000) 2025-01-30 17:00:26 Image size of job updated: 62797864
	56756  -  MemoryUsage of job (MB)
	58117816  -  ResidentSetSize of job (KB)
...
006 (4596485.000.000) 2025-01-30 17:05:26 Image size of job updated: 63483328
	58459  -  MemoryUsage of job (MB)
	59861060  -  ResidentSetSize of job (KB)
...
006 (4596485.000.000) 2025-01-30 17:10:27 Image size of job updated: 66537796
	60532  -  MemoryUsage of job (MB)
	61984740  -  ResidentSetSize of job (KB)
...
006 (4596485.000.000) 2025-01-30 17:15:28 Image size of job updated: 66715352
	61431  -  MemoryUsage of job (MB)
	62904928  -  ResidentSetSize of job (KB)
...
006 (4596485.000.000) 2025-01-30 17:20:28 Image size of job updated: 68314324
	63691  -  MemoryUsage of job (MB)
	65219360  -  ResidentSetSize of job (KB)
...
006 (4596485.000.000) 2025-01-30 17:25:28 Image size of job updated: 70868672
	64729  -  MemoryUsage of job (MB)
	66282044  -  ResidentSetSize of job (KB)
...
006 (4596485.000.000) 2025-01-30 17:30:29 Image size of job updated: 71783052
	66313  -  MemoryUsage of job (MB)
	67903548  -  ResidentSetSize of job (KB)
...
006 (4596485.000.000) 2025-01-30 17:35:29 Image size of job updated: 74372840
	68799  -  MemoryUsage of job (MB)
	70450152  -  ResidentSetSize of job (KB)
...
006 (4596485.000.000) 2025-01-30 17:40:29 Image size of job updated: 75582740
	69777  -  MemoryUsage of job (MB)
	71451156  -  ResidentSetSize of job (KB)
...
006 (4596485.000.000) 2025-01-30 17:45:30 Image size of job updated: 77473188
	72485  -  MemoryUsage of job (MB)
	74224408  -  ResidentSetSize of job (KB)
...
006 (4596485.000.000) 2025-01-30 17:50:31 Image size of job updated: 79211852
	73391  -  MemoryUsage of job (MB)
	75151480  -  ResidentSetSize of job (KB)
...
006 (4596485.000.000) 2025-01-30 17:55:31 Image size of job updated: 80899860
	75730  -  MemoryUsage of job (MB)
	77546900  -  ResidentSetSize of job (KB)
...
006 (4596485.000.000) 2025-01-30 18:00:32 Image size of job updated: 83864220
	77463  -  MemoryUsage of job (MB)
	79321912  -  ResidentSetSize of job (KB)
...
006 (4596485.000.000) 2025-01-30 18:05:33 Image size of job updated: 85290728
	80177  -  MemoryUsage of job (MB)
	82100688  -  ResidentSetSize of job (KB)
...
006 (4596485.000.000) 2025-01-30 18:10:33 Image size of job updated: 88164668
	81839  -  MemoryUsage of job (MB)
	83802392  -  ResidentSetSize of job (KB)
...
006 (4596485.000.000) 2025-01-30 18:15:34 Image size of job updated: 90072260
	84803  -  MemoryUsage of job (MB)
	86837608  -  ResidentSetSize of job (KB)
...
006 (4596485.000.000) 2025-01-30 18:16:43 Image size of job updated: 90573508
	84803  -  MemoryUsage of job (MB)
	86837608  -  ResidentSetSize of job (KB)
...
005 (4596485.000.000) 2025-01-30 18:16:44 Job terminated.
	(1) Normal termination (return value 0)
		Usr 0 02:28:03, Sys 0 00:15:56  -  Run Remote Usage
		Usr 0 00:00:00, Sys 0 00:00:00  -  Run Local Usage
		Usr 0 02:28:03, Sys 0 00:15:56  -  Total Remote Usage
		Usr 0 00:00:00, Sys 0 00:00:00  -  Total Local Usage
	0  -  Run Bytes Sent By Job
	0  -  Run Bytes Received By Job
	0  -  Total Bytes Sent By Job
	0  -  Total Bytes Received By Job
	Partitionable Resources :    Usage  Request Allocated 
	   Cpus                 :     0.90        1         1 
	   Disk (KB)            :     2           2   6681230 
	   Memory (MB)          : 84803      128192    128256 
	   xferslots            :                           0 

	Job terminated of its own accord at 2025-01-30T23:16:43Z with exit-code 0.
...
000 (4597689.000.000) 2025-02-02 20:59:06 Job submitted from host: <130.199.48.82:9618?addrs=130.199.48.82-9618&alias=rcas2063.rcf.bnl.gov&noUDP&sock=schedd_23786_1176>
...
001 (4597689.000.000) 2025-02-02 21:05:30 Job executing on host: <130.199.186.69:9618?addrs=130.199.186.69-9618&alias=spool1832.sdcc.bnl.gov&noUDP&sock=startd_24966_85f7>
...
006 (4597689.000.000) 2025-02-02 21:05:39 Image size of job updated: 424920
	292  -  MemoryUsage of job (MB)
	298504  -  ResidentSetSize of job (KB)
...
006 (4597689.000.000) 2025-02-02 21:05:41 Image size of job updated: 469996
	292  -  MemoryUsage of job (MB)
	298504  -  ResidentSetSize of job (KB)
...
005 (4597689.000.000) 2025-02-02 21:05:41 Job terminated.
	(1) Normal termination (return value 139)
		Usr 0 00:00:06, Sys 0 00:00:02  -  Run Remote Usage
		Usr 0 00:00:00, Sys 0 00:00:00  -  Run Local Usage
		Usr 0 00:00:06, Sys 0 00:00:02  -  Total Remote Usage
		Usr 0 00:00:00, Sys 0 00:00:00  -  Total Local Usage
	0  -  Run Bytes Sent By Job
	0  -  Run Bytes Received By Job
	0  -  Total Bytes Sent By Job
	0  -  Total Bytes Received By Job
	Partitionable Resources :    Usage  Request Allocated 
	   Cpus                 :                 1         1 
	   Disk (KB)            :        2        2   6681558 
	   Memory (MB)          :      292   128192    128256 
	   xferslots            :                           0 

	Job terminated of its own accord at 2025-02-03T02:05:41Z with exit-code 139.
...
