000 (4603718.000.000) 2025-02-02 21:13:21 Job submitted from host: <130.199.48.82:9618?addrs=130.199.48.82-9618&alias=rcas2063.rcf.bnl.gov&noUDP&sock=schedd_23786_1176>
...
001 (4603718.000.000) 2025-02-02 21:13:36 Job executing on host: <130.199.151.9:9618?addrs=130.199.151.9-9618&alias=spool1587.sdcc.bnl.gov&noUDP&sock=startd_39026_55f8>
...
006 (4603718.000.000) 2025-02-02 21:13:45 Image size of job updated: 391272
	260  -  MemoryUsage of job (MB)
	265244  -  ResidentSetSize of job (KB)
...
006 (4603718.000.000) 2025-02-02 21:13:47 Image size of job updated: 391460
	260  -  MemoryUsage of job (MB)
	265432  -  ResidentSetSize of job (KB)
...
005 (4603718.000.000) 2025-02-02 21:13:47 Job terminated.
	(1) Normal termination (return value 139)
		Usr 0 00:00:05, Sys 0 00:00:01  -  Run Remote Usage
		Usr 0 00:00:00, Sys 0 00:00:00  -  Run Local Usage
		Usr 0 00:00:05, Sys 0 00:00:01  -  Total Remote Usage
		Usr 0 00:00:00, Sys 0 00:00:00  -  Total Local Usage
	0  -  Run Bytes Sent By Job
	0  -  Run Bytes Received By Job
	0  -  Total Bytes Sent By Job
	0  -  Total Bytes Received By Job
	Partitionable Resources :    Usage  Request Allocated 
	   Cpus                 :                 1         1 
	   Disk (KB)            :        2        2   6681247 
	   Memory (MB)          :      260   128192    128256 
	   xferslots            :                           0 

	Job terminated of its own accord at 2025-02-03T02:13:47Z with exit-code 139.
...
