000 (4595702.000.000) 2025-01-28 23:09:03 Job submitted from host: <130.199.48.82:9618?addrs=130.199.48.82-9618&alias=rcas2063.rcf.bnl.gov&noUDP&sock=schedd_23786_1176>
...
001 (4595702.000.000) 2025-01-29 01:28:00 Job executing on host: <130.199.186.92:9618?addrs=130.199.186.92-9618&alias=spool1855.sdcc.bnl.gov&noUDP&sock=startd_51230_bf6c>
...
006 (4595702.000.000) 2025-01-29 01:28:08 Image size of job updated: 567408
	86  -  MemoryUsage of job (MB)
	87940  -  ResidentSetSize of job (KB)
...
005 (4595702.000.000) 2025-01-29 01:28:17 Job terminated.
	(1) Normal termination (return value 0)
		Usr 0 00:00:04, Sys 0 00:00:02  -  Run Remote Usage
		Usr 0 00:00:00, Sys 0 00:00:00  -  Run Local Usage
		Usr 0 00:00:04, Sys 0 00:00:02  -  Total Remote Usage
		Usr 0 00:00:00, Sys 0 00:00:00  -  Total Local Usage
	0  -  Run Bytes Sent By Job
	0  -  Run Bytes Received By Job
	0  -  Total Bytes Sent By Job
	0  -  Total Bytes Received By Job
	Partitionable Resources :    Usage  Request Allocated 
	   Cpus                 :                 1         1 
	   Disk (KB)            :        2        2   6681629 
	   Memory (MB)          :       86   128192    128256 
	   xferslots            :                           0 

	Job terminated of its own accord at 2025-01-29T06:28:16Z with exit-code 0.
...
000 (4596723.000.000) 2025-01-30 00:27:55 Job submitted from host: <130.199.48.82:9618?addrs=130.199.48.82-9618&alias=rcas2063.rcf.bnl.gov&noUDP&sock=schedd_23786_1176>
...
001 (4596723.000.000) 2025-01-30 17:48:30 Job executing on host: <130.199.207.216:9618?addrs=130.199.207.216-9618&alias=spool1503.sdcc.bnl.gov&noUDP&sock=startd_26617_0b41>
...
006 (4596723.000.000) 2025-01-30 17:48:38 Image size of job updated: 298144
	83  -  MemoryUsage of job (MB)
	84048  -  ResidentSetSize of job (KB)
...
006 (4596723.000.000) 2025-01-30 17:53:38 Image size of job updated: 4819860
	1072  -  MemoryUsage of job (MB)
	1097224  -  ResidentSetSize of job (KB)
...
006 (4596723.000.000) 2025-01-30 17:58:39 Image size of job updated: 8768960
	5301  -  MemoryUsage of job (MB)
	5428144  -  ResidentSetSize of job (KB)
...
006 (4596723.000.000) 2025-01-30 18:03:40 Image size of job updated: 11586336
	8233  -  MemoryUsage of job (MB)
	8430476  -  ResidentSetSize of job (KB)
...
006 (4596723.000.000) 2025-01-30 18:08:40 Image size of job updated: 15335724
	11689  -  MemoryUsage of job (MB)
	11969204  -  ResidentSetSize of job (KB)
...
006 (4596723.000.000) 2025-01-30 18:13:40 Image size of job updated: 19823924
	15486  -  MemoryUsage of job (MB)
	15857356  -  ResidentSetSize of job (KB)
...
006 (4596723.000.000) 2025-01-30 18:18:41 Image size of job updated: 23627804
	19170  -  MemoryUsage of job (MB)
	19629080  -  ResidentSetSize of job (KB)
...
006 (4596723.000.000) 2025-01-30 18:23:42 Image size of job updated: 28263376
	22977  -  MemoryUsage of job (MB)
	23528264  -  ResidentSetSize of job (KB)
...
006 (4596723.000.000) 2025-01-30 18:28:42 Image size of job updated: 30901712
	27158  -  MemoryUsage of job (MB)
	27809348  -  ResidentSetSize of job (KB)
...
006 (4596723.000.000) 2025-01-30 18:33:43 Image size of job updated: 33850524
	30036  -  MemoryUsage of job (MB)
	30756856  -  ResidentSetSize of job (KB)
...
006 (4596723.000.000) 2025-01-30 18:38:44 Image size of job updated: 37918044
	33531  -  MemoryUsage of job (MB)
	34335488  -  ResidentSetSize of job (KB)
...
006 (4596723.000.000) 2025-01-30 18:43:44 Image size of job updated: 42384048
	37308  -  MemoryUsage of job (MB)
	38202888  -  ResidentSetSize of job (KB)
...
006 (4596723.000.000) 2025-01-30 18:48:45 Image size of job updated: 46029188
	41397  -  MemoryUsage of job (MB)
	42390376  -  ResidentSetSize of job (KB)
...
006 (4596723.000.000) 2025-01-30 18:53:46 Image size of job updated: 50192000
	45213  -  MemoryUsage of job (MB)
	46297172  -  ResidentSetSize of job (KB)
...
006 (4596723.000.000) 2025-01-30 18:58:46 Image size of job updated: 53171172
	48961  -  MemoryUsage of job (MB)
	50135972  -  ResidentSetSize of job (KB)
...
006 (4596723.000.000) 2025-01-30 18:59:49 Image size of job updated: 54504632
	48964  -  MemoryUsage of job (MB)
	50138476  -  ResidentSetSize of job (KB)
...
005 (4596723.000.000) 2025-01-30 18:59:50 Job terminated.
	(1) Normal termination (return value 0)
		Usr 0 01:13:01, Sys 0 00:07:41  -  Run Remote Usage
		Usr 0 00:00:00, Sys 0 00:00:00  -  Run Local Usage
		Usr 0 01:13:01, Sys 0 00:07:41  -  Total Remote Usage
		Usr 0 00:00:00, Sys 0 00:00:00  -  Total Local Usage
	0  -  Run Bytes Sent By Job
	0  -  Run Bytes Received By Job
	0  -  Total Bytes Sent By Job
	0  -  Total Bytes Received By Job
	Partitionable Resources :    Usage  Request Allocated 
	   Cpus                 :     1.32        1         1 
	   Disk (KB)            :     2           2   6681235 
	   Memory (MB)          : 48964      128192    128256 
	   xferslots            :                           0 

	Job terminated of its own accord at 2025-01-30T23:59:49Z with exit-code 0.
...
000 (4597927.000.000) 2025-02-02 20:59:32 Job submitted from host: <130.199.48.82:9618?addrs=130.199.48.82-9618&alias=rcas2063.rcf.bnl.gov&noUDP&sock=schedd_23786_1176>
...
001 (4597927.000.000) 2025-02-02 21:06:03 Job executing on host: <130.199.150.68:9618?addrs=130.199.150.68-9618&alias=spool1549.sdcc.bnl.gov&noUDP&sock=startd_81798_2244>
...
006 (4597927.000.000) 2025-02-02 21:06:11 Image size of job updated: 479500
	0  -  MemoryUsage of job (MB)
	0  -  ResidentSetSize of job (KB)
...
005 (4597927.000.000) 2025-02-02 21:06:11 Job terminated.
	(1) Normal termination (return value 139)
		Usr 0 00:00:06, Sys 0 00:00:01  -  Run Remote Usage
		Usr 0 00:00:00, Sys 0 00:00:00  -  Run Local Usage
		Usr 0 00:00:06, Sys 0 00:00:01  -  Total Remote Usage
		Usr 0 00:00:00, Sys 0 00:00:00  -  Total Local Usage
	0  -  Run Bytes Sent By Job
	0  -  Run Bytes Received By Job
	0  -  Total Bytes Sent By Job
	0  -  Total Bytes Received By Job
	Partitionable Resources :    Usage  Request Allocated 
	   Cpus                 :                 1         1 
	   Disk (KB)            :        2        2   6681154 
	   Memory (MB)          :        0   128192    128256 
	   xferslots            :                           0 

	Job terminated of its own accord at 2025-02-03T02:06:11Z with exit-code 139.
...
000 (4607644.000.000) 2025-02-03 00:29:04 Job submitted from host: <130.199.48.82:9618?addrs=130.199.48.82-9618&alias=rcas2063.rcf.bnl.gov&noUDP&sock=schedd_23786_1176>
...
