000 (4604725.000.000) 2025-02-02 21:15:40 Job submitted from host: <130.199.48.82:9618?addrs=130.199.48.82-9618&alias=rcas2063.rcf.bnl.gov&noUDP&sock=schedd_23786_1176>
...
001 (4604725.000.000) 2025-02-02 21:15:43 Job executing on host: <130.199.150.80:9618?addrs=130.199.150.80-9618&alias=spool1561.sdcc.bnl.gov&noUDP&sock=startd_23998_29dd>
...
006 (4604725.000.000) 2025-02-02 21:15:52 Image size of job updated: 287964
	168  -  MemoryUsage of job (MB)
	171528  -  ResidentSetSize of job (KB)
...
006 (4604725.000.000) 2025-02-02 21:15:54 Image size of job updated: 3047124
	168  -  MemoryUsage of job (MB)
	171636  -  ResidentSetSize of job (KB)
...
005 (4604725.000.000) 2025-02-02 21:15:55 Job terminated.
	(1) Normal termination (return value 139)
		Usr 0 00:00:06, Sys 0 00:00:02  -  Run Remote Usage
		Usr 0 00:00:00, Sys 0 00:00:00  -  Run Local Usage
		Usr 0 00:00:06, Sys 0 00:00:02  -  Total Remote Usage
		Usr 0 00:00:00, Sys 0 00:00:00  -  Total Local Usage
	0  -  Run Bytes Sent By Job
	0  -  Run Bytes Received By Job
	0  -  Total Bytes Sent By Job
	0  -  Total Bytes Received By Job
	Partitionable Resources :    Usage  Request Allocated 
	   Cpus                 :                 1         1 
	   Disk (KB)            :        2        2   6681245 
	   Memory (MB)          :      168   128192    128256 
	   xferslots            :                           0 

	Job terminated of its own accord at 2025-02-03T02:15:54Z with exit-code 139.
...
