000 (4595876.000.000) 2025-01-28 23:09:17 Job submitted from host: <130.199.48.82:9618?addrs=130.199.48.82-9618&alias=rcas2063.rcf.bnl.gov&noUDP&sock=schedd_23786_1176>
...
001 (4595876.000.000) 2025-01-29 01:30:57 Job executing on host: <130.199.186.92:9618?addrs=130.199.186.92-9618&alias=spool1855.sdcc.bnl.gov&noUDP&sock=startd_51230_bf6c>
...
006 (4595876.000.000) 2025-01-29 01:31:05 Image size of job updated: 184676
	110  -  MemoryUsage of job (MB)
	112124  -  ResidentSetSize of job (KB)
...
006 (4595876.000.000) 2025-01-29 01:31:08 Image size of job updated: 205104
	110  -  MemoryUsage of job (MB)
	112172  -  ResidentSetSize of job (KB)
...
005 (4595876.000.000) 2025-01-29 01:31:08 Job terminated.
	(1) Normal termination (return value 0)
		Usr 0 00:00:04, Sys 0 00:00:01  -  Run Remote Usage
		Usr 0 00:00:00, Sys 0 00:00:00  -  Run Local Usage
		Usr 0 00:00:04, Sys 0 00:00:01  -  Total Remote Usage
		Usr 0 00:00:00, Sys 0 00:00:00  -  Total Local Usage
	0  -  Run Bytes Sent By Job
	0  -  Run Bytes Received By Job
	0  -  Total Bytes Sent By Job
	0  -  Total Bytes Received By Job
	Partitionable Resources :    Usage  Request Allocated 
	   Cpus                 :                 1         1 
	   Disk (KB)            :        2        2   6681629 
	   Memory (MB)          :      110   128192    128256 
	   xferslots            :                           0 

	Job terminated of its own accord at 2025-01-29T06:31:08Z with exit-code 0.
...
000 (4596897.000.000) 2025-01-30 00:28:12 Job submitted from host: <130.199.48.82:9618?addrs=130.199.48.82-9618&alias=rcas2063.rcf.bnl.gov&noUDP&sock=schedd_23786_1176>
...
009 (4596897.000.000) 2025-01-30 19:29:26 Job was aborted.
	via condor_rm (by user sgross)
...
000 (4598101.000.000) 2025-02-02 20:59:53 Job submitted from host: <130.199.48.82:9618?addrs=130.199.48.82-9618&alias=rcas2063.rcf.bnl.gov&noUDP&sock=schedd_23786_1176>
...
001 (4598101.000.000) 2025-02-02 21:06:20 Job executing on host: <130.199.186.83:9618?addrs=130.199.186.83-9618&alias=spool1846.sdcc.bnl.gov&noUDP&sock=startd_39059_c7a7>
...
006 (4598101.000.000) 2025-02-02 21:06:29 Image size of job updated: 197588
	115  -  MemoryUsage of job (MB)
	116956  -  ResidentSetSize of job (KB)
...
006 (4598101.000.000) 2025-02-02 21:06:35 Image size of job updated: 3555644
	115  -  MemoryUsage of job (MB)
	116984  -  ResidentSetSize of job (KB)
...
005 (4598101.000.000) 2025-02-02 21:06:35 Job terminated.
	(1) Normal termination (return value 139)
		Usr 0 00:00:06, Sys 0 00:00:02  -  Run Remote Usage
		Usr 0 00:00:00, Sys 0 00:00:00  -  Run Local Usage
		Usr 0 00:00:06, Sys 0 00:00:02  -  Total Remote Usage
		Usr 0 00:00:00, Sys 0 00:00:00  -  Total Local Usage
	0  -  Run Bytes Sent By Job
	0  -  Run Bytes Received By Job
	0  -  Total Bytes Sent By Job
	0  -  Total Bytes Received By Job
	Partitionable Resources :    Usage  Request Allocated 
	   Cpus                 :                 1         1 
	   Disk (KB)            :        2        2   6681625 
	   Memory (MB)          :      115   128192    128256 
	   xferslots            :                           0 

	Job terminated of its own accord at 2025-02-03T02:06:35Z with exit-code 139.
...
000 (4607818.000.000) 2025-02-03 00:29:24 Job submitted from host: <130.199.48.82:9618?addrs=130.199.48.82-9618&alias=rcas2063.rcf.bnl.gov&noUDP&sock=schedd_23786_1176>
...
