000 (4602391.000.000) 2025-02-02 21:08:50 Job submitted from host: <130.199.48.82:9618?addrs=130.199.48.82-9618&alias=rcas2063.rcf.bnl.gov&noUDP&sock=schedd_23786_1176>
...
001 (4602391.000.000) 2025-02-02 21:11:55 Job executing on host: <130.199.186.28:9618?addrs=130.199.186.28-9618&alias=spool1825.sdcc.bnl.gov&noUDP&sock=startd_62164_3881>
...
006 (4602391.000.000) 2025-02-02 21:12:03 Image size of job updated: 574840
	256  -  MemoryUsage of job (MB)
	261140  -  ResidentSetSize of job (KB)
...
005 (4602391.000.000) 2025-02-02 21:12:05 Job terminated.
	(1) Normal termination (return value 139)
		Usr 0 00:00:04, Sys 0 00:00:02  -  Run Remote Usage
		Usr 0 00:00:00, Sys 0 00:00:00  -  Run Local Usage
		Usr 0 00:00:04, Sys 0 00:00:02  -  Total Remote Usage
		Usr 0 00:00:00, Sys 0 00:00:00  -  Total Local Usage
	0  -  Run Bytes Sent By Job
	0  -  Run Bytes Received By Job
	0  -  Total Bytes Sent By Job
	0  -  Total Bytes Received By Job
	Partitionable Resources :    Usage  Request Allocated 
	   Cpus                 :        0        1         1 
	   Disk (KB)            :        2        2   6681629 
	   Memory (MB)          :      256   128192    128256 
	   xferslots            :                           0 

	Job terminated of its own accord at 2025-02-03T02:12:04Z with exit-code 139.
...
