000 (4596100.000.000) 2025-01-28 23:09:35 Job submitted from host: <130.199.48.82:9618?addrs=130.199.48.82-9618&alias=rcas2063.rcf.bnl.gov&noUDP&sock=schedd_23786_1176>
...
001 (4596100.000.000) 2025-01-29 01:34:23 Job executing on host: <130.199.184.213:9618?addrs=130.199.184.213-9618&alias=spool1788.sdcc.bnl.gov&noUDP&sock=startd_11823_ee03>
...
006 (4596100.000.000) 2025-01-29 01:34:32 Image size of job updated: 336328
	121  -  MemoryUsage of job (MB)
	123228  -  ResidentSetSize of job (KB)
...
006 (4596100.000.000) 2025-01-29 01:34:34 Image size of job updated: 336328
	121  -  MemoryUsage of job (MB)
	123396  -  ResidentSetSize of job (KB)
...
005 (4596100.000.000) 2025-01-29 01:34:35 Job terminated.
	(1) Normal termination (return value 0)
		Usr 0 00:00:04, Sys 0 00:00:01  -  Run Remote Usage
		Usr 0 00:00:00, Sys 0 00:00:00  -  Run Local Usage
		Usr 0 00:00:04, Sys 0 00:00:01  -  Total Remote Usage
		Usr 0 00:00:00, Sys 0 00:00:00  -  Total Local Usage
	0  -  Run Bytes Sent By Job
	0  -  Run Bytes Received By Job
	0  -  Total Bytes Sent By Job
	0  -  Total Bytes Received By Job
	Partitionable Resources :    Usage  Request Allocated 
	   Cpus                 :                 1         1 
	   Disk (KB)            :        2        2   6681619 
	   Memory (MB)          :      121   128192    128256 
	   xferslots            :                           0 

	Job terminated of its own accord at 2025-01-29T06:34:34Z with exit-code 0.
...
000 (4597121.000.000) 2025-01-30 00:28:33 Job submitted from host: <130.199.48.82:9618?addrs=130.199.48.82-9618&alias=rcas2063.rcf.bnl.gov&noUDP&sock=schedd_23786_1176>
...
009 (4597121.000.000) 2025-01-30 19:29:35 Job was aborted.
	via condor_rm (by user sgross)
...
000 (4598325.000.000) 2025-02-02 21:00:18 Job submitted from host: <130.199.48.82:9618?addrs=130.199.48.82-9618&alias=rcas2063.rcf.bnl.gov&noUDP&sock=schedd_23786_1176>
...
001 (4598325.000.000) 2025-02-02 21:06:39 Job executing on host: <130.199.186.79:9618?addrs=130.199.186.79-9618&alias=spool1842.sdcc.bnl.gov&noUDP&sock=startd_86178_593b>
...
006 (4598325.000.000) 2025-02-02 21:06:48 Image size of job updated: 119204
	64  -  MemoryUsage of job (MB)
	64588  -  ResidentSetSize of job (KB)
...
006 (4598325.000.000) 2025-02-02 21:07:01 Image size of job updated: 561952
	64  -  MemoryUsage of job (MB)
	64608  -  ResidentSetSize of job (KB)
...
005 (4598325.000.000) 2025-02-02 21:07:01 Job terminated.
	(1) Normal termination (return value 139)
		Usr 0 00:00:06, Sys 0 00:00:02  -  Run Remote Usage
		Usr 0 00:00:00, Sys 0 00:00:00  -  Run Local Usage
		Usr 0 00:00:06, Sys 0 00:00:02  -  Total Remote Usage
		Usr 0 00:00:00, Sys 0 00:00:00  -  Total Local Usage
	0  -  Run Bytes Sent By Job
	0  -  Run Bytes Received By Job
	0  -  Total Bytes Sent By Job
	0  -  Total Bytes Received By Job
	Partitionable Resources :    Usage  Request Allocated 
	   Cpus                 :                 1         1 
	   Disk (KB)            :        2        2   6681620 
	   Memory (MB)          :       64   128192    128256 
	   xferslots            :                           0 

	Job terminated of its own accord at 2025-02-03T02:07:01Z with exit-code 139.
...
000 (4608042.000.000) 2025-02-03 00:29:50 Job submitted from host: <130.199.48.82:9618?addrs=130.199.48.82-9618&alias=rcas2063.rcf.bnl.gov&noUDP&sock=schedd_23786_1176>
...
