000 (4599850.000.000) 2025-02-02 21:02:56 Job submitted from host: <130.199.48.82:9618?addrs=130.199.48.82-9618&alias=rcas2063.rcf.bnl.gov&noUDP&sock=schedd_23786_1176>
...
001 (4599850.000.000) 2025-02-02 21:08:40 Job executing on host: <130.199.150.88:9618?addrs=130.199.150.88-9618&alias=spool1569.sdcc.bnl.gov&noUDP&sock=startd_33698_1751>
...
006 (4599850.000.000) 2025-02-02 21:08:49 Image size of job updated: 270980
	148  -  MemoryUsage of job (MB)
	151136  -  ResidentSetSize of job (KB)
...
006 (4599850.000.000) 2025-02-02 21:08:51 Image size of job updated: 274632
	152  -  MemoryUsage of job (MB)
	154784  -  ResidentSetSize of job (KB)
...
005 (4599850.000.000) 2025-02-02 21:08:51 Job terminated.
	(1) Normal termination (return value 139)
		Usr 0 00:00:05, Sys 0 00:00:02  -  Run Remote Usage
		Usr 0 00:00:00, Sys 0 00:00:00  -  Run Local Usage
		Usr 0 00:00:05, Sys 0 00:00:02  -  Total Remote Usage
		Usr 0 00:00:00, Sys 0 00:00:00  -  Total Local Usage
	0  -  Run Bytes Sent By Job
	0  -  Run Bytes Received By Job
	0  -  Total Bytes Sent By Job
	0  -  Total Bytes Received By Job
	Partitionable Resources :    Usage  Request Allocated 
	   Cpus                 :        0        1         1 
	   Disk (KB)            :        2        2   6681235 
	   Memory (MB)          :      152   128192    128256 
	   xferslots            :                           0 

	Job terminated of its own accord at 2025-02-03T02:08:51Z with exit-code 139.
...
