000 (4595843.000.000) 2025-01-28 23:09:14 Job submitted from host: <130.199.48.82:9618?addrs=130.199.48.82-9618&alias=rcas2063.rcf.bnl.gov&noUDP&sock=schedd_23786_1176>
...
001 (4595843.000.000) 2025-01-29 01:30:23 Job executing on host: <130.199.186.93:9618?addrs=130.199.186.93-9618&alias=spool1856.sdcc.bnl.gov&noUDP&sock=startd_8097_b2a1>
...
006 (4595843.000.000) 2025-01-29 01:30:32 Image size of job updated: 236976
	131  -  MemoryUsage of job (MB)
	133924  -  ResidentSetSize of job (KB)
...
006 (4595843.000.000) 2025-01-29 01:30:34 Image size of job updated: 2935524
	131  -  MemoryUsage of job (MB)
	133996  -  ResidentSetSize of job (KB)
...
005 (4595843.000.000) 2025-01-29 01:30:34 Job terminated.
	(1) Normal termination (return value 0)
		Usr 0 00:00:04, Sys 0 00:00:01  -  Run Remote Usage
		Usr 0 00:00:00, Sys 0 00:00:00  -  Run Local Usage
		Usr 0 00:00:04, Sys 0 00:00:01  -  Total Remote Usage
		Usr 0 00:00:00, Sys 0 00:00:00  -  Total Local Usage
	0  -  Run Bytes Sent By Job
	0  -  Run Bytes Received By Job
	0  -  Total Bytes Sent By Job
	0  -  Total Bytes Received By Job
	Partitionable Resources :    Usage  Request Allocated 
	   Cpus                 :                 1         1 
	   Disk (KB)            :        2        2   6681628 
	   Memory (MB)          :      131   128192    128256 
	   xferslots            :                           0 

	Job terminated of its own accord at 2025-01-29T06:30:34Z with exit-code 0.
...
000 (4596864.000.000) 2025-01-30 00:28:08 Job submitted from host: <130.199.48.82:9618?addrs=130.199.48.82-9618&alias=rcas2063.rcf.bnl.gov&noUDP&sock=schedd_23786_1176>
...
001 (4596864.000.000) 2025-01-30 19:19:50 Job executing on host: <130.199.207.221:9618?addrs=130.199.207.221-9618&alias=spool1508.sdcc.bnl.gov&noUDP&sock=startd_22296_8084>
...
006 (4596864.000.000) 2025-01-30 19:19:58 Image size of job updated: 146996
	75  -  MemoryUsage of job (MB)
	75836  -  ResidentSetSize of job (KB)
...
006 (4596864.000.000) 2025-01-30 19:24:58 Image size of job updated: 5050472
	1268  -  MemoryUsage of job (MB)
	1298220  -  ResidentSetSize of job (KB)
...
006 (4596864.000.000) 2025-01-30 19:29:29 Image size of job updated: 9955036
	5104  -  MemoryUsage of job (MB)
	5225720  -  ResidentSetSize of job (KB)
...
006 (4596864.000.000) 2025-01-30 19:29:30 Image size of job updated: 9955036
	5118  -  MemoryUsage of job (MB)
	5239832  -  ResidentSetSize of job (KB)
...
004 (4596864.000.000) 2025-01-30 19:29:30 Job was evicted.
	(0) CPU times
		Usr 0 00:07:35, Sys 0 00:00:49  -  Run Remote Usage
		Usr 0 00:00:00, Sys 0 00:00:00  -  Run Local Usage
	0  -  Run Bytes Sent By Job
	0  -  Run Bytes Received By Job
	Partitionable Resources :    Usage  Request Allocated 
	   Cpus                 :     1.10        1         1 
	   Disk (KB)            :     2           2   6681177 
	   Memory (MB)          :  5118      128192    128256 
	   xferslots            :                           0 
...
009 (4596864.000.000) 2025-01-30 19:29:30 Job was aborted.
	via condor_rm (by user sgross)

	Job terminated by <130.199.48.82:36194> at 2025-01-31T00:29:29Z (using method 1: DEACTIVATE_CLAIM).
...
000 (4598068.000.000) 2025-02-02 20:59:49 Job submitted from host: <130.199.48.82:9618?addrs=130.199.48.82-9618&alias=rcas2063.rcf.bnl.gov&noUDP&sock=schedd_23786_1176>
...
001 (4598068.000.000) 2025-02-02 21:06:16 Job executing on host: <130.199.150.92:9618?addrs=130.199.150.92-9618&alias=spool1573.sdcc.bnl.gov&noUDP&sock=startd_49429_c105>
...
006 (4598068.000.000) 2025-02-02 21:06:25 Image size of job updated: 291300
	170  -  MemoryUsage of job (MB)
	173304  -  ResidentSetSize of job (KB)
...
006 (4598068.000.000) 2025-02-02 21:06:28 Image size of job updated: 291388
	170  -  MemoryUsage of job (MB)
	173344  -  ResidentSetSize of job (KB)
...
005 (4598068.000.000) 2025-02-02 21:06:28 Job terminated.
	(1) Normal termination (return value 139)
		Usr 0 00:00:06, Sys 0 00:00:02  -  Run Remote Usage
		Usr 0 00:00:00, Sys 0 00:00:00  -  Run Local Usage
		Usr 0 00:00:06, Sys 0 00:00:02  -  Total Remote Usage
		Usr 0 00:00:00, Sys 0 00:00:00  -  Total Local Usage
	0  -  Run Bytes Sent By Job
	0  -  Run Bytes Received By Job
	0  -  Total Bytes Sent By Job
	0  -  Total Bytes Received By Job
	Partitionable Resources :    Usage  Request Allocated 
	   Cpus                 :                 1         1 
	   Disk (KB)            :        2        2   6681240 
	   Memory (MB)          :      170   128192    128256 
	   xferslots            :                           0 

	Job terminated of its own accord at 2025-02-03T02:06:28Z with exit-code 139.
...
000 (4607785.000.000) 2025-02-03 00:29:20 Job submitted from host: <130.199.48.82:9618?addrs=130.199.48.82-9618&alias=rcas2063.rcf.bnl.gov&noUDP&sock=schedd_23786_1176>
...
