000 (4595698.000.000) 2025-01-28 23:09:03 Job submitted from host: <130.199.48.82:9618?addrs=130.199.48.82-9618&alias=rcas2063.rcf.bnl.gov&noUDP&sock=schedd_23786_1176>
...
001 (4595698.000.000) 2025-01-29 01:27:58 Job executing on host: <130.199.186.10:9618?addrs=130.199.186.10-9618&alias=spool1807.sdcc.bnl.gov&noUDP&sock=startd_68265_1c36>
...
006 (4595698.000.000) 2025-01-29 01:28:06 Image size of job updated: 298416
	76  -  MemoryUsage of job (MB)
	77540  -  ResidentSetSize of job (KB)
...
005 (4595698.000.000) 2025-01-29 01:28:15 Job terminated.
	(1) Normal termination (return value 0)
		Usr 0 00:00:04, Sys 0 00:00:02  -  Run Remote Usage
		Usr 0 00:00:00, Sys 0 00:00:00  -  Run Local Usage
		Usr 0 00:00:04, Sys 0 00:00:02  -  Total Remote Usage
		Usr 0 00:00:00, Sys 0 00:00:00  -  Total Local Usage
	0  -  Run Bytes Sent By Job
	0  -  Run Bytes Received By Job
	0  -  Total Bytes Sent By Job
	0  -  Total Bytes Received By Job
	Partitionable Resources :    Usage  Request Allocated 
	   Cpus                 :                 1         1 
	   Disk (KB)            :        2        2   6681630 
	   Memory (MB)          :       76   128192    128256 
	   xferslots            :                           0 

	Job terminated of its own accord at 2025-01-29T06:28:15Z with exit-code 0.
...
000 (4596719.000.000) 2025-01-30 00:27:54 Job submitted from host: <130.199.48.82:9618?addrs=130.199.48.82-9618&alias=rcas2063.rcf.bnl.gov&noUDP&sock=schedd_23786_1176>
...
001 (4596719.000.000) 2025-01-30 17:44:31 Job executing on host: <130.199.150.77:9618?addrs=130.199.150.77-9618&alias=spool1558.sdcc.bnl.gov&noUDP&sock=startd_18961_0441>
...
006 (4596719.000.000) 2025-01-30 17:44:40 Image size of job updated: 333332
	66  -  MemoryUsage of job (MB)
	67316  -  ResidentSetSize of job (KB)
...
006 (4596719.000.000) 2025-01-30 17:49:41 Image size of job updated: 4745244
	426  -  MemoryUsage of job (MB)
	435892  -  ResidentSetSize of job (KB)
...
006 (4596719.000.000) 2025-01-30 17:54:41 Image size of job updated: 6771344
	3696  -  MemoryUsage of job (MB)
	3784512  -  ResidentSetSize of job (KB)
...
006 (4596719.000.000) 2025-01-30 17:59:41 Image size of job updated: 9440444
	5802  -  MemoryUsage of job (MB)
	5940624  -  ResidentSetSize of job (KB)
...
006 (4596719.000.000) 2025-01-30 18:04:43 Image size of job updated: 12952832
	8584  -  MemoryUsage of job (MB)
	8789664  -  ResidentSetSize of job (KB)
...
006 (4596719.000.000) 2025-01-30 18:09:43 Image size of job updated: 16815060
	12072  -  MemoryUsage of job (MB)
	12360928  -  ResidentSetSize of job (KB)
...
006 (4596719.000.000) 2025-01-30 18:14:43 Image size of job updated: 19093948
	15771  -  MemoryUsage of job (MB)
	16149196  -  ResidentSetSize of job (KB)
...
006 (4596719.000.000) 2025-01-30 18:19:44 Image size of job updated: 22507900
	19010  -  MemoryUsage of job (MB)
	19465240  -  ResidentSetSize of job (KB)
...
006 (4596719.000.000) 2025-01-30 18:24:45 Image size of job updated: 25421708
	21833  -  MemoryUsage of job (MB)
	22356624  -  ResidentSetSize of job (KB)
...
006 (4596719.000.000) 2025-01-30 18:29:45 Image size of job updated: 30320472
	25187  -  MemoryUsage of job (MB)
	25790504  -  ResidentSetSize of job (KB)
...
006 (4596719.000.000) 2025-01-30 18:34:46 Image size of job updated: 32878012
	28822  -  MemoryUsage of job (MB)
	29513504  -  ResidentSetSize of job (KB)
...
006 (4596719.000.000) 2025-01-30 18:39:47 Image size of job updated: 36116632
	32083  -  MemoryUsage of job (MB)
	32852668  -  ResidentSetSize of job (KB)
...
006 (4596719.000.000) 2025-01-30 18:44:47 Image size of job updated: 39003032
	35145  -  MemoryUsage of job (MB)
	35988216  -  ResidentSetSize of job (KB)
...
006 (4596719.000.000) 2025-01-30 18:49:47 Image size of job updated: 42622276
	38238  -  MemoryUsage of job (MB)
	39155200  -  ResidentSetSize of job (KB)
...
006 (4596719.000.000) 2025-01-30 18:54:48 Image size of job updated: 46388104
	41712  -  MemoryUsage of job (MB)
	42712400  -  ResidentSetSize of job (KB)
...
006 (4596719.000.000) 2025-01-30 18:59:48 Image size of job updated: 50675340
	45350  -  MemoryUsage of job (MB)
	46437608  -  ResidentSetSize of job (KB)
...
006 (4596719.000.000) 2025-01-30 19:04:48 Image size of job updated: 54262792
	49069  -  MemoryUsage of job (MB)
	50246480  -  ResidentSetSize of job (KB)
...
006 (4596719.000.000) 2025-01-30 19:09:49 Image size of job updated: 57811720
	52905  -  MemoryUsage of job (MB)
	54174320  -  ResidentSetSize of job (KB)
...
006 (4596719.000.000) 2025-01-30 19:14:50 Image size of job updated: 61054268
	56612  -  MemoryUsage of job (MB)
	57969700  -  ResidentSetSize of job (KB)
...
006 (4596719.000.000) 2025-01-30 19:19:50 Image size of job updated: 64278332
	59877  -  MemoryUsage of job (MB)
	61313864  -  ResidentSetSize of job (KB)
...
006 (4596719.000.000) 2025-01-30 19:21:33 Image size of job updated: 66117248
	59877  -  MemoryUsage of job (MB)
	61313864  -  ResidentSetSize of job (KB)
...
005 (4596719.000.000) 2025-01-30 19:21:34 Job terminated.
	(1) Normal termination (return value 0)
		Usr 0 01:31:43, Sys 0 00:09:32  -  Run Remote Usage
		Usr 0 00:00:00, Sys 0 00:00:00  -  Run Local Usage
		Usr 0 01:31:43, Sys 0 00:09:32  -  Total Remote Usage
		Usr 0 00:00:00, Sys 0 00:00:00  -  Total Local Usage
	0  -  Run Bytes Sent By Job
	0  -  Run Bytes Received By Job
	0  -  Total Bytes Sent By Job
	0  -  Total Bytes Received By Job
	Partitionable Resources :    Usage  Request Allocated 
	   Cpus                 :     1.05        1         1 
	   Disk (KB)            :     2           2   6681238 
	   Memory (MB)          : 59877      128192    128256 
	   xferslots            :                           0 

	Job terminated of its own accord at 2025-01-31T00:21:33Z with exit-code 0.
...
000 (4597923.000.000) 2025-02-02 20:59:32 Job submitted from host: <130.199.48.82:9618?addrs=130.199.48.82-9618&alias=rcas2063.rcf.bnl.gov&noUDP&sock=schedd_23786_1176>
...
001 (4597923.000.000) 2025-02-02 21:06:02 Job executing on host: <130.199.184.214:9618?addrs=130.199.184.214-9618&alias=spool1789.sdcc.bnl.gov&noUDP&sock=startd_37765_3ec7>
...
006 (4597923.000.000) 2025-02-02 21:06:11 Image size of job updated: 612660
	0  -  MemoryUsage of job (MB)
	0  -  ResidentSetSize of job (KB)
...
005 (4597923.000.000) 2025-02-02 21:06:11 Job terminated.
	(1) Normal termination (return value 139)
		Usr 0 00:00:05, Sys 0 00:00:01  -  Run Remote Usage
		Usr 0 00:00:00, Sys 0 00:00:00  -  Run Local Usage
		Usr 0 00:00:05, Sys 0 00:00:01  -  Total Remote Usage
		Usr 0 00:00:00, Sys 0 00:00:00  -  Total Local Usage
	0  -  Run Bytes Sent By Job
	0  -  Run Bytes Received By Job
	0  -  Total Bytes Sent By Job
	0  -  Total Bytes Received By Job
	Partitionable Resources :    Usage  Request Allocated 
	   Cpus                 :                 1         1 
	   Disk (KB)            :        2        2   6681621 
	   Memory (MB)          :        0   128192    128256 
	   xferslots            :                           0 

	Job terminated of its own accord at 2025-02-03T02:06:11Z with exit-code 139.
...
000 (4607640.000.000) 2025-02-03 00:29:04 Job submitted from host: <130.199.48.82:9618?addrs=130.199.48.82-9618&alias=rcas2063.rcf.bnl.gov&noUDP&sock=schedd_23786_1176>
...
