000 (4601418.000.000) 2025-02-02 21:05:50 Job submitted from host: <130.199.48.82:9618?addrs=130.199.48.82-9618&alias=rcas2063.rcf.bnl.gov&noUDP&sock=schedd_23786_1176>
...
001 (4601418.000.000) 2025-02-02 21:10:41 Job executing on host: <130.199.150.69:9618?addrs=130.199.150.69-9618&alias=spool1550.sdcc.bnl.gov&noUDP&sock=startd_69413_700d>
...
006 (4601418.000.000) 2025-02-02 21:10:49 Image size of job updated: 574084
	168  -  MemoryUsage of job (MB)
	171632  -  ResidentSetSize of job (KB)
...
006 (4601418.000.000) 2025-02-02 21:10:51 Image size of job updated: 574084
	168  -  MemoryUsage of job (MB)
	171648  -  ResidentSetSize of job (KB)
...
005 (4601418.000.000) 2025-02-02 21:10:51 Job terminated.
	(1) Normal termination (return value 139)
		Usr 0 00:00:05, Sys 0 00:00:01  -  Run Remote Usage
		Usr 0 00:00:00, Sys 0 00:00:00  -  Run Local Usage
		Usr 0 00:00:05, Sys 0 00:00:01  -  Total Remote Usage
		Usr 0 00:00:00, Sys 0 00:00:00  -  Total Local Usage
	0  -  Run Bytes Sent By Job
	0  -  Run Bytes Received By Job
	0  -  Total Bytes Sent By Job
	0  -  Total Bytes Received By Job
	Partitionable Resources :    Usage  Request Allocated 
	   Cpus                 :                 1         1 
	   Disk (KB)            :        2        2   6681237 
	   Memory (MB)          :      168   128192    128256 
	   xferslots            :                           0 

	Job terminated of its own accord at 2025-02-03T02:10:51Z with exit-code 139.
...
