000 (4595744.000.000) 2025-01-28 23:09:06 Job submitted from host: <130.199.48.82:9618?addrs=130.199.48.82-9618&alias=rcas2063.rcf.bnl.gov&noUDP&sock=schedd_23786_1176>
...
001 (4595744.000.000) 2025-01-29 01:28:42 Job executing on host: <130.199.186.10:9618?addrs=130.199.186.10-9618&alias=spool1807.sdcc.bnl.gov&noUDP&sock=startd_68265_1c36>
...
006 (4595744.000.000) 2025-01-29 01:28:51 Image size of job updated: 571416
	118  -  MemoryUsage of job (MB)
	120828  -  ResidentSetSize of job (KB)
...
006 (4595744.000.000) 2025-01-29 01:28:54 Image size of job updated: 571416
	119  -  MemoryUsage of job (MB)
	120848  -  ResidentSetSize of job (KB)
...
005 (4595744.000.000) 2025-01-29 01:28:54 Job terminated.
	(1) Normal termination (return value 0)
		Usr 0 00:00:03, Sys 0 00:00:02  -  Run Remote Usage
		Usr 0 00:00:00, Sys 0 00:00:00  -  Run Local Usage
		Usr 0 00:00:03, Sys 0 00:00:02  -  Total Remote Usage
		Usr 0 00:00:00, Sys 0 00:00:00  -  Total Local Usage
	0  -  Run Bytes Sent By Job
	0  -  Run Bytes Received By Job
	0  -  Total Bytes Sent By Job
	0  -  Total Bytes Received By Job
	Partitionable Resources :    Usage  Request Allocated 
	   Cpus                 :                 1         1 
	   Disk (KB)            :        2        2   6681630 
	   Memory (MB)          :      119   128192    128256 
	   xferslots            :                           0 

	Job terminated of its own accord at 2025-01-29T06:28:54Z with exit-code 0.
...
000 (4596765.000.000) 2025-01-30 00:27:59 Job submitted from host: <130.199.48.82:9618?addrs=130.199.48.82-9618&alias=rcas2063.rcf.bnl.gov&noUDP&sock=schedd_23786_1176>
...
001 (4596765.000.000) 2025-01-30 18:18:08 Job executing on host: <130.199.186.80:9618?addrs=130.199.186.80-9618&alias=spool1843.sdcc.bnl.gov&noUDP&sock=startd_11487_9708>
...
006 (4596765.000.000) 2025-01-30 18:18:16 Image size of job updated: 56520
	34  -  MemoryUsage of job (MB)
	33872  -  ResidentSetSize of job (KB)
...
006 (4596765.000.000) 2025-01-30 18:23:16 Image size of job updated: 5052300
	873  -  MemoryUsage of job (MB)
	893052  -  ResidentSetSize of job (KB)
...
006 (4596765.000.000) 2025-01-30 18:28:16 Image size of job updated: 7769100
	4186  -  MemoryUsage of job (MB)
	4285648  -  ResidentSetSize of job (KB)
...
006 (4596765.000.000) 2025-01-30 18:33:17 Image size of job updated: 9809528
	5961  -  MemoryUsage of job (MB)
	6103932  -  ResidentSetSize of job (KB)
...
006 (4596765.000.000) 2025-01-30 18:38:17 Image size of job updated: 13961428
	9492  -  MemoryUsage of job (MB)
	9719504  -  ResidentSetSize of job (KB)
...
006 (4596765.000.000) 2025-01-30 18:43:17 Image size of job updated: 15050016
	11682  -  MemoryUsage of job (MB)
	11961408  -  ResidentSetSize of job (KB)
...
006 (4596765.000.000) 2025-01-30 18:48:18 Image size of job updated: 18964404
	14310  -  MemoryUsage of job (MB)
	14652724  -  ResidentSetSize of job (KB)
...
006 (4596765.000.000) 2025-01-30 18:53:18 Image size of job updated: 22275272
	18061  -  MemoryUsage of job (MB)
	18494016  -  ResidentSetSize of job (KB)
...
006 (4596765.000.000) 2025-01-30 18:58:18 Image size of job updated: 23823148
	20357  -  MemoryUsage of job (MB)
	20845160  -  ResidentSetSize of job (KB)
...
006 (4596765.000.000) 2025-01-30 19:03:20 Image size of job updated: 27191036
	23050  -  MemoryUsage of job (MB)
	23602460  -  ResidentSetSize of job (KB)
...
006 (4596765.000.000) 2025-01-30 19:08:20 Image size of job updated: 31308660
	26240  -  MemoryUsage of job (MB)
	26869384  -  ResidentSetSize of job (KB)
...
006 (4596765.000.000) 2025-01-30 19:13:21 Image size of job updated: 33512428
	29660  -  MemoryUsage of job (MB)
	30371452  -  ResidentSetSize of job (KB)
...
006 (4596765.000.000) 2025-01-30 19:18:22 Image size of job updated: 36485224
	32632  -  MemoryUsage of job (MB)
	33414324  -  ResidentSetSize of job (KB)
...
006 (4596765.000.000) 2025-01-30 19:23:22 Image size of job updated: 40517444
	35514  -  MemoryUsage of job (MB)
	36365364  -  ResidentSetSize of job (KB)
...
006 (4596765.000.000) 2025-01-30 19:28:23 Image size of job updated: 43594312
	39475  -  MemoryUsage of job (MB)
	40421420  -  ResidentSetSize of job (KB)
...
006 (4596765.000.000) 2025-01-30 19:29:34 Image size of job updated: 45030712
	39663  -  MemoryUsage of job (MB)
	40614340  -  ResidentSetSize of job (KB)
...
006 (4596765.000.000) 2025-01-30 19:29:34 Image size of job updated: 45030712
	39665  -  MemoryUsage of job (MB)
	40616712  -  ResidentSetSize of job (KB)
...
004 (4596765.000.000) 2025-01-30 19:29:34 Job was evicted.
	(0) CPU times
		Usr 0 01:02:22, Sys 0 00:07:18  -  Run Remote Usage
		Usr 0 00:00:00, Sys 0 00:00:00  -  Run Local Usage
	0  -  Run Bytes Sent By Job
	0  -  Run Bytes Received By Job
	Partitionable Resources :    Usage  Request Allocated 
	   Cpus                 :     1.32        1         1 
	   Disk (KB)            :     2           2   6681630 
	   Memory (MB)          : 39665      128192    128256 
	   xferslots            :                           0 
...
009 (4596765.000.000) 2025-01-30 19:29:34 Job was aborted.
	via condor_rm (by user sgross)

	Job terminated by <130.199.48.82:45693> at 2025-01-31T00:29:34Z (using method 1: DEACTIVATE_CLAIM).
...
000 (4597969.000.000) 2025-02-02 20:59:37 Job submitted from host: <130.199.48.82:9618?addrs=130.199.48.82-9618&alias=rcas2063.rcf.bnl.gov&noUDP&sock=schedd_23786_1176>
...
001 (4597969.000.000) 2025-02-02 21:06:07 Job executing on host: <130.199.186.68:9618?addrs=130.199.186.68-9618&alias=spool1831.sdcc.bnl.gov&noUDP&sock=startd_55842_6335>
...
006 (4597969.000.000) 2025-02-02 21:06:16 Image size of job updated: 298152
	88  -  MemoryUsage of job (MB)
	89488  -  ResidentSetSize of job (KB)
...
005 (4597969.000.000) 2025-02-02 21:06:23 Job terminated.
	(1) Normal termination (return value 139)
		Usr 0 00:00:06, Sys 0 00:00:03  -  Run Remote Usage
		Usr 0 00:00:00, Sys 0 00:00:00  -  Run Local Usage
		Usr 0 00:00:06, Sys 0 00:00:03  -  Total Remote Usage
		Usr 0 00:00:00, Sys 0 00:00:00  -  Total Local Usage
	0  -  Run Bytes Sent By Job
	0  -  Run Bytes Received By Job
	0  -  Total Bytes Sent By Job
	0  -  Total Bytes Received By Job
	Partitionable Resources :    Usage  Request Allocated 
	   Cpus                 :                 1         1 
	   Disk (KB)            :        2        2   6681625 
	   Memory (MB)          :       88   128192    128256 
	   xferslots            :                           0 

	Job terminated of its own accord at 2025-02-03T02:06:23Z with exit-code 139.
...
000 (4607686.000.000) 2025-02-03 00:29:09 Job submitted from host: <130.199.48.82:9618?addrs=130.199.48.82-9618&alias=rcas2063.rcf.bnl.gov&noUDP&sock=schedd_23786_1176>
...
