000 (4595834.000.000) 2025-01-28 23:09:14 Job submitted from host: <130.199.48.82:9618?addrs=130.199.48.82-9618&alias=rcas2063.rcf.bnl.gov&noUDP&sock=schedd_23786_1176>
...
001 (4595834.000.000) 2025-01-29 01:30:13 Job executing on host: <130.199.186.28:9618?addrs=130.199.186.28-9618&alias=spool1825.sdcc.bnl.gov&noUDP&sock=startd_62164_3881>
...
006 (4595834.000.000) 2025-01-29 01:30:22 Image size of job updated: 154928
	86  -  MemoryUsage of job (MB)
	87948  -  ResidentSetSize of job (KB)
...
006 (4595834.000.000) 2025-01-29 01:30:28 Image size of job updated: 2919648
	86  -  MemoryUsage of job (MB)
	87948  -  ResidentSetSize of job (KB)
...
005 (4595834.000.000) 2025-01-29 01:30:28 Job terminated.
	(1) Normal termination (return value 0)
		Usr 0 00:00:04, Sys 0 00:00:01  -  Run Remote Usage
		Usr 0 00:00:00, Sys 0 00:00:00  -  Run Local Usage
		Usr 0 00:00:04, Sys 0 00:00:01  -  Total Remote Usage
		Usr 0 00:00:00, Sys 0 00:00:00  -  Total Local Usage
	0  -  Run Bytes Sent By Job
	0  -  Run Bytes Received By Job
	0  -  Total Bytes Sent By Job
	0  -  Total Bytes Received By Job
	Partitionable Resources :    Usage  Request Allocated 
	   Cpus                 :                 1         1 
	   Disk (KB)            :        2        2   6681629 
	   Memory (MB)          :       86   128192    128256 
	   xferslots            :                           0 

	Job terminated of its own accord at 2025-01-29T06:30:28Z with exit-code 0.
...
000 (4596855.000.000) 2025-01-30 00:28:08 Job submitted from host: <130.199.48.82:9618?addrs=130.199.48.82-9618&alias=rcas2063.rcf.bnl.gov&noUDP&sock=schedd_23786_1176>
...
001 (4596855.000.000) 2025-01-30 19:15:05 Job executing on host: <130.199.150.66:9618?addrs=130.199.150.66-9618&alias=spool1547.sdcc.bnl.gov&noUDP&sock=startd_39523_a14a>
...
006 (4596855.000.000) 2025-01-30 19:15:13 Image size of job updated: 569860
	86  -  MemoryUsage of job (MB)
	87940  -  ResidentSetSize of job (KB)
...
006 (4596855.000.000) 2025-01-30 19:20:13 Image size of job updated: 5192268
	752  -  MemoryUsage of job (MB)
	769280  -  ResidentSetSize of job (KB)
...
006 (4596855.000.000) 2025-01-30 19:25:14 Image size of job updated: 8121840
	4532  -  MemoryUsage of job (MB)
	4640224  -  ResidentSetSize of job (KB)
...
006 (4596855.000.000) 2025-01-30 19:29:28 Image size of job updated: 10126532
	6819  -  MemoryUsage of job (MB)
	6981836  -  ResidentSetSize of job (KB)
...
006 (4596855.000.000) 2025-01-30 19:29:28 Image size of job updated: 10146808
	6825  -  MemoryUsage of job (MB)
	6987980  -  ResidentSetSize of job (KB)
...
004 (4596855.000.000) 2025-01-30 19:29:28 Job was evicted.
	(0) CPU times
		Usr 0 00:11:26, Sys 0 00:01:24  -  Run Remote Usage
		Usr 0 00:00:00, Sys 0 00:00:00  -  Run Local Usage
	0  -  Run Bytes Sent By Job
	0  -  Run Bytes Received By Job
	Partitionable Resources :    Usage  Request Allocated 
	   Cpus                 :     1.42        1         1 
	   Disk (KB)            :     2           2   6681236 
	   Memory (MB)          :  6825      128192    128256 
	   xferslots            :                           0 
...
009 (4596855.000.000) 2025-01-30 19:29:29 Job was aborted.
	via condor_rm (by user sgross)

	Job terminated by <130.199.48.82:43638> at 2025-01-31T00:29:28Z (using method 1: DEACTIVATE_CLAIM).
...
000 (4598059.000.000) 2025-02-02 20:59:47 Job submitted from host: <130.199.48.82:9618?addrs=130.199.48.82-9618&alias=rcas2063.rcf.bnl.gov&noUDP&sock=schedd_23786_1176>
...
001 (4598059.000.000) 2025-02-02 21:06:15 Job executing on host: <130.199.151.21:9618?addrs=130.199.151.21-9618&alias=spool1599.sdcc.bnl.gov&noUDP&sock=startd_65000_c767>
...
006 (4598059.000.000) 2025-02-02 21:06:23 Image size of job updated: 470120
	336  -  MemoryUsage of job (MB)
	343340  -  ResidentSetSize of job (KB)
...
005 (4598059.000.000) 2025-02-02 21:06:23 Job terminated.
	(1) Normal termination (return value 139)
		Usr 0 00:00:05, Sys 0 00:00:01  -  Run Remote Usage
		Usr 0 00:00:00, Sys 0 00:00:00  -  Run Local Usage
		Usr 0 00:00:05, Sys 0 00:00:01  -  Total Remote Usage
		Usr 0 00:00:00, Sys 0 00:00:00  -  Total Local Usage
	0  -  Run Bytes Sent By Job
	0  -  Run Bytes Received By Job
	0  -  Total Bytes Sent By Job
	0  -  Total Bytes Received By Job
	Partitionable Resources :    Usage  Request Allocated 
	   Cpus                 :                 1         1 
	   Disk (KB)            :        2        2   6681177 
	   Memory (MB)          :      336   128192    128256 
	   xferslots            :                           0 

	Job terminated of its own accord at 2025-02-03T02:06:23Z with exit-code 139.
...
000 (4607776.000.000) 2025-02-03 00:29:20 Job submitted from host: <130.199.48.82:9618?addrs=130.199.48.82-9618&alias=rcas2063.rcf.bnl.gov&noUDP&sock=schedd_23786_1176>
...
