000 (4599158.000.000) 2025-02-02 21:01:44 Job submitted from host: <130.199.48.82:9618?addrs=130.199.48.82-9618&alias=rcas2063.rcf.bnl.gov&noUDP&sock=schedd_23786_1176>
...
001 (4599158.000.000) 2025-02-02 21:07:45 Job executing on host: <130.199.150.75:9618?addrs=130.199.150.75-9618&alias=spool1556.sdcc.bnl.gov&noUDP&sock=startd_64048_7ba1>
...
006 (4599158.000.000) 2025-02-02 21:07:53 Image size of job updated: 282748
	164  -  MemoryUsage of job (MB)
	167536  -  ResidentSetSize of job (KB)
...
006 (4599158.000.000) 2025-02-02 21:07:56 Image size of job updated: 468548
	168  -  MemoryUsage of job (MB)
	171496  -  ResidentSetSize of job (KB)
...
005 (4599158.000.000) 2025-02-02 21:07:57 Job terminated.
	(1) Normal termination (return value 139)
		Usr 0 00:00:06, Sys 0 00:00:02  -  Run Remote Usage
		Usr 0 00:00:00, Sys 0 00:00:00  -  Run Local Usage
		Usr 0 00:00:06, Sys 0 00:00:02  -  Total Remote Usage
		Usr 0 00:00:00, Sys 0 00:00:00  -  Total Local Usage
	0  -  Run Bytes Sent By Job
	0  -  Run Bytes Received By Job
	0  -  Total Bytes Sent By Job
	0  -  Total Bytes Received By Job
	Partitionable Resources :    Usage  Request Allocated 
	   Cpus                 :                 1         1 
	   Disk (KB)            :        2        2   6681223 
	   Memory (MB)          :      168   128192    128256 
	   xferslots            :                           0 

	Job terminated of its own accord at 2025-02-03T02:07:56Z with exit-code 139.
...
