000 (4595854.000.000) 2025-01-28 23:09:15 Job submitted from host: <130.199.48.82:9618?addrs=130.199.48.82-9618&alias=rcas2063.rcf.bnl.gov&noUDP&sock=schedd_23786_1176>
...
001 (4595854.000.000) 2025-01-29 01:30:38 Job executing on host: <130.199.186.21:9618?addrs=130.199.186.21-9618&alias=spool1818.sdcc.bnl.gov&noUDP&sock=startd_15937_f573>
...
006 (4595854.000.000) 2025-01-29 01:30:46 Image size of job updated: 327956
	121  -  MemoryUsage of job (MB)
	123112  -  ResidentSetSize of job (KB)
...
005 (4595854.000.000) 2025-01-29 01:30:48 Job terminated.
	(1) Normal termination (return value 0)
		Usr 0 00:00:04, Sys 0 00:00:01  -  Run Remote Usage
		Usr 0 00:00:00, Sys 0 00:00:00  -  Run Local Usage
		Usr 0 00:00:04, Sys 0 00:00:01  -  Total Remote Usage
		Usr 0 00:00:00, Sys 0 00:00:00  -  Total Local Usage
	0  -  Run Bytes Sent By Job
	0  -  Run Bytes Received By Job
	0  -  Total Bytes Sent By Job
	0  -  Total Bytes Received By Job
	Partitionable Resources :    Usage  Request Allocated 
	   Cpus                 :                 1         1 
	   Disk (KB)            :        2        2   6681615 
	   Memory (MB)          :      121   128192    128256 
	   xferslots            :                           0 

	Job terminated of its own accord at 2025-01-29T06:30:47Z with exit-code 0.
...
000 (4596875.000.000) 2025-01-30 00:28:10 Job submitted from host: <130.199.48.82:9618?addrs=130.199.48.82-9618&alias=rcas2063.rcf.bnl.gov&noUDP&sock=schedd_23786_1176>
...
001 (4596875.000.000) 2025-01-30 19:25:50 Job executing on host: <130.199.184.153:9618?addrs=130.199.184.153-9618&alias=spool1762.sdcc.bnl.gov&noUDP&sock=startd_50639_b426>
...
006 (4596875.000.000) 2025-01-30 19:25:59 Image size of job updated: 152688
	82  -  MemoryUsage of job (MB)
	83532  -  ResidentSetSize of job (KB)
...
006 (4596875.000.000) 2025-01-30 19:29:31 Image size of job updated: 5086968
	948  -  MemoryUsage of job (MB)
	970648  -  ResidentSetSize of job (KB)
...
004 (4596875.000.000) 2025-01-30 19:29:32 Job was evicted.
	(0) CPU times
		Usr 0 00:02:26, Sys 0 00:00:18  -  Run Remote Usage
		Usr 0 00:00:00, Sys 0 00:00:00  -  Run Local Usage
	0  -  Run Bytes Sent By Job
	0  -  Run Bytes Received By Job
	Partitionable Resources :    Usage  Request Allocated 
	   Cpus                 :                 1         1 
	   Disk (KB)            :        2        2   6681619 
	   Memory (MB)          :      948   128192    128256 
	   xferslots            :                           0 
...
009 (4596875.000.000) 2025-01-30 19:29:32 Job was aborted.
	via condor_rm (by user sgross)

	Job terminated by <130.199.48.82:44211> at 2025-01-31T00:29:31Z (using method 1: DEACTIVATE_CLAIM).
...
000 (4598079.000.000) 2025-02-02 20:59:50 Job submitted from host: <130.199.48.82:9618?addrs=130.199.48.82-9618&alias=rcas2063.rcf.bnl.gov&noUDP&sock=schedd_23786_1176>
...
001 (4598079.000.000) 2025-02-02 21:06:17 Job executing on host: <130.199.184.154:9618?addrs=130.199.184.154-9618&alias=spool1763.sdcc.bnl.gov&noUDP&sock=startd_44130_aff8>
...
006 (4598079.000.000) 2025-02-02 21:06:26 Image size of job updated: 477296
	334  -  MemoryUsage of job (MB)
	341564  -  ResidentSetSize of job (KB)
...
005 (4598079.000.000) 2025-02-02 21:06:27 Job terminated.
	(1) Normal termination (return value 139)
		Usr 0 00:00:06, Sys 0 00:00:02  -  Run Remote Usage
		Usr 0 00:00:00, Sys 0 00:00:00  -  Run Local Usage
		Usr 0 00:00:06, Sys 0 00:00:02  -  Total Remote Usage
		Usr 0 00:00:00, Sys 0 00:00:00  -  Total Local Usage
	0  -  Run Bytes Sent By Job
	0  -  Run Bytes Received By Job
	0  -  Total Bytes Sent By Job
	0  -  Total Bytes Received By Job
	Partitionable Resources :    Usage  Request Allocated 
	   Cpus                 :                 1         1 
	   Disk (KB)            :        2        2   6681628 
	   Memory (MB)          :      334   128192    128256 
	   xferslots            :                           0 

	Job terminated of its own accord at 2025-02-03T02:06:27Z with exit-code 139.
...
000 (4607796.000.000) 2025-02-03 00:29:22 Job submitted from host: <130.199.48.82:9618?addrs=130.199.48.82-9618&alias=rcas2063.rcf.bnl.gov&noUDP&sock=schedd_23786_1176>
...
