000 (4595511.000.000) 2025-01-28 23:08:48 Job submitted from host: <130.199.48.82:9618?addrs=130.199.48.82-9618&alias=rcas2063.rcf.bnl.gov&noUDP&sock=schedd_23786_1176>
...
001 (4595511.000.000) 2025-01-29 01:24:36 Job executing on host: <130.199.184.217:9618?addrs=130.199.184.217-9618&alias=spool1792.sdcc.bnl.gov&noUDP&sock=startd_72049_b2cc>
...
006 (4595511.000.000) 2025-01-29 01:24:45 Image size of job updated: 615936
	137  -  MemoryUsage of job (MB)
	139540  -  ResidentSetSize of job (KB)
...
006 (4595511.000.000) 2025-01-29 01:24:46 Image size of job updated: 615936
	137  -  MemoryUsage of job (MB)
	139556  -  ResidentSetSize of job (KB)
...
005 (4595511.000.000) 2025-01-29 01:24:46 Job terminated.
	(1) Normal termination (return value 0)
		Usr 0 00:00:04, Sys 0 00:00:01  -  Run Remote Usage
		Usr 0 00:00:00, Sys 0 00:00:00  -  Run Local Usage
		Usr 0 00:00:04, Sys 0 00:00:01  -  Total Remote Usage
		Usr 0 00:00:00, Sys 0 00:00:00  -  Total Local Usage
	0  -  Run Bytes Sent By Job
	0  -  Run Bytes Received By Job
	0  -  Total Bytes Sent By Job
	0  -  Total Bytes Received By Job
	Partitionable Resources :    Usage  Request Allocated 
	   Cpus                 :                 1         1 
	   Disk (KB)            :        2        2   6681623 
	   Memory (MB)          :      137   128192    128256 
	   xferslots            :                           0 

	Job terminated of its own accord at 2025-01-29T06:24:46Z with exit-code 0.
...
000 (4596532.000.000) 2025-01-30 00:27:36 Job submitted from host: <130.199.48.82:9618?addrs=130.199.48.82-9618&alias=rcas2063.rcf.bnl.gov&noUDP&sock=schedd_23786_1176>
...
001 (4596532.000.000) 2025-01-30 15:44:51 Job executing on host: <130.199.150.67:9618?addrs=130.199.150.67-9618&alias=spool1548.sdcc.bnl.gov&noUDP&sock=startd_28485_3e0d>
...
006 (4596532.000.000) 2025-01-30 15:45:00 Image size of job updated: 79328
	40  -  MemoryUsage of job (MB)
	40428  -  ResidentSetSize of job (KB)
...
006 (4596532.000.000) 2025-01-30 15:50:01 Image size of job updated: 4924616
	365  -  MemoryUsage of job (MB)
	373248  -  ResidentSetSize of job (KB)
...
006 (4596532.000.000) 2025-01-30 15:55:02 Image size of job updated: 5354268
	2210  -  MemoryUsage of job (MB)
	2262404  -  ResidentSetSize of job (KB)
...
006 (4596532.000.000) 2025-01-30 16:00:02 Image size of job updated: 8714340
	4805  -  MemoryUsage of job (MB)
	4919612  -  ResidentSetSize of job (KB)
...
006 (4596532.000.000) 2025-01-30 16:05:03 Image size of job updated: 10864916
	7537  -  MemoryUsage of job (MB)
	7717872  -  ResidentSetSize of job (KB)
...
006 (4596532.000.000) 2025-01-30 16:10:04 Image size of job updated: 13805196
	9288  -  MemoryUsage of job (MB)
	9510136  -  ResidentSetSize of job (KB)
...
006 (4596532.000.000) 2025-01-30 16:15:04 Image size of job updated: 15622824
	12186  -  MemoryUsage of job (MB)
	12477908  -  ResidentSetSize of job (KB)
...
006 (4596532.000.000) 2025-01-30 16:20:04 Image size of job updated: 18779448
	14101  -  MemoryUsage of job (MB)
	14438588  -  ResidentSetSize of job (KB)
...
006 (4596532.000.000) 2025-01-30 16:25:05 Image size of job updated: 20526412
	16943  -  MemoryUsage of job (MB)
	17349104  -  ResidentSetSize of job (KB)
...
006 (4596532.000.000) 2025-01-30 16:30:05 Image size of job updated: 23520576
	18710  -  MemoryUsage of job (MB)
	19158456  -  ResidentSetSize of job (KB)
...
006 (4596532.000.000) 2025-01-30 16:35:05 Image size of job updated: 24958088
	21337  -  MemoryUsage of job (MB)
	21848888  -  ResidentSetSize of job (KB)
...
006 (4596532.000.000) 2025-01-30 16:40:06 Image size of job updated: 27549404
	22962  -  MemoryUsage of job (MB)
	23513052  -  ResidentSetSize of job (KB)
...
006 (4596532.000.000) 2025-01-30 16:45:07 Image size of job updated: 29039032
	25416  -  MemoryUsage of job (MB)
	26025788  -  ResidentSetSize of job (KB)
...
006 (4596532.000.000) 2025-01-30 16:50:07 Image size of job updated: 31800280
	26874  -  MemoryUsage of job (MB)
	27518648  -  ResidentSetSize of job (KB)
...
006 (4596532.000.000) 2025-01-30 16:55:08 Image size of job updated: 33452868
	29702  -  MemoryUsage of job (MB)
	30414036  -  ResidentSetSize of job (KB)
...
006 (4596532.000.000) 2025-01-30 17:00:09 Image size of job updated: 35951488
	31351  -  MemoryUsage of job (MB)
	32103004  -  ResidentSetSize of job (KB)
...
006 (4596532.000.000) 2025-01-30 17:05:09 Image size of job updated: 39030552
	34732  -  MemoryUsage of job (MB)
	35565216  -  ResidentSetSize of job (KB)
...
006 (4596532.000.000) 2025-01-30 17:10:09 Image size of job updated: 40446432
	36298  -  MemoryUsage of job (MB)
	37168988  -  ResidentSetSize of job (KB)
...
006 (4596532.000.000) 2025-01-30 17:15:10 Image size of job updated: 43523924
	38358  -  MemoryUsage of job (MB)
	39277920  -  ResidentSetSize of job (KB)
...
006 (4596532.000.000) 2025-01-30 17:20:10 Image size of job updated: 44404212
	40268  -  MemoryUsage of job (MB)
	41233552  -  ResidentSetSize of job (KB)
...
006 (4596532.000.000) 2025-01-30 17:25:10 Image size of job updated: 48495376
	42698  -  MemoryUsage of job (MB)
	43721884  -  ResidentSetSize of job (KB)
...
006 (4596532.000.000) 2025-01-30 17:30:11 Image size of job updated: 49158528
	44406  -  MemoryUsage of job (MB)
	45470984  -  ResidentSetSize of job (KB)
...
006 (4596532.000.000) 2025-01-30 17:34:03 Image size of job updated: 50849136
	44406  -  MemoryUsage of job (MB)
	45470984  -  ResidentSetSize of job (KB)
...
005 (4596532.000.000) 2025-01-30 17:34:03 Job terminated.
	(1) Normal termination (return value 0)
		Usr 0 01:12:52, Sys 0 00:08:20  -  Run Remote Usage
		Usr 0 00:00:00, Sys 0 00:00:00  -  Run Local Usage
		Usr 0 01:12:52, Sys 0 00:08:20  -  Total Remote Usage
		Usr 0 00:00:00, Sys 0 00:00:00  -  Total Local Usage
	0  -  Run Bytes Sent By Job
	0  -  Run Bytes Received By Job
	0  -  Total Bytes Sent By Job
	0  -  Total Bytes Received By Job
	Partitionable Resources :    Usage  Request Allocated 
	   Cpus                 :     0.89        1         1 
	   Disk (KB)            :     2           2   6681217 
	   Memory (MB)          : 44406      128192    128256 
	   xferslots            :                           0 

	Job terminated of its own accord at 2025-01-30T22:34:03Z with exit-code 0.
...
000 (4597736.000.000) 2025-02-02 20:59:11 Job submitted from host: <130.199.48.82:9618?addrs=130.199.48.82-9618&alias=rcas2063.rcf.bnl.gov&noUDP&sock=schedd_23786_1176>
...
001 (4597736.000.000) 2025-02-02 21:05:40 Job executing on host: <130.199.186.11:9618?addrs=130.199.186.11-9618&alias=spool1808.sdcc.bnl.gov&noUDP&sock=startd_65800_f804>
...
006 (4597736.000.000) 2025-02-02 21:05:48 Image size of job updated: 3515064
	335  -  MemoryUsage of job (MB)
	342640  -  ResidentSetSize of job (KB)
...
005 (4597736.000.000) 2025-02-02 21:05:48 Job terminated.
	(1) Normal termination (return value 139)
		Usr 0 00:00:05, Sys 0 00:00:01  -  Run Remote Usage
		Usr 0 00:00:00, Sys 0 00:00:00  -  Run Local Usage
		Usr 0 00:00:05, Sys 0 00:00:01  -  Total Remote Usage
		Usr 0 00:00:00, Sys 0 00:00:00  -  Total Local Usage
	0  -  Run Bytes Sent By Job
	0  -  Run Bytes Received By Job
	0  -  Total Bytes Sent By Job
	0  -  Total Bytes Received By Job
	Partitionable Resources :    Usage  Request Allocated 
	   Cpus                 :                 1         1 
	   Disk (KB)            :        2        2   6681625 
	   Memory (MB)          :      335   128192    128256 
	   xferslots            :                           0 

	Job terminated of its own accord at 2025-02-03T02:05:48Z with exit-code 139.
...
000 (4607453.000.000) 2025-02-03 00:28:42 Job submitted from host: <130.199.48.82:9618?addrs=130.199.48.82-9618&alias=rcas2063.rcf.bnl.gov&noUDP&sock=schedd_23786_1176>
...
