000 (4600188.000.000) 2025-02-02 21:03:32 Job submitted from host: <130.199.48.82:9618?addrs=130.199.48.82-9618&alias=rcas2063.rcf.bnl.gov&noUDP&sock=schedd_23786_1176>
...
001 (4600188.000.000) 2025-02-02 21:09:06 Job executing on host: <130.199.184.154:9618?addrs=130.199.184.154-9618&alias=spool1763.sdcc.bnl.gov&noUDP&sock=startd_44130_aff8>
...
006 (4600188.000.000) 2025-02-02 21:09:16 Image size of job updated: 448036
	306  -  MemoryUsage of job (MB)
	312596  -  ResidentSetSize of job (KB)
...
006 (4600188.000.000) 2025-02-02 21:09:17 Image size of job updated: 477936
	306  -  MemoryUsage of job (MB)
	313048  -  ResidentSetSize of job (KB)
...
005 (4600188.000.000) 2025-02-02 21:09:17 Job terminated.
	(1) Normal termination (return value 139)
		Usr 0 00:00:06, Sys 0 00:00:02  -  Run Remote Usage
		Usr 0 00:00:00, Sys 0 00:00:00  -  Run Local Usage
		Usr 0 00:00:06, Sys 0 00:00:02  -  Total Remote Usage
		Usr 0 00:00:00, Sys 0 00:00:00  -  Total Local Usage
	0  -  Run Bytes Sent By Job
	0  -  Run Bytes Received By Job
	0  -  Total Bytes Sent By Job
	0  -  Total Bytes Received By Job
	Partitionable Resources :    Usage  Request Allocated 
	   Cpus                 :                 1         1 
	   Disk (KB)            :        2        2   6681628 
	   Memory (MB)          :      306   128192    128256 
	   xferslots            :                           0 

	Job terminated of its own accord at 2025-02-03T02:09:17Z with exit-code 139.
...
