000 (4595788.000.000) 2025-01-28 23:09:10 Job submitted from host: <130.199.48.82:9618?addrs=130.199.48.82-9618&alias=rcas2063.rcf.bnl.gov&noUDP&sock=schedd_23786_1176>
...
001 (4595788.000.000) 2025-01-29 01:29:25 Job executing on host: <130.199.186.21:9618?addrs=130.199.186.21-9618&alias=spool1818.sdcc.bnl.gov&noUDP&sock=startd_15937_f573>
...
006 (4595788.000.000) 2025-01-29 01:29:34 Image size of job updated: 189420
	114  -  MemoryUsage of job (MB)
	116368  -  ResidentSetSize of job (KB)
...
006 (4595788.000.000) 2025-01-29 01:29:36 Image size of job updated: 609700
	115  -  MemoryUsage of job (MB)
	117580  -  ResidentSetSize of job (KB)
...
005 (4595788.000.000) 2025-01-29 01:29:37 Job terminated.
	(1) Normal termination (return value 0)
		Usr 0 00:00:04, Sys 0 00:00:01  -  Run Remote Usage
		Usr 0 00:00:00, Sys 0 00:00:00  -  Run Local Usage
		Usr 0 00:00:04, Sys 0 00:00:01  -  Total Remote Usage
		Usr 0 00:00:00, Sys 0 00:00:00  -  Total Local Usage
	0  -  Run Bytes Sent By Job
	0  -  Run Bytes Received By Job
	0  -  Total Bytes Sent By Job
	0  -  Total Bytes Received By Job
	Partitionable Resources :    Usage  Request Allocated 
	   Cpus                 :                 1         1 
	   Disk (KB)            :        2        2   6681615 
	   Memory (MB)          :      115   128192    128256 
	   xferslots            :                           0 

	Job terminated of its own accord at 2025-01-29T06:29:36Z with exit-code 0.
...
000 (4596809.000.000) 2025-01-30 00:28:03 Job submitted from host: <130.199.48.82:9618?addrs=130.199.48.82-9618&alias=rcas2063.rcf.bnl.gov&noUDP&sock=schedd_23786_1176>
...
001 (4596809.000.000) 2025-01-30 18:48:50 Job executing on host: <130.199.207.220:9618?addrs=130.199.207.220-9618&alias=spool1507.sdcc.bnl.gov&noUDP&sock=startd_19017_bd6b>
...
006 (4596809.000.000) 2025-01-30 18:48:58 Image size of job updated: 147604
	78  -  MemoryUsage of job (MB)
	79748  -  ResidentSetSize of job (KB)
...
006 (4596809.000.000) 2025-01-30 18:53:58 Image size of job updated: 5238444
	2173  -  MemoryUsage of job (MB)
	2224896  -  ResidentSetSize of job (KB)
...
006 (4596809.000.000) 2025-01-30 18:58:59 Image size of job updated: 9205120
	5812  -  MemoryUsage of job (MB)
	5950624  -  ResidentSetSize of job (KB)
...
006 (4596809.000.000) 2025-01-30 19:04:00 Image size of job updated: 12879032
	9177  -  MemoryUsage of job (MB)
	9397156  -  ResidentSetSize of job (KB)
...
006 (4596809.000.000) 2025-01-30 19:09:00 Image size of job updated: 18907916
	13649  -  MemoryUsage of job (MB)
	13976464  -  ResidentSetSize of job (KB)
...
006 (4596809.000.000) 2025-01-30 19:14:01 Image size of job updated: 21014024
	17421  -  MemoryUsage of job (MB)
	17838308  -  ResidentSetSize of job (KB)
...
006 (4596809.000.000) 2025-01-30 19:19:02 Image size of job updated: 24144528
	20585  -  MemoryUsage of job (MB)
	21078620  -  ResidentSetSize of job (KB)
...
006 (4596809.000.000) 2025-01-30 19:24:02 Image size of job updated: 27975520
	24250  -  MemoryUsage of job (MB)
	24831816  -  ResidentSetSize of job (KB)
...
006 (4596809.000.000) 2025-01-30 19:29:03 Image size of job updated: 32448116
	27863  -  MemoryUsage of job (MB)
	28531296  -  ResidentSetSize of job (KB)
...
006 (4596809.000.000) 2025-01-30 19:29:31 Image size of job updated: 32448116
	28269  -  MemoryUsage of job (MB)
	28947028  -  ResidentSetSize of job (KB)
...
004 (4596809.000.000) 2025-01-30 19:29:32 Job was evicted.
	(0) CPU times
		Usr 0 00:41:54, Sys 0 00:04:38  -  Run Remote Usage
		Usr 0 00:00:00, Sys 0 00:00:00  -  Run Local Usage
	0  -  Run Bytes Sent By Job
	0  -  Run Bytes Received By Job
	Partitionable Resources :    Usage  Request Allocated 
	   Cpus                 :     1.04        1         1 
	   Disk (KB)            :     2           2   6681174 
	   Memory (MB)          : 28269      128192    128256 
	   xferslots            :                           0 
...
009 (4596809.000.000) 2025-01-30 19:29:32 Job was aborted.
	via condor_rm (by user sgross)

	Job terminated by <130.199.48.82:38188> at 2025-01-31T00:29:31Z (using method 1: DEACTIVATE_CLAIM).
...
000 (4598013.000.000) 2025-02-02 20:59:42 Job submitted from host: <130.199.48.82:9618?addrs=130.199.48.82-9618&alias=rcas2063.rcf.bnl.gov&noUDP&sock=schedd_23786_1176>
...
001 (4598013.000.000) 2025-02-02 21:06:10 Job executing on host: <130.199.151.3:9618?addrs=130.199.151.3-9618&alias=spool1581.sdcc.bnl.gov&noUDP&sock=startd_32933_fa6d>
...
006 (4598013.000.000) 2025-02-02 21:06:18 Image size of job updated: 3587780
	0  -  MemoryUsage of job (MB)
	0  -  ResidentSetSize of job (KB)
...
005 (4598013.000.000) 2025-02-02 21:06:18 Job terminated.
	(1) Normal termination (return value 139)
		Usr 0 00:00:05, Sys 0 00:00:02  -  Run Remote Usage
		Usr 0 00:00:00, Sys 0 00:00:00  -  Run Local Usage
		Usr 0 00:00:05, Sys 0 00:00:02  -  Total Remote Usage
		Usr 0 00:00:00, Sys 0 00:00:00  -  Total Local Usage
	0  -  Run Bytes Sent By Job
	0  -  Run Bytes Received By Job
	0  -  Total Bytes Sent By Job
	0  -  Total Bytes Received By Job
	Partitionable Resources :    Usage  Request Allocated 
	   Cpus                 :                 1         1 
	   Disk (KB)            :        2        2   6681222 
	   Memory (MB)          :        0   128192    128256 
	   xferslots            :                           0 

	Job terminated of its own accord at 2025-02-03T02:06:18Z with exit-code 139.
...
000 (4607730.000.000) 2025-02-03 00:29:14 Job submitted from host: <130.199.48.82:9618?addrs=130.199.48.82-9618&alias=rcas2063.rcf.bnl.gov&noUDP&sock=schedd_23786_1176>
...
