000 (4599948.000.000) 2025-02-02 21:03:07 Job submitted from host: <130.199.48.82:9618?addrs=130.199.48.82-9618&alias=rcas2063.rcf.bnl.gov&noUDP&sock=schedd_23786_1176>
...
001 (4599948.000.000) 2025-02-02 21:08:47 Job executing on host: <130.199.207.224:9618?addrs=130.199.207.224-9618&alias=spool1511.sdcc.bnl.gov&noUDP&sock=startd_58964_760b>
...
006 (4599948.000.000) 2025-02-02 21:08:56 Image size of job updated: 475380
	336  -  MemoryUsage of job (MB)
	343916  -  ResidentSetSize of job (KB)
...
006 (4599948.000.000) 2025-02-02 21:08:56 Image size of job updated: 3589556
	336  -  MemoryUsage of job (MB)
	343916  -  ResidentSetSize of job (KB)
...
005 (4599948.000.000) 2025-02-02 21:08:57 Job terminated.
	(1) Normal termination (return value 139)
		Usr 0 00:00:05, Sys 0 00:00:02  -  Run Remote Usage
		Usr 0 00:00:00, Sys 0 00:00:00  -  Run Local Usage
		Usr 0 00:00:05, Sys 0 00:00:02  -  Total Remote Usage
		Usr 0 00:00:00, Sys 0 00:00:00  -  Total Local Usage
	0  -  Run Bytes Sent By Job
	0  -  Run Bytes Received By Job
	0  -  Total Bytes Sent By Job
	0  -  Total Bytes Received By Job
	Partitionable Resources :    Usage  Request Allocated 
	   Cpus                 :                 1         1 
	   Disk (KB)            :        2        2   6681241 
	   Memory (MB)          :      336   128192    128256 
	   xferslots            :                           0 

	Job terminated of its own accord at 2025-02-03T02:08:56Z with exit-code 139.
...
