000 (4601849.000.000) 2025-02-02 21:06:57 Job submitted from host: <130.199.48.82:9618?addrs=130.199.48.82-9618&alias=rcas2063.rcf.bnl.gov&noUDP&sock=schedd_23786_1176>
...
001 (4601849.000.000) 2025-02-02 21:11:14 Job executing on host: <130.199.184.219:9618?addrs=130.199.184.219-9618&alias=spool1794.sdcc.bnl.gov&noUDP&sock=startd_9457_1edf>
...
006 (4601849.000.000) 2025-02-02 21:11:23 Image size of job updated: 424828
	292  -  MemoryUsage of job (MB)
	298024  -  ResidentSetSize of job (KB)
...
006 (4601849.000.000) 2025-02-02 21:11:24 Image size of job updated: 425152
	292  -  MemoryUsage of job (MB)
	298340  -  ResidentSetSize of job (KB)
...
005 (4601849.000.000) 2025-02-02 21:11:25 Job terminated.
	(1) Normal termination (return value 139)
		Usr 0 00:00:06, Sys 0 00:00:01  -  Run Remote Usage
		Usr 0 00:00:00, Sys 0 00:00:00  -  Run Local Usage
		Usr 0 00:00:06, Sys 0 00:00:01  -  Total Remote Usage
		Usr 0 00:00:00, Sys 0 00:00:00  -  Total Local Usage
	0  -  Run Bytes Sent By Job
	0  -  Run Bytes Received By Job
	0  -  Total Bytes Sent By Job
	0  -  Total Bytes Received By Job
	Partitionable Resources :    Usage  Request Allocated 
	   Cpus                 :                 1         1 
	   Disk (KB)            :        2        2   6681632 
	   Memory (MB)          :      292   128192    128256 
	   xferslots            :                           0 

	Job terminated of its own accord at 2025-02-03T02:11:24Z with exit-code 139.
...
