000 (4595209.000.000) 2025-01-28 23:08:23 Job submitted from host: <130.199.48.82:9618?addrs=130.199.48.82-9618&alias=rcas2063.rcf.bnl.gov&noUDP&sock=schedd_23786_1176>
...
001 (4595209.000.000) 2025-01-28 23:14:11 Job executing on host: <130.199.184.217:9618?addrs=130.199.184.217-9618&alias=spool1792.sdcc.bnl.gov&noUDP&sock=startd_72049_b2cc>
...
006 (4595209.000.000) 2025-01-28 23:14:20 Image size of job updated: 298416
	32  -  MemoryUsage of job (MB)
	32420  -  ResidentSetSize of job (KB)
...
006 (4595209.000.000) 2025-01-28 23:19:21 Image size of job updated: 5173368
	1192  -  MemoryUsage of job (MB)
	1219876  -  ResidentSetSize of job (KB)
...
006 (4595209.000.000) 2025-01-28 23:24:21 Image size of job updated: 6993120
	3798  -  MemoryUsage of job (MB)
	3888784  -  ResidentSetSize of job (KB)
...
000 (4596210.000.000) 2025-01-28 23:26:45 Job submitted from host: <130.199.48.82:9618?addrs=130.199.48.82-9618&alias=rcas2063.rcf.bnl.gov&noUDP&sock=schedd_23786_1176>
...
009 (4596210.000.000) 2025-01-28 23:27:53 Job was aborted.
	via condor_rm (by user sgross)
...
006 (4595209.000.000) 2025-01-28 23:29:21 Image size of job updated: 9587564
	5056  -  MemoryUsage of job (MB)
	5176716  -  ResidentSetSize of job (KB)
...
006 (4595209.000.000) 2025-01-28 23:34:22 Image size of job updated: 10494084
	7295  -  MemoryUsage of job (MB)
	7469392  -  ResidentSetSize of job (KB)
...
006 (4595209.000.000) 2025-01-28 23:39:22 Image size of job updated: 13836036
	8997  -  MemoryUsage of job (MB)
	9212796  -  ResidentSetSize of job (KB)
...
006 (4595209.000.000) 2025-01-28 23:44:22 Image size of job updated: 14481628
	10601  -  MemoryUsage of job (MB)
	10854996  -  ResidentSetSize of job (KB)
...
006 (4595209.000.000) 2025-01-28 23:49:23 Image size of job updated: 16851336
	13321  -  MemoryUsage of job (MB)
	13640272  -  ResidentSetSize of job (KB)
...
006 (4595209.000.000) 2025-01-28 23:54:24 Image size of job updated: 18469852
	14264  -  MemoryUsage of job (MB)
	14605724  -  ResidentSetSize of job (KB)
...
006 (4595209.000.000) 2025-01-28 23:59:24 Image size of job updated: 20349144
	16785  -  MemoryUsage of job (MB)
	17186900  -  ResidentSetSize of job (KB)
...
006 (4595209.000.000) 2025-01-29 00:04:25 Image size of job updated: 22507692
	17675  -  MemoryUsage of job (MB)
	18098552  -  ResidentSetSize of job (KB)
...
006 (4595209.000.000) 2025-01-29 00:09:26 Image size of job updated: 23543596
	19543  -  MemoryUsage of job (MB)
	20011840  -  ResidentSetSize of job (KB)
...
006 (4595209.000.000) 2025-01-29 00:14:26 Image size of job updated: 26450740
	22054  -  MemoryUsage of job (MB)
	22582756  -  ResidentSetSize of job (KB)
...
006 (4595209.000.000) 2025-01-29 00:19:27 Image size of job updated: 27702460
	22898  -  MemoryUsage of job (MB)
	23447316  -  ResidentSetSize of job (KB)
...
006 (4595209.000.000) 2025-01-29 00:24:28 Image size of job updated: 29234608
	25231  -  MemoryUsage of job (MB)
	25835864  -  ResidentSetSize of job (KB)
...
006 (4595209.000.000) 2025-01-29 00:29:28 Image size of job updated: 31634512
	26682  -  MemoryUsage of job (MB)
	27321656  -  ResidentSetSize of job (KB)
...
006 (4595209.000.000) 2025-01-29 00:34:28 Image size of job updated: 32409752
	28546  -  MemoryUsage of job (MB)
	29231076  -  ResidentSetSize of job (KB)
...
006 (4595209.000.000) 2025-01-29 00:39:29 Image size of job updated: 35545612
	30227  -  MemoryUsage of job (MB)
	30951868  -  ResidentSetSize of job (KB)
...
006 (4595209.000.000) 2025-01-29 00:44:29 Image size of job updated: 35820372
	31659  -  MemoryUsage of job (MB)
	32418592  -  ResidentSetSize of job (KB)
...
006 (4595209.000.000) 2025-01-29 00:49:29 Image size of job updated: 39109484
	34026  -  MemoryUsage of job (MB)
	34841964  -  ResidentSetSize of job (KB)
...
006 (4595209.000.000) 2025-01-29 00:54:30 Image size of job updated: 39620432
	35026  -  MemoryUsage of job (MB)
	35865788  -  ResidentSetSize of job (KB)
...
006 (4595209.000.000) 2025-01-29 00:59:31 Image size of job updated: 43063524
	37306  -  MemoryUsage of job (MB)
	38200996  -  ResidentSetSize of job (KB)
...
006 (4595209.000.000) 2025-01-29 01:04:31 Image size of job updated: 43180920
	38108  -  MemoryUsage of job (MB)
	39021720  -  ResidentSetSize of job (KB)
...
006 (4595209.000.000) 2025-01-29 01:09:32 Image size of job updated: 44371108
	40293  -  MemoryUsage of job (MB)
	41259656  -  ResidentSetSize of job (KB)
...
006 (4595209.000.000) 2025-01-29 01:14:33 Image size of job updated: 47178680
	41686  -  MemoryUsage of job (MB)
	42686228  -  ResidentSetSize of job (KB)
...
006 (4595209.000.000) 2025-01-29 01:19:33 Image size of job updated: 48054032
	43517  -  MemoryUsage of job (MB)
	44561056  -  ResidentSetSize of job (KB)
...
006 (4595209.000.000) 2025-01-29 01:22:57 Image size of job updated: 49649540
	43517  -  MemoryUsage of job (MB)
	44561056  -  ResidentSetSize of job (KB)
...
005 (4595209.000.000) 2025-01-29 01:22:58 Job terminated.
	(1) Normal termination (return value 0)
		Usr 0 01:18:02, Sys 0 00:09:33  -  Run Remote Usage
		Usr 0 00:00:00, Sys 0 00:00:00  -  Run Local Usage
		Usr 0 01:18:02, Sys 0 00:09:33  -  Total Remote Usage
		Usr 0 00:00:00, Sys 0 00:00:00  -  Total Local Usage
	0  -  Run Bytes Sent By Job
	0  -  Run Bytes Received By Job
	0  -  Total Bytes Sent By Job
	0  -  Total Bytes Received By Job
	Partitionable Resources :    Usage  Request Allocated 
	   Cpus                 :     0.97        1         1 
	   Disk (KB)            :     2           2   6681623 
	   Memory (MB)          : 43517      128192    128256 
	   xferslots            :                           0 

	Job terminated of its own accord at 2025-01-29T06:22:57Z with exit-code 0.
...
000 (4596230.000.000) 2025-01-30 00:27:05 Job submitted from host: <130.199.48.82:9618?addrs=130.199.48.82-9618&alias=rcas2063.rcf.bnl.gov&noUDP&sock=schedd_23786_1176>
...
001 (4596230.000.000) 2025-01-30 07:59:33 Job executing on host: <130.199.184.219:9618?addrs=130.199.184.219-9618&alias=spool1794.sdcc.bnl.gov&noUDP&sock=startd_9457_1edf>
...
006 (4596230.000.000) 2025-01-30 07:59:42 Image size of job updated: 104652
	56  -  MemoryUsage of job (MB)
	56852  -  ResidentSetSize of job (KB)
...
006 (4596230.000.000) 2025-01-30 08:04:43 Image size of job updated: 5201584
	954  -  MemoryUsage of job (MB)
	975924  -  ResidentSetSize of job (KB)
...
006 (4596230.000.000) 2025-01-30 08:09:43 Image size of job updated: 7566180
	4503  -  MemoryUsage of job (MB)
	4610288  -  ResidentSetSize of job (KB)
...
006 (4596230.000.000) 2025-01-30 08:14:43 Image size of job updated: 10039192
	6387  -  MemoryUsage of job (MB)
	6539652  -  ResidentSetSize of job (KB)
...
006 (4596230.000.000) 2025-01-30 08:19:45 Image size of job updated: 13568460
	9338  -  MemoryUsage of job (MB)
	9561588  -  ResidentSetSize of job (KB)
...
006 (4596230.000.000) 2025-01-30 08:24:45 Image size of job updated: 16637232
	13155  -  MemoryUsage of job (MB)
	13470192  -  ResidentSetSize of job (KB)
...
006 (4596230.000.000) 2025-01-30 08:29:45 Image size of job updated: 18806280
	15362  -  MemoryUsage of job (MB)
	15730140  -  ResidentSetSize of job (KB)
...
006 (4596230.000.000) 2025-01-30 08:34:46 Image size of job updated: 22554660
	17537  -  MemoryUsage of job (MB)
	17957672  -  ResidentSetSize of job (KB)
...
006 (4596230.000.000) 2025-01-30 08:39:47 Image size of job updated: 24332252
	20601  -  MemoryUsage of job (MB)
	21094788  -  ResidentSetSize of job (KB)
...
006 (4596230.000.000) 2025-01-30 08:44:47 Image size of job updated: 27411600
	22964  -  MemoryUsage of job (MB)
	23514748  -  ResidentSetSize of job (KB)
...
006 (4596230.000.000) 2025-01-30 08:49:47 Image size of job updated: 30846552
	26283  -  MemoryUsage of job (MB)
	26913148  -  ResidentSetSize of job (KB)
...
006 (4596230.000.000) 2025-01-30 08:54:48 Image size of job updated: 32477552
	28369  -  MemoryUsage of job (MB)
	29049564  -  ResidentSetSize of job (KB)
...
006 (4596230.000.000) 2025-01-30 08:59:48 Image size of job updated: 35707492
	30546  -  MemoryUsage of job (MB)
	31278764  -  ResidentSetSize of job (KB)
...
006 (4596230.000.000) 2025-01-30 09:04:48 Image size of job updated: 37891168
	34003  -  MemoryUsage of job (MB)
	34818180  -  ResidentSetSize of job (KB)
...
006 (4596230.000.000) 2025-01-30 09:09:49 Image size of job updated: 39936008
	36084  -  MemoryUsage of job (MB)
	36949540  -  ResidentSetSize of job (KB)
...
006 (4596230.000.000) 2025-01-30 09:14:49 Image size of job updated: 43143320
	38150  -  MemoryUsage of job (MB)
	39064712  -  ResidentSetSize of job (KB)
...
006 (4596230.000.000) 2025-01-30 09:19:49 Image size of job updated: 45424320
	41330  -  MemoryUsage of job (MB)
	42321828  -  ResidentSetSize of job (KB)
...
006 (4596230.000.000) 2025-01-30 09:24:50 Image size of job updated: 47356748
	42808  -  MemoryUsage of job (MB)
	43835236  -  ResidentSetSize of job (KB)
...
006 (4596230.000.000) 2025-01-30 09:28:46 Image size of job updated: 49631224
	42808  -  MemoryUsage of job (MB)
	43835236  -  ResidentSetSize of job (KB)
...
005 (4596230.000.000) 2025-01-30 09:28:46 Job terminated.
	(1) Normal termination (return value 0)
		Usr 0 01:10:00, Sys 0 00:08:14  -  Run Remote Usage
		Usr 0 00:00:00, Sys 0 00:00:00  -  Run Local Usage
		Usr 0 01:10:00, Sys 0 00:08:14  -  Total Remote Usage
		Usr 0 00:00:00, Sys 0 00:00:00  -  Total Local Usage
	0  -  Run Bytes Sent By Job
	0  -  Run Bytes Received By Job
	0  -  Total Bytes Sent By Job
	0  -  Total Bytes Received By Job
	Partitionable Resources :    Usage  Request Allocated 
	   Cpus                 :     0.85        1         1 
	   Disk (KB)            :     2           2   6681632 
	   Memory (MB)          : 42808      128192    128256 
	   xferslots            :                           0 

	Job terminated of its own accord at 2025-01-30T14:28:46Z with exit-code 0.
...
000 (4597434.000.000) 2025-02-02 20:58:36 Job submitted from host: <130.199.48.82:9618?addrs=130.199.48.82-9618&alias=rcas2063.rcf.bnl.gov&noUDP&sock=schedd_23786_1176>
...
001 (4597434.000.000) 2025-02-02 21:03:25 Job executing on host: <130.199.150.71:9618?addrs=130.199.150.71-9618&alias=spool1552.sdcc.bnl.gov&noUDP&sock=startd_82644_e1d6>
...
006 (4597434.000.000) 2025-02-02 21:03:33 Image size of job updated: 193156
	117  -  MemoryUsage of job (MB)
	119664  -  ResidentSetSize of job (KB)
...
006 (4597434.000.000) 2025-02-02 21:03:39 Image size of job updated: 3587872
	117  -  MemoryUsage of job (MB)
	119692  -  ResidentSetSize of job (KB)
...
005 (4597434.000.000) 2025-02-02 21:03:39 Job terminated.
	(1) Normal termination (return value 139)
		Usr 0 00:00:06, Sys 0 00:00:02  -  Run Remote Usage
		Usr 0 00:00:00, Sys 0 00:00:00  -  Run Local Usage
		Usr 0 00:00:06, Sys 0 00:00:02  -  Total Remote Usage
		Usr 0 00:00:00, Sys 0 00:00:00  -  Total Local Usage
	0  -  Run Bytes Sent By Job
	0  -  Run Bytes Received By Job
	0  -  Total Bytes Sent By Job
	0  -  Total Bytes Received By Job
	Partitionable Resources :    Usage  Request Allocated 
	   Cpus                 :                 1         1 
	   Disk (KB)            :        2        2   6681233 
	   Memory (MB)          :      117   128192    128256 
	   xferslots            :                           0 

	Job terminated of its own accord at 2025-02-03T02:03:39Z with exit-code 139.
...
000 (4607151.000.000) 2025-02-03 00:28:08 Job submitted from host: <130.199.48.82:9618?addrs=130.199.48.82-9618&alias=rcas2063.rcf.bnl.gov&noUDP&sock=schedd_23786_1176>
...
