000 (4603150.000.000) 2025-02-02 21:11:24 Job submitted from host: <130.199.48.82:9618?addrs=130.199.48.82-9618&alias=rcas2063.rcf.bnl.gov&noUDP&sock=schedd_23786_1176>
...
001 (4603150.000.000) 2025-02-02 21:12:54 Job executing on host: <130.199.207.225:9618?addrs=130.199.207.225-9618&alias=spool1512.sdcc.bnl.gov&noUDP&sock=startd_8017_60f7>
...
006 (4603150.000.000) 2025-02-02 21:13:02 Image size of job updated: 266416
	146  -  MemoryUsage of job (MB)
	149040  -  ResidentSetSize of job (KB)
...
006 (4603150.000.000) 2025-02-02 21:13:06 Image size of job updated: 266628
	146  -  MemoryUsage of job (MB)
	149040  -  ResidentSetSize of job (KB)
...
005 (4603150.000.000) 2025-02-02 21:13:06 Job terminated.
	(1) Normal termination (return value 139)
		Usr 0 00:00:07, Sys 0 00:00:02  -  Run Remote Usage
		Usr 0 00:00:00, Sys 0 00:00:00  -  Run Local Usage
		Usr 0 00:00:07, Sys 0 00:00:02  -  Total Remote Usage
		Usr 0 00:00:00, Sys 0 00:00:00  -  Total Local Usage
	0  -  Run Bytes Sent By Job
	0  -  Run Bytes Received By Job
	0  -  Total Bytes Sent By Job
	0  -  Total Bytes Received By Job
	Partitionable Resources :    Usage  Request Allocated 
	   Cpus                 :                 1         1 
	   Disk (KB)            :        2        2   6681236 
	   Memory (MB)          :      146   128192    128256 
	   xferslots            :                           0 

	Job terminated of its own accord at 2025-02-03T02:13:06Z with exit-code 139.
...
