000 (4595689.000.000) 2025-01-28 23:09:02 Job submitted from host: <130.199.48.82:9618?addrs=130.199.48.82-9618&alias=rcas2063.rcf.bnl.gov&noUDP&sock=schedd_23786_1176>
...
001 (4595689.000.000) 2025-01-29 01:27:45 Job executing on host: <130.199.184.217:9618?addrs=130.199.184.217-9618&alias=spool1792.sdcc.bnl.gov&noUDP&sock=startd_72049_b2cc>
...
006 (4595689.000.000) 2025-01-29 01:27:54 Image size of job updated: 574092
	93  -  MemoryUsage of job (MB)
	94504  -  ResidentSetSize of job (KB)
...
006 (4595689.000.000) 2025-01-29 01:27:59 Image size of job updated: 574092
	93  -  MemoryUsage of job (MB)
	94576  -  ResidentSetSize of job (KB)
...
005 (4595689.000.000) 2025-01-29 01:27:59 Job terminated.
	(1) Normal termination (return value 0)
		Usr 0 00:00:04, Sys 0 00:00:01  -  Run Remote Usage
		Usr 0 00:00:00, Sys 0 00:00:00  -  Run Local Usage
		Usr 0 00:00:04, Sys 0 00:00:01  -  Total Remote Usage
		Usr 0 00:00:00, Sys 0 00:00:00  -  Total Local Usage
	0  -  Run Bytes Sent By Job
	0  -  Run Bytes Received By Job
	0  -  Total Bytes Sent By Job
	0  -  Total Bytes Received By Job
	Partitionable Resources :    Usage  Request Allocated 
	   Cpus                 :                 1         1 
	   Disk (KB)            :        2        2   6681623 
	   Memory (MB)          :       93   128192    128256 
	   xferslots            :                           0 

	Job terminated of its own accord at 2025-01-29T06:27:59Z with exit-code 0.
...
000 (4596710.000.000) 2025-01-30 00:27:53 Job submitted from host: <130.199.48.82:9618?addrs=130.199.48.82-9618&alias=rcas2063.rcf.bnl.gov&noUDP&sock=schedd_23786_1176>
...
001 (4596710.000.000) 2025-01-30 17:39:08 Job executing on host: <130.199.186.24:9618?addrs=130.199.186.24-9618&alias=spool1821.sdcc.bnl.gov&noUDP&sock=startd_30284_9a6a>
...
006 (4596710.000.000) 2025-01-30 17:39:16 Image size of job updated: 20844
	7  -  MemoryUsage of job (MB)
	7036  -  ResidentSetSize of job (KB)
...
006 (4596710.000.000) 2025-01-30 17:44:16 Image size of job updated: 3513932
	292  -  MemoryUsage of job (MB)
	298628  -  ResidentSetSize of job (KB)
...
006 (4596710.000.000) 2025-01-30 17:49:18 Image size of job updated: 5335636
	1873  -  MemoryUsage of job (MB)
	1917416  -  ResidentSetSize of job (KB)
...
006 (4596710.000.000) 2025-01-30 17:54:18 Image size of job updated: 9253868
	4738  -  MemoryUsage of job (MB)
	4851712  -  ResidentSetSize of job (KB)
...
006 (4596710.000.000) 2025-01-30 17:59:18 Image size of job updated: 11643556
	8153  -  MemoryUsage of job (MB)
	8348672  -  ResidentSetSize of job (KB)
...
006 (4596710.000.000) 2025-01-30 18:04:19 Image size of job updated: 14765092
	10560  -  MemoryUsage of job (MB)
	10813380  -  ResidentSetSize of job (KB)
...
006 (4596710.000.000) 2025-01-30 18:09:20 Image size of job updated: 18621860
	13850  -  MemoryUsage of job (MB)
	14181524  -  ResidentSetSize of job (KB)
...
006 (4596710.000.000) 2025-01-30 18:14:20 Image size of job updated: 20113728
	16759  -  MemoryUsage of job (MB)
	17160272  -  ResidentSetSize of job (KB)
...
006 (4596710.000.000) 2025-01-30 18:19:21 Image size of job updated: 23772428
	19314  -  MemoryUsage of job (MB)
	19777016  -  ResidentSetSize of job (KB)
...
006 (4596710.000.000) 2025-01-30 18:24:22 Image size of job updated: 26793688
	23040  -  MemoryUsage of job (MB)
	23592352  -  ResidentSetSize of job (KB)
...
006 (4596710.000.000) 2025-01-30 18:29:22 Image size of job updated: 29248940
	25355  -  MemoryUsage of job (MB)
	25962524  -  ResidentSetSize of job (KB)
...
006 (4596710.000.000) 2025-01-30 18:34:23 Image size of job updated: 32514676
	28119  -  MemoryUsage of job (MB)
	28793836  -  ResidentSetSize of job (KB)
...
006 (4596710.000.000) 2025-01-30 18:39:24 Image size of job updated: 37271308
	32127  -  MemoryUsage of job (MB)
	32897056  -  ResidentSetSize of job (KB)
...
006 (4596710.000.000) 2025-01-30 18:44:24 Image size of job updated: 39615748
	35575  -  MemoryUsage of job (MB)
	36428792  -  ResidentSetSize of job (KB)
...
006 (4596710.000.000) 2025-01-30 18:49:24 Image size of job updated: 42878624
	38499  -  MemoryUsage of job (MB)
	39422504  -  ResidentSetSize of job (KB)
...
006 (4596710.000.000) 2025-01-30 18:54:25 Image size of job updated: 46104880
	41477  -  MemoryUsage of job (MB)
	42472356  -  ResidentSetSize of job (KB)
...
006 (4596710.000.000) 2025-01-30 18:57:21 Image size of job updated: 48253176
	41477  -  MemoryUsage of job (MB)
	42472356  -  ResidentSetSize of job (KB)
...
005 (4596710.000.000) 2025-01-30 18:57:22 Job terminated.
	(1) Normal termination (return value 0)
		Usr 0 01:07:36, Sys 0 00:07:46  -  Run Remote Usage
		Usr 0 00:00:00, Sys 0 00:00:00  -  Run Local Usage
		Usr 0 01:07:36, Sys 0 00:07:46  -  Total Remote Usage
		Usr 0 00:00:00, Sys 0 00:00:00  -  Total Local Usage
	0  -  Run Bytes Sent By Job
	0  -  Run Bytes Received By Job
	0  -  Total Bytes Sent By Job
	0  -  Total Bytes Received By Job
	Partitionable Resources :    Usage  Request Allocated 
	   Cpus                 :     1.12        1         1 
	   Disk (KB)            :     2           2   6681648 
	   Memory (MB)          : 41477      128192    128256 
	   xferslots            :                           0 

	Job terminated of its own accord at 2025-01-30T23:57:21Z with exit-code 0.
...
000 (4597914.000.000) 2025-02-02 20:59:31 Job submitted from host: <130.199.48.82:9618?addrs=130.199.48.82-9618&alias=rcas2063.rcf.bnl.gov&noUDP&sock=schedd_23786_1176>
...
001 (4597914.000.000) 2025-02-02 21:06:01 Job executing on host: <130.199.186.93:9618?addrs=130.199.186.93-9618&alias=spool1856.sdcc.bnl.gov&noUDP&sock=startd_8097_b2a1>
...
006 (4597914.000.000) 2025-02-02 21:06:09 Image size of job updated: 262636
	0  -  MemoryUsage of job (MB)
	0  -  ResidentSetSize of job (KB)
...
005 (4597914.000.000) 2025-02-02 21:06:10 Job terminated.
	(1) Normal termination (return value 139)
		Usr 0 00:00:05, Sys 0 00:00:02  -  Run Remote Usage
		Usr 0 00:00:00, Sys 0 00:00:00  -  Run Local Usage
		Usr 0 00:00:05, Sys 0 00:00:02  -  Total Remote Usage
		Usr 0 00:00:00, Sys 0 00:00:00  -  Total Local Usage
	0  -  Run Bytes Sent By Job
	0  -  Run Bytes Received By Job
	0  -  Total Bytes Sent By Job
	0  -  Total Bytes Received By Job
	Partitionable Resources :    Usage  Request Allocated 
	   Cpus                 :                 1         1 
	   Disk (KB)            :        2        2   6681628 
	   Memory (MB)          :        0   128192    128256 
	   xferslots            :                           0 

	Job terminated of its own accord at 2025-02-03T02:06:09Z with exit-code 139.
...
000 (4607631.000.000) 2025-02-03 00:29:03 Job submitted from host: <130.199.48.82:9618?addrs=130.199.48.82-9618&alias=rcas2063.rcf.bnl.gov&noUDP&sock=schedd_23786_1176>
...
