000 (4596057.000.000) 2025-01-28 23:09:32 Job submitted from host: <130.199.48.82:9618?addrs=130.199.48.82-9618&alias=rcas2063.rcf.bnl.gov&noUDP&sock=schedd_23786_1176>
...
001 (4596057.000.000) 2025-01-29 01:33:45 Job executing on host: <130.199.151.33:9618?addrs=130.199.151.33-9618&alias=spool1611.sdcc.bnl.gov&noUDP&sock=startd_368_911c>
...
006 (4596057.000.000) 2025-01-29 01:33:54 Image size of job updated: 197304
	92  -  MemoryUsage of job (MB)
	93276  -  ResidentSetSize of job (KB)
...
006 (4596057.000.000) 2025-01-29 01:33:57 Image size of job updated: 2927080
	92  -  MemoryUsage of job (MB)
	93636  -  ResidentSetSize of job (KB)
...
005 (4596057.000.000) 2025-01-29 01:33:57 Job terminated.
	(1) Normal termination (return value 0)
		Usr 0 00:00:04, Sys 0 00:00:02  -  Run Remote Usage
		Usr 0 00:00:00, Sys 0 00:00:00  -  Run Local Usage
		Usr 0 00:00:04, Sys 0 00:00:02  -  Total Remote Usage
		Usr 0 00:00:00, Sys 0 00:00:00  -  Total Local Usage
	0  -  Run Bytes Sent By Job
	0  -  Run Bytes Received By Job
	0  -  Total Bytes Sent By Job
	0  -  Total Bytes Received By Job
	Partitionable Resources :    Usage  Request Allocated 
	   Cpus                 :                 1         1 
	   Disk (KB)            :        2        2   6681232 
	   Memory (MB)          :       92   128192    128256 
	   xferslots            :                           0 

	Job terminated of its own accord at 2025-01-29T06:33:57Z with exit-code 0.
...
000 (4597078.000.000) 2025-01-30 00:28:29 Job submitted from host: <130.199.48.82:9618?addrs=130.199.48.82-9618&alias=rcas2063.rcf.bnl.gov&noUDP&sock=schedd_23786_1176>
...
009 (4597078.000.000) 2025-01-30 19:29:37 Job was aborted.
	via condor_rm (by user sgross)
...
000 (4598282.000.000) 2025-02-02 21:00:13 Job submitted from host: <130.199.48.82:9618?addrs=130.199.48.82-9618&alias=rcas2063.rcf.bnl.gov&noUDP&sock=schedd_23786_1176>
...
001 (4598282.000.000) 2025-02-02 21:06:36 Job executing on host: <130.199.184.200:9618?addrs=130.199.184.200-9618&alias=spool1775.sdcc.bnl.gov&noUDP&sock=startd_15979_4053>
...
006 (4598282.000.000) 2025-02-02 21:06:44 Image size of job updated: 2919664
	335  -  MemoryUsage of job (MB)
	342808  -  ResidentSetSize of job (KB)
...
005 (4598282.000.000) 2025-02-02 21:06:45 Job terminated.
	(1) Normal termination (return value 139)
		Usr 0 00:00:05, Sys 0 00:00:02  -  Run Remote Usage
		Usr 0 00:00:00, Sys 0 00:00:00  -  Run Local Usage
		Usr 0 00:00:05, Sys 0 00:00:02  -  Total Remote Usage
		Usr 0 00:00:00, Sys 0 00:00:00  -  Total Local Usage
	0  -  Run Bytes Sent By Job
	0  -  Run Bytes Received By Job
	0  -  Total Bytes Sent By Job
	0  -  Total Bytes Received By Job
	Partitionable Resources :    Usage  Request Allocated 
	   Cpus                 :                 1         1 
	   Disk (KB)            :        2        2   6681617 
	   Memory (MB)          :      335   128192    128256 
	   xferslots            :                           0 

	Job terminated of its own accord at 2025-02-03T02:06:44Z with exit-code 139.
...
000 (4607999.000.000) 2025-02-03 00:29:45 Job submitted from host: <130.199.48.82:9618?addrs=130.199.48.82-9618&alias=rcas2063.rcf.bnl.gov&noUDP&sock=schedd_23786_1176>
...
