000 (4602962.000.000) 2025-02-02 21:10:48 Job submitted from host: <130.199.48.82:9618?addrs=130.199.48.82-9618&alias=rcas2063.rcf.bnl.gov&noUDP&sock=schedd_23786_1176>
...
001 (4602962.000.000) 2025-02-02 21:12:39 Job executing on host: <130.199.184.196:9618?addrs=130.199.184.196-9618&alias=spool1771.sdcc.bnl.gov&noUDP&sock=startd_94117_f11c>
...
006 (4602962.000.000) 2025-02-02 21:12:48 Image size of job updated: 351020
	217  -  MemoryUsage of job (MB)
	221568  -  ResidentSetSize of job (KB)
...
006 (4602962.000.000) 2025-02-02 21:12:49 Image size of job updated: 3588420
	219  -  MemoryUsage of job (MB)
	223792  -  ResidentSetSize of job (KB)
...
005 (4602962.000.000) 2025-02-02 21:12:50 Job terminated.
	(1) Normal termination (return value 139)
		Usr 0 00:00:06, Sys 0 00:00:01  -  Run Remote Usage
		Usr 0 00:00:00, Sys 0 00:00:00  -  Run Local Usage
		Usr 0 00:00:06, Sys 0 00:00:01  -  Total Remote Usage
		Usr 0 00:00:00, Sys 0 00:00:00  -  Total Local Usage
	0  -  Run Bytes Sent By Job
	0  -  Run Bytes Received By Job
	0  -  Total Bytes Sent By Job
	0  -  Total Bytes Received By Job
	Partitionable Resources :    Usage  Request Allocated 
	   Cpus                 :                 1         1 
	   Disk (KB)            :        2        2   6681549 
	   Memory (MB)          :      219   128192    128256 
	   xferslots            :                           0 

	Job terminated of its own accord at 2025-02-03T02:12:49Z with exit-code 139.
...
