000 (4595749.000.000) 2025-01-28 23:09:07 Job submitted from host: <130.199.48.82:9618?addrs=130.199.48.82-9618&alias=rcas2063.rcf.bnl.gov&noUDP&sock=schedd_23786_1176>
...
001 (4595749.000.000) 2025-01-29 01:28:45 Job executing on host: <130.199.150.67:9618?addrs=130.199.150.67-9618&alias=spool1548.sdcc.bnl.gov&noUDP&sock=startd_28485_3e0d>
...
006 (4595749.000.000) 2025-01-29 01:28:54 Image size of job updated: 322296
	87  -  MemoryUsage of job (MB)
	89080  -  ResidentSetSize of job (KB)
...
005 (4595749.000.000) 2025-01-29 01:29:01 Job terminated.
	(1) Normal termination (return value 0)
		Usr 0 00:00:04, Sys 0 00:00:01  -  Run Remote Usage
		Usr 0 00:00:00, Sys 0 00:00:00  -  Run Local Usage
		Usr 0 00:00:04, Sys 0 00:00:01  -  Total Remote Usage
		Usr 0 00:00:00, Sys 0 00:00:00  -  Total Local Usage
	0  -  Run Bytes Sent By Job
	0  -  Run Bytes Received By Job
	0  -  Total Bytes Sent By Job
	0  -  Total Bytes Received By Job
	Partitionable Resources :    Usage  Request Allocated 
	   Cpus                 :                 1         1 
	   Disk (KB)            :        2        2   6681217 
	   Memory (MB)          :       87   128192    128256 
	   xferslots            :                           0 

	Job terminated of its own accord at 2025-01-29T06:29:01Z with exit-code 0.
...
000 (4596770.000.000) 2025-01-30 00:28:00 Job submitted from host: <130.199.48.82:9618?addrs=130.199.48.82-9618&alias=rcas2063.rcf.bnl.gov&noUDP&sock=schedd_23786_1176>
...
001 (4596770.000.000) 2025-01-30 18:20:14 Job executing on host: <130.199.186.29:9618?addrs=130.199.186.29-9618&alias=spool1826.sdcc.bnl.gov&noUDP&sock=startd_62419_eccd>
...
006 (4596770.000.000) 2025-01-30 18:20:23 Image size of job updated: 19900
	7  -  MemoryUsage of job (MB)
	7164  -  ResidentSetSize of job (KB)
...
006 (4596770.000.000) 2025-01-30 18:25:23 Image size of job updated: 5193188
	896  -  MemoryUsage of job (MB)
	916960  -  ResidentSetSize of job (KB)
...
006 (4596770.000.000) 2025-01-30 18:30:23 Image size of job updated: 10006924
	5135  -  MemoryUsage of job (MB)
	5257768  -  ResidentSetSize of job (KB)
...
006 (4596770.000.000) 2025-01-30 18:35:24 Image size of job updated: 13241632
	9810  -  MemoryUsage of job (MB)
	10045252  -  ResidentSetSize of job (KB)
...
006 (4596770.000.000) 2025-01-30 18:40:24 Image size of job updated: 16389752
	13007  -  MemoryUsage of job (MB)
	13318308  -  ResidentSetSize of job (KB)
...
006 (4596770.000.000) 2025-01-30 18:45:24 Image size of job updated: 20325168
	16935  -  MemoryUsage of job (MB)
	17340932  -  ResidentSetSize of job (KB)
...
006 (4596770.000.000) 2025-01-30 18:50:25 Image size of job updated: 24560076
	20983  -  MemoryUsage of job (MB)
	21486140  -  ResidentSetSize of job (KB)
...
006 (4596770.000.000) 2025-01-30 18:55:26 Image size of job updated: 28084984
	24294  -  MemoryUsage of job (MB)
	24876156  -  ResidentSetSize of job (KB)
...
006 (4596770.000.000) 2025-01-30 19:00:26 Image size of job updated: 32149132
	27880  -  MemoryUsage of job (MB)
	28548520  -  ResidentSetSize of job (KB)
...
006 (4596770.000.000) 2025-01-30 19:04:04 Image size of job updated: 35625968
	27880  -  MemoryUsage of job (MB)
	28548684  -  ResidentSetSize of job (KB)
...
005 (4596770.000.000) 2025-01-30 19:04:04 Job terminated.
	(1) Normal termination (return value 0)
		Usr 0 00:42:24, Sys 0 00:05:10  -  Run Remote Usage
		Usr 0 00:00:00, Sys 0 00:00:00  -  Run Local Usage
		Usr 0 00:42:24, Sys 0 00:05:10  -  Total Remote Usage
		Usr 0 00:00:00, Sys 0 00:00:00  -  Total Local Usage
	0  -  Run Bytes Sent By Job
	0  -  Run Bytes Received By Job
	0  -  Total Bytes Sent By Job
	0  -  Total Bytes Received By Job
	Partitionable Resources :    Usage  Request Allocated 
	   Cpus                 :     1.12        1         1 
	   Disk (KB)            :     2           2   6681628 
	   Memory (MB)          : 27880      128192    128256 
	   xferslots            :                           0 

	Job terminated of its own accord at 2025-01-31T00:04:04Z with exit-code 0.
...
000 (4597974.000.000) 2025-02-02 20:59:38 Job submitted from host: <130.199.48.82:9618?addrs=130.199.48.82-9618&alias=rcas2063.rcf.bnl.gov&noUDP&sock=schedd_23786_1176>
...
001 (4597974.000.000) 2025-02-02 21:06:07 Job executing on host: <130.199.184.219:9618?addrs=130.199.184.219-9618&alias=spool1794.sdcc.bnl.gov&noUDP&sock=startd_9457_1edf>
...
006 (4597974.000.000) 2025-02-02 21:06:16 Image size of job updated: 189208
	114  -  MemoryUsage of job (MB)
	116060  -  ResidentSetSize of job (KB)
...
006 (4597974.000.000) 2025-02-02 21:06:23 Image size of job updated: 3042440
	114  -  MemoryUsage of job (MB)
	116068  -  ResidentSetSize of job (KB)
...
005 (4597974.000.000) 2025-02-02 21:06:23 Job terminated.
	(1) Normal termination (return value 139)
		Usr 0 00:00:06, Sys 0 00:00:03  -  Run Remote Usage
		Usr 0 00:00:00, Sys 0 00:00:00  -  Run Local Usage
		Usr 0 00:00:06, Sys 0 00:00:03  -  Total Remote Usage
		Usr 0 00:00:00, Sys 0 00:00:00  -  Total Local Usage
	0  -  Run Bytes Sent By Job
	0  -  Run Bytes Received By Job
	0  -  Total Bytes Sent By Job
	0  -  Total Bytes Received By Job
	Partitionable Resources :    Usage  Request Allocated 
	   Cpus                 :                 1         1 
	   Disk (KB)            :        2        2   6681632 
	   Memory (MB)          :      114   128192    128256 
	   xferslots            :                           0 

	Job terminated of its own accord at 2025-02-03T02:06:23Z with exit-code 139.
...
000 (4607691.000.000) 2025-02-03 00:29:10 Job submitted from host: <130.199.48.82:9618?addrs=130.199.48.82-9618&alias=rcas2063.rcf.bnl.gov&noUDP&sock=schedd_23786_1176>
...
