000 (4601562.000.000) 2025-02-02 21:06:10 Job submitted from host: <130.199.48.82:9618?addrs=130.199.48.82-9618&alias=rcas2063.rcf.bnl.gov&noUDP&sock=schedd_23786_1176>
...
001 (4601562.000.000) 2025-02-02 21:10:52 Job executing on host: <130.199.151.15:9618?addrs=130.199.151.15-9618&alias=spool1593.sdcc.bnl.gov&noUDP&sock=startd_89763_f4af>
...
006 (4601562.000.000) 2025-02-02 21:11:01 Image size of job updated: 603204
	296  -  MemoryUsage of job (MB)
	302724  -  ResidentSetSize of job (KB)
...
006 (4601562.000.000) 2025-02-02 21:11:02 Image size of job updated: 603204
	298  -  MemoryUsage of job (MB)
	304348  -  ResidentSetSize of job (KB)
...
005 (4601562.000.000) 2025-02-02 21:11:02 Job terminated.
	(1) Normal termination (return value 139)
		Usr 0 00:00:04, Sys 0 00:00:01  -  Run Remote Usage
		Usr 0 00:00:00, Sys 0 00:00:00  -  Run Local Usage
		Usr 0 00:00:04, Sys 0 00:00:01  -  Total Remote Usage
		Usr 0 00:00:00, Sys 0 00:00:00  -  Total Local Usage
	0  -  Run Bytes Sent By Job
	0  -  Run Bytes Received By Job
	0  -  Total Bytes Sent By Job
	0  -  Total Bytes Received By Job
	Partitionable Resources :    Usage  Request Allocated 
	   Cpus                 :                 1         1 
	   Disk (KB)            :        2        2   6681231 
	   Memory (MB)          :      298   128192    128256 
	   xferslots            :                           0 

	Job terminated of its own accord at 2025-02-03T02:11:02Z with exit-code 139.
...
