000 (4595220.000.000) 2025-01-28 23:08:24 Job submitted from host: <130.199.48.82:9618?addrs=130.199.48.82-9618&alias=rcas2063.rcf.bnl.gov&noUDP&sock=schedd_23786_1176>
...
000 (4596221.000.000) 2025-01-28 23:26:46 Job submitted from host: <130.199.48.82:9618?addrs=130.199.48.82-9618&alias=rcas2063.rcf.bnl.gov&noUDP&sock=schedd_23786_1176>
...
009 (4596221.000.000) 2025-01-28 23:27:53 Job was aborted.
	via condor_rm (by user sgross)
...
001 (4595220.000.000) 2025-01-29 01:05:07 Job executing on host: <130.199.151.33:9618?addrs=130.199.151.33-9618&alias=spool1611.sdcc.bnl.gov&noUDP&sock=startd_368_911c>
...
006 (4595220.000.000) 2025-01-29 01:05:16 Image size of job updated: 68620
	43  -  MemoryUsage of job (MB)
	43372  -  ResidentSetSize of job (KB)
...
006 (4595220.000.000) 2025-01-29 01:05:23 Image size of job updated: 345784
	44  -  MemoryUsage of job (MB)
	44088  -  ResidentSetSize of job (KB)
...
005 (4595220.000.000) 2025-01-29 01:05:23 Job terminated.
	(1) Normal termination (return value 0)
		Usr 0 00:00:03, Sys 0 00:00:01  -  Run Remote Usage
		Usr 0 00:00:00, Sys 0 00:00:00  -  Run Local Usage
		Usr 0 00:00:03, Sys 0 00:00:01  -  Total Remote Usage
		Usr 0 00:00:00, Sys 0 00:00:00  -  Total Local Usage
	0  -  Run Bytes Sent By Job
	0  -  Run Bytes Received By Job
	0  -  Total Bytes Sent By Job
	0  -  Total Bytes Received By Job
	Partitionable Resources :    Usage  Request Allocated 
	   Cpus                 :                 1         1 
	   Disk (KB)            :        2        2   6681232 
	   Memory (MB)          :       44   128192    128256 
	   xferslots            :                           0 

	Job terminated of its own accord at 2025-01-29T06:05:23Z with exit-code 0.
...
000 (4596241.000.000) 2025-01-30 00:27:06 Job submitted from host: <130.199.48.82:9618?addrs=130.199.48.82-9618&alias=rcas2063.rcf.bnl.gov&noUDP&sock=schedd_23786_1176>
...
001 (4596241.000.000) 2025-01-30 10:10:31 Job executing on host: <130.199.150.69:9618?addrs=130.199.150.69-9618&alias=spool1550.sdcc.bnl.gov&noUDP&sock=startd_69413_700d>
...
006 (4596241.000.000) 2025-01-30 10:10:40 Image size of job updated: 12632
	7  -  MemoryUsage of job (MB)
	6392  -  ResidentSetSize of job (KB)
...
006 (4596241.000.000) 2025-01-30 10:15:41 Image size of job updated: 5025444
	667  -  MemoryUsage of job (MB)
	682408  -  ResidentSetSize of job (KB)
...
006 (4596241.000.000) 2025-01-30 10:20:42 Image size of job updated: 6985556
	3807  -  MemoryUsage of job (MB)
	3897676  -  ResidentSetSize of job (KB)
...
006 (4596241.000.000) 2025-01-30 10:25:42 Image size of job updated: 9396092
	4994  -  MemoryUsage of job (MB)
	5113024  -  ResidentSetSize of job (KB)
...
006 (4596241.000.000) 2025-01-30 10:30:42 Image size of job updated: 11496320
	8078  -  MemoryUsage of job (MB)
	8271328  -  ResidentSetSize of job (KB)
...
006 (4596241.000.000) 2025-01-30 10:35:43 Image size of job updated: 14022112
	9679  -  MemoryUsage of job (MB)
	9910308  -  ResidentSetSize of job (KB)
...
006 (4596241.000.000) 2025-01-30 10:40:43 Image size of job updated: 15943180
	12634  -  MemoryUsage of job (MB)
	12936264  -  ResidentSetSize of job (KB)
...
006 (4596241.000.000) 2025-01-30 10:45:43 Image size of job updated: 19342204
	14713  -  MemoryUsage of job (MB)
	15065208  -  ResidentSetSize of job (KB)
...
006 (4596241.000.000) 2025-01-30 10:50:44 Image size of job updated: 21335828
	17724  -  MemoryUsage of job (MB)
	18148808  -  ResidentSetSize of job (KB)
...
006 (4596241.000.000) 2025-01-30 10:55:45 Image size of job updated: 23401068
	19179  -  MemoryUsage of job (MB)
	19638444  -  ResidentSetSize of job (KB)
...
006 (4596241.000.000) 2025-01-30 11:00:45 Image size of job updated: 25859336
	22136  -  MemoryUsage of job (MB)
	22666796  -  ResidentSetSize of job (KB)
...
006 (4596241.000.000) 2025-01-30 11:05:46 Image size of job updated: 27576648
	23428  -  MemoryUsage of job (MB)
	23989932  -  ResidentSetSize of job (KB)
...
006 (4596241.000.000) 2025-01-30 11:10:47 Image size of job updated: 30168664
	26028  -  MemoryUsage of job (MB)
	26652548  -  ResidentSetSize of job (KB)
...
006 (4596241.000.000) 2025-01-30 11:15:47 Image size of job updated: 31364532
	27164  -  MemoryUsage of job (MB)
	27815232  -  ResidentSetSize of job (KB)
...
006 (4596241.000.000) 2025-01-30 11:20:48 Image size of job updated: 33994608
	30125  -  MemoryUsage of job (MB)
	30847096  -  ResidentSetSize of job (KB)
...
006 (4596241.000.000) 2025-01-30 11:22:54 Image size of job updated: 35500876
	30125  -  MemoryUsage of job (MB)
	30847096  -  ResidentSetSize of job (KB)
...
005 (4596241.000.000) 2025-01-30 11:22:54 Job terminated.
	(1) Normal termination (return value 0)
		Usr 0 00:48:36, Sys 0 00:05:41  -  Run Remote Usage
		Usr 0 00:00:00, Sys 0 00:00:00  -  Run Local Usage
		Usr 0 00:48:36, Sys 0 00:05:41  -  Total Remote Usage
		Usr 0 00:00:00, Sys 0 00:00:00  -  Total Local Usage
	0  -  Run Bytes Sent By Job
	0  -  Run Bytes Received By Job
	0  -  Total Bytes Sent By Job
	0  -  Total Bytes Received By Job
	Partitionable Resources :    Usage  Request Allocated 
	   Cpus                 :     0.81        1         1 
	   Disk (KB)            :     2           2   6681237 
	   Memory (MB)          : 30125      128192    128256 
	   xferslots            :                           0 

	Job terminated of its own accord at 2025-01-30T16:22:54Z with exit-code 0.
...
000 (4597445.000.000) 2025-02-02 20:58:37 Job submitted from host: <130.199.48.82:9618?addrs=130.199.48.82-9618&alias=rcas2063.rcf.bnl.gov&noUDP&sock=schedd_23786_1176>
...
001 (4597445.000.000) 2025-02-02 21:04:24 Job executing on host: <130.199.186.28:9618?addrs=130.199.186.28-9618&alias=spool1825.sdcc.bnl.gov&noUDP&sock=startd_62164_3881>
...
006 (4597445.000.000) 2025-02-02 21:04:33 Image size of job updated: 591752
	147  -  MemoryUsage of job (MB)
	150036  -  ResidentSetSize of job (KB)
...
005 (4597445.000.000) 2025-02-02 21:04:35 Job terminated.
	(1) Normal termination (return value 139)
		Usr 0 00:00:05, Sys 0 00:00:02  -  Run Remote Usage
		Usr 0 00:00:00, Sys 0 00:00:00  -  Run Local Usage
		Usr 0 00:00:05, Sys 0 00:00:02  -  Total Remote Usage
		Usr 0 00:00:00, Sys 0 00:00:00  -  Total Local Usage
	0  -  Run Bytes Sent By Job
	0  -  Run Bytes Received By Job
	0  -  Total Bytes Sent By Job
	0  -  Total Bytes Received By Job
	Partitionable Resources :    Usage  Request Allocated 
	   Cpus                 :                 1         1 
	   Disk (KB)            :        2        2   6681629 
	   Memory (MB)          :      147   128192    128256 
	   xferslots            :                           0 

	Job terminated of its own accord at 2025-02-03T02:04:35Z with exit-code 139.
...
