000 (4595944.000.000) 2025-01-28 23:09:22 Job submitted from host: <130.199.48.82:9618?addrs=130.199.48.82-9618&alias=rcas2063.rcf.bnl.gov&noUDP&sock=schedd_23786_1176>
...
001 (4595944.000.000) 2025-01-29 01:32:05 Job executing on host: <130.199.184.158:9618?addrs=130.199.184.158-9618&alias=spool1767.sdcc.bnl.gov&noUDP&sock=startd_62920_7c34>
...
006 (4595944.000.000) 2025-01-29 01:32:14 Image size of job updated: 190152
	115  -  MemoryUsage of job (MB)
	116960  -  ResidentSetSize of job (KB)
...
006 (4595944.000.000) 2025-01-29 01:32:16 Image size of job updated: 190180
	115  -  MemoryUsage of job (MB)
	116988  -  ResidentSetSize of job (KB)
...
005 (4595944.000.000) 2025-01-29 01:32:16 Job terminated.
	(1) Normal termination (return value 0)
		Usr 0 00:00:03, Sys 0 00:00:01  -  Run Remote Usage
		Usr 0 00:00:00, Sys 0 00:00:00  -  Run Local Usage
		Usr 0 00:00:03, Sys 0 00:00:01  -  Total Remote Usage
		Usr 0 00:00:00, Sys 0 00:00:00  -  Total Local Usage
	0  -  Run Bytes Sent By Job
	0  -  Run Bytes Received By Job
	0  -  Total Bytes Sent By Job
	0  -  Total Bytes Received By Job
	Partitionable Resources :    Usage  Request Allocated 
	   Cpus                 :                 1         1 
	   Disk (KB)            :        2        2   6681619 
	   Memory (MB)          :      115   128192    128256 
	   xferslots            :                           0 

	Job terminated of its own accord at 2025-01-29T06:32:16Z with exit-code 0.
...
000 (4596965.000.000) 2025-01-30 00:28:18 Job submitted from host: <130.199.48.82:9618?addrs=130.199.48.82-9618&alias=rcas2063.rcf.bnl.gov&noUDP&sock=schedd_23786_1176>
...
009 (4596965.000.000) 2025-01-30 19:29:27 Job was aborted.
	via condor_rm (by user sgross)
...
000 (4598169.000.000) 2025-02-02 21:00:00 Job submitted from host: <130.199.48.82:9618?addrs=130.199.48.82-9618&alias=rcas2063.rcf.bnl.gov&noUDP&sock=schedd_23786_1176>
...
001 (4598169.000.000) 2025-02-02 21:06:27 Job executing on host: <130.199.151.28:9618?addrs=130.199.151.28-9618&alias=spool1606.sdcc.bnl.gov&noUDP&sock=startd_48258_25b3>
...
006 (4598169.000.000) 2025-02-02 21:06:35 Image size of job updated: 188000
	113  -  MemoryUsage of job (MB)
	115432  -  ResidentSetSize of job (KB)
...
006 (4598169.000.000) 2025-02-02 21:06:40 Image size of job updated: 3039000
	114  -  MemoryUsage of job (MB)
	116040  -  ResidentSetSize of job (KB)
...
005 (4598169.000.000) 2025-02-02 21:06:41 Job terminated.
	(1) Normal termination (return value 139)
		Usr 0 00:00:05, Sys 0 00:00:02  -  Run Remote Usage
		Usr 0 00:00:00, Sys 0 00:00:00  -  Run Local Usage
		Usr 0 00:00:05, Sys 0 00:00:02  -  Total Remote Usage
		Usr 0 00:00:00, Sys 0 00:00:00  -  Total Local Usage
	0  -  Run Bytes Sent By Job
	0  -  Run Bytes Received By Job
	0  -  Total Bytes Sent By Job
	0  -  Total Bytes Received By Job
	Partitionable Resources :    Usage  Request Allocated 
	   Cpus                 :        0        1         1 
	   Disk (KB)            :        2        2   6681240 
	   Memory (MB)          :      114   128192    128256 
	   xferslots            :                           0 

	Job terminated of its own accord at 2025-02-03T02:06:40Z with exit-code 139.
...
000 (4607886.000.000) 2025-02-03 00:29:32 Job submitted from host: <130.199.48.82:9618?addrs=130.199.48.82-9618&alias=rcas2063.rcf.bnl.gov&noUDP&sock=schedd_23786_1176>
...
