000 (4599003.000.000) 2025-02-02 21:01:28 Job submitted from host: <130.199.48.82:9618?addrs=130.199.48.82-9618&alias=rcas2063.rcf.bnl.gov&noUDP&sock=schedd_23786_1176>
...
001 (4599003.000.000) 2025-02-02 21:07:33 Job executing on host: <130.199.151.26:9618?addrs=130.199.151.26-9618&alias=spool1604.sdcc.bnl.gov&noUDP&sock=startd_96373_eff7>
...
006 (4599003.000.000) 2025-02-02 21:07:42 Image size of job updated: 474100
	335  -  MemoryUsage of job (MB)
	342152  -  ResidentSetSize of job (KB)
...
006 (4599003.000.000) 2025-02-02 21:07:43 Image size of job updated: 3588052
	335  -  MemoryUsage of job (MB)
	342152  -  ResidentSetSize of job (KB)
...
005 (4599003.000.000) 2025-02-02 21:07:43 Job terminated.
	(1) Normal termination (return value 139)
		Usr 0 00:00:06, Sys 0 00:00:02  -  Run Remote Usage
		Usr 0 00:00:00, Sys 0 00:00:00  -  Run Local Usage
		Usr 0 00:00:06, Sys 0 00:00:02  -  Total Remote Usage
		Usr 0 00:00:00, Sys 0 00:00:00  -  Total Local Usage
	0  -  Run Bytes Sent By Job
	0  -  Run Bytes Received By Job
	0  -  Total Bytes Sent By Job
	0  -  Total Bytes Received By Job
	Partitionable Resources :    Usage  Request Allocated 
	   Cpus                 :                 1         1 
	   Disk (KB)            :        2        2   6681225 
	   Memory (MB)          :      335   128192    128256 
	   xferslots            :                           0 

	Job terminated of its own accord at 2025-02-03T02:07:43Z with exit-code 139.
...
