000 (4595212.000.000) 2025-01-28 23:08:24 Job submitted from host: <130.199.48.82:9618?addrs=130.199.48.82-9618&alias=rcas2063.rcf.bnl.gov&noUDP&sock=schedd_23786_1176>
...
001 (4595212.000.000) 2025-01-28 23:19:21 Job executing on host: <130.199.184.202:9618?addrs=130.199.184.202-9618&alias=spool1777.sdcc.bnl.gov&noUDP&sock=startd_713_c146>
...
006 (4595212.000.000) 2025-01-28 23:19:29 Image size of job updated: 33940
	7  -  MemoryUsage of job (MB)
	6472  -  ResidentSetSize of job (KB)
...
006 (4595212.000.000) 2025-01-28 23:24:29 Image size of job updated: 5211104
	1726  -  MemoryUsage of job (MB)
	1767224  -  ResidentSetSize of job (KB)
...
000 (4596213.000.000) 2025-01-28 23:26:46 Job submitted from host: <130.199.48.82:9618?addrs=130.199.48.82-9618&alias=rcas2063.rcf.bnl.gov&noUDP&sock=schedd_23786_1176>
...
009 (4596213.000.000) 2025-01-28 23:27:53 Job was aborted.
	via condor_rm (by user sgross)
...
006 (4595212.000.000) 2025-01-28 23:29:30 Image size of job updated: 8740616
	4052  -  MemoryUsage of job (MB)
	4148528  -  ResidentSetSize of job (KB)
...
006 (4595212.000.000) 2025-01-28 23:34:31 Image size of job updated: 9029600
	5819  -  MemoryUsage of job (MB)
	5958544  -  ResidentSetSize of job (KB)
...
006 (4595212.000.000) 2025-01-28 23:39:31 Image size of job updated: 12489116
	7704  -  MemoryUsage of job (MB)
	7888548  -  ResidentSetSize of job (KB)
...
006 (4595212.000.000) 2025-01-28 23:44:32 Image size of job updated: 13319368
	9389  -  MemoryUsage of job (MB)
	9614272  -  ResidentSetSize of job (KB)
...
006 (4595212.000.000) 2025-01-28 23:49:33 Image size of job updated: 16710844
	11580  -  MemoryUsage of job (MB)
	11857364  -  ResidentSetSize of job (KB)
...
006 (4595212.000.000) 2025-01-28 23:54:33 Image size of job updated: 17050216
	12918  -  MemoryUsage of job (MB)
	13227796  -  ResidentSetSize of job (KB)
...
006 (4595212.000.000) 2025-01-28 23:59:33 Image size of job updated: 19869348
	15183  -  MemoryUsage of job (MB)
	15547164  -  ResidentSetSize of job (KB)
...
006 (4595212.000.000) 2025-01-29 00:04:34 Image size of job updated: 20466900
	16160  -  MemoryUsage of job (MB)
	16547072  -  ResidentSetSize of job (KB)
...
006 (4595212.000.000) 2025-01-29 00:09:34 Image size of job updated: 22487440
	18963  -  MemoryUsage of job (MB)
	19417444  -  ResidentSetSize of job (KB)
...
006 (4595212.000.000) 2025-01-29 00:14:34 Image size of job updated: 24852372
	19889  -  MemoryUsage of job (MB)
	20365324  -  ResidentSetSize of job (KB)
...
006 (4595212.000.000) 2025-01-29 00:19:35 Image size of job updated: 25584508
	21906  -  MemoryUsage of job (MB)
	22430840  -  ResidentSetSize of job (KB)
...
006 (4595212.000.000) 2025-01-29 00:24:36 Image size of job updated: 29067764
	24114  -  MemoryUsage of job (MB)
	24692436  -  ResidentSetSize of job (KB)
...
006 (4595212.000.000) 2025-01-29 00:29:36 Image size of job updated: 29854060
	25429  -  MemoryUsage of job (MB)
	26039028  -  ResidentSetSize of job (KB)
...
006 (4595212.000.000) 2025-01-29 00:34:37 Image size of job updated: 31907320
	28146  -  MemoryUsage of job (MB)
	28820640  -  ResidentSetSize of job (KB)
...
006 (4595212.000.000) 2025-01-29 00:39:38 Image size of job updated: 34179004
	28808  -  MemoryUsage of job (MB)
	29499084  -  ResidentSetSize of job (KB)
...
006 (4595212.000.000) 2025-01-29 00:44:38 Image size of job updated: 34647796
	30480  -  MemoryUsage of job (MB)
	31211160  -  ResidentSetSize of job (KB)
...
006 (4595212.000.000) 2025-01-29 00:49:38 Image size of job updated: 37019396
	32863  -  MemoryUsage of job (MB)
	33651128  -  ResidentSetSize of job (KB)
...
006 (4595212.000.000) 2025-01-29 00:54:39 Image size of job updated: 38463932
	33647  -  MemoryUsage of job (MB)
	34454400  -  ResidentSetSize of job (KB)
...
006 (4595212.000.000) 2025-01-29 00:59:39 Image size of job updated: 39916456
	35954  -  MemoryUsage of job (MB)
	36816056  -  ResidentSetSize of job (KB)
...
006 (4595212.000.000) 2025-01-29 01:04:39 Image size of job updated: 42573272
	36922  -  MemoryUsage of job (MB)
	37807560  -  ResidentSetSize of job (KB)
...
006 (4595212.000.000) 2025-01-29 01:09:40 Image size of job updated: 43216512
	38679  -  MemoryUsage of job (MB)
	39607148  -  ResidentSetSize of job (KB)
...
006 (4595212.000.000) 2025-01-29 01:14:40 Image size of job updated: 45697888
	41496  -  MemoryUsage of job (MB)
	42490948  -  ResidentSetSize of job (KB)
...
006 (4595212.000.000) 2025-01-29 01:19:40 Image size of job updated: 47467700
	42197  -  MemoryUsage of job (MB)
	43209092  -  ResidentSetSize of job (KB)
...
006 (4595212.000.000) 2025-01-29 01:24:42 Image size of job updated: 48715868
	44540  -  MemoryUsage of job (MB)
	45608568  -  ResidentSetSize of job (KB)
...
006 (4595212.000.000) 2025-01-29 01:29:42 Image size of job updated: 52108288
	45998  -  MemoryUsage of job (MB)
	47101432  -  ResidentSetSize of job (KB)
...
006 (4595212.000.000) 2025-01-29 01:34:42 Image size of job updated: 52451700
	47553  -  MemoryUsage of job (MB)
	48693780  -  ResidentSetSize of job (KB)
...
006 (4595212.000.000) 2025-01-29 01:39:43 Image size of job updated: 54826900
	50208  -  MemoryUsage of job (MB)
	51412120  -  ResidentSetSize of job (KB)
...
006 (4595212.000.000) 2025-01-29 01:44:44 Image size of job updated: 56515696
	50958  -  MemoryUsage of job (MB)
	52180680  -  ResidentSetSize of job (KB)
...
006 (4595212.000.000) 2025-01-29 01:49:44 Image size of job updated: 57573740
	53107  -  MemoryUsage of job (MB)
	54381364  -  ResidentSetSize of job (KB)
...
006 (4595212.000.000) 2025-01-29 01:54:45 Image size of job updated: 61369768
	55413  -  MemoryUsage of job (MB)
	56742084  -  ResidentSetSize of job (KB)
...
006 (4595212.000.000) 2025-01-29 01:59:46 Image size of job updated: 61434120
	56322  -  MemoryUsage of job (MB)
	57673132  -  ResidentSetSize of job (KB)
...
006 (4595212.000.000) 2025-01-29 02:04:46 Image size of job updated: 63111072
	58572  -  MemoryUsage of job (MB)
	59977656  -  ResidentSetSize of job (KB)
...
006 (4595212.000.000) 2025-01-29 02:08:21 Image size of job updated: 65047360
	58572  -  MemoryUsage of job (MB)
	59977656  -  ResidentSetSize of job (KB)
...
005 (4595212.000.000) 2025-01-29 02:08:21 Job terminated.
	(1) Normal termination (return value 0)
		Usr 0 01:45:04, Sys 0 00:12:38  -  Run Remote Usage
		Usr 0 00:00:00, Sys 0 00:00:00  -  Run Local Usage
		Usr 0 01:45:04, Sys 0 00:12:38  -  Total Remote Usage
		Usr 0 00:00:00, Sys 0 00:00:00  -  Total Local Usage
	0  -  Run Bytes Sent By Job
	0  -  Run Bytes Received By Job
	0  -  Total Bytes Sent By Job
	0  -  Total Bytes Received By Job
	Partitionable Resources :    Usage  Request Allocated 
	   Cpus                 :     0.84        1         1 
	   Disk (KB)            :     2           2   6681625 
	   Memory (MB)          : 58572      128192    128256 
	   xferslots            :                           0 

	Job terminated of its own accord at 2025-01-29T07:08:21Z with exit-code 0.
...
000 (4596233.000.000) 2025-01-30 00:27:05 Job submitted from host: <130.199.48.82:9618?addrs=130.199.48.82-9618&alias=rcas2063.rcf.bnl.gov&noUDP&sock=schedd_23786_1176>
...
001 (4596233.000.000) 2025-01-30 09:34:57 Job executing on host: <130.199.186.76:9618?addrs=130.199.186.76-9618&alias=spool1839.sdcc.bnl.gov&noUDP&sock=startd_48828_8b8a>
...
006 (4596233.000.000) 2025-01-30 09:35:05 Image size of job updated: 20524
	8  -  MemoryUsage of job (MB)
	7208  -  ResidentSetSize of job (KB)
...
006 (4596233.000.000) 2025-01-30 09:40:05 Image size of job updated: 5081828
	1206  -  MemoryUsage of job (MB)
	1234776  -  ResidentSetSize of job (KB)
...
006 (4596233.000.000) 2025-01-30 09:45:05 Image size of job updated: 8953276
	3958  -  MemoryUsage of job (MB)
	4052828  -  ResidentSetSize of job (KB)
...
006 (4596233.000.000) 2025-01-30 09:50:06 Image size of job updated: 8953276
	5391  -  MemoryUsage of job (MB)
	5519452  -  ResidentSetSize of job (KB)
...
006 (4596233.000.000) 2025-01-30 09:55:06 Image size of job updated: 11536236
	7590  -  MemoryUsage of job (MB)
	7771184  -  ResidentSetSize of job (KB)
...
006 (4596233.000.000) 2025-01-30 10:00:06 Image size of job updated: 13156692
	9231  -  MemoryUsage of job (MB)
	9452384  -  ResidentSetSize of job (KB)
...
006 (4596233.000.000) 2025-01-30 10:09:54 Image size of job updated: 15689488
	15194  -  MemoryUsage of job (MB)
	15557824  -  ResidentSetSize of job (KB)
...
006 (4596233.000.000) 2025-01-30 10:24:19 Image size of job updated: 24954856
	20046  -  MemoryUsage of job (MB)
	20526108  -  ResidentSetSize of job (KB)
...
006 (4596233.000.000) 2025-01-30 10:35:51 Image size of job updated: 29327364
	24718  -  MemoryUsage of job (MB)
	25311024  -  ResidentSetSize of job (KB)
...
006 (4596233.000.000) 2025-01-30 10:42:47 Image size of job updated: 33024616
	28500  -  MemoryUsage of job (MB)
	29183160  -  ResidentSetSize of job (KB)
...
006 (4596233.000.000) 2025-01-30 10:47:47 Image size of job updated: 33975752
	29233  -  MemoryUsage of job (MB)
	29934224  -  ResidentSetSize of job (KB)
...
006 (4596233.000.000) 2025-01-30 10:52:48 Image size of job updated: 35459168
	31388  -  MemoryUsage of job (MB)
	32141308  -  ResidentSetSize of job (KB)
...
006 (4596233.000.000) 2025-01-30 10:57:49 Image size of job updated: 38538760
	32934  -  MemoryUsage of job (MB)
	33723804  -  ResidentSetSize of job (KB)
...
006 (4596233.000.000) 2025-01-30 11:02:49 Image size of job updated: 38538760
	34012  -  MemoryUsage of job (MB)
	34827284  -  ResidentSetSize of job (KB)
...
006 (4596233.000.000) 2025-01-30 11:07:50 Image size of job updated: 40356456
	36431  -  MemoryUsage of job (MB)
	37304680  -  ResidentSetSize of job (KB)
...
006 (4596233.000.000) 2025-01-30 11:12:51 Image size of job updated: 42553608
	36989  -  MemoryUsage of job (MB)
	37875736  -  ResidentSetSize of job (KB)
...
006 (4596233.000.000) 2025-01-30 11:17:51 Image size of job updated: 43144980
	38584  -  MemoryUsage of job (MB)
	39509988  -  ResidentSetSize of job (KB)
...
006 (4596233.000.000) 2025-01-30 11:22:52 Image size of job updated: 45444984
	41265  -  MemoryUsage of job (MB)
	42255196  -  ResidentSetSize of job (KB)
...
006 (4596233.000.000) 2025-01-30 11:27:53 Image size of job updated: 47366136
	41886  -  MemoryUsage of job (MB)
	42890716  -  ResidentSetSize of job (KB)
...
006 (4596233.000.000) 2025-01-30 11:32:53 Image size of job updated: 48127444
	43506  -  MemoryUsage of job (MB)
	44549968  -  ResidentSetSize of job (KB)
...
006 (4596233.000.000) 2025-01-30 11:37:53 Image size of job updated: 50580244
	45837  -  MemoryUsage of job (MB)
	46936328  -  ResidentSetSize of job (KB)
...
006 (4596233.000.000) 2025-01-30 11:42:54 Image size of job updated: 51854536
	46338  -  MemoryUsage of job (MB)
	47450064  -  ResidentSetSize of job (KB)
...
006 (4596233.000.000) 2025-01-30 11:47:54 Image size of job updated: 52288228
	48012  -  MemoryUsage of job (MB)
	49164156  -  ResidentSetSize of job (KB)
...
006 (4596233.000.000) 2025-01-30 11:52:54 Image size of job updated: 54761932
	50246  -  MemoryUsage of job (MB)
	51451824  -  ResidentSetSize of job (KB)
...
006 (4596233.000.000) 2025-01-30 11:57:55 Image size of job updated: 56305312
	50803  -  MemoryUsage of job (MB)
	52021712  -  ResidentSetSize of job (KB)
...
006 (4596233.000.000) 2025-01-30 12:02:55 Image size of job updated: 57346836
	52532  -  MemoryUsage of job (MB)
	53792084  -  ResidentSetSize of job (KB)
...
006 (4596233.000.000) 2025-01-30 12:07:55 Image size of job updated: 59614848
	55192  -  MemoryUsage of job (MB)
	56515808  -  ResidentSetSize of job (KB)
...
006 (4596233.000.000) 2025-01-30 12:12:57 Image size of job updated: 61633872
	55745  -  MemoryUsage of job (MB)
	57082408  -  ResidentSetSize of job (KB)
...
006 (4596233.000.000) 2025-01-30 12:17:57 Image size of job updated: 62040472
	57212  -  MemoryUsage of job (MB)
	58584448  -  ResidentSetSize of job (KB)
...
006 (4596233.000.000) 2025-01-30 12:22:57 Image size of job updated: 64419524
	59774  -  MemoryUsage of job (MB)
	61208136  -  ResidentSetSize of job (KB)
...
006 (4596233.000.000) 2025-01-30 12:24:27 Image size of job updated: 65213316
	59774  -  MemoryUsage of job (MB)
	61208136  -  ResidentSetSize of job (KB)
...
005 (4596233.000.000) 2025-01-30 12:24:27 Job terminated.
	(1) Normal termination (return value 0)
		Usr 0 01:51:00, Sys 0 00:12:50  -  Run Remote Usage
		Usr 0 00:00:00, Sys 0 00:00:00  -  Run Local Usage
		Usr 0 01:51:00, Sys 0 00:12:50  -  Total Remote Usage
		Usr 0 00:00:00, Sys 0 00:00:00  -  Total Local Usage
	0  -  Run Bytes Sent By Job
	0  -  Run Bytes Received By Job
	0  -  Total Bytes Sent By Job
	0  -  Total Bytes Received By Job
	Partitionable Resources :    Usage  Request Allocated 
	   Cpus                 :     0.83        1         1 
	   Disk (KB)            :     2           2   6681624 
	   Memory (MB)          : 59774      128192    128256 
	   xferslots            :                           0 

	Job terminated of its own accord at 2025-01-30T17:24:27Z with exit-code 0.
...
000 (4597437.000.000) 2025-02-02 20:58:36 Job submitted from host: <130.199.48.82:9618?addrs=130.199.48.82-9618&alias=rcas2063.rcf.bnl.gov&noUDP&sock=schedd_23786_1176>
...
001 (4597437.000.000) 2025-02-02 21:04:01 Job executing on host: <130.199.150.71:9618?addrs=130.199.150.71-9618&alias=spool1552.sdcc.bnl.gov&noUDP&sock=startd_82644_e1d6>
...
006 (4597437.000.000) 2025-02-02 21:04:10 Image size of job updated: 3388772
	292  -  MemoryUsage of job (MB)
	298028  -  ResidentSetSize of job (KB)
...
005 (4597437.000.000) 2025-02-02 21:04:11 Job terminated.
	(1) Normal termination (return value 139)
		Usr 0 00:00:06, Sys 0 00:00:02  -  Run Remote Usage
		Usr 0 00:00:00, Sys 0 00:00:00  -  Run Local Usage
		Usr 0 00:00:06, Sys 0 00:00:02  -  Total Remote Usage
		Usr 0 00:00:00, Sys 0 00:00:00  -  Total Local Usage
	0  -  Run Bytes Sent By Job
	0  -  Run Bytes Received By Job
	0  -  Total Bytes Sent By Job
	0  -  Total Bytes Received By Job
	Partitionable Resources :    Usage  Request Allocated 
	   Cpus                 :                 1         1 
	   Disk (KB)            :        2        2   6681233 
	   Memory (MB)          :      292   128192    128256 
	   xferslots            :                           0 

	Job terminated of its own accord at 2025-02-03T02:04:11Z with exit-code 139.
...
000 (4607154.000.000) 2025-02-03 00:28:08 Job submitted from host: <130.199.48.82:9618?addrs=130.199.48.82-9618&alias=rcas2063.rcf.bnl.gov&noUDP&sock=schedd_23786_1176>
...
