000 (4595754.000.000) 2025-01-28 23:09:07 Job submitted from host: <130.199.48.82:9618?addrs=130.199.48.82-9618&alias=rcas2063.rcf.bnl.gov&noUDP&sock=schedd_23786_1176>
...
001 (4595754.000.000) 2025-01-29 01:28:51 Job executing on host: <130.199.186.92:9618?addrs=130.199.186.92-9618&alias=spool1855.sdcc.bnl.gov&noUDP&sock=startd_51230_bf6c>
...
006 (4595754.000.000) 2025-01-29 01:28:59 Image size of job updated: 194832
	119  -  MemoryUsage of job (MB)
	120952  -  ResidentSetSize of job (KB)
...
006 (4595754.000.000) 2025-01-29 01:29:02 Image size of job updated: 194836
	119  -  MemoryUsage of job (MB)
	120952  -  ResidentSetSize of job (KB)
...
005 (4595754.000.000) 2025-01-29 01:29:02 Job terminated.
	(1) Normal termination (return value 0)
		Usr 0 00:00:04, Sys 0 00:00:02  -  Run Remote Usage
		Usr 0 00:00:00, Sys 0 00:00:00  -  Run Local Usage
		Usr 0 00:00:04, Sys 0 00:00:02  -  Total Remote Usage
		Usr 0 00:00:00, Sys 0 00:00:00  -  Total Local Usage
	0  -  Run Bytes Sent By Job
	0  -  Run Bytes Received By Job
	0  -  Total Bytes Sent By Job
	0  -  Total Bytes Received By Job
	Partitionable Resources :    Usage  Request Allocated 
	   Cpus                 :                 1         1 
	   Disk (KB)            :        2        2   6681629 
	   Memory (MB)          :      119   128192    128256 
	   xferslots            :                           0 

	Job terminated of its own accord at 2025-01-29T06:29:02Z with exit-code 0.
...
000 (4596775.000.000) 2025-01-30 00:28:00 Job submitted from host: <130.199.48.82:9618?addrs=130.199.48.82-9618&alias=rcas2063.rcf.bnl.gov&noUDP&sock=schedd_23786_1176>
...
001 (4596775.000.000) 2025-01-30 18:25:51 Job executing on host: <130.199.151.21:9618?addrs=130.199.151.21-9618&alias=spool1599.sdcc.bnl.gov&noUDP&sock=startd_65000_c767>
...
006 (4596775.000.000) 2025-01-30 18:26:00 Image size of job updated: 150600
	82  -  MemoryUsage of job (MB)
	83672  -  ResidentSetSize of job (KB)
...
006 (4596775.000.000) 2025-01-30 18:31:01 Image size of job updated: 5160852
	862  -  MemoryUsage of job (MB)
	882140  -  ResidentSetSize of job (KB)
...
006 (4596775.000.000) 2025-01-30 18:36:02 Image size of job updated: 8310472
	5071  -  MemoryUsage of job (MB)
	5192308  -  ResidentSetSize of job (KB)
...
006 (4596775.000.000) 2025-01-30 18:41:02 Image size of job updated: 11415492
	8090  -  MemoryUsage of job (MB)
	8283812  -  ResidentSetSize of job (KB)
...
006 (4596775.000.000) 2025-01-30 18:46:03 Image size of job updated: 14860936
	11462  -  MemoryUsage of job (MB)
	11736104  -  ResidentSetSize of job (KB)
...
006 (4596775.000.000) 2025-01-30 18:51:04 Image size of job updated: 18874108
	14969  -  MemoryUsage of job (MB)
	15327984  -  ResidentSetSize of job (KB)
...
006 (4596775.000.000) 2025-01-30 18:56:04 Image size of job updated: 22778220
	18607  -  MemoryUsage of job (MB)
	19052920  -  ResidentSetSize of job (KB)
...
006 (4596775.000.000) 2025-01-30 19:01:04 Image size of job updated: 25866208
	21863  -  MemoryUsage of job (MB)
	22386868  -  ResidentSetSize of job (KB)
...
006 (4596775.000.000) 2025-01-30 19:06:05 Image size of job updated: 30890252
	25694  -  MemoryUsage of job (MB)
	26310168  -  ResidentSetSize of job (KB)
...
006 (4596775.000.000) 2025-01-30 19:11:05 Image size of job updated: 33461960
	29767  -  MemoryUsage of job (MB)
	30480680  -  ResidentSetSize of job (KB)
...
006 (4596775.000.000) 2025-01-30 19:16:05 Image size of job updated: 36813236
	32984  -  MemoryUsage of job (MB)
	33774596  -  ResidentSetSize of job (KB)
...
006 (4596775.000.000) 2025-01-30 19:21:06 Image size of job updated: 41017700
	36336  -  MemoryUsage of job (MB)
	37207200  -  ResidentSetSize of job (KB)
...
006 (4596775.000.000) 2025-01-30 19:26:06 Image size of job updated: 44835652
	39597  -  MemoryUsage of job (MB)
	40546348  -  ResidentSetSize of job (KB)
...
006 (4596775.000.000) 2025-01-30 19:29:26 Image size of job updated: 46736332
	42558  -  MemoryUsage of job (MB)
	43578740  -  ResidentSetSize of job (KB)
...
006 (4596775.000.000) 2025-01-30 19:29:27 Image size of job updated: 46762408
	42560  -  MemoryUsage of job (MB)
	43581440  -  ResidentSetSize of job (KB)
...
004 (4596775.000.000) 2025-01-30 19:29:27 Job was evicted.
	(0) CPU times
		Usr 0 01:05:36, Sys 0 00:06:56  -  Run Remote Usage
		Usr 0 00:00:00, Sys 0 00:00:00  -  Run Local Usage
	0  -  Run Bytes Sent By Job
	0  -  Run Bytes Received By Job
	Partitionable Resources :    Usage  Request Allocated 
	   Cpus                 :     1.68        1         1 
	   Disk (KB)            :     2           2   6681177 
	   Memory (MB)          : 42560      128192    128256 
	   xferslots            :                           0 
...
009 (4596775.000.000) 2025-01-30 19:29:27 Job was aborted.
	via condor_rm (by user sgross)

	Job terminated by <130.199.48.82:39941> at 2025-01-31T00:29:26Z (using method 1: DEACTIVATE_CLAIM).
...
000 (4597979.000.000) 2025-02-02 20:59:38 Job submitted from host: <130.199.48.82:9618?addrs=130.199.48.82-9618&alias=rcas2063.rcf.bnl.gov&noUDP&sock=schedd_23786_1176>
...
001 (4597979.000.000) 2025-02-02 21:06:06 Job executing on host: <130.199.151.31:9618?addrs=130.199.151.31-9618&alias=spool1609.sdcc.bnl.gov&noUDP&sock=startd_83325_68fb>
...
006 (4597979.000.000) 2025-02-02 21:06:15 Image size of job updated: 553424
	334  -  MemoryUsage of job (MB)
	341588  -  ResidentSetSize of job (KB)
...
005 (4597979.000.000) 2025-02-02 21:06:16 Job terminated.
	(1) Normal termination (return value 139)
		Usr 0 00:00:05, Sys 0 00:00:02  -  Run Remote Usage
		Usr 0 00:00:00, Sys 0 00:00:00  -  Run Local Usage
		Usr 0 00:00:05, Sys 0 00:00:02  -  Total Remote Usage
		Usr 0 00:00:00, Sys 0 00:00:00  -  Total Local Usage
	0  -  Run Bytes Sent By Job
	0  -  Run Bytes Received By Job
	0  -  Total Bytes Sent By Job
	0  -  Total Bytes Received By Job
	Partitionable Resources :    Usage  Request Allocated 
	   Cpus                 :                 1         1 
	   Disk (KB)            :        2        2   6681213 
	   Memory (MB)          :      334   128192    128256 
	   xferslots            :                           0 

	Job terminated of its own accord at 2025-02-03T02:06:15Z with exit-code 139.
...
000 (4607696.000.000) 2025-02-03 00:29:10 Job submitted from host: <130.199.48.82:9618?addrs=130.199.48.82-9618&alias=rcas2063.rcf.bnl.gov&noUDP&sock=schedd_23786_1176>
...
