000 (4595491.000.000) 2025-01-28 23:08:46 Job submitted from host: <130.199.48.82:9618?addrs=130.199.48.82-9618&alias=rcas2063.rcf.bnl.gov&noUDP&sock=schedd_23786_1176>
...
001 (4595491.000.000) 2025-01-29 01:24:11 Job executing on host: <130.199.184.213:9618?addrs=130.199.184.213-9618&alias=spool1788.sdcc.bnl.gov&noUDP&sock=startd_11823_ee03>
...
006 (4595491.000.000) 2025-01-29 01:24:19 Image size of job updated: 104724
	55  -  MemoryUsage of job (MB)
	55880  -  ResidentSetSize of job (KB)
...
006 (4595491.000.000) 2025-01-29 01:24:36 Image size of job updated: 566272
	55  -  MemoryUsage of job (MB)
	55880  -  ResidentSetSize of job (KB)
...
005 (4595491.000.000) 2025-01-29 01:24:37 Job terminated.
	(1) Normal termination (return value 0)
		Usr 0 00:00:03, Sys 0 00:00:02  -  Run Remote Usage
		Usr 0 00:00:00, Sys 0 00:00:00  -  Run Local Usage
		Usr 0 00:00:03, Sys 0 00:00:02  -  Total Remote Usage
		Usr 0 00:00:00, Sys 0 00:00:00  -  Total Local Usage
	0  -  Run Bytes Sent By Job
	0  -  Run Bytes Received By Job
	0  -  Total Bytes Sent By Job
	0  -  Total Bytes Received By Job
	Partitionable Resources :    Usage  Request Allocated 
	   Cpus                 :                 1         1 
	   Disk (KB)            :        2        2   6681619 
	   Memory (MB)          :       55   128192    128256 
	   xferslots            :                           0 

	Job terminated of its own accord at 2025-01-29T06:24:36Z with exit-code 0.
...
000 (4596512.000.000) 2025-01-30 00:27:34 Job submitted from host: <130.199.48.82:9618?addrs=130.199.48.82-9618&alias=rcas2063.rcf.bnl.gov&noUDP&sock=schedd_23786_1176>
...
001 (4596512.000.000) 2025-01-30 15:25:29 Job executing on host: <130.199.186.69:9618?addrs=130.199.186.69-9618&alias=spool1832.sdcc.bnl.gov&noUDP&sock=startd_24966_85f7>
...
006 (4596512.000.000) 2025-01-30 15:25:37 Image size of job updated: 298416
	44  -  MemoryUsage of job (MB)
	44456  -  ResidentSetSize of job (KB)
...
006 (4596512.000.000) 2025-01-30 15:30:37 Image size of job updated: 5238328
	457  -  MemoryUsage of job (MB)
	467948  -  ResidentSetSize of job (KB)
...
006 (4596512.000.000) 2025-01-30 15:35:38 Image size of job updated: 7557580
	4368  -  MemoryUsage of job (MB)
	4471928  -  ResidentSetSize of job (KB)
...
006 (4596512.000.000) 2025-01-30 15:40:38 Image size of job updated: 10501904
	7324  -  MemoryUsage of job (MB)
	7499388  -  ResidentSetSize of job (KB)
...
006 (4596512.000.000) 2025-01-30 15:45:38 Image size of job updated: 14046928
	10264  -  MemoryUsage of job (MB)
	10510036  -  ResidentSetSize of job (KB)
...
006 (4596512.000.000) 2025-01-30 15:50:39 Image size of job updated: 17856800
	13397  -  MemoryUsage of job (MB)
	13718048  -  ResidentSetSize of job (KB)
...
006 (4596512.000.000) 2025-01-30 15:55:40 Image size of job updated: 21743876
	17613  -  MemoryUsage of job (MB)
	18034904  -  ResidentSetSize of job (KB)
...
006 (4596512.000.000) 2025-01-30 16:00:40 Image size of job updated: 23911680
	20321  -  MemoryUsage of job (MB)
	20808064  -  ResidentSetSize of job (KB)
...
006 (4596512.000.000) 2025-01-30 16:05:41 Image size of job updated: 26721824
	22940  -  MemoryUsage of job (MB)
	23490288  -  ResidentSetSize of job (KB)
...
006 (4596512.000.000) 2025-01-30 16:10:42 Image size of job updated: 31784384
	26452  -  MemoryUsage of job (MB)
	27086712  -  ResidentSetSize of job (KB)
...
006 (4596512.000.000) 2025-01-30 16:15:42 Image size of job updated: 33614948
	29606  -  MemoryUsage of job (MB)
	30315796  -  ResidentSetSize of job (KB)
...
006 (4596512.000.000) 2025-01-30 16:20:42 Image size of job updated: 37073288
	32547  -  MemoryUsage of job (MB)
	33327276  -  ResidentSetSize of job (KB)
...
006 (4596512.000.000) 2025-01-30 16:25:43 Image size of job updated: 40519268
	35773  -  MemoryUsage of job (MB)
	36631076  -  ResidentSetSize of job (KB)
...
006 (4596512.000.000) 2025-01-30 16:30:04 Image size of job updated: 43203408
	35773  -  MemoryUsage of job (MB)
	36631460  -  ResidentSetSize of job (KB)
...
005 (4596512.000.000) 2025-01-30 16:30:05 Job terminated.
	(1) Normal termination (return value 0)
		Usr 0 00:58:47, Sys 0 00:06:18  -  Run Remote Usage
		Usr 0 00:00:00, Sys 0 00:00:00  -  Run Local Usage
		Usr 0 00:58:47, Sys 0 00:06:18  -  Total Remote Usage
		Usr 0 00:00:00, Sys 0 00:00:00  -  Total Local Usage
	0  -  Run Bytes Sent By Job
	0  -  Run Bytes Received By Job
	0  -  Total Bytes Sent By Job
	0  -  Total Bytes Received By Job
	Partitionable Resources :    Usage  Request Allocated 
	   Cpus                 :     0.88        1         1 
	   Disk (KB)            :     2           2   6681558 
	   Memory (MB)          : 35773      128192    128256 
	   xferslots            :                           0 

	Job terminated of its own accord at 2025-01-30T21:30:04Z with exit-code 0.
...
000 (4597716.000.000) 2025-02-02 20:59:09 Job submitted from host: <130.199.48.82:9618?addrs=130.199.48.82-9618&alias=rcas2063.rcf.bnl.gov&noUDP&sock=schedd_23786_1176>
...
001 (4597716.000.000) 2025-02-02 21:05:35 Job executing on host: <130.199.184.204:9618?addrs=130.199.184.204-9618&alias=spool1779.sdcc.bnl.gov&noUDP&sock=startd_79825_b44a>
...
006 (4597716.000.000) 2025-02-02 21:05:43 Image size of job updated: 2943828
	0  -  MemoryUsage of job (MB)
	0  -  ResidentSetSize of job (KB)
...
005 (4597716.000.000) 2025-02-02 21:05:43 Job terminated.
	(1) Normal termination (return value 139)
		Usr 0 00:00:05, Sys 0 00:00:01  -  Run Remote Usage
		Usr 0 00:00:00, Sys 0 00:00:00  -  Run Local Usage
		Usr 0 00:00:05, Sys 0 00:00:01  -  Total Remote Usage
		Usr 0 00:00:00, Sys 0 00:00:00  -  Total Local Usage
	0  -  Run Bytes Sent By Job
	0  -  Run Bytes Received By Job
	0  -  Total Bytes Sent By Job
	0  -  Total Bytes Received By Job
	Partitionable Resources :    Usage  Request Allocated 
	   Cpus                 :                 1         1 
	   Disk (KB)            :        2        2   6681624 
	   Memory (MB)          :        0   128192    128256 
	   xferslots            :                           0 

	Job terminated of its own accord at 2025-02-03T02:05:43Z with exit-code 139.
...
