000 (4595777.000.000) 2025-01-28 23:09:09 Job submitted from host: <130.199.48.82:9618?addrs=130.199.48.82-9618&alias=rcas2063.rcf.bnl.gov&noUDP&sock=schedd_23786_1176>
...
001 (4595777.000.000) 2025-01-29 01:29:16 Job executing on host: <130.199.186.82:9618?addrs=130.199.186.82-9618&alias=spool1845.sdcc.bnl.gov&noUDP&sock=startd_71843_8085>
...
006 (4595777.000.000) 2025-01-29 01:29:25 Image size of job updated: 327956
	95  -  MemoryUsage of job (MB)
	96872  -  ResidentSetSize of job (KB)
...
006 (4595777.000.000) 2025-01-29 01:29:31 Image size of job updated: 327956
	95  -  MemoryUsage of job (MB)
	96884  -  ResidentSetSize of job (KB)
...
005 (4595777.000.000) 2025-01-29 01:29:31 Job terminated.
	(1) Normal termination (return value 0)
		Usr 0 00:00:03, Sys 0 00:00:01  -  Run Remote Usage
		Usr 0 00:00:00, Sys 0 00:00:00  -  Run Local Usage
		Usr 0 00:00:03, Sys 0 00:00:01  -  Total Remote Usage
		Usr 0 00:00:00, Sys 0 00:00:00  -  Total Local Usage
	0  -  Run Bytes Sent By Job
	0  -  Run Bytes Received By Job
	0  -  Total Bytes Sent By Job
	0  -  Total Bytes Received By Job
	Partitionable Resources :    Usage  Request Allocated 
	   Cpus                 :                 1         1 
	   Disk (KB)            :        2        2   6681620 
	   Memory (MB)          :       95   128192    128256 
	   xferslots            :                           0 

	Job terminated of its own accord at 2025-01-29T06:29:31Z with exit-code 0.
...
000 (4596798.000.000) 2025-01-30 00:28:02 Job submitted from host: <130.199.48.82:9618?addrs=130.199.48.82-9618&alias=rcas2063.rcf.bnl.gov&noUDP&sock=schedd_23786_1176>
...
001 (4596798.000.000) 2025-01-30 18:37:43 Job executing on host: <130.199.184.197:9618?addrs=130.199.184.197-9618&alias=spool1772.sdcc.bnl.gov&noUDP&sock=startd_55688_a602>
...
006 (4596798.000.000) 2025-01-30 18:37:52 Image size of job updated: 26248
	8  -  MemoryUsage of job (MB)
	7208  -  ResidentSetSize of job (KB)
...
006 (4596798.000.000) 2025-01-30 18:42:52 Image size of job updated: 3514600
	293  -  MemoryUsage of job (MB)
	299176  -  ResidentSetSize of job (KB)
...
006 (4596798.000.000) 2025-01-30 18:47:52 Image size of job updated: 5346012
	1408  -  MemoryUsage of job (MB)
	1440984  -  ResidentSetSize of job (KB)
...
006 (4596798.000.000) 2025-01-30 18:52:53 Image size of job updated: 8956048
	4510  -  MemoryUsage of job (MB)
	4617712  -  ResidentSetSize of job (KB)
...
006 (4596798.000.000) 2025-01-30 18:57:54 Image size of job updated: 11545800
	7953  -  MemoryUsage of job (MB)
	8143456  -  ResidentSetSize of job (KB)
...
006 (4596798.000.000) 2025-01-30 19:02:54 Image size of job updated: 13811532
	10204  -  MemoryUsage of job (MB)
	10448168  -  ResidentSetSize of job (KB)
...
006 (4596798.000.000) 2025-01-30 19:07:55 Image size of job updated: 18359600
	13417  -  MemoryUsage of job (MB)
	13738584  -  ResidentSetSize of job (KB)
...
006 (4596798.000.000) 2025-01-30 19:12:56 Image size of job updated: 20537040
	17107  -  MemoryUsage of job (MB)
	17517288  -  ResidentSetSize of job (KB)
...
006 (4596798.000.000) 2025-01-30 19:17:56 Image size of job updated: 23242484
	19659  -  MemoryUsage of job (MB)
	20130188  -  ResidentSetSize of job (KB)
...
006 (4596798.000.000) 2025-01-30 19:22:57 Image size of job updated: 26971548
	22427  -  MemoryUsage of job (MB)
	22964712  -  ResidentSetSize of job (KB)
...
006 (4596798.000.000) 2025-01-30 19:27:58 Image size of job updated: 30094288
	26020  -  MemoryUsage of job (MB)
	26644060  -  ResidentSetSize of job (KB)
...
006 (4596798.000.000) 2025-01-30 19:29:29 Image size of job updated: 30752980
	26311  -  MemoryUsage of job (MB)
	26942140  -  ResidentSetSize of job (KB)
...
006 (4596798.000.000) 2025-01-30 19:29:30 Image size of job updated: 30752980
	26324  -  MemoryUsage of job (MB)
	26955244  -  ResidentSetSize of job (KB)
...
004 (4596798.000.000) 2025-01-30 19:29:30 Job was evicted.
	(0) CPU times
		Usr 0 00:39:55, Sys 0 00:04:35  -  Run Remote Usage
		Usr 0 00:00:00, Sys 0 00:00:00  -  Run Local Usage
	0  -  Run Bytes Sent By Job
	0  -  Run Bytes Received By Job
	Partitionable Resources :    Usage  Request Allocated 
	   Cpus                 :     1.15        1         1 
	   Disk (KB)            :     2           2   6681633 
	   Memory (MB)          : 26324      128192    128256 
	   xferslots            :                           0 
...
009 (4596798.000.000) 2025-01-30 19:29:30 Job was aborted.
	via condor_rm (by user sgross)

	Job terminated by <130.199.48.82:46000> at 2025-01-31T00:29:29Z (using method 1: DEACTIVATE_CLAIM).
...
000 (4598002.000.000) 2025-02-02 20:59:41 Job submitted from host: <130.199.48.82:9618?addrs=130.199.48.82-9618&alias=rcas2063.rcf.bnl.gov&noUDP&sock=schedd_23786_1176>
...
001 (4598002.000.000) 2025-02-02 21:06:09 Job executing on host: <130.199.150.90:9618?addrs=130.199.150.90-9618&alias=spool1571.sdcc.bnl.gov&noUDP&sock=startd_39549_dbd4>
...
006 (4598002.000.000) 2025-02-02 21:06:17 Image size of job updated: 383292
	183  -  MemoryUsage of job (MB)
	186688  -  ResidentSetSize of job (KB)
...
006 (4598002.000.000) 2025-02-02 21:06:19 Image size of job updated: 383292
	184  -  MemoryUsage of job (MB)
	188268  -  ResidentSetSize of job (KB)
...
005 (4598002.000.000) 2025-02-02 21:06:19 Job terminated.
	(1) Normal termination (return value 139)
		Usr 0 00:00:06, Sys 0 00:00:01  -  Run Remote Usage
		Usr 0 00:00:00, Sys 0 00:00:00  -  Run Local Usage
		Usr 0 00:00:06, Sys 0 00:00:01  -  Total Remote Usage
		Usr 0 00:00:00, Sys 0 00:00:00  -  Total Local Usage
	0  -  Run Bytes Sent By Job
	0  -  Run Bytes Received By Job
	0  -  Total Bytes Sent By Job
	0  -  Total Bytes Received By Job
	Partitionable Resources :    Usage  Request Allocated 
	   Cpus                 :                 1         1 
	   Disk (KB)            :        2        2   6681235 
	   Memory (MB)          :      184   128192    128256 
	   xferslots            :                           0 

	Job terminated of its own accord at 2025-02-03T02:06:19Z with exit-code 139.
...
000 (4607719.000.000) 2025-02-03 00:29:13 Job submitted from host: <130.199.48.82:9618?addrs=130.199.48.82-9618&alias=rcas2063.rcf.bnl.gov&noUDP&sock=schedd_23786_1176>
...
