000 (4595790.000.000) 2025-01-28 23:09:10 Job submitted from host: <130.199.48.82:9618?addrs=130.199.48.82-9618&alias=rcas2063.rcf.bnl.gov&noUDP&sock=schedd_23786_1176>
...
001 (4595790.000.000) 2025-01-29 01:29:28 Job executing on host: <130.199.184.197:9618?addrs=130.199.184.197-9618&alias=spool1772.sdcc.bnl.gov&noUDP&sock=startd_55688_a602>
...
006 (4595790.000.000) 2025-01-29 01:29:36 Image size of job updated: 612416
	137  -  MemoryUsage of job (MB)
	139492  -  ResidentSetSize of job (KB)
...
005 (4595790.000.000) 2025-01-29 01:29:38 Job terminated.
	(1) Normal termination (return value 0)
		Usr 0 00:00:04, Sys 0 00:00:01  -  Run Remote Usage
		Usr 0 00:00:00, Sys 0 00:00:00  -  Run Local Usage
		Usr 0 00:00:04, Sys 0 00:00:01  -  Total Remote Usage
		Usr 0 00:00:00, Sys 0 00:00:00  -  Total Local Usage
	0  -  Run Bytes Sent By Job
	0  -  Run Bytes Received By Job
	0  -  Total Bytes Sent By Job
	0  -  Total Bytes Received By Job
	Partitionable Resources :    Usage  Request Allocated 
	   Cpus                 :                 1         1 
	   Disk (KB)            :        2        2   6681633 
	   Memory (MB)          :      137   128192    128256 
	   xferslots            :                           0 

	Job terminated of its own accord at 2025-01-29T06:29:38Z with exit-code 0.
...
000 (4596811.000.000) 2025-01-30 00:28:04 Job submitted from host: <130.199.48.82:9618?addrs=130.199.48.82-9618&alias=rcas2063.rcf.bnl.gov&noUDP&sock=schedd_23786_1176>
...
001 (4596811.000.000) 2025-01-30 18:49:37 Job executing on host: <130.199.151.34:9618?addrs=130.199.151.34-9618&alias=spool1612.sdcc.bnl.gov&noUDP&sock=startd_77167_7b17>
...
006 (4596811.000.000) 2025-01-30 18:49:46 Image size of job updated: 151204
	83  -  MemoryUsage of job (MB)
	84136  -  ResidentSetSize of job (KB)
...
006 (4596811.000.000) 2025-01-30 18:54:47 Image size of job updated: 5119692
	1460  -  MemoryUsage of job (MB)
	1494340  -  ResidentSetSize of job (KB)
...
006 (4596811.000.000) 2025-01-30 18:59:47 Image size of job updated: 9435180
	4878  -  MemoryUsage of job (MB)
	4994808  -  ResidentSetSize of job (KB)
...
006 (4596811.000.000) 2025-01-30 19:04:48 Image size of job updated: 12808548
	8862  -  MemoryUsage of job (MB)
	9074680  -  ResidentSetSize of job (KB)
...
006 (4596811.000.000) 2025-01-30 19:09:49 Image size of job updated: 15185556
	11792  -  MemoryUsage of job (MB)
	12074004  -  ResidentSetSize of job (KB)
...
006 (4596811.000.000) 2025-01-30 19:14:49 Image size of job updated: 18769228
	14801  -  MemoryUsage of job (MB)
	15155684  -  ResidentSetSize of job (KB)
...
006 (4596811.000.000) 2025-01-30 19:19:49 Image size of job updated: 22797100
	18126  -  MemoryUsage of job (MB)
	18560944  -  ResidentSetSize of job (KB)
...
006 (4596811.000.000) 2025-01-30 19:24:50 Image size of job updated: 27064228
	21830  -  MemoryUsage of job (MB)
	22353228  -  ResidentSetSize of job (KB)
...
006 (4596811.000.000) 2025-01-30 19:29:31 Image size of job updated: 27803176
	24186  -  MemoryUsage of job (MB)
	24765924  -  ResidentSetSize of job (KB)
...
006 (4596811.000.000) 2025-01-30 19:29:32 Image size of job updated: 27927736
	24186  -  MemoryUsage of job (MB)
	24765924  -  ResidentSetSize of job (KB)
...
004 (4596811.000.000) 2025-01-30 19:29:32 Job was evicted.
	(0) CPU times
		Usr 0 00:37:41, Sys 0 00:04:26  -  Run Remote Usage
		Usr 0 00:00:00, Sys 0 00:00:00  -  Run Local Usage
	0  -  Run Bytes Sent By Job
	0  -  Run Bytes Received By Job
	Partitionable Resources :    Usage  Request Allocated 
	   Cpus                 :     1.05        1         1 
	   Disk (KB)            :     2           2   6681238 
	   Memory (MB)          : 24186      128192    128256 
	   xferslots            :                           0 
...
009 (4596811.000.000) 2025-01-30 19:29:32 Job was aborted.
	via condor_rm (by user sgross)

	Job terminated by <130.199.48.82:38611> at 2025-01-31T00:29:31Z (using method 1: DEACTIVATE_CLAIM).
...
000 (4598015.000.000) 2025-02-02 20:59:42 Job submitted from host: <130.199.48.82:9618?addrs=130.199.48.82-9618&alias=rcas2063.rcf.bnl.gov&noUDP&sock=schedd_23786_1176>
...
001 (4598015.000.000) 2025-02-02 21:06:10 Job executing on host: <130.199.184.159:9618?addrs=130.199.184.159-9618&alias=spool1768.sdcc.bnl.gov&noUDP&sock=startd_78083_621d>
...
006 (4598015.000.000) 2025-02-02 21:06:19 Image size of job updated: 3589016
	336  -  MemoryUsage of job (MB)
	343540  -  ResidentSetSize of job (KB)
...
005 (4598015.000.000) 2025-02-02 21:06:20 Job terminated.
	(1) Normal termination (return value 139)
		Usr 0 00:00:05, Sys 0 00:00:01  -  Run Remote Usage
		Usr 0 00:00:00, Sys 0 00:00:00  -  Run Local Usage
		Usr 0 00:00:05, Sys 0 00:00:01  -  Total Remote Usage
		Usr 0 00:00:00, Sys 0 00:00:00  -  Total Local Usage
	0  -  Run Bytes Sent By Job
	0  -  Run Bytes Received By Job
	0  -  Total Bytes Sent By Job
	0  -  Total Bytes Received By Job
	Partitionable Resources :    Usage  Request Allocated 
	   Cpus                 :                 1         1 
	   Disk (KB)            :        2        2   6681653 
	   Memory (MB)          :      336   128192    128256 
	   xferslots            :                           0 

	Job terminated of its own accord at 2025-02-03T02:06:20Z with exit-code 139.
...
000 (4607732.000.000) 2025-02-03 00:29:15 Job submitted from host: <130.199.48.82:9618?addrs=130.199.48.82-9618&alias=rcas2063.rcf.bnl.gov&noUDP&sock=schedd_23786_1176>
...
