000 (4596023.000.000) 2025-01-28 23:09:29 Job submitted from host: <130.199.48.82:9618?addrs=130.199.48.82-9618&alias=rcas2063.rcf.bnl.gov&noUDP&sock=schedd_23786_1176>
...
001 (4596023.000.000) 2025-01-29 01:33:13 Job executing on host: <130.199.186.92:9618?addrs=130.199.186.92-9618&alias=spool1855.sdcc.bnl.gov&noUDP&sock=startd_51230_bf6c>
...
006 (4596023.000.000) 2025-01-29 01:33:22 Image size of job updated: 399976
	138  -  MemoryUsage of job (MB)
	140956  -  ResidentSetSize of job (KB)
...
006 (4596023.000.000) 2025-01-29 01:33:22 Image size of job updated: 399976
	138  -  MemoryUsage of job (MB)
	140964  -  ResidentSetSize of job (KB)
...
005 (4596023.000.000) 2025-01-29 01:33:23 Job terminated.
	(1) Normal termination (return value 0)
		Usr 0 00:00:03, Sys 0 00:00:02  -  Run Remote Usage
		Usr 0 00:00:00, Sys 0 00:00:00  -  Run Local Usage
		Usr 0 00:00:03, Sys 0 00:00:02  -  Total Remote Usage
		Usr 0 00:00:00, Sys 0 00:00:00  -  Total Local Usage
	0  -  Run Bytes Sent By Job
	0  -  Run Bytes Received By Job
	0  -  Total Bytes Sent By Job
	0  -  Total Bytes Received By Job
	Partitionable Resources :    Usage  Request Allocated 
	   Cpus                 :                 1         1 
	   Disk (KB)            :        2        2   6681629 
	   Memory (MB)          :      138   128192    128256 
	   xferslots            :                           0 

	Job terminated of its own accord at 2025-01-29T06:33:22Z with exit-code 0.
...
000 (4597044.000.000) 2025-01-30 00:28:26 Job submitted from host: <130.199.48.82:9618?addrs=130.199.48.82-9618&alias=rcas2063.rcf.bnl.gov&noUDP&sock=schedd_23786_1176>
...
009 (4597044.000.000) 2025-01-30 19:29:32 Job was aborted.
	via condor_rm (by user sgross)
...
000 (4598248.000.000) 2025-02-02 21:00:09 Job submitted from host: <130.199.48.82:9618?addrs=130.199.48.82-9618&alias=rcas2063.rcf.bnl.gov&noUDP&sock=schedd_23786_1176>
...
001 (4598248.000.000) 2025-02-02 21:06:32 Job executing on host: <130.199.184.156:9618?addrs=130.199.184.156-9618&alias=spool1765.sdcc.bnl.gov&noUDP&sock=startd_35828_358d>
...
006 (4598248.000.000) 2025-02-02 21:06:41 Image size of job updated: 475828
	0  -  MemoryUsage of job (MB)
	0  -  ResidentSetSize of job (KB)
...
005 (4598248.000.000) 2025-02-02 21:06:41 Job terminated.
	(1) Normal termination (return value 139)
		Usr 0 00:00:06, Sys 0 00:00:02  -  Run Remote Usage
		Usr 0 00:00:00, Sys 0 00:00:00  -  Run Local Usage
		Usr 0 00:00:06, Sys 0 00:00:02  -  Total Remote Usage
		Usr 0 00:00:00, Sys 0 00:00:00  -  Total Local Usage
	0  -  Run Bytes Sent By Job
	0  -  Run Bytes Received By Job
	0  -  Total Bytes Sent By Job
	0  -  Total Bytes Received By Job
	Partitionable Resources :    Usage  Request Allocated 
	   Cpus                 :                 1         1 
	   Disk (KB)            :        2        2   6681628 
	   Memory (MB)          :        0   128192    128256 
	   xferslots            :                           0 

	Job terminated of its own accord at 2025-02-03T02:06:41Z with exit-code 139.
...
000 (4607965.000.000) 2025-02-03 00:29:41 Job submitted from host: <130.199.48.82:9618?addrs=130.199.48.82-9618&alias=rcas2063.rcf.bnl.gov&noUDP&sock=schedd_23786_1176>
...
