000 (4606539.000.000) 2025-02-02 21:19:41 Job submitted from host: <130.199.48.82:9618?addrs=130.199.48.82-9618&alias=rcas2063.rcf.bnl.gov&noUDP&sock=schedd_23786_1176>
...
001 (4606539.000.000) 2025-02-02 21:19:42 Job executing on host: <130.199.151.31:9618?addrs=130.199.151.31-9618&alias=spool1609.sdcc.bnl.gov&noUDP&sock=startd_83325_68fb>
...
006 (4606539.000.000) 2025-02-02 21:19:51 Image size of job updated: 303460
	175  -  MemoryUsage of job (MB)
	178940  -  ResidentSetSize of job (KB)
...
006 (4606539.000.000) 2025-02-02 21:19:53 Image size of job updated: 305208
	176  -  MemoryUsage of job (MB)
	179224  -  ResidentSetSize of job (KB)
...
005 (4606539.000.000) 2025-02-02 21:19:53 Job terminated.
	(1) Normal termination (return value 139)
		Usr 0 00:00:05, Sys 0 00:00:02  -  Run Remote Usage
		Usr 0 00:00:00, Sys 0 00:00:00  -  Run Local Usage
		Usr 0 00:00:05, Sys 0 00:00:02  -  Total Remote Usage
		Usr 0 00:00:00, Sys 0 00:00:00  -  Total Local Usage
	0  -  Run Bytes Sent By Job
	0  -  Run Bytes Received By Job
	0  -  Total Bytes Sent By Job
	0  -  Total Bytes Received By Job
	Partitionable Resources :    Usage  Request Allocated 
	   Cpus                 :                 1         1 
	   Disk (KB)            :        2        2   6681213 
	   Memory (MB)          :      176   128192    128256 
	   xferslots            :                           0 

	Job terminated of its own accord at 2025-02-03T02:19:53Z with exit-code 139.
...
