000 (4602020.000.000) 2025-02-02 21:07:32 Job submitted from host: <130.199.48.82:9618?addrs=130.199.48.82-9618&alias=rcas2063.rcf.bnl.gov&noUDP&sock=schedd_23786_1176>
...
001 (4602020.000.000) 2025-02-02 21:11:27 Job executing on host: <130.199.151.21:9618?addrs=130.199.151.21-9618&alias=spool1599.sdcc.bnl.gov&noUDP&sock=startd_65000_c767>
...
006 (4602020.000.000) 2025-02-02 21:11:36 Image size of job updated: 423956
	291  -  MemoryUsage of job (MB)
	297548  -  ResidentSetSize of job (KB)
...
006 (4602020.000.000) 2025-02-02 21:11:38 Image size of job updated: 469008
	291  -  MemoryUsage of job (MB)
	297888  -  ResidentSetSize of job (KB)
...
005 (4602020.000.000) 2025-02-02 21:11:38 Job terminated.
	(1) Normal termination (return value 139)
		Usr 0 00:00:05, Sys 0 00:00:01  -  Run Remote Usage
		Usr 0 00:00:00, Sys 0 00:00:00  -  Run Local Usage
		Usr 0 00:00:05, Sys 0 00:00:01  -  Total Remote Usage
		Usr 0 00:00:00, Sys 0 00:00:00  -  Total Local Usage
	0  -  Run Bytes Sent By Job
	0  -  Run Bytes Received By Job
	0  -  Total Bytes Sent By Job
	0  -  Total Bytes Received By Job
	Partitionable Resources :    Usage  Request Allocated 
	   Cpus                 :        0        1         1 
	   Disk (KB)            :        2        2   6681177 
	   Memory (MB)          :      291   128192    128256 
	   xferslots            :                           0 

	Job terminated of its own accord at 2025-02-03T02:11:38Z with exit-code 139.
...
