000 (4595537.000.000) 2025-01-28 23:08:50 Job submitted from host: <130.199.48.82:9618?addrs=130.199.48.82-9618&alias=rcas2063.rcf.bnl.gov&noUDP&sock=schedd_23786_1176>
...
001 (4595537.000.000) 2025-01-29 01:25:10 Job executing on host: <130.199.184.197:9618?addrs=130.199.184.197-9618&alias=spool1772.sdcc.bnl.gov&noUDP&sock=startd_55688_a602>
...
006 (4595537.000.000) 2025-01-29 01:25:18 Image size of job updated: 170268
	0  -  MemoryUsage of job (MB)
	0  -  ResidentSetSize of job (KB)
...
005 (4595537.000.000) 2025-01-29 01:25:18 Job terminated.
	(1) Normal termination (return value 0)
		Usr 0 00:00:04, Sys 0 00:00:01  -  Run Remote Usage
		Usr 0 00:00:00, Sys 0 00:00:00  -  Run Local Usage
		Usr 0 00:00:04, Sys 0 00:00:01  -  Total Remote Usage
		Usr 0 00:00:00, Sys 0 00:00:00  -  Total Local Usage
	0  -  Run Bytes Sent By Job
	0  -  Run Bytes Received By Job
	0  -  Total Bytes Sent By Job
	0  -  Total Bytes Received By Job
	Partitionable Resources :    Usage  Request Allocated 
	   Cpus                 :                 1         1 
	   Disk (KB)            :        2        2   6681633 
	   Memory (MB)          :        0   128192    128256 
	   xferslots            :                           0 

	Job terminated of its own accord at 2025-01-29T06:25:18Z with exit-code 0.
...
000 (4596558.000.000) 2025-01-30 00:27:38 Job submitted from host: <130.199.48.82:9618?addrs=130.199.48.82-9618&alias=rcas2063.rcf.bnl.gov&noUDP&sock=schedd_23786_1176>
...
001 (4596558.000.000) 2025-01-30 15:58:37 Job executing on host: <130.199.186.26:9618?addrs=130.199.186.26-9618&alias=spool1823.sdcc.bnl.gov&noUDP&sock=startd_67155_cf28>
...
006 (4596558.000.000) 2025-01-30 15:58:46 Image size of job updated: 125460
	65  -  MemoryUsage of job (MB)
	66124  -  ResidentSetSize of job (KB)
...
006 (4596558.000.000) 2025-01-30 16:03:46 Image size of job updated: 5669164
	1514  -  MemoryUsage of job (MB)
	1550188  -  ResidentSetSize of job (KB)
...
006 (4596558.000.000) 2025-01-30 16:08:46 Image size of job updated: 9811728
	4965  -  MemoryUsage of job (MB)
	5084004  -  ResidentSetSize of job (KB)
...
006 (4596558.000.000) 2025-01-30 16:13:47 Image size of job updated: 12168644
	8792  -  MemoryUsage of job (MB)
	9002808  -  ResidentSetSize of job (KB)
...
006 (4596558.000.000) 2025-01-30 16:18:47 Image size of job updated: 15357224
	11961  -  MemoryUsage of job (MB)
	12247124  -  ResidentSetSize of job (KB)
...
006 (4596558.000.000) 2025-01-30 16:23:47 Image size of job updated: 18712072
	14894  -  MemoryUsage of job (MB)
	15250956  -  ResidentSetSize of job (KB)
...
006 (4596558.000.000) 2025-01-30 16:28:48 Image size of job updated: 23119692
	18313  -  MemoryUsage of job (MB)
	18751888  -  ResidentSetSize of job (KB)
...
006 (4596558.000.000) 2025-01-30 16:33:49 Image size of job updated: 26948868
	21956  -  MemoryUsage of job (MB)
	22482644  -  ResidentSetSize of job (KB)
...
006 (4596558.000.000) 2025-01-30 16:38:49 Image size of job updated: 29221536
	25544  -  MemoryUsage of job (MB)
	26156840  -  ResidentSetSize of job (KB)
...
006 (4596558.000.000) 2025-01-30 16:43:50 Image size of job updated: 33000144
	28827  -  MemoryUsage of job (MB)
	29518684  -  ResidentSetSize of job (KB)
...
006 (4596558.000.000) 2025-01-30 16:48:51 Image size of job updated: 35722200
	31892  -  MemoryUsage of job (MB)
	32656992  -  ResidentSetSize of job (KB)
...
006 (4596558.000.000) 2025-01-30 16:53:51 Image size of job updated: 40697044
	35435  -  MemoryUsage of job (MB)
	36285196  -  ResidentSetSize of job (KB)
...
006 (4596558.000.000) 2025-01-30 16:58:52 Image size of job updated: 43497400
	39383  -  MemoryUsage of job (MB)
	40327232  -  ResidentSetSize of job (KB)
...
006 (4596558.000.000) 2025-01-30 17:03:53 Image size of job updated: 46787468
	42690  -  MemoryUsage of job (MB)
	43714488  -  ResidentSetSize of job (KB)
...
006 (4596558.000.000) 2025-01-30 17:08:53 Image size of job updated: 48911548
	44679  -  MemoryUsage of job (MB)
	45750880  -  ResidentSetSize of job (KB)
...
006 (4596558.000.000) 2025-01-30 17:13:53 Image size of job updated: 52529848
	47412  -  MemoryUsage of job (MB)
	48548872  -  ResidentSetSize of job (KB)
...
006 (4596558.000.000) 2025-01-30 17:18:54 Image size of job updated: 54346496
	49993  -  MemoryUsage of job (MB)
	51192044  -  ResidentSetSize of job (KB)
...
006 (4596558.000.000) 2025-01-30 17:23:54 Image size of job updated: 57052416
	51591  -  MemoryUsage of job (MB)
	52828268  -  ResidentSetSize of job (KB)
...
006 (4596558.000.000) 2025-01-30 17:28:54 Image size of job updated: 58917188
	54436  -  MemoryUsage of job (MB)
	55742176  -  ResidentSetSize of job (KB)
...
006 (4596558.000.000) 2025-01-30 17:33:55 Image size of job updated: 61697872
	55968  -  MemoryUsage of job (MB)
	57310564  -  ResidentSetSize of job (KB)
...
006 (4596558.000.000) 2025-01-30 17:38:55 Image size of job updated: 63434784
	58708  -  MemoryUsage of job (MB)
	60116816  -  ResidentSetSize of job (KB)
...
006 (4596558.000.000) 2025-01-30 17:43:55 Image size of job updated: 66942320
	60932  -  MemoryUsage of job (MB)
	62393424  -  ResidentSetSize of job (KB)
...
006 (4596558.000.000) 2025-01-30 17:48:56 Image size of job updated: 68361440
	63549  -  MemoryUsage of job (MB)
	65074152  -  ResidentSetSize of job (KB)
...
006 (4596558.000.000) 2025-01-30 17:50:28 Image size of job updated: 69331544
	63549  -  MemoryUsage of job (MB)
	65074152  -  ResidentSetSize of job (KB)
...
005 (4596558.000.000) 2025-01-30 17:50:28 Job terminated.
	(1) Normal termination (return value 0)
		Usr 0 01:39:58, Sys 0 00:10:36  -  Run Remote Usage
		Usr 0 00:00:00, Sys 0 00:00:00  -  Run Local Usage
		Usr 0 01:39:58, Sys 0 00:10:36  -  Total Remote Usage
		Usr 0 00:00:00, Sys 0 00:00:00  -  Total Local Usage
	0  -  Run Bytes Sent By Job
	0  -  Run Bytes Received By Job
	0  -  Total Bytes Sent By Job
	0  -  Total Bytes Received By Job
	Partitionable Resources :    Usage  Request Allocated 
	   Cpus                 :     0.78        1         1 
	   Disk (KB)            :     2           2   6681621 
	   Memory (MB)          : 63549      128192    128256 
	   xferslots            :                           0 

	Job terminated of its own accord at 2025-01-30T22:50:28Z with exit-code 0.
...
000 (4597762.000.000) 2025-02-02 20:59:14 Job submitted from host: <130.199.48.82:9618?addrs=130.199.48.82-9618&alias=rcas2063.rcf.bnl.gov&noUDP&sock=schedd_23786_1176>
...
001 (4597762.000.000) 2025-02-02 21:05:43 Job executing on host: <130.199.186.80:9618?addrs=130.199.186.80-9618&alias=spool1843.sdcc.bnl.gov&noUDP&sock=startd_11487_9708>
...
006 (4597762.000.000) 2025-02-02 21:05:51 Image size of job updated: 468632
	335  -  MemoryUsage of job (MB)
	342108  -  ResidentSetSize of job (KB)
...
005 (4597762.000.000) 2025-02-02 21:05:52 Job terminated.
	(1) Normal termination (return value 139)
		Usr 0 00:00:05, Sys 0 00:00:02  -  Run Remote Usage
		Usr 0 00:00:00, Sys 0 00:00:00  -  Run Local Usage
		Usr 0 00:00:05, Sys 0 00:00:02  -  Total Remote Usage
		Usr 0 00:00:00, Sys 0 00:00:00  -  Total Local Usage
	0  -  Run Bytes Sent By Job
	0  -  Run Bytes Received By Job
	0  -  Total Bytes Sent By Job
	0  -  Total Bytes Received By Job
	Partitionable Resources :    Usage  Request Allocated 
	   Cpus                 :                 1         1 
	   Disk (KB)            :        2        2   6681630 
	   Memory (MB)          :      335   128192    128256 
	   xferslots            :                           0 

	Job terminated of its own accord at 2025-02-03T02:05:51Z with exit-code 139.
...
000 (4607479.000.000) 2025-02-03 00:28:45 Job submitted from host: <130.199.48.82:9618?addrs=130.199.48.82-9618&alias=rcas2063.rcf.bnl.gov&noUDP&sock=schedd_23786_1176>
...
