000 (4595943.000.000) 2025-01-28 23:09:22 Job submitted from host: <130.199.48.82:9618?addrs=130.199.48.82-9618&alias=rcas2063.rcf.bnl.gov&noUDP&sock=schedd_23786_1176>
...
001 (4595943.000.000) 2025-01-29 01:32:03 Job executing on host: <130.199.186.92:9618?addrs=130.199.186.92-9618&alias=spool1855.sdcc.bnl.gov&noUDP&sock=startd_51230_bf6c>
...
006 (4595943.000.000) 2025-01-29 01:32:12 Image size of job updated: 156468
	88  -  MemoryUsage of job (MB)
	89504  -  ResidentSetSize of job (KB)
...
006 (4595943.000.000) 2025-01-29 01:32:19 Image size of job updated: 2927744
	88  -  MemoryUsage of job (MB)
	89504  -  ResidentSetSize of job (KB)
...
005 (4595943.000.000) 2025-01-29 01:32:19 Job terminated.
	(1) Normal termination (return value 0)
		Usr 0 00:00:03, Sys 0 00:00:02  -  Run Remote Usage
		Usr 0 00:00:00, Sys 0 00:00:00  -  Run Local Usage
		Usr 0 00:00:03, Sys 0 00:00:02  -  Total Remote Usage
		Usr 0 00:00:00, Sys 0 00:00:00  -  Total Local Usage
	0  -  Run Bytes Sent By Job
	0  -  Run Bytes Received By Job
	0  -  Total Bytes Sent By Job
	0  -  Total Bytes Received By Job
	Partitionable Resources :    Usage  Request Allocated 
	   Cpus                 :                 1         1 
	   Disk (KB)            :        2        2   6681629 
	   Memory (MB)          :       88   128192    128256 
	   xferslots            :                           0 

	Job terminated of its own accord at 2025-01-29T06:32:19Z with exit-code 0.
...
000 (4596964.000.000) 2025-01-30 00:28:18 Job submitted from host: <130.199.48.82:9618?addrs=130.199.48.82-9618&alias=rcas2063.rcf.bnl.gov&noUDP&sock=schedd_23786_1176>
...
009 (4596964.000.000) 2025-01-30 19:29:27 Job was aborted.
	via condor_rm (by user sgross)
...
000 (4598168.000.000) 2025-02-02 21:00:00 Job submitted from host: <130.199.48.82:9618?addrs=130.199.48.82-9618&alias=rcas2063.rcf.bnl.gov&noUDP&sock=schedd_23786_1176>
...
001 (4598168.000.000) 2025-02-02 21:06:26 Job executing on host: <130.199.151.18:9618?addrs=130.199.151.18-9618&alias=spool1596.sdcc.bnl.gov&noUDP&sock=startd_53457_90ad>
...
006 (4598168.000.000) 2025-02-02 21:06:35 Image size of job updated: 2919652
	132  -  MemoryUsage of job (MB)
	134436  -  ResidentSetSize of job (KB)
...
006 (4598168.000.000) 2025-02-02 21:06:39 Image size of job updated: 2919652
	132  -  MemoryUsage of job (MB)
	134564  -  ResidentSetSize of job (KB)
...
005 (4598168.000.000) 2025-02-02 21:06:39 Job terminated.
	(1) Normal termination (return value 139)
		Usr 0 00:00:05, Sys 0 00:00:02  -  Run Remote Usage
		Usr 0 00:00:00, Sys 0 00:00:00  -  Run Local Usage
		Usr 0 00:00:05, Sys 0 00:00:02  -  Total Remote Usage
		Usr 0 00:00:00, Sys 0 00:00:00  -  Total Local Usage
	0  -  Run Bytes Sent By Job
	0  -  Run Bytes Received By Job
	0  -  Total Bytes Sent By Job
	0  -  Total Bytes Received By Job
	Partitionable Resources :    Usage  Request Allocated 
	   Cpus                 :                 1         1 
	   Disk (KB)            :        2        2   6681231 
	   Memory (MB)          :      132   128192    128256 
	   xferslots            :                           0 

	Job terminated of its own accord at 2025-02-03T02:06:39Z with exit-code 139.
...
000 (4607885.000.000) 2025-02-03 00:29:32 Job submitted from host: <130.199.48.82:9618?addrs=130.199.48.82-9618&alias=rcas2063.rcf.bnl.gov&noUDP&sock=schedd_23786_1176>
...
