000 (4599996.000.000) 2025-02-02 21:03:12 Job submitted from host: <130.199.48.82:9618?addrs=130.199.48.82-9618&alias=rcas2063.rcf.bnl.gov&noUDP&sock=schedd_23786_1176>
...
001 (4599996.000.000) 2025-02-02 21:08:52 Job executing on host: <130.199.150.88:9618?addrs=130.199.150.88-9618&alias=spool1569.sdcc.bnl.gov&noUDP&sock=startd_33698_1751>
...
006 (4599996.000.000) 2025-02-02 21:09:00 Image size of job updated: 473956
	335  -  MemoryUsage of job (MB)
	342572  -  ResidentSetSize of job (KB)
...
006 (4599996.000.000) 2025-02-02 21:09:01 Image size of job updated: 473980
	335  -  MemoryUsage of job (MB)
	342572  -  ResidentSetSize of job (KB)
...
005 (4599996.000.000) 2025-02-02 21:09:01 Job terminated.
	(1) Normal termination (return value 139)
		Usr 0 00:00:06, Sys 0 00:00:01  -  Run Remote Usage
		Usr 0 00:00:00, Sys 0 00:00:00  -  Run Local Usage
		Usr 0 00:00:06, Sys 0 00:00:01  -  Total Remote Usage
		Usr 0 00:00:00, Sys 0 00:00:00  -  Total Local Usage
	0  -  Run Bytes Sent By Job
	0  -  Run Bytes Received By Job
	0  -  Total Bytes Sent By Job
	0  -  Total Bytes Received By Job
	Partitionable Resources :    Usage  Request Allocated 
	   Cpus                 :                 1         1 
	   Disk (KB)            :        2        2   6681235 
	   Memory (MB)          :      335   128192    128256 
	   xferslots            :                           0 

	Job terminated of its own accord at 2025-02-03T02:09:01Z with exit-code 139.
...
