000 (4595956.000.000) 2025-01-28 23:09:23 Job submitted from host: <130.199.48.82:9618?addrs=130.199.48.82-9618&alias=rcas2063.rcf.bnl.gov&noUDP&sock=schedd_23786_1176>
...
001 (4595956.000.000) 2025-01-29 01:32:16 Job executing on host: <130.199.186.10:9618?addrs=130.199.186.10-9618&alias=spool1807.sdcc.bnl.gov&noUDP&sock=startd_68265_1c36>
...
006 (4595956.000.000) 2025-01-29 01:32:24 Image size of job updated: 159920
	90  -  MemoryUsage of job (MB)
	91888  -  ResidentSetSize of job (KB)
...
006 (4595956.000.000) 2025-01-29 01:32:28 Image size of job updated: 2934408
	90  -  MemoryUsage of job (MB)
	91980  -  ResidentSetSize of job (KB)
...
005 (4595956.000.000) 2025-01-29 01:32:28 Job terminated.
	(1) Normal termination (return value 0)
		Usr 0 00:00:04, Sys 0 00:00:01  -  Run Remote Usage
		Usr 0 00:00:00, Sys 0 00:00:00  -  Run Local Usage
		Usr 0 00:00:04, Sys 0 00:00:01  -  Total Remote Usage
		Usr 0 00:00:00, Sys 0 00:00:00  -  Total Local Usage
	0  -  Run Bytes Sent By Job
	0  -  Run Bytes Received By Job
	0  -  Total Bytes Sent By Job
	0  -  Total Bytes Received By Job
	Partitionable Resources :    Usage  Request Allocated 
	   Cpus                 :                 1         1 
	   Disk (KB)            :        2        2   6681630 
	   Memory (MB)          :       90   128192    128256 
	   xferslots            :                           0 

	Job terminated of its own accord at 2025-01-29T06:32:28Z with exit-code 0.
...
000 (4596977.000.000) 2025-01-30 00:28:19 Job submitted from host: <130.199.48.82:9618?addrs=130.199.48.82-9618&alias=rcas2063.rcf.bnl.gov&noUDP&sock=schedd_23786_1176>
...
009 (4596977.000.000) 2025-01-30 19:29:31 Job was aborted.
	via condor_rm (by user sgross)
...
000 (4598181.000.000) 2025-02-02 21:00:02 Job submitted from host: <130.199.48.82:9618?addrs=130.199.48.82-9618&alias=rcas2063.rcf.bnl.gov&noUDP&sock=schedd_23786_1176>
...
001 (4598181.000.000) 2025-02-02 21:06:26 Job executing on host: <130.199.186.71:9618?addrs=130.199.186.71-9618&alias=spool1834.sdcc.bnl.gov&noUDP&sock=startd_78963_e463>
...
006 (4598181.000.000) 2025-02-02 21:06:34 Image size of job updated: 553204
	306  -  MemoryUsage of job (MB)
	312688  -  ResidentSetSize of job (KB)
...
006 (4598181.000.000) 2025-02-02 21:06:35 Image size of job updated: 553204
	306  -  MemoryUsage of job (MB)
	312744  -  ResidentSetSize of job (KB)
...
005 (4598181.000.000) 2025-02-02 21:06:35 Job terminated.
	(1) Normal termination (return value 139)
		Usr 0 00:00:06, Sys 0 00:00:02  -  Run Remote Usage
		Usr 0 00:00:00, Sys 0 00:00:00  -  Run Local Usage
		Usr 0 00:00:06, Sys 0 00:00:02  -  Total Remote Usage
		Usr 0 00:00:00, Sys 0 00:00:00  -  Total Local Usage
	0  -  Run Bytes Sent By Job
	0  -  Run Bytes Received By Job
	0  -  Total Bytes Sent By Job
	0  -  Total Bytes Received By Job
	Partitionable Resources :    Usage  Request Allocated 
	   Cpus                 :                 1         1 
	   Disk (KB)            :        2        2   6681620 
	   Memory (MB)          :      306   128192    128256 
	   xferslots            :                           0 

	Job terminated of its own accord at 2025-02-03T02:06:35Z with exit-code 139.
...
000 (4607898.000.000) 2025-02-03 00:29:33 Job submitted from host: <130.199.48.82:9618?addrs=130.199.48.82-9618&alias=rcas2063.rcf.bnl.gov&noUDP&sock=schedd_23786_1176>
...
