000 (4596109.000.000) 2025-01-28 23:09:36 Job submitted from host: <130.199.48.82:9618?addrs=130.199.48.82-9618&alias=rcas2063.rcf.bnl.gov&noUDP&sock=schedd_23786_1176>
...
001 (4596109.000.000) 2025-01-29 01:34:32 Job executing on host: <130.199.186.93:9618?addrs=130.199.186.93-9618&alias=spool1856.sdcc.bnl.gov&noUDP&sock=startd_8097_b2a1>
...
006 (4596109.000.000) 2025-01-29 01:34:40 Image size of job updated: 330048
	74  -  MemoryUsage of job (MB)
	75188  -  ResidentSetSize of job (KB)
...
006 (4596109.000.000) 2025-01-29 01:35:01 Image size of job updated: 2879960
	74  -  MemoryUsage of job (MB)
	75188  -  ResidentSetSize of job (KB)
...
005 (4596109.000.000) 2025-01-29 01:35:01 Job terminated.
	(1) Normal termination (return value 0)
		Usr 0 00:00:04, Sys 0 00:00:02  -  Run Remote Usage
		Usr 0 00:00:00, Sys 0 00:00:00  -  Run Local Usage
		Usr 0 00:00:04, Sys 0 00:00:02  -  Total Remote Usage
		Usr 0 00:00:00, Sys 0 00:00:00  -  Total Local Usage
	0  -  Run Bytes Sent By Job
	0  -  Run Bytes Received By Job
	0  -  Total Bytes Sent By Job
	0  -  Total Bytes Received By Job
	Partitionable Resources :    Usage  Request Allocated 
	   Cpus                 :                 1         1 
	   Disk (KB)            :        2        2   6681628 
	   Memory (MB)          :       74   128192    128256 
	   xferslots            :                           0 

	Job terminated of its own accord at 2025-01-29T06:35:01Z with exit-code 0.
...
000 (4597130.000.000) 2025-01-30 00:28:34 Job submitted from host: <130.199.48.82:9618?addrs=130.199.48.82-9618&alias=rcas2063.rcf.bnl.gov&noUDP&sock=schedd_23786_1176>
...
009 (4597130.000.000) 2025-01-30 19:29:35 Job was aborted.
	via condor_rm (by user sgross)
...
000 (4598334.000.000) 2025-02-02 21:00:19 Job submitted from host: <130.199.48.82:9618?addrs=130.199.48.82-9618&alias=rcas2063.rcf.bnl.gov&noUDP&sock=schedd_23786_1176>
...
001 (4598334.000.000) 2025-02-02 21:06:40 Job executing on host: <130.199.150.73:9618?addrs=130.199.150.73-9618&alias=spool1554.sdcc.bnl.gov&noUDP&sock=startd_96706_53e1>
...
006 (4598334.000.000) 2025-02-02 21:06:48 Image size of job updated: 268688
	147  -  MemoryUsage of job (MB)
	150036  -  ResidentSetSize of job (KB)
...
006 (4598334.000.000) 2025-02-02 21:06:51 Image size of job updated: 339548
	147  -  MemoryUsage of job (MB)
	150036  -  ResidentSetSize of job (KB)
...
005 (4598334.000.000) 2025-02-02 21:06:51 Job terminated.
	(1) Normal termination (return value 139)
		Usr 0 00:00:05, Sys 0 00:00:02  -  Run Remote Usage
		Usr 0 00:00:00, Sys 0 00:00:00  -  Run Local Usage
		Usr 0 00:00:05, Sys 0 00:00:02  -  Total Remote Usage
		Usr 0 00:00:00, Sys 0 00:00:00  -  Total Local Usage
	0  -  Run Bytes Sent By Job
	0  -  Run Bytes Received By Job
	0  -  Total Bytes Sent By Job
	0  -  Total Bytes Received By Job
	Partitionable Resources :    Usage  Request Allocated 
	   Cpus                 :        0        1         1 
	   Disk (KB)            :        2        2   6681240 
	   Memory (MB)          :      147   128192    128256 
	   xferslots            :                           0 

	Job terminated of its own accord at 2025-02-03T02:06:51Z with exit-code 139.
...
000 (4608051.000.000) 2025-02-03 00:29:51 Job submitted from host: <130.199.48.82:9618?addrs=130.199.48.82-9618&alias=rcas2063.rcf.bnl.gov&noUDP&sock=schedd_23786_1176>
...
