000 (4595941.000.000) 2025-01-28 23:09:22 Job submitted from host: <130.199.48.82:9618?addrs=130.199.48.82-9618&alias=rcas2063.rcf.bnl.gov&noUDP&sock=schedd_23786_1176>
...
001 (4595941.000.000) 2025-01-29 01:32:02 Job executing on host: <130.199.184.213:9618?addrs=130.199.184.213-9618&alias=spool1788.sdcc.bnl.gov&noUDP&sock=startd_11823_ee03>
...
006 (4595941.000.000) 2025-01-29 01:32:11 Image size of job updated: 178372
	103  -  MemoryUsage of job (MB)
	104940  -  ResidentSetSize of job (KB)
...
006 (4595941.000.000) 2025-01-29 01:32:15 Image size of job updated: 178428
	103  -  MemoryUsage of job (MB)
	104968  -  ResidentSetSize of job (KB)
...
005 (4595941.000.000) 2025-01-29 01:32:15 Job terminated.
	(1) Normal termination (return value 0)
		Usr 0 00:00:04, Sys 0 00:00:02  -  Run Remote Usage
		Usr 0 00:00:00, Sys 0 00:00:00  -  Run Local Usage
		Usr 0 00:00:04, Sys 0 00:00:02  -  Total Remote Usage
		Usr 0 00:00:00, Sys 0 00:00:00  -  Total Local Usage
	0  -  Run Bytes Sent By Job
	0  -  Run Bytes Received By Job
	0  -  Total Bytes Sent By Job
	0  -  Total Bytes Received By Job
	Partitionable Resources :    Usage  Request Allocated 
	   Cpus                 :                 1         1 
	   Disk (KB)            :        2        2   6681619 
	   Memory (MB)          :      103   128192    128256 
	   xferslots            :                           0 

	Job terminated of its own accord at 2025-01-29T06:32:15Z with exit-code 0.
...
000 (4596962.000.000) 2025-01-30 00:28:18 Job submitted from host: <130.199.48.82:9618?addrs=130.199.48.82-9618&alias=rcas2063.rcf.bnl.gov&noUDP&sock=schedd_23786_1176>
...
009 (4596962.000.000) 2025-01-30 19:29:26 Job was aborted.
	via condor_rm (by user sgross)
...
000 (4598166.000.000) 2025-02-02 21:00:00 Job submitted from host: <130.199.48.82:9618?addrs=130.199.48.82-9618&alias=rcas2063.rcf.bnl.gov&noUDP&sock=schedd_23786_1176>
...
001 (4598166.000.000) 2025-02-02 21:06:26 Job executing on host: <130.199.151.34:9618?addrs=130.199.151.34-9618&alias=spool1612.sdcc.bnl.gov&noUDP&sock=startd_77167_7b17>
...
006 (4598166.000.000) 2025-02-02 21:06:35 Image size of job updated: 228348
	127  -  MemoryUsage of job (MB)
	129584  -  ResidentSetSize of job (KB)
...
006 (4598166.000.000) 2025-02-02 21:06:39 Image size of job updated: 228380
	127  -  MemoryUsage of job (MB)
	129616  -  ResidentSetSize of job (KB)
...
005 (4598166.000.000) 2025-02-02 21:06:39 Job terminated.
	(1) Normal termination (return value 139)
		Usr 0 00:00:05, Sys 0 00:00:02  -  Run Remote Usage
		Usr 0 00:00:00, Sys 0 00:00:00  -  Run Local Usage
		Usr 0 00:00:05, Sys 0 00:00:02  -  Total Remote Usage
		Usr 0 00:00:00, Sys 0 00:00:00  -  Total Local Usage
	0  -  Run Bytes Sent By Job
	0  -  Run Bytes Received By Job
	0  -  Total Bytes Sent By Job
	0  -  Total Bytes Received By Job
	Partitionable Resources :    Usage  Request Allocated 
	   Cpus                 :                 1         1 
	   Disk (KB)            :        2        2   6681238 
	   Memory (MB)          :      127   128192    128256 
	   xferslots            :                           0 

	Job terminated of its own accord at 2025-02-03T02:06:39Z with exit-code 139.
...
000 (4607883.000.000) 2025-02-03 00:29:32 Job submitted from host: <130.199.48.82:9618?addrs=130.199.48.82-9618&alias=rcas2063.rcf.bnl.gov&noUDP&sock=schedd_23786_1176>
...
