000 (4595366.000.000) 2025-01-28 23:08:36 Job submitted from host: <130.199.48.82:9618?addrs=130.199.48.82-9618&alias=rcas2063.rcf.bnl.gov&noUDP&sock=schedd_23786_1176>
...
001 (4595366.000.000) 2025-01-29 01:20:27 Job executing on host: <130.199.151.8:9618?addrs=130.199.151.8-9618&alias=spool1586.sdcc.bnl.gov&noUDP&sock=startd_10002_9b31>
...
006 (4595366.000.000) 2025-01-29 01:20:35 Image size of job updated: 570328
	96  -  MemoryUsage of job (MB)
	97724  -  ResidentSetSize of job (KB)
...
006 (4595366.000.000) 2025-01-29 01:20:39 Image size of job updated: 570328
	96  -  MemoryUsage of job (MB)
	97900  -  ResidentSetSize of job (KB)
...
005 (4595366.000.000) 2025-01-29 01:20:40 Job terminated.
	(1) Normal termination (return value 0)
		Usr 0 00:00:04, Sys 0 00:00:01  -  Run Remote Usage
		Usr 0 00:00:00, Sys 0 00:00:00  -  Run Local Usage
		Usr 0 00:00:04, Sys 0 00:00:01  -  Total Remote Usage
		Usr 0 00:00:00, Sys 0 00:00:00  -  Total Local Usage
	0  -  Run Bytes Sent By Job
	0  -  Run Bytes Received By Job
	0  -  Total Bytes Sent By Job
	0  -  Total Bytes Received By Job
	Partitionable Resources :    Usage  Request Allocated 
	   Cpus                 :                 1         1 
	   Disk (KB)            :        2        2   6681168 
	   Memory (MB)          :       96   128192    128256 
	   xferslots            :                           0 

	Job terminated of its own accord at 2025-01-29T06:20:39Z with exit-code 0.
...
000 (4596387.000.000) 2025-01-30 00:27:21 Job submitted from host: <130.199.48.82:9618?addrs=130.199.48.82-9618&alias=rcas2063.rcf.bnl.gov&noUDP&sock=schedd_23786_1176>
...
001 (4596387.000.000) 2025-01-30 13:55:38 Job executing on host: <130.199.150.88:9618?addrs=130.199.150.88-9618&alias=spool1569.sdcc.bnl.gov&noUDP&sock=startd_33698_1751>
...
006 (4596387.000.000) 2025-01-30 13:55:46 Image size of job updated: 323624
	78  -  MemoryUsage of job (MB)
	79700  -  ResidentSetSize of job (KB)
...
006 (4596387.000.000) 2025-01-30 14:00:46 Image size of job updated: 5297204
	695  -  MemoryUsage of job (MB)
	710888  -  ResidentSetSize of job (KB)
...
006 (4596387.000.000) 2025-01-30 14:05:47 Image size of job updated: 7277244
	4098  -  MemoryUsage of job (MB)
	4196344  -  ResidentSetSize of job (KB)
...
006 (4596387.000.000) 2025-01-30 14:10:47 Image size of job updated: 10173844
	6716  -  MemoryUsage of job (MB)
	6876408  -  ResidentSetSize of job (KB)
...
006 (4596387.000.000) 2025-01-30 14:15:47 Image size of job updated: 14209420
	9968  -  MemoryUsage of job (MB)
	10206400  -  ResidentSetSize of job (KB)
...
006 (4596387.000.000) 2025-01-30 14:20:48 Image size of job updated: 18285204
	13477  -  MemoryUsage of job (MB)
	13799604  -  ResidentSetSize of job (KB)
...
006 (4596387.000.000) 2025-01-30 14:25:48 Image size of job updated: 22582096
	17367  -  MemoryUsage of job (MB)
	17783316  -  ResidentSetSize of job (KB)
...
006 (4596387.000.000) 2025-01-30 14:30:48 Image size of job updated: 26077956
	20941  -  MemoryUsage of job (MB)
	21442676  -  ResidentSetSize of job (KB)
...
006 (4596387.000.000) 2025-01-30 14:35:49 Image size of job updated: 27668976
	23851  -  MemoryUsage of job (MB)
	24422476  -  ResidentSetSize of job (KB)
...
006 (4596387.000.000) 2025-01-30 14:40:50 Image size of job updated: 31619880
	26816  -  MemoryUsage of job (MB)
	27459120  -  ResidentSetSize of job (KB)
...
006 (4596387.000.000) 2025-01-30 14:45:50 Image size of job updated: 34805536
	30902  -  MemoryUsage of job (MB)
	31643292  -  ResidentSetSize of job (KB)
...
006 (4596387.000.000) 2025-01-30 14:50:51 Image size of job updated: 37452784
	33471  -  MemoryUsage of job (MB)
	34273648  -  ResidentSetSize of job (KB)
...
006 (4596387.000.000) 2025-01-30 14:55:52 Image size of job updated: 41095504
	36212  -  MemoryUsage of job (MB)
	37080292  -  ResidentSetSize of job (KB)
...
006 (4596387.000.000) 2025-01-30 15:00:52 Image size of job updated: 44524464
	39608  -  MemoryUsage of job (MB)
	40557944  -  ResidentSetSize of job (KB)
...
006 (4596387.000.000) 2025-01-30 15:05:53 Image size of job updated: 46752784
	42564  -  MemoryUsage of job (MB)
	43584972  -  ResidentSetSize of job (KB)
...
006 (4596387.000.000) 2025-01-30 15:10:54 Image size of job updated: 49580992
	45215  -  MemoryUsage of job (MB)
	46299312  -  ResidentSetSize of job (KB)
...
006 (4596387.000.000) 2025-01-30 15:14:14 Image size of job updated: 52043020
	45215  -  MemoryUsage of job (MB)
	46299312  -  ResidentSetSize of job (KB)
...
005 (4596387.000.000) 2025-01-30 15:14:14 Job terminated.
	(1) Normal termination (return value 0)
		Usr 0 01:14:39, Sys 0 00:08:03  -  Run Remote Usage
		Usr 0 00:00:00, Sys 0 00:00:00  -  Run Local Usage
		Usr 0 01:14:39, Sys 0 00:08:03  -  Total Remote Usage
		Usr 0 00:00:00, Sys 0 00:00:00  -  Total Local Usage
	0  -  Run Bytes Sent By Job
	0  -  Run Bytes Received By Job
	0  -  Total Bytes Sent By Job
	0  -  Total Bytes Received By Job
	Partitionable Resources :    Usage  Request Allocated 
	   Cpus                 :     0.98        1         1 
	   Disk (KB)            :     2           2   6681235 
	   Memory (MB)          : 45215      128192    128256 
	   xferslots            :                           0 

	Job terminated of its own accord at 2025-01-30T20:14:14Z with exit-code 0.
...
000 (4597591.000.000) 2025-02-02 20:58:55 Job submitted from host: <130.199.48.82:9618?addrs=130.199.48.82-9618&alias=rcas2063.rcf.bnl.gov&noUDP&sock=schedd_23786_1176>
...
001 (4597591.000.000) 2025-02-02 21:05:16 Job executing on host: <130.199.186.80:9618?addrs=130.199.186.80-9618&alias=spool1843.sdcc.bnl.gov&noUDP&sock=startd_11487_9708>
...
006 (4597591.000.000) 2025-02-02 21:05:24 Image size of job updated: 171616
	0  -  MemoryUsage of job (MB)
	0  -  ResidentSetSize of job (KB)
...
005 (4597591.000.000) 2025-02-02 21:05:24 Job terminated.
	(1) Normal termination (return value 139)
		Usr 0 00:00:05, Sys 0 00:00:02  -  Run Remote Usage
		Usr 0 00:00:00, Sys 0 00:00:00  -  Run Local Usage
		Usr 0 00:00:05, Sys 0 00:00:02  -  Total Remote Usage
		Usr 0 00:00:00, Sys 0 00:00:00  -  Total Local Usage
	0  -  Run Bytes Sent By Job
	0  -  Run Bytes Received By Job
	0  -  Total Bytes Sent By Job
	0  -  Total Bytes Received By Job
	Partitionable Resources :    Usage  Request Allocated 
	   Cpus                 :                 1         1 
	   Disk (KB)            :        2        2   6681630 
	   Memory (MB)          :        0   128192    128256 
	   xferslots            :                           0 

	Job terminated of its own accord at 2025-02-03T02:05:24Z with exit-code 139.
...
