000 (4595235.000.000) 2025-01-28 23:08:25 Job submitted from host: <130.199.48.82:9618?addrs=130.199.48.82-9618&alias=rcas2063.rcf.bnl.gov&noUDP&sock=schedd_23786_1176>
...
001 (4595235.000.000) 2025-01-29 01:09:30 Job executing on host: <130.199.151.33:9618?addrs=130.199.151.33-9618&alias=spool1611.sdcc.bnl.gov&noUDP&sock=startd_368_911c>
...
006 (4595235.000.000) 2025-01-29 01:09:39 Image size of job updated: 190432
	115  -  MemoryUsage of job (MB)
	117284  -  ResidentSetSize of job (KB)
...
006 (4595235.000.000) 2025-01-29 01:09:40 Image size of job updated: 190580
	115  -  MemoryUsage of job (MB)
	117364  -  ResidentSetSize of job (KB)
...
005 (4595235.000.000) 2025-01-29 01:09:41 Job terminated.
	(1) Normal termination (return value 0)
		Usr 0 00:00:04, Sys 0 00:00:01  -  Run Remote Usage
		Usr 0 00:00:00, Sys 0 00:00:00  -  Run Local Usage
		Usr 0 00:00:04, Sys 0 00:00:01  -  Total Remote Usage
		Usr 0 00:00:00, Sys 0 00:00:00  -  Total Local Usage
	0  -  Run Bytes Sent By Job
	0  -  Run Bytes Received By Job
	0  -  Total Bytes Sent By Job
	0  -  Total Bytes Received By Job
	Partitionable Resources :    Usage  Request Allocated 
	   Cpus                 :                 1         1 
	   Disk (KB)            :        2        2   6681232 
	   Memory (MB)          :      115   128192    128256 
	   xferslots            :                           0 

	Job terminated of its own accord at 2025-01-29T06:09:40Z with exit-code 0.
...
000 (4596256.000.000) 2025-01-30 00:27:08 Job submitted from host: <130.199.48.82:9618?addrs=130.199.48.82-9618&alias=rcas2063.rcf.bnl.gov&noUDP&sock=schedd_23786_1176>
...
001 (4596256.000.000) 2025-01-30 10:48:36 Job executing on host: <130.199.184.214:9618?addrs=130.199.184.214-9618&alias=spool1789.sdcc.bnl.gov&noUDP&sock=startd_37765_3ec7>
...
006 (4596256.000.000) 2025-01-30 10:48:44 Image size of job updated: 145920
	74  -  MemoryUsage of job (MB)
	75180  -  ResidentSetSize of job (KB)
...
006 (4596256.000.000) 2025-01-30 10:53:44 Image size of job updated: 5041672
	518  -  MemoryUsage of job (MB)
	530308  -  ResidentSetSize of job (KB)
...
006 (4596256.000.000) 2025-01-30 10:58:44 Image size of job updated: 6738792
	3694  -  MemoryUsage of job (MB)
	3781836  -  ResidentSetSize of job (KB)
...
006 (4596256.000.000) 2025-01-30 11:03:45 Image size of job updated: 9493224
	5549  -  MemoryUsage of job (MB)
	5681964  -  ResidentSetSize of job (KB)
...
006 (4596256.000.000) 2025-01-30 11:08:45 Image size of job updated: 13809660
	8824  -  MemoryUsage of job (MB)
	9035368  -  ResidentSetSize of job (KB)
...
006 (4596256.000.000) 2025-01-30 11:13:45 Image size of job updated: 14866600
	11049  -  MemoryUsage of job (MB)
	11313260  -  ResidentSetSize of job (KB)
...
006 (4596256.000.000) 2025-01-30 11:18:46 Image size of job updated: 18429560
	13423  -  MemoryUsage of job (MB)
	13744184  -  ResidentSetSize of job (KB)
...
006 (4596256.000.000) 2025-01-30 11:23:46 Image size of job updated: 20098612
	16698  -  MemoryUsage of job (MB)
	17098684  -  ResidentSetSize of job (KB)
...
006 (4596256.000.000) 2025-01-30 11:28:46 Image size of job updated: 23063180
	18653  -  MemoryUsage of job (MB)
	19100040  -  ResidentSetSize of job (KB)
...
006 (4596256.000.000) 2025-01-30 11:33:47 Image size of job updated: 25612564
	21895  -  MemoryUsage of job (MB)
	22420092  -  ResidentSetSize of job (KB)
...
006 (4596256.000.000) 2025-01-30 11:38:48 Image size of job updated: 27222884
	23650  -  MemoryUsage of job (MB)
	24216736  -  ResidentSetSize of job (KB)
...
006 (4596256.000.000) 2025-01-30 11:43:48 Image size of job updated: 31228628
	26158  -  MemoryUsage of job (MB)
	26785572  -  ResidentSetSize of job (KB)
...
006 (4596256.000.000) 2025-01-30 11:48:49 Image size of job updated: 32128696
	28137  -  MemoryUsage of job (MB)
	28812044  -  ResidentSetSize of job (KB)
...
006 (4596256.000.000) 2025-01-30 11:53:50 Image size of job updated: 35129508
	30737  -  MemoryUsage of job (MB)
	31474260  -  ResidentSetSize of job (KB)
...
006 (4596256.000.000) 2025-01-30 11:58:50 Image size of job updated: 36511564
	32748  -  MemoryUsage of job (MB)
	33533024  -  ResidentSetSize of job (KB)
...
006 (4596256.000.000) 2025-01-30 12:03:50 Image size of job updated: 40495296
	35149  -  MemoryUsage of job (MB)
	35992256  -  ResidentSetSize of job (KB)
...
006 (4596256.000.000) 2025-01-30 12:08:51 Image size of job updated: 41661552
	37425  -  MemoryUsage of job (MB)
	38323004  -  ResidentSetSize of job (KB)
...
006 (4596256.000.000) 2025-01-30 12:13:51 Image size of job updated: 44680488
	39236  -  MemoryUsage of job (MB)
	40177460  -  ResidentSetSize of job (KB)
...
006 (4596256.000.000) 2025-01-30 12:18:52 Image size of job updated: 45964632
	41861  -  MemoryUsage of job (MB)
	42865492  -  ResidentSetSize of job (KB)
...
006 (4596256.000.000) 2025-01-30 12:23:53 Image size of job updated: 48297288
	43394  -  MemoryUsage of job (MB)
	44435144  -  ResidentSetSize of job (KB)
...
006 (4596256.000.000) 2025-01-30 12:28:53 Image size of job updated: 50454988
	46309  -  MemoryUsage of job (MB)
	47419444  -  ResidentSetSize of job (KB)
...
006 (4596256.000.000) 2025-01-30 12:33:53 Image size of job updated: 52763312
	47761  -  MemoryUsage of job (MB)
	48906260  -  ResidentSetSize of job (KB)
...
006 (4596256.000.000) 2025-01-30 12:38:54 Image size of job updated: 55072380
	50721  -  MemoryUsage of job (MB)
	51938100  -  ResidentSetSize of job (KB)
...
006 (4596256.000.000) 2025-01-30 12:43:54 Image size of job updated: 57577092
	52352  -  MemoryUsage of job (MB)
	53607756  -  ResidentSetSize of job (KB)
...
006 (4596256.000.000) 2025-01-30 12:48:54 Image size of job updated: 59956532
	55399  -  MemoryUsage of job (MB)
	56728412  -  ResidentSetSize of job (KB)
...
006 (4596256.000.000) 2025-01-30 12:49:45 Image size of job updated: 60337020
	55399  -  MemoryUsage of job (MB)
	56728412  -  ResidentSetSize of job (KB)
...
005 (4596256.000.000) 2025-01-30 12:49:45 Job terminated.
	(1) Normal termination (return value 0)
		Usr 0 01:39:00, Sys 0 00:10:11  -  Run Remote Usage
		Usr 0 00:00:00, Sys 0 00:00:00  -  Run Local Usage
		Usr 0 01:39:00, Sys 0 00:10:11  -  Total Remote Usage
		Usr 0 00:00:00, Sys 0 00:00:00  -  Total Local Usage
	0  -  Run Bytes Sent By Job
	0  -  Run Bytes Received By Job
	0  -  Total Bytes Sent By Job
	0  -  Total Bytes Received By Job
	Partitionable Resources :    Usage  Request Allocated 
	   Cpus                 :     0.95        1         1 
	   Disk (KB)            :     2           2   6681621 
	   Memory (MB)          : 55399      128192    128256 
	   xferslots            :                           0 

	Job terminated of its own accord at 2025-01-30T17:49:45Z with exit-code 0.
...
000 (4597460.000.000) 2025-02-02 20:58:39 Job submitted from host: <130.199.48.82:9618?addrs=130.199.48.82-9618&alias=rcas2063.rcf.bnl.gov&noUDP&sock=schedd_23786_1176>
...
001 (4597460.000.000) 2025-02-02 21:04:43 Job executing on host: <130.199.186.28:9618?addrs=130.199.186.28-9618&alias=spool1825.sdcc.bnl.gov&noUDP&sock=startd_62164_3881>
...
006 (4597460.000.000) 2025-02-02 21:04:51 Image size of job updated: 604084
	0  -  MemoryUsage of job (MB)
	0  -  ResidentSetSize of job (KB)
...
005 (4597460.000.000) 2025-02-02 21:04:52 Job terminated.
	(1) Normal termination (return value 139)
		Usr 0 00:00:05, Sys 0 00:00:01  -  Run Remote Usage
		Usr 0 00:00:00, Sys 0 00:00:00  -  Run Local Usage
		Usr 0 00:00:05, Sys 0 00:00:01  -  Total Remote Usage
		Usr 0 00:00:00, Sys 0 00:00:00  -  Total Local Usage
	0  -  Run Bytes Sent By Job
	0  -  Run Bytes Received By Job
	0  -  Total Bytes Sent By Job
	0  -  Total Bytes Received By Job
	Partitionable Resources :    Usage  Request Allocated 
	   Cpus                 :                 1         1 
	   Disk (KB)            :        2        2   6681629 
	   Memory (MB)          :        0   128192    128256 
	   xferslots            :                           0 

	Job terminated of its own accord at 2025-02-03T02:04:51Z with exit-code 139.
...
000 (4607177.000.000) 2025-02-03 00:28:11 Job submitted from host: <130.199.48.82:9618?addrs=130.199.48.82-9618&alias=rcas2063.rcf.bnl.gov&noUDP&sock=schedd_23786_1176>
...
