000 (4598438.000.000) 2025-02-02 21:00:30 Job submitted from host: <130.199.48.82:9618?addrs=130.199.48.82-9618&alias=rcas2063.rcf.bnl.gov&noUDP&sock=schedd_23786_1176>
...
001 (4598438.000.000) 2025-02-02 21:06:48 Job executing on host: <130.199.186.24:9618?addrs=130.199.186.24-9618&alias=spool1821.sdcc.bnl.gov&noUDP&sock=startd_30284_9a6a>
...
006 (4598438.000.000) 2025-02-02 21:06:57 Image size of job updated: 416016
	256  -  MemoryUsage of job (MB)
	261516  -  ResidentSetSize of job (KB)
...
006 (4598438.000.000) 2025-02-02 21:06:59 Image size of job updated: 416032
	256  -  MemoryUsage of job (MB)
	261532  -  ResidentSetSize of job (KB)
...
005 (4598438.000.000) 2025-02-02 21:06:59 Job terminated.
	(1) Normal termination (return value 139)
		Usr 0 00:00:05, Sys 0 00:00:02  -  Run Remote Usage
		Usr 0 00:00:00, Sys 0 00:00:00  -  Run Local Usage
		Usr 0 00:00:05, Sys 0 00:00:02  -  Total Remote Usage
		Usr 0 00:00:00, Sys 0 00:00:00  -  Total Local Usage
	0  -  Run Bytes Sent By Job
	0  -  Run Bytes Received By Job
	0  -  Total Bytes Sent By Job
	0  -  Total Bytes Received By Job
	Partitionable Resources :    Usage  Request Allocated 
	   Cpus                 :                 1         1 
	   Disk (KB)            :        2        2   6681648 
	   Memory (MB)          :      256   128192    128256 
	   xferslots            :                           0 

	Job terminated of its own accord at 2025-02-03T02:06:59Z with exit-code 139.
...
