000 (4603529.000.000) 2025-02-02 21:12:41 Job submitted from host: <130.199.48.82:9618?addrs=130.199.48.82-9618&alias=rcas2063.rcf.bnl.gov&noUDP&sock=schedd_23786_1176>
...
001 (4603529.000.000) 2025-02-02 21:13:22 Job executing on host: <130.199.150.67:9618?addrs=130.199.150.67-9618&alias=spool1548.sdcc.bnl.gov&noUDP&sock=startd_28485_3e0d>
...
006 (4603529.000.000) 2025-02-02 21:13:30 Image size of job updated: 228428
	129  -  MemoryUsage of job (MB)
	131292  -  ResidentSetSize of job (KB)
...
006 (4603529.000.000) 2025-02-02 21:13:34 Image size of job updated: 3388648
	129  -  MemoryUsage of job (MB)
	131488  -  ResidentSetSize of job (KB)
...
005 (4603529.000.000) 2025-02-02 21:13:35 Job terminated.
	(1) Normal termination (return value 139)
		Usr 0 00:00:06, Sys 0 00:00:02  -  Run Remote Usage
		Usr 0 00:00:00, Sys 0 00:00:00  -  Run Local Usage
		Usr 0 00:00:06, Sys 0 00:00:02  -  Total Remote Usage
		Usr 0 00:00:00, Sys 0 00:00:00  -  Total Local Usage
	0  -  Run Bytes Sent By Job
	0  -  Run Bytes Received By Job
	0  -  Total Bytes Sent By Job
	0  -  Total Bytes Received By Job
	Partitionable Resources :    Usage  Request Allocated 
	   Cpus                 :                 1         1 
	   Disk (KB)            :        2        2   6681217 
	   Memory (MB)          :      129   128192    128256 
	   xferslots            :                           0 

	Job terminated of its own accord at 2025-02-03T02:13:34Z with exit-code 139.
...
