000 (4595949.000.000) 2025-01-28 23:09:23 Job submitted from host: <130.199.48.82:9618?addrs=130.199.48.82-9618&alias=rcas2063.rcf.bnl.gov&noUDP&sock=schedd_23786_1176>
...
001 (4595949.000.000) 2025-01-29 01:32:09 Job executing on host: <130.199.151.33:9618?addrs=130.199.151.33-9618&alias=spool1611.sdcc.bnl.gov&noUDP&sock=startd_368_911c>
...
006 (4595949.000.000) 2025-01-29 01:32:18 Image size of job updated: 388024
	64  -  MemoryUsage of job (MB)
	65112  -  ResidentSetSize of job (KB)
...
006 (4595949.000.000) 2025-01-29 01:32:31 Image size of job updated: 388024
	64  -  MemoryUsage of job (MB)
	65120  -  ResidentSetSize of job (KB)
...
005 (4595949.000.000) 2025-01-29 01:32:31 Job terminated.
	(1) Normal termination (return value 0)
		Usr 0 00:00:04, Sys 0 00:00:01  -  Run Remote Usage
		Usr 0 00:00:00, Sys 0 00:00:00  -  Run Local Usage
		Usr 0 00:00:04, Sys 0 00:00:01  -  Total Remote Usage
		Usr 0 00:00:00, Sys 0 00:00:00  -  Total Local Usage
	0  -  Run Bytes Sent By Job
	0  -  Run Bytes Received By Job
	0  -  Total Bytes Sent By Job
	0  -  Total Bytes Received By Job
	Partitionable Resources :    Usage  Request Allocated 
	   Cpus                 :                 1         1 
	   Disk (KB)            :        2        2   6681232 
	   Memory (MB)          :       64   128192    128256 
	   xferslots            :                           0 

	Job terminated of its own accord at 2025-01-29T06:32:31Z with exit-code 0.
...
000 (4596970.000.000) 2025-01-30 00:28:18 Job submitted from host: <130.199.48.82:9618?addrs=130.199.48.82-9618&alias=rcas2063.rcf.bnl.gov&noUDP&sock=schedd_23786_1176>
...
009 (4596970.000.000) 2025-01-30 19:29:28 Job was aborted.
	via condor_rm (by user sgross)
...
000 (4598174.000.000) 2025-02-02 21:00:01 Job submitted from host: <130.199.48.82:9618?addrs=130.199.48.82-9618&alias=rcas2063.rcf.bnl.gov&noUDP&sock=schedd_23786_1176>
...
001 (4598174.000.000) 2025-02-02 21:06:25 Job executing on host: <130.199.186.14:9618?addrs=130.199.186.14-9618&alias=spool1811.sdcc.bnl.gov&noUDP&sock=startd_63546_9b34>
...
006 (4598174.000.000) 2025-02-02 21:06:34 Image size of job updated: 602236
	0  -  MemoryUsage of job (MB)
	0  -  ResidentSetSize of job (KB)
...
005 (4598174.000.000) 2025-02-02 21:06:34 Job terminated.
	(1) Normal termination (return value 139)
		Usr 0 00:00:06, Sys 0 00:00:01  -  Run Remote Usage
		Usr 0 00:00:00, Sys 0 00:00:00  -  Run Local Usage
		Usr 0 00:00:06, Sys 0 00:00:01  -  Total Remote Usage
		Usr 0 00:00:00, Sys 0 00:00:00  -  Total Local Usage
	0  -  Run Bytes Sent By Job
	0  -  Run Bytes Received By Job
	0  -  Total Bytes Sent By Job
	0  -  Total Bytes Received By Job
	Partitionable Resources :    Usage  Request Allocated 
	   Cpus                 :                 1         1 
	   Disk (KB)            :        2        2   6681648 
	   Memory (MB)          :        0   128192    128256 
	   xferslots            :                           0 

	Job terminated of its own accord at 2025-02-03T02:06:34Z with exit-code 139.
...
000 (4607891.000.000) 2025-02-03 00:29:33 Job submitted from host: <130.199.48.82:9618?addrs=130.199.48.82-9618&alias=rcas2063.rcf.bnl.gov&noUDP&sock=schedd_23786_1176>
...
