000 (4603685.000.000) 2025-02-02 21:13:13 Job submitted from host: <130.199.48.82:9618?addrs=130.199.48.82-9618&alias=rcas2063.rcf.bnl.gov&noUDP&sock=schedd_23786_1176>
...
001 (4603685.000.000) 2025-02-02 21:13:34 Job executing on host: <130.199.186.18:9618?addrs=130.199.186.18-9618&alias=spool1815.sdcc.bnl.gov&noUDP&sock=startd_39127_4d11>
...
006 (4603685.000.000) 2025-02-02 21:13:42 Image size of job updated: 299068
	78  -  MemoryUsage of job (MB)
	79744  -  ResidentSetSize of job (KB)
...
006 (4603685.000.000) 2025-02-02 21:13:58 Image size of job updated: 725892
	78  -  MemoryUsage of job (MB)
	79760  -  ResidentSetSize of job (KB)
...
005 (4603685.000.000) 2025-02-02 21:13:58 Job terminated.
	(1) Normal termination (return value 139)
		Usr 0 00:00:06, Sys 0 00:00:03  -  Run Remote Usage
		Usr 0 00:00:00, Sys 0 00:00:00  -  Run Local Usage
		Usr 0 00:00:06, Sys 0 00:00:03  -  Total Remote Usage
		Usr 0 00:00:00, Sys 0 00:00:00  -  Total Local Usage
	0  -  Run Bytes Sent By Job
	0  -  Run Bytes Received By Job
	0  -  Total Bytes Sent By Job
	0  -  Total Bytes Received By Job
	Partitionable Resources :    Usage  Request Allocated 
	   Cpus                 :                 1         1 
	   Disk (KB)            :        2        2   6681631 
	   Memory (MB)          :       78   128192    128256 
	   xferslots            :                           0 

	Job terminated of its own accord at 2025-02-03T02:13:58Z with exit-code 139.
...
