000 (4595802.000.000) 2025-01-28 23:09:11 Job submitted from host: <130.199.48.82:9618?addrs=130.199.48.82-9618&alias=rcas2063.rcf.bnl.gov&noUDP&sock=schedd_23786_1176>
...
001 (4595802.000.000) 2025-01-29 01:29:37 Job executing on host: <130.199.186.21:9618?addrs=130.199.186.21-9618&alias=spool1818.sdcc.bnl.gov&noUDP&sock=startd_15937_f573>
...
006 (4595802.000.000) 2025-01-29 01:29:45 Image size of job updated: 143680
	70  -  MemoryUsage of job (MB)
	71668  -  ResidentSetSize of job (KB)
...
006 (4595802.000.000) 2025-01-29 01:29:51 Image size of job updated: 2931932
	71  -  MemoryUsage of job (MB)
	72188  -  ResidentSetSize of job (KB)
...
005 (4595802.000.000) 2025-01-29 01:29:51 Job terminated.
	(1) Normal termination (return value 0)
		Usr 0 00:00:03, Sys 0 00:00:01  -  Run Remote Usage
		Usr 0 00:00:00, Sys 0 00:00:00  -  Run Local Usage
		Usr 0 00:00:03, Sys 0 00:00:01  -  Total Remote Usage
		Usr 0 00:00:00, Sys 0 00:00:00  -  Total Local Usage
	0  -  Run Bytes Sent By Job
	0  -  Run Bytes Received By Job
	0  -  Total Bytes Sent By Job
	0  -  Total Bytes Received By Job
	Partitionable Resources :    Usage  Request Allocated 
	   Cpus                 :                 1         1 
	   Disk (KB)            :        2        2   6681615 
	   Memory (MB)          :       71   128192    128256 
	   xferslots            :                           0 

	Job terminated of its own accord at 2025-01-29T06:29:51Z with exit-code 0.
...
000 (4596823.000.000) 2025-01-30 00:28:05 Job submitted from host: <130.199.48.82:9618?addrs=130.199.48.82-9618&alias=rcas2063.rcf.bnl.gov&noUDP&sock=schedd_23786_1176>
...
001 (4596823.000.000) 2025-01-30 18:59:42 Job executing on host: <130.199.150.72:9618?addrs=130.199.150.72-9618&alias=spool1553.sdcc.bnl.gov&noUDP&sock=startd_35933_70bb>
...
006 (4596823.000.000) 2025-01-30 18:59:51 Image size of job updated: 298944
	82  -  MemoryUsage of job (MB)
	83368  -  ResidentSetSize of job (KB)
...
006 (4596823.000.000) 2025-01-30 19:04:52 Image size of job updated: 4957992
	860  -  MemoryUsage of job (MB)
	879884  -  ResidentSetSize of job (KB)
...
006 (4596823.000.000) 2025-01-30 19:09:52 Image size of job updated: 8825924
	4599  -  MemoryUsage of job (MB)
	4709272  -  ResidentSetSize of job (KB)
...
006 (4596823.000.000) 2025-01-30 19:14:53 Image size of job updated: 13449688
	8506  -  MemoryUsage of job (MB)
	8709952  -  ResidentSetSize of job (KB)
...
006 (4596823.000.000) 2025-01-30 19:19:53 Image size of job updated: 16114380
	12844  -  MemoryUsage of job (MB)
	13152064  -  ResidentSetSize of job (KB)
...
006 (4596823.000.000) 2025-01-30 19:24:53 Image size of job updated: 19950492
	16460  -  MemoryUsage of job (MB)
	16854624  -  ResidentSetSize of job (KB)
...
006 (4596823.000.000) 2025-01-30 19:29:33 Image size of job updated: 23413356
	19838  -  MemoryUsage of job (MB)
	20313532  -  ResidentSetSize of job (KB)
...
006 (4596823.000.000) 2025-01-30 19:29:33 Image size of job updated: 23466432
	19845  -  MemoryUsage of job (MB)
	20320872  -  ResidentSetSize of job (KB)
...
004 (4596823.000.000) 2025-01-30 19:29:33 Job was evicted.
	(0) CPU times
		Usr 0 00:30:29, Sys 0 00:03:12  -  Run Remote Usage
		Usr 0 00:00:00, Sys 0 00:00:00  -  Run Local Usage
	0  -  Run Bytes Sent By Job
	0  -  Run Bytes Received By Job
	Partitionable Resources :    Usage  Request Allocated 
	   Cpus                 :     1.35        1         1 
	   Disk (KB)            :     2           2   6681238 
	   Memory (MB)          : 19845      128192    128256 
	   xferslots            :                           0 
...
009 (4596823.000.000) 2025-01-30 19:29:33 Job was aborted.
	via condor_rm (by user sgross)

	Job terminated by <130.199.48.82:34729> at 2025-01-31T00:29:33Z (using method 1: DEACTIVATE_CLAIM).
...
000 (4598027.000.000) 2025-02-02 20:59:44 Job submitted from host: <130.199.48.82:9618?addrs=130.199.48.82-9618&alias=rcas2063.rcf.bnl.gov&noUDP&sock=schedd_23786_1176>
...
001 (4598027.000.000) 2025-02-02 21:06:11 Job executing on host: <130.199.150.89:9618?addrs=130.199.150.89-9618&alias=spool1570.sdcc.bnl.gov&noUDP&sock=startd_37304_5835>
...
006 (4598027.000.000) 2025-02-02 21:06:20 Image size of job updated: 481008
	221  -  MemoryUsage of job (MB)
	226212  -  ResidentSetSize of job (KB)
...
005 (4598027.000.000) 2025-02-02 21:06:20 Job terminated.
	(1) Normal termination (return value 139)
		Usr 0 00:00:06, Sys 0 00:00:01  -  Run Remote Usage
		Usr 0 00:00:00, Sys 0 00:00:00  -  Run Local Usage
		Usr 0 00:00:06, Sys 0 00:00:01  -  Total Remote Usage
		Usr 0 00:00:00, Sys 0 00:00:00  -  Total Local Usage
	0  -  Run Bytes Sent By Job
	0  -  Run Bytes Received By Job
	0  -  Total Bytes Sent By Job
	0  -  Total Bytes Received By Job
	Partitionable Resources :    Usage  Request Allocated 
	   Cpus                 :                 1         1 
	   Disk (KB)            :        2        2   6681236 
	   Memory (MB)          :      221   128192    128256 
	   xferslots            :                           0 

	Job terminated of its own accord at 2025-02-03T02:06:20Z with exit-code 139.
...
000 (4607744.000.000) 2025-02-03 00:29:16 Job submitted from host: <130.199.48.82:9618?addrs=130.199.48.82-9618&alias=rcas2063.rcf.bnl.gov&noUDP&sock=schedd_23786_1176>
...
