000 (4599413.000.000) 2025-02-02 21:02:10 Job submitted from host: <130.199.48.82:9618?addrs=130.199.48.82-9618&alias=rcas2063.rcf.bnl.gov&noUDP&sock=schedd_23786_1176>
...
001 (4599413.000.000) 2025-02-02 21:08:06 Job executing on host: <130.199.151.33:9618?addrs=130.199.151.33-9618&alias=spool1611.sdcc.bnl.gov&noUDP&sock=startd_368_911c>
...
006 (4599413.000.000) 2025-02-02 21:08:14 Image size of job updated: 265096
	146  -  MemoryUsage of job (MB)
	149032  -  ResidentSetSize of job (KB)
...
006 (4599413.000.000) 2025-02-02 21:08:17 Image size of job updated: 265188
	146  -  MemoryUsage of job (MB)
	149032  -  ResidentSetSize of job (KB)
...
005 (4599413.000.000) 2025-02-02 21:08:17 Job terminated.
	(1) Normal termination (return value 139)
		Usr 0 00:00:05, Sys 0 00:00:02  -  Run Remote Usage
		Usr 0 00:00:00, Sys 0 00:00:00  -  Run Local Usage
		Usr 0 00:00:05, Sys 0 00:00:02  -  Total Remote Usage
		Usr 0 00:00:00, Sys 0 00:00:00  -  Total Local Usage
	0  -  Run Bytes Sent By Job
	0  -  Run Bytes Received By Job
	0  -  Total Bytes Sent By Job
	0  -  Total Bytes Received By Job
	Partitionable Resources :    Usage  Request Allocated 
	   Cpus                 :                 1         1 
	   Disk (KB)            :        2        2   6681232 
	   Memory (MB)          :      146   128192    128256 
	   xferslots            :                           0 

	Job terminated of its own accord at 2025-02-03T02:08:17Z with exit-code 139.
...
