000 (4595268.000.000) 2025-01-28 23:08:28 Job submitted from host: <130.199.48.82:9618?addrs=130.199.48.82-9618&alias=rcas2063.rcf.bnl.gov&noUDP&sock=schedd_23786_1176>
...
001 (4595268.000.000) 2025-01-29 01:13:19 Job executing on host: <130.199.184.158:9618?addrs=130.199.184.158-9618&alias=spool1767.sdcc.bnl.gov&noUDP&sock=startd_62920_7c34>
...
006 (4595268.000.000) 2025-01-29 01:13:28 Image size of job updated: 251964
	141  -  MemoryUsage of job (MB)
	143660  -  ResidentSetSize of job (KB)
...
006 (4595268.000.000) 2025-01-29 01:13:28 Image size of job updated: 252072
	141  -  MemoryUsage of job (MB)
	143660  -  ResidentSetSize of job (KB)
...
005 (4595268.000.000) 2025-01-29 01:13:28 Job terminated.
	(1) Normal termination (return value 0)
		Usr 0 00:00:03, Sys 0 00:00:01  -  Run Remote Usage
		Usr 0 00:00:00, Sys 0 00:00:00  -  Run Local Usage
		Usr 0 00:00:03, Sys 0 00:00:01  -  Total Remote Usage
		Usr 0 00:00:00, Sys 0 00:00:00  -  Total Local Usage
	0  -  Run Bytes Sent By Job
	0  -  Run Bytes Received By Job
	0  -  Total Bytes Sent By Job
	0  -  Total Bytes Received By Job
	Partitionable Resources :    Usage  Request Allocated 
	   Cpus                 :                 1         1 
	   Disk (KB)            :        2        2   6681619 
	   Memory (MB)          :      141   128192    128256 
	   xferslots            :                           0 

	Job terminated of its own accord at 2025-01-29T06:13:28Z with exit-code 0.
...
000 (4596289.000.000) 2025-01-30 00:27:11 Job submitted from host: <130.199.48.82:9618?addrs=130.199.48.82-9618&alias=rcas2063.rcf.bnl.gov&noUDP&sock=schedd_23786_1176>
...
001 (4596289.000.000) 2025-01-30 11:58:43 Job executing on host: <130.199.186.26:9618?addrs=130.199.186.26-9618&alias=spool1823.sdcc.bnl.gov&noUDP&sock=startd_67155_cf28>
...
006 (4596289.000.000) 2025-01-30 11:58:52 Image size of job updated: 20316
	8  -  MemoryUsage of job (MB)
	7256  -  ResidentSetSize of job (KB)
...
006 (4596289.000.000) 2025-01-30 12:03:52 Image size of job updated: 3389060
	256  -  MemoryUsage of job (MB)
	261416  -  ResidentSetSize of job (KB)
...
006 (4596289.000.000) 2025-01-30 12:08:52 Image size of job updated: 3523364
	306  -  MemoryUsage of job (MB)
	312768  -  ResidentSetSize of job (KB)
...
006 (4596289.000.000) 2025-01-30 12:13:53 Image size of job updated: 5280428
	600  -  MemoryUsage of job (MB)
	613388  -  ResidentSetSize of job (KB)
...
006 (4596289.000.000) 2025-01-30 12:18:54 Image size of job updated: 6766788
	3498  -  MemoryUsage of job (MB)
	3581800  -  ResidentSetSize of job (KB)
...
006 (4596289.000.000) 2025-01-30 12:23:54 Image size of job updated: 10131856
	5969  -  MemoryUsage of job (MB)
	6111368  -  ResidentSetSize of job (KB)
...
006 (4596289.000.000) 2025-01-30 12:28:55 Image size of job updated: 12793340
	8793  -  MemoryUsage of job (MB)
	9003184  -  ResidentSetSize of job (KB)
...
006 (4596289.000.000) 2025-01-30 12:33:56 Image size of job updated: 14379436
	10870  -  MemoryUsage of job (MB)
	11130156  -  ResidentSetSize of job (KB)
...
006 (4596289.000.000) 2025-01-30 12:38:56 Image size of job updated: 17586436
	13002  -  MemoryUsage of job (MB)
	13313116  -  ResidentSetSize of job (KB)
...
006 (4596289.000.000) 2025-01-30 12:43:57 Image size of job updated: 19109912
	15620  -  MemoryUsage of job (MB)
	15994676  -  ResidentSetSize of job (KB)
...
006 (4596289.000.000) 2025-01-30 12:48:58 Image size of job updated: 22400396
	17534  -  MemoryUsage of job (MB)
	17954284  -  ResidentSetSize of job (KB)
...
006 (4596289.000.000) 2025-01-30 12:53:58 Image size of job updated: 23802368
	20153  -  MemoryUsage of job (MB)
	20636388  -  ResidentSetSize of job (KB)
...
006 (4596289.000.000) 2025-01-30 12:58:58 Image size of job updated: 27211644
	22267  -  MemoryUsage of job (MB)
	22800724  -  ResidentSetSize of job (KB)
...
006 (4596289.000.000) 2025-01-30 13:03:59 Image size of job updated: 28870176
	25147  -  MemoryUsage of job (MB)
	25749648  -  ResidentSetSize of job (KB)
...
006 (4596289.000.000) 2025-01-30 13:08:59 Image size of job updated: 31633656
	27191  -  MemoryUsage of job (MB)
	27843128  -  ResidentSetSize of job (KB)
...
006 (4596289.000.000) 2025-01-30 13:13:59 Image size of job updated: 34620004
	30553  -  MemoryUsage of job (MB)
	31285816  -  ResidentSetSize of job (KB)
...
006 (4596289.000.000) 2025-01-30 13:19:00 Image size of job updated: 36879508
	32939  -  MemoryUsage of job (MB)
	33728852  -  ResidentSetSize of job (KB)
...
006 (4596289.000.000) 2025-01-30 13:24:01 Image size of job updated: 39895948
	35686  -  MemoryUsage of job (MB)
	36542388  -  ResidentSetSize of job (KB)
...
006 (4596289.000.000) 2025-01-30 13:29:01 Image size of job updated: 43789296
	38432  -  MemoryUsage of job (MB)
	39354000  -  ResidentSetSize of job (KB)
...
006 (4596289.000.000) 2025-01-30 13:34:02 Image size of job updated: 45859064
	41613  -  MemoryUsage of job (MB)
	42611452  -  ResidentSetSize of job (KB)
...
006 (4596289.000.000) 2025-01-30 13:39:03 Image size of job updated: 48257716
	43588  -  MemoryUsage of job (MB)
	44633140  -  ResidentSetSize of job (KB)
...
006 (4596289.000.000) 2025-01-30 13:43:23 Image size of job updated: 51016732
	43588  -  MemoryUsage of job (MB)
	44633140  -  ResidentSetSize of job (KB)
...
005 (4596289.000.000) 2025-01-30 13:43:24 Job terminated.
	(1) Normal termination (return value 0)
		Usr 0 01:18:55, Sys 0 00:08:41  -  Run Remote Usage
		Usr 0 00:00:00, Sys 0 00:00:00  -  Run Local Usage
		Usr 0 01:18:55, Sys 0 00:08:41  -  Total Remote Usage
		Usr 0 00:00:00, Sys 0 00:00:00  -  Total Local Usage
	0  -  Run Bytes Sent By Job
	0  -  Run Bytes Received By Job
	0  -  Total Bytes Sent By Job
	0  -  Total Bytes Received By Job
	Partitionable Resources :    Usage  Request Allocated 
	   Cpus                 :     1.11        1         1 
	   Disk (KB)            :     2           2   6681621 
	   Memory (MB)          : 43588      128192    128256 
	   xferslots            :                           0 

	Job terminated of its own accord at 2025-01-30T18:43:23Z with exit-code 0.
...
000 (4597493.000.000) 2025-02-02 20:58:44 Job submitted from host: <130.199.48.82:9618?addrs=130.199.48.82-9618&alias=rcas2063.rcf.bnl.gov&noUDP&sock=schedd_23786_1176>
...
001 (4597493.000.000) 2025-02-02 21:04:50 Job executing on host: <130.199.186.93:9618?addrs=130.199.186.93-9618&alias=spool1856.sdcc.bnl.gov&noUDP&sock=startd_8097_b2a1>
...
006 (4597493.000.000) 2025-02-02 21:04:58 Image size of job updated: 3587620
	335  -  MemoryUsage of job (MB)
	342916  -  ResidentSetSize of job (KB)
...
005 (4597493.000.000) 2025-02-02 21:04:58 Job terminated.
	(1) Normal termination (return value 139)
		Usr 0 00:00:05, Sys 0 00:00:02  -  Run Remote Usage
		Usr 0 00:00:00, Sys 0 00:00:00  -  Run Local Usage
		Usr 0 00:00:05, Sys 0 00:00:02  -  Total Remote Usage
		Usr 0 00:00:00, Sys 0 00:00:00  -  Total Local Usage
	0  -  Run Bytes Sent By Job
	0  -  Run Bytes Received By Job
	0  -  Total Bytes Sent By Job
	0  -  Total Bytes Received By Job
	Partitionable Resources :    Usage  Request Allocated 
	   Cpus                 :                 1         1 
	   Disk (KB)            :        2        2   6681628 
	   Memory (MB)          :      335   128192    128256 
	   xferslots            :                           0 

	Job terminated of its own accord at 2025-02-03T02:04:58Z with exit-code 139.
...
000 (4607210.000.000) 2025-02-03 00:28:15 Job submitted from host: <130.199.48.82:9618?addrs=130.199.48.82-9618&alias=rcas2063.rcf.bnl.gov&noUDP&sock=schedd_23786_1176>
...
