000 (4595638.000.000) 2025-01-28 23:08:58 Job submitted from host: <130.199.48.82:9618?addrs=130.199.48.82-9618&alias=rcas2063.rcf.bnl.gov&noUDP&sock=schedd_23786_1176>
...
001 (4595638.000.000) 2025-01-29 01:26:54 Job executing on host: <130.199.186.10:9618?addrs=130.199.186.10-9618&alias=spool1807.sdcc.bnl.gov&noUDP&sock=startd_68265_1c36>
...
006 (4595638.000.000) 2025-01-29 01:27:02 Image size of job updated: 171316
	97  -  MemoryUsage of job (MB)
	98804  -  ResidentSetSize of job (KB)
...
006 (4595638.000.000) 2025-01-29 01:27:05 Image size of job updated: 171356
	97  -  MemoryUsage of job (MB)
	98888  -  ResidentSetSize of job (KB)
...
005 (4595638.000.000) 2025-01-29 01:27:06 Job terminated.
	(1) Normal termination (return value 0)
		Usr 0 00:00:04, Sys 0 00:00:01  -  Run Remote Usage
		Usr 0 00:00:00, Sys 0 00:00:00  -  Run Local Usage
		Usr 0 00:00:04, Sys 0 00:00:01  -  Total Remote Usage
		Usr 0 00:00:00, Sys 0 00:00:00  -  Total Local Usage
	0  -  Run Bytes Sent By Job
	0  -  Run Bytes Received By Job
	0  -  Total Bytes Sent By Job
	0  -  Total Bytes Received By Job
	Partitionable Resources :    Usage  Request Allocated 
	   Cpus                 :                 1         1 
	   Disk (KB)            :        2        2   6681630 
	   Memory (MB)          :       97   128192    128256 
	   xferslots            :                           0 

	Job terminated of its own accord at 2025-01-29T06:27:05Z with exit-code 0.
...
000 (4596659.000.000) 2025-01-30 00:27:48 Job submitted from host: <130.199.48.82:9618?addrs=130.199.48.82-9618&alias=rcas2063.rcf.bnl.gov&noUDP&sock=schedd_23786_1176>
...
001 (4596659.000.000) 2025-01-30 17:01:19 Job executing on host: <130.199.186.83:9618?addrs=130.199.186.83-9618&alias=spool1846.sdcc.bnl.gov&noUDP&sock=startd_39059_c7a7>
...
006 (4596659.000.000) 2025-01-30 17:01:28 Image size of job updated: 298416
	8  -  MemoryUsage of job (MB)
	7240  -  ResidentSetSize of job (KB)
...
006 (4596659.000.000) 2025-01-30 17:06:29 Image size of job updated: 5140652
	632  -  MemoryUsage of job (MB)
	646792  -  ResidentSetSize of job (KB)
...
006 (4596659.000.000) 2025-01-30 17:11:29 Image size of job updated: 6631412
	3461  -  MemoryUsage of job (MB)
	3543388  -  ResidentSetSize of job (KB)
...
006 (4596659.000.000) 2025-01-30 17:16:29 Image size of job updated: 9731376
	4970  -  MemoryUsage of job (MB)
	5088944  -  ResidentSetSize of job (KB)
...
006 (4596659.000.000) 2025-01-30 17:21:30 Image size of job updated: 10439664
	7216  -  MemoryUsage of job (MB)
	7388328  -  ResidentSetSize of job (KB)
...
006 (4596659.000.000) 2025-01-30 17:26:30 Image size of job updated: 13475992
	9307  -  MemoryUsage of job (MB)
	9529920  -  ResidentSetSize of job (KB)
...
006 (4596659.000.000) 2025-01-30 17:31:30 Image size of job updated: 14243440
	10837  -  MemoryUsage of job (MB)
	11096096  -  ResidentSetSize of job (KB)
...
006 (4596659.000.000) 2025-01-30 17:36:31 Image size of job updated: 18446496
	13240  -  MemoryUsage of job (MB)
	13557236  -  ResidentSetSize of job (KB)
...
006 (4596659.000.000) 2025-01-30 17:41:32 Image size of job updated: 18516856
	14648  -  MemoryUsage of job (MB)
	14999100  -  ResidentSetSize of job (KB)
...
006 (4596659.000.000) 2025-01-30 17:46:32 Image size of job updated: 21007288
	17534  -  MemoryUsage of job (MB)
	17954592  -  ResidentSetSize of job (KB)
...
006 (4596659.000.000) 2025-01-30 17:51:33 Image size of job updated: 23051692
	18406  -  MemoryUsage of job (MB)
	18847504  -  ResidentSetSize of job (KB)
...
006 (4596659.000.000) 2025-01-30 17:56:34 Image size of job updated: 25068524
	21323  -  MemoryUsage of job (MB)
	21833796  -  ResidentSetSize of job (KB)
...
006 (4596659.000.000) 2025-01-30 18:01:34 Image size of job updated: 27149028
	22407  -  MemoryUsage of job (MB)
	22944168  -  ResidentSetSize of job (KB)
...
006 (4596659.000.000) 2025-01-30 18:06:34 Image size of job updated: 28908488
	25138  -  MemoryUsage of job (MB)
	25740444  -  ResidentSetSize of job (KB)
...
006 (4596659.000.000) 2025-01-30 18:11:35 Image size of job updated: 30347680
	26102  -  MemoryUsage of job (MB)
	26728448  -  ResidentSetSize of job (KB)
...
006 (4596659.000.000) 2025-01-30 18:16:35 Image size of job updated: 32597016
	28729  -  MemoryUsage of job (MB)
	29418432  -  ResidentSetSize of job (KB)
...
006 (4596659.000.000) 2025-01-30 18:21:35 Image size of job updated: 34763192
	29807  -  MemoryUsage of job (MB)
	30521728  -  ResidentSetSize of job (KB)
...
006 (4596659.000.000) 2025-01-30 18:26:36 Image size of job updated: 35916000
	32123  -  MemoryUsage of job (MB)
	32893656  -  ResidentSetSize of job (KB)
...
006 (4596659.000.000) 2025-01-30 18:31:36 Image size of job updated: 38686020
	33553  -  MemoryUsage of job (MB)
	34357904  -  ResidentSetSize of job (KB)
...
006 (4596659.000.000) 2025-01-30 18:36:37 Image size of job updated: 39862464
	36000  -  MemoryUsage of job (MB)
	36863988  -  ResidentSetSize of job (KB)
...
006 (4596659.000.000) 2025-01-30 18:41:38 Image size of job updated: 42602312
	37777  -  MemoryUsage of job (MB)
	38683176  -  ResidentSetSize of job (KB)
...
006 (4596659.000.000) 2025-01-30 18:46:38 Image size of job updated: 45017368
	40383  -  MemoryUsage of job (MB)
	41352116  -  ResidentSetSize of job (KB)
...
006 (4596659.000.000) 2025-01-30 18:51:38 Image size of job updated: 46227680
	42070  -  MemoryUsage of job (MB)
	43079160  -  ResidentSetSize of job (KB)
...
006 (4596659.000.000) 2025-01-30 18:56:39 Image size of job updated: 49335512
	44627  -  MemoryUsage of job (MB)
	45697160  -  ResidentSetSize of job (KB)
...
006 (4596659.000.000) 2025-01-30 19:01:39 Image size of job updated: 51628292
	47448  -  MemoryUsage of job (MB)
	48586152  -  ResidentSetSize of job (KB)
...
006 (4596659.000.000) 2025-01-30 19:06:39 Image size of job updated: 54218520
	49098  -  MemoryUsage of job (MB)
	50275784  -  ResidentSetSize of job (KB)
...
006 (4596659.000.000) 2025-01-30 19:11:40 Image size of job updated: 57114228
	52788  -  MemoryUsage of job (MB)
	54053936  -  ResidentSetSize of job (KB)
...
006 (4596659.000.000) 2025-01-30 19:12:34 Image size of job updated: 58054608
	52788  -  MemoryUsage of job (MB)
	54053936  -  ResidentSetSize of job (KB)
...
005 (4596659.000.000) 2025-01-30 19:12:34 Job terminated.
	(1) Normal termination (return value 0)
		Usr 0 01:23:13, Sys 0 00:09:33  -  Run Remote Usage
		Usr 0 00:00:00, Sys 0 00:00:00  -  Run Local Usage
		Usr 0 01:23:13, Sys 0 00:09:33  -  Total Remote Usage
		Usr 0 00:00:00, Sys 0 00:00:00  -  Total Local Usage
	0  -  Run Bytes Sent By Job
	0  -  Run Bytes Received By Job
	0  -  Total Bytes Sent By Job
	0  -  Total Bytes Received By Job
	Partitionable Resources :    Usage  Request Allocated 
	   Cpus                 :     0.97        1         1 
	   Disk (KB)            :     2           2   6681625 
	   Memory (MB)          : 52788      128192    128256 
	   xferslots            :                           0 

	Job terminated of its own accord at 2025-01-31T00:12:34Z with exit-code 0.
...
000 (4597863.000.000) 2025-02-02 20:59:25 Job submitted from host: <130.199.48.82:9618?addrs=130.199.48.82-9618&alias=rcas2063.rcf.bnl.gov&noUDP&sock=schedd_23786_1176>
...
001 (4597863.000.000) 2025-02-02 21:05:54 Job executing on host: <130.199.151.8:9618?addrs=130.199.151.8-9618&alias=spool1586.sdcc.bnl.gov&noUDP&sock=startd_10002_9b31>
...
006 (4597863.000.000) 2025-02-02 21:06:03 Image size of job updated: 2939776
	335  -  MemoryUsage of job (MB)
	342384  -  ResidentSetSize of job (KB)
...
005 (4597863.000.000) 2025-02-02 21:06:04 Job terminated.
	(1) Normal termination (return value 139)
		Usr 0 00:00:05, Sys 0 00:00:01  -  Run Remote Usage
		Usr 0 00:00:00, Sys 0 00:00:00  -  Run Local Usage
		Usr 0 00:00:05, Sys 0 00:00:01  -  Total Remote Usage
		Usr 0 00:00:00, Sys 0 00:00:00  -  Total Local Usage
	0  -  Run Bytes Sent By Job
	0  -  Run Bytes Received By Job
	0  -  Total Bytes Sent By Job
	0  -  Total Bytes Received By Job
	Partitionable Resources :    Usage  Request Allocated 
	   Cpus                 :                 1         1 
	   Disk (KB)            :        2        2   6681168 
	   Memory (MB)          :      335   128192    128256 
	   xferslots            :                           0 

	Job terminated of its own accord at 2025-02-03T02:06:03Z with exit-code 139.
...
000 (4607580.000.000) 2025-02-03 00:28:57 Job submitted from host: <130.199.48.82:9618?addrs=130.199.48.82-9618&alias=rcas2063.rcf.bnl.gov&noUDP&sock=schedd_23786_1176>
...
