000 (4598933.000.000) 2025-02-02 21:01:20 Job submitted from host: <130.199.48.82:9618?addrs=130.199.48.82-9618&alias=rcas2063.rcf.bnl.gov&noUDP&sock=schedd_23786_1176>
...
001 (4598933.000.000) 2025-02-02 21:07:28 Job executing on host: <130.199.184.158:9618?addrs=130.199.184.158-9618&alias=spool1767.sdcc.bnl.gov&noUDP&sock=startd_62920_7c34>
...
006 (4598933.000.000) 2025-02-02 21:07:36 Image size of job updated: 195124
	119  -  MemoryUsage of job (MB)
	121476  -  ResidentSetSize of job (KB)
...
006 (4598933.000.000) 2025-02-02 21:07:41 Image size of job updated: 3038936
	119  -  MemoryUsage of job (MB)
	121508  -  ResidentSetSize of job (KB)
...
005 (4598933.000.000) 2025-02-02 21:07:41 Job terminated.
	(1) Normal termination (return value 139)
		Usr 0 00:00:06, Sys 0 00:00:01  -  Run Remote Usage
		Usr 0 00:00:00, Sys 0 00:00:00  -  Run Local Usage
		Usr 0 00:00:06, Sys 0 00:00:01  -  Total Remote Usage
		Usr 0 00:00:00, Sys 0 00:00:00  -  Total Local Usage
	0  -  Run Bytes Sent By Job
	0  -  Run Bytes Received By Job
	0  -  Total Bytes Sent By Job
	0  -  Total Bytes Received By Job
	Partitionable Resources :    Usage  Request Allocated 
	   Cpus                 :                 1         1 
	   Disk (KB)            :        2        2   6681619 
	   Memory (MB)          :      119   128192    128256 
	   xferslots            :                           0 

	Job terminated of its own accord at 2025-02-03T02:07:41Z with exit-code 139.
...
