000 (4604418.000.000) 2025-02-02 21:15:01 Job submitted from host: <130.199.48.82:9618?addrs=130.199.48.82-9618&alias=rcas2063.rcf.bnl.gov&noUDP&sock=schedd_23786_1176>
...
001 (4604418.000.000) 2025-02-02 21:15:03 Job executing on host: <130.199.186.92:9618?addrs=130.199.186.92-9618&alias=spool1855.sdcc.bnl.gov&noUDP&sock=startd_51230_bf6c>
...
006 (4604418.000.000) 2025-02-02 21:15:11 Image size of job updated: 443516
	303  -  MemoryUsage of job (MB)
	310048  -  ResidentSetSize of job (KB)
...
006 (4604418.000.000) 2025-02-02 21:15:12 Image size of job updated: 476064
	303  -  MemoryUsage of job (MB)
	310052  -  ResidentSetSize of job (KB)
...
005 (4604418.000.000) 2025-02-02 21:15:12 Job terminated.
	(1) Normal termination (return value 139)
		Usr 0 00:00:06, Sys 0 00:00:01  -  Run Remote Usage
		Usr 0 00:00:00, Sys 0 00:00:00  -  Run Local Usage
		Usr 0 00:00:06, Sys 0 00:00:01  -  Total Remote Usage
		Usr 0 00:00:00, Sys 0 00:00:00  -  Total Local Usage
	0  -  Run Bytes Sent By Job
	0  -  Run Bytes Received By Job
	0  -  Total Bytes Sent By Job
	0  -  Total Bytes Received By Job
	Partitionable Resources :    Usage  Request Allocated 
	   Cpus                 :                 1         1 
	   Disk (KB)            :        2        2   6681629 
	   Memory (MB)          :      303   128192    128256 
	   xferslots            :                           0 

	Job terminated of its own accord at 2025-02-03T02:15:12Z with exit-code 139.
...
