000 (4603734.000.000) 2025-02-02 21:13:25 Job submitted from host: <130.199.48.82:9618?addrs=130.199.48.82-9618&alias=rcas2063.rcf.bnl.gov&noUDP&sock=schedd_23786_1176>
...
001 (4603734.000.000) 2025-02-02 21:13:37 Job executing on host: <130.199.150.71:9618?addrs=130.199.150.71-9618&alias=spool1552.sdcc.bnl.gov&noUDP&sock=startd_82644_e1d6>
...
006 (4603734.000.000) 2025-02-02 21:13:46 Image size of job updated: 148416
	79  -  MemoryUsage of job (MB)
	80196  -  ResidentSetSize of job (KB)
...
006 (4603734.000.000) 2025-02-02 21:13:58 Image size of job updated: 2933996
	79  -  MemoryUsage of job (MB)
	80200  -  ResidentSetSize of job (KB)
...
005 (4603734.000.000) 2025-02-02 21:13:58 Job terminated.
	(1) Normal termination (return value 139)
		Usr 0 00:00:06, Sys 0 00:00:02  -  Run Remote Usage
		Usr 0 00:00:00, Sys 0 00:00:00  -  Run Local Usage
		Usr 0 00:00:06, Sys 0 00:00:02  -  Total Remote Usage
		Usr 0 00:00:00, Sys 0 00:00:00  -  Total Local Usage
	0  -  Run Bytes Sent By Job
	0  -  Run Bytes Received By Job
	0  -  Total Bytes Sent By Job
	0  -  Total Bytes Received By Job
	Partitionable Resources :    Usage  Request Allocated 
	   Cpus                 :                 1         1 
	   Disk (KB)            :        2        2   6681233 
	   Memory (MB)          :       79   128192    128256 
	   xferslots            :                           0 

	Job terminated of its own accord at 2025-02-03T02:13:58Z with exit-code 139.
...
