000 (4595653.000.000) 2025-01-28 23:08:59 Job submitted from host: <130.199.48.82:9618?addrs=130.199.48.82-9618&alias=rcas2063.rcf.bnl.gov&noUDP&sock=schedd_23786_1176>
...
001 (4595653.000.000) 2025-01-29 01:27:10 Job executing on host: <130.199.186.28:9618?addrs=130.199.186.28-9618&alias=spool1825.sdcc.bnl.gov&noUDP&sock=startd_62164_3881>
...
006 (4595653.000.000) 2025-01-29 01:27:19 Image size of job updated: 382880
	118  -  MemoryUsage of job (MB)
	120700  -  ResidentSetSize of job (KB)
...
006 (4595653.000.000) 2025-01-29 01:27:22 Image size of job updated: 382880
	118  -  MemoryUsage of job (MB)
	120748  -  ResidentSetSize of job (KB)
...
005 (4595653.000.000) 2025-01-29 01:27:22 Job terminated.
	(1) Normal termination (return value 0)
		Usr 0 00:00:04, Sys 0 00:00:02  -  Run Remote Usage
		Usr 0 00:00:00, Sys 0 00:00:00  -  Run Local Usage
		Usr 0 00:00:04, Sys 0 00:00:02  -  Total Remote Usage
		Usr 0 00:00:00, Sys 0 00:00:00  -  Total Local Usage
	0  -  Run Bytes Sent By Job
	0  -  Run Bytes Received By Job
	0  -  Total Bytes Sent By Job
	0  -  Total Bytes Received By Job
	Partitionable Resources :    Usage  Request Allocated 
	   Cpus                 :                 1         1 
	   Disk (KB)            :        2        2   6681629 
	   Memory (MB)          :      118   128192    128256 
	   xferslots            :                           0 

	Job terminated of its own accord at 2025-01-29T06:27:22Z with exit-code 0.
...
000 (4596674.000.000) 2025-01-30 00:27:50 Job submitted from host: <130.199.48.82:9618?addrs=130.199.48.82-9618&alias=rcas2063.rcf.bnl.gov&noUDP&sock=schedd_23786_1176>
...
001 (4596674.000.000) 2025-01-30 17:15:49 Job executing on host: <130.199.186.22:9618?addrs=130.199.186.22-9618&alias=spool1819.sdcc.bnl.gov&noUDP&sock=startd_21241_9b9b>
...
006 (4596674.000.000) 2025-01-30 17:15:58 Image size of job updated: 299076
	8  -  MemoryUsage of job (MB)
	7444  -  ResidentSetSize of job (KB)
...
006 (4596674.000.000) 2025-01-30 17:20:59 Image size of job updated: 4532944
	592  -  MemoryUsage of job (MB)
	605248  -  ResidentSetSize of job (KB)
...
006 (4596674.000.000) 2025-01-30 17:25:59 Image size of job updated: 6526644
	3094  -  MemoryUsage of job (MB)
	3167736  -  ResidentSetSize of job (KB)
...
006 (4596674.000.000) 2025-01-30 17:31:00 Image size of job updated: 9505244
	4923  -  MemoryUsage of job (MB)
	5040780  -  ResidentSetSize of job (KB)
...
006 (4596674.000.000) 2025-01-30 17:36:01 Image size of job updated: 11132876
	7613  -  MemoryUsage of job (MB)
	7794984  -  ResidentSetSize of job (KB)
...
006 (4596674.000.000) 2025-01-30 17:41:01 Image size of job updated: 14056180
	9677  -  MemoryUsage of job (MB)
	9908260  -  ResidentSetSize of job (KB)
...
006 (4596674.000.000) 2025-01-30 17:46:02 Image size of job updated: 16366172
	12970  -  MemoryUsage of job (MB)
	13280980  -  ResidentSetSize of job (KB)
...
006 (4596674.000.000) 2025-01-30 17:51:03 Image size of job updated: 18580732
	14051  -  MemoryUsage of job (MB)
	14387960  -  ResidentSetSize of job (KB)
...
006 (4596674.000.000) 2025-01-30 17:56:03 Image size of job updated: 20696100
	17223  -  MemoryUsage of job (MB)
	17635420  -  ResidentSetSize of job (KB)
...
006 (4596674.000.000) 2025-01-30 18:01:03 Image size of job updated: 23328520
	18504  -  MemoryUsage of job (MB)
	18947284  -  ResidentSetSize of job (KB)
...
006 (4596674.000.000) 2025-01-30 18:06:04 Image size of job updated: 25060424
	21193  -  MemoryUsage of job (MB)
	21701128  -  ResidentSetSize of job (KB)
...
006 (4596674.000.000) 2025-01-30 18:11:04 Image size of job updated: 28285484
	23094  -  MemoryUsage of job (MB)
	23647608  -  ResidentSetSize of job (KB)
...
006 (4596674.000.000) 2025-01-30 18:16:04 Image size of job updated: 29048960
	25350  -  MemoryUsage of job (MB)
	25957532  -  ResidentSetSize of job (KB)
...
006 (4596674.000.000) 2025-01-30 18:21:05 Image size of job updated: 32982284
	27518  -  MemoryUsage of job (MB)
	28177760  -  ResidentSetSize of job (KB)
...
006 (4596674.000.000) 2025-01-30 18:26:06 Image size of job updated: 33519408
	29425  -  MemoryUsage of job (MB)
	30130476  -  ResidentSetSize of job (KB)
...
006 (4596674.000.000) 2025-01-30 18:31:06 Image size of job updated: 37139476
	31812  -  MemoryUsage of job (MB)
	32575244  -  ResidentSetSize of job (KB)
...
006 (4596674.000.000) 2025-01-30 18:36:07 Image size of job updated: 38169748
	33775  -  MemoryUsage of job (MB)
	34585316  -  ResidentSetSize of job (KB)
...
006 (4596674.000.000) 2025-01-30 18:41:08 Image size of job updated: 41980132
	36519  -  MemoryUsage of job (MB)
	37394944  -  ResidentSetSize of job (KB)
...
006 (4596674.000.000) 2025-01-30 18:46:08 Image size of job updated: 42794388
	38056  -  MemoryUsage of job (MB)
	38968956  -  ResidentSetSize of job (KB)
...
006 (4596674.000.000) 2025-01-30 18:51:09 Image size of job updated: 45523328
	41036  -  MemoryUsage of job (MB)
	42020720  -  ResidentSetSize of job (KB)
...
006 (4596674.000.000) 2025-01-30 18:56:10 Image size of job updated: 46914584
	42523  -  MemoryUsage of job (MB)
	43543360  -  ResidentSetSize of job (KB)
...
006 (4596674.000.000) 2025-01-30 19:01:10 Image size of job updated: 50978108
	45143  -  MemoryUsage of job (MB)
	46226080  -  ResidentSetSize of job (KB)
...
006 (4596674.000.000) 2025-01-30 19:06:11 Image size of job updated: 51652896
	46796  -  MemoryUsage of job (MB)
	47918884  -  ResidentSetSize of job (KB)
...
006 (4596674.000.000) 2025-01-30 19:10:43 Image size of job updated: 54034140
	46796  -  MemoryUsage of job (MB)
	47918884  -  ResidentSetSize of job (KB)
...
005 (4596674.000.000) 2025-01-30 19:10:43 Job terminated.
	(1) Normal termination (return value 0)
		Usr 0 01:14:44, Sys 0 00:08:20  -  Run Remote Usage
		Usr 0 00:00:00, Sys 0 00:00:00  -  Run Local Usage
		Usr 0 01:14:44, Sys 0 00:08:20  -  Total Remote Usage
		Usr 0 00:00:00, Sys 0 00:00:00  -  Total Local Usage
	0  -  Run Bytes Sent By Job
	0  -  Run Bytes Received By Job
	0  -  Total Bytes Sent By Job
	0  -  Total Bytes Received By Job
	Partitionable Resources :    Usage  Request Allocated 
	   Cpus                 :     0.94        1         1 
	   Disk (KB)            :     2           2   6681624 
	   Memory (MB)          : 46796      128192    128256 
	   xferslots            :                           0 

	Job terminated of its own accord at 2025-01-31T00:10:43Z with exit-code 0.
...
000 (4597878.000.000) 2025-02-02 20:59:27 Job submitted from host: <130.199.48.82:9618?addrs=130.199.48.82-9618&alias=rcas2063.rcf.bnl.gov&noUDP&sock=schedd_23786_1176>
...
001 (4597878.000.000) 2025-02-02 21:05:56 Job executing on host: <130.199.186.81:9618?addrs=130.199.186.81-9618&alias=spool1844.sdcc.bnl.gov&noUDP&sock=startd_45408_2883>
...
006 (4597878.000.000) 2025-02-02 21:06:05 Image size of job updated: 606972
	0  -  MemoryUsage of job (MB)
	0  -  ResidentSetSize of job (KB)
...
005 (4597878.000.000) 2025-02-02 21:06:06 Job terminated.
	(1) Normal termination (return value 139)
		Usr 0 00:00:05, Sys 0 00:00:02  -  Run Remote Usage
		Usr 0 00:00:00, Sys 0 00:00:00  -  Run Local Usage
		Usr 0 00:00:05, Sys 0 00:00:02  -  Total Remote Usage
		Usr 0 00:00:00, Sys 0 00:00:00  -  Total Local Usage
	0  -  Run Bytes Sent By Job
	0  -  Run Bytes Received By Job
	0  -  Total Bytes Sent By Job
	0  -  Total Bytes Received By Job
	Partitionable Resources :    Usage  Request Allocated 
	   Cpus                 :                 1         1 
	   Disk (KB)            :        2        2   6681648 
	   Memory (MB)          :        0   128192    128256 
	   xferslots            :                           0 

	Job terminated of its own accord at 2025-02-03T02:06:05Z with exit-code 139.
...
000 (4607595.000.000) 2025-02-03 00:28:58 Job submitted from host: <130.199.48.82:9618?addrs=130.199.48.82-9618&alias=rcas2063.rcf.bnl.gov&noUDP&sock=schedd_23786_1176>
...
