000 (4595666.000.000) 2025-01-28 23:09:00 Job submitted from host: <130.199.48.82:9618?addrs=130.199.48.82-9618&alias=rcas2063.rcf.bnl.gov&noUDP&sock=schedd_23786_1176>
...
001 (4595666.000.000) 2025-01-29 01:27:22 Job executing on host: <130.199.186.28:9618?addrs=130.199.186.28-9618&alias=spool1825.sdcc.bnl.gov&noUDP&sock=startd_62164_3881>
...
006 (4595666.000.000) 2025-01-29 01:27:31 Image size of job updated: 584124
	107  -  MemoryUsage of job (MB)
	109240  -  ResidentSetSize of job (KB)
...
006 (4595666.000.000) 2025-01-29 01:27:34 Image size of job updated: 584124
	107  -  MemoryUsage of job (MB)
	109416  -  ResidentSetSize of job (KB)
...
005 (4595666.000.000) 2025-01-29 01:27:34 Job terminated.
	(1) Normal termination (return value 0)
		Usr 0 00:00:03, Sys 0 00:00:01  -  Run Remote Usage
		Usr 0 00:00:00, Sys 0 00:00:00  -  Run Local Usage
		Usr 0 00:00:03, Sys 0 00:00:01  -  Total Remote Usage
		Usr 0 00:00:00, Sys 0 00:00:00  -  Total Local Usage
	0  -  Run Bytes Sent By Job
	0  -  Run Bytes Received By Job
	0  -  Total Bytes Sent By Job
	0  -  Total Bytes Received By Job
	Partitionable Resources :    Usage  Request Allocated 
	   Cpus                 :                 1         1 
	   Disk (KB)            :        2        2   6681629 
	   Memory (MB)          :      107   128192    128256 
	   xferslots            :                           0 

	Job terminated of its own accord at 2025-01-29T06:27:34Z with exit-code 0.
...
000 (4596687.000.000) 2025-01-30 00:27:51 Job submitted from host: <130.199.48.82:9618?addrs=130.199.48.82-9618&alias=rcas2063.rcf.bnl.gov&noUDP&sock=schedd_23786_1176>
...
001 (4596687.000.000) 2025-01-30 17:22:51 Job executing on host: <130.199.186.16:9618?addrs=130.199.186.16-9618&alias=spool1813.sdcc.bnl.gov&noUDP&sock=startd_24682_a412>
...
006 (4596687.000.000) 2025-01-30 17:23:00 Image size of job updated: 13180
	8  -  MemoryUsage of job (MB)
	7244  -  ResidentSetSize of job (KB)
...
006 (4596687.000.000) 2025-01-30 17:28:01 Image size of job updated: 5390276
	572  -  MemoryUsage of job (MB)
	585212  -  ResidentSetSize of job (KB)
...
006 (4596687.000.000) 2025-01-30 17:33:01 Image size of job updated: 5941952
	2897  -  MemoryUsage of job (MB)
	2966084  -  ResidentSetSize of job (KB)
...
006 (4596687.000.000) 2025-01-30 17:38:01 Image size of job updated: 9450112
	4817  -  MemoryUsage of job (MB)
	4931928  -  ResidentSetSize of job (KB)
...
006 (4596687.000.000) 2025-01-30 17:43:02 Image size of job updated: 10728752
	7468  -  MemoryUsage of job (MB)
	7647076  -  ResidentSetSize of job (KB)
...
006 (4596687.000.000) 2025-01-30 17:48:03 Image size of job updated: 13580612
	9119  -  MemoryUsage of job (MB)
	9337780  -  ResidentSetSize of job (KB)
...
006 (4596687.000.000) 2025-01-30 17:53:03 Image size of job updated: 15875808
	12488  -  MemoryUsage of job (MB)
	12787036  -  ResidentSetSize of job (KB)
...
006 (4596687.000.000) 2025-01-30 17:58:04 Image size of job updated: 18237964
	14107  -  MemoryUsage of job (MB)
	14444692  -  ResidentSetSize of job (KB)
...
006 (4596687.000.000) 2025-01-30 18:03:05 Image size of job updated: 21399376
	16880  -  MemoryUsage of job (MB)
	17284672  -  ResidentSetSize of job (KB)
...
006 (4596687.000.000) 2025-01-30 18:08:05 Image size of job updated: 22528100
	18579  -  MemoryUsage of job (MB)
	19024508  -  ResidentSetSize of job (KB)
...
006 (4596687.000.000) 2025-01-30 18:13:05 Image size of job updated: 26064664
	20954  -  MemoryUsage of job (MB)
	21456140  -  ResidentSetSize of job (KB)
...
006 (4596687.000.000) 2025-01-30 18:18:06 Image size of job updated: 26863636
	22948  -  MemoryUsage of job (MB)
	23498568  -  ResidentSetSize of job (KB)
...
006 (4596687.000.000) 2025-01-30 18:23:06 Image size of job updated: 29396452
	24671  -  MemoryUsage of job (MB)
	25262628  -  ResidentSetSize of job (KB)
...
006 (4596687.000.000) 2025-01-30 18:28:06 Image size of job updated: 31398940
	27185  -  MemoryUsage of job (MB)
	27837256  -  ResidentSetSize of job (KB)
...
006 (4596687.000.000) 2025-01-30 18:33:07 Image size of job updated: 33962544
	28687  -  MemoryUsage of job (MB)
	29375372  -  ResidentSetSize of job (KB)
...
006 (4596687.000.000) 2025-01-30 18:38:07 Image size of job updated: 35948748
	31470  -  MemoryUsage of job (MB)
	32224548  -  ResidentSetSize of job (KB)
...
006 (4596687.000.000) 2025-01-30 18:43:07 Image size of job updated: 37730152
	32935  -  MemoryUsage of job (MB)
	33725128  -  ResidentSetSize of job (KB)
...
006 (4596687.000.000) 2025-01-30 18:48:08 Image size of job updated: 42066652
	35797  -  MemoryUsage of job (MB)
	36655808  -  ResidentSetSize of job (KB)
...
006 (4596687.000.000) 2025-01-30 18:53:09 Image size of job updated: 42941056
	37939  -  MemoryUsage of job (MB)
	38848728  -  ResidentSetSize of job (KB)
...
006 (4596687.000.000) 2025-01-30 18:58:09 Image size of job updated: 46267864
	40098  -  MemoryUsage of job (MB)
	41060292  -  ResidentSetSize of job (KB)
...
006 (4596687.000.000) 2025-01-30 19:03:10 Image size of job updated: 49502568
	44086  -  MemoryUsage of job (MB)
	45143140  -  ResidentSetSize of job (KB)
...
006 (4596687.000.000) 2025-01-30 19:08:11 Image size of job updated: 52000580
	46168  -  MemoryUsage of job (MB)
	47275904  -  ResidentSetSize of job (KB)
...
006 (4596687.000.000) 2025-01-30 19:13:11 Image size of job updated: 55216772
	48695  -  MemoryUsage of job (MB)
	49863100  -  ResidentSetSize of job (KB)
...
006 (4596687.000.000) 2025-01-30 19:17:15 Image size of job updated: 57657476
	48695  -  MemoryUsage of job (MB)
	49863480  -  ResidentSetSize of job (KB)
...
005 (4596687.000.000) 2025-01-30 19:17:16 Job terminated.
	(1) Normal termination (return value 0)
		Usr 0 01:21:43, Sys 0 00:09:57  -  Run Remote Usage
		Usr 0 00:00:00, Sys 0 00:00:00  -  Run Local Usage
		Usr 0 01:21:43, Sys 0 00:09:57  -  Total Remote Usage
		Usr 0 00:00:00, Sys 0 00:00:00  -  Total Local Usage
	0  -  Run Bytes Sent By Job
	0  -  Run Bytes Received By Job
	0  -  Total Bytes Sent By Job
	0  -  Total Bytes Received By Job
	Partitionable Resources :    Usage  Request Allocated 
	   Cpus                 :     1.06        1         1 
	   Disk (KB)            :     2           2   6681616 
	   Memory (MB)          : 48695      128192    128256 
	   xferslots            :                           0 

	Job terminated of its own accord at 2025-01-31T00:17:15Z with exit-code 0.
...
000 (4597891.000.000) 2025-02-02 20:59:28 Job submitted from host: <130.199.48.82:9618?addrs=130.199.48.82-9618&alias=rcas2063.rcf.bnl.gov&noUDP&sock=schedd_23786_1176>
...
001 (4597891.000.000) 2025-02-02 21:05:58 Job executing on host: <130.199.151.21:9618?addrs=130.199.151.21-9618&alias=spool1599.sdcc.bnl.gov&noUDP&sock=startd_65000_c767>
...
006 (4597891.000.000) 2025-02-02 21:06:06 Image size of job updated: 166660
	0  -  MemoryUsage of job (MB)
	0  -  ResidentSetSize of job (KB)
...
005 (4597891.000.000) 2025-02-02 21:06:07 Job terminated.
	(1) Normal termination (return value 139)
		Usr 0 00:00:05, Sys 0 00:00:01  -  Run Remote Usage
		Usr 0 00:00:00, Sys 0 00:00:00  -  Run Local Usage
		Usr 0 00:00:05, Sys 0 00:00:01  -  Total Remote Usage
		Usr 0 00:00:00, Sys 0 00:00:00  -  Total Local Usage
	0  -  Run Bytes Sent By Job
	0  -  Run Bytes Received By Job
	0  -  Total Bytes Sent By Job
	0  -  Total Bytes Received By Job
	Partitionable Resources :    Usage  Request Allocated 
	   Cpus                 :                 1         1 
	   Disk (KB)            :        2        2   6681177 
	   Memory (MB)          :        0   128192    128256 
	   xferslots            :                           0 

	Job terminated of its own accord at 2025-02-03T02:06:06Z with exit-code 139.
...
000 (4607608.000.000) 2025-02-03 00:29:00 Job submitted from host: <130.199.48.82:9618?addrs=130.199.48.82-9618&alias=rcas2063.rcf.bnl.gov&noUDP&sock=schedd_23786_1176>
...
