000 (4599216.000.000) 2025-02-02 21:01:50 Job submitted from host: <130.199.48.82:9618?addrs=130.199.48.82-9618&alias=rcas2063.rcf.bnl.gov&noUDP&sock=schedd_23786_1176>
...
001 (4599216.000.000) 2025-02-02 21:07:50 Job executing on host: <130.199.184.154:9618?addrs=130.199.184.154-9618&alias=spool1763.sdcc.bnl.gov&noUDP&sock=startd_44130_aff8>
...
006 (4599216.000.000) 2025-02-02 21:07:59 Image size of job updated: 200784
	116  -  MemoryUsage of job (MB)
	118720  -  ResidentSetSize of job (KB)
...
006 (4599216.000.000) 2025-02-02 21:08:05 Image size of job updated: 3586856
	116  -  MemoryUsage of job (MB)
	118768  -  ResidentSetSize of job (KB)
...
005 (4599216.000.000) 2025-02-02 21:08:05 Job terminated.
	(1) Normal termination (return value 139)
		Usr 0 00:00:06, Sys 0 00:00:02  -  Run Remote Usage
		Usr 0 00:00:00, Sys 0 00:00:00  -  Run Local Usage
		Usr 0 00:00:06, Sys 0 00:00:02  -  Total Remote Usage
		Usr 0 00:00:00, Sys 0 00:00:00  -  Total Local Usage
	0  -  Run Bytes Sent By Job
	0  -  Run Bytes Received By Job
	0  -  Total Bytes Sent By Job
	0  -  Total Bytes Received By Job
	Partitionable Resources :    Usage  Request Allocated 
	   Cpus                 :                 1         1 
	   Disk (KB)            :        2        2   6681628 
	   Memory (MB)          :      116   128192    128256 
	   xferslots            :                           0 

	Job terminated of its own accord at 2025-02-03T02:08:05Z with exit-code 139.
...
