000 (4595658.000.000) 2025-01-28 23:08:59 Job submitted from host: <130.199.48.82:9618?addrs=130.199.48.82-9618&alias=rcas2063.rcf.bnl.gov&noUDP&sock=schedd_23786_1176>
...
001 (4595658.000.000) 2025-01-29 01:27:13 Job executing on host: <130.199.184.158:9618?addrs=130.199.184.158-9618&alias=spool1767.sdcc.bnl.gov&noUDP&sock=startd_62920_7c34>
...
006 (4595658.000.000) 2025-01-29 01:27:22 Image size of job updated: 114712
	63  -  MemoryUsage of job (MB)
	63712  -  ResidentSetSize of job (KB)
...
006 (4595658.000.000) 2025-01-29 01:27:32 Image size of job updated: 609024
	63  -  MemoryUsage of job (MB)
	63740  -  ResidentSetSize of job (KB)
...
005 (4595658.000.000) 2025-01-29 01:27:32 Job terminated.
	(1) Normal termination (return value 0)
		Usr 0 00:00:03, Sys 0 00:00:01  -  Run Remote Usage
		Usr 0 00:00:00, Sys 0 00:00:00  -  Run Local Usage
		Usr 0 00:00:03, Sys 0 00:00:01  -  Total Remote Usage
		Usr 0 00:00:00, Sys 0 00:00:00  -  Total Local Usage
	0  -  Run Bytes Sent By Job
	0  -  Run Bytes Received By Job
	0  -  Total Bytes Sent By Job
	0  -  Total Bytes Received By Job
	Partitionable Resources :    Usage  Request Allocated 
	   Cpus                 :                 1         1 
	   Disk (KB)            :        2        2   6681619 
	   Memory (MB)          :       63   128192    128256 
	   xferslots            :                           0 

	Job terminated of its own accord at 2025-01-29T06:27:32Z with exit-code 0.
...
000 (4596679.000.000) 2025-01-30 00:27:50 Job submitted from host: <130.199.48.82:9618?addrs=130.199.48.82-9618&alias=rcas2063.rcf.bnl.gov&noUDP&sock=schedd_23786_1176>
...
001 (4596679.000.000) 2025-01-30 17:19:19 Job executing on host: <130.199.186.11:9618?addrs=130.199.186.11-9618&alias=spool1808.sdcc.bnl.gov&noUDP&sock=startd_65800_f804>
...
006 (4596679.000.000) 2025-01-30 17:19:28 Image size of job updated: 298812
	14  -  MemoryUsage of job (MB)
	14220  -  ResidentSetSize of job (KB)
...
006 (4596679.000.000) 2025-01-30 17:24:29 Image size of job updated: 4568868
	446  -  MemoryUsage of job (MB)
	455992  -  ResidentSetSize of job (KB)
...
006 (4596679.000.000) 2025-01-30 17:29:29 Image size of job updated: 6301528
	2805  -  MemoryUsage of job (MB)
	2871736  -  ResidentSetSize of job (KB)
...
006 (4596679.000.000) 2025-01-30 17:34:29 Image size of job updated: 9466456
	4983  -  MemoryUsage of job (MB)
	5101852  -  ResidentSetSize of job (KB)
...
006 (4596679.000.000) 2025-01-30 17:39:30 Image size of job updated: 11261888
	8061  -  MemoryUsage of job (MB)
	8253756  -  ResidentSetSize of job (KB)
...
006 (4596679.000.000) 2025-01-30 17:44:30 Image size of job updated: 14212440
	9907  -  MemoryUsage of job (MB)
	10144012  -  ResidentSetSize of job (KB)
...
006 (4596679.000.000) 2025-01-30 17:49:30 Image size of job updated: 17040680
	13595  -  MemoryUsage of job (MB)
	13920408  -  ResidentSetSize of job (KB)
...
006 (4596679.000.000) 2025-01-30 17:54:31 Image size of job updated: 19625556
	15650  -  MemoryUsage of job (MB)
	16024660  -  ResidentSetSize of job (KB)
...
006 (4596679.000.000) 2025-01-30 17:59:31 Image size of job updated: 23419736
	18627  -  MemoryUsage of job (MB)
	19073800  -  ResidentSetSize of job (KB)
...
006 (4596679.000.000) 2025-01-30 18:04:32 Image size of job updated: 25952676
	22322  -  MemoryUsage of job (MB)
	22857248  -  ResidentSetSize of job (KB)
...
006 (4596679.000.000) 2025-01-30 18:09:33 Image size of job updated: 28678564
	24622  -  MemoryUsage of job (MB)
	25212644  -  ResidentSetSize of job (KB)
...
006 (4596679.000.000) 2025-01-30 18:14:33 Image size of job updated: 32823160
	27751  -  MemoryUsage of job (MB)
	28416960  -  ResidentSetSize of job (KB)
...
006 (4596679.000.000) 2025-01-30 18:19:33 Image size of job updated: 34947868
	31171  -  MemoryUsage of job (MB)
	31919088  -  ResidentSetSize of job (KB)
...
006 (4596679.000.000) 2025-01-30 18:24:34 Image size of job updated: 38672668
	33770  -  MemoryUsage of job (MB)
	34579496  -  ResidentSetSize of job (KB)
...
006 (4596679.000.000) 2025-01-30 18:29:34 Image size of job updated: 42648468
	37010  -  MemoryUsage of job (MB)
	37897316  -  ResidentSetSize of job (KB)
...
006 (4596679.000.000) 2025-01-30 18:34:34 Image size of job updated: 44733512
	40398  -  MemoryUsage of job (MB)
	41366560  -  ResidentSetSize of job (KB)
...
006 (4596679.000.000) 2025-01-30 18:39:35 Image size of job updated: 48075376
	43350  -  MemoryUsage of job (MB)
	44390368  -  ResidentSetSize of job (KB)
...
006 (4596679.000.000) 2025-01-30 18:44:35 Image size of job updated: 51032184
	46371  -  MemoryUsage of job (MB)
	47483716  -  ResidentSetSize of job (KB)
...
006 (4596679.000.000) 2025-01-30 18:49:35 Image size of job updated: 55821700
	49919  -  MemoryUsage of job (MB)
	51117008  -  ResidentSetSize of job (KB)
...
006 (4596679.000.000) 2025-01-30 18:54:36 Image size of job updated: 59314376
	53345  -  MemoryUsage of job (MB)
	54625044  -  ResidentSetSize of job (KB)
...
006 (4596679.000.000) 2025-01-30 18:59:37 Image size of job updated: 62083392
	57166  -  MemoryUsage of job (MB)
	58537520  -  ResidentSetSize of job (KB)
...
006 (4596679.000.000) 2025-01-30 19:00:13 Image size of job updated: 62326316
	57166  -  MemoryUsage of job (MB)
	58537520  -  ResidentSetSize of job (KB)
...
005 (4596679.000.000) 2025-01-30 19:00:13 Job terminated.
	(1) Normal termination (return value 0)
		Usr 0 01:29:15, Sys 0 00:09:54  -  Run Remote Usage
		Usr 0 00:00:00, Sys 0 00:00:00  -  Run Local Usage
		Usr 0 01:29:15, Sys 0 00:09:54  -  Total Remote Usage
		Usr 0 00:00:00, Sys 0 00:00:00  -  Total Local Usage
	0  -  Run Bytes Sent By Job
	0  -  Run Bytes Received By Job
	0  -  Total Bytes Sent By Job
	0  -  Total Bytes Received By Job
	Partitionable Resources :    Usage  Request Allocated 
	   Cpus                 :     1.33        1         1 
	   Disk (KB)            :     2           2   6681625 
	   Memory (MB)          : 57166      128192    128256 
	   xferslots            :                           0 

	Job terminated of its own accord at 2025-01-31T00:00:13Z with exit-code 0.
...
000 (4597883.000.000) 2025-02-02 20:59:27 Job submitted from host: <130.199.48.82:9618?addrs=130.199.48.82-9618&alias=rcas2063.rcf.bnl.gov&noUDP&sock=schedd_23786_1176>
...
001 (4597883.000.000) 2025-02-02 21:05:57 Job executing on host: <130.199.186.24:9618?addrs=130.199.186.24-9618&alias=spool1821.sdcc.bnl.gov&noUDP&sock=startd_30284_9a6a>
...
006 (4597883.000.000) 2025-02-02 21:06:05 Image size of job updated: 229220
	0  -  MemoryUsage of job (MB)
	0  -  ResidentSetSize of job (KB)
...
005 (4597883.000.000) 2025-02-02 21:06:05 Job terminated.
	(1) Normal termination (return value 139)
		Usr 0 00:00:05, Sys 0 00:00:01  -  Run Remote Usage
		Usr 0 00:00:00, Sys 0 00:00:00  -  Run Local Usage
		Usr 0 00:00:05, Sys 0 00:00:01  -  Total Remote Usage
		Usr 0 00:00:00, Sys 0 00:00:00  -  Total Local Usage
	0  -  Run Bytes Sent By Job
	0  -  Run Bytes Received By Job
	0  -  Total Bytes Sent By Job
	0  -  Total Bytes Received By Job
	Partitionable Resources :    Usage  Request Allocated 
	   Cpus                 :                 1         1 
	   Disk (KB)            :        2        2   6681648 
	   Memory (MB)          :        0   128192    128256 
	   xferslots            :                           0 

	Job terminated of its own accord at 2025-02-03T02:06:05Z with exit-code 139.
...
000 (4607600.000.000) 2025-02-03 00:28:59 Job submitted from host: <130.199.48.82:9618?addrs=130.199.48.82-9618&alias=rcas2063.rcf.bnl.gov&noUDP&sock=schedd_23786_1176>
...
