000 (4595781.000.000) 2025-01-28 23:09:09 Job submitted from host: <130.199.48.82:9618?addrs=130.199.48.82-9618&alias=rcas2063.rcf.bnl.gov&noUDP&sock=schedd_23786_1176>
...
001 (4595781.000.000) 2025-01-29 01:29:18 Job executing on host: <130.199.186.92:9618?addrs=130.199.186.92-9618&alias=spool1855.sdcc.bnl.gov&noUDP&sock=startd_51230_bf6c>
...
006 (4595781.000.000) 2025-01-29 01:29:27 Image size of job updated: 570016
	0  -  MemoryUsage of job (MB)
	0  -  ResidentSetSize of job (KB)
...
005 (4595781.000.000) 2025-01-29 01:29:27 Job terminated.
	(1) Normal termination (return value 0)
		Usr 0 00:00:04, Sys 0 00:00:02  -  Run Remote Usage
		Usr 0 00:00:00, Sys 0 00:00:00  -  Run Local Usage
		Usr 0 00:00:04, Sys 0 00:00:02  -  Total Remote Usage
		Usr 0 00:00:00, Sys 0 00:00:00  -  Total Local Usage
	0  -  Run Bytes Sent By Job
	0  -  Run Bytes Received By Job
	0  -  Total Bytes Sent By Job
	0  -  Total Bytes Received By Job
	Partitionable Resources :    Usage  Request Allocated 
	   Cpus                 :                 1         1 
	   Disk (KB)            :        2        2   6681629 
	   Memory (MB)          :        0   128192    128256 
	   xferslots            :                           0 

	Job terminated of its own accord at 2025-01-29T06:29:27Z with exit-code 0.
...
000 (4596802.000.000) 2025-01-30 00:28:03 Job submitted from host: <130.199.48.82:9618?addrs=130.199.48.82-9618&alias=rcas2063.rcf.bnl.gov&noUDP&sock=schedd_23786_1176>
...
001 (4596802.000.000) 2025-01-30 18:43:59 Job executing on host: <130.199.186.77:9618?addrs=130.199.186.77-9618&alias=spool1840.sdcc.bnl.gov&noUDP&sock=startd_36894_95b1>
...
006 (4596802.000.000) 2025-01-30 18:44:08 Image size of job updated: 298812
	8  -  MemoryUsage of job (MB)
	7176  -  ResidentSetSize of job (KB)
...
006 (4596802.000.000) 2025-01-30 18:49:09 Image size of job updated: 5288980
	1268  -  MemoryUsage of job (MB)
	1298292  -  ResidentSetSize of job (KB)
...
006 (4596802.000.000) 2025-01-30 18:54:10 Image size of job updated: 8615536
	5304  -  MemoryUsage of job (MB)
	5431120  -  ResidentSetSize of job (KB)
...
006 (4596802.000.000) 2025-01-30 18:59:10 Image size of job updated: 10764808
	7423  -  MemoryUsage of job (MB)
	7600748  -  ResidentSetSize of job (KB)
...
006 (4596802.000.000) 2025-01-30 19:04:11 Image size of job updated: 14262408
	9954  -  MemoryUsage of job (MB)
	10192708  -  ResidentSetSize of job (KB)
...
006 (4596802.000.000) 2025-01-30 19:09:12 Image size of job updated: 17833556
	13640  -  MemoryUsage of job (MB)
	13966940  -  ResidentSetSize of job (KB)
...
006 (4596802.000.000) 2025-01-30 19:14:12 Image size of job updated: 20142100
	16773  -  MemoryUsage of job (MB)
	17175212  -  ResidentSetSize of job (KB)
...
006 (4596802.000.000) 2025-01-30 19:19:12 Image size of job updated: 23486260
	19448  -  MemoryUsage of job (MB)
	19914444  -  ResidentSetSize of job (KB)
...
006 (4596802.000.000) 2025-01-30 19:24:13 Image size of job updated: 28444208
	23204  -  MemoryUsage of job (MB)
	23760304  -  ResidentSetSize of job (KB)
...
006 (4596802.000.000) 2025-01-30 19:29:13 Image size of job updated: 30965404
	27095  -  MemoryUsage of job (MB)
	27744804  -  ResidentSetSize of job (KB)
...
006 (4596802.000.000) 2025-01-30 19:29:30 Image size of job updated: 31279008
	27405  -  MemoryUsage of job (MB)
	28061908  -  ResidentSetSize of job (KB)
...
006 (4596802.000.000) 2025-01-30 19:29:30 Image size of job updated: 31287368
	27408  -  MemoryUsage of job (MB)
	28065300  -  ResidentSetSize of job (KB)
...
004 (4596802.000.000) 2025-01-30 19:29:30 Job was evicted.
	(0) CPU times
		Usr 0 00:40:49, Sys 0 00:04:27  -  Run Remote Usage
		Usr 0 00:00:00, Sys 0 00:00:00  -  Run Local Usage
	0  -  Run Bytes Sent By Job
	0  -  Run Bytes Received By Job
	Partitionable Resources :    Usage  Request Allocated 
	   Cpus                 :     1.28        1         1 
	   Disk (KB)            :     2           2   6681620 
	   Memory (MB)          : 27408      128192    128256 
	   xferslots            :                           0 
...
009 (4596802.000.000) 2025-01-30 19:29:30 Job was aborted.
	via condor_rm (by user sgross)

	Job terminated by <130.199.48.82:32869> at 2025-01-31T00:29:30Z (using method 1: DEACTIVATE_CLAIM).
...
000 (4598006.000.000) 2025-02-02 20:59:41 Job submitted from host: <130.199.48.82:9618?addrs=130.199.48.82-9618&alias=rcas2063.rcf.bnl.gov&noUDP&sock=schedd_23786_1176>
...
001 (4598006.000.000) 2025-02-02 21:06:09 Job executing on host: <130.199.186.69:9618?addrs=130.199.186.69-9618&alias=spool1832.sdcc.bnl.gov&noUDP&sock=startd_24966_85f7>
...
006 (4598006.000.000) 2025-02-02 21:06:18 Image size of job updated: 561052
	335  -  MemoryUsage of job (MB)
	342808  -  ResidentSetSize of job (KB)
...
005 (4598006.000.000) 2025-02-02 21:06:19 Job terminated.
	(1) Normal termination (return value 139)
		Usr 0 00:00:05, Sys 0 00:00:02  -  Run Remote Usage
		Usr 0 00:00:00, Sys 0 00:00:00  -  Run Local Usage
		Usr 0 00:00:05, Sys 0 00:00:02  -  Total Remote Usage
		Usr 0 00:00:00, Sys 0 00:00:00  -  Total Local Usage
	0  -  Run Bytes Sent By Job
	0  -  Run Bytes Received By Job
	0  -  Total Bytes Sent By Job
	0  -  Total Bytes Received By Job
	Partitionable Resources :    Usage  Request Allocated 
	   Cpus                 :     0.61        1         1 
	   Disk (KB)            :     2           2   6681558 
	   Memory (MB)          :   335      128192    128256 
	   xferslots            :                           0 

	Job terminated of its own accord at 2025-02-03T02:06:18Z with exit-code 139.
...
000 (4607723.000.000) 2025-02-03 00:29:13 Job submitted from host: <130.199.48.82:9618?addrs=130.199.48.82-9618&alias=rcas2063.rcf.bnl.gov&noUDP&sock=schedd_23786_1176>
...
