000 (4598991.000.000) 2025-02-02 21:01:26 Job submitted from host: <130.199.48.82:9618?addrs=130.199.48.82-9618&alias=rcas2063.rcf.bnl.gov&noUDP&sock=schedd_23786_1176>
...
001 (4598991.000.000) 2025-02-02 21:07:32 Job executing on host: <130.199.151.11:9618?addrs=130.199.151.11-9618&alias=spool1589.sdcc.bnl.gov&noUDP&sock=startd_1737_d68b>
...
006 (4598991.000.000) 2025-02-02 21:07:39 Image size of job updated: 2944808
	0  -  MemoryUsage of job (MB)
	0  -  ResidentSetSize of job (KB)
...
005 (4598991.000.000) 2025-02-02 21:07:39 Job terminated.
	(1) Normal termination (return value 139)
		Usr 0 00:00:04, Sys 0 00:00:01  -  Run Remote Usage
		Usr 0 00:00:00, Sys 0 00:00:00  -  Run Local Usage
		Usr 0 00:00:04, Sys 0 00:00:01  -  Total Remote Usage
		Usr 0 00:00:00, Sys 0 00:00:00  -  Total Local Usage
	0  -  Run Bytes Sent By Job
	0  -  Run Bytes Received By Job
	0  -  Total Bytes Sent By Job
	0  -  Total Bytes Received By Job
	Partitionable Resources :    Usage  Request Allocated 
	   Cpus                 :                 1         1 
	   Disk (KB)            :        2        2   6681210 
	   Memory (MB)          :        0   128192    128256 
	   xferslots            :                           0 

	Job terminated of its own accord at 2025-02-03T02:07:39Z with exit-code 139.
...
