000 (4601902.000.000) 2025-02-02 21:07:08 Job submitted from host: <130.199.48.82:9618?addrs=130.199.48.82-9618&alias=rcas2063.rcf.bnl.gov&noUDP&sock=schedd_23786_1176>
...
001 (4601902.000.000) 2025-02-02 21:11:18 Job executing on host: <130.199.184.213:9618?addrs=130.199.184.213-9618&alias=spool1788.sdcc.bnl.gov&noUDP&sock=startd_11823_ee03>
...
006 (4601902.000.000) 2025-02-02 21:11:26 Image size of job updated: 3042576
	295  -  MemoryUsage of job (MB)
	301128  -  ResidentSetSize of job (KB)
...
006 (4601902.000.000) 2025-02-02 21:11:27 Image size of job updated: 3042576
	295  -  MemoryUsage of job (MB)
	301688  -  ResidentSetSize of job (KB)
...
005 (4601902.000.000) 2025-02-02 21:11:28 Job terminated.
	(1) Normal termination (return value 139)
		Usr 0 00:00:05, Sys 0 00:00:02  -  Run Remote Usage
		Usr 0 00:00:00, Sys 0 00:00:00  -  Run Local Usage
		Usr 0 00:00:05, Sys 0 00:00:02  -  Total Remote Usage
		Usr 0 00:00:00, Sys 0 00:00:00  -  Total Local Usage
	0  -  Run Bytes Sent By Job
	0  -  Run Bytes Received By Job
	0  -  Total Bytes Sent By Job
	0  -  Total Bytes Received By Job
	Partitionable Resources :    Usage  Request Allocated 
	   Cpus                 :                 1         1 
	   Disk (KB)            :        2        2   6681619 
	   Memory (MB)          :      295   128192    128256 
	   xferslots            :                           0 

	Job terminated of its own accord at 2025-02-03T02:11:27Z with exit-code 139.
...
