000 (4595270.000.000) 2025-01-28 23:08:28 Job submitted from host: <130.199.48.82:9618?addrs=130.199.48.82-9618&alias=rcas2063.rcf.bnl.gov&noUDP&sock=schedd_23786_1176>
...
001 (4595270.000.000) 2025-01-29 01:13:31 Job executing on host: <130.199.186.82:9618?addrs=130.199.186.82-9618&alias=spool1845.sdcc.bnl.gov&noUDP&sock=startd_71843_8085>
...
006 (4595270.000.000) 2025-01-29 01:13:40 Image size of job updated: 389316
	69  -  MemoryUsage of job (MB)
	70512  -  ResidentSetSize of job (KB)
...
006 (4595270.000.000) 2025-01-29 01:13:46 Image size of job updated: 389316
	69  -  MemoryUsage of job (MB)
	70640  -  ResidentSetSize of job (KB)
...
005 (4595270.000.000) 2025-01-29 01:13:46 Job terminated.
	(1) Normal termination (return value 0)
		Usr 0 00:00:03, Sys 0 00:00:01  -  Run Remote Usage
		Usr 0 00:00:00, Sys 0 00:00:00  -  Run Local Usage
		Usr 0 00:00:03, Sys 0 00:00:01  -  Total Remote Usage
		Usr 0 00:00:00, Sys 0 00:00:00  -  Total Local Usage
	0  -  Run Bytes Sent By Job
	0  -  Run Bytes Received By Job
	0  -  Total Bytes Sent By Job
	0  -  Total Bytes Received By Job
	Partitionable Resources :    Usage  Request Allocated 
	   Cpus                 :                 1         1 
	   Disk (KB)            :        2        2   6681620 
	   Memory (MB)          :       69   128192    128256 
	   xferslots            :                           0 

	Job terminated of its own accord at 2025-01-29T06:13:46Z with exit-code 0.
...
000 (4596291.000.000) 2025-01-30 00:27:11 Job submitted from host: <130.199.48.82:9618?addrs=130.199.48.82-9618&alias=rcas2063.rcf.bnl.gov&noUDP&sock=schedd_23786_1176>
...
001 (4596291.000.000) 2025-01-30 12:05:54 Job executing on host: <130.199.150.89:9618?addrs=130.199.150.89-9618&alias=spool1570.sdcc.bnl.gov&noUDP&sock=startd_37304_5835>
...
006 (4596291.000.000) 2025-01-30 12:06:03 Image size of job updated: 70624
	39  -  MemoryUsage of job (MB)
	39580  -  ResidentSetSize of job (KB)
...
006 (4596291.000.000) 2025-01-30 12:11:04 Image size of job updated: 3517032
	305  -  MemoryUsage of job (MB)
	312220  -  ResidentSetSize of job (KB)
...
006 (4596291.000.000) 2025-01-30 12:21:04 Image size of job updated: 5263840
	1244  -  MemoryUsage of job (MB)
	1272956  -  ResidentSetSize of job (KB)
...
006 (4596291.000.000) 2025-01-30 12:26:05 Image size of job updated: 7055960
	4010  -  MemoryUsage of job (MB)
	4105372  -  ResidentSetSize of job (KB)
...
006 (4596291.000.000) 2025-01-30 12:31:05 Image size of job updated: 9419560
	5008  -  MemoryUsage of job (MB)
	5127612  -  ResidentSetSize of job (KB)
...
006 (4596291.000.000) 2025-01-30 12:36:06 Image size of job updated: 10543696
	7353  -  MemoryUsage of job (MB)
	7529180  -  ResidentSetSize of job (KB)
...
006 (4596291.000.000) 2025-01-30 12:41:07 Image size of job updated: 14008628
	9286  -  MemoryUsage of job (MB)
	9508044  -  ResidentSetSize of job (KB)
...
006 (4596291.000.000) 2025-01-30 12:46:07 Image size of job updated: 14449520
	10780  -  MemoryUsage of job (MB)
	11038268  -  ResidentSetSize of job (KB)
...
006 (4596291.000.000) 2025-01-30 12:51:08 Image size of job updated: 17338484
	13357  -  MemoryUsage of job (MB)
	13677512  -  ResidentSetSize of job (KB)
...
006 (4596291.000.000) 2025-01-30 12:56:09 Image size of job updated: 18397316
	14293  -  MemoryUsage of job (MB)
	14635356  -  ResidentSetSize of job (KB)
...
006 (4596291.000.000) 2025-01-30 13:01:09 Image size of job updated: 20459256
	16973  -  MemoryUsage of job (MB)
	17379568  -  ResidentSetSize of job (KB)
...
006 (4596291.000.000) 2025-01-30 13:06:10 Image size of job updated: 22590936
	17977  -  MemoryUsage of job (MB)
	18408312  -  ResidentSetSize of job (KB)
...
006 (4596291.000.000) 2025-01-30 13:11:11 Image size of job updated: 23745604
	20126  -  MemoryUsage of job (MB)
	20608864  -  ResidentSetSize of job (KB)
...
006 (4596291.000.000) 2025-01-30 13:16:11 Image size of job updated: 26633324
	21481  -  MemoryUsage of job (MB)
	21996028  -  ResidentSetSize of job (KB)
...
006 (4596291.000.000) 2025-01-30 13:21:11 Image size of job updated: 27438000
	23288  -  MemoryUsage of job (MB)
	23846360  -  ResidentSetSize of job (KB)
...
006 (4596291.000.000) 2025-01-30 13:26:12 Image size of job updated: 30038556
	25532  -  MemoryUsage of job (MB)
	26144292  -  ResidentSetSize of job (KB)
...
006 (4596291.000.000) 2025-01-30 13:31:12 Image size of job updated: 31329344
	26562  -  MemoryUsage of job (MB)
	27198620  -  ResidentSetSize of job (KB)
...
006 (4596291.000.000) 2025-01-30 13:36:12 Image size of job updated: 33126276
	29223  -  MemoryUsage of job (MB)
	29923680  -  ResidentSetSize of job (KB)
...
006 (4596291.000.000) 2025-01-30 13:41:13 Image size of job updated: 36106260
	30355  -  MemoryUsage of job (MB)
	31083292  -  ResidentSetSize of job (KB)
...
006 (4596291.000.000) 2025-01-30 13:46:13 Image size of job updated: 36278556
	31841  -  MemoryUsage of job (MB)
	32604800  -  ResidentSetSize of job (KB)
...
006 (4596291.000.000) 2025-01-30 13:51:13 Image size of job updated: 38596144
	34639  -  MemoryUsage of job (MB)
	35469776  -  ResidentSetSize of job (KB)
...
006 (4596291.000.000) 2025-01-30 13:56:14 Image size of job updated: 40391656
	35283  -  MemoryUsage of job (MB)
	36129088  -  ResidentSetSize of job (KB)
...
006 (4596291.000.000) 2025-01-30 14:01:14 Image size of job updated: 41254464
	37257  -  MemoryUsage of job (MB)
	38150768  -  ResidentSetSize of job (KB)
...
006 (4596291.000.000) 2025-01-30 14:06:14 Image size of job updated: 45016316
	39195  -  MemoryUsage of job (MB)
	40135272  -  ResidentSetSize of job (KB)
...
006 (4596291.000.000) 2025-01-30 14:11:15 Image size of job updated: 45272252
	40536  -  MemoryUsage of job (MB)
	41508000  -  ResidentSetSize of job (KB)
...
006 (4596291.000.000) 2025-01-30 14:16:16 Image size of job updated: 48181624
	43452  -  MemoryUsage of job (MB)
	44494264  -  ResidentSetSize of job (KB)
...
006 (4596291.000.000) 2025-01-30 14:21:16 Image size of job updated: 49445656
	44458  -  MemoryUsage of job (MB)
	45524612  -  ResidentSetSize of job (KB)
...
006 (4596291.000.000) 2025-01-30 14:26:17 Image size of job updated: 52002352
	47659  -  MemoryUsage of job (MB)
	48802292  -  ResidentSetSize of job (KB)
...
006 (4596291.000.000) 2025-01-30 14:31:18 Image size of job updated: 54253288
	49249  -  MemoryUsage of job (MB)
	50430160  -  ResidentSetSize of job (KB)
...
006 (4596291.000.000) 2025-01-30 14:35:49 Image size of job updated: 56744796
	49249  -  MemoryUsage of job (MB)
	50430160  -  ResidentSetSize of job (KB)
...
005 (4596291.000.000) 2025-01-30 14:35:49 Job terminated.
	(1) Normal termination (return value 0)
		Usr 0 01:25:16, Sys 0 00:09:58  -  Run Remote Usage
		Usr 0 00:00:00, Sys 0 00:00:00  -  Run Local Usage
		Usr 0 01:25:16, Sys 0 00:09:58  -  Total Remote Usage
		Usr 0 00:00:00, Sys 0 00:00:00  -  Total Local Usage
	0  -  Run Bytes Sent By Job
	0  -  Run Bytes Received By Job
	0  -  Total Bytes Sent By Job
	0  -  Total Bytes Received By Job
	Partitionable Resources :    Usage  Request Allocated 
	   Cpus                 :     0.81        1         1 
	   Disk (KB)            :     2           2   6681236 
	   Memory (MB)          : 49249      128192    128256 
	   xferslots            :                           0 

	Job terminated of its own accord at 2025-01-30T19:35:49Z with exit-code 0.
...
000 (4597495.000.000) 2025-02-02 20:58:44 Job submitted from host: <130.199.48.82:9618?addrs=130.199.48.82-9618&alias=rcas2063.rcf.bnl.gov&noUDP&sock=schedd_23786_1176>
...
001 (4597495.000.000) 2025-02-02 21:04:51 Job executing on host: <130.199.207.218:9618?addrs=130.199.207.218-9618&alias=spool1505.sdcc.bnl.gov&noUDP&sock=startd_85823_fedc>
...
006 (4597495.000.000) 2025-02-02 21:05:00 Image size of job updated: 255796
	0  -  MemoryUsage of job (MB)
	0  -  ResidentSetSize of job (KB)
...
005 (4597495.000.000) 2025-02-02 21:05:00 Job terminated.
	(1) Normal termination (return value 139)
		Usr 0 00:00:06, Sys 0 00:00:02  -  Run Remote Usage
		Usr 0 00:00:00, Sys 0 00:00:00  -  Run Local Usage
		Usr 0 00:00:06, Sys 0 00:00:02  -  Total Remote Usage
		Usr 0 00:00:00, Sys 0 00:00:00  -  Total Local Usage
	0  -  Run Bytes Sent By Job
	0  -  Run Bytes Received By Job
	0  -  Total Bytes Sent By Job
	0  -  Total Bytes Received By Job
	Partitionable Resources :    Usage  Request Allocated 
	   Cpus                 :                 1         1 
	   Disk (KB)            :        2        2   6681233 
	   Memory (MB)          :        0   128192    128256 
	   xferslots            :                           0 

	Job terminated of its own accord at 2025-02-03T02:05:00Z with exit-code 139.
...
000 (4607212.000.000) 2025-02-03 00:28:15 Job submitted from host: <130.199.48.82:9618?addrs=130.199.48.82-9618&alias=rcas2063.rcf.bnl.gov&noUDP&sock=schedd_23786_1176>
...
