000 (4595817.000.000) 2025-01-28 23:09:12 Job submitted from host: <130.199.48.82:9618?addrs=130.199.48.82-9618&alias=rcas2063.rcf.bnl.gov&noUDP&sock=schedd_23786_1176>
...
001 (4595817.000.000) 2025-01-29 01:29:54 Job executing on host: <130.199.186.92:9618?addrs=130.199.186.92-9618&alias=spool1855.sdcc.bnl.gov&noUDP&sock=startd_51230_bf6c>
...
006 (4595817.000.000) 2025-01-29 01:30:01 Image size of job updated: 234384
	0  -  MemoryUsage of job (MB)
	0  -  ResidentSetSize of job (KB)
...
005 (4595817.000.000) 2025-01-29 01:30:01 Job terminated.
	(1) Normal termination (return value 0)
		Usr 0 00:00:04, Sys 0 00:00:02  -  Run Remote Usage
		Usr 0 00:00:00, Sys 0 00:00:00  -  Run Local Usage
		Usr 0 00:00:04, Sys 0 00:00:02  -  Total Remote Usage
		Usr 0 00:00:00, Sys 0 00:00:00  -  Total Local Usage
	0  -  Run Bytes Sent By Job
	0  -  Run Bytes Received By Job
	0  -  Total Bytes Sent By Job
	0  -  Total Bytes Received By Job
	Partitionable Resources :    Usage  Request Allocated 
	   Cpus                 :                 1         1 
	   Disk (KB)            :        2        2   6681629 
	   Memory (MB)          :        0   128192    128256 
	   xferslots            :                           0 

	Job terminated of its own accord at 2025-01-29T06:30:01Z with exit-code 0.
...
000 (4596838.000.000) 2025-01-30 00:28:06 Job submitted from host: <130.199.48.82:9618?addrs=130.199.48.82-9618&alias=rcas2063.rcf.bnl.gov&noUDP&sock=schedd_23786_1176>
...
001 (4596838.000.000) 2025-01-30 19:05:20 Job executing on host: <130.199.151.10:9618?addrs=130.199.151.10-9618&alias=spool1588.sdcc.bnl.gov&noUDP&sock=startd_5861_0831>
...
006 (4596838.000.000) 2025-01-30 19:05:29 Image size of job updated: 298540
	82  -  MemoryUsage of job (MB)
	83524  -  ResidentSetSize of job (KB)
...
006 (4596838.000.000) 2025-01-30 19:10:30 Image size of job updated: 5530448
	2397  -  MemoryUsage of job (MB)
	2454032  -  ResidentSetSize of job (KB)
...
006 (4596838.000.000) 2025-01-30 19:15:30 Image size of job updated: 9807436
	6183  -  MemoryUsage of job (MB)
	6331056  -  ResidentSetSize of job (KB)
...
006 (4596838.000.000) 2025-01-30 19:20:30 Image size of job updated: 13851248
	10059  -  MemoryUsage of job (MB)
	10299612  -  ResidentSetSize of job (KB)
...
006 (4596838.000.000) 2025-01-30 19:25:31 Image size of job updated: 17849176
	13889  -  MemoryUsage of job (MB)
	14221732  -  ResidentSetSize of job (KB)
...
006 (4596838.000.000) 2025-01-30 19:29:26 Image size of job updated: 22009572
	17101  -  MemoryUsage of job (MB)
	17511032  -  ResidentSetSize of job (KB)
...
004 (4596838.000.000) 2025-01-30 19:29:26 Job was evicted.
	(0) CPU times
		Usr 0 00:25:06, Sys 0 00:02:38  -  Run Remote Usage
		Usr 0 00:00:00, Sys 0 00:00:00  -  Run Local Usage
	0  -  Run Bytes Sent By Job
	0  -  Run Bytes Received By Job
	Partitionable Resources :    Usage  Request Allocated 
	   Cpus                 :     1.52        1         1 
	   Disk (KB)            :     2           2   6681234 
	   Memory (MB)          : 17101      128192    128256 
	   xferslots            :                           0 
...
009 (4596838.000.000) 2025-01-30 19:29:27 Job was aborted.
	via condor_rm (by user sgross)

	Job terminated by <130.199.48.82:34376> at 2025-01-31T00:29:26Z (using method 1: DEACTIVATE_CLAIM).
...
000 (4598042.000.000) 2025-02-02 20:59:46 Job submitted from host: <130.199.48.82:9618?addrs=130.199.48.82-9618&alias=rcas2063.rcf.bnl.gov&noUDP&sock=schedd_23786_1176>
...
001 (4598042.000.000) 2025-02-02 21:06:13 Job executing on host: <130.199.184.197:9618?addrs=130.199.184.197-9618&alias=spool1772.sdcc.bnl.gov&noUDP&sock=startd_55688_a602>
...
006 (4598042.000.000) 2025-02-02 21:06:22 Image size of job updated: 2922084
	303  -  MemoryUsage of job (MB)
	310220  -  ResidentSetSize of job (KB)
...
005 (4598042.000.000) 2025-02-02 21:06:24 Job terminated.
	(1) Normal termination (return value 139)
		Usr 0 00:00:05, Sys 0 00:00:01  -  Run Remote Usage
		Usr 0 00:00:00, Sys 0 00:00:00  -  Run Local Usage
		Usr 0 00:00:05, Sys 0 00:00:01  -  Total Remote Usage
		Usr 0 00:00:00, Sys 0 00:00:00  -  Total Local Usage
	0  -  Run Bytes Sent By Job
	0  -  Run Bytes Received By Job
	0  -  Total Bytes Sent By Job
	0  -  Total Bytes Received By Job
	Partitionable Resources :    Usage  Request Allocated 
	   Cpus                 :                 1         1 
	   Disk (KB)            :        2        2   6681633 
	   Memory (MB)          :      303   128192    128256 
	   xferslots            :                           0 

	Job terminated of its own accord at 2025-02-03T02:06:24Z with exit-code 139.
...
000 (4607759.000.000) 2025-02-03 00:29:18 Job submitted from host: <130.199.48.82:9618?addrs=130.199.48.82-9618&alias=rcas2063.rcf.bnl.gov&noUDP&sock=schedd_23786_1176>
...
