000 (4595800.000.000) 2025-01-28 23:09:11 Job submitted from host: <130.199.48.82:9618?addrs=130.199.48.82-9618&alias=rcas2063.rcf.bnl.gov&noUDP&sock=schedd_23786_1176>
...
001 (4595800.000.000) 2025-01-29 01:29:36 Job executing on host: <130.199.186.10:9618?addrs=130.199.186.10-9618&alias=spool1807.sdcc.bnl.gov&noUDP&sock=startd_68265_1c36>
...
006 (4595800.000.000) 2025-01-29 01:29:45 Image size of job updated: 185076
	109  -  MemoryUsage of job (MB)
	111208  -  ResidentSetSize of job (KB)
...
006 (4595800.000.000) 2025-01-29 01:29:49 Image size of job updated: 185084
	109  -  MemoryUsage of job (MB)
	111216  -  ResidentSetSize of job (KB)
...
005 (4595800.000.000) 2025-01-29 01:29:49 Job terminated.
	(1) Normal termination (return value 0)
		Usr 0 00:00:04, Sys 0 00:00:01  -  Run Remote Usage
		Usr 0 00:00:00, Sys 0 00:00:00  -  Run Local Usage
		Usr 0 00:00:04, Sys 0 00:00:01  -  Total Remote Usage
		Usr 0 00:00:00, Sys 0 00:00:00  -  Total Local Usage
	0  -  Run Bytes Sent By Job
	0  -  Run Bytes Received By Job
	0  -  Total Bytes Sent By Job
	0  -  Total Bytes Received By Job
	Partitionable Resources :    Usage  Request Allocated 
	   Cpus                 :                 1         1 
	   Disk (KB)            :        2        2   6681630 
	   Memory (MB)          :      109   128192    128256 
	   xferslots            :                           0 

	Job terminated of its own accord at 2025-01-29T06:29:49Z with exit-code 0.
...
000 (4596821.000.000) 2025-01-30 00:28:05 Job submitted from host: <130.199.48.82:9618?addrs=130.199.48.82-9618&alias=rcas2063.rcf.bnl.gov&noUDP&sock=schedd_23786_1176>
...
001 (4596821.000.000) 2025-01-30 18:57:23 Job executing on host: <130.199.186.24:9618?addrs=130.199.186.24-9618&alias=spool1821.sdcc.bnl.gov&noUDP&sock=startd_30284_9a6a>
...
006 (4596821.000.000) 2025-01-30 18:57:31 Image size of job updated: 48876
	33  -  MemoryUsage of job (MB)
	33248  -  ResidentSetSize of job (KB)
...
006 (4596821.000.000) 2025-01-30 19:02:31 Image size of job updated: 3512968
	291  -  MemoryUsage of job (MB)
	297456  -  ResidentSetSize of job (KB)
...
006 (4596821.000.000) 2025-01-30 19:07:32 Image size of job updated: 6783600
	3672  -  MemoryUsage of job (MB)
	3759508  -  ResidentSetSize of job (KB)
...
006 (4596821.000.000) 2025-01-30 19:12:33 Image size of job updated: 11414216
	7786  -  MemoryUsage of job (MB)
	7972632  -  ResidentSetSize of job (KB)
...
006 (4596821.000.000) 2025-01-30 19:17:33 Image size of job updated: 15007216
	11799  -  MemoryUsage of job (MB)
	12081384  -  ResidentSetSize of job (KB)
...
006 (4596821.000.000) 2025-01-30 19:22:34 Image size of job updated: 19081024
	15736  -  MemoryUsage of job (MB)
	16113344  -  ResidentSetSize of job (KB)
...
006 (4596821.000.000) 2025-01-30 19:27:35 Image size of job updated: 22941756
	19302  -  MemoryUsage of job (MB)
	19764252  -  ResidentSetSize of job (KB)
...
006 (4596821.000.000) 2025-01-30 19:29:33 Image size of job updated: 25342248
	21276  -  MemoryUsage of job (MB)
	21786368  -  ResidentSetSize of job (KB)
...
006 (4596821.000.000) 2025-01-30 19:29:33 Image size of job updated: 25693140
	21276  -  MemoryUsage of job (MB)
	21786368  -  ResidentSetSize of job (KB)
...
004 (4596821.000.000) 2025-01-30 19:29:33 Job was evicted.
	(0) CPU times
		Usr 0 00:30:56, Sys 0 00:03:17  -  Run Remote Usage
		Usr 0 00:00:00, Sys 0 00:00:00  -  Run Local Usage
	0  -  Run Bytes Sent By Job
	0  -  Run Bytes Received By Job
	Partitionable Resources :    Usage  Request Allocated 
	   Cpus                 :     1.00        1         1 
	   Disk (KB)            :     2           2   6681648 
	   Memory (MB)          : 21276      128192    128256 
	   xferslots            :                           0 
...
009 (4596821.000.000) 2025-01-30 19:29:34 Job was aborted.
	via condor_rm (by user sgross)

	Job terminated by <130.199.48.82:45301> at 2025-01-31T00:29:33Z (using method 1: DEACTIVATE_CLAIM).
...
000 (4598025.000.000) 2025-02-02 20:59:44 Job submitted from host: <130.199.48.82:9618?addrs=130.199.48.82-9618&alias=rcas2063.rcf.bnl.gov&noUDP&sock=schedd_23786_1176>
...
001 (4598025.000.000) 2025-02-02 21:06:11 Job executing on host: <130.199.151.19:9618?addrs=130.199.151.19-9618&alias=spool1597.sdcc.bnl.gov&noUDP&sock=startd_79764_6606>
...
006 (4598025.000.000) 2025-02-02 21:06:20 Image size of job updated: 346360
	0  -  MemoryUsage of job (MB)
	0  -  ResidentSetSize of job (KB)
...
005 (4598025.000.000) 2025-02-02 21:06:21 Job terminated.
	(1) Normal termination (return value 139)
		Usr 0 00:00:06, Sys 0 00:00:02  -  Run Remote Usage
		Usr 0 00:00:00, Sys 0 00:00:00  -  Run Local Usage
		Usr 0 00:00:06, Sys 0 00:00:02  -  Total Remote Usage
		Usr 0 00:00:00, Sys 0 00:00:00  -  Total Local Usage
	0  -  Run Bytes Sent By Job
	0  -  Run Bytes Received By Job
	0  -  Total Bytes Sent By Job
	0  -  Total Bytes Received By Job
	Partitionable Resources :    Usage  Request Allocated 
	   Cpus                 :                 1         1 
	   Disk (KB)            :        2        2   6681235 
	   Memory (MB)          :        0   128192    128256 
	   xferslots            :                           0 

	Job terminated of its own accord at 2025-02-03T02:06:20Z with exit-code 139.
...
000 (4607742.000.000) 2025-02-03 00:29:16 Job submitted from host: <130.199.48.82:9618?addrs=130.199.48.82-9618&alias=rcas2063.rcf.bnl.gov&noUDP&sock=schedd_23786_1176>
...
