000 (4599914.000.000) 2025-02-02 21:03:03 Job submitted from host: <130.199.48.82:9618?addrs=130.199.48.82-9618&alias=rcas2063.rcf.bnl.gov&noUDP&sock=schedd_23786_1176>
...
001 (4599914.000.000) 2025-02-02 21:08:45 Job executing on host: <130.199.186.10:9618?addrs=130.199.186.10-9618&alias=spool1807.sdcc.bnl.gov&noUDP&sock=startd_68265_1c36>
...
006 (4599914.000.000) 2025-02-02 21:08:54 Image size of job updated: 236660
	136  -  MemoryUsage of job (MB)
	138720  -  ResidentSetSize of job (KB)
...
006 (4599914.000.000) 2025-02-02 21:08:58 Image size of job updated: 2934148
	139  -  MemoryUsage of job (MB)
	141752  -  ResidentSetSize of job (KB)
...
005 (4599914.000.000) 2025-02-02 21:08:58 Job terminated.
	(1) Normal termination (return value 139)
		Usr 0 00:00:05, Sys 0 00:00:02  -  Run Remote Usage
		Usr 0 00:00:00, Sys 0 00:00:00  -  Run Local Usage
		Usr 0 00:00:05, Sys 0 00:00:02  -  Total Remote Usage
		Usr 0 00:00:00, Sys 0 00:00:00  -  Total Local Usage
	0  -  Run Bytes Sent By Job
	0  -  Run Bytes Received By Job
	0  -  Total Bytes Sent By Job
	0  -  Total Bytes Received By Job
	Partitionable Resources :    Usage  Request Allocated 
	   Cpus                 :                 1         1 
	   Disk (KB)            :        2        2   6681630 
	   Memory (MB)          :      139   128192    128256 
	   xferslots            :                           0 

	Job terminated of its own accord at 2025-02-03T02:08:58Z with exit-code 139.
...
