000 (4605483.000.000) 2025-02-02 21:17:21 Job submitted from host: <130.199.48.82:9618?addrs=130.199.48.82-9618&alias=rcas2063.rcf.bnl.gov&noUDP&sock=schedd_23786_1176>
...
001 (4605483.000.000) 2025-02-02 21:17:22 Job executing on host: <130.199.184.217:9618?addrs=130.199.184.217-9618&alias=spool1792.sdcc.bnl.gov&noUDP&sock=startd_72049_b2cc>
...
006 (4605483.000.000) 2025-02-02 21:17:30 Image size of job updated: 302772
	175  -  MemoryUsage of job (MB)
	178352  -  ResidentSetSize of job (KB)
...
006 (4605483.000.000) 2025-02-02 21:17:32 Image size of job updated: 3047616
	192  -  MemoryUsage of job (MB)
	195688  -  ResidentSetSize of job (KB)
...
005 (4605483.000.000) 2025-02-02 21:17:32 Job terminated.
	(1) Normal termination (return value 139)
		Usr 0 00:00:06, Sys 0 00:00:02  -  Run Remote Usage
		Usr 0 00:00:00, Sys 0 00:00:00  -  Run Local Usage
		Usr 0 00:00:06, Sys 0 00:00:02  -  Total Remote Usage
		Usr 0 00:00:00, Sys 0 00:00:00  -  Total Local Usage
	0  -  Run Bytes Sent By Job
	0  -  Run Bytes Received By Job
	0  -  Total Bytes Sent By Job
	0  -  Total Bytes Received By Job
	Partitionable Resources :    Usage  Request Allocated 
	   Cpus                 :                 1         1 
	   Disk (KB)            :        2        2   6681623 
	   Memory (MB)          :      192   128192    128256 
	   xferslots            :                           0 

	Job terminated of its own accord at 2025-02-03T02:17:32Z with exit-code 139.
...
