000 (4595921.000.000) 2025-01-28 23:09:21 Job submitted from host: <130.199.48.82:9618?addrs=130.199.48.82-9618&alias=rcas2063.rcf.bnl.gov&noUDP&sock=schedd_23786_1176>
...
001 (4595921.000.000) 2025-01-29 01:31:43 Job executing on host: <130.199.186.22:9618?addrs=130.199.186.22-9618&alias=spool1819.sdcc.bnl.gov&noUDP&sock=startd_21241_9b9b>
...
006 (4595921.000.000) 2025-01-29 01:31:52 Image size of job updated: 198464
	118  -  MemoryUsage of job (MB)
	120156  -  ResidentSetSize of job (KB)
...
006 (4595921.000.000) 2025-01-29 01:31:54 Image size of job updated: 2934152
	118  -  MemoryUsage of job (MB)
	120256  -  ResidentSetSize of job (KB)
...
005 (4595921.000.000) 2025-01-29 01:31:54 Job terminated.
	(1) Normal termination (return value 0)
		Usr 0 00:00:04, Sys 0 00:00:02  -  Run Remote Usage
		Usr 0 00:00:00, Sys 0 00:00:00  -  Run Local Usage
		Usr 0 00:00:04, Sys 0 00:00:02  -  Total Remote Usage
		Usr 0 00:00:00, Sys 0 00:00:00  -  Total Local Usage
	0  -  Run Bytes Sent By Job
	0  -  Run Bytes Received By Job
	0  -  Total Bytes Sent By Job
	0  -  Total Bytes Received By Job
	Partitionable Resources :    Usage  Request Allocated 
	   Cpus                 :                 1         1 
	   Disk (KB)            :        2        2   6681624 
	   Memory (MB)          :      118   128192    128256 
	   xferslots            :                           0 

	Job terminated of its own accord at 2025-01-29T06:31:54Z with exit-code 0.
...
000 (4596942.000.000) 2025-01-30 00:28:16 Job submitted from host: <130.199.48.82:9618?addrs=130.199.48.82-9618&alias=rcas2063.rcf.bnl.gov&noUDP&sock=schedd_23786_1176>
...
009 (4596942.000.000) 2025-01-30 19:29:36 Job was aborted.
	via condor_rm (by user sgross)
...
000 (4598146.000.000) 2025-02-02 20:59:58 Job submitted from host: <130.199.48.82:9618?addrs=130.199.48.82-9618&alias=rcas2063.rcf.bnl.gov&noUDP&sock=schedd_23786_1176>
...
001 (4598146.000.000) 2025-02-02 21:06:24 Job executing on host: <130.199.151.11:9618?addrs=130.199.151.11-9618&alias=spool1589.sdcc.bnl.gov&noUDP&sock=startd_1737_d68b>
...
006 (4598146.000.000) 2025-02-02 21:06:31 Image size of job updated: 190812
	0  -  MemoryUsage of job (MB)
	0  -  ResidentSetSize of job (KB)
...
005 (4598146.000.000) 2025-02-02 21:06:31 Job terminated.
	(1) Normal termination (return value 139)
		Usr 0 00:00:05, Sys 0 00:00:01  -  Run Remote Usage
		Usr 0 00:00:00, Sys 0 00:00:00  -  Run Local Usage
		Usr 0 00:00:05, Sys 0 00:00:01  -  Total Remote Usage
		Usr 0 00:00:00, Sys 0 00:00:00  -  Total Local Usage
	0  -  Run Bytes Sent By Job
	0  -  Run Bytes Received By Job
	0  -  Total Bytes Sent By Job
	0  -  Total Bytes Received By Job
	Partitionable Resources :    Usage  Request Allocated 
	   Cpus                 :                 1         1 
	   Disk (KB)            :        2        2   6681210 
	   Memory (MB)          :        0   128192    128256 
	   xferslots            :                           0 

	Job terminated of its own accord at 2025-02-03T02:06:31Z with exit-code 139.
...
000 (4607863.000.000) 2025-02-03 00:29:29 Job submitted from host: <130.199.48.82:9618?addrs=130.199.48.82-9618&alias=rcas2063.rcf.bnl.gov&noUDP&sock=schedd_23786_1176>
...
