000 (4595656.000.000) 2025-01-28 23:08:59 Job submitted from host: <130.199.48.82:9618?addrs=130.199.48.82-9618&alias=rcas2063.rcf.bnl.gov&noUDP&sock=schedd_23786_1176>
...
001 (4595656.000.000) 2025-01-29 01:27:11 Job executing on host: <130.199.150.67:9618?addrs=130.199.150.67-9618&alias=spool1548.sdcc.bnl.gov&noUDP&sock=startd_28485_3e0d>
...
006 (4595656.000.000) 2025-01-29 01:27:20 Image size of job updated: 155784
	86  -  MemoryUsage of job (MB)
	87920  -  ResidentSetSize of job (KB)
...
006 (4595656.000.000) 2025-01-29 01:27:30 Image size of job updated: 2944008
	86  -  MemoryUsage of job (MB)
	87920  -  ResidentSetSize of job (KB)
...
005 (4595656.000.000) 2025-01-29 01:27:30 Job terminated.
	(1) Normal termination (return value 0)
		Usr 0 00:00:04, Sys 0 00:00:02  -  Run Remote Usage
		Usr 0 00:00:00, Sys 0 00:00:00  -  Run Local Usage
		Usr 0 00:00:04, Sys 0 00:00:02  -  Total Remote Usage
		Usr 0 00:00:00, Sys 0 00:00:00  -  Total Local Usage
	0  -  Run Bytes Sent By Job
	0  -  Run Bytes Received By Job
	0  -  Total Bytes Sent By Job
	0  -  Total Bytes Received By Job
	Partitionable Resources :    Usage  Request Allocated 
	   Cpus                 :                 1         1 
	   Disk (KB)            :        2        2   6681217 
	   Memory (MB)          :       86   128192    128256 
	   xferslots            :                           0 

	Job terminated of its own accord at 2025-01-29T06:27:30Z with exit-code 0.
...
000 (4596677.000.000) 2025-01-30 00:27:50 Job submitted from host: <130.199.48.82:9618?addrs=130.199.48.82-9618&alias=rcas2063.rcf.bnl.gov&noUDP&sock=schedd_23786_1176>
...
001 (4596677.000.000) 2025-01-30 17:16:59 Job executing on host: <130.199.150.85:9618?addrs=130.199.150.85-9618&alias=spool1566.sdcc.bnl.gov&noUDP&sock=startd_49547_1978>
...
006 (4596677.000.000) 2025-01-30 17:17:07 Image size of job updated: 298152
	30  -  MemoryUsage of job (MB)
	30264  -  ResidentSetSize of job (KB)
...
006 (4596677.000.000) 2025-01-30 17:22:07 Image size of job updated: 5184996
	1014  -  MemoryUsage of job (MB)
	1038232  -  ResidentSetSize of job (KB)
...
006 (4596677.000.000) 2025-01-30 17:27:08 Image size of job updated: 7796708
	4529  -  MemoryUsage of job (MB)
	4636792  -  ResidentSetSize of job (KB)
...
006 (4596677.000.000) 2025-01-30 17:32:09 Image size of job updated: 9672920
	5877  -  MemoryUsage of job (MB)
	6017920  -  ResidentSetSize of job (KB)
...
006 (4596677.000.000) 2025-01-30 17:37:09 Image size of job updated: 13039288
	9027  -  MemoryUsage of job (MB)
	9243608  -  ResidentSetSize of job (KB)
...
006 (4596677.000.000) 2025-01-30 17:42:10 Image size of job updated: 14016332
	10603  -  MemoryUsage of job (MB)
	10856972  -  ResidentSetSize of job (KB)
...
006 (4596677.000.000) 2025-01-30 17:47:11 Image size of job updated: 18276320
	13208  -  MemoryUsage of job (MB)
	13524264  -  ResidentSetSize of job (KB)
...
006 (4596677.000.000) 2025-01-30 17:52:11 Image size of job updated: 19153908
	15188  -  MemoryUsage of job (MB)
	15551756  -  ResidentSetSize of job (KB)
...
006 (4596677.000.000) 2025-01-30 17:57:11 Image size of job updated: 22904728
	18017  -  MemoryUsage of job (MB)
	18449252  -  ResidentSetSize of job (KB)
...
006 (4596677.000.000) 2025-01-30 18:02:12 Image size of job updated: 23905584
	20313  -  MemoryUsage of job (MB)
	20800212  -  ResidentSetSize of job (KB)
...
006 (4596677.000.000) 2025-01-30 18:07:12 Image size of job updated: 27365212
	22535  -  MemoryUsage of job (MB)
	23075080  -  ResidentSetSize of job (KB)
...
006 (4596677.000.000) 2025-01-30 18:12:12 Image size of job updated: 29258116
	25411  -  MemoryUsage of job (MB)
	26020664  -  ResidentSetSize of job (KB)
...
006 (4596677.000.000) 2025-01-30 18:17:13 Image size of job updated: 32495184
	27784  -  MemoryUsage of job (MB)
	28450348  -  ResidentSetSize of job (KB)
...
006 (4596677.000.000) 2025-01-30 18:22:14 Image size of job updated: 35107340
	31135  -  MemoryUsage of job (MB)
	31882108  -  ResidentSetSize of job (KB)
...
006 (4596677.000.000) 2025-01-30 18:27:14 Image size of job updated: 37164452
	33294  -  MemoryUsage of job (MB)
	34092924  -  ResidentSetSize of job (KB)
...
006 (4596677.000.000) 2025-01-30 18:32:15 Image size of job updated: 40813748
	35797  -  MemoryUsage of job (MB)
	36655376  -  ResidentSetSize of job (KB)
...
006 (4596677.000.000) 2025-01-30 18:37:16 Image size of job updated: 43057196
	39052  -  MemoryUsage of job (MB)
	39988384  -  ResidentSetSize of job (KB)
...
006 (4596677.000.000) 2025-01-30 18:42:16 Image size of job updated: 45308620
	40993  -  MemoryUsage of job (MB)
	41976268  -  ResidentSetSize of job (KB)
...
006 (4596677.000.000) 2025-01-30 18:47:17 Image size of job updated: 49235276
	44507  -  MemoryUsage of job (MB)
	45574312  -  ResidentSetSize of job (KB)
...
006 (4596677.000.000) 2025-01-30 18:52:18 Image size of job updated: 51379360
	47151  -  MemoryUsage of job (MB)
	48281740  -  ResidentSetSize of job (KB)
...
006 (4596677.000.000) 2025-01-30 18:57:18 Image size of job updated: 55513752
	50265  -  MemoryUsage of job (MB)
	51471348  -  ResidentSetSize of job (KB)
...
006 (4596677.000.000) 2025-01-30 19:02:18 Image size of job updated: 59369928
	53556  -  MemoryUsage of job (MB)
	54840520  -  ResidentSetSize of job (KB)
...
006 (4596677.000.000) 2025-01-30 19:07:19 Image size of job updated: 61213324
	56695  -  MemoryUsage of job (MB)
	58054828  -  ResidentSetSize of job (KB)
...
006 (4596677.000.000) 2025-01-30 19:09:29 Image size of job updated: 62612152
	56696  -  MemoryUsage of job (MB)
	58055760  -  ResidentSetSize of job (KB)
...
005 (4596677.000.000) 2025-01-30 19:09:29 Job terminated.
	(1) Normal termination (return value 0)
		Usr 0 01:30:24, Sys 0 00:10:14  -  Run Remote Usage
		Usr 0 00:00:00, Sys 0 00:00:00  -  Run Local Usage
		Usr 0 01:30:24, Sys 0 00:10:14  -  Total Remote Usage
		Usr 0 00:00:00, Sys 0 00:00:00  -  Total Local Usage
	0  -  Run Bytes Sent By Job
	0  -  Run Bytes Received By Job
	0  -  Total Bytes Sent By Job
	0  -  Total Bytes Received By Job
	Partitionable Resources :    Usage  Request Allocated 
	   Cpus                 :     0.99        1         1 
	   Disk (KB)            :     2           2   6681221 
	   Memory (MB)          : 56696      128192    128256 
	   xferslots            :                           0 

	Job terminated of its own accord at 2025-01-31T00:09:29Z with exit-code 0.
...
000 (4597881.000.000) 2025-02-02 20:59:27 Job submitted from host: <130.199.48.82:9618?addrs=130.199.48.82-9618&alias=rcas2063.rcf.bnl.gov&noUDP&sock=schedd_23786_1176>
...
001 (4597881.000.000) 2025-02-02 21:05:57 Job executing on host: <130.199.151.2:9618?addrs=130.199.151.2-9618&alias=spool1580.sdcc.bnl.gov&noUDP&sock=startd_93239_10e0>
...
006 (4597881.000.000) 2025-02-02 21:06:05 Image size of job updated: 427736
	292  -  MemoryUsage of job (MB)
	298732  -  ResidentSetSize of job (KB)
...
006 (4597881.000.000) 2025-02-02 21:06:06 Image size of job updated: 428352
	292  -  MemoryUsage of job (MB)
	298732  -  ResidentSetSize of job (KB)
...
005 (4597881.000.000) 2025-02-02 21:06:07 Job terminated.
	(1) Normal termination (return value 139)
		Usr 0 00:00:06, Sys 0 00:00:02  -  Run Remote Usage
		Usr 0 00:00:00, Sys 0 00:00:00  -  Run Local Usage
		Usr 0 00:00:06, Sys 0 00:00:02  -  Total Remote Usage
		Usr 0 00:00:00, Sys 0 00:00:00  -  Total Local Usage
	0  -  Run Bytes Sent By Job
	0  -  Run Bytes Received By Job
	0  -  Total Bytes Sent By Job
	0  -  Total Bytes Received By Job
	Partitionable Resources :    Usage  Request Allocated 
	   Cpus                 :                 1         1 
	   Disk (KB)            :        2        2   6681235 
	   Memory (MB)          :      292   128192    128256 
	   xferslots            :                           0 

	Job terminated of its own accord at 2025-02-03T02:06:06Z with exit-code 139.
...
000 (4607598.000.000) 2025-02-03 00:28:59 Job submitted from host: <130.199.48.82:9618?addrs=130.199.48.82-9618&alias=rcas2063.rcf.bnl.gov&noUDP&sock=schedd_23786_1176>
...
