000 (4595785.000.000) 2025-01-28 23:09:10 Job submitted from host: <130.199.48.82:9618?addrs=130.199.48.82-9618&alias=rcas2063.rcf.bnl.gov&noUDP&sock=schedd_23786_1176>
...
001 (4595785.000.000) 2025-01-29 01:29:23 Job executing on host: <130.199.186.10:9618?addrs=130.199.186.10-9618&alias=spool1807.sdcc.bnl.gov&noUDP&sock=startd_68265_1c36>
...
006 (4595785.000.000) 2025-01-29 01:29:31 Image size of job updated: 158524
	89  -  MemoryUsage of job (MB)
	90484  -  ResidentSetSize of job (KB)
...
006 (4595785.000.000) 2025-01-29 01:29:36 Image size of job updated: 203672
	89  -  MemoryUsage of job (MB)
	90568  -  ResidentSetSize of job (KB)
...
005 (4595785.000.000) 2025-01-29 01:29:36 Job terminated.
	(1) Normal termination (return value 0)
		Usr 0 00:00:04, Sys 0 00:00:02  -  Run Remote Usage
		Usr 0 00:00:00, Sys 0 00:00:00  -  Run Local Usage
		Usr 0 00:00:04, Sys 0 00:00:02  -  Total Remote Usage
		Usr 0 00:00:00, Sys 0 00:00:00  -  Total Local Usage
	0  -  Run Bytes Sent By Job
	0  -  Run Bytes Received By Job
	0  -  Total Bytes Sent By Job
	0  -  Total Bytes Received By Job
	Partitionable Resources :    Usage  Request Allocated 
	   Cpus                 :                 1         1 
	   Disk (KB)            :        2        2   6681630 
	   Memory (MB)          :       89   128192    128256 
	   xferslots            :                           0 

	Job terminated of its own accord at 2025-01-29T06:29:36Z with exit-code 0.
...
000 (4596806.000.000) 2025-01-30 00:28:03 Job submitted from host: <130.199.48.82:9618?addrs=130.199.48.82-9618&alias=rcas2063.rcf.bnl.gov&noUDP&sock=schedd_23786_1176>
...
001 (4596806.000.000) 2025-01-30 18:46:13 Job executing on host: <130.199.186.27:9618?addrs=130.199.186.27-9618&alias=spool1824.sdcc.bnl.gov&noUDP&sock=startd_21686_71d9>
...
006 (4596806.000.000) 2025-01-30 18:46:22 Image size of job updated: 152644
	84  -  MemoryUsage of job (MB)
	85392  -  ResidentSetSize of job (KB)
...
006 (4596806.000.000) 2025-01-30 18:51:23 Image size of job updated: 5768928
	1997  -  MemoryUsage of job (MB)
	2044060  -  ResidentSetSize of job (KB)
...
006 (4596806.000.000) 2025-01-30 18:56:23 Image size of job updated: 10219400
	5806  -  MemoryUsage of job (MB)
	5945268  -  ResidentSetSize of job (KB)
...
006 (4596806.000.000) 2025-01-30 19:01:23 Image size of job updated: 13618064
	9571  -  MemoryUsage of job (MB)
	9800548  -  ResidentSetSize of job (KB)
...
006 (4596806.000.000) 2025-01-30 19:06:24 Image size of job updated: 18132388
	13258  -  MemoryUsage of job (MB)
	13575752  -  ResidentSetSize of job (KB)
...
006 (4596806.000.000) 2025-01-30 19:11:25 Image size of job updated: 22369808
	17375  -  MemoryUsage of job (MB)
	17791308  -  ResidentSetSize of job (KB)
...
006 (4596806.000.000) 2025-01-30 19:16:25 Image size of job updated: 26850820
	21659  -  MemoryUsage of job (MB)
	22178324  -  ResidentSetSize of job (KB)
...
006 (4596806.000.000) 2025-01-30 19:21:26 Image size of job updated: 29400936
	25668  -  MemoryUsage of job (MB)
	26283552  -  ResidentSetSize of job (KB)
...
006 (4596806.000.000) 2025-01-30 19:26:27 Image size of job updated: 33193708
	29580  -  MemoryUsage of job (MB)
	30289128  -  ResidentSetSize of job (KB)
...
006 (4596806.000.000) 2025-01-30 19:29:30 Image size of job updated: 36086748
	31414  -  MemoryUsage of job (MB)
	32167828  -  ResidentSetSize of job (KB)
...
006 (4596806.000.000) 2025-01-30 19:29:31 Image size of job updated: 36086748
	31419  -  MemoryUsage of job (MB)
	32172676  -  ResidentSetSize of job (KB)
...
004 (4596806.000.000) 2025-01-30 19:29:31 Job was evicted.
	(0) CPU times
		Usr 0 00:44:34, Sys 0 00:04:59  -  Run Remote Usage
		Usr 0 00:00:00, Sys 0 00:00:00  -  Run Local Usage
	0  -  Run Bytes Sent By Job
	0  -  Run Bytes Received By Job
	Partitionable Resources :    Usage  Request Allocated 
	   Cpus                 :     1.01        1         1 
	   Disk (KB)            :     2           2   6681631 
	   Memory (MB)          : 31419      128192    128256 
	   xferslots            :                           0 
...
009 (4596806.000.000) 2025-01-30 19:29:31 Job was aborted.
	via condor_rm (by user sgross)

	Job terminated by <130.199.48.82:40956> at 2025-01-31T00:29:30Z (using method 1: DEACTIVATE_CLAIM).
...
000 (4598010.000.000) 2025-02-02 20:59:42 Job submitted from host: <130.199.48.82:9618?addrs=130.199.48.82-9618&alias=rcas2063.rcf.bnl.gov&noUDP&sock=schedd_23786_1176>
...
001 (4598010.000.000) 2025-02-02 21:06:10 Job executing on host: <130.199.184.210:9618?addrs=130.199.184.210-9618&alias=spool1785.sdcc.bnl.gov&noUDP&sock=startd_68296_ebdb>
...
006 (4598010.000.000) 2025-02-02 21:06:34 Image size of job updated: 9608
	0  -  MemoryUsage of job (MB)
	0  -  ResidentSetSize of job (KB)
...
005 (4598010.000.000) 2025-02-02 21:06:35 Job terminated.
	(1) Normal termination (return value 139)
		Usr 0 00:00:05, Sys 0 00:00:05  -  Run Remote Usage
		Usr 0 00:00:00, Sys 0 00:00:00  -  Run Local Usage
		Usr 0 00:00:05, Sys 0 00:00:05  -  Total Remote Usage
		Usr 0 00:00:00, Sys 0 00:00:00  -  Total Local Usage
	0  -  Run Bytes Sent By Job
	0  -  Run Bytes Received By Job
	0  -  Total Bytes Sent By Job
	0  -  Total Bytes Received By Job
	Partitionable Resources :    Usage  Request Allocated 
	   Cpus                 :                 1         1 
	   Disk (KB)            :        2        2   6681653 
	   Memory (MB)          :        0   128192    128256 
	   xferslots            :                           0 

	Job terminated of its own accord at 2025-02-03T02:06:34Z with exit-code 139.
...
000 (4607727.000.000) 2025-02-03 00:29:14 Job submitted from host: <130.199.48.82:9618?addrs=130.199.48.82-9618&alias=rcas2063.rcf.bnl.gov&noUDP&sock=schedd_23786_1176>
...
