000 (4606035.000.000) 2025-02-02 21:18:34 Job submitted from host: <130.199.48.82:9618?addrs=130.199.48.82-9618&alias=rcas2063.rcf.bnl.gov&noUDP&sock=schedd_23786_1176>
...
001 (4606035.000.000) 2025-02-02 21:18:36 Job executing on host: <130.199.150.81:9618?addrs=130.199.150.81-9618&alias=spool1562.sdcc.bnl.gov&noUDP&sock=startd_65906_8438>
...
006 (4606035.000.000) 2025-02-02 21:18:44 Image size of job updated: 321444
	168  -  MemoryUsage of job (MB)
	171924  -  ResidentSetSize of job (KB)
...
006 (4606035.000.000) 2025-02-02 21:18:46 Image size of job updated: 321712
	169  -  MemoryUsage of job (MB)
	172104  -  ResidentSetSize of job (KB)
...
005 (4606035.000.000) 2025-02-02 21:18:46 Job terminated.
	(1) Normal termination (return value 139)
		Usr 0 00:00:06, Sys 0 00:00:02  -  Run Remote Usage
		Usr 0 00:00:00, Sys 0 00:00:00  -  Run Local Usage
		Usr 0 00:00:06, Sys 0 00:00:02  -  Total Remote Usage
		Usr 0 00:00:00, Sys 0 00:00:00  -  Total Local Usage
	0  -  Run Bytes Sent By Job
	0  -  Run Bytes Received By Job
	0  -  Total Bytes Sent By Job
	0  -  Total Bytes Received By Job
	Partitionable Resources :    Usage  Request Allocated 
	   Cpus                 :                 1         1 
	   Disk (KB)            :        2        2   6681161 
	   Memory (MB)          :      169   128192    128256 
	   xferslots            :                           0 

	Job terminated of its own accord at 2025-02-03T02:18:46Z with exit-code 139.
...
