000 (4595536.000.000) 2025-01-28 23:08:50 Job submitted from host: <130.199.48.82:9618?addrs=130.199.48.82-9618&alias=rcas2063.rcf.bnl.gov&noUDP&sock=schedd_23786_1176>
...
001 (4595536.000.000) 2025-01-29 01:25:09 Job executing on host: <130.199.151.8:9618?addrs=130.199.151.8-9618&alias=spool1586.sdcc.bnl.gov&noUDP&sock=startd_10002_9b31>
...
006 (4595536.000.000) 2025-01-29 01:25:18 Image size of job updated: 186376
	110  -  MemoryUsage of job (MB)
	112248  -  ResidentSetSize of job (KB)
...
006 (4595536.000.000) 2025-01-29 01:25:21 Image size of job updated: 186392
	110  -  MemoryUsage of job (MB)
	112264  -  ResidentSetSize of job (KB)
...
005 (4595536.000.000) 2025-01-29 01:25:22 Job terminated.
	(1) Normal termination (return value 0)
		Usr 0 00:00:04, Sys 0 00:00:02  -  Run Remote Usage
		Usr 0 00:00:00, Sys 0 00:00:00  -  Run Local Usage
		Usr 0 00:00:04, Sys 0 00:00:02  -  Total Remote Usage
		Usr 0 00:00:00, Sys 0 00:00:00  -  Total Local Usage
	0  -  Run Bytes Sent By Job
	0  -  Run Bytes Received By Job
	0  -  Total Bytes Sent By Job
	0  -  Total Bytes Received By Job
	Partitionable Resources :    Usage  Request Allocated 
	   Cpus                 :                 1         1 
	   Disk (KB)            :        2        2   6681168 
	   Memory (MB)          :      110   128192    128256 
	   xferslots            :                           0 

	Job terminated of its own accord at 2025-01-29T06:25:21Z with exit-code 0.
...
000 (4596557.000.000) 2025-01-30 00:27:38 Job submitted from host: <130.199.48.82:9618?addrs=130.199.48.82-9618&alias=rcas2063.rcf.bnl.gov&noUDP&sock=schedd_23786_1176>
...
001 (4596557.000.000) 2025-01-30 15:55:58 Job executing on host: <130.199.150.70:9618?addrs=130.199.150.70-9618&alias=spool1551.sdcc.bnl.gov&noUDP&sock=startd_98235_3ca2>
...
006 (4596557.000.000) 2025-01-30 15:56:07 Image size of job updated: 298152
	77  -  MemoryUsage of job (MB)
	78768  -  ResidentSetSize of job (KB)
...
006 (4596557.000.000) 2025-01-30 16:01:07 Image size of job updated: 5078888
	663  -  MemoryUsage of job (MB)
	678728  -  ResidentSetSize of job (KB)
...
006 (4596557.000.000) 2025-01-30 16:06:07 Image size of job updated: 7679592
	4478  -  MemoryUsage of job (MB)
	4585372  -  ResidentSetSize of job (KB)
...
006 (4596557.000.000) 2025-01-30 16:11:08 Image size of job updated: 10371412
	7027  -  MemoryUsage of job (MB)
	7194640  -  ResidentSetSize of job (KB)
...
006 (4596557.000.000) 2025-01-30 16:16:09 Image size of job updated: 14101912
	9706  -  MemoryUsage of job (MB)
	9938204  -  ResidentSetSize of job (KB)
...
006 (4596557.000.000) 2025-01-30 16:21:09 Image size of job updated: 18530504
	13268  -  MemoryUsage of job (MB)
	13585892  -  ResidentSetSize of job (KB)
...
006 (4596557.000.000) 2025-01-30 16:26:10 Image size of job updated: 20386700
	16824  -  MemoryUsage of job (MB)
	17227408  -  ResidentSetSize of job (KB)
...
006 (4596557.000.000) 2025-01-30 16:31:11 Image size of job updated: 23688980
	20041  -  MemoryUsage of job (MB)
	20521916  -  ResidentSetSize of job (KB)
...
006 (4596557.000.000) 2025-01-30 16:36:11 Image size of job updated: 26874568
	23095  -  MemoryUsage of job (MB)
	23649140  -  ResidentSetSize of job (KB)
...
006 (4596557.000.000) 2025-01-30 16:41:12 Image size of job updated: 31456524
	26622  -  MemoryUsage of job (MB)
	27260712  -  ResidentSetSize of job (KB)
...
006 (4596557.000.000) 2025-01-30 16:46:13 Image size of job updated: 35736220
	30384  -  MemoryUsage of job (MB)
	31113184  -  ResidentSetSize of job (KB)
...
006 (4596557.000.000) 2025-01-30 16:51:13 Image size of job updated: 37875100
	34016  -  MemoryUsage of job (MB)
	34832292  -  ResidentSetSize of job (KB)
...
006 (4596557.000.000) 2025-01-30 16:56:13 Image size of job updated: 40706272
	36700  -  MemoryUsage of job (MB)
	37580588  -  ResidentSetSize of job (KB)
...
006 (4596557.000.000) 2025-01-30 17:01:14 Image size of job updated: 44735484
	39665  -  MemoryUsage of job (MB)
	40616420  -  ResidentSetSize of job (KB)
...
006 (4596557.000.000) 2025-01-30 17:06:14 Image size of job updated: 47917672
	43499  -  MemoryUsage of job (MB)
	44542316  -  ResidentSetSize of job (KB)
...
006 (4596557.000.000) 2025-01-30 17:11:14 Image size of job updated: 49931192
	45852  -  MemoryUsage of job (MB)
	46951532  -  ResidentSetSize of job (KB)
...
006 (4596557.000.000) 2025-01-30 17:16:15 Image size of job updated: 53274172
	48685  -  MemoryUsage of job (MB)
	49853360  -  ResidentSetSize of job (KB)
...
006 (4596557.000.000) 2025-01-30 17:21:16 Image size of job updated: 57290744
	51688  -  MemoryUsage of job (MB)
	52928252  -  ResidentSetSize of job (KB)
...
006 (4596557.000.000) 2025-01-30 17:26:16 Image size of job updated: 59587560
	55117  -  MemoryUsage of job (MB)
	56439332  -  ResidentSetSize of job (KB)
...
006 (4596557.000.000) 2025-01-30 17:31:17 Image size of job updated: 62285660
	57812  -  MemoryUsage of job (MB)
	59198964  -  ResidentSetSize of job (KB)
...
006 (4596557.000.000) 2025-01-30 17:32:37 Image size of job updated: 63766540
	57812  -  MemoryUsage of job (MB)
	59198964  -  ResidentSetSize of job (KB)
...
005 (4596557.000.000) 2025-01-30 17:32:38 Job terminated.
	(1) Normal termination (return value 0)
		Usr 0 01:34:12, Sys 0 00:10:20  -  Run Remote Usage
		Usr 0 00:00:00, Sys 0 00:00:00  -  Run Local Usage
		Usr 0 01:34:12, Sys 0 00:10:20  -  Total Remote Usage
		Usr 0 00:00:00, Sys 0 00:00:00  -  Total Local Usage
	0  -  Run Bytes Sent By Job
	0  -  Run Bytes Received By Job
	0  -  Total Bytes Sent By Job
	0  -  Total Bytes Received By Job
	Partitionable Resources :    Usage  Request Allocated 
	   Cpus                 :     1.17        1         1 
	   Disk (KB)            :     2           2   6681237 
	   Memory (MB)          : 57812      128192    128256 
	   xferslots            :                           0 

	Job terminated of its own accord at 2025-01-30T22:32:37Z with exit-code 0.
...
000 (4597761.000.000) 2025-02-02 20:59:14 Job submitted from host: <130.199.48.82:9618?addrs=130.199.48.82-9618&alias=rcas2063.rcf.bnl.gov&noUDP&sock=schedd_23786_1176>
...
001 (4597761.000.000) 2025-02-02 21:05:42 Job executing on host: <130.199.184.156:9618?addrs=130.199.184.156-9618&alias=spool1765.sdcc.bnl.gov&noUDP&sock=startd_35828_358d>
...
006 (4597761.000.000) 2025-02-02 21:05:51 Image size of job updated: 476112
	336  -  MemoryUsage of job (MB)
	343768  -  ResidentSetSize of job (KB)
...
005 (4597761.000.000) 2025-02-02 21:05:52 Job terminated.
	(1) Normal termination (return value 139)
		Usr 0 00:00:06, Sys 0 00:00:01  -  Run Remote Usage
		Usr 0 00:00:00, Sys 0 00:00:00  -  Run Local Usage
		Usr 0 00:00:06, Sys 0 00:00:01  -  Total Remote Usage
		Usr 0 00:00:00, Sys 0 00:00:00  -  Total Local Usage
	0  -  Run Bytes Sent By Job
	0  -  Run Bytes Received By Job
	0  -  Total Bytes Sent By Job
	0  -  Total Bytes Received By Job
	Partitionable Resources :    Usage  Request Allocated 
	   Cpus                 :                 1         1 
	   Disk (KB)            :        2        2   6681628 
	   Memory (MB)          :      336   128192    128256 
	   xferslots            :                           0 

	Job terminated of its own accord at 2025-02-03T02:05:51Z with exit-code 139.
...
000 (4607478.000.000) 2025-02-03 00:28:45 Job submitted from host: <130.199.48.82:9618?addrs=130.199.48.82-9618&alias=rcas2063.rcf.bnl.gov&noUDP&sock=schedd_23786_1176>
...
