000 (4601552.000.000) 2025-02-02 21:06:09 Job submitted from host: <130.199.48.82:9618?addrs=130.199.48.82-9618&alias=rcas2063.rcf.bnl.gov&noUDP&sock=schedd_23786_1176>
...
001 (4601552.000.000) 2025-02-02 21:10:51 Job executing on host: <130.199.184.215:9618?addrs=130.199.184.215-9618&alias=spool1790.sdcc.bnl.gov&noUDP&sock=startd_35756_6c0e>
...
006 (4601552.000.000) 2025-02-02 21:11:00 Image size of job updated: 575820
	147  -  MemoryUsage of job (MB)
	150196  -  ResidentSetSize of job (KB)
...
005 (4601552.000.000) 2025-02-02 21:11:04 Job terminated.
	(1) Normal termination (return value 139)
		Usr 0 00:00:07, Sys 0 00:00:02  -  Run Remote Usage
		Usr 0 00:00:00, Sys 0 00:00:00  -  Run Local Usage
		Usr 0 00:00:07, Sys 0 00:00:02  -  Total Remote Usage
		Usr 0 00:00:00, Sys 0 00:00:00  -  Total Local Usage
	0  -  Run Bytes Sent By Job
	0  -  Run Bytes Received By Job
	0  -  Total Bytes Sent By Job
	0  -  Total Bytes Received By Job
	Partitionable Resources :    Usage  Request Allocated 
	   Cpus                 :                 1         1 
	   Disk (KB)            :        2        2   6681621 
	   Memory (MB)          :      147   128192    128256 
	   xferslots            :                           0 

	Job terminated of its own accord at 2025-02-03T02:11:03Z with exit-code 139.
...
