000 (4595312.000.000) 2025-01-28 23:08:32 Job submitted from host: <130.199.48.82:9618?addrs=130.199.48.82-9618&alias=rcas2063.rcf.bnl.gov&noUDP&sock=schedd_23786_1176>
...
001 (4595312.000.000) 2025-01-29 01:16:59 Job executing on host: <130.199.151.33:9618?addrs=130.199.151.33-9618&alias=spool1611.sdcc.bnl.gov&noUDP&sock=startd_368_911c>
...
006 (4595312.000.000) 2025-01-29 01:17:08 Image size of job updated: 342688
	74  -  MemoryUsage of job (MB)
	75016  -  ResidentSetSize of job (KB)
...
005 (4595312.000.000) 2025-01-29 01:17:19 Job terminated.
	(1) Normal termination (return value 0)
		Usr 0 00:00:03, Sys 0 00:00:02  -  Run Remote Usage
		Usr 0 00:00:00, Sys 0 00:00:00  -  Run Local Usage
		Usr 0 00:00:03, Sys 0 00:00:02  -  Total Remote Usage
		Usr 0 00:00:00, Sys 0 00:00:00  -  Total Local Usage
	0  -  Run Bytes Sent By Job
	0  -  Run Bytes Received By Job
	0  -  Total Bytes Sent By Job
	0  -  Total Bytes Received By Job
	Partitionable Resources :    Usage  Request Allocated 
	   Cpus                 :                 1         1 
	   Disk (KB)            :        2        2   6681232 
	   Memory (MB)          :       74   128192    128256 
	   xferslots            :                           0 

	Job terminated of its own accord at 2025-01-29T06:17:19Z with exit-code 0.
...
000 (4596333.000.000) 2025-01-30 00:27:16 Job submitted from host: <130.199.48.82:9618?addrs=130.199.48.82-9618&alias=rcas2063.rcf.bnl.gov&noUDP&sock=schedd_23786_1176>
...
001 (4596333.000.000) 2025-01-30 13:18:33 Job executing on host: <130.199.184.156:9618?addrs=130.199.184.156-9618&alias=spool1765.sdcc.bnl.gov&noUDP&sock=startd_35828_358d>
...
006 (4596333.000.000) 2025-01-30 13:18:41 Image size of job updated: 298812
	8  -  MemoryUsage of job (MB)
	7176  -  ResidentSetSize of job (KB)
...
006 (4596333.000.000) 2025-01-30 13:23:41 Image size of job updated: 3523324
	306  -  MemoryUsage of job (MB)
	312716  -  ResidentSetSize of job (KB)
...
006 (4596333.000.000) 2025-01-30 13:28:42 Image size of job updated: 5235260
	1006  -  MemoryUsage of job (MB)
	1029380  -  ResidentSetSize of job (KB)
...
006 (4596333.000.000) 2025-01-30 13:33:42 Image size of job updated: 7118720
	3940  -  MemoryUsage of job (MB)
	4033892  -  ResidentSetSize of job (KB)
...
006 (4596333.000.000) 2025-01-30 13:38:42 Image size of job updated: 8921144
	4960  -  MemoryUsage of job (MB)
	5078676  -  ResidentSetSize of job (KB)
...
006 (4596333.000.000) 2025-01-30 13:43:43 Image size of job updated: 10896324
	7671  -  MemoryUsage of job (MB)
	7854636  -  ResidentSetSize of job (KB)
...
006 (4596333.000.000) 2025-01-30 13:48:44 Image size of job updated: 13415552
	8544  -  MemoryUsage of job (MB)
	8748652  -  ResidentSetSize of job (KB)
...
006 (4596333.000.000) 2025-01-30 13:53:44 Image size of job updated: 14296416
	10734  -  MemoryUsage of job (MB)
	10991016  -  ResidentSetSize of job (KB)
...
006 (4596333.000.000) 2025-01-30 13:58:45 Image size of job updated: 17506992
	12317  -  MemoryUsage of job (MB)
	12612360  -  ResidentSetSize of job (KB)
...
006 (4596333.000.000) 2025-01-30 14:03:46 Image size of job updated: 17906816
	14044  -  MemoryUsage of job (MB)
	14380972  -  ResidentSetSize of job (KB)
...
006 (4596333.000.000) 2025-01-30 14:08:46 Image size of job updated: 21932020
	16879  -  MemoryUsage of job (MB)
	17284072  -  ResidentSetSize of job (KB)
...
006 (4596333.000.000) 2025-01-30 14:13:46 Image size of job updated: 23304740
	19575  -  MemoryUsage of job (MB)
	20044000  -  ResidentSetSize of job (KB)
...
006 (4596333.000.000) 2025-01-30 14:18:47 Image size of job updated: 26750600
	21890  -  MemoryUsage of job (MB)
	22414708  -  ResidentSetSize of job (KB)
...
006 (4596333.000.000) 2025-01-30 14:23:47 Image size of job updated: 28481080
	24869  -  MemoryUsage of job (MB)
	25465384  -  ResidentSetSize of job (KB)
...
006 (4596333.000.000) 2025-01-30 14:28:47 Image size of job updated: 31461348
	26831  -  MemoryUsage of job (MB)
	27474748  -  ResidentSetSize of job (KB)
...
006 (4596333.000.000) 2025-01-30 14:33:48 Image size of job updated: 33157368
	29284  -  MemoryUsage of job (MB)
	29986472  -  ResidentSetSize of job (KB)
...
006 (4596333.000.000) 2025-01-30 14:38:49 Image size of job updated: 36716312
	31608  -  MemoryUsage of job (MB)
	32365632  -  ResidentSetSize of job (KB)
...
006 (4596333.000.000) 2025-01-30 14:43:49 Image size of job updated: 37741208
	33861  -  MemoryUsage of job (MB)
	34673120  -  ResidentSetSize of job (KB)
...
006 (4596333.000.000) 2025-01-30 14:48:50 Image size of job updated: 41146960
	35758  -  MemoryUsage of job (MB)
	36615184  -  ResidentSetSize of job (KB)
...
006 (4596333.000.000) 2025-01-30 14:53:51 Image size of job updated: 42789860
	38571  -  MemoryUsage of job (MB)
	39496284  -  ResidentSetSize of job (KB)
...
006 (4596333.000.000) 2025-01-30 14:58:51 Image size of job updated: 44877936
	39920  -  MemoryUsage of job (MB)
	40877132  -  ResidentSetSize of job (KB)
...
006 (4596333.000.000) 2025-01-30 15:03:52 Image size of job updated: 46882120
	42788  -  MemoryUsage of job (MB)
	43814584  -  ResidentSetSize of job (KB)
...
006 (4596333.000.000) 2025-01-30 15:08:53 Image size of job updated: 49657448
	44690  -  MemoryUsage of job (MB)
	45762396  -  ResidentSetSize of job (KB)
...
006 (4596333.000.000) 2025-01-30 15:13:53 Image size of job updated: 53953712
	48041  -  MemoryUsage of job (MB)
	49193152  -  ResidentSetSize of job (KB)
...
006 (4596333.000.000) 2025-01-30 15:18:53 Image size of job updated: 54808972
	50487  -  MemoryUsage of job (MB)
	51698056  -  ResidentSetSize of job (KB)
...
006 (4596333.000.000) 2025-01-30 15:23:54 Image size of job updated: 58270972
	52621  -  MemoryUsage of job (MB)
	53883064  -  ResidentSetSize of job (KB)
...
006 (4596333.000.000) 2025-01-30 15:28:54 Image size of job updated: 60253172
	55804  -  MemoryUsage of job (MB)
	57142720  -  ResidentSetSize of job (KB)
...
006 (4596333.000.000) 2025-01-30 15:33:54 Image size of job updated: 62700872
	57455  -  MemoryUsage of job (MB)
	58833112  -  ResidentSetSize of job (KB)
...
006 (4596333.000.000) 2025-01-30 15:38:56 Image size of job updated: 65722100
	60201  -  MemoryUsage of job (MB)
	61645140  -  ResidentSetSize of job (KB)
...
006 (4596333.000.000) 2025-01-30 15:43:56 Image size of job updated: 67076556
	62504  -  MemoryUsage of job (MB)
	64003980  -  ResidentSetSize of job (KB)
...
006 (4596333.000.000) 2025-01-30 15:48:56 Image size of job updated: 70440596
	64631  -  MemoryUsage of job (MB)
	66181900  -  ResidentSetSize of job (KB)
...
006 (4596333.000.000) 2025-01-30 15:53:57 Image size of job updated: 72138424
	67551  -  MemoryUsage of job (MB)
	69171840  -  ResidentSetSize of job (KB)
...
006 (4596333.000.000) 2025-01-30 15:58:58 Image size of job updated: 74694256
	68921  -  MemoryUsage of job (MB)
	70574384  -  ResidentSetSize of job (KB)
...
006 (4596333.000.000) 2025-01-30 16:03:58 Image size of job updated: 76755964
	71899  -  MemoryUsage of job (MB)
	73624436  -  ResidentSetSize of job (KB)
...
006 (4596333.000.000) 2025-01-30 16:08:59 Image size of job updated: 79303500
	73252  -  MemoryUsage of job (MB)
	75009416  -  ResidentSetSize of job (KB)
...
006 (4596333.000.000) 2025-01-30 16:14:00 Image size of job updated: 80617872
	75579  -  MemoryUsage of job (MB)
	77392260  -  ResidentSetSize of job (KB)
...
006 (4596333.000.000) 2025-01-30 16:16:26 Image size of job updated: 82391320
	75579  -  MemoryUsage of job (MB)
	77392260  -  ResidentSetSize of job (KB)
...
005 (4596333.000.000) 2025-01-30 16:16:27 Job terminated.
	(1) Normal termination (return value 0)
		Usr 0 02:09:30, Sys 0 00:13:50  -  Run Remote Usage
		Usr 0 00:00:00, Sys 0 00:00:00  -  Run Local Usage
		Usr 0 02:09:30, Sys 0 00:13:50  -  Total Remote Usage
		Usr 0 00:00:00, Sys 0 00:00:00  -  Total Local Usage
	0  -  Run Bytes Sent By Job
	0  -  Run Bytes Received By Job
	0  -  Total Bytes Sent By Job
	0  -  Total Bytes Received By Job
	Partitionable Resources :    Usage  Request Allocated 
	   Cpus                 :     0.89        1         1 
	   Disk (KB)            :     2           2   6681628 
	   Memory (MB)          : 75579      128192    128256 
	   xferslots            :                           0 

	Job terminated of its own accord at 2025-01-30T21:16:26Z with exit-code 0.
...
000 (4597537.000.000) 2025-02-02 20:58:49 Job submitted from host: <130.199.48.82:9618?addrs=130.199.48.82-9618&alias=rcas2063.rcf.bnl.gov&noUDP&sock=schedd_23786_1176>
...
001 (4597537.000.000) 2025-02-02 21:05:05 Job executing on host: <130.199.150.66:9618?addrs=130.199.150.66-9618&alias=spool1547.sdcc.bnl.gov&noUDP&sock=startd_39523_a14a>
...
006 (4597537.000.000) 2025-02-02 21:05:13 Image size of job updated: 2923112
	335  -  MemoryUsage of job (MB)
	342724  -  ResidentSetSize of job (KB)
...
005 (4597537.000.000) 2025-02-02 21:05:13 Job terminated.
	(1) Normal termination (return value 139)
		Usr 0 00:00:05, Sys 0 00:00:02  -  Run Remote Usage
		Usr 0 00:00:00, Sys 0 00:00:00  -  Run Local Usage
		Usr 0 00:00:05, Sys 0 00:00:02  -  Total Remote Usage
		Usr 0 00:00:00, Sys 0 00:00:00  -  Total Local Usage
	0  -  Run Bytes Sent By Job
	0  -  Run Bytes Received By Job
	0  -  Total Bytes Sent By Job
	0  -  Total Bytes Received By Job
	Partitionable Resources :    Usage  Request Allocated 
	   Cpus                 :                 1         1 
	   Disk (KB)            :        2        2   6681236 
	   Memory (MB)          :      335   128192    128256 
	   xferslots            :                           0 

	Job terminated of its own accord at 2025-02-03T02:05:13Z with exit-code 139.
...
