000 (4600361.000.000) 2025-02-02 21:03:49 Job submitted from host: <130.199.48.82:9618?addrs=130.199.48.82-9618&alias=rcas2063.rcf.bnl.gov&noUDP&sock=schedd_23786_1176>
...
001 (4600361.000.000) 2025-02-02 21:09:20 Job executing on host: <130.199.184.205:9618?addrs=130.199.184.205-9618&alias=spool1780.sdcc.bnl.gov&noUDP&sock=startd_62938_2e94>
...
006 (4600361.000.000) 2025-02-02 21:09:28 Image size of job updated: 302672
	175  -  MemoryUsage of job (MB)
	178568  -  ResidentSetSize of job (KB)
...
006 (4600361.000.000) 2025-02-02 21:09:30 Image size of job updated: 469772
	175  -  MemoryUsage of job (MB)
	178948  -  ResidentSetSize of job (KB)
...
005 (4600361.000.000) 2025-02-02 21:09:30 Job terminated.
	(1) Normal termination (return value 139)
		Usr 0 00:00:06, Sys 0 00:00:02  -  Run Remote Usage
		Usr 0 00:00:00, Sys 0 00:00:00  -  Run Local Usage
		Usr 0 00:00:06, Sys 0 00:00:02  -  Total Remote Usage
		Usr 0 00:00:00, Sys 0 00:00:00  -  Total Local Usage
	0  -  Run Bytes Sent By Job
	0  -  Run Bytes Received By Job
	0  -  Total Bytes Sent By Job
	0  -  Total Bytes Received By Job
	Partitionable Resources :    Usage  Request Allocated 
	   Cpus                 :                 1         1 
	   Disk (KB)            :        2        2   6681629 
	   Memory (MB)          :      175   128192    128256 
	   xferslots            :                           0 

	Job terminated of its own accord at 2025-02-03T02:09:30Z with exit-code 139.
...
