000 (4596104.000.000) 2025-01-28 23:09:36 Job submitted from host: <130.199.48.82:9618?addrs=130.199.48.82-9618&alias=rcas2063.rcf.bnl.gov&noUDP&sock=schedd_23786_1176>
...
001 (4596104.000.000) 2025-01-29 01:34:27 Job executing on host: <130.199.151.8:9618?addrs=130.199.151.8-9618&alias=spool1586.sdcc.bnl.gov&noUDP&sock=startd_10002_9b31>
...
006 (4596104.000.000) 2025-01-29 01:34:36 Image size of job updated: 333340
	96  -  MemoryUsage of job (MB)
	97696  -  ResidentSetSize of job (KB)
...
006 (4596104.000.000) 2025-01-29 01:34:40 Image size of job updated: 613168
	96  -  MemoryUsage of job (MB)
	97852  -  ResidentSetSize of job (KB)
...
005 (4596104.000.000) 2025-01-29 01:34:41 Job terminated.
	(1) Normal termination (return value 0)
		Usr 0 00:00:04, Sys 0 00:00:02  -  Run Remote Usage
		Usr 0 00:00:00, Sys 0 00:00:00  -  Run Local Usage
		Usr 0 00:00:04, Sys 0 00:00:02  -  Total Remote Usage
		Usr 0 00:00:00, Sys 0 00:00:00  -  Total Local Usage
	0  -  Run Bytes Sent By Job
	0  -  Run Bytes Received By Job
	0  -  Total Bytes Sent By Job
	0  -  Total Bytes Received By Job
	Partitionable Resources :    Usage  Request Allocated 
	   Cpus                 :                 1         1 
	   Disk (KB)            :        2        2   6681168 
	   Memory (MB)          :       96   128192    128256 
	   xferslots            :                           0 

	Job terminated of its own accord at 2025-01-29T06:34:40Z with exit-code 0.
...
000 (4597125.000.000) 2025-01-30 00:28:34 Job submitted from host: <130.199.48.82:9618?addrs=130.199.48.82-9618&alias=rcas2063.rcf.bnl.gov&noUDP&sock=schedd_23786_1176>
...
009 (4597125.000.000) 2025-01-30 19:29:35 Job was aborted.
	via condor_rm (by user sgross)
...
000 (4598329.000.000) 2025-02-02 21:00:18 Job submitted from host: <130.199.48.82:9618?addrs=130.199.48.82-9618&alias=rcas2063.rcf.bnl.gov&noUDP&sock=schedd_23786_1176>
...
001 (4598329.000.000) 2025-02-02 21:06:39 Job executing on host: <130.199.151.31:9618?addrs=130.199.151.31-9618&alias=spool1609.sdcc.bnl.gov&noUDP&sock=startd_83325_68fb>
...
006 (4598329.000.000) 2025-02-02 21:06:48 Image size of job updated: 298152
	149  -  MemoryUsage of job (MB)
	152416  -  ResidentSetSize of job (KB)
...
006 (4598329.000.000) 2025-02-02 21:06:51 Image size of job updated: 331604
	152  -  MemoryUsage of job (MB)
	155348  -  ResidentSetSize of job (KB)
...
005 (4598329.000.000) 2025-02-02 21:06:52 Job terminated.
	(1) Normal termination (return value 139)
		Usr 0 00:00:06, Sys 0 00:00:02  -  Run Remote Usage
		Usr 0 00:00:00, Sys 0 00:00:00  -  Run Local Usage
		Usr 0 00:00:06, Sys 0 00:00:02  -  Total Remote Usage
		Usr 0 00:00:00, Sys 0 00:00:00  -  Total Local Usage
	0  -  Run Bytes Sent By Job
	0  -  Run Bytes Received By Job
	0  -  Total Bytes Sent By Job
	0  -  Total Bytes Received By Job
	Partitionable Resources :    Usage  Request Allocated 
	   Cpus                 :                 1         1 
	   Disk (KB)            :        2        2   6681213 
	   Memory (MB)          :      152   128192    128256 
	   xferslots            :                           0 

	Job terminated of its own accord at 2025-02-03T02:06:51Z with exit-code 139.
...
000 (4608046.000.000) 2025-02-03 00:29:50 Job submitted from host: <130.199.48.82:9618?addrs=130.199.48.82-9618&alias=rcas2063.rcf.bnl.gov&noUDP&sock=schedd_23786_1176>
...
