000 (4604950.000.000) 2025-02-02 21:16:10 Job submitted from host: <130.199.48.82:9618?addrs=130.199.48.82-9618&alias=rcas2063.rcf.bnl.gov&noUDP&sock=schedd_23786_1176>
...
001 (4604950.000.000) 2025-02-02 21:16:11 Job executing on host: <130.199.207.223:9618?addrs=130.199.207.223-9618&alias=spool1510.sdcc.bnl.gov&noUDP&sock=startd_44340_2655>
...
006 (4604950.000.000) 2025-02-02 21:16:19 Image size of job updated: 424052
	291  -  MemoryUsage of job (MB)
	297768  -  ResidentSetSize of job (KB)
...
006 (4604950.000.000) 2025-02-02 21:16:20 Image size of job updated: 424312
	292  -  MemoryUsage of job (MB)
	297992  -  ResidentSetSize of job (KB)
...
005 (4604950.000.000) 2025-02-02 21:16:20 Job terminated.
	(1) Normal termination (return value 139)
		Usr 0 00:00:06, Sys 0 00:00:02  -  Run Remote Usage
		Usr 0 00:00:00, Sys 0 00:00:00  -  Run Local Usage
		Usr 0 00:00:06, Sys 0 00:00:02  -  Total Remote Usage
		Usr 0 00:00:00, Sys 0 00:00:00  -  Total Local Usage
	0  -  Run Bytes Sent By Job
	0  -  Run Bytes Received By Job
	0  -  Total Bytes Sent By Job
	0  -  Total Bytes Received By Job
	Partitionable Resources :    Usage  Request Allocated 
	   Cpus                 :                 1         1 
	   Disk (KB)            :        2        2   6681171 
	   Memory (MB)          :      292   128192    128256 
	   xferslots            :                           0 

	Job terminated of its own accord at 2025-02-03T02:16:20Z with exit-code 139.
...
