000 (4595646.000.000) 2025-01-28 23:08:59 Job submitted from host: <130.199.48.82:9618?addrs=130.199.48.82-9618&alias=rcas2063.rcf.bnl.gov&noUDP&sock=schedd_23786_1176>
...
001 (4595646.000.000) 2025-01-29 01:27:03 Job executing on host: <130.199.184.158:9618?addrs=130.199.184.158-9618&alias=spool1767.sdcc.bnl.gov&noUDP&sock=startd_62920_7c34>
...
006 (4595646.000.000) 2025-01-29 01:27:12 Image size of job updated: 249160
	141  -  MemoryUsage of job (MB)
	143560  -  ResidentSetSize of job (KB)
...
005 (4595646.000.000) 2025-01-29 01:27:13 Job terminated.
	(1) Normal termination (return value 0)
		Usr 0 00:00:03, Sys 0 00:00:01  -  Run Remote Usage
		Usr 0 00:00:00, Sys 0 00:00:00  -  Run Local Usage
		Usr 0 00:00:03, Sys 0 00:00:01  -  Total Remote Usage
		Usr 0 00:00:00, Sys 0 00:00:00  -  Total Local Usage
	0  -  Run Bytes Sent By Job
	0  -  Run Bytes Received By Job
	0  -  Total Bytes Sent By Job
	0  -  Total Bytes Received By Job
	Partitionable Resources :    Usage  Request Allocated 
	   Cpus                 :                 1         1 
	   Disk (KB)            :        2        2   6681619 
	   Memory (MB)          :      141   128192    128256 
	   xferslots            :                           0 

	Job terminated of its own accord at 2025-01-29T06:27:12Z with exit-code 0.
...
000 (4596667.000.000) 2025-01-30 00:27:49 Job submitted from host: <130.199.48.82:9618?addrs=130.199.48.82-9618&alias=rcas2063.rcf.bnl.gov&noUDP&sock=schedd_23786_1176>
...
001 (4596667.000.000) 2025-01-30 17:08:47 Job executing on host: <130.199.151.32:9618?addrs=130.199.151.32-9618&alias=spool1610.sdcc.bnl.gov&noUDP&sock=startd_73852_533e>
...
006 (4596667.000.000) 2025-01-30 17:08:56 Image size of job updated: 298936
	38  -  MemoryUsage of job (MB)
	38164  -  ResidentSetSize of job (KB)
...
006 (4596667.000.000) 2025-01-30 17:13:56 Image size of job updated: 5161392
	898  -  MemoryUsage of job (MB)
	918804  -  ResidentSetSize of job (KB)
...
006 (4596667.000.000) 2025-01-30 17:18:56 Image size of job updated: 7428252
	4083  -  MemoryUsage of job (MB)
	4180100  -  ResidentSetSize of job (KB)
...
006 (4596667.000.000) 2025-01-30 17:23:57 Image size of job updated: 10064184
	5883  -  MemoryUsage of job (MB)
	6023872  -  ResidentSetSize of job (KB)
...
006 (4596667.000.000) 2025-01-30 17:28:57 Image size of job updated: 12890016
	9019  -  MemoryUsage of job (MB)
	9235064  -  ResidentSetSize of job (KB)
...
006 (4596667.000.000) 2025-01-30 17:33:57 Image size of job updated: 14498320
	10638  -  MemoryUsage of job (MB)
	10893024  -  ResidentSetSize of job (KB)
...
006 (4596667.000.000) 2025-01-30 17:38:58 Image size of job updated: 18059912
	13972  -  MemoryUsage of job (MB)
	14307240  -  ResidentSetSize of job (KB)
...
006 (4596667.000.000) 2025-01-30 17:43:58 Image size of job updated: 19571020
	15682  -  MemoryUsage of job (MB)
	16058028  -  ResidentSetSize of job (KB)
...
006 (4596667.000.000) 2025-01-30 17:48:58 Image size of job updated: 23249920
	18151  -  MemoryUsage of job (MB)
	18585744  -  ResidentSetSize of job (KB)
...
006 (4596667.000.000) 2025-01-30 17:53:59 Image size of job updated: 24531004
	20890  -  MemoryUsage of job (MB)
	21391056  -  ResidentSetSize of job (KB)
...
006 (4596667.000.000) 2025-01-30 17:59:00 Image size of job updated: 27567892
	23051  -  MemoryUsage of job (MB)
	23603840  -  ResidentSetSize of job (KB)
...
006 (4596667.000.000) 2025-01-30 18:04:00 Image size of job updated: 30332116
	26231  -  MemoryUsage of job (MB)
	26859996  -  ResidentSetSize of job (KB)
...
006 (4596667.000.000) 2025-01-30 18:09:01 Image size of job updated: 32432696
	28734  -  MemoryUsage of job (MB)
	29422604  -  ResidentSetSize of job (KB)
...
006 (4596667.000.000) 2025-01-30 18:14:02 Image size of job updated: 35053576
	30837  -  MemoryUsage of job (MB)
	31576160  -  ResidentSetSize of job (KB)
...
006 (4596667.000.000) 2025-01-30 18:19:02 Image size of job updated: 38460160
	34458  -  MemoryUsage of job (MB)
	35284100  -  ResidentSetSize of job (KB)
...
006 (4596667.000.000) 2025-01-30 18:24:03 Image size of job updated: 40442708
	36369  -  MemoryUsage of job (MB)
	37241508  -  ResidentSetSize of job (KB)
...
006 (4596667.000.000) 2025-01-30 18:29:04 Image size of job updated: 44541260
	38995  -  MemoryUsage of job (MB)
	39930624  -  ResidentSetSize of job (KB)
...
006 (4596667.000.000) 2025-01-30 18:34:04 Image size of job updated: 45965552
	41855  -  MemoryUsage of job (MB)
	42858648  -  ResidentSetSize of job (KB)
...
006 (4596667.000.000) 2025-01-30 18:39:05 Image size of job updated: 49568912
	44471  -  MemoryUsage of job (MB)
	45537284  -  ResidentSetSize of job (KB)
...
006 (4596667.000.000) 2025-01-30 18:44:06 Image size of job updated: 53519832
	48072  -  MemoryUsage of job (MB)
	49225568  -  ResidentSetSize of job (KB)
...
006 (4596667.000.000) 2025-01-30 18:49:06 Image size of job updated: 55120352
	50730  -  MemoryUsage of job (MB)
	51947488  -  ResidentSetSize of job (KB)
...
006 (4596667.000.000) 2025-01-30 18:54:07 Image size of job updated: 57774476
	53198  -  MemoryUsage of job (MB)
	54473868  -  ResidentSetSize of job (KB)
...
006 (4596667.000.000) 2025-01-30 18:59:08 Image size of job updated: 61453736
	56354  -  MemoryUsage of job (MB)
	57705632  -  ResidentSetSize of job (KB)
...
006 (4596667.000.000) 2025-01-30 19:04:08 Image size of job updated: 65096224
	59332  -  MemoryUsage of job (MB)
	60755552  -  ResidentSetSize of job (KB)
...
006 (4596667.000.000) 2025-01-30 19:09:08 Image size of job updated: 67108836
	62551  -  MemoryUsage of job (MB)
	64051752  -  ResidentSetSize of job (KB)
...
006 (4596667.000.000) 2025-01-30 19:10:28 Image size of job updated: 68567940
	62551  -  MemoryUsage of job (MB)
	64051752  -  ResidentSetSize of job (KB)
...
005 (4596667.000.000) 2025-01-30 19:10:28 Job terminated.
	(1) Normal termination (return value 0)
		Usr 0 01:39:29, Sys 0 00:09:39  -  Run Remote Usage
		Usr 0 00:00:00, Sys 0 00:00:00  -  Run Local Usage
		Usr 0 01:39:29, Sys 0 00:09:39  -  Total Remote Usage
		Usr 0 00:00:00, Sys 0 00:00:00  -  Total Local Usage
	0  -  Run Bytes Sent By Job
	0  -  Run Bytes Received By Job
	0  -  Total Bytes Sent By Job
	0  -  Total Bytes Received By Job
	Partitionable Resources :    Usage  Request Allocated 
	   Cpus                 :     1.00        1         1 
	   Disk (KB)            :     2           2   6681229 
	   Memory (MB)          : 62551      128192    128256 
	   xferslots            :                           0 

	Job terminated of its own accord at 2025-01-31T00:10:28Z with exit-code 0.
...
000 (4597871.000.000) 2025-02-02 20:59:26 Job submitted from host: <130.199.48.82:9618?addrs=130.199.48.82-9618&alias=rcas2063.rcf.bnl.gov&noUDP&sock=schedd_23786_1176>
...
001 (4597871.000.000) 2025-02-02 21:05:55 Job executing on host: <130.199.186.28:9618?addrs=130.199.186.28-9618&alias=spool1825.sdcc.bnl.gov&noUDP&sock=startd_62164_3881>
...
006 (4597871.000.000) 2025-02-02 21:06:03 Image size of job updated: 469456
	335  -  MemoryUsage of job (MB)
	342920  -  ResidentSetSize of job (KB)
...
005 (4597871.000.000) 2025-02-02 21:06:04 Job terminated.
	(1) Normal termination (return value 139)
		Usr 0 00:00:05, Sys 0 00:00:02  -  Run Remote Usage
		Usr 0 00:00:00, Sys 0 00:00:00  -  Run Local Usage
		Usr 0 00:00:05, Sys 0 00:00:02  -  Total Remote Usage
		Usr 0 00:00:00, Sys 0 00:00:00  -  Total Local Usage
	0  -  Run Bytes Sent By Job
	0  -  Run Bytes Received By Job
	0  -  Total Bytes Sent By Job
	0  -  Total Bytes Received By Job
	Partitionable Resources :    Usage  Request Allocated 
	   Cpus                 :                 1         1 
	   Disk (KB)            :        2        2   6681629 
	   Memory (MB)          :      335   128192    128256 
	   xferslots            :                           0 

	Job terminated of its own accord at 2025-02-03T02:06:03Z with exit-code 139.
...
000 (4607588.000.000) 2025-02-03 00:28:58 Job submitted from host: <130.199.48.82:9618?addrs=130.199.48.82-9618&alias=rcas2063.rcf.bnl.gov&noUDP&sock=schedd_23786_1176>
...
