000 (4604044.000.000) 2025-02-02 21:14:12 Job submitted from host: <130.199.48.82:9618?addrs=130.199.48.82-9618&alias=rcas2063.rcf.bnl.gov&noUDP&sock=schedd_23786_1176>
...
001 (4604044.000.000) 2025-02-02 21:14:16 Job executing on host: <130.199.186.68:9618?addrs=130.199.186.68-9618&alias=spool1831.sdcc.bnl.gov&noUDP&sock=startd_55842_6335>
...
006 (4604044.000.000) 2025-02-02 21:14:25 Image size of job updated: 443892
	306  -  MemoryUsage of job (MB)
	312832  -  ResidentSetSize of job (KB)
...
006 (4604044.000.000) 2025-02-02 21:14:26 Image size of job updated: 444332
	306  -  MemoryUsage of job (MB)
	313272  -  ResidentSetSize of job (KB)
...
005 (4604044.000.000) 2025-02-02 21:14:27 Job terminated.
	(1) Normal termination (return value 139)
		Usr 0 00:00:04, Sys 0 00:00:02  -  Run Remote Usage
		Usr 0 00:00:00, Sys 0 00:00:00  -  Run Local Usage
		Usr 0 00:00:04, Sys 0 00:00:02  -  Total Remote Usage
		Usr 0 00:00:00, Sys 0 00:00:00  -  Total Local Usage
	0  -  Run Bytes Sent By Job
	0  -  Run Bytes Received By Job
	0  -  Total Bytes Sent By Job
	0  -  Total Bytes Received By Job
	Partitionable Resources :    Usage  Request Allocated 
	   Cpus                 :                 1         1 
	   Disk (KB)            :        2        2   6681625 
	   Memory (MB)          :      306   128192    128256 
	   xferslots            :                           0 

	Job terminated of its own accord at 2025-02-03T02:14:26Z with exit-code 139.
...
