000 (4598498.000.000) 2025-02-02 21:00:36 Job submitted from host: <130.199.48.82:9618?addrs=130.199.48.82-9618&alias=rcas2063.rcf.bnl.gov&noUDP&sock=schedd_23786_1176>
...
001 (4598498.000.000) 2025-02-02 21:06:53 Job executing on host: <130.199.184.153:9618?addrs=130.199.184.153-9618&alias=spool1762.sdcc.bnl.gov&noUDP&sock=startd_50639_b426>
...
006 (4598498.000.000) 2025-02-02 21:07:01 Image size of job updated: 553424
	333  -  MemoryUsage of job (MB)
	340464  -  ResidentSetSize of job (KB)
...
006 (4598498.000.000) 2025-02-02 21:07:02 Image size of job updated: 553424
	333  -  MemoryUsage of job (MB)
	340484  -  ResidentSetSize of job (KB)
...
005 (4598498.000.000) 2025-02-02 21:07:03 Job terminated.
	(1) Normal termination (return value 139)
		Usr 0 00:00:06, Sys 0 00:00:02  -  Run Remote Usage
		Usr 0 00:00:00, Sys 0 00:00:00  -  Run Local Usage
		Usr 0 00:00:06, Sys 0 00:00:02  -  Total Remote Usage
		Usr 0 00:00:00, Sys 0 00:00:00  -  Total Local Usage
	0  -  Run Bytes Sent By Job
	0  -  Run Bytes Received By Job
	0  -  Total Bytes Sent By Job
	0  -  Total Bytes Received By Job
	Partitionable Resources :    Usage  Request Allocated 
	   Cpus                 :                 1         1 
	   Disk (KB)            :        2        2   6681619 
	   Memory (MB)          :      333   128192    128256 
	   xferslots            :                           0 

	Job terminated of its own accord at 2025-02-03T02:07:02Z with exit-code 139.
...
