000 (4595608.000.000) 2025-01-28 23:08:55 Job submitted from host: <130.199.48.82:9618?addrs=130.199.48.82-9618&alias=rcas2063.rcf.bnl.gov&noUDP&sock=schedd_23786_1176>
...
001 (4595608.000.000) 2025-01-29 01:26:21 Job executing on host: <130.199.151.8:9618?addrs=130.199.151.8-9618&alias=spool1586.sdcc.bnl.gov&noUDP&sock=startd_10002_9b31>
...
006 (4595608.000.000) 2025-01-29 01:26:30 Image size of job updated: 575812
	90  -  MemoryUsage of job (MB)
	91784  -  ResidentSetSize of job (KB)
...
005 (4595608.000.000) 2025-01-29 01:26:34 Job terminated.
	(1) Normal termination (return value 0)
		Usr 0 00:00:04, Sys 0 00:00:01  -  Run Remote Usage
		Usr 0 00:00:00, Sys 0 00:00:00  -  Run Local Usage
		Usr 0 00:00:04, Sys 0 00:00:01  -  Total Remote Usage
		Usr 0 00:00:00, Sys 0 00:00:00  -  Total Local Usage
	0  -  Run Bytes Sent By Job
	0  -  Run Bytes Received By Job
	0  -  Total Bytes Sent By Job
	0  -  Total Bytes Received By Job
	Partitionable Resources :    Usage  Request Allocated 
	   Cpus                 :                 1         1 
	   Disk (KB)            :        2        2   6681168 
	   Memory (MB)          :       90   128192    128256 
	   xferslots            :                           0 

	Job terminated of its own accord at 2025-01-29T06:26:34Z with exit-code 0.
...
000 (4596629.000.000) 2025-01-30 00:27:45 Job submitted from host: <130.199.48.82:9618?addrs=130.199.48.82-9618&alias=rcas2063.rcf.bnl.gov&noUDP&sock=schedd_23786_1176>
...
001 (4596629.000.000) 2025-01-30 16:45:14 Job executing on host: <130.199.150.88:9618?addrs=130.199.150.88-9618&alias=spool1569.sdcc.bnl.gov&noUDP&sock=startd_33698_1751>
...
006 (4596629.000.000) 2025-01-30 16:45:24 Image size of job updated: 110008
	59  -  MemoryUsage of job (MB)
	60004  -  ResidentSetSize of job (KB)
...
006 (4596629.000.000) 2025-01-30 16:50:24 Image size of job updated: 5179172
	764  -  MemoryUsage of job (MB)
	781676  -  ResidentSetSize of job (KB)
...
006 (4596629.000.000) 2025-01-30 16:55:24 Image size of job updated: 7526496
	4282  -  MemoryUsage of job (MB)
	4384284  -  ResidentSetSize of job (KB)
...
006 (4596629.000.000) 2025-01-30 17:00:25 Image size of job updated: 9642584
	5931  -  MemoryUsage of job (MB)
	6072824  -  ResidentSetSize of job (KB)
...
006 (4596629.000.000) 2025-01-30 17:05:26 Image size of job updated: 13464040
	8659  -  MemoryUsage of job (MB)
	8865808  -  ResidentSetSize of job (KB)
...
006 (4596629.000.000) 2025-01-30 17:10:26 Image size of job updated: 14777020
	11542  -  MemoryUsage of job (MB)
	11818816  -  ResidentSetSize of job (KB)
...
006 (4596629.000.000) 2025-01-30 17:15:28 Image size of job updated: 17526884
	13330  -  MemoryUsage of job (MB)
	13649304  -  ResidentSetSize of job (KB)
...
006 (4596629.000.000) 2025-01-30 17:20:28 Image size of job updated: 21415816
	16210  -  MemoryUsage of job (MB)
	16598280  -  ResidentSetSize of job (KB)
...
006 (4596629.000.000) 2025-01-30 17:25:28 Image size of job updated: 22303168
	18144  -  MemoryUsage of job (MB)
	18579320  -  ResidentSetSize of job (KB)
...
006 (4596629.000.000) 2025-01-30 17:30:29 Image size of job updated: 26336396
	20828  -  MemoryUsage of job (MB)
	21327052  -  ResidentSetSize of job (KB)
...
006 (4596629.000.000) 2025-01-30 17:35:30 Image size of job updated: 26733076
	22667  -  MemoryUsage of job (MB)
	23210080  -  ResidentSetSize of job (KB)
...
006 (4596629.000.000) 2025-01-30 17:40:30 Image size of job updated: 29946348
	24896  -  MemoryUsage of job (MB)
	25493248  -  ResidentSetSize of job (KB)
...
006 (4596629.000.000) 2025-01-30 17:45:31 Image size of job updated: 30945736
	27303  -  MemoryUsage of job (MB)
	27957852  -  ResidentSetSize of job (KB)
...
006 (4596629.000.000) 2025-01-30 17:50:32 Image size of job updated: 34641012
	29363  -  MemoryUsage of job (MB)
	30067144  -  ResidentSetSize of job (KB)
...
006 (4596629.000.000) 2025-01-30 17:55:32 Image size of job updated: 35532984
	31615  -  MemoryUsage of job (MB)
	32373532  -  ResidentSetSize of job (KB)
...
006 (4596629.000.000) 2025-01-30 18:00:32 Image size of job updated: 39607940
	33775  -  MemoryUsage of job (MB)
	34585340  -  ResidentSetSize of job (KB)
...
006 (4596629.000.000) 2025-01-30 18:05:33 Image size of job updated: 40679916
	36302  -  MemoryUsage of job (MB)
	37172488  -  ResidentSetSize of job (KB)
...
006 (4596629.000.000) 2025-01-30 18:08:36 Image size of job updated: 42495396
	36302  -  MemoryUsage of job (MB)
	37172488  -  ResidentSetSize of job (KB)
...
005 (4596629.000.000) 2025-01-30 18:08:36 Job terminated.
	(1) Normal termination (return value 0)
		Usr 0 00:58:03, Sys 0 00:06:55  -  Run Remote Usage
		Usr 0 00:00:00, Sys 0 00:00:00  -  Run Local Usage
		Usr 0 00:58:03, Sys 0 00:06:55  -  Total Remote Usage
		Usr 0 00:00:00, Sys 0 00:00:00  -  Total Local Usage
	0  -  Run Bytes Sent By Job
	0  -  Run Bytes Received By Job
	0  -  Total Bytes Sent By Job
	0  -  Total Bytes Received By Job
	Partitionable Resources :    Usage  Request Allocated 
	   Cpus                 :     0.84        1         1 
	   Disk (KB)            :     2           2   6681235 
	   Memory (MB)          : 36302      128192    128256 
	   xferslots            :                           0 

	Job terminated of its own accord at 2025-01-30T23:08:35Z with exit-code 0.
...
000 (4597833.000.000) 2025-02-02 20:59:22 Job submitted from host: <130.199.48.82:9618?addrs=130.199.48.82-9618&alias=rcas2063.rcf.bnl.gov&noUDP&sock=schedd_23786_1176>
...
001 (4597833.000.000) 2025-02-02 21:05:50 Job executing on host: <130.199.207.223:9618?addrs=130.199.207.223-9618&alias=spool1510.sdcc.bnl.gov&noUDP&sock=startd_44340_2655>
...
006 (4597833.000.000) 2025-02-02 21:05:59 Image size of job updated: 272232
	140  -  MemoryUsage of job (MB)
	142636  -  ResidentSetSize of job (KB)
...
006 (4597833.000.000) 2025-02-02 21:06:03 Image size of job updated: 316868
	140  -  MemoryUsage of job (MB)
	142736  -  ResidentSetSize of job (KB)
...
005 (4597833.000.000) 2025-02-02 21:06:03 Job terminated.
	(1) Normal termination (return value 139)
		Usr 0 00:00:05, Sys 0 00:00:02  -  Run Remote Usage
		Usr 0 00:00:00, Sys 0 00:00:00  -  Run Local Usage
		Usr 0 00:00:05, Sys 0 00:00:02  -  Total Remote Usage
		Usr 0 00:00:00, Sys 0 00:00:00  -  Total Local Usage
	0  -  Run Bytes Sent By Job
	0  -  Run Bytes Received By Job
	0  -  Total Bytes Sent By Job
	0  -  Total Bytes Received By Job
	Partitionable Resources :    Usage  Request Allocated 
	   Cpus                 :                 1         1 
	   Disk (KB)            :        2        2   6681171 
	   Memory (MB)          :      140   128192    128256 
	   xferslots            :                           0 

	Job terminated of its own accord at 2025-02-03T02:06:03Z with exit-code 139.
...
000 (4607550.000.000) 2025-02-03 00:28:53 Job submitted from host: <130.199.48.82:9618?addrs=130.199.48.82-9618&alias=rcas2063.rcf.bnl.gov&noUDP&sock=schedd_23786_1176>
...
