000 (4595454.000.000) 2025-01-28 23:08:43 Job submitted from host: <130.199.48.82:9618?addrs=130.199.48.82-9618&alias=rcas2063.rcf.bnl.gov&noUDP&sock=schedd_23786_1176>
...
001 (4595454.000.000) 2025-01-29 01:23:17 Job executing on host: <130.199.151.33:9618?addrs=130.199.151.33-9618&alias=spool1611.sdcc.bnl.gov&noUDP&sock=startd_368_911c>
...
006 (4595454.000.000) 2025-01-29 01:23:26 Image size of job updated: 324284
	86  -  MemoryUsage of job (MB)
	87944  -  ResidentSetSize of job (KB)
...
006 (4595454.000.000) 2025-01-29 01:23:38 Image size of job updated: 2934664
	86  -  MemoryUsage of job (MB)
	87944  -  ResidentSetSize of job (KB)
...
005 (4595454.000.000) 2025-01-29 01:23:38 Job terminated.
	(1) Normal termination (return value 0)
		Usr 0 00:00:03, Sys 0 00:00:01  -  Run Remote Usage
		Usr 0 00:00:00, Sys 0 00:00:00  -  Run Local Usage
		Usr 0 00:00:03, Sys 0 00:00:01  -  Total Remote Usage
		Usr 0 00:00:00, Sys 0 00:00:00  -  Total Local Usage
	0  -  Run Bytes Sent By Job
	0  -  Run Bytes Received By Job
	0  -  Total Bytes Sent By Job
	0  -  Total Bytes Received By Job
	Partitionable Resources :    Usage  Request Allocated 
	   Cpus                 :                 1         1 
	   Disk (KB)            :        2        2   6681232 
	   Memory (MB)          :       86   128192    128256 
	   xferslots            :                           0 

	Job terminated of its own accord at 2025-01-29T06:23:38Z with exit-code 0.
...
000 (4596475.000.000) 2025-01-30 00:27:30 Job submitted from host: <130.199.48.82:9618?addrs=130.199.48.82-9618&alias=rcas2063.rcf.bnl.gov&noUDP&sock=schedd_23786_1176>
...
001 (4596475.000.000) 2025-01-30 14:56:45 Job executing on host: <130.199.186.92:9618?addrs=130.199.186.92-9618&alias=spool1855.sdcc.bnl.gov&noUDP&sock=startd_51230_bf6c>
...
006 (4596475.000.000) 2025-01-30 14:56:54 Image size of job updated: 117752
	64  -  MemoryUsage of job (MB)
	64900  -  ResidentSetSize of job (KB)
...
006 (4596475.000.000) 2025-01-30 15:01:55 Image size of job updated: 4782144
	964  -  MemoryUsage of job (MB)
	986740  -  ResidentSetSize of job (KB)
...
006 (4596475.000.000) 2025-01-30 15:06:56 Image size of job updated: 9224104
	4351  -  MemoryUsage of job (MB)
	4455028  -  ResidentSetSize of job (KB)
...
006 (4596475.000.000) 2025-01-30 15:11:56 Image size of job updated: 10392736
	7188  -  MemoryUsage of job (MB)
	7360112  -  ResidentSetSize of job (KB)
...
006 (4596475.000.000) 2025-01-30 15:16:56 Image size of job updated: 13428196
	10089  -  MemoryUsage of job (MB)
	10330620  -  ResidentSetSize of job (KB)
...
006 (4596475.000.000) 2025-01-30 15:21:57 Image size of job updated: 16944552
	12850  -  MemoryUsage of job (MB)
	13157748  -  ResidentSetSize of job (KB)
...
006 (4596475.000.000) 2025-01-30 15:26:57 Image size of job updated: 21147936
	16223  -  MemoryUsage of job (MB)
	16611336  -  ResidentSetSize of job (KB)
...
006 (4596475.000.000) 2025-01-30 15:31:57 Image size of job updated: 23096040
	19483  -  MemoryUsage of job (MB)
	19950228  -  ResidentSetSize of job (KB)
...
006 (4596475.000.000) 2025-01-30 15:36:58 Image size of job updated: 25862192
	21973  -  MemoryUsage of job (MB)
	22499736  -  ResidentSetSize of job (KB)
...
006 (4596475.000.000) 2025-01-30 15:41:58 Image size of job updated: 29668860
	24718  -  MemoryUsage of job (MB)
	25311180  -  ResidentSetSize of job (KB)
...
006 (4596475.000.000) 2025-01-30 15:46:58 Image size of job updated: 32860428
	28414  -  MemoryUsage of job (MB)
	29095768  -  ResidentSetSize of job (KB)
...
006 (4596475.000.000) 2025-01-30 15:51:59 Image size of job updated: 34778684
	31025  -  MemoryUsage of job (MB)
	31769016  -  ResidentSetSize of job (KB)
...
006 (4596475.000.000) 2025-01-30 15:56:59 Image size of job updated: 38264444
	33439  -  MemoryUsage of job (MB)
	34241440  -  ResidentSetSize of job (KB)
...
006 (4596475.000.000) 2025-01-30 16:01:28 Image size of job updated: 40771824
	33439  -  MemoryUsage of job (MB)
	34241440  -  ResidentSetSize of job (KB)
...
005 (4596475.000.000) 2025-01-30 16:01:28 Job terminated.
	(1) Normal termination (return value 0)
		Usr 0 00:54:15, Sys 0 00:06:15  -  Run Remote Usage
		Usr 0 00:00:00, Sys 0 00:00:00  -  Run Local Usage
		Usr 0 00:54:15, Sys 0 00:06:15  -  Total Remote Usage
		Usr 0 00:00:00, Sys 0 00:00:00  -  Total Local Usage
	0  -  Run Bytes Sent By Job
	0  -  Run Bytes Received By Job
	0  -  Total Bytes Sent By Job
	0  -  Total Bytes Received By Job
	Partitionable Resources :    Usage  Request Allocated 
	   Cpus                 :     0.87        1         1 
	   Disk (KB)            :     2           2   6681629 
	   Memory (MB)          : 33439      128192    128256 
	   xferslots            :                           0 

	Job terminated of its own accord at 2025-01-30T21:01:28Z with exit-code 0.
...
000 (4597679.000.000) 2025-02-02 20:59:05 Job submitted from host: <130.199.48.82:9618?addrs=130.199.48.82-9618&alias=rcas2063.rcf.bnl.gov&noUDP&sock=schedd_23786_1176>
...
001 (4597679.000.000) 2025-02-02 21:05:29 Job executing on host: <130.199.186.21:9618?addrs=130.199.186.21-9618&alias=spool1818.sdcc.bnl.gov&noUDP&sock=startd_15937_f573>
...
006 (4597679.000.000) 2025-02-02 21:05:37 Image size of job updated: 2943824
	0  -  MemoryUsage of job (MB)
	0  -  ResidentSetSize of job (KB)
...
005 (4597679.000.000) 2025-02-02 21:05:37 Job terminated.
	(1) Normal termination (return value 139)
		Usr 0 00:00:05, Sys 0 00:00:01  -  Run Remote Usage
		Usr 0 00:00:00, Sys 0 00:00:00  -  Run Local Usage
		Usr 0 00:00:05, Sys 0 00:00:01  -  Total Remote Usage
		Usr 0 00:00:00, Sys 0 00:00:00  -  Total Local Usage
	0  -  Run Bytes Sent By Job
	0  -  Run Bytes Received By Job
	0  -  Total Bytes Sent By Job
	0  -  Total Bytes Received By Job
	Partitionable Resources :    Usage  Request Allocated 
	   Cpus                 :                 1         1 
	   Disk (KB)            :        2        2   6681615 
	   Memory (MB)          :        0   128192    128256 
	   xferslots            :                           0 

	Job terminated of its own accord at 2025-02-03T02:05:37Z with exit-code 139.
...
