000 (4595533.000.000) 2025-01-28 23:08:50 Job submitted from host: <130.199.48.82:9618?addrs=130.199.48.82-9618&alias=rcas2063.rcf.bnl.gov&noUDP&sock=schedd_23786_1176>
...
001 (4595533.000.000) 2025-01-29 01:25:04 Job executing on host: <130.199.186.28:9618?addrs=130.199.186.28-9618&alias=spool1825.sdcc.bnl.gov&noUDP&sock=startd_62164_3881>
...
006 (4595533.000.000) 2025-01-29 01:25:12 Image size of job updated: 406952
	112  -  MemoryUsage of job (MB)
	113740  -  ResidentSetSize of job (KB)
...
006 (4595533.000.000) 2025-01-29 01:25:15 Image size of job updated: 406952
	112  -  MemoryUsage of job (MB)
	113852  -  ResidentSetSize of job (KB)
...
005 (4595533.000.000) 2025-01-29 01:25:15 Job terminated.
	(1) Normal termination (return value 0)
		Usr 0 00:00:04, Sys 0 00:00:01  -  Run Remote Usage
		Usr 0 00:00:00, Sys 0 00:00:00  -  Run Local Usage
		Usr 0 00:00:04, Sys 0 00:00:01  -  Total Remote Usage
		Usr 0 00:00:00, Sys 0 00:00:00  -  Total Local Usage
	0  -  Run Bytes Sent By Job
	0  -  Run Bytes Received By Job
	0  -  Total Bytes Sent By Job
	0  -  Total Bytes Received By Job
	Partitionable Resources :    Usage  Request Allocated 
	   Cpus                 :                 1         1 
	   Disk (KB)            :        2        2   6681629 
	   Memory (MB)          :      112   128192    128256 
	   xferslots            :                           0 

	Job terminated of its own accord at 2025-01-29T06:25:15Z with exit-code 0.
...
000 (4596554.000.000) 2025-01-30 00:27:38 Job submitted from host: <130.199.48.82:9618?addrs=130.199.48.82-9618&alias=rcas2063.rcf.bnl.gov&noUDP&sock=schedd_23786_1176>
...
001 (4596554.000.000) 2025-01-30 15:53:00 Job executing on host: <130.199.184.208:9618?addrs=130.199.184.208-9618&alias=spool1783.sdcc.bnl.gov&noUDP&sock=startd_90378_9875>
...
006 (4596554.000.000) 2025-01-30 15:53:09 Image size of job updated: 325368
	67  -  MemoryUsage of job (MB)
	68292  -  ResidentSetSize of job (KB)
...
006 (4596554.000.000) 2025-01-30 15:58:10 Image size of job updated: 4526064
	524  -  MemoryUsage of job (MB)
	536252  -  ResidentSetSize of job (KB)
...
006 (4596554.000.000) 2025-01-30 16:03:11 Image size of job updated: 7486232
	4214  -  MemoryUsage of job (MB)
	4314180  -  ResidentSetSize of job (KB)
...
006 (4596554.000.000) 2025-01-30 16:08:11 Image size of job updated: 10190724
	6835  -  MemoryUsage of job (MB)
	6998164  -  ResidentSetSize of job (KB)
...
006 (4596554.000.000) 2025-01-30 16:13:12 Image size of job updated: 14150876
	9876  -  MemoryUsage of job (MB)
	10112736  -  ResidentSetSize of job (KB)
...
006 (4596554.000.000) 2025-01-30 16:18:13 Image size of job updated: 18461640
	13298  -  MemoryUsage of job (MB)
	13616904  -  ResidentSetSize of job (KB)
...
006 (4596554.000.000) 2025-01-30 16:23:13 Image size of job updated: 20606812
	17109  -  MemoryUsage of job (MB)
	17518620  -  ResidentSetSize of job (KB)
...
006 (4596554.000.000) 2025-01-30 16:28:13 Image size of job updated: 23074848
	19381  -  MemoryUsage of job (MB)
	19845532  -  ResidentSetSize of job (KB)
...
006 (4596554.000.000) 2025-01-30 16:33:14 Image size of job updated: 26783016
	21843  -  MemoryUsage of job (MB)
	22366704  -  ResidentSetSize of job (KB)
...
006 (4596554.000.000) 2025-01-30 16:38:14 Image size of job updated: 29315544
	25554  -  MemoryUsage of job (MB)
	26166576  -  ResidentSetSize of job (KB)
...
006 (4596554.000.000) 2025-01-30 16:43:14 Image size of job updated: 31895384
	27983  -  MemoryUsage of job (MB)
	28653572  -  ResidentSetSize of job (KB)
...
006 (4596554.000.000) 2025-01-30 16:48:15 Image size of job updated: 35867556
	30605  -  MemoryUsage of job (MB)
	31339124  -  ResidentSetSize of job (KB)
...
006 (4596554.000.000) 2025-01-30 16:53:16 Image size of job updated: 38441780
	34454  -  MemoryUsage of job (MB)
	35280120  -  ResidentSetSize of job (KB)
...
006 (4596554.000.000) 2025-01-30 16:58:16 Image size of job updated: 40757020
	36565  -  MemoryUsage of job (MB)
	37441988  -  ResidentSetSize of job (KB)
...
006 (4596554.000.000) 2025-01-30 17:03:17 Image size of job updated: 44561352
	39173  -  MemoryUsage of job (MB)
	40113128  -  ResidentSetSize of job (KB)
...
006 (4596554.000.000) 2025-01-30 17:08:18 Image size of job updated: 46158316
	42059  -  MemoryUsage of job (MB)
	43067996  -  ResidentSetSize of job (KB)
...
006 (4596554.000.000) 2025-01-30 17:13:18 Image size of job updated: 49062688
	43646  -  MemoryUsage of job (MB)
	44692660  -  ResidentSetSize of job (KB)
...
006 (4596554.000.000) 2025-01-30 17:18:18 Image size of job updated: 50642168
	46039  -  MemoryUsage of job (MB)
	47143568  -  ResidentSetSize of job (KB)
...
006 (4596554.000.000) 2025-01-30 17:23:19 Image size of job updated: 53949600
	48051  -  MemoryUsage of job (MB)
	49203792  -  ResidentSetSize of job (KB)
...
006 (4596554.000.000) 2025-01-30 17:28:19 Image size of job updated: 55090108
	50457  -  MemoryUsage of job (MB)
	51667420  -  ResidentSetSize of job (KB)
...
006 (4596554.000.000) 2025-01-30 17:33:19 Image size of job updated: 58398612
	52272  -  MemoryUsage of job (MB)
	53526400  -  ResidentSetSize of job (KB)
...
006 (4596554.000.000) 2025-01-30 17:38:20 Image size of job updated: 59307488
	54414  -  MemoryUsage of job (MB)
	55719484  -  ResidentSetSize of job (KB)
...
006 (4596554.000.000) 2025-01-30 17:42:29 Image size of job updated: 62094352
	54414  -  MemoryUsage of job (MB)
	55719484  -  ResidentSetSize of job (KB)
...
005 (4596554.000.000) 2025-01-30 17:42:29 Job terminated.
	(1) Normal termination (return value 0)
		Usr 0 01:28:05, Sys 0 00:09:59  -  Run Remote Usage
		Usr 0 00:00:00, Sys 0 00:00:00  -  Run Local Usage
		Usr 0 01:28:05, Sys 0 00:09:59  -  Total Remote Usage
		Usr 0 00:00:00, Sys 0 00:00:00  -  Total Local Usage
	0  -  Run Bytes Sent By Job
	0  -  Run Bytes Received By Job
	0  -  Total Bytes Sent By Job
	0  -  Total Bytes Received By Job
	Partitionable Resources :    Usage  Request Allocated 
	   Cpus                 :     0.88        1         1 
	   Disk (KB)            :     2           2   6681628 
	   Memory (MB)          : 54414      128192    128256 
	   xferslots            :                           0 

	Job terminated of its own accord at 2025-01-30T22:42:29Z with exit-code 0.
...
000 (4597758.000.000) 2025-02-02 20:59:14 Job submitted from host: <130.199.48.82:9618?addrs=130.199.48.82-9618&alias=rcas2063.rcf.bnl.gov&noUDP&sock=schedd_23786_1176>
...
001 (4597758.000.000) 2025-02-02 21:05:42 Job executing on host: <130.199.186.74:9618?addrs=130.199.186.74-9618&alias=spool1837.sdcc.bnl.gov&noUDP&sock=startd_53209_1386>
...
006 (4597758.000.000) 2025-02-02 21:05:51 Image size of job updated: 2943840
	0  -  MemoryUsage of job (MB)
	0  -  ResidentSetSize of job (KB)
...
005 (4597758.000.000) 2025-02-02 21:05:51 Job terminated.
	(1) Normal termination (return value 139)
		Usr 0 00:00:06, Sys 0 00:00:01  -  Run Remote Usage
		Usr 0 00:00:00, Sys 0 00:00:00  -  Run Local Usage
		Usr 0 00:00:06, Sys 0 00:00:01  -  Total Remote Usage
		Usr 0 00:00:00, Sys 0 00:00:00  -  Total Local Usage
	0  -  Run Bytes Sent By Job
	0  -  Run Bytes Received By Job
	0  -  Total Bytes Sent By Job
	0  -  Total Bytes Received By Job
	Partitionable Resources :    Usage  Request Allocated 
	   Cpus                 :                 1         1 
	   Disk (KB)            :        2        2   6681612 
	   Memory (MB)          :        0   128192    128256 
	   xferslots            :                           0 

	Job terminated of its own accord at 2025-02-03T02:05:51Z with exit-code 139.
...
000 (4607475.000.000) 2025-02-03 00:28:44 Job submitted from host: <130.199.48.82:9618?addrs=130.199.48.82-9618&alias=rcas2063.rcf.bnl.gov&noUDP&sock=schedd_23786_1176>
...
