000 (4595624.000.000) 2025-01-28 23:08:57 Job submitted from host: <130.199.48.82:9618?addrs=130.199.48.82-9618&alias=rcas2063.rcf.bnl.gov&noUDP&sock=schedd_23786_1176>
...
001 (4595624.000.000) 2025-01-29 01:26:37 Job executing on host: <130.199.184.217:9618?addrs=130.199.184.217-9618&alias=spool1792.sdcc.bnl.gov&noUDP&sock=startd_72049_b2cc>
...
006 (4595624.000.000) 2025-01-29 01:26:45 Image size of job updated: 171276
	98  -  MemoryUsage of job (MB)
	99428  -  ResidentSetSize of job (KB)
...
006 (4595624.000.000) 2025-01-29 01:26:48 Image size of job updated: 196092
	98  -  MemoryUsage of job (MB)
	99532  -  ResidentSetSize of job (KB)
...
005 (4595624.000.000) 2025-01-29 01:26:48 Job terminated.
	(1) Normal termination (return value 0)
		Usr 0 00:00:03, Sys 0 00:00:02  -  Run Remote Usage
		Usr 0 00:00:00, Sys 0 00:00:00  -  Run Local Usage
		Usr 0 00:00:03, Sys 0 00:00:02  -  Total Remote Usage
		Usr 0 00:00:00, Sys 0 00:00:00  -  Total Local Usage
	0  -  Run Bytes Sent By Job
	0  -  Run Bytes Received By Job
	0  -  Total Bytes Sent By Job
	0  -  Total Bytes Received By Job
	Partitionable Resources :    Usage  Request Allocated 
	   Cpus                 :                 1         1 
	   Disk (KB)            :        2        2   6681623 
	   Memory (MB)          :       98   128192    128256 
	   xferslots            :                           0 

	Job terminated of its own accord at 2025-01-29T06:26:48Z with exit-code 0.
...
000 (4596645.000.000) 2025-01-30 00:27:47 Job submitted from host: <130.199.48.82:9618?addrs=130.199.48.82-9618&alias=rcas2063.rcf.bnl.gov&noUDP&sock=schedd_23786_1176>
...
001 (4596645.000.000) 2025-01-30 16:52:25 Job executing on host: <130.199.150.90:9618?addrs=130.199.150.90-9618&alias=spool1571.sdcc.bnl.gov&noUDP&sock=startd_39549_dbd4>
...
006 (4596645.000.000) 2025-01-30 16:52:33 Image size of job updated: 150804
	78  -  MemoryUsage of job (MB)
	79380  -  ResidentSetSize of job (KB)
...
006 (4596645.000.000) 2025-01-30 16:57:33 Image size of job updated: 4948804
	1352  -  MemoryUsage of job (MB)
	1384396  -  ResidentSetSize of job (KB)
...
006 (4596645.000.000) 2025-01-30 17:02:34 Image size of job updated: 10024472
	5408  -  MemoryUsage of job (MB)
	5537528  -  ResidentSetSize of job (KB)
...
006 (4596645.000.000) 2025-01-30 17:07:35 Image size of job updated: 12351008
	8966  -  MemoryUsage of job (MB)
	9180584  -  ResidentSetSize of job (KB)
...
006 (4596645.000.000) 2025-01-30 17:12:35 Image size of job updated: 15178724
	11518  -  MemoryUsage of job (MB)
	11793768  -  ResidentSetSize of job (KB)
...
006 (4596645.000.000) 2025-01-30 17:17:36 Image size of job updated: 18252220
	14061  -  MemoryUsage of job (MB)
	14397488  -  ResidentSetSize of job (KB)
...
006 (4596645.000.000) 2025-01-30 17:22:37 Image size of job updated: 21628220
	17595  -  MemoryUsage of job (MB)
	18017240  -  ResidentSetSize of job (KB)
...
006 (4596645.000.000) 2025-01-30 17:27:37 Image size of job updated: 23486784
	19404  -  MemoryUsage of job (MB)
	19869512  -  ResidentSetSize of job (KB)
...
006 (4596645.000.000) 2025-01-30 17:32:38 Image size of job updated: 27497120
	22224  -  MemoryUsage of job (MB)
	22757128  -  ResidentSetSize of job (KB)
...
006 (4596645.000.000) 2025-01-30 17:37:39 Image size of job updated: 29150232
	25023  -  MemoryUsage of job (MB)
	25623472  -  ResidentSetSize of job (KB)
...
006 (4596645.000.000) 2025-01-30 17:42:39 Image size of job updated: 32347036
	27149  -  MemoryUsage of job (MB)
	27800380  -  ResidentSetSize of job (KB)
...
006 (4596645.000.000) 2025-01-30 17:47:39 Image size of job updated: 34069912
	30227  -  MemoryUsage of job (MB)
	30951452  -  ResidentSetSize of job (KB)
...
006 (4596645.000.000) 2025-01-30 17:52:40 Image size of job updated: 37089176
	32199  -  MemoryUsage of job (MB)
	32971504  -  ResidentSetSize of job (KB)
...
006 (4596645.000.000) 2025-01-30 17:57:40 Image size of job updated: 40323516
	35427  -  MemoryUsage of job (MB)
	36276452  -  ResidentSetSize of job (KB)
...
006 (4596645.000.000) 2025-01-30 18:02:40 Image size of job updated: 42185864
	37818  -  MemoryUsage of job (MB)
	38724916  -  ResidentSetSize of job (KB)
...
006 (4596645.000.000) 2025-01-30 18:07:41 Image size of job updated: 45815216
	40608  -  MemoryUsage of job (MB)
	41582524  -  ResidentSetSize of job (KB)
...
006 (4596645.000.000) 2025-01-30 18:12:41 Image size of job updated: 48777424
	44567  -  MemoryUsage of job (MB)
	45636368  -  ResidentSetSize of job (KB)
...
006 (4596645.000.000) 2025-01-30 18:17:42 Image size of job updated: 51396364
	47075  -  MemoryUsage of job (MB)
	48204432  -  ResidentSetSize of job (KB)
...
006 (4596645.000.000) 2025-01-30 18:22:43 Image size of job updated: 54805564
	49964  -  MemoryUsage of job (MB)
	51162776  -  ResidentSetSize of job (KB)
...
006 (4596645.000.000) 2025-01-30 18:27:43 Image size of job updated: 58649836
	53008  -  MemoryUsage of job (MB)
	54279688  -  ResidentSetSize of job (KB)
...
006 (4596645.000.000) 2025-01-30 18:32:44 Image size of job updated: 61453496
	56955  -  MemoryUsage of job (MB)
	58321140  -  ResidentSetSize of job (KB)
...
006 (4596645.000.000) 2025-01-30 18:33:40 Image size of job updated: 62415044
	56955  -  MemoryUsage of job (MB)
	58321140  -  ResidentSetSize of job (KB)
...
005 (4596645.000.000) 2025-01-30 18:33:41 Job terminated.
	(1) Normal termination (return value 0)
		Usr 0 01:29:20, Sys 0 00:09:23  -  Run Remote Usage
		Usr 0 00:00:00, Sys 0 00:00:00  -  Run Local Usage
		Usr 0 01:29:20, Sys 0 00:09:23  -  Total Remote Usage
		Usr 0 00:00:00, Sys 0 00:00:00  -  Total Local Usage
	0  -  Run Bytes Sent By Job
	0  -  Run Bytes Received By Job
	0  -  Total Bytes Sent By Job
	0  -  Total Bytes Received By Job
	Partitionable Resources :    Usage  Request Allocated 
	   Cpus                 :     1.07        1         1 
	   Disk (KB)            :     2           2   6681235 
	   Memory (MB)          : 56955      128192    128256 
	   xferslots            :                           0 

	Job terminated of its own accord at 2025-01-30T23:33:40Z with exit-code 0.
...
000 (4597849.000.000) 2025-02-02 20:59:24 Job submitted from host: <130.199.48.82:9618?addrs=130.199.48.82-9618&alias=rcas2063.rcf.bnl.gov&noUDP&sock=schedd_23786_1176>
...
001 (4597849.000.000) 2025-02-02 21:05:52 Job executing on host: <130.199.186.92:9618?addrs=130.199.186.92-9618&alias=spool1855.sdcc.bnl.gov&noUDP&sock=startd_51230_bf6c>
...
006 (4597849.000.000) 2025-02-02 21:06:01 Image size of job updated: 294500
	168  -  MemoryUsage of job (MB)
	171544  -  ResidentSetSize of job (KB)
...
006 (4597849.000.000) 2025-02-02 21:06:04 Image size of job updated: 3493492
	168  -  MemoryUsage of job (MB)
	171544  -  ResidentSetSize of job (KB)
...
005 (4597849.000.000) 2025-02-02 21:06:04 Job terminated.
	(1) Normal termination (return value 139)
		Usr 0 00:00:06, Sys 0 00:00:02  -  Run Remote Usage
		Usr 0 00:00:00, Sys 0 00:00:00  -  Run Local Usage
		Usr 0 00:00:06, Sys 0 00:00:02  -  Total Remote Usage
		Usr 0 00:00:00, Sys 0 00:00:00  -  Total Local Usage
	0  -  Run Bytes Sent By Job
	0  -  Run Bytes Received By Job
	0  -  Total Bytes Sent By Job
	0  -  Total Bytes Received By Job
	Partitionable Resources :    Usage  Request Allocated 
	   Cpus                 :                 1         1 
	   Disk (KB)            :        2        2   6681629 
	   Memory (MB)          :      168   128192    128256 
	   xferslots            :                           0 

	Job terminated of its own accord at 2025-02-03T02:06:04Z with exit-code 139.
...
000 (4607566.000.000) 2025-02-03 00:28:55 Job submitted from host: <130.199.48.82:9618?addrs=130.199.48.82-9618&alias=rcas2063.rcf.bnl.gov&noUDP&sock=schedd_23786_1176>
...
