000 (4598480.000.000) 2025-02-02 21:00:34 Job submitted from host: <130.199.48.82:9618?addrs=130.199.48.82-9618&alias=rcas2063.rcf.bnl.gov&noUDP&sock=schedd_23786_1176>
...
001 (4598480.000.000) 2025-02-02 21:06:52 Job executing on host: <130.199.150.75:9618?addrs=130.199.150.75-9618&alias=spool1556.sdcc.bnl.gov&noUDP&sock=startd_64048_7ba1>
...
006 (4598480.000.000) 2025-02-02 21:07:00 Image size of job updated: 2944836
	168  -  MemoryUsage of job (MB)
	171660  -  ResidentSetSize of job (KB)
...
006 (4598480.000.000) 2025-02-02 21:07:02 Image size of job updated: 2944836
	168  -  MemoryUsage of job (MB)
	171668  -  ResidentSetSize of job (KB)
...
005 (4598480.000.000) 2025-02-02 21:07:03 Job terminated.
	(1) Normal termination (return value 139)
		Usr 0 00:00:05, Sys 0 00:00:02  -  Run Remote Usage
		Usr 0 00:00:00, Sys 0 00:00:00  -  Run Local Usage
		Usr 0 00:00:05, Sys 0 00:00:02  -  Total Remote Usage
		Usr 0 00:00:00, Sys 0 00:00:00  -  Total Local Usage
	0  -  Run Bytes Sent By Job
	0  -  Run Bytes Received By Job
	0  -  Total Bytes Sent By Job
	0  -  Total Bytes Received By Job
	Partitionable Resources :    Usage  Request Allocated 
	   Cpus                 :                 1         1 
	   Disk (KB)            :        2        2   6681223 
	   Memory (MB)          :      168   128192    128256 
	   xferslots            :                           0 

	Job terminated of its own accord at 2025-02-03T02:07:02Z with exit-code 139.
...
