000 (4595289.000.000) 2025-01-28 23:08:30 Job submitted from host: <130.199.48.82:9618?addrs=130.199.48.82-9618&alias=rcas2063.rcf.bnl.gov&noUDP&sock=schedd_23786_1176>
...
001 (4595289.000.000) 2025-01-29 01:15:26 Job executing on host: <130.199.151.33:9618?addrs=130.199.151.33-9618&alias=spool1611.sdcc.bnl.gov&noUDP&sock=startd_368_911c>
...
006 (4595289.000.000) 2025-01-29 01:15:34 Image size of job updated: 325628
	131  -  MemoryUsage of job (MB)
	133548  -  ResidentSetSize of job (KB)
...
006 (4595289.000.000) 2025-01-29 01:15:35 Image size of job updated: 325628
	131  -  MemoryUsage of job (MB)
	133632  -  ResidentSetSize of job (KB)
...
005 (4595289.000.000) 2025-01-29 01:15:35 Job terminated.
	(1) Normal termination (return value 0)
		Usr 0 00:00:04, Sys 0 00:00:02  -  Run Remote Usage
		Usr 0 00:00:00, Sys 0 00:00:00  -  Run Local Usage
		Usr 0 00:00:04, Sys 0 00:00:02  -  Total Remote Usage
		Usr 0 00:00:00, Sys 0 00:00:00  -  Total Local Usage
	0  -  Run Bytes Sent By Job
	0  -  Run Bytes Received By Job
	0  -  Total Bytes Sent By Job
	0  -  Total Bytes Received By Job
	Partitionable Resources :    Usage  Request Allocated 
	   Cpus                 :                 1         1 
	   Disk (KB)            :        2        2   6681232 
	   Memory (MB)          :      131   128192    128256 
	   xferslots            :                           0 

	Job terminated of its own accord at 2025-01-29T06:15:35Z with exit-code 0.
...
000 (4596310.000.000) 2025-01-30 00:27:13 Job submitted from host: <130.199.48.82:9618?addrs=130.199.48.82-9618&alias=rcas2063.rcf.bnl.gov&noUDP&sock=schedd_23786_1176>
...
001 (4596310.000.000) 2025-01-30 12:30:24 Job executing on host: <130.199.186.30:9618?addrs=130.199.186.30-9618&alias=spool1827.sdcc.bnl.gov&noUDP&sock=startd_65822_ee79>
...
006 (4596310.000.000) 2025-01-30 12:30:33 Image size of job updated: 44536
	30  -  MemoryUsage of job (MB)
	30540  -  ResidentSetSize of job (KB)
...
006 (4596310.000.000) 2025-01-30 12:35:34 Image size of job updated: 3514456
	292  -  MemoryUsage of job (MB)
	298296  -  ResidentSetSize of job (KB)
...
006 (4596310.000.000) 2025-01-30 12:40:35 Image size of job updated: 3524108
	306  -  MemoryUsage of job (MB)
	312772  -  ResidentSetSize of job (KB)
...
006 (4596310.000.000) 2025-01-30 12:45:35 Image size of job updated: 5085328
	702  -  MemoryUsage of job (MB)
	718676  -  ResidentSetSize of job (KB)
...
006 (4596310.000.000) 2025-01-30 12:50:35 Image size of job updated: 6324852
	3162  -  MemoryUsage of job (MB)
	3236928  -  ResidentSetSize of job (KB)
...
006 (4596310.000.000) 2025-01-30 12:55:36 Image size of job updated: 9199864
	4511  -  MemoryUsage of job (MB)
	4618668  -  ResidentSetSize of job (KB)
...
006 (4596310.000.000) 2025-01-30 13:00:36 Image size of job updated: 9887196
	6617  -  MemoryUsage of job (MB)
	6775064  -  ResidentSetSize of job (KB)
...
006 (4596310.000.000) 2025-01-30 13:05:36 Image size of job updated: 13871880
	9103  -  MemoryUsage of job (MB)
	9320476  -  ResidentSetSize of job (KB)
...
006 (4596310.000.000) 2025-01-30 13:10:37 Image size of job updated: 14557532
	10814  -  MemoryUsage of job (MB)
	11073152  -  ResidentSetSize of job (KB)
...
006 (4596310.000.000) 2025-01-30 13:15:38 Image size of job updated: 17477860
	13436  -  MemoryUsage of job (MB)
	13757692  -  ResidentSetSize of job (KB)
...
006 (4596310.000.000) 2025-01-30 13:20:38 Image size of job updated: 18955656
	14935  -  MemoryUsage of job (MB)
	15292572  -  ResidentSetSize of job (KB)
...
006 (4596310.000.000) 2025-01-30 13:25:39 Image size of job updated: 22133540
	17923  -  MemoryUsage of job (MB)
	18352704  -  ResidentSetSize of job (KB)
...
006 (4596310.000.000) 2025-01-30 13:30:40 Image size of job updated: 23108240
	19070  -  MemoryUsage of job (MB)
	19527052  -  ResidentSetSize of job (KB)
...
006 (4596310.000.000) 2025-01-30 13:35:40 Image size of job updated: 25701636
	22078  -  MemoryUsage of job (MB)
	22607752  -  ResidentSetSize of job (KB)
...
006 (4596310.000.000) 2025-01-30 13:36:26 Image size of job updated: 26147464
	22078  -  MemoryUsage of job (MB)
	22607752  -  ResidentSetSize of job (KB)
...
005 (4596310.000.000) 2025-01-30 13:36:45 Job terminated.
	(1) Normal termination (return value 0)
		Usr 0 00:37:59, Sys 0 00:04:42  -  Run Remote Usage
		Usr 0 00:00:00, Sys 0 00:00:00  -  Run Local Usage
		Usr 0 00:37:59, Sys 0 00:04:42  -  Total Remote Usage
		Usr 0 00:00:00, Sys 0 00:00:00  -  Total Local Usage
	0  -  Run Bytes Sent By Job
	0  -  Run Bytes Received By Job
	0  -  Total Bytes Sent By Job
	0  -  Total Bytes Received By Job
	Partitionable Resources :    Usage  Request Allocated 
	   Cpus                 :     0.61        1         1 
	   Disk (KB)            :     2           2   6681626 
	   Memory (MB)          : 22078      128192    128256 
	   xferslots            :                           0 

	Job terminated of its own accord at 2025-01-30T18:36:26Z with exit-code 0.
...
000 (4597514.000.000) 2025-02-02 20:58:46 Job submitted from host: <130.199.48.82:9618?addrs=130.199.48.82-9618&alias=rcas2063.rcf.bnl.gov&noUDP&sock=schedd_23786_1176>
...
001 (4597514.000.000) 2025-02-02 21:04:59 Job executing on host: <130.199.150.68:9618?addrs=130.199.150.68-9618&alias=spool1549.sdcc.bnl.gov&noUDP&sock=startd_81798_2244>
...
006 (4597514.000.000) 2025-02-02 21:05:08 Image size of job updated: 594048
	141  -  MemoryUsage of job (MB)
	143896  -  ResidentSetSize of job (KB)
...
006 (4597514.000.000) 2025-02-02 21:05:14 Image size of job updated: 594048
	141  -  MemoryUsage of job (MB)
	144000  -  ResidentSetSize of job (KB)
...
005 (4597514.000.000) 2025-02-02 21:05:14 Job terminated.
	(1) Normal termination (return value 139)
		Usr 0 00:00:05, Sys 0 00:00:02  -  Run Remote Usage
		Usr 0 00:00:00, Sys 0 00:00:00  -  Run Local Usage
		Usr 0 00:00:05, Sys 0 00:00:02  -  Total Remote Usage
		Usr 0 00:00:00, Sys 0 00:00:00  -  Total Local Usage
	0  -  Run Bytes Sent By Job
	0  -  Run Bytes Received By Job
	0  -  Total Bytes Sent By Job
	0  -  Total Bytes Received By Job
	Partitionable Resources :    Usage  Request Allocated 
	   Cpus                 :                 1         1 
	   Disk (KB)            :        2        2   6681154 
	   Memory (MB)          :      141   128192    128256 
	   xferslots            :                           0 

	Job terminated of its own accord at 2025-02-03T02:05:14Z with exit-code 139.
...
000 (4607231.000.000) 2025-02-03 00:28:17 Job submitted from host: <130.199.48.82:9618?addrs=130.199.48.82-9618&alias=rcas2063.rcf.bnl.gov&noUDP&sock=schedd_23786_1176>
...
