000 (4595998.000.000) 2025-01-28 23:09:27 Job submitted from host: <130.199.48.82:9618?addrs=130.199.48.82-9618&alias=rcas2063.rcf.bnl.gov&noUDP&sock=schedd_23786_1176>
...
001 (4595998.000.000) 2025-01-29 01:32:55 Job executing on host: <130.199.186.21:9618?addrs=130.199.186.21-9618&alias=spool1818.sdcc.bnl.gov&noUDP&sock=startd_15937_f573>
...
006 (4595998.000.000) 2025-01-29 01:33:04 Image size of job updated: 561320
	140  -  MemoryUsage of job (MB)
	142904  -  ResidentSetSize of job (KB)
...
006 (4595998.000.000) 2025-01-29 01:33:05 Image size of job updated: 561320
	140  -  MemoryUsage of job (MB)
	142924  -  ResidentSetSize of job (KB)
...
005 (4595998.000.000) 2025-01-29 01:33:05 Job terminated.
	(1) Normal termination (return value 0)
		Usr 0 00:00:04, Sys 0 00:00:01  -  Run Remote Usage
		Usr 0 00:00:00, Sys 0 00:00:00  -  Run Local Usage
		Usr 0 00:00:04, Sys 0 00:00:01  -  Total Remote Usage
		Usr 0 00:00:00, Sys 0 00:00:00  -  Total Local Usage
	0  -  Run Bytes Sent By Job
	0  -  Run Bytes Received By Job
	0  -  Total Bytes Sent By Job
	0  -  Total Bytes Received By Job
	Partitionable Resources :    Usage  Request Allocated 
	   Cpus                 :                 1         1 
	   Disk (KB)            :        2        2   6681615 
	   Memory (MB)          :      140   128192    128256 
	   xferslots            :                           0 

	Job terminated of its own accord at 2025-01-29T06:33:05Z with exit-code 0.
...
000 (4597019.000.000) 2025-01-30 00:28:23 Job submitted from host: <130.199.48.82:9618?addrs=130.199.48.82-9618&alias=rcas2063.rcf.bnl.gov&noUDP&sock=schedd_23786_1176>
...
009 (4597019.000.000) 2025-01-30 19:29:37 Job was aborted.
	via condor_rm (by user sgross)
...
000 (4598223.000.000) 2025-02-02 21:00:07 Job submitted from host: <130.199.48.82:9618?addrs=130.199.48.82-9618&alias=rcas2063.rcf.bnl.gov&noUDP&sock=schedd_23786_1176>
...
001 (4598223.000.000) 2025-02-02 21:06:30 Job executing on host: <130.199.150.80:9618?addrs=130.199.150.80-9618&alias=spool1561.sdcc.bnl.gov&noUDP&sock=startd_23998_29dd>
...
006 (4598223.000.000) 2025-02-02 21:06:38 Image size of job updated: 584324
	146  -  MemoryUsage of job (MB)
	149020  -  ResidentSetSize of job (KB)
...
005 (4598223.000.000) 2025-02-02 21:06:42 Job terminated.
	(1) Normal termination (return value 139)
		Usr 0 00:00:06, Sys 0 00:00:02  -  Run Remote Usage
		Usr 0 00:00:00, Sys 0 00:00:00  -  Run Local Usage
		Usr 0 00:00:06, Sys 0 00:00:02  -  Total Remote Usage
		Usr 0 00:00:00, Sys 0 00:00:00  -  Total Local Usage
	0  -  Run Bytes Sent By Job
	0  -  Run Bytes Received By Job
	0  -  Total Bytes Sent By Job
	0  -  Total Bytes Received By Job
	Partitionable Resources :    Usage  Request Allocated 
	   Cpus                 :     0.40        1         1 
	   Disk (KB)            :     2           2   6681245 
	   Memory (MB)          :   146      128192    128256 
	   xferslots            :                           0 

	Job terminated of its own accord at 2025-02-03T02:06:41Z with exit-code 139.
...
000 (4607940.000.000) 2025-02-03 00:29:38 Job submitted from host: <130.199.48.82:9618?addrs=130.199.48.82-9618&alias=rcas2063.rcf.bnl.gov&noUDP&sock=schedd_23786_1176>
...
