000 (4595567.000.000) 2025-01-28 23:08:52 Job submitted from host: <130.199.48.82:9618?addrs=130.199.48.82-9618&alias=rcas2063.rcf.bnl.gov&noUDP&sock=schedd_23786_1176>
...
001 (4595567.000.000) 2025-01-29 01:25:40 Job executing on host: <130.199.186.10:9618?addrs=130.199.186.10-9618&alias=spool1807.sdcc.bnl.gov&noUDP&sock=startd_68265_1c36>
...
006 (4595567.000.000) 2025-01-29 01:25:49 Image size of job updated: 149532
	76  -  MemoryUsage of job (MB)
	77540  -  ResidentSetSize of job (KB)
...
006 (4595567.000.000) 2025-01-29 01:25:56 Image size of job updated: 574084
	76  -  MemoryUsage of job (MB)
	77540  -  ResidentSetSize of job (KB)
...
005 (4595567.000.000) 2025-01-29 01:25:57 Job terminated.
	(1) Normal termination (return value 0)
		Usr 0 00:00:04, Sys 0 00:00:02  -  Run Remote Usage
		Usr 0 00:00:00, Sys 0 00:00:00  -  Run Local Usage
		Usr 0 00:00:04, Sys 0 00:00:02  -  Total Remote Usage
		Usr 0 00:00:00, Sys 0 00:00:00  -  Total Local Usage
	0  -  Run Bytes Sent By Job
	0  -  Run Bytes Received By Job
	0  -  Total Bytes Sent By Job
	0  -  Total Bytes Received By Job
	Partitionable Resources :    Usage  Request Allocated 
	   Cpus                 :                 1         1 
	   Disk (KB)            :        2        2   6681630 
	   Memory (MB)          :       76   128192    128256 
	   xferslots            :                           0 

	Job terminated of its own accord at 2025-01-29T06:25:56Z with exit-code 0.
...
000 (4596588.000.000) 2025-01-30 00:27:41 Job submitted from host: <130.199.48.82:9618?addrs=130.199.48.82-9618&alias=rcas2063.rcf.bnl.gov&noUDP&sock=schedd_23786_1176>
...
001 (4596588.000.000) 2025-01-30 16:16:51 Job executing on host: <130.199.184.156:9618?addrs=130.199.184.156-9618&alias=spool1765.sdcc.bnl.gov&noUDP&sock=startd_35828_358d>
...
006 (4596588.000.000) 2025-01-30 16:16:59 Image size of job updated: 329612
	39  -  MemoryUsage of job (MB)
	39096  -  ResidentSetSize of job (KB)
...
006 (4596588.000.000) 2025-01-30 16:21:59 Image size of job updated: 3514764
	292  -  MemoryUsage of job (MB)
	298284  -  ResidentSetSize of job (KB)
...
006 (4596588.000.000) 2025-01-30 16:27:00 Image size of job updated: 5059864
	953  -  MemoryUsage of job (MB)
	975580  -  ResidentSetSize of job (KB)
...
006 (4596588.000.000) 2025-01-30 16:32:01 Image size of job updated: 8194508
	4765  -  MemoryUsage of job (MB)
	4878452  -  ResidentSetSize of job (KB)
...
006 (4596588.000.000) 2025-01-30 16:37:01 Image size of job updated: 10887120
	7717  -  MemoryUsage of job (MB)
	7902136  -  ResidentSetSize of job (KB)
...
006 (4596588.000.000) 2025-01-30 16:42:01 Image size of job updated: 14017160
	10477  -  MemoryUsage of job (MB)
	10728228  -  ResidentSetSize of job (KB)
...
006 (4596588.000.000) 2025-01-30 16:47:02 Image size of job updated: 18357888
	13600  -  MemoryUsage of job (MB)
	13925952  -  ResidentSetSize of job (KB)
...
006 (4596588.000.000) 2025-01-30 16:52:02 Image size of job updated: 21644640
	17293  -  MemoryUsage of job (MB)
	17707288  -  ResidentSetSize of job (KB)
...
006 (4596588.000.000) 2025-01-30 16:57:02 Image size of job updated: 24205380
	20556  -  MemoryUsage of job (MB)
	21048852  -  ResidentSetSize of job (KB)
...
006 (4596588.000.000) 2025-01-30 17:02:04 Image size of job updated: 27589700
	23554  -  MemoryUsage of job (MB)
	24119060  -  ResidentSetSize of job (KB)
...
006 (4596588.000.000) 2025-01-30 17:07:04 Image size of job updated: 31494276
	26591  -  MemoryUsage of job (MB)
	27228644  -  ResidentSetSize of job (KB)
...
006 (4596588.000.000) 2025-01-30 17:12:04 Image size of job updated: 33533860
	29775  -  MemoryUsage of job (MB)
	30488596  -  ResidentSetSize of job (KB)
...
006 (4596588.000.000) 2025-01-30 17:17:05 Image size of job updated: 36301744
	31923  -  MemoryUsage of job (MB)
	32688600  -  ResidentSetSize of job (KB)
...
006 (4596588.000.000) 2025-01-30 17:22:06 Image size of job updated: 39389808
	35528  -  MemoryUsage of job (MB)
	36379748  -  ResidentSetSize of job (KB)
...
006 (4596588.000.000) 2025-01-30 17:27:06 Image size of job updated: 41280460
	37128  -  MemoryUsage of job (MB)
	38018728  -  ResidentSetSize of job (KB)
...
006 (4596588.000.000) 2025-01-30 17:32:07 Image size of job updated: 45160500
	39596  -  MemoryUsage of job (MB)
	40545908  -  ResidentSetSize of job (KB)
...
006 (4596588.000.000) 2025-01-30 17:37:08 Image size of job updated: 46654784
	42572  -  MemoryUsage of job (MB)
	43593276  -  ResidentSetSize of job (KB)
...
006 (4596588.000.000) 2025-01-30 17:42:08 Image size of job updated: 48992416
	44107  -  MemoryUsage of job (MB)
	45165348  -  ResidentSetSize of job (KB)
...
006 (4596588.000.000) 2025-01-30 17:47:08 Image size of job updated: 51842684
	47683  -  MemoryUsage of job (MB)
	48827180  -  ResidentSetSize of job (KB)
...
006 (4596588.000.000) 2025-01-30 17:52:09 Image size of job updated: 54230608
	49323  -  MemoryUsage of job (MB)
	50506124  -  ResidentSetSize of job (KB)
...
006 (4596588.000.000) 2025-01-30 17:57:09 Image size of job updated: 57481148
	51766  -  MemoryUsage of job (MB)
	53008220  -  ResidentSetSize of job (KB)
...
006 (4596588.000.000) 2025-01-30 18:02:09 Image size of job updated: 58928416
	54524  -  MemoryUsage of job (MB)
	55832012  -  ResidentSetSize of job (KB)
...
006 (4596588.000.000) 2025-01-30 18:03:35 Image size of job updated: 59874164
	54524  -  MemoryUsage of job (MB)
	55832012  -  ResidentSetSize of job (KB)
...
005 (4596588.000.000) 2025-01-30 18:03:35 Job terminated.
	(1) Normal termination (return value 0)
		Usr 0 01:28:15, Sys 0 00:09:15  -  Run Remote Usage
		Usr 0 00:00:00, Sys 0 00:00:00  -  Run Local Usage
		Usr 0 01:28:15, Sys 0 00:09:15  -  Total Remote Usage
		Usr 0 00:00:00, Sys 0 00:00:00  -  Total Local Usage
	0  -  Run Bytes Sent By Job
	0  -  Run Bytes Received By Job
	0  -  Total Bytes Sent By Job
	0  -  Total Bytes Received By Job
	Partitionable Resources :    Usage  Request Allocated 
	   Cpus                 :     0.91        1         1 
	   Disk (KB)            :     2           2   6681628 
	   Memory (MB)          : 54524      128192    128256 
	   xferslots            :                           0 

	Job terminated of its own accord at 2025-01-30T23:03:35Z with exit-code 0.
...
000 (4597792.000.000) 2025-02-02 20:59:18 Job submitted from host: <130.199.48.82:9618?addrs=130.199.48.82-9618&alias=rcas2063.rcf.bnl.gov&noUDP&sock=schedd_23786_1176>
...
001 (4597792.000.000) 2025-02-02 21:05:47 Job executing on host: <130.199.150.92:9618?addrs=130.199.150.92-9618&alias=spool1573.sdcc.bnl.gov&noUDP&sock=startd_49429_c105>
...
006 (4597792.000.000) 2025-02-02 21:05:55 Image size of job updated: 152896
	84  -  MemoryUsage of job (MB)
	85064  -  ResidentSetSize of job (KB)
...
006 (4597792.000.000) 2025-02-02 21:06:03 Image size of job updated: 2919796
	84  -  MemoryUsage of job (MB)
	85072  -  ResidentSetSize of job (KB)
...
005 (4597792.000.000) 2025-02-02 21:06:03 Job terminated.
	(1) Normal termination (return value 139)
		Usr 0 00:00:06, Sys 0 00:00:03  -  Run Remote Usage
		Usr 0 00:00:00, Sys 0 00:00:00  -  Run Local Usage
		Usr 0 00:00:06, Sys 0 00:00:03  -  Total Remote Usage
		Usr 0 00:00:00, Sys 0 00:00:00  -  Total Local Usage
	0  -  Run Bytes Sent By Job
	0  -  Run Bytes Received By Job
	0  -  Total Bytes Sent By Job
	0  -  Total Bytes Received By Job
	Partitionable Resources :    Usage  Request Allocated 
	   Cpus                 :                 1         1 
	   Disk (KB)            :        2        2   6681240 
	   Memory (MB)          :       84   128192    128256 
	   xferslots            :                           0 

	Job terminated of its own accord at 2025-02-03T02:06:03Z with exit-code 139.
...
000 (4607509.000.000) 2025-02-03 00:28:48 Job submitted from host: <130.199.48.82:9618?addrs=130.199.48.82-9618&alias=rcas2063.rcf.bnl.gov&noUDP&sock=schedd_23786_1176>
...
