000 (4595847.000.000) 2025-01-28 23:09:15 Job submitted from host: <130.199.48.82:9618?addrs=130.199.48.82-9618&alias=rcas2063.rcf.bnl.gov&noUDP&sock=schedd_23786_1176>
...
001 (4595847.000.000) 2025-01-29 01:30:28 Job executing on host: <130.199.151.8:9618?addrs=130.199.151.8-9618&alias=spool1586.sdcc.bnl.gov&noUDP&sock=startd_10002_9b31>
...
006 (4595847.000.000) 2025-01-29 01:30:37 Image size of job updated: 195968
	118  -  MemoryUsage of job (MB)
	120736  -  ResidentSetSize of job (KB)
...
006 (4595847.000.000) 2025-01-29 01:30:40 Image size of job updated: 2935028
	118  -  MemoryUsage of job (MB)
	120764  -  ResidentSetSize of job (KB)
...
005 (4595847.000.000) 2025-01-29 01:30:40 Job terminated.
	(1) Normal termination (return value 0)
		Usr 0 00:00:03, Sys 0 00:00:02  -  Run Remote Usage
		Usr 0 00:00:00, Sys 0 00:00:00  -  Run Local Usage
		Usr 0 00:00:03, Sys 0 00:00:02  -  Total Remote Usage
		Usr 0 00:00:00, Sys 0 00:00:00  -  Total Local Usage
	0  -  Run Bytes Sent By Job
	0  -  Run Bytes Received By Job
	0  -  Total Bytes Sent By Job
	0  -  Total Bytes Received By Job
	Partitionable Resources :    Usage  Request Allocated 
	   Cpus                 :                 1         1 
	   Disk (KB)            :        2        2   6681168 
	   Memory (MB)          :      118   128192    128256 
	   xferslots            :                           0 

	Job terminated of its own accord at 2025-01-29T06:30:40Z with exit-code 0.
...
000 (4596868.000.000) 2025-01-30 00:28:09 Job submitted from host: <130.199.48.82:9618?addrs=130.199.48.82-9618&alias=rcas2063.rcf.bnl.gov&noUDP&sock=schedd_23786_1176>
...
001 (4596868.000.000) 2025-01-30 19:21:06 Job executing on host: <130.199.184.208:9618?addrs=130.199.184.208-9618&alias=spool1783.sdcc.bnl.gov&noUDP&sock=startd_90378_9875>
...
006 (4596868.000.000) 2025-01-30 19:21:15 Image size of job updated: 298416
	44  -  MemoryUsage of job (MB)
	44648  -  ResidentSetSize of job (KB)
...
006 (4596868.000.000) 2025-01-30 19:26:15 Image size of job updated: 5100624
	1207  -  MemoryUsage of job (MB)
	1235396  -  ResidentSetSize of job (KB)
...
006 (4596868.000.000) 2025-01-30 19:29:30 Image size of job updated: 7782516
	4453  -  MemoryUsage of job (MB)
	4559620  -  ResidentSetSize of job (KB)
...
004 (4596868.000.000) 2025-01-30 19:29:30 Job was evicted.
	(0) CPU times
		Usr 0 00:05:55, Sys 0 00:00:40  -  Run Remote Usage
		Usr 0 00:00:00, Sys 0 00:00:00  -  Run Local Usage
	0  -  Run Bytes Sent By Job
	0  -  Run Bytes Received By Job
	Partitionable Resources :    Usage  Request Allocated 
	   Cpus                 :     1.67        1         1 
	   Disk (KB)            :     2           2   6681628 
	   Memory (MB)          :  4453      128192    128256 
	   xferslots            :                           0 
...
009 (4596868.000.000) 2025-01-30 19:29:31 Job was aborted.
	via condor_rm (by user sgross)

	Job terminated by <130.199.48.82:45253> at 2025-01-31T00:29:30Z (using method 1: DEACTIVATE_CLAIM).
...
000 (4598072.000.000) 2025-02-02 20:59:49 Job submitted from host: <130.199.48.82:9618?addrs=130.199.48.82-9618&alias=rcas2063.rcf.bnl.gov&noUDP&sock=schedd_23786_1176>
...
001 (4598072.000.000) 2025-02-02 21:06:16 Job executing on host: <130.199.186.11:9618?addrs=130.199.186.11-9618&alias=spool1808.sdcc.bnl.gov&noUDP&sock=startd_65800_f804>
...
006 (4598072.000.000) 2025-02-02 21:06:25 Image size of job updated: 570496
	146  -  MemoryUsage of job (MB)
	149016  -  ResidentSetSize of job (KB)
...
005 (4598072.000.000) 2025-02-02 21:06:28 Job terminated.
	(1) Normal termination (return value 139)
		Usr 0 00:00:06, Sys 0 00:00:02  -  Run Remote Usage
		Usr 0 00:00:00, Sys 0 00:00:00  -  Run Local Usage
		Usr 0 00:00:06, Sys 0 00:00:02  -  Total Remote Usage
		Usr 0 00:00:00, Sys 0 00:00:00  -  Total Local Usage
	0  -  Run Bytes Sent By Job
	0  -  Run Bytes Received By Job
	0  -  Total Bytes Sent By Job
	0  -  Total Bytes Received By Job
	Partitionable Resources :    Usage  Request Allocated 
	   Cpus                 :                 1         1 
	   Disk (KB)            :        2        2   6681625 
	   Memory (MB)          :      146   128192    128256 
	   xferslots            :                           0 

	Job terminated of its own accord at 2025-02-03T02:06:28Z with exit-code 139.
...
000 (4607789.000.000) 2025-02-03 00:29:21 Job submitted from host: <130.199.48.82:9618?addrs=130.199.48.82-9618&alias=rcas2063.rcf.bnl.gov&noUDP&sock=schedd_23786_1176>
...
