000 (4595244.000.000) 2025-01-28 23:08:26 Job submitted from host: <130.199.48.82:9618?addrs=130.199.48.82-9618&alias=rcas2063.rcf.bnl.gov&noUDP&sock=schedd_23786_1176>
...
001 (4595244.000.000) 2025-01-29 01:10:57 Job executing on host: <130.199.186.82:9618?addrs=130.199.186.82-9618&alias=spool1845.sdcc.bnl.gov&noUDP&sock=startd_71843_8085>
...
006 (4595244.000.000) 2025-01-29 01:11:05 Image size of job updated: 553672
	86  -  MemoryUsage of job (MB)
	87940  -  ResidentSetSize of job (KB)
...
005 (4595244.000.000) 2025-01-29 01:11:12 Job terminated.
	(1) Normal termination (return value 0)
		Usr 0 00:00:04, Sys 0 00:00:02  -  Run Remote Usage
		Usr 0 00:00:00, Sys 0 00:00:00  -  Run Local Usage
		Usr 0 00:00:04, Sys 0 00:00:02  -  Total Remote Usage
		Usr 0 00:00:00, Sys 0 00:00:00  -  Total Local Usage
	0  -  Run Bytes Sent By Job
	0  -  Run Bytes Received By Job
	0  -  Total Bytes Sent By Job
	0  -  Total Bytes Received By Job
	Partitionable Resources :    Usage  Request Allocated 
	   Cpus                 :                 1         1 
	   Disk (KB)            :        2        2   6681620 
	   Memory (MB)          :       86   128192    128256 
	   xferslots            :                           0 

	Job terminated of its own accord at 2025-01-29T06:11:11Z with exit-code 0.
...
000 (4596265.000.000) 2025-01-30 00:27:09 Job submitted from host: <130.199.48.82:9618?addrs=130.199.48.82-9618&alias=rcas2063.rcf.bnl.gov&noUDP&sock=schedd_23786_1176>
...
001 (4596265.000.000) 2025-01-30 11:23:44 Job executing on host: <130.199.184.210:9618?addrs=130.199.184.210-9618&alias=spool1785.sdcc.bnl.gov&noUDP&sock=startd_68296_ebdb>
...
006 (4596265.000.000) 2025-01-30 11:23:53 Image size of job updated: 19452
	7  -  MemoryUsage of job (MB)
	6248  -  ResidentSetSize of job (KB)
...
006 (4596265.000.000) 2025-01-30 11:28:53 Image size of job updated: 4501512
	492  -  MemoryUsage of job (MB)
	503660  -  ResidentSetSize of job (KB)
...
006 (4596265.000.000) 2025-01-30 11:33:53 Image size of job updated: 6443316
	2867  -  MemoryUsage of job (MB)
	2935468  -  ResidentSetSize of job (KB)
...
006 (4596265.000.000) 2025-01-30 11:38:54 Image size of job updated: 9454968
	5018  -  MemoryUsage of job (MB)
	5138240  -  ResidentSetSize of job (KB)
...
006 (4596265.000.000) 2025-01-30 11:43:54 Image size of job updated: 10728936
	7485  -  MemoryUsage of job (MB)
	7664576  -  ResidentSetSize of job (KB)
...
006 (4596265.000.000) 2025-01-30 11:48:54 Image size of job updated: 14022312
	9332  -  MemoryUsage of job (MB)
	9555888  -  ResidentSetSize of job (KB)
...
006 (4596265.000.000) 2025-01-30 11:53:55 Image size of job updated: 15600812
	12148  -  MemoryUsage of job (MB)
	12439052  -  ResidentSetSize of job (KB)
...
006 (4596265.000.000) 2025-01-30 11:58:56 Image size of job updated: 18309196
	14105  -  MemoryUsage of job (MB)
	14443124  -  ResidentSetSize of job (KB)
...
006 (4596265.000.000) 2025-01-30 12:03:56 Image size of job updated: 21002252
	17335  -  MemoryUsage of job (MB)
	17750252  -  ResidentSetSize of job (KB)
...
006 (4596265.000.000) 2025-01-30 12:08:56 Image size of job updated: 22924248
	19126  -  MemoryUsage of job (MB)
	19584796  -  ResidentSetSize of job (KB)
...
006 (4596265.000.000) 2025-01-30 12:13:57 Image size of job updated: 25744584
	21295  -  MemoryUsage of job (MB)
	21805920  -  ResidentSetSize of job (KB)
...
006 (4596265.000.000) 2025-01-30 12:18:57 Image size of job updated: 27541608
	23969  -  MemoryUsage of job (MB)
	24543380  -  ResidentSetSize of job (KB)
...
006 (4596265.000.000) 2025-01-30 12:23:58 Image size of job updated: 30520648
	25671  -  MemoryUsage of job (MB)
	26286784  -  ResidentSetSize of job (KB)
...
006 (4596265.000.000) 2025-01-30 12:28:59 Image size of job updated: 32400888
	28571  -  MemoryUsage of job (MB)
	29256684  -  ResidentSetSize of job (KB)
...
006 (4596265.000.000) 2025-01-30 12:33:59 Image size of job updated: 34975516
	30080  -  MemoryUsage of job (MB)
	30801444  -  ResidentSetSize of job (KB)
...
006 (4596265.000.000) 2025-01-30 12:39:00 Image size of job updated: 36781644
	32846  -  MemoryUsage of job (MB)
	33633728  -  ResidentSetSize of job (KB)
...
006 (4596265.000.000) 2025-01-30 12:44:01 Image size of job updated: 39248208
	34442  -  MemoryUsage of job (MB)
	35268200  -  ResidentSetSize of job (KB)
...
006 (4596265.000.000) 2025-01-30 12:49:01 Image size of job updated: 41587080
	37390  -  MemoryUsage of job (MB)
	38286356  -  ResidentSetSize of job (KB)
...
006 (4596265.000.000) 2025-01-30 12:54:01 Image size of job updated: 43242004
	38789  -  MemoryUsage of job (MB)
	39719920  -  ResidentSetSize of job (KB)
...
006 (4596265.000.000) 2025-01-30 12:59:02 Image size of job updated: 47270628
	41526  -  MemoryUsage of job (MB)
	42521632  -  ResidentSetSize of job (KB)
...
006 (4596265.000.000) 2025-01-30 13:04:02 Image size of job updated: 47416524
	43278  -  MemoryUsage of job (MB)
	44315932  -  ResidentSetSize of job (KB)
...
006 (4596265.000.000) 2025-01-30 13:09:02 Image size of job updated: 51750620
	45919  -  MemoryUsage of job (MB)
	47020488  -  ResidentSetSize of job (KB)
...
006 (4596265.000.000) 2025-01-30 13:14:03 Image size of job updated: 52882436
	48595  -  MemoryUsage of job (MB)
	49760812  -  ResidentSetSize of job (KB)
...
006 (4596265.000.000) 2025-01-30 13:19:04 Image size of job updated: 56286372
	50771  -  MemoryUsage of job (MB)
	51989420  -  ResidentSetSize of job (KB)
...
006 (4596265.000.000) 2025-01-30 13:24:04 Image size of job updated: 58413412
	54048  -  MemoryUsage of job (MB)
	55344384  -  ResidentSetSize of job (KB)
...
006 (4596265.000.000) 2025-01-30 13:29:05 Image size of job updated: 60824040
	55881  -  MemoryUsage of job (MB)
	57221668  -  ResidentSetSize of job (KB)
...
006 (4596265.000.000) 2025-01-30 13:34:06 Image size of job updated: 64669688
	58587  -  MemoryUsage of job (MB)
	59992560  -  ResidentSetSize of job (KB)
...
006 (4596265.000.000) 2025-01-30 13:39:06 Image size of job updated: 65385120
	60835  -  MemoryUsage of job (MB)
	62294544  -  ResidentSetSize of job (KB)
...
006 (4596265.000.000) 2025-01-30 13:44:07 Image size of job updated: 69082256
	63229  -  MemoryUsage of job (MB)
	64745544  -  ResidentSetSize of job (KB)
...
006 (4596265.000.000) 2025-01-30 13:49:08 Image size of job updated: 70716508
	65671  -  MemoryUsage of job (MB)
	67246572  -  ResidentSetSize of job (KB)
...
006 (4596265.000.000) 2025-01-30 13:54:08 Image size of job updated: 73918600
	67966  -  MemoryUsage of job (MB)
	69596696  -  ResidentSetSize of job (KB)
...
006 (4596265.000.000) 2025-01-30 13:59:09 Image size of job updated: 75768256
	70916  -  MemoryUsage of job (MB)
	72617592  -  ResidentSetSize of job (KB)
...
006 (4596265.000.000) 2025-01-30 14:04:10 Image size of job updated: 78251724
	72806  -  MemoryUsage of job (MB)
	74553212  -  ResidentSetSize of job (KB)
...
006 (4596265.000.000) 2025-01-30 14:09:07 Image size of job updated: 80880776
	72806  -  MemoryUsage of job (MB)
	74553212  -  ResidentSetSize of job (KB)
...
005 (4596265.000.000) 2025-01-30 14:09:08 Job terminated.
	(1) Normal termination (return value 0)
		Usr 0 02:22:33, Sys 0 00:15:51  -  Run Remote Usage
		Usr 0 00:00:00, Sys 0 00:00:00  -  Run Local Usage
		Usr 0 02:22:33, Sys 0 00:15:51  -  Total Remote Usage
		Usr 0 00:00:00, Sys 0 00:00:00  -  Total Local Usage
	0  -  Run Bytes Sent By Job
	0  -  Run Bytes Received By Job
	0  -  Total Bytes Sent By Job
	0  -  Total Bytes Received By Job
	Partitionable Resources :    Usage  Request Allocated 
	   Cpus                 :     1.00        1         1 
	   Disk (KB)            :     2           2   6681653 
	   Memory (MB)          : 72806      128192    128256 
	   xferslots            :                           0 

	Job terminated of its own accord at 2025-01-30T19:09:07Z with exit-code 0.
...
000 (4597469.000.000) 2025-02-02 20:58:40 Job submitted from host: <130.199.48.82:9618?addrs=130.199.48.82-9618&alias=rcas2063.rcf.bnl.gov&noUDP&sock=schedd_23786_1176>
...
001 (4597469.000.000) 2025-02-02 21:04:46 Job executing on host: <130.199.186.72:9618?addrs=130.199.186.72-9618&alias=spool1835.sdcc.bnl.gov&noUDP&sock=startd_55689_f707>
...
006 (4597469.000.000) 2025-02-02 21:04:54 Image size of job updated: 328488
	120  -  MemoryUsage of job (MB)
	122164  -  ResidentSetSize of job (KB)
...
005 (4597469.000.000) 2025-02-02 21:05:00 Job terminated.
	(1) Normal termination (return value 139)
		Usr 0 00:00:05, Sys 0 00:00:02  -  Run Remote Usage
		Usr 0 00:00:00, Sys 0 00:00:00  -  Run Local Usage
		Usr 0 00:00:05, Sys 0 00:00:02  -  Total Remote Usage
		Usr 0 00:00:00, Sys 0 00:00:00  -  Total Local Usage
	0  -  Run Bytes Sent By Job
	0  -  Run Bytes Received By Job
	0  -  Total Bytes Sent By Job
	0  -  Total Bytes Received By Job
	Partitionable Resources :    Usage  Request Allocated 
	   Cpus                 :                 1         1 
	   Disk (KB)            :        2        2   6681637 
	   Memory (MB)          :      120   128192    128256 
	   xferslots            :                           0 

	Job terminated of its own accord at 2025-02-03T02:05:00Z with exit-code 139.
...
000 (4607186.000.000) 2025-02-03 00:28:12 Job submitted from host: <130.199.48.82:9618?addrs=130.199.48.82-9618&alias=rcas2063.rcf.bnl.gov&noUDP&sock=schedd_23786_1176>
...
