000 (4595771.000.000) 2025-01-28 23:09:09 Job submitted from host: <130.199.48.82:9618?addrs=130.199.48.82-9618&alias=rcas2063.rcf.bnl.gov&noUDP&sock=schedd_23786_1176>
...
001 (4595771.000.000) 2025-01-29 01:29:09 Job executing on host: <130.199.184.197:9618?addrs=130.199.184.197-9618&alias=spool1772.sdcc.bnl.gov&noUDP&sock=startd_55688_a602>
...
006 (4595771.000.000) 2025-01-29 01:29:17 Image size of job updated: 198716
	0  -  MemoryUsage of job (MB)
	0  -  ResidentSetSize of job (KB)
...
005 (4595771.000.000) 2025-01-29 01:29:17 Job terminated.
	(1) Normal termination (return value 0)
		Usr 0 00:00:03, Sys 0 00:00:01  -  Run Remote Usage
		Usr 0 00:00:00, Sys 0 00:00:00  -  Run Local Usage
		Usr 0 00:00:03, Sys 0 00:00:01  -  Total Remote Usage
		Usr 0 00:00:00, Sys 0 00:00:00  -  Total Local Usage
	0  -  Run Bytes Sent By Job
	0  -  Run Bytes Received By Job
	0  -  Total Bytes Sent By Job
	0  -  Total Bytes Received By Job
	Partitionable Resources :    Usage  Request Allocated 
	   Cpus                 :                 1         1 
	   Disk (KB)            :        2        2   6681633 
	   Memory (MB)          :        0   128192    128256 
	   xferslots            :                           0 

	Job terminated of its own accord at 2025-01-29T06:29:17Z with exit-code 0.
...
000 (4596792.000.000) 2025-01-30 00:28:02 Job submitted from host: <130.199.48.82:9618?addrs=130.199.48.82-9618&alias=rcas2063.rcf.bnl.gov&noUDP&sock=schedd_23786_1176>
...
001 (4596792.000.000) 2025-01-30 18:34:42 Job executing on host: <130.199.184.202:9618?addrs=130.199.184.202-9618&alias=spool1777.sdcc.bnl.gov&noUDP&sock=startd_713_c146>
...
006 (4596792.000.000) 2025-01-30 18:34:50 Image size of job updated: 570656
	83  -  MemoryUsage of job (MB)
	84636  -  ResidentSetSize of job (KB)
...
006 (4596792.000.000) 2025-01-30 18:39:50 Image size of job updated: 3530140
	306  -  MemoryUsage of job (MB)
	312684  -  ResidentSetSize of job (KB)
...
006 (4596792.000.000) 2025-01-30 18:44:51 Image size of job updated: 6099460
	2875  -  MemoryUsage of job (MB)
	2943020  -  ResidentSetSize of job (KB)
...
006 (4596792.000.000) 2025-01-30 18:49:51 Image size of job updated: 9579388
	5879  -  MemoryUsage of job (MB)
	6019184  -  ResidentSetSize of job (KB)
...
006 (4596792.000.000) 2025-01-30 18:54:51 Image size of job updated: 14336004
	9792  -  MemoryUsage of job (MB)
	10026776  -  ResidentSetSize of job (KB)
...
006 (4596792.000.000) 2025-01-30 18:59:52 Image size of job updated: 17113276
	13860  -  MemoryUsage of job (MB)
	14192012  -  ResidentSetSize of job (KB)
...
006 (4596792.000.000) 2025-01-30 19:04:52 Image size of job updated: 20529992
	17106  -  MemoryUsage of job (MB)
	17515808  -  ResidentSetSize of job (KB)
...
006 (4596792.000.000) 2025-01-30 19:09:52 Image size of job updated: 23997880
	19975  -  MemoryUsage of job (MB)
	20453416  -  ResidentSetSize of job (KB)
...
006 (4596792.000.000) 2025-01-30 19:14:53 Image size of job updated: 27973344
	23505  -  MemoryUsage of job (MB)
	24068840  -  ResidentSetSize of job (KB)
...
006 (4596792.000.000) 2025-01-30 19:18:58 Image size of job updated: 30982580
	23505  -  MemoryUsage of job (MB)
	24068840  -  ResidentSetSize of job (KB)
...
005 (4596792.000.000) 2025-01-30 19:18:58 Job terminated.
	(1) Normal termination (return value 0)
		Usr 0 00:41:11, Sys 0 00:04:27  -  Run Remote Usage
		Usr 0 00:00:00, Sys 0 00:00:00  -  Run Local Usage
		Usr 0 00:41:11, Sys 0 00:04:27  -  Total Remote Usage
		Usr 0 00:00:00, Sys 0 00:00:00  -  Total Local Usage
	0  -  Run Bytes Sent By Job
	0  -  Run Bytes Received By Job
	0  -  Total Bytes Sent By Job
	0  -  Total Bytes Received By Job
	Partitionable Resources :    Usage  Request Allocated 
	   Cpus                 :     1.19        1         1 
	   Disk (KB)            :     2           2   6681625 
	   Memory (MB)          : 23505      128192    128256 
	   xferslots            :                           0 

	Job terminated of its own accord at 2025-01-31T00:18:58Z with exit-code 0.
...
000 (4597996.000.000) 2025-02-02 20:59:40 Job submitted from host: <130.199.48.82:9618?addrs=130.199.48.82-9618&alias=rcas2063.rcf.bnl.gov&noUDP&sock=schedd_23786_1176>
...
001 (4597996.000.000) 2025-02-02 21:06:08 Job executing on host: <130.199.150.94:9618?addrs=130.199.150.94-9618&alias=spool1575.sdcc.bnl.gov&noUDP&sock=startd_12389_0fc4>
...
006 (4597996.000.000) 2025-02-02 21:06:16 Image size of job updated: 2922084
	0  -  MemoryUsage of job (MB)
	0  -  ResidentSetSize of job (KB)
...
005 (4597996.000.000) 2025-02-02 21:06:17 Job terminated.
	(1) Normal termination (return value 139)
		Usr 0 00:00:05, Sys 0 00:00:02  -  Run Remote Usage
		Usr 0 00:00:00, Sys 0 00:00:00  -  Run Local Usage
		Usr 0 00:00:05, Sys 0 00:00:02  -  Total Remote Usage
		Usr 0 00:00:00, Sys 0 00:00:00  -  Total Local Usage
	0  -  Run Bytes Sent By Job
	0  -  Run Bytes Received By Job
	0  -  Total Bytes Sent By Job
	0  -  Total Bytes Received By Job
	Partitionable Resources :    Usage  Request Allocated 
	   Cpus                 :                 1         1 
	   Disk (KB)            :        2        2   6681229 
	   Memory (MB)          :        0   128192    128256 
	   xferslots            :                           0 

	Job terminated of its own accord at 2025-02-03T02:06:16Z with exit-code 139.
...
000 (4607713.000.000) 2025-02-03 00:29:12 Job submitted from host: <130.199.48.82:9618?addrs=130.199.48.82-9618&alias=rcas2063.rcf.bnl.gov&noUDP&sock=schedd_23786_1176>
...
