000 (4595524.000.000) 2025-01-28 23:08:49 Job submitted from host: <130.199.48.82:9618?addrs=130.199.48.82-9618&alias=rcas2063.rcf.bnl.gov&noUDP&sock=schedd_23786_1176>
...
001 (4595524.000.000) 2025-01-29 01:24:57 Job executing on host: <130.199.186.21:9618?addrs=130.199.186.21-9618&alias=spool1818.sdcc.bnl.gov&noUDP&sock=startd_15937_f573>
...
006 (4595524.000.000) 2025-01-29 01:25:05 Image size of job updated: 234672
	130  -  MemoryUsage of job (MB)
	132928  -  ResidentSetSize of job (KB)
...
006 (4595524.000.000) 2025-01-29 01:25:06 Image size of job updated: 234784
	130  -  MemoryUsage of job (MB)
	132976  -  ResidentSetSize of job (KB)
...
005 (4595524.000.000) 2025-01-29 01:25:06 Job terminated.
	(1) Normal termination (return value 0)
		Usr 0 00:00:04, Sys 0 00:00:01  -  Run Remote Usage
		Usr 0 00:00:00, Sys 0 00:00:00  -  Run Local Usage
		Usr 0 00:00:04, Sys 0 00:00:01  -  Total Remote Usage
		Usr 0 00:00:00, Sys 0 00:00:00  -  Total Local Usage
	0  -  Run Bytes Sent By Job
	0  -  Run Bytes Received By Job
	0  -  Total Bytes Sent By Job
	0  -  Total Bytes Received By Job
	Partitionable Resources :    Usage  Request Allocated 
	   Cpus                 :        0        1         1 
	   Disk (KB)            :        2        2   6681615 
	   Memory (MB)          :      130   128192    128256 
	   xferslots            :                           0 

	Job terminated of its own accord at 2025-01-29T06:25:06Z with exit-code 0.
...
000 (4596545.000.000) 2025-01-30 00:27:37 Job submitted from host: <130.199.48.82:9618?addrs=130.199.48.82-9618&alias=rcas2063.rcf.bnl.gov&noUDP&sock=schedd_23786_1176>
...
001 (4596545.000.000) 2025-01-30 15:50:18 Job executing on host: <130.199.186.68:9618?addrs=130.199.186.68-9618&alias=spool1831.sdcc.bnl.gov&noUDP&sock=startd_55842_6335>
...
006 (4596545.000.000) 2025-01-30 15:50:27 Image size of job updated: 112524
	61  -  MemoryUsage of job (MB)
	62136  -  ResidentSetSize of job (KB)
...
006 (4596545.000.000) 2025-01-30 15:55:28 Image size of job updated: 4482136
	353  -  MemoryUsage of job (MB)
	360712  -  ResidentSetSize of job (KB)
...
006 (4596545.000.000) 2025-01-30 16:00:28 Image size of job updated: 6561968
	3345  -  MemoryUsage of job (MB)
	3425136  -  ResidentSetSize of job (KB)
...
006 (4596545.000.000) 2025-01-30 16:05:29 Image size of job updated: 9493852
	5489  -  MemoryUsage of job (MB)
	5620540  -  ResidentSetSize of job (KB)
...
006 (4596545.000.000) 2025-01-30 16:10:30 Image size of job updated: 13100572
	9172  -  MemoryUsage of job (MB)
	9391252  -  ResidentSetSize of job (KB)
...
006 (4596545.000.000) 2025-01-30 16:15:30 Image size of job updated: 15352248
	11744  -  MemoryUsage of job (MB)
	12025316  -  ResidentSetSize of job (KB)
...
006 (4596545.000.000) 2025-01-30 16:20:30 Image size of job updated: 18369116
	14145  -  MemoryUsage of job (MB)
	14483652  -  ResidentSetSize of job (KB)
...
006 (4596545.000.000) 2025-01-30 16:25:31 Image size of job updated: 21920904
	17591  -  MemoryUsage of job (MB)
	18012868  -  ResidentSetSize of job (KB)
...
006 (4596545.000.000) 2025-01-30 16:30:31 Image size of job updated: 26222040
	20876  -  MemoryUsage of job (MB)
	21376948  -  ResidentSetSize of job (KB)
...
006 (4596545.000.000) 2025-01-30 16:35:31 Image size of job updated: 27892320
	23977  -  MemoryUsage of job (MB)
	24551852  -  ResidentSetSize of job (KB)
...
006 (4596545.000.000) 2025-01-30 16:40:32 Image size of job updated: 30917380
	27211  -  MemoryUsage of job (MB)
	27863352  -  ResidentSetSize of job (KB)
...
006 (4596545.000.000) 2025-01-30 16:45:32 Image size of job updated: 34260888
	30584  -  MemoryUsage of job (MB)
	31317756  -  ResidentSetSize of job (KB)
...
006 (4596545.000.000) 2025-01-30 16:50:32 Image size of job updated: 38916428
	34031  -  MemoryUsage of job (MB)
	34847340  -  ResidentSetSize of job (KB)
...
006 (4596545.000.000) 2025-01-30 16:55:33 Image size of job updated: 41287576
	37197  -  MemoryUsage of job (MB)
	38089312  -  ResidentSetSize of job (KB)
...
006 (4596545.000.000) 2025-01-30 17:00:34 Image size of job updated: 43700996
	38806  -  MemoryUsage of job (MB)
	39736668  -  ResidentSetSize of job (KB)
...
006 (4596545.000.000) 2025-01-30 17:05:34 Image size of job updated: 47010628
	42200  -  MemoryUsage of job (MB)
	43212064  -  ResidentSetSize of job (KB)
...
006 (4596545.000.000) 2025-01-30 17:06:12 Image size of job updated: 47010628
	42200  -  MemoryUsage of job (MB)
	43212324  -  ResidentSetSize of job (KB)
...
005 (4596545.000.000) 2025-01-30 17:06:12 Job terminated.
	(1) Normal termination (return value 0)
		Usr 0 01:01:07, Sys 0 00:06:59  -  Run Remote Usage
		Usr 0 00:00:00, Sys 0 00:00:00  -  Run Local Usage
		Usr 0 01:01:07, Sys 0 00:06:59  -  Total Remote Usage
		Usr 0 00:00:00, Sys 0 00:00:00  -  Total Local Usage
	0  -  Run Bytes Sent By Job
	0  -  Run Bytes Received By Job
	0  -  Total Bytes Sent By Job
	0  -  Total Bytes Received By Job
	Partitionable Resources :    Usage  Request Allocated 
	   Cpus                 :     0.75        1         1 
	   Disk (KB)            :     2           2   6681625 
	   Memory (MB)          : 42200      128192    128256 
	   xferslots            :                           0 

	Job terminated of its own accord at 2025-01-30T22:06:12Z with exit-code 0.
...
000 (4597749.000.000) 2025-02-02 20:59:13 Job submitted from host: <130.199.48.82:9618?addrs=130.199.48.82-9618&alias=rcas2063.rcf.bnl.gov&noUDP&sock=schedd_23786_1176>
...
001 (4597749.000.000) 2025-02-02 21:05:41 Job executing on host: <130.199.184.203:9618?addrs=130.199.184.203-9618&alias=spool1778.sdcc.bnl.gov&noUDP&sock=startd_34041_a570>
...
006 (4597749.000.000) 2025-02-02 21:05:49 Image size of job updated: 3589616
	0  -  MemoryUsage of job (MB)
	0  -  ResidentSetSize of job (KB)
...
005 (4597749.000.000) 2025-02-02 21:05:49 Job terminated.
	(1) Normal termination (return value 139)
		Usr 0 00:00:05, Sys 0 00:00:01  -  Run Remote Usage
		Usr 0 00:00:00, Sys 0 00:00:00  -  Run Local Usage
		Usr 0 00:00:05, Sys 0 00:00:01  -  Total Remote Usage
		Usr 0 00:00:00, Sys 0 00:00:00  -  Total Local Usage
	0  -  Run Bytes Sent By Job
	0  -  Run Bytes Received By Job
	0  -  Total Bytes Sent By Job
	0  -  Total Bytes Received By Job
	Partitionable Resources :    Usage  Request Allocated 
	   Cpus                 :                 1         1 
	   Disk (KB)            :        2        2   6681624 
	   Memory (MB)          :        0   128192    128256 
	   xferslots            :                           0 

	Job terminated of its own accord at 2025-02-03T02:05:49Z with exit-code 139.
...
000 (4607466.000.000) 2025-02-03 00:28:43 Job submitted from host: <130.199.48.82:9618?addrs=130.199.48.82-9618&alias=rcas2063.rcf.bnl.gov&noUDP&sock=schedd_23786_1176>
...
