000 (4599080.000.000) 2025-02-02 21:01:36 Job submitted from host: <130.199.48.82:9618?addrs=130.199.48.82-9618&alias=rcas2063.rcf.bnl.gov&noUDP&sock=schedd_23786_1176>
...
001 (4599080.000.000) 2025-02-02 21:07:39 Job executing on host: <130.199.151.3:9618?addrs=130.199.151.3-9618&alias=spool1581.sdcc.bnl.gov&noUDP&sock=startd_32933_fa6d>
...
006 (4599080.000.000) 2025-02-02 21:07:47 Image size of job updated: 368160
	233  -  MemoryUsage of job (MB)
	237696  -  ResidentSetSize of job (KB)
...
006 (4599080.000.000) 2025-02-02 21:07:48 Image size of job updated: 376132
	240  -  MemoryUsage of job (MB)
	245668  -  ResidentSetSize of job (KB)
...
005 (4599080.000.000) 2025-02-02 21:07:49 Job terminated.
	(1) Normal termination (return value 139)
		Usr 0 00:00:04, Sys 0 00:00:02  -  Run Remote Usage
		Usr 0 00:00:00, Sys 0 00:00:00  -  Run Local Usage
		Usr 0 00:00:04, Sys 0 00:00:02  -  Total Remote Usage
		Usr 0 00:00:00, Sys 0 00:00:00  -  Total Local Usage
	0  -  Run Bytes Sent By Job
	0  -  Run Bytes Received By Job
	0  -  Total Bytes Sent By Job
	0  -  Total Bytes Received By Job
	Partitionable Resources :    Usage  Request Allocated 
	   Cpus                 :                 1         1 
	   Disk (KB)            :        2        2   6681222 
	   Memory (MB)          :      240   128192    128256 
	   xferslots            :                           0 

	Job terminated of its own accord at 2025-02-03T02:07:48Z with exit-code 139.
...
