000 (4595851.000.000) 2025-01-28 23:09:15 Job submitted from host: <130.199.48.82:9618?addrs=130.199.48.82-9618&alias=rcas2063.rcf.bnl.gov&noUDP&sock=schedd_23786_1176>
...
001 (4595851.000.000) 2025-01-29 01:30:33 Job executing on host: <130.199.151.33:9618?addrs=130.199.151.33-9618&alias=spool1611.sdcc.bnl.gov&noUDP&sock=startd_368_911c>
...
006 (4595851.000.000) 2025-01-29 01:30:42 Image size of job updated: 271256
	135  -  MemoryUsage of job (MB)
	137524  -  ResidentSetSize of job (KB)
...
006 (4595851.000.000) 2025-01-29 01:30:43 Image size of job updated: 271380
	135  -  MemoryUsage of job (MB)
	137648  -  ResidentSetSize of job (KB)
...
005 (4595851.000.000) 2025-01-29 01:30:44 Job terminated.
	(1) Normal termination (return value 0)
		Usr 0 00:00:03, Sys 0 00:00:02  -  Run Remote Usage
		Usr 0 00:00:00, Sys 0 00:00:00  -  Run Local Usage
		Usr 0 00:00:03, Sys 0 00:00:02  -  Total Remote Usage
		Usr 0 00:00:00, Sys 0 00:00:00  -  Total Local Usage
	0  -  Run Bytes Sent By Job
	0  -  Run Bytes Received By Job
	0  -  Total Bytes Sent By Job
	0  -  Total Bytes Received By Job
	Partitionable Resources :    Usage  Request Allocated 
	   Cpus                 :                 1         1 
	   Disk (KB)            :        2        2   6681232 
	   Memory (MB)          :      135   128192    128256 
	   xferslots            :                           0 

	Job terminated of its own accord at 2025-01-29T06:30:43Z with exit-code 0.
...
000 (4596872.000.000) 2025-01-30 00:28:09 Job submitted from host: <130.199.48.82:9618?addrs=130.199.48.82-9618&alias=rcas2063.rcf.bnl.gov&noUDP&sock=schedd_23786_1176>
...
001 (4596872.000.000) 2025-01-30 19:22:53 Job executing on host: <130.199.151.4:9618?addrs=130.199.151.4-9618&alias=spool1582.sdcc.bnl.gov&noUDP&sock=startd_39246_f689>
...
006 (4596872.000.000) 2025-01-30 19:23:02 Image size of job updated: 147872
	77  -  MemoryUsage of job (MB)
	78608  -  ResidentSetSize of job (KB)
...
006 (4596872.000.000) 2025-01-30 19:28:02 Image size of job updated: 5276780
	1233  -  MemoryUsage of job (MB)
	1262428  -  ResidentSetSize of job (KB)
...
006 (4596872.000.000) 2025-01-30 19:29:31 Image size of job updated: 5842888
	2703  -  MemoryUsage of job (MB)
	2767452  -  ResidentSetSize of job (KB)
...
006 (4596872.000.000) 2025-01-30 19:29:31 Image size of job updated: 5902088
	2709  -  MemoryUsage of job (MB)
	2773488  -  ResidentSetSize of job (KB)
...
004 (4596872.000.000) 2025-01-30 19:29:31 Job was evicted.
	(0) CPU times
		Usr 0 00:04:18, Sys 0 00:00:32  -  Run Remote Usage
		Usr 0 00:00:00, Sys 0 00:00:00  -  Run Local Usage
	0  -  Run Bytes Sent By Job
	0  -  Run Bytes Received By Job
	Partitionable Resources :    Usage  Request Allocated 
	   Cpus                 :        0        1         1 
	   Disk (KB)            :        2        2   6681231 
	   Memory (MB)          :     2709   128192    128256 
	   xferslots            :                           0 
...
009 (4596872.000.000) 2025-01-30 19:29:31 Job was aborted.
	via condor_rm (by user sgross)

	Job terminated by <130.199.48.82:42906> at 2025-01-31T00:29:31Z (using method 1: DEACTIVATE_CLAIM).
...
000 (4598076.000.000) 2025-02-02 20:59:50 Job submitted from host: <130.199.48.82:9618?addrs=130.199.48.82-9618&alias=rcas2063.rcf.bnl.gov&noUDP&sock=schedd_23786_1176>
...
001 (4598076.000.000) 2025-02-02 21:06:17 Job executing on host: <130.199.150.94:9618?addrs=130.199.150.94-9618&alias=spool1575.sdcc.bnl.gov&noUDP&sock=startd_12389_0fc4>
...
006 (4598076.000.000) 2025-02-02 21:06:25 Image size of job updated: 474244
	335  -  MemoryUsage of job (MB)
	342768  -  ResidentSetSize of job (KB)
...
006 (4598076.000.000) 2025-02-02 21:06:26 Image size of job updated: 474252
	335  -  MemoryUsage of job (MB)
	342776  -  ResidentSetSize of job (KB)
...
005 (4598076.000.000) 2025-02-02 21:06:26 Job terminated.
	(1) Normal termination (return value 139)
		Usr 0 00:00:06, Sys 0 00:00:01  -  Run Remote Usage
		Usr 0 00:00:00, Sys 0 00:00:00  -  Run Local Usage
		Usr 0 00:00:06, Sys 0 00:00:01  -  Total Remote Usage
		Usr 0 00:00:00, Sys 0 00:00:00  -  Total Local Usage
	0  -  Run Bytes Sent By Job
	0  -  Run Bytes Received By Job
	0  -  Total Bytes Sent By Job
	0  -  Total Bytes Received By Job
	Partitionable Resources :    Usage  Request Allocated 
	   Cpus                 :        0        1         1 
	   Disk (KB)            :        2        2   6681229 
	   Memory (MB)          :      335   128192    128256 
	   xferslots            :                           0 

	Job terminated of its own accord at 2025-02-03T02:06:26Z with exit-code 139.
...
000 (4607793.000.000) 2025-02-03 00:29:21 Job submitted from host: <130.199.48.82:9618?addrs=130.199.48.82-9618&alias=rcas2063.rcf.bnl.gov&noUDP&sock=schedd_23786_1176>
...
