000 (4603043.000.000) 2025-02-02 21:11:04 Job submitted from host: <130.199.48.82:9618?addrs=130.199.48.82-9618&alias=rcas2063.rcf.bnl.gov&noUDP&sock=schedd_23786_1176>
...
001 (4603043.000.000) 2025-02-02 21:12:45 Job executing on host: <130.199.150.97:9618?addrs=130.199.150.97-9618&alias=spool1578.sdcc.bnl.gov&noUDP&sock=startd_55995_cf62>
...
006 (4603043.000.000) 2025-02-02 21:12:54 Image size of job updated: 228924
	130  -  MemoryUsage of job (MB)
	132424  -  ResidentSetSize of job (KB)
...
006 (4603043.000.000) 2025-02-02 21:12:58 Image size of job updated: 2928116
	135  -  MemoryUsage of job (MB)
	137956  -  ResidentSetSize of job (KB)
...
005 (4603043.000.000) 2025-02-02 21:12:58 Job terminated.
	(1) Normal termination (return value 139)
		Usr 0 00:00:06, Sys 0 00:00:02  -  Run Remote Usage
		Usr 0 00:00:00, Sys 0 00:00:00  -  Run Local Usage
		Usr 0 00:00:06, Sys 0 00:00:02  -  Total Remote Usage
		Usr 0 00:00:00, Sys 0 00:00:00  -  Total Local Usage
	0  -  Run Bytes Sent By Job
	0  -  Run Bytes Received By Job
	0  -  Total Bytes Sent By Job
	0  -  Total Bytes Received By Job
	Partitionable Resources :    Usage  Request Allocated 
	   Cpus                 :                 1         1 
	   Disk (KB)            :        2        2   6681175 
	   Memory (MB)          :      135   128192    128256 
	   xferslots            :                           0 

	Job terminated of its own accord at 2025-02-03T02:12:58Z with exit-code 139.
...
