000 (4595384.000.000) 2025-01-28 23:08:37 Job submitted from host: <130.199.48.82:9618?addrs=130.199.48.82-9618&alias=rcas2063.rcf.bnl.gov&noUDP&sock=schedd_23786_1176>
...
001 (4595384.000.000) 2025-01-29 01:21:08 Job executing on host: <130.199.151.8:9618?addrs=130.199.151.8-9618&alias=spool1586.sdcc.bnl.gov&noUDP&sock=startd_10002_9b31>
...
006 (4595384.000.000) 2025-01-29 01:21:17 Image size of job updated: 195692
	0  -  MemoryUsage of job (MB)
	0  -  ResidentSetSize of job (KB)
...
005 (4595384.000.000) 2025-01-29 01:21:17 Job terminated.
	(1) Normal termination (return value 0)
		Usr 0 00:00:04, Sys 0 00:00:01  -  Run Remote Usage
		Usr 0 00:00:00, Sys 0 00:00:00  -  Run Local Usage
		Usr 0 00:00:04, Sys 0 00:00:01  -  Total Remote Usage
		Usr 0 00:00:00, Sys 0 00:00:00  -  Total Local Usage
	0  -  Run Bytes Sent By Job
	0  -  Run Bytes Received By Job
	0  -  Total Bytes Sent By Job
	0  -  Total Bytes Received By Job
	Partitionable Resources :    Usage  Request Allocated 
	   Cpus                 :                 1         1 
	   Disk (KB)            :        2        2   6681168 
	   Memory (MB)          :        0   128192    128256 
	   xferslots            :                           0 

	Job terminated of its own accord at 2025-01-29T06:21:17Z with exit-code 0.
...
000 (4596405.000.000) 2025-01-30 00:27:23 Job submitted from host: <130.199.48.82:9618?addrs=130.199.48.82-9618&alias=rcas2063.rcf.bnl.gov&noUDP&sock=schedd_23786_1176>
...
001 (4596405.000.000) 2025-01-30 14:05:50 Job executing on host: <130.199.186.13:9618?addrs=130.199.186.13-9618&alias=spool1810.sdcc.bnl.gov&noUDP&sock=startd_72567_a38e>
...
006 (4596405.000.000) 2025-01-30 14:05:59 Image size of job updated: 13116
	7  -  MemoryUsage of job (MB)
	6756  -  ResidentSetSize of job (KB)
...
006 (4596405.000.000) 2025-01-30 14:11:00 Image size of job updated: 3524776
	306  -  MemoryUsage of job (MB)
	312952  -  ResidentSetSize of job (KB)
...
006 (4596405.000.000) 2025-01-30 14:16:01 Image size of job updated: 5858640
	2822  -  MemoryUsage of job (MB)
	2889296  -  ResidentSetSize of job (KB)
...
006 (4596405.000.000) 2025-01-30 14:21:01 Image size of job updated: 9725444
	6212  -  MemoryUsage of job (MB)
	6360268  -  ResidentSetSize of job (KB)
...
006 (4596405.000.000) 2025-01-30 14:26:01 Image size of job updated: 14028816
	9694  -  MemoryUsage of job (MB)
	9926012  -  ResidentSetSize of job (KB)
...
006 (4596405.000.000) 2025-01-30 14:31:02 Image size of job updated: 18309932
	12919  -  MemoryUsage of job (MB)
	13228904  -  ResidentSetSize of job (KB)
...
006 (4596405.000.000) 2025-01-30 14:36:02 Image size of job updated: 18857356
	15505  -  MemoryUsage of job (MB)
	15876236  -  ResidentSetSize of job (KB)
...
006 (4596405.000.000) 2025-01-30 14:41:02 Image size of job updated: 22977556
	18194  -  MemoryUsage of job (MB)
	18630392  -  ResidentSetSize of job (KB)
...
006 (4596405.000.000) 2025-01-30 14:46:03 Image size of job updated: 25504364
	21849  -  MemoryUsage of job (MB)
	22372804  -  ResidentSetSize of job (KB)
...
006 (4596405.000.000) 2025-01-30 14:51:03 Image size of job updated: 28147088
	24267  -  MemoryUsage of job (MB)
	24849368  -  ResidentSetSize of job (KB)
...
006 (4596405.000.000) 2025-01-30 14:56:03 Image size of job updated: 31603908
	27185  -  MemoryUsage of job (MB)
	27837288  -  ResidentSetSize of job (KB)
...
006 (4596405.000.000) 2025-01-30 15:01:04 Image size of job updated: 33061364
	29261  -  MemoryUsage of job (MB)
	29963128  -  ResidentSetSize of job (KB)
...
006 (4596405.000.000) 2025-01-30 15:06:05 Image size of job updated: 36454276
	31333  -  MemoryUsage of job (MB)
	32084760  -  ResidentSetSize of job (KB)
...
006 (4596405.000.000) 2025-01-30 15:11:05 Image size of job updated: 37706048
	33860  -  MemoryUsage of job (MB)
	34671976  -  ResidentSetSize of job (KB)
...
006 (4596405.000.000) 2025-01-30 15:16:06 Image size of job updated: 41215696
	36031  -  MemoryUsage of job (MB)
	36895504  -  ResidentSetSize of job (KB)
...
006 (4596405.000.000) 2025-01-30 15:21:07 Image size of job updated: 43094900
	38986  -  MemoryUsage of job (MB)
	39921264  -  ResidentSetSize of job (KB)
...
006 (4596405.000.000) 2025-01-30 15:26:07 Image size of job updated: 45149248
	40346  -  MemoryUsage of job (MB)
	41313960  -  ResidentSetSize of job (KB)
...
006 (4596405.000.000) 2025-01-30 15:31:07 Image size of job updated: 47961876
	43164  -  MemoryUsage of job (MB)
	44198956  -  ResidentSetSize of job (KB)
...
006 (4596405.000.000) 2025-01-30 15:36:08 Image size of job updated: 49120052
	43989  -  MemoryUsage of job (MB)
	45044496  -  ResidentSetSize of job (KB)
...
006 (4596405.000.000) 2025-01-30 15:41:08 Image size of job updated: 50590428
	46376  -  MemoryUsage of job (MB)
	47488264  -  ResidentSetSize of job (KB)
...
006 (4596405.000.000) 2025-01-30 15:46:09 Image size of job updated: 52977392
	47417  -  MemoryUsage of job (MB)
	48554764  -  ResidentSetSize of job (KB)
...
006 (4596405.000.000) 2025-01-30 15:51:10 Image size of job updated: 53672360
	49134  -  MemoryUsage of job (MB)
	50312196  -  ResidentSetSize of job (KB)
...
006 (4596405.000.000) 2025-01-30 15:56:10 Image size of job updated: 56635948
	51319  -  MemoryUsage of job (MB)
	52550116  -  ResidentSetSize of job (KB)
...
006 (4596405.000.000) 2025-01-30 16:01:11 Image size of job updated: 56884156
	52172  -  MemoryUsage of job (MB)
	53424008  -  ResidentSetSize of job (KB)
...
006 (4596405.000.000) 2025-01-30 16:06:12 Image size of job updated: 59701716
	54679  -  MemoryUsage of job (MB)
	55990804  -  ResidentSetSize of job (KB)
...
006 (4596405.000.000) 2025-01-30 16:06:57 Image size of job updated: 59701716
	54679  -  MemoryUsage of job (MB)
	55990824  -  ResidentSetSize of job (KB)
...
005 (4596405.000.000) 2025-01-30 16:06:57 Job terminated.
	(1) Normal termination (return value 0)
		Usr 0 01:27:54, Sys 0 00:09:32  -  Run Remote Usage
		Usr 0 00:00:00, Sys 0 00:00:00  -  Run Local Usage
		Usr 0 01:27:54, Sys 0 00:09:32  -  Total Remote Usage
		Usr 0 00:00:00, Sys 0 00:00:00  -  Total Local Usage
	0  -  Run Bytes Sent By Job
	0  -  Run Bytes Received By Job
	0  -  Total Bytes Sent By Job
	0  -  Total Bytes Received By Job
	Partitionable Resources :    Usage  Request Allocated 
	   Cpus                 :     0.47        1         1 
	   Disk (KB)            :     2           2   6681629 
	   Memory (MB)          : 54679      128192    128256 
	   xferslots            :                           0 

	Job terminated of its own accord at 2025-01-30T21:06:57Z with exit-code 0.
...
000 (4597609.000.000) 2025-02-02 20:58:57 Job submitted from host: <130.199.48.82:9618?addrs=130.199.48.82-9618&alias=rcas2063.rcf.bnl.gov&noUDP&sock=schedd_23786_1176>
...
001 (4597609.000.000) 2025-02-02 21:05:19 Job executing on host: <130.199.150.71:9618?addrs=130.199.150.71-9618&alias=spool1552.sdcc.bnl.gov&noUDP&sock=startd_82644_e1d6>
...
006 (4597609.000.000) 2025-02-02 21:05:28 Image size of job updated: 470436
	336  -  MemoryUsage of job (MB)
	343468  -  ResidentSetSize of job (KB)
...
005 (4597609.000.000) 2025-02-02 21:05:29 Job terminated.
	(1) Normal termination (return value 139)
		Usr 0 00:00:06, Sys 0 00:00:02  -  Run Remote Usage
		Usr 0 00:00:00, Sys 0 00:00:00  -  Run Local Usage
		Usr 0 00:00:06, Sys 0 00:00:02  -  Total Remote Usage
		Usr 0 00:00:00, Sys 0 00:00:00  -  Total Local Usage
	0  -  Run Bytes Sent By Job
	0  -  Run Bytes Received By Job
	0  -  Total Bytes Sent By Job
	0  -  Total Bytes Received By Job
	Partitionable Resources :    Usage  Request Allocated 
	   Cpus                 :                 1         1 
	   Disk (KB)            :        2        2   6681233 
	   Memory (MB)          :      336   128192    128256 
	   xferslots            :                           0 

	Job terminated of its own accord at 2025-02-03T02:05:29Z with exit-code 139.
...
