000 (4595570.000.000) 2025-01-28 23:08:52 Job submitted from host: <130.199.48.82:9618?addrs=130.199.48.82-9618&alias=rcas2063.rcf.bnl.gov&noUDP&sock=schedd_23786_1176>
...
001 (4595570.000.000) 2025-01-29 01:25:42 Job executing on host: <130.199.184.158:9618?addrs=130.199.184.158-9618&alias=spool1767.sdcc.bnl.gov&noUDP&sock=startd_62920_7c34>
...
006 (4595570.000.000) 2025-01-29 01:25:50 Image size of job updated: 216248
	121  -  MemoryUsage of job (MB)
	123852  -  ResidentSetSize of job (KB)
...
006 (4595570.000.000) 2025-01-29 01:25:52 Image size of job updated: 216668
	121  -  MemoryUsage of job (MB)
	123896  -  ResidentSetSize of job (KB)
...
005 (4595570.000.000) 2025-01-29 01:25:52 Job terminated.
	(1) Normal termination (return value 0)
		Usr 0 00:00:03, Sys 0 00:00:01  -  Run Remote Usage
		Usr 0 00:00:00, Sys 0 00:00:00  -  Run Local Usage
		Usr 0 00:00:03, Sys 0 00:00:01  -  Total Remote Usage
		Usr 0 00:00:00, Sys 0 00:00:00  -  Total Local Usage
	0  -  Run Bytes Sent By Job
	0  -  Run Bytes Received By Job
	0  -  Total Bytes Sent By Job
	0  -  Total Bytes Received By Job
	Partitionable Resources :    Usage  Request Allocated 
	   Cpus                 :                 1         1 
	   Disk (KB)            :        2        2   6681619 
	   Memory (MB)          :      121   128192    128256 
	   xferslots            :                           0 

	Job terminated of its own accord at 2025-01-29T06:25:52Z with exit-code 0.
...
000 (4596591.000.000) 2025-01-30 00:27:42 Job submitted from host: <130.199.48.82:9618?addrs=130.199.48.82-9618&alias=rcas2063.rcf.bnl.gov&noUDP&sock=schedd_23786_1176>
...
001 (4596591.000.000) 2025-01-30 16:18:40 Job executing on host: <130.199.150.68:9618?addrs=130.199.150.68-9618&alias=spool1549.sdcc.bnl.gov&noUDP&sock=startd_81798_2244>
...
006 (4596591.000.000) 2025-01-30 16:18:48 Image size of job updated: 175352
	76  -  MemoryUsage of job (MB)
	77496  -  ResidentSetSize of job (KB)
...
006 (4596591.000.000) 2025-01-30 16:23:48 Image size of job updated: 3038900
	168  -  MemoryUsage of job (MB)
	171356  -  ResidentSetSize of job (KB)
...
006 (4596591.000.000) 2025-01-30 16:28:49 Image size of job updated: 5221684
	1430  -  MemoryUsage of job (MB)
	1463816  -  ResidentSetSize of job (KB)
...
006 (4596591.000.000) 2025-01-30 16:33:50 Image size of job updated: 8898768
	4978  -  MemoryUsage of job (MB)
	5096788  -  ResidentSetSize of job (KB)
...
006 (4596591.000.000) 2025-01-30 16:38:50 Image size of job updated: 13422980
	8773  -  MemoryUsage of job (MB)
	8983320  -  ResidentSetSize of job (KB)
...
006 (4596591.000.000) 2025-01-30 16:43:51 Image size of job updated: 17434964
	12442  -  MemoryUsage of job (MB)
	12740204  -  ResidentSetSize of job (KB)
...
006 (4596591.000.000) 2025-01-30 16:48:52 Image size of job updated: 19695952
	16211  -  MemoryUsage of job (MB)
	16599192  -  ResidentSetSize of job (KB)
...
006 (4596591.000.000) 2025-01-30 16:53:52 Image size of job updated: 22623184
	19160  -  MemoryUsage of job (MB)
	19618856  -  ResidentSetSize of job (KB)
...
006 (4596591.000.000) 2025-01-30 16:58:52 Image size of job updated: 25882956
	22153  -  MemoryUsage of job (MB)
	22684392  -  ResidentSetSize of job (KB)
...
006 (4596591.000.000) 2025-01-30 17:03:53 Image size of job updated: 30659128
	25547  -  MemoryUsage of job (MB)
	26159776  -  ResidentSetSize of job (KB)
...
006 (4596591.000.000) 2025-01-30 17:08:53 Image size of job updated: 33327768
	29531  -  MemoryUsage of job (MB)
	30239192  -  ResidentSetSize of job (KB)
...
006 (4596591.000.000) 2025-01-30 17:13:53 Image size of job updated: 36084000
	32048  -  MemoryUsage of job (MB)
	32816888  -  ResidentSetSize of job (KB)
...
006 (4596591.000.000) 2025-01-30 17:18:54 Image size of job updated: 39718916
	34829  -  MemoryUsage of job (MB)
	35664112  -  ResidentSetSize of job (KB)
...
006 (4596591.000.000) 2025-01-30 17:23:55 Image size of job updated: 43452836
	38141  -  MemoryUsage of job (MB)
	39055500  -  ResidentSetSize of job (KB)
...
006 (4596591.000.000) 2025-01-30 17:28:55 Image size of job updated: 44657832
	40697  -  MemoryUsage of job (MB)
	41673704  -  ResidentSetSize of job (KB)
...
006 (4596591.000.000) 2025-01-30 17:33:56 Image size of job updated: 47592744
	42995  -  MemoryUsage of job (MB)
	44026364  -  ResidentSetSize of job (KB)
...
006 (4596591.000.000) 2025-01-30 17:38:57 Image size of job updated: 51268396
	45785  -  MemoryUsage of job (MB)
	46883052  -  ResidentSetSize of job (KB)
...
006 (4596591.000.000) 2025-01-30 17:43:57 Image size of job updated: 53744656
	49425  -  MemoryUsage of job (MB)
	50610504  -  ResidentSetSize of job (KB)
...
006 (4596591.000.000) 2025-01-30 17:48:58 Image size of job updated: 56224060
	51869  -  MemoryUsage of job (MB)
	53113768  -  ResidentSetSize of job (KB)
...
006 (4596591.000.000) 2025-01-30 17:51:14 Image size of job updated: 58139444
	51869  -  MemoryUsage of job (MB)
	53113768  -  ResidentSetSize of job (KB)
...
005 (4596591.000.000) 2025-01-30 17:51:14 Job terminated.
	(1) Normal termination (return value 0)
		Usr 0 01:21:41, Sys 0 00:10:21  -  Run Remote Usage
		Usr 0 00:00:00, Sys 0 00:00:00  -  Run Local Usage
		Usr 0 01:21:41, Sys 0 00:10:21  -  Total Remote Usage
		Usr 0 00:00:00, Sys 0 00:00:00  -  Total Local Usage
	0  -  Run Bytes Sent By Job
	0  -  Run Bytes Received By Job
	0  -  Total Bytes Sent By Job
	0  -  Total Bytes Received By Job
	Partitionable Resources :    Usage  Request Allocated 
	   Cpus                 :     0.99        1         1 
	   Disk (KB)            :     2           2   6681154 
	   Memory (MB)          : 51869      128192    128256 
	   xferslots            :                           0 

	Job terminated of its own accord at 2025-01-30T22:51:14Z with exit-code 0.
...
000 (4597795.000.000) 2025-02-02 20:59:18 Job submitted from host: <130.199.48.82:9618?addrs=130.199.48.82-9618&alias=rcas2063.rcf.bnl.gov&noUDP&sock=schedd_23786_1176>
...
001 (4597795.000.000) 2025-02-02 21:05:47 Job executing on host: <130.199.186.22:9618?addrs=130.199.186.22-9618&alias=spool1819.sdcc.bnl.gov&noUDP&sock=startd_21241_9b9b>
...
006 (4597795.000.000) 2025-02-02 21:05:55 Image size of job updated: 152312
	74  -  MemoryUsage of job (MB)
	74980  -  ResidentSetSize of job (KB)
...
006 (4597795.000.000) 2025-02-02 21:06:06 Image size of job updated: 2933856
	74  -  MemoryUsage of job (MB)
	74984  -  ResidentSetSize of job (KB)
...
005 (4597795.000.000) 2025-02-02 21:06:06 Job terminated.
	(1) Normal termination (return value 139)
		Usr 0 00:00:06, Sys 0 00:00:02  -  Run Remote Usage
		Usr 0 00:00:00, Sys 0 00:00:00  -  Run Local Usage
		Usr 0 00:00:06, Sys 0 00:00:02  -  Total Remote Usage
		Usr 0 00:00:00, Sys 0 00:00:00  -  Total Local Usage
	0  -  Run Bytes Sent By Job
	0  -  Run Bytes Received By Job
	0  -  Total Bytes Sent By Job
	0  -  Total Bytes Received By Job
	Partitionable Resources :    Usage  Request Allocated 
	   Cpus                 :                 1         1 
	   Disk (KB)            :        2        2   6681624 
	   Memory (MB)          :       74   128192    128256 
	   xferslots            :                           0 

	Job terminated of its own accord at 2025-02-03T02:06:06Z with exit-code 139.
...
000 (4607512.000.000) 2025-02-03 00:28:49 Job submitted from host: <130.199.48.82:9618?addrs=130.199.48.82-9618&alias=rcas2063.rcf.bnl.gov&noUDP&sock=schedd_23786_1176>
...
