000 (4595803.000.000) 2025-01-28 23:09:11 Job submitted from host: <130.199.48.82:9618?addrs=130.199.48.82-9618&alias=rcas2063.rcf.bnl.gov&noUDP&sock=schedd_23786_1176>
...
001 (4595803.000.000) 2025-01-29 01:29:38 Job executing on host: <130.199.184.197:9618?addrs=130.199.184.197-9618&alias=spool1772.sdcc.bnl.gov&noUDP&sock=startd_55688_a602>
...
006 (4595803.000.000) 2025-01-29 01:29:47 Image size of job updated: 226272
	123  -  MemoryUsage of job (MB)
	125520  -  ResidentSetSize of job (KB)
...
006 (4595803.000.000) 2025-01-29 01:29:49 Image size of job updated: 226396
	123  -  MemoryUsage of job (MB)
	125628  -  ResidentSetSize of job (KB)
...
005 (4595803.000.000) 2025-01-29 01:29:49 Job terminated.
	(1) Normal termination (return value 0)
		Usr 0 00:00:04, Sys 0 00:00:02  -  Run Remote Usage
		Usr 0 00:00:00, Sys 0 00:00:00  -  Run Local Usage
		Usr 0 00:00:04, Sys 0 00:00:02  -  Total Remote Usage
		Usr 0 00:00:00, Sys 0 00:00:00  -  Total Local Usage
	0  -  Run Bytes Sent By Job
	0  -  Run Bytes Received By Job
	0  -  Total Bytes Sent By Job
	0  -  Total Bytes Received By Job
	Partitionable Resources :    Usage  Request Allocated 
	   Cpus                 :                 1         1 
	   Disk (KB)            :        2        2   6681633 
	   Memory (MB)          :      123   128192    128256 
	   xferslots            :                           0 

	Job terminated of its own accord at 2025-01-29T06:29:49Z with exit-code 0.
...
000 (4596824.000.000) 2025-01-30 00:28:05 Job submitted from host: <130.199.48.82:9618?addrs=130.199.48.82-9618&alias=rcas2063.rcf.bnl.gov&noUDP&sock=schedd_23786_1176>
...
001 (4596824.000.000) 2025-01-30 19:00:10 Job executing on host: <130.199.207.216:9618?addrs=130.199.207.216-9618&alias=spool1503.sdcc.bnl.gov&noUDP&sock=startd_26617_0b41>
...
006 (4596824.000.000) 2025-01-30 19:00:18 Image size of job updated: 152000
	83  -  MemoryUsage of job (MB)
	84524  -  ResidentSetSize of job (KB)
...
006 (4596824.000.000) 2025-01-30 19:05:18 Image size of job updated: 4940816
	991  -  MemoryUsage of job (MB)
	1014064  -  ResidentSetSize of job (KB)
...
006 (4596824.000.000) 2025-01-30 19:10:19 Image size of job updated: 8873888
	5207  -  MemoryUsage of job (MB)
	5331088  -  ResidentSetSize of job (KB)
...
006 (4596824.000.000) 2025-01-30 19:15:20 Image size of job updated: 14181744
	9217  -  MemoryUsage of job (MB)
	9437560  -  ResidentSetSize of job (KB)
...
006 (4596824.000.000) 2025-01-30 19:20:20 Image size of job updated: 17077196
	13558  -  MemoryUsage of job (MB)
	13883392  -  ResidentSetSize of job (KB)
...
006 (4596824.000.000) 2025-01-30 19:25:22 Image size of job updated: 21677708
	17437  -  MemoryUsage of job (MB)
	17855060  -  ResidentSetSize of job (KB)
...
006 (4596824.000.000) 2025-01-30 19:29:33 Image size of job updated: 24730700
	21183  -  MemoryUsage of job (MB)
	21690728  -  ResidentSetSize of job (KB)
...
006 (4596824.000.000) 2025-01-30 19:29:33 Image size of job updated: 24845516
	21191  -  MemoryUsage of job (MB)
	21699152  -  ResidentSetSize of job (KB)
...
004 (4596824.000.000) 2025-01-30 19:29:33 Job was evicted.
	(0) CPU times
		Usr 0 00:28:52, Sys 0 00:03:00  -  Run Remote Usage
		Usr 0 00:00:00, Sys 0 00:00:00  -  Run Local Usage
	0  -  Run Bytes Sent By Job
	0  -  Run Bytes Received By Job
	Partitionable Resources :    Usage  Request Allocated 
	   Cpus                 :     1.42        1         1 
	   Disk (KB)            :     2           2   6681235 
	   Memory (MB)          : 21191      128192    128256 
	   xferslots            :                           0 
...
009 (4596824.000.000) 2025-01-30 19:29:34 Job was aborted.
	via condor_rm (by user sgross)

	Job terminated by <130.199.48.82:45679> at 2025-01-31T00:29:33Z (using method 1: DEACTIVATE_CLAIM).
...
000 (4598028.000.000) 2025-02-02 20:59:44 Job submitted from host: <130.199.48.82:9618?addrs=130.199.48.82-9618&alias=rcas2063.rcf.bnl.gov&noUDP&sock=schedd_23786_1176>
...
001 (4598028.000.000) 2025-02-02 21:06:11 Job executing on host: <130.199.184.214:9618?addrs=130.199.184.214-9618&alias=spool1789.sdcc.bnl.gov&noUDP&sock=startd_37765_3ec7>
...
006 (4598028.000.000) 2025-02-02 21:06:20 Image size of job updated: 475544
	335  -  MemoryUsage of job (MB)
	342852  -  ResidentSetSize of job (KB)
...
005 (4598028.000.000) 2025-02-02 21:06:21 Job terminated.
	(1) Normal termination (return value 139)
		Usr 0 00:00:06, Sys 0 00:00:02  -  Run Remote Usage
		Usr 0 00:00:00, Sys 0 00:00:00  -  Run Local Usage
		Usr 0 00:00:06, Sys 0 00:00:02  -  Total Remote Usage
		Usr 0 00:00:00, Sys 0 00:00:00  -  Total Local Usage
	0  -  Run Bytes Sent By Job
	0  -  Run Bytes Received By Job
	0  -  Total Bytes Sent By Job
	0  -  Total Bytes Received By Job
	Partitionable Resources :    Usage  Request Allocated 
	   Cpus                 :        0        1         1 
	   Disk (KB)            :        2        2   6681621 
	   Memory (MB)          :      335   128192    128256 
	   xferslots            :                           0 

	Job terminated of its own accord at 2025-02-03T02:06:20Z with exit-code 139.
...
000 (4607745.000.000) 2025-02-03 00:29:16 Job submitted from host: <130.199.48.82:9618?addrs=130.199.48.82-9618&alias=rcas2063.rcf.bnl.gov&noUDP&sock=schedd_23786_1176>
...
