000 (4606617.000.000) 2025-02-02 21:19:51 Job submitted from host: <130.199.48.82:9618?addrs=130.199.48.82-9618&alias=rcas2063.rcf.bnl.gov&noUDP&sock=schedd_23786_1176>
...
001 (4606617.000.000) 2025-02-02 21:19:53 Job executing on host: <130.199.186.69:9618?addrs=130.199.186.69-9618&alias=spool1832.sdcc.bnl.gov&noUDP&sock=startd_24966_85f7>
...
006 (4606617.000.000) 2025-02-02 21:20:01 Image size of job updated: 298944
	119  -  MemoryUsage of job (MB)
	121372  -  ResidentSetSize of job (KB)
...
006 (4606617.000.000) 2025-02-02 21:20:05 Image size of job updated: 422520
	119  -  MemoryUsage of job (MB)
	121400  -  ResidentSetSize of job (KB)
...
005 (4606617.000.000) 2025-02-02 21:20:06 Job terminated.
	(1) Normal termination (return value 139)
		Usr 0 00:00:06, Sys 0 00:00:02  -  Run Remote Usage
		Usr 0 00:00:00, Sys 0 00:00:00  -  Run Local Usage
		Usr 0 00:00:06, Sys 0 00:00:02  -  Total Remote Usage
		Usr 0 00:00:00, Sys 0 00:00:00  -  Total Local Usage
	0  -  Run Bytes Sent By Job
	0  -  Run Bytes Received By Job
	0  -  Total Bytes Sent By Job
	0  -  Total Bytes Received By Job
	Partitionable Resources :    Usage  Request Allocated 
	   Cpus                 :                 1         1 
	   Disk (KB)            :        2        2   6681558 
	   Memory (MB)          :      119   128192    128256 
	   xferslots            :                           0 

	Job terminated of its own accord at 2025-02-03T02:20:05Z with exit-code 139.
...
