000 (4604833.000.000) 2025-02-02 21:15:54 Job submitted from host: <130.199.48.82:9618?addrs=130.199.48.82-9618&alias=rcas2063.rcf.bnl.gov&noUDP&sock=schedd_23786_1176>
...
001 (4604833.000.000) 2025-02-02 21:15:57 Job executing on host: <130.199.151.18:9618?addrs=130.199.151.18-9618&alias=spool1596.sdcc.bnl.gov&noUDP&sock=startd_53457_90ad>
...
006 (4604833.000.000) 2025-02-02 21:16:06 Image size of job updated: 206852
	121  -  MemoryUsage of job (MB)
	123100  -  ResidentSetSize of job (KB)
...
006 (4604833.000.000) 2025-02-02 21:16:10 Image size of job updated: 2943832
	121  -  MemoryUsage of job (MB)
	123100  -  ResidentSetSize of job (KB)
...
005 (4604833.000.000) 2025-02-02 21:16:11 Job terminated.
	(1) Normal termination (return value 139)
		Usr 0 00:00:04, Sys 0 00:00:01  -  Run Remote Usage
		Usr 0 00:00:00, Sys 0 00:00:00  -  Run Local Usage
		Usr 0 00:00:04, Sys 0 00:00:01  -  Total Remote Usage
		Usr 0 00:00:00, Sys 0 00:00:00  -  Total Local Usage
	0  -  Run Bytes Sent By Job
	0  -  Run Bytes Received By Job
	0  -  Total Bytes Sent By Job
	0  -  Total Bytes Received By Job
	Partitionable Resources :    Usage  Request Allocated 
	   Cpus                 :                 1         1 
	   Disk (KB)            :        2        2   6681231 
	   Memory (MB)          :      121   128192    128256 
	   xferslots            :                           0 

	Job terminated of its own accord at 2025-02-03T02:16:10Z with exit-code 139.
...
