000 (4607129.000.000) 2025-02-02 21:20:59 Job submitted from host: <130.199.48.82:9618?addrs=130.199.48.82-9618&alias=rcas2063.rcf.bnl.gov&noUDP&sock=schedd_23786_1176>
...
001 (4607129.000.000) 2025-02-02 21:21:00 Job executing on host: <130.199.151.9:9618?addrs=130.199.151.9-9618&alias=spool1587.sdcc.bnl.gov&noUDP&sock=startd_39026_55f8>
...
006 (4607129.000.000) 2025-02-02 21:21:09 Image size of job updated: 240912
	139  -  MemoryUsage of job (MB)
	141952  -  ResidentSetSize of job (KB)
...
006 (4607129.000.000) 2025-02-02 21:21:13 Image size of job updated: 386492
	139  -  MemoryUsage of job (MB)
	142012  -  ResidentSetSize of job (KB)
...
005 (4607129.000.000) 2025-02-02 21:21:13 Job terminated.
	(1) Normal termination (return value 139)
		Usr 0 00:00:05, Sys 0 00:00:02  -  Run Remote Usage
		Usr 0 00:00:00, Sys 0 00:00:00  -  Run Local Usage
		Usr 0 00:00:05, Sys 0 00:00:02  -  Total Remote Usage
		Usr 0 00:00:00, Sys 0 00:00:00  -  Total Local Usage
	0  -  Run Bytes Sent By Job
	0  -  Run Bytes Received By Job
	0  -  Total Bytes Sent By Job
	0  -  Total Bytes Received By Job
	Partitionable Resources :    Usage  Request Allocated 
	   Cpus                 :        0        1         1 
	   Disk (KB)            :        2        2   6681247 
	   Memory (MB)          :      139   128192    128256 
	   xferslots            :                           0 

	Job terminated of its own accord at 2025-02-03T02:21:13Z with exit-code 139.
...
