000 (4601482.000.000) 2025-02-02 21:05:58 Job submitted from host: <130.199.48.82:9618?addrs=130.199.48.82-9618&alias=rcas2063.rcf.bnl.gov&noUDP&sock=schedd_23786_1176>
...
001 (4601482.000.000) 2025-02-02 21:10:46 Job executing on host: <130.199.150.82:9618?addrs=130.199.150.82-9618&alias=spool1563.sdcc.bnl.gov&noUDP&sock=startd_75880_295c>
...
006 (4601482.000.000) 2025-02-02 21:10:54 Image size of job updated: 232272
	132  -  MemoryUsage of job (MB)
	134608  -  ResidentSetSize of job (KB)
...
006 (4601482.000.000) 2025-02-02 21:10:58 Image size of job updated: 3516516
	132  -  MemoryUsage of job (MB)
	134668  -  ResidentSetSize of job (KB)
...
005 (4601482.000.000) 2025-02-02 21:10:58 Job terminated.
	(1) Normal termination (return value 139)
		Usr 0 00:00:05, Sys 0 00:00:02  -  Run Remote Usage
		Usr 0 00:00:00, Sys 0 00:00:00  -  Run Local Usage
		Usr 0 00:00:05, Sys 0 00:00:02  -  Total Remote Usage
		Usr 0 00:00:00, Sys 0 00:00:00  -  Total Local Usage
	0  -  Run Bytes Sent By Job
	0  -  Run Bytes Received By Job
	0  -  Total Bytes Sent By Job
	0  -  Total Bytes Received By Job
	Partitionable Resources :    Usage  Request Allocated 
	   Cpus                 :                 1         1 
	   Disk (KB)            :        2        2   6681231 
	   Memory (MB)          :      132   128192    128256 
	   xferslots            :                           0 

	Job terminated of its own accord at 2025-02-03T02:10:58Z with exit-code 139.
...
