000 (4601309.000.000) 2025-02-02 21:05:35 Job submitted from host: <130.199.48.82:9618?addrs=130.199.48.82-9618&alias=rcas2063.rcf.bnl.gov&noUDP&sock=schedd_23786_1176>
...
001 (4601309.000.000) 2025-02-02 21:10:33 Job executing on host: <130.199.184.158:9618?addrs=130.199.184.158-9618&alias=spool1767.sdcc.bnl.gov&noUDP&sock=startd_62920_7c34>
...
006 (4601309.000.000) 2025-02-02 21:10:41 Image size of job updated: 237208
	136  -  MemoryUsage of job (MB)
	139128  -  ResidentSetSize of job (KB)
...
006 (4601309.000.000) 2025-02-02 21:10:45 Image size of job updated: 263560
	136  -  MemoryUsage of job (MB)
	139128  -  ResidentSetSize of job (KB)
...
005 (4601309.000.000) 2025-02-02 21:10:45 Job terminated.
	(1) Normal termination (return value 139)
		Usr 0 00:00:06, Sys 0 00:00:02  -  Run Remote Usage
		Usr 0 00:00:00, Sys 0 00:00:00  -  Run Local Usage
		Usr 0 00:00:06, Sys 0 00:00:02  -  Total Remote Usage
		Usr 0 00:00:00, Sys 0 00:00:00  -  Total Local Usage
	0  -  Run Bytes Sent By Job
	0  -  Run Bytes Received By Job
	0  -  Total Bytes Sent By Job
	0  -  Total Bytes Received By Job
	Partitionable Resources :    Usage  Request Allocated 
	   Cpus                 :                 1         1 
	   Disk (KB)            :        2        2   6681619 
	   Memory (MB)          :      136   128192    128256 
	   xferslots            :                           0 

	Job terminated of its own accord at 2025-02-03T02:10:45Z with exit-code 139.
...
