000 (4600847.000.000) 2025-02-02 21:04:40 Job submitted from host: <130.199.48.82:9618?addrs=130.199.48.82-9618&alias=rcas2063.rcf.bnl.gov&noUDP&sock=schedd_23786_1176>
...
001 (4600847.000.000) 2025-02-02 21:09:57 Job executing on host: <130.199.184.153:9618?addrs=130.199.184.153-9618&alias=spool1762.sdcc.bnl.gov&noUDP&sock=startd_50639_b426>
...
006 (4600847.000.000) 2025-02-02 21:10:05 Image size of job updated: 3389500
	260  -  MemoryUsage of job (MB)
	265244  -  ResidentSetSize of job (KB)
...
006 (4600847.000.000) 2025-02-02 21:10:06 Image size of job updated: 3389500
	260  -  MemoryUsage of job (MB)
	265432  -  ResidentSetSize of job (KB)
...
005 (4600847.000.000) 2025-02-02 21:10:07 Job terminated.
	(1) Normal termination (return value 139)
		Usr 0 00:00:06, Sys 0 00:00:01  -  Run Remote Usage
		Usr 0 00:00:00, Sys 0 00:00:00  -  Run Local Usage
		Usr 0 00:00:06, Sys 0 00:00:01  -  Total Remote Usage
		Usr 0 00:00:00, Sys 0 00:00:00  -  Total Local Usage
	0  -  Run Bytes Sent By Job
	0  -  Run Bytes Received By Job
	0  -  Total Bytes Sent By Job
	0  -  Total Bytes Received By Job
	Partitionable Resources :    Usage  Request Allocated 
	   Cpus                 :                 1         1 
	   Disk (KB)            :        2        2   6681619 
	   Memory (MB)          :      260   128192    128256 
	   xferslots            :                           0 

	Job terminated of its own accord at 2025-02-03T02:10:06Z with exit-code 139.
...
