000 (4595975.000.000) 2025-01-28 23:09:25 Job submitted from host: <130.199.48.82:9618?addrs=130.199.48.82-9618&alias=rcas2063.rcf.bnl.gov&noUDP&sock=schedd_23786_1176>
...
001 (4595975.000.000) 2025-01-29 01:32:32 Job executing on host: <130.199.184.198:9618?addrs=130.199.184.198-9618&alias=spool1773.sdcc.bnl.gov&noUDP&sock=startd_12597_e416>
...
006 (4595975.000.000) 2025-01-29 01:32:41 Image size of job updated: 149152
	80  -  MemoryUsage of job (MB)
	81072  -  ResidentSetSize of job (KB)
...
006 (4595975.000.000) 2025-01-29 01:32:50 Image size of job updated: 2936064
	80  -  MemoryUsage of job (MB)
	81072  -  ResidentSetSize of job (KB)
...
005 (4595975.000.000) 2025-01-29 01:32:50 Job terminated.
	(1) Normal termination (return value 0)
		Usr 0 00:00:04, Sys 0 00:00:02  -  Run Remote Usage
		Usr 0 00:00:00, Sys 0 00:00:00  -  Run Local Usage
		Usr 0 00:00:04, Sys 0 00:00:02  -  Total Remote Usage
		Usr 0 00:00:00, Sys 0 00:00:00  -  Total Local Usage
	0  -  Run Bytes Sent By Job
	0  -  Run Bytes Received By Job
	0  -  Total Bytes Sent By Job
	0  -  Total Bytes Received By Job
	Partitionable Resources :    Usage  Request Allocated 
	   Cpus                 :                 1         1 
	   Disk (KB)            :        2        2   6681627 
	   Memory (MB)          :       80   128192    128256 
	   xferslots            :                           0 

	Job terminated of its own accord at 2025-01-29T06:32:50Z with exit-code 0.
...
000 (4596996.000.000) 2025-01-30 00:28:21 Job submitted from host: <130.199.48.82:9618?addrs=130.199.48.82-9618&alias=rcas2063.rcf.bnl.gov&noUDP&sock=schedd_23786_1176>
...
009 (4596996.000.000) 2025-01-30 19:29:35 Job was aborted.
	via condor_rm (by user sgross)
...
000 (4598200.000.000) 2025-02-02 21:00:04 Job submitted from host: <130.199.48.82:9618?addrs=130.199.48.82-9618&alias=rcas2063.rcf.bnl.gov&noUDP&sock=schedd_23786_1176>
...
001 (4598200.000.000) 2025-02-02 21:06:27 Job executing on host: <130.199.186.93:9618?addrs=130.199.186.93-9618&alias=spool1856.sdcc.bnl.gov&noUDP&sock=startd_8097_b2a1>
...
006 (4598200.000.000) 2025-02-02 21:06:36 Image size of job updated: 2919924
	0  -  MemoryUsage of job (MB)
	0  -  ResidentSetSize of job (KB)
...
005 (4598200.000.000) 2025-02-02 21:06:36 Job terminated.
	(1) Normal termination (return value 139)
		Usr 0 00:00:05, Sys 0 00:00:01  -  Run Remote Usage
		Usr 0 00:00:00, Sys 0 00:00:00  -  Run Local Usage
		Usr 0 00:00:05, Sys 0 00:00:01  -  Total Remote Usage
		Usr 0 00:00:00, Sys 0 00:00:00  -  Total Local Usage
	0  -  Run Bytes Sent By Job
	0  -  Run Bytes Received By Job
	0  -  Total Bytes Sent By Job
	0  -  Total Bytes Received By Job
	Partitionable Resources :    Usage  Request Allocated 
	   Cpus                 :                 1         1 
	   Disk (KB)            :        2        2   6681628 
	   Memory (MB)          :        0   128192    128256 
	   xferslots            :                           0 

	Job terminated of its own accord at 2025-02-03T02:06:36Z with exit-code 139.
...
000 (4607917.000.000) 2025-02-03 00:29:36 Job submitted from host: <130.199.48.82:9618?addrs=130.199.48.82-9618&alias=rcas2063.rcf.bnl.gov&noUDP&sock=schedd_23786_1176>
...
