000 (4595564.000.000) 2025-01-28 23:08:52 Job submitted from host: <130.199.48.82:9618?addrs=130.199.48.82-9618&alias=rcas2063.rcf.bnl.gov&noUDP&sock=schedd_23786_1176>
...
001 (4595564.000.000) 2025-01-29 01:25:35 Job executing on host: <130.199.184.217:9618?addrs=130.199.184.217-9618&alias=spool1792.sdcc.bnl.gov&noUDP&sock=startd_72049_b2cc>
...
006 (4595564.000.000) 2025-01-29 01:25:43 Image size of job updated: 236216
	131  -  MemoryUsage of job (MB)
	133508  -  ResidentSetSize of job (KB)
...
006 (4595564.000.000) 2025-01-29 01:25:44 Image size of job updated: 236308
	131  -  MemoryUsage of job (MB)
	133600  -  ResidentSetSize of job (KB)
...
005 (4595564.000.000) 2025-01-29 01:25:45 Job terminated.
	(1) Normal termination (return value 0)
		Usr 0 00:00:04, Sys 0 00:00:02  -  Run Remote Usage
		Usr 0 00:00:00, Sys 0 00:00:00  -  Run Local Usage
		Usr 0 00:00:04, Sys 0 00:00:02  -  Total Remote Usage
		Usr 0 00:00:00, Sys 0 00:00:00  -  Total Local Usage
	0  -  Run Bytes Sent By Job
	0  -  Run Bytes Received By Job
	0  -  Total Bytes Sent By Job
	0  -  Total Bytes Received By Job
	Partitionable Resources :    Usage  Request Allocated 
	   Cpus                 :                 1         1 
	   Disk (KB)            :        2        2   6681623 
	   Memory (MB)          :      131   128192    128256 
	   xferslots            :                           0 

	Job terminated of its own accord at 2025-01-29T06:25:44Z with exit-code 0.
...
000 (4596585.000.000) 2025-01-30 00:27:41 Job submitted from host: <130.199.48.82:9618?addrs=130.199.48.82-9618&alias=rcas2063.rcf.bnl.gov&noUDP&sock=schedd_23786_1176>
...
001 (4596585.000.000) 2025-01-30 16:14:33 Job executing on host: <130.199.151.7:9618?addrs=130.199.151.7-9618&alias=spool1585.sdcc.bnl.gov&noUDP&sock=startd_26810_2043>
...
006 (4596585.000.000) 2025-01-30 16:14:42 Image size of job updated: 73468
	40  -  MemoryUsage of job (MB)
	39948  -  ResidentSetSize of job (KB)
...
006 (4596585.000.000) 2025-01-30 16:19:43 Image size of job updated: 5268164
	539  -  MemoryUsage of job (MB)
	551352  -  ResidentSetSize of job (KB)
...
006 (4596585.000.000) 2025-01-30 16:24:43 Image size of job updated: 6391776
	3148  -  MemoryUsage of job (MB)
	3223300  -  ResidentSetSize of job (KB)
...
006 (4596585.000.000) 2025-01-30 16:29:43 Image size of job updated: 10069684
	5463  -  MemoryUsage of job (MB)
	5593752  -  ResidentSetSize of job (KB)
...
006 (4596585.000.000) 2025-01-30 16:34:44 Image size of job updated: 11855888
	8473  -  MemoryUsage of job (MB)
	8675400  -  ResidentSetSize of job (KB)
...
006 (4596585.000.000) 2025-01-30 16:39:44 Image size of job updated: 14747080
	10533  -  MemoryUsage of job (MB)
	10785420  -  ResidentSetSize of job (KB)
...
006 (4596585.000.000) 2025-01-30 16:44:44 Image size of job updated: 17503792
	13705  -  MemoryUsage of job (MB)
	14033720  -  ResidentSetSize of job (KB)
...
006 (4596585.000.000) 2025-01-30 16:49:46 Image size of job updated: 19086356
	15458  -  MemoryUsage of job (MB)
	15828120  -  ResidentSetSize of job (KB)
...
006 (4596585.000.000) 2025-01-30 16:54:46 Image size of job updated: 23265008
	18152  -  MemoryUsage of job (MB)
	18587328  -  ResidentSetSize of job (KB)
...
006 (4596585.000.000) 2025-01-30 16:59:46 Image size of job updated: 24219860
	20259  -  MemoryUsage of job (MB)
	20744440  -  ResidentSetSize of job (KB)
...
006 (4596585.000.000) 2025-01-30 17:04:48 Image size of job updated: 27955372
	22578  -  MemoryUsage of job (MB)
	23118968  -  ResidentSetSize of job (KB)
...
006 (4596585.000.000) 2025-01-30 17:09:48 Image size of job updated: 28558164
	24788  -  MemoryUsage of job (MB)
	25382068  -  ResidentSetSize of job (KB)
...
006 (4596585.000.000) 2025-01-30 17:14:48 Image size of job updated: 31773264
	26536  -  MemoryUsage of job (MB)
	27172688  -  ResidentSetSize of job (KB)
...
006 (4596585.000.000) 2025-01-30 17:19:49 Image size of job updated: 33073364
	29218  -  MemoryUsage of job (MB)
	29919192  -  ResidentSetSize of job (KB)
...
006 (4596585.000.000) 2025-01-30 17:24:50 Image size of job updated: 35906016
	30561  -  MemoryUsage of job (MB)
	31293784  -  ResidentSetSize of job (KB)
...
006 (4596585.000.000) 2025-01-30 17:29:50 Image size of job updated: 36903528
	32999  -  MemoryUsage of job (MB)
	33790876  -  ResidentSetSize of job (KB)
...
006 (4596585.000.000) 2025-01-30 17:34:51 Image size of job updated: 39740356
	34348  -  MemoryUsage of job (MB)
	35172036  -  ResidentSetSize of job (KB)
...
006 (4596585.000.000) 2025-01-30 17:39:52 Image size of job updated: 40883668
	36643  -  MemoryUsage of job (MB)
	37522028  -  ResidentSetSize of job (KB)
...
006 (4596585.000.000) 2025-01-30 17:44:52 Image size of job updated: 43981580
	38553  -  MemoryUsage of job (MB)
	39477344  -  ResidentSetSize of job (KB)
...
006 (4596585.000.000) 2025-01-30 17:49:52 Image size of job updated: 44677236
	40566  -  MemoryUsage of job (MB)
	41538984  -  ResidentSetSize of job (KB)
...
006 (4596585.000.000) 2025-01-30 17:54:53 Image size of job updated: 47774868
	42186  -  MemoryUsage of job (MB)
	43198104  -  ResidentSetSize of job (KB)
...
006 (4596585.000.000) 2025-01-30 17:59:53 Image size of job updated: 48919320
	44689  -  MemoryUsage of job (MB)
	45761448  -  ResidentSetSize of job (KB)
...
006 (4596585.000.000) 2025-01-30 18:04:53 Image size of job updated: 51937720
	46448  -  MemoryUsage of job (MB)
	47562112  -  ResidentSetSize of job (KB)
...
006 (4596585.000.000) 2025-01-30 18:09:54 Image size of job updated: 53724176
	49376  -  MemoryUsage of job (MB)
	50560404  -  ResidentSetSize of job (KB)
...
006 (4596585.000.000) 2025-01-30 18:14:54 Image size of job updated: 56977744
	51208  -  MemoryUsage of job (MB)
	52436236  -  ResidentSetSize of job (KB)
...
006 (4596585.000.000) 2025-01-30 18:19:54 Image size of job updated: 58233016
	53913  -  MemoryUsage of job (MB)
	55206336  -  ResidentSetSize of job (KB)
...
006 (4596585.000.000) 2025-01-30 18:24:55 Image size of job updated: 60985740
	55673  -  MemoryUsage of job (MB)
	57008512  -  ResidentSetSize of job (KB)
...
006 (4596585.000.000) 2025-01-30 18:29:56 Image size of job updated: 62990768
	58397  -  MemoryUsage of job (MB)
	59797900  -  ResidentSetSize of job (KB)
...
006 (4596585.000.000) 2025-01-30 18:34:56 Image size of job updated: 65599768
	60094  -  MemoryUsage of job (MB)
	61535616  -  ResidentSetSize of job (KB)
...
006 (4596585.000.000) 2025-01-30 18:39:57 Image size of job updated: 67950268
	63338  -  MemoryUsage of job (MB)
	64858028  -  ResidentSetSize of job (KB)
...
006 (4596585.000.000) 2025-01-30 18:44:58 Image size of job updated: 70138380
	65365  -  MemoryUsage of job (MB)
	66933548  -  ResidentSetSize of job (KB)
...
006 (4596585.000.000) 2025-01-30 18:49:58 Image size of job updated: 74211360
	68195  -  MemoryUsage of job (MB)
	69830888  -  ResidentSetSize of job (KB)
...
006 (4596585.000.000) 2025-01-30 18:54:58 Image size of job updated: 75774512
	70873  -  MemoryUsage of job (MB)
	72573688  -  ResidentSetSize of job (KB)
...
006 (4596585.000.000) 2025-01-30 18:59:59 Image size of job updated: 78171264
	73074  -  MemoryUsage of job (MB)
	74826872  -  ResidentSetSize of job (KB)
...
006 (4596585.000.000) 2025-01-30 19:03:53 Image size of job updated: 80654044
	73074  -  MemoryUsage of job (MB)
	74826872  -  ResidentSetSize of job (KB)
...
005 (4596585.000.000) 2025-01-30 19:03:53 Job terminated.
	(1) Normal termination (return value 0)
		Usr 0 02:26:15, Sys 0 00:15:33  -  Run Remote Usage
		Usr 0 00:00:00, Sys 0 00:00:00  -  Run Local Usage
		Usr 0 02:26:15, Sys 0 00:15:33  -  Total Remote Usage
		Usr 0 00:00:00, Sys 0 00:00:00  -  Total Local Usage
	0  -  Run Bytes Sent By Job
	0  -  Run Bytes Received By Job
	0  -  Total Bytes Sent By Job
	0  -  Total Bytes Received By Job
	Partitionable Resources :    Usage  Request Allocated 
	   Cpus                 :     1.09        1         1 
	   Disk (KB)            :     2           2   6681248 
	   Memory (MB)          : 73074      128192    128256 
	   xferslots            :                           0 

	Job terminated of its own accord at 2025-01-31T00:03:53Z with exit-code 0.
...
000 (4597789.000.000) 2025-02-02 20:59:17 Job submitted from host: <130.199.48.82:9618?addrs=130.199.48.82-9618&alias=rcas2063.rcf.bnl.gov&noUDP&sock=schedd_23786_1176>
...
001 (4597789.000.000) 2025-02-02 21:05:46 Job executing on host: <130.199.186.73:9618?addrs=130.199.186.73-9618&alias=spool1836.sdcc.bnl.gov&noUDP&sock=startd_27279_8f01>
...
006 (4597789.000.000) 2025-02-02 21:05:55 Image size of job updated: 575228
	88  -  MemoryUsage of job (MB)
	89136  -  ResidentSetSize of job (KB)
...
006 (4597789.000.000) 2025-02-02 21:06:05 Image size of job updated: 3588792
	88  -  MemoryUsage of job (MB)
	89136  -  ResidentSetSize of job (KB)
...
005 (4597789.000.000) 2025-02-02 21:06:05 Job terminated.
	(1) Normal termination (return value 139)
		Usr 0 00:00:06, Sys 0 00:00:02  -  Run Remote Usage
		Usr 0 00:00:00, Sys 0 00:00:00  -  Run Local Usage
		Usr 0 00:00:06, Sys 0 00:00:02  -  Total Remote Usage
		Usr 0 00:00:00, Sys 0 00:00:00  -  Total Local Usage
	0  -  Run Bytes Sent By Job
	0  -  Run Bytes Received By Job
	0  -  Total Bytes Sent By Job
	0  -  Total Bytes Received By Job
	Partitionable Resources :    Usage  Request Allocated 
	   Cpus                 :                 1         1 
	   Disk (KB)            :        2        2   6681609 
	   Memory (MB)          :       88   128192    128256 
	   xferslots            :                           0 

	Job terminated of its own accord at 2025-02-03T02:06:05Z with exit-code 139.
...
000 (4607506.000.000) 2025-02-03 00:28:48 Job submitted from host: <130.199.48.82:9618?addrs=130.199.48.82-9618&alias=rcas2063.rcf.bnl.gov&noUDP&sock=schedd_23786_1176>
...
