000 (4595412.000.000) 2025-01-28 23:08:40 Job submitted from host: <130.199.48.82:9618?addrs=130.199.48.82-9618&alias=rcas2063.rcf.bnl.gov&noUDP&sock=schedd_23786_1176>
...
001 (4595412.000.000) 2025-01-29 01:22:03 Job executing on host: <130.199.184.158:9618?addrs=130.199.184.158-9618&alias=spool1767.sdcc.bnl.gov&noUDP&sock=startd_62920_7c34>
...
006 (4595412.000.000) 2025-01-29 01:22:12 Image size of job updated: 243812
	137  -  MemoryUsage of job (MB)
	140064  -  ResidentSetSize of job (KB)
...
006 (4595412.000.000) 2025-01-29 01:22:12 Image size of job updated: 243812
	137  -  MemoryUsage of job (MB)
	140096  -  ResidentSetSize of job (KB)
...
005 (4595412.000.000) 2025-01-29 01:22:12 Job terminated.
	(1) Normal termination (return value 0)
		Usr 0 00:00:03, Sys 0 00:00:01  -  Run Remote Usage
		Usr 0 00:00:00, Sys 0 00:00:00  -  Run Local Usage
		Usr 0 00:00:03, Sys 0 00:00:01  -  Total Remote Usage
		Usr 0 00:00:00, Sys 0 00:00:00  -  Total Local Usage
	0  -  Run Bytes Sent By Job
	0  -  Run Bytes Received By Job
	0  -  Total Bytes Sent By Job
	0  -  Total Bytes Received By Job
	Partitionable Resources :    Usage  Request Allocated 
	   Cpus                 :                 1         1 
	   Disk (KB)            :        2        2   6681619 
	   Memory (MB)          :      137   128192    128256 
	   xferslots            :                           0 

	Job terminated of its own accord at 2025-01-29T06:22:12Z with exit-code 0.
...
000 (4596433.000.000) 2025-01-30 00:27:26 Job submitted from host: <130.199.48.82:9618?addrs=130.199.48.82-9618&alias=rcas2063.rcf.bnl.gov&noUDP&sock=schedd_23786_1176>
...
001 (4596433.000.000) 2025-01-30 14:20:54 Job executing on host: <130.199.207.216:9618?addrs=130.199.207.216-9618&alias=spool1503.sdcc.bnl.gov&noUDP&sock=startd_26617_0b41>
...
006 (4596433.000.000) 2025-01-30 14:21:03 Image size of job updated: 214276
	43  -  MemoryUsage of job (MB)
	43460  -  ResidentSetSize of job (KB)
...
006 (4596433.000.000) 2025-01-30 14:26:04 Image size of job updated: 3523840
	306  -  MemoryUsage of job (MB)
	312572  -  ResidentSetSize of job (KB)
...
006 (4596433.000.000) 2025-01-30 14:31:04 Image size of job updated: 5553512
	1486  -  MemoryUsage of job (MB)
	1520980  -  ResidentSetSize of job (KB)
...
006 (4596433.000.000) 2025-01-30 14:36:05 Image size of job updated: 8346448
	5026  -  MemoryUsage of job (MB)
	5145724  -  ResidentSetSize of job (KB)
...
006 (4596433.000.000) 2025-01-30 14:41:06 Image size of job updated: 10537492
	7310  -  MemoryUsage of job (MB)
	7484940  -  ResidentSetSize of job (KB)
...
006 (4596433.000.000) 2025-01-30 14:46:06 Image size of job updated: 13750100
	9471  -  MemoryUsage of job (MB)
	9697836  -  ResidentSetSize of job (KB)
...
006 (4596433.000.000) 2025-01-30 14:51:07 Image size of job updated: 16533908
	13183  -  MemoryUsage of job (MB)
	13499052  -  ResidentSetSize of job (KB)
...
006 (4596433.000.000) 2025-01-30 14:56:08 Image size of job updated: 19155756
	14901  -  MemoryUsage of job (MB)
	15257868  -  ResidentSetSize of job (KB)
...
006 (4596433.000.000) 2025-01-30 15:01:08 Image size of job updated: 22621944
	17548  -  MemoryUsage of job (MB)
	17968432  -  ResidentSetSize of job (KB)
...
006 (4596433.000.000) 2025-01-30 15:06:08 Image size of job updated: 23776552
	20230  -  MemoryUsage of job (MB)
	20715316  -  ResidentSetSize of job (KB)
...
006 (4596433.000.000) 2025-01-30 15:11:09 Image size of job updated: 26767564
	22625  -  MemoryUsage of job (MB)
	23167844  -  ResidentSetSize of job (KB)
...
006 (4596433.000.000) 2025-01-30 15:16:09 Image size of job updated: 31032236
	25761  -  MemoryUsage of job (MB)
	26379076  -  ResidentSetSize of job (KB)
...
006 (4596433.000.000) 2025-01-30 15:21:09 Image size of job updated: 33104992
	29309  -  MemoryUsage of job (MB)
	30012160  -  ResidentSetSize of job (KB)
...
006 (4596433.000.000) 2025-01-30 15:26:10 Image size of job updated: 35985424
	31912  -  MemoryUsage of job (MB)
	32676968  -  ResidentSetSize of job (KB)
...
006 (4596433.000.000) 2025-01-30 15:31:11 Image size of job updated: 39051948
	34380  -  MemoryUsage of job (MB)
	35204668  -  ResidentSetSize of job (KB)
...
006 (4596433.000.000) 2025-01-30 15:36:11 Image size of job updated: 42247400
	37908  -  MemoryUsage of job (MB)
	38817536  -  ResidentSetSize of job (KB)
...
006 (4596433.000.000) 2025-01-30 15:41:12 Image size of job updated: 44501492
	40368  -  MemoryUsage of job (MB)
	41336052  -  ResidentSetSize of job (KB)
...
006 (4596433.000.000) 2025-01-30 15:46:12 Image size of job updated: 47945072
	42915  -  MemoryUsage of job (MB)
	43944360  -  ResidentSetSize of job (KB)
...
006 (4596433.000.000) 2025-01-30 15:51:12 Image size of job updated: 52295300
	46328  -  MemoryUsage of job (MB)
	47439212  -  ResidentSetSize of job (KB)
...
006 (4596433.000.000) 2025-01-30 15:56:13 Image size of job updated: 53206412
	48977  -  MemoryUsage of job (MB)
	50151740  -  ResidentSetSize of job (KB)
...
006 (4596433.000.000) 2025-01-30 16:01:13 Image size of job updated: 56620748
	51470  -  MemoryUsage of job (MB)
	52704324  -  ResidentSetSize of job (KB)
...
006 (4596433.000.000) 2025-01-30 16:06:13 Image size of job updated: 59971144
	55213  -  MemoryUsage of job (MB)
	56537556  -  ResidentSetSize of job (KB)
...
005 (4596433.000.000) 2025-01-30 16:06:28 Job terminated.
	(1) Normal termination (return value 0)
		Usr 0 01:24:32, Sys 0 00:08:41  -  Run Remote Usage
		Usr 0 00:00:00, Sys 0 00:00:00  -  Run Local Usage
		Usr 0 01:24:32, Sys 0 00:08:41  -  Total Remote Usage
		Usr 0 00:00:00, Sys 0 00:00:00  -  Total Local Usage
	0  -  Run Bytes Sent By Job
	0  -  Run Bytes Received By Job
	0  -  Total Bytes Sent By Job
	0  -  Total Bytes Received By Job
	Partitionable Resources :    Usage  Request Allocated 
	   Cpus                 :     0.94        1         1 
	   Disk (KB)            :     2           2   6681235 
	   Memory (MB)          : 55213      128192    128256 
	   xferslots            :                           0 

	Job terminated of its own accord at 2025-01-30T21:06:28Z with exit-code 0.
...
000 (4597637.000.000) 2025-02-02 20:59:00 Job submitted from host: <130.199.48.82:9618?addrs=130.199.48.82-9618&alias=rcas2063.rcf.bnl.gov&noUDP&sock=schedd_23786_1176>
...
001 (4597637.000.000) 2025-02-02 21:05:24 Job executing on host: <130.199.184.212:9618?addrs=130.199.184.212-9618&alias=spool1787.sdcc.bnl.gov&noUDP&sock=startd_74904_4517>
...
006 (4597637.000.000) 2025-02-02 21:05:33 Image size of job updated: 576220
	0  -  MemoryUsage of job (MB)
	0  -  ResidentSetSize of job (KB)
...
005 (4597637.000.000) 2025-02-02 21:05:33 Job terminated.
	(1) Normal termination (return value 139)
		Usr 0 00:00:05, Sys 0 00:00:01  -  Run Remote Usage
		Usr 0 00:00:00, Sys 0 00:00:00  -  Run Local Usage
		Usr 0 00:00:05, Sys 0 00:00:01  -  Total Remote Usage
		Usr 0 00:00:00, Sys 0 00:00:00  -  Total Local Usage
	0  -  Run Bytes Sent By Job
	0  -  Run Bytes Received By Job
	0  -  Total Bytes Sent By Job
	0  -  Total Bytes Received By Job
	Partitionable Resources :    Usage  Request Allocated 
	   Cpus                 :                 1         1 
	   Disk (KB)            :        2        2   6681620 
	   Memory (MB)          :        0   128192    128256 
	   xferslots            :                           0 

	Job terminated of its own accord at 2025-02-03T02:05:33Z with exit-code 139.
...
