000 (4595628.000.000) 2025-01-28 23:08:57 Job submitted from host: <130.199.48.82:9618?addrs=130.199.48.82-9618&alias=rcas2063.rcf.bnl.gov&noUDP&sock=schedd_23786_1176>
...
001 (4595628.000.000) 2025-01-29 01:26:44 Job executing on host: <130.199.184.158:9618?addrs=130.199.184.158-9618&alias=spool1767.sdcc.bnl.gov&noUDP&sock=startd_62920_7c34>
...
006 (4595628.000.000) 2025-01-29 01:26:52 Image size of job updated: 220568
	122  -  MemoryUsage of job (MB)
	124068  -  ResidentSetSize of job (KB)
...
006 (4595628.000.000) 2025-01-29 01:26:53 Image size of job updated: 244704
	122  -  MemoryUsage of job (MB)
	124104  -  ResidentSetSize of job (KB)
...
005 (4595628.000.000) 2025-01-29 01:26:53 Job terminated.
	(1) Normal termination (return value 0)
		Usr 0 00:00:04, Sys 0 00:00:02  -  Run Remote Usage
		Usr 0 00:00:00, Sys 0 00:00:00  -  Run Local Usage
		Usr 0 00:00:04, Sys 0 00:00:02  -  Total Remote Usage
		Usr 0 00:00:00, Sys 0 00:00:00  -  Total Local Usage
	0  -  Run Bytes Sent By Job
	0  -  Run Bytes Received By Job
	0  -  Total Bytes Sent By Job
	0  -  Total Bytes Received By Job
	Partitionable Resources :    Usage  Request Allocated 
	   Cpus                 :                 1         1 
	   Disk (KB)            :        2        2   6681619 
	   Memory (MB)          :      122   128192    128256 
	   xferslots            :                           0 

	Job terminated of its own accord at 2025-01-29T06:26:53Z with exit-code 0.
...
000 (4596649.000.000) 2025-01-30 00:27:47 Job submitted from host: <130.199.48.82:9618?addrs=130.199.48.82-9618&alias=rcas2063.rcf.bnl.gov&noUDP&sock=schedd_23786_1176>
...
001 (4596649.000.000) 2025-01-30 16:53:46 Job executing on host: <130.199.186.31:9618?addrs=130.199.186.31-9618&alias=spool1828.sdcc.bnl.gov&noUDP&sock=startd_70860_651b>
...
006 (4596649.000.000) 2025-01-30 16:53:55 Image size of job updated: 561676
	92  -  MemoryUsage of job (MB)
	93640  -  ResidentSetSize of job (KB)
...
006 (4596649.000.000) 2025-01-30 16:58:56 Image size of job updated: 5582940
	2329  -  MemoryUsage of job (MB)
	2384176  -  ResidentSetSize of job (KB)
...
006 (4596649.000.000) 2025-01-30 17:03:57 Image size of job updated: 10054320
	6043  -  MemoryUsage of job (MB)
	6187464  -  ResidentSetSize of job (KB)
...
006 (4596649.000.000) 2025-01-30 17:08:57 Image size of job updated: 14407984
	9411  -  MemoryUsage of job (MB)
	9636180  -  ResidentSetSize of job (KB)
...
006 (4596649.000.000) 2025-01-30 17:13:57 Image size of job updated: 15476532
	12160  -  MemoryUsage of job (MB)
	12451756  -  ResidentSetSize of job (KB)
...
006 (4596649.000.000) 2025-01-30 17:18:58 Image size of job updated: 18138588
	13955  -  MemoryUsage of job (MB)
	14289284  -  ResidentSetSize of job (KB)
...
006 (4596649.000.000) 2025-01-30 17:23:58 Image size of job updated: 20891224
	17287  -  MemoryUsage of job (MB)
	17701252  -  ResidentSetSize of job (KB)
...
006 (4596649.000.000) 2025-01-30 17:28:58 Image size of job updated: 22832600
	18653  -  MemoryUsage of job (MB)
	19099708  -  ResidentSetSize of job (KB)
...
006 (4596649.000.000) 2025-01-30 17:33:59 Image size of job updated: 26184452
	21027  -  MemoryUsage of job (MB)
	21531088  -  ResidentSetSize of job (KB)
...
006 (4596649.000.000) 2025-01-30 17:39:00 Image size of job updated: 27150224
	23173  -  MemoryUsage of job (MB)
	23728864  -  ResidentSetSize of job (KB)
...
006 (4596649.000.000) 2025-01-30 17:44:00 Image size of job updated: 30408380
	25195  -  MemoryUsage of job (MB)
	25798836  -  ResidentSetSize of job (KB)
...
006 (4596649.000.000) 2025-01-30 17:49:01 Image size of job updated: 31934136
	27844  -  MemoryUsage of job (MB)
	28512072  -  ResidentSetSize of job (KB)
...
006 (4596649.000.000) 2025-01-30 17:54:02 Image size of job updated: 34805892
	29699  -  MemoryUsage of job (MB)
	30411440  -  ResidentSetSize of job (KB)
...
006 (4596649.000.000) 2025-01-30 17:59:02 Image size of job updated: 36540772
	32697  -  MemoryUsage of job (MB)
	33481372  -  ResidentSetSize of job (KB)
...
006 (4596649.000.000) 2025-01-30 18:04:03 Image size of job updated: 39524956
	34675  -  MemoryUsage of job (MB)
	35506736  -  ResidentSetSize of job (KB)
...
006 (4596649.000.000) 2025-01-30 18:09:04 Image size of job updated: 42442428
	38454  -  MemoryUsage of job (MB)
	39376852  -  ResidentSetSize of job (KB)
...
006 (4596649.000.000) 2025-01-30 18:14:04 Image size of job updated: 44461304
	40398  -  MemoryUsage of job (MB)
	41366692  -  ResidentSetSize of job (KB)
...
006 (4596649.000.000) 2025-01-30 18:19:04 Image size of job updated: 48633552
	43270  -  MemoryUsage of job (MB)
	44307720  -  ResidentSetSize of job (KB)
...
006 (4596649.000.000) 2025-01-30 18:24:05 Image size of job updated: 50902032
	46726  -  MemoryUsage of job (MB)
	47847296  -  ResidentSetSize of job (KB)
...
006 (4596649.000.000) 2025-01-30 18:29:05 Image size of job updated: 53925060
	49029  -  MemoryUsage of job (MB)
	50205512  -  ResidentSetSize of job (KB)
...
006 (4596649.000.000) 2025-01-30 18:32:11 Image size of job updated: 55946852
	49029  -  MemoryUsage of job (MB)
	50205512  -  ResidentSetSize of job (KB)
...
005 (4596649.000.000) 2025-01-30 18:32:11 Job terminated.
	(1) Normal termination (return value 0)
		Usr 0 01:17:48, Sys 0 00:08:47  -  Run Remote Usage
		Usr 0 00:00:00, Sys 0 00:00:00  -  Run Local Usage
		Usr 0 01:17:48, Sys 0 00:08:47  -  Total Remote Usage
		Usr 0 00:00:00, Sys 0 00:00:00  -  Total Local Usage
	0  -  Run Bytes Sent By Job
	0  -  Run Bytes Received By Job
	0  -  Total Bytes Sent By Job
	0  -  Total Bytes Received By Job
	Partitionable Resources :    Usage  Request Allocated 
	   Cpus                 :     0.97        1         1 
	   Disk (KB)            :     2           2   6681625 
	   Memory (MB)          : 49029      128192    128256 
	   xferslots            :                           0 

	Job terminated of its own accord at 2025-01-30T23:32:10Z with exit-code 0.
...
000 (4597853.000.000) 2025-02-02 20:59:24 Job submitted from host: <130.199.48.82:9618?addrs=130.199.48.82-9618&alias=rcas2063.rcf.bnl.gov&noUDP&sock=schedd_23786_1176>
...
001 (4597853.000.000) 2025-02-02 21:05:52 Job executing on host: <130.199.151.14:9618?addrs=130.199.151.14-9618&alias=spool1592.sdcc.bnl.gov&noUDP&sock=startd_20225_0e81>
...
006 (4597853.000.000) 2025-02-02 21:06:01 Image size of job updated: 604088
	146  -  MemoryUsage of job (MB)
	149024  -  ResidentSetSize of job (KB)
...
005 (4597853.000.000) 2025-02-02 21:06:04 Job terminated.
	(1) Normal termination (return value 139)
		Usr 0 00:00:06, Sys 0 00:00:02  -  Run Remote Usage
		Usr 0 00:00:00, Sys 0 00:00:00  -  Run Local Usage
		Usr 0 00:00:06, Sys 0 00:00:02  -  Total Remote Usage
		Usr 0 00:00:00, Sys 0 00:00:00  -  Total Local Usage
	0  -  Run Bytes Sent By Job
	0  -  Run Bytes Received By Job
	0  -  Total Bytes Sent By Job
	0  -  Total Bytes Received By Job
	Partitionable Resources :    Usage  Request Allocated 
	   Cpus                 :                 1         1 
	   Disk (KB)            :        2        2   6681234 
	   Memory (MB)          :      146   128192    128256 
	   xferslots            :                           0 

	Job terminated of its own accord at 2025-02-03T02:06:04Z with exit-code 139.
...
000 (4607570.000.000) 2025-02-03 00:28:56 Job submitted from host: <130.199.48.82:9618?addrs=130.199.48.82-9618&alias=rcas2063.rcf.bnl.gov&noUDP&sock=schedd_23786_1176>
...
