000 (4595971.000.000) 2025-01-28 23:09:24 Job submitted from host: <130.199.48.82:9618?addrs=130.199.48.82-9618&alias=rcas2063.rcf.bnl.gov&noUDP&sock=schedd_23786_1176>
...
001 (4595971.000.000) 2025-01-29 01:32:30 Job executing on host: <130.199.184.158:9618?addrs=130.199.184.158-9618&alias=spool1767.sdcc.bnl.gov&noUDP&sock=startd_62920_7c34>
...
006 (4595971.000.000) 2025-01-29 01:32:39 Image size of job updated: 327616
	85  -  MemoryUsage of job (MB)
	86832  -  ResidentSetSize of job (KB)
...
005 (4595971.000.000) 2025-01-29 01:32:43 Job terminated.
	(1) Normal termination (return value 0)
		Usr 0 00:00:03, Sys 0 00:00:02  -  Run Remote Usage
		Usr 0 00:00:00, Sys 0 00:00:00  -  Run Local Usage
		Usr 0 00:00:03, Sys 0 00:00:02  -  Total Remote Usage
		Usr 0 00:00:00, Sys 0 00:00:00  -  Total Local Usage
	0  -  Run Bytes Sent By Job
	0  -  Run Bytes Received By Job
	0  -  Total Bytes Sent By Job
	0  -  Total Bytes Received By Job
	Partitionable Resources :    Usage  Request Allocated 
	   Cpus                 :     0.13        1         1 
	   Disk (KB)            :     2           2   6681619 
	   Memory (MB)          :    85      128192    128256 
	   xferslots            :                           0 

	Job terminated of its own accord at 2025-01-29T06:32:43Z with exit-code 0.
...
000 (4596992.000.000) 2025-01-30 00:28:20 Job submitted from host: <130.199.48.82:9618?addrs=130.199.48.82-9618&alias=rcas2063.rcf.bnl.gov&noUDP&sock=schedd_23786_1176>
...
009 (4596992.000.000) 2025-01-30 19:29:35 Job was aborted.
	via condor_rm (by user sgross)
...
000 (4598196.000.000) 2025-02-02 21:00:03 Job submitted from host: <130.199.48.82:9618?addrs=130.199.48.82-9618&alias=rcas2063.rcf.bnl.gov&noUDP&sock=schedd_23786_1176>
...
001 (4598196.000.000) 2025-02-02 21:06:27 Job executing on host: <130.199.186.72:9618?addrs=130.199.186.72-9618&alias=spool1835.sdcc.bnl.gov&noUDP&sock=startd_55689_f707>
...
006 (4598196.000.000) 2025-02-02 21:06:35 Image size of job updated: 467016
	331  -  MemoryUsage of job (MB)
	338920  -  ResidentSetSize of job (KB)
...
006 (4598196.000.000) 2025-02-02 21:06:36 Image size of job updated: 467276
	332  -  MemoryUsage of job (MB)
	339176  -  ResidentSetSize of job (KB)
...
005 (4598196.000.000) 2025-02-02 21:06:36 Job terminated.
	(1) Normal termination (return value 139)
		Usr 0 00:00:05, Sys 0 00:00:01  -  Run Remote Usage
		Usr 0 00:00:00, Sys 0 00:00:00  -  Run Local Usage
		Usr 0 00:00:05, Sys 0 00:00:01  -  Total Remote Usage
		Usr 0 00:00:00, Sys 0 00:00:00  -  Total Local Usage
	0  -  Run Bytes Sent By Job
	0  -  Run Bytes Received By Job
	0  -  Total Bytes Sent By Job
	0  -  Total Bytes Received By Job
	Partitionable Resources :    Usage  Request Allocated 
	   Cpus                 :                 1         1 
	   Disk (KB)            :        2        2   6681637 
	   Memory (MB)          :      332   128192    128256 
	   xferslots            :                           0 

	Job terminated of its own accord at 2025-02-03T02:06:36Z with exit-code 139.
...
000 (4607913.000.000) 2025-02-03 00:29:35 Job submitted from host: <130.199.48.82:9618?addrs=130.199.48.82-9618&alias=rcas2063.rcf.bnl.gov&noUDP&sock=schedd_23786_1176>
...
