000 (4601618.000.000) 2025-02-02 21:06:19 Job submitted from host: <130.199.48.82:9618?addrs=130.199.48.82-9618&alias=rcas2063.rcf.bnl.gov&noUDP&sock=schedd_23786_1176>
...
001 (4601618.000.000) 2025-02-02 21:10:56 Job executing on host: <130.199.184.199:9618?addrs=130.199.184.199-9618&alias=spool1774.sdcc.bnl.gov&noUDP&sock=startd_74915_c052>
...
006 (4601618.000.000) 2025-02-02 21:11:05 Image size of job updated: 424560
	291  -  MemoryUsage of job (MB)
	297908  -  ResidentSetSize of job (KB)
...
006 (4601618.000.000) 2025-02-02 21:11:07 Image size of job updated: 3588596
	292  -  MemoryUsage of job (MB)
	298756  -  ResidentSetSize of job (KB)
...
005 (4601618.000.000) 2025-02-02 21:11:07 Job terminated.
	(1) Normal termination (return value 139)
		Usr 0 00:00:05, Sys 0 00:00:02  -  Run Remote Usage
		Usr 0 00:00:00, Sys 0 00:00:00  -  Run Local Usage
		Usr 0 00:00:05, Sys 0 00:00:02  -  Total Remote Usage
		Usr 0 00:00:00, Sys 0 00:00:00  -  Total Local Usage
	0  -  Run Bytes Sent By Job
	0  -  Run Bytes Received By Job
	0  -  Total Bytes Sent By Job
	0  -  Total Bytes Received By Job
	Partitionable Resources :    Usage  Request Allocated 
	   Cpus                 :                 1         1 
	   Disk (KB)            :        2        2   6681626 
	   Memory (MB)          :      292   128192    128256 
	   xferslots            :                           0 

	Job terminated of its own accord at 2025-02-03T02:11:07Z with exit-code 139.
...
