000 (4595589.000.000) 2025-01-28 23:08:54 Job submitted from host: <130.199.48.82:9618?addrs=130.199.48.82-9618&alias=rcas2063.rcf.bnl.gov&noUDP&sock=schedd_23786_1176>
...
001 (4595589.000.000) 2025-01-29 01:26:02 Job executing on host: <130.199.184.197:9618?addrs=130.199.184.197-9618&alias=spool1772.sdcc.bnl.gov&noUDP&sock=startd_55688_a602>
...
006 (4595589.000.000) 2025-01-29 01:26:11 Image size of job updated: 610044
	132  -  MemoryUsage of job (MB)
	134264  -  ResidentSetSize of job (KB)
...
006 (4595589.000.000) 2025-01-29 01:26:12 Image size of job updated: 610044
	132  -  MemoryUsage of job (MB)
	134408  -  ResidentSetSize of job (KB)
...
005 (4595589.000.000) 2025-01-29 01:26:13 Job terminated.
	(1) Normal termination (return value 0)
		Usr 0 00:00:04, Sys 0 00:00:02  -  Run Remote Usage
		Usr 0 00:00:00, Sys 0 00:00:00  -  Run Local Usage
		Usr 0 00:00:04, Sys 0 00:00:02  -  Total Remote Usage
		Usr 0 00:00:00, Sys 0 00:00:00  -  Total Local Usage
	0  -  Run Bytes Sent By Job
	0  -  Run Bytes Received By Job
	0  -  Total Bytes Sent By Job
	0  -  Total Bytes Received By Job
	Partitionable Resources :    Usage  Request Allocated 
	   Cpus                 :                 1         1 
	   Disk (KB)            :        2        2   6681633 
	   Memory (MB)          :      132   128192    128256 
	   xferslots            :                           0 

	Job terminated of its own accord at 2025-01-29T06:26:12Z with exit-code 0.
...
000 (4596610.000.000) 2025-01-30 00:27:43 Job submitted from host: <130.199.48.82:9618?addrs=130.199.48.82-9618&alias=rcas2063.rcf.bnl.gov&noUDP&sock=schedd_23786_1176>
...
001 (4596610.000.000) 2025-01-30 16:30:22 Job executing on host: <130.199.186.30:9618?addrs=130.199.186.30-9618&alias=spool1827.sdcc.bnl.gov&noUDP&sock=startd_65822_ee79>
...
006 (4596610.000.000) 2025-01-30 16:30:31 Image size of job updated: 156796
	89  -  MemoryUsage of job (MB)
	91020  -  ResidentSetSize of job (KB)
...
006 (4596610.000.000) 2025-01-30 16:35:32 Image size of job updated: 4853024
	538  -  MemoryUsage of job (MB)
	550684  -  ResidentSetSize of job (KB)
...
006 (4596610.000.000) 2025-01-30 16:40:32 Image size of job updated: 9963360
	5176  -  MemoryUsage of job (MB)
	5299380  -  ResidentSetSize of job (KB)
...
006 (4596610.000.000) 2025-01-30 16:45:32 Image size of job updated: 13277260
	9178  -  MemoryUsage of job (MB)
	9397684  -  ResidentSetSize of job (KB)
...
006 (4596610.000.000) 2025-01-30 16:50:33 Image size of job updated: 17869652
	12805  -  MemoryUsage of job (MB)
	13111708  -  ResidentSetSize of job (KB)
...
006 (4596610.000.000) 2025-01-30 16:55:33 Image size of job updated: 21010672
	17305  -  MemoryUsage of job (MB)
	17719928  -  ResidentSetSize of job (KB)
...
006 (4596610.000.000) 2025-01-30 17:00:33 Image size of job updated: 24725216
	21015  -  MemoryUsage of job (MB)
	21518748  -  ResidentSetSize of job (KB)
...
006 (4596610.000.000) 2025-01-30 17:05:34 Image size of job updated: 28270432
	24443  -  MemoryUsage of job (MB)
	25028776  -  ResidentSetSize of job (KB)
...
006 (4596610.000.000) 2025-01-30 17:10:35 Image size of job updated: 31358276
	27211  -  MemoryUsage of job (MB)
	27863412  -  ResidentSetSize of job (KB)
...
006 (4596610.000.000) 2025-01-30 17:15:35 Image size of job updated: 35537456
	29962  -  MemoryUsage of job (MB)
	30680316  -  ResidentSetSize of job (KB)
...
006 (4596610.000.000) 2025-01-30 17:20:36 Image size of job updated: 36803536
	32446  -  MemoryUsage of job (MB)
	33224084  -  ResidentSetSize of job (KB)
...
006 (4596610.000.000) 2025-01-30 17:25:37 Image size of job updated: 40409676
	35017  -  MemoryUsage of job (MB)
	35857272  -  ResidentSetSize of job (KB)
...
006 (4596610.000.000) 2025-01-30 17:30:37 Image size of job updated: 41897368
	37648  -  MemoryUsage of job (MB)
	38550864  -  ResidentSetSize of job (KB)
...
006 (4596610.000.000) 2025-01-30 17:35:37 Image size of job updated: 44406032
	39385  -  MemoryUsage of job (MB)
	40329660  -  ResidentSetSize of job (KB)
...
006 (4596610.000.000) 2025-01-30 17:40:38 Image size of job updated: 47284852
	42581  -  MemoryUsage of job (MB)
	43602328  -  ResidentSetSize of job (KB)
...
006 (4596610.000.000) 2025-01-30 17:45:38 Image size of job updated: 48478412
	44249  -  MemoryUsage of job (MB)
	45310572  -  ResidentSetSize of job (KB)
...
006 (4596610.000.000) 2025-01-30 17:50:38 Image size of job updated: 53238104
	47301  -  MemoryUsage of job (MB)
	48436116  -  ResidentSetSize of job (KB)
...
006 (4596610.000.000) 2025-01-30 17:55:39 Image size of job updated: 54132952
	49743  -  MemoryUsage of job (MB)
	50936004  -  ResidentSetSize of job (KB)
...
006 (4596610.000.000) 2025-01-30 18:00:39 Image size of job updated: 57286484
	51920  -  MemoryUsage of job (MB)
	53166052  -  ResidentSetSize of job (KB)
...
006 (4596610.000.000) 2025-01-30 18:05:39 Image size of job updated: 61036780
	55156  -  MemoryUsage of job (MB)
	56479068  -  ResidentSetSize of job (KB)
...
006 (4596610.000.000) 2025-01-30 18:10:40 Image size of job updated: 61834820
	57316  -  MemoryUsage of job (MB)
	58690960  -  ResidentSetSize of job (KB)
...
006 (4596610.000.000) 2025-01-30 18:15:41 Image size of job updated: 64960944
	59957  -  MemoryUsage of job (MB)
	61395632  -  ResidentSetSize of job (KB)
...
006 (4596610.000.000) 2025-01-30 18:20:41 Image size of job updated: 67671500
	62987  -  MemoryUsage of job (MB)
	64497668  -  ResidentSetSize of job (KB)
...
006 (4596610.000.000) 2025-01-30 18:25:42 Image size of job updated: 70314860
	64888  -  MemoryUsage of job (MB)
	66445312  -  ResidentSetSize of job (KB)
...
006 (4596610.000.000) 2025-01-30 18:30:43 Image size of job updated: 73061904
	68359  -  MemoryUsage of job (MB)
	69999416  -  ResidentSetSize of job (KB)
...
006 (4596610.000.000) 2025-01-30 18:32:11 Image size of job updated: 74181480
	68359  -  MemoryUsage of job (MB)
	69999416  -  ResidentSetSize of job (KB)
...
005 (4596610.000.000) 2025-01-30 18:32:11 Job terminated.
	(1) Normal termination (return value 0)
		Usr 0 01:46:23, Sys 0 00:12:22  -  Run Remote Usage
		Usr 0 00:00:00, Sys 0 00:00:00  -  Run Local Usage
		Usr 0 01:46:23, Sys 0 00:12:22  -  Total Remote Usage
		Usr 0 00:00:00, Sys 0 00:00:00  -  Total Local Usage
	0  -  Run Bytes Sent By Job
	0  -  Run Bytes Received By Job
	0  -  Total Bytes Sent By Job
	0  -  Total Bytes Received By Job
	Partitionable Resources :    Usage  Request Allocated 
	   Cpus                 :     0.92        1         1 
	   Disk (KB)            :     2           2   6681626 
	   Memory (MB)          : 68359      128192    128256 
	   xferslots            :                           0 

	Job terminated of its own accord at 2025-01-30T23:32:11Z with exit-code 0.
...
000 (4597814.000.000) 2025-02-02 20:59:20 Job submitted from host: <130.199.48.82:9618?addrs=130.199.48.82-9618&alias=rcas2063.rcf.bnl.gov&noUDP&sock=schedd_23786_1176>
...
001 (4597814.000.000) 2025-02-02 21:05:48 Job executing on host: <130.199.186.67:9618?addrs=130.199.186.67-9618&alias=spool1830.sdcc.bnl.gov&noUDP&sock=startd_13059_1bae>
...
006 (4597814.000.000) 2025-02-02 21:05:57 Image size of job updated: 3038980
	0  -  MemoryUsage of job (MB)
	0  -  ResidentSetSize of job (KB)
...
005 (4597814.000.000) 2025-02-02 21:05:57 Job terminated.
	(1) Normal termination (return value 139)
		Usr 0 00:00:05, Sys 0 00:00:01  -  Run Remote Usage
		Usr 0 00:00:00, Sys 0 00:00:00  -  Run Local Usage
		Usr 0 00:00:05, Sys 0 00:00:01  -  Total Remote Usage
		Usr 0 00:00:00, Sys 0 00:00:00  -  Total Local Usage
	0  -  Run Bytes Sent By Job
	0  -  Run Bytes Received By Job
	0  -  Total Bytes Sent By Job
	0  -  Total Bytes Received By Job
	Partitionable Resources :    Usage  Request Allocated 
	   Cpus                 :                 1         1 
	   Disk (KB)            :        2        2   6681619 
	   Memory (MB)          :        0   128192    128256 
	   xferslots            :                           0 

	Job terminated of its own accord at 2025-02-03T02:05:57Z with exit-code 139.
...
000 (4607531.000.000) 2025-02-03 00:28:51 Job submitted from host: <130.199.48.82:9618?addrs=130.199.48.82-9618&alias=rcas2063.rcf.bnl.gov&noUDP&sock=schedd_23786_1176>
...
