000 (4595266.000.000) 2025-01-28 23:08:28 Job submitted from host: <130.199.48.82:9618?addrs=130.199.48.82-9618&alias=rcas2063.rcf.bnl.gov&noUDP&sock=schedd_23786_1176>
...
001 (4595266.000.000) 2025-01-29 01:13:09 Job executing on host: <130.199.151.33:9618?addrs=130.199.151.33-9618&alias=spool1611.sdcc.bnl.gov&noUDP&sock=startd_368_911c>
...
006 (4595266.000.000) 2025-01-29 01:13:17 Image size of job updated: 146076
	74  -  MemoryUsage of job (MB)
	75028  -  ResidentSetSize of job (KB)
...
006 (4595266.000.000) 2025-01-29 01:13:35 Image size of job updated: 571408
	74  -  MemoryUsage of job (MB)
	75028  -  ResidentSetSize of job (KB)
...
005 (4595266.000.000) 2025-01-29 01:13:35 Job terminated.
	(1) Normal termination (return value 0)
		Usr 0 00:00:04, Sys 0 00:00:01  -  Run Remote Usage
		Usr 0 00:00:00, Sys 0 00:00:00  -  Run Local Usage
		Usr 0 00:00:04, Sys 0 00:00:01  -  Total Remote Usage
		Usr 0 00:00:00, Sys 0 00:00:00  -  Total Local Usage
	0  -  Run Bytes Sent By Job
	0  -  Run Bytes Received By Job
	0  -  Total Bytes Sent By Job
	0  -  Total Bytes Received By Job
	Partitionable Resources :    Usage  Request Allocated 
	   Cpus                 :                 1         1 
	   Disk (KB)            :        2        2   6681232 
	   Memory (MB)          :       74   128192    128256 
	   xferslots            :                           0 

	Job terminated of its own accord at 2025-01-29T06:13:35Z with exit-code 0.
...
000 (4596287.000.000) 2025-01-30 00:27:11 Job submitted from host: <130.199.48.82:9618?addrs=130.199.48.82-9618&alias=rcas2063.rcf.bnl.gov&noUDP&sock=schedd_23786_1176>
...
001 (4596287.000.000) 2025-01-30 11:57:27 Job executing on host: <130.199.150.68:9618?addrs=130.199.150.68-9618&alias=spool1549.sdcc.bnl.gov&noUDP&sock=startd_81798_2244>
...
006 (4596287.000.000) 2025-01-30 11:57:36 Image size of job updated: 298680
	39  -  MemoryUsage of job (MB)
	39584  -  ResidentSetSize of job (KB)
...
006 (4596287.000.000) 2025-01-30 12:02:37 Image size of job updated: 5228184
	607  -  MemoryUsage of job (MB)
	621488  -  ResidentSetSize of job (KB)
...
006 (4596287.000.000) 2025-01-30 12:07:37 Image size of job updated: 6980016
	3501  -  MemoryUsage of job (MB)
	3584700  -  ResidentSetSize of job (KB)
...
006 (4596287.000.000) 2025-01-30 12:12:37 Image size of job updated: 10097780
	5397  -  MemoryUsage of job (MB)
	5525848  -  ResidentSetSize of job (KB)
...
006 (4596287.000.000) 2025-01-30 12:17:38 Image size of job updated: 11610088
	8134  -  MemoryUsage of job (MB)
	8328640  -  ResidentSetSize of job (KB)
...
006 (4596287.000.000) 2025-01-30 12:22:38 Image size of job updated: 13249484
	9955  -  MemoryUsage of job (MB)
	10192992  -  ResidentSetSize of job (KB)
...
006 (4596287.000.000) 2025-01-30 12:27:38 Image size of job updated: 17322564
	12189  -  MemoryUsage of job (MB)
	12481248  -  ResidentSetSize of job (KB)
...
006 (4596287.000.000) 2025-01-30 12:32:39 Image size of job updated: 17752432
	14341  -  MemoryUsage of job (MB)
	14684952  -  ResidentSetSize of job (KB)
...
006 (4596287.000.000) 2025-01-30 12:37:40 Image size of job updated: 21653464
	16838  -  MemoryUsage of job (MB)
	17242008  -  ResidentSetSize of job (KB)
...
006 (4596287.000.000) 2025-01-30 12:42:40 Image size of job updated: 23090404
	19511  -  MemoryUsage of job (MB)
	19978740  -  ResidentSetSize of job (KB)
...
006 (4596287.000.000) 2025-01-30 12:47:41 Image size of job updated: 25780996
	21105  -  MemoryUsage of job (MB)
	21610960  -  ResidentSetSize of job (KB)
...
006 (4596287.000.000) 2025-01-30 12:52:41 Image size of job updated: 27925144
	24205  -  MemoryUsage of job (MB)
	24785220  -  ResidentSetSize of job (KB)
...
006 (4596287.000.000) 2025-01-30 12:57:42 Image size of job updated: 30648976
	25785  -  MemoryUsage of job (MB)
	26403496  -  ResidentSetSize of job (KB)
...
006 (4596287.000.000) 2025-01-30 13:02:43 Image size of job updated: 32849688
	28872  -  MemoryUsage of job (MB)
	29564576  -  ResidentSetSize of job (KB)
...
006 (4596287.000.000) 2025-01-30 13:07:43 Image size of job updated: 34913432
	31005  -  MemoryUsage of job (MB)
	31748380  -  ResidentSetSize of job (KB)
...
006 (4596287.000.000) 2025-01-30 13:12:44 Image size of job updated: 38884248
	33609  -  MemoryUsage of job (MB)
	34414868  -  ResidentSetSize of job (KB)
...
006 (4596287.000.000) 2025-01-30 13:17:45 Image size of job updated: 40551916
	36557  -  MemoryUsage of job (MB)
	37434208  -  ResidentSetSize of job (KB)
...
006 (4596287.000.000) 2025-01-30 13:22:45 Image size of job updated: 43016564
	38602  -  MemoryUsage of job (MB)
	39528004  -  ResidentSetSize of job (KB)
...
006 (4596287.000.000) 2025-01-30 13:27:45 Image size of job updated: 47214392
	41719  -  MemoryUsage of job (MB)
	42720108  -  ResidentSetSize of job (KB)
...
006 (4596287.000.000) 2025-01-30 13:32:46 Image size of job updated: 49147188
	44943  -  MemoryUsage of job (MB)
	46020656  -  ResidentSetSize of job (KB)
...
006 (4596287.000.000) 2025-01-30 13:37:46 Image size of job updated: 51589188
	47007  -  MemoryUsage of job (MB)
	48135160  -  ResidentSetSize of job (KB)
...
006 (4596287.000.000) 2025-01-30 13:42:46 Image size of job updated: 56108980
	50170  -  MemoryUsage of job (MB)
	51373904  -  ResidentSetSize of job (KB)
...
006 (4596287.000.000) 2025-01-30 13:47:47 Image size of job updated: 56672572
	52122  -  MemoryUsage of job (MB)
	53372436  -  ResidentSetSize of job (KB)
...
006 (4596287.000.000) 2025-01-30 13:52:47 Image size of job updated: 60364596
	54730  -  MemoryUsage of job (MB)
	56043300  -  ResidentSetSize of job (KB)
...
006 (4596287.000.000) 2025-01-30 13:57:47 Image size of job updated: 62533620
	57927  -  MemoryUsage of job (MB)
	59316640  -  ResidentSetSize of job (KB)
...
006 (4596287.000.000) 2025-01-30 13:58:46 Image size of job updated: 63180648
	57927  -  MemoryUsage of job (MB)
	59316640  -  ResidentSetSize of job (KB)
...
005 (4596287.000.000) 2025-01-30 13:58:52 Job terminated.
	(1) Normal termination (return value 0)
		Usr 0 01:38:46, Sys 0 00:10:32  -  Run Remote Usage
		Usr 0 00:00:00, Sys 0 00:00:00  -  Run Local Usage
		Usr 0 01:38:46, Sys 0 00:10:32  -  Total Remote Usage
		Usr 0 00:00:00, Sys 0 00:00:00  -  Total Local Usage
	0  -  Run Bytes Sent By Job
	0  -  Run Bytes Received By Job
	0  -  Total Bytes Sent By Job
	0  -  Total Bytes Received By Job
	Partitionable Resources :    Usage  Request Allocated 
	   Cpus                 :     0.99        1         1 
	   Disk (KB)            :     2           2   6681154 
	   Memory (MB)          : 57927      128192    128256 
	   xferslots            :                           0 

	Job terminated of its own accord at 2025-01-30T18:58:46Z with exit-code 0.
...
000 (4597491.000.000) 2025-02-02 20:58:44 Job submitted from host: <130.199.48.82:9618?addrs=130.199.48.82-9618&alias=rcas2063.rcf.bnl.gov&noUDP&sock=schedd_23786_1176>
...
001 (4597491.000.000) 2025-02-02 21:04:48 Job executing on host: <130.199.150.71:9618?addrs=130.199.150.71-9618&alias=spool1552.sdcc.bnl.gov&noUDP&sock=startd_82644_e1d6>
...
006 (4597491.000.000) 2025-02-02 21:04:57 Image size of job updated: 470844
	336  -  MemoryUsage of job (MB)
	343888  -  ResidentSetSize of job (KB)
...
005 (4597491.000.000) 2025-02-02 21:04:58 Job terminated.
	(1) Normal termination (return value 139)
		Usr 0 00:00:06, Sys 0 00:00:01  -  Run Remote Usage
		Usr 0 00:00:00, Sys 0 00:00:00  -  Run Local Usage
		Usr 0 00:00:06, Sys 0 00:00:01  -  Total Remote Usage
		Usr 0 00:00:00, Sys 0 00:00:00  -  Total Local Usage
	0  -  Run Bytes Sent By Job
	0  -  Run Bytes Received By Job
	0  -  Total Bytes Sent By Job
	0  -  Total Bytes Received By Job
	Partitionable Resources :    Usage  Request Allocated 
	   Cpus                 :                 1         1 
	   Disk (KB)            :        2        2   6681233 
	   Memory (MB)          :      336   128192    128256 
	   xferslots            :                           0 

	Job terminated of its own accord at 2025-02-03T02:04:58Z with exit-code 139.
...
000 (4607208.000.000) 2025-02-03 00:28:15 Job submitted from host: <130.199.48.82:9618?addrs=130.199.48.82-9618&alias=rcas2063.rcf.bnl.gov&noUDP&sock=schedd_23786_1176>
...
