000 (4595465.000.000) 2025-01-28 23:08:44 Job submitted from host: <130.199.48.82:9618?addrs=130.199.48.82-9618&alias=rcas2063.rcf.bnl.gov&noUDP&sock=schedd_23786_1176>
...
001 (4595465.000.000) 2025-01-29 01:23:33 Job executing on host: <130.199.151.8:9618?addrs=130.199.151.8-9618&alias=spool1586.sdcc.bnl.gov&noUDP&sock=startd_10002_9b31>
...
006 (4595465.000.000) 2025-01-29 01:23:42 Image size of job updated: 242220
	139  -  MemoryUsage of job (MB)
	141472  -  ResidentSetSize of job (KB)
...
005 (4595465.000.000) 2025-01-29 01:23:43 Job terminated.
	(1) Normal termination (return value 0)
		Usr 0 00:00:04, Sys 0 00:00:01  -  Run Remote Usage
		Usr 0 00:00:00, Sys 0 00:00:00  -  Run Local Usage
		Usr 0 00:00:04, Sys 0 00:00:01  -  Total Remote Usage
		Usr 0 00:00:00, Sys 0 00:00:00  -  Total Local Usage
	0  -  Run Bytes Sent By Job
	0  -  Run Bytes Received By Job
	0  -  Total Bytes Sent By Job
	0  -  Total Bytes Received By Job
	Partitionable Resources :    Usage  Request Allocated 
	   Cpus                 :                 1         1 
	   Disk (KB)            :        2        2   6681168 
	   Memory (MB)          :      139   128192    128256 
	   xferslots            :                           0 

	Job terminated of its own accord at 2025-01-29T06:23:43Z with exit-code 0.
...
000 (4596486.000.000) 2025-01-30 00:27:31 Job submitted from host: <130.199.48.82:9618?addrs=130.199.48.82-9618&alias=rcas2063.rcf.bnl.gov&noUDP&sock=schedd_23786_1176>
...
001 (4596486.000.000) 2025-01-30 15:00:33 Job executing on host: <130.199.184.204:9618?addrs=130.199.184.204-9618&alias=spool1779.sdcc.bnl.gov&noUDP&sock=startd_79825_b44a>
...
006 (4596486.000.000) 2025-01-30 15:00:41 Image size of job updated: 329376
	37  -  MemoryUsage of job (MB)
	37592  -  ResidentSetSize of job (KB)
...
006 (4596486.000.000) 2025-01-30 15:05:41 Image size of job updated: 5428376
	973  -  MemoryUsage of job (MB)
	995952  -  ResidentSetSize of job (KB)
...
006 (4596486.000.000) 2025-01-30 15:10:42 Image size of job updated: 7708036
	4635  -  MemoryUsage of job (MB)
	4745984  -  ResidentSetSize of job (KB)
...
006 (4596486.000.000) 2025-01-30 15:15:43 Image size of job updated: 10354756
	6802  -  MemoryUsage of job (MB)
	6964816  -  ResidentSetSize of job (KB)
...
006 (4596486.000.000) 2025-01-30 15:20:43 Image size of job updated: 13733560
	9291  -  MemoryUsage of job (MB)
	9513776  -  ResidentSetSize of job (KB)
...
006 (4596486.000.000) 2025-01-30 15:25:44 Image size of job updated: 16246536
	12749  -  MemoryUsage of job (MB)
	13053960  -  ResidentSetSize of job (KB)
...
006 (4596486.000.000) 2025-01-30 15:30:45 Image size of job updated: 18743652
	14493  -  MemoryUsage of job (MB)
	14839924  -  ResidentSetSize of job (KB)
...
006 (4596486.000.000) 2025-01-30 15:35:45 Image size of job updated: 22781872
	17703  -  MemoryUsage of job (MB)
	18127376  -  ResidentSetSize of job (KB)
...
006 (4596486.000.000) 2025-01-30 15:40:46 Image size of job updated: 23485680
	19999  -  MemoryUsage of job (MB)
	20478784  -  ResidentSetSize of job (KB)
...
006 (4596486.000.000) 2025-01-30 15:45:47 Image size of job updated: 27394416
	22361  -  MemoryUsage of job (MB)
	22896832  -  ResidentSetSize of job (KB)
...
006 (4596486.000.000) 2025-01-30 15:50:47 Image size of job updated: 28979024
	25291  -  MemoryUsage of job (MB)
	25897284  -  ResidentSetSize of job (KB)
...
006 (4596486.000.000) 2025-01-30 15:55:47 Image size of job updated: 32802688
	27591  -  MemoryUsage of job (MB)
	28252272  -  ResidentSetSize of job (KB)
...
006 (4596486.000.000) 2025-01-30 16:00:48 Image size of job updated: 35125036
	31131  -  MemoryUsage of job (MB)
	31877884  -  ResidentSetSize of job (KB)
...
006 (4596486.000.000) 2025-01-30 16:05:48 Image size of job updated: 37643660
	33711  -  MemoryUsage of job (MB)
	34519196  -  ResidentSetSize of job (KB)
...
006 (4596486.000.000) 2025-01-30 16:10:48 Image size of job updated: 40470784
	36154  -  MemoryUsage of job (MB)
	37020704  -  ResidentSetSize of job (KB)
...
006 (4596486.000.000) 2025-01-30 16:15:49 Image size of job updated: 44732156
	39382  -  MemoryUsage of job (MB)
	40326268  -  ResidentSetSize of job (KB)
...
006 (4596486.000.000) 2025-01-30 16:20:50 Image size of job updated: 47150616
	42910  -  MemoryUsage of job (MB)
	43939328  -  ResidentSetSize of job (KB)
...
006 (4596486.000.000) 2025-01-30 16:25:50 Image size of job updated: 50021296
	45857  -  MemoryUsage of job (MB)
	46957044  -  ResidentSetSize of job (KB)
...
006 (4596486.000.000) 2025-01-30 16:30:51 Image size of job updated: 53657868
	48844  -  MemoryUsage of job (MB)
	50016144  -  ResidentSetSize of job (KB)
...
006 (4596486.000.000) 2025-01-30 16:35:51 Image size of job updated: 58114740
	52209  -  MemoryUsage of job (MB)
	53461120  -  ResidentSetSize of job (KB)
...
006 (4596486.000.000) 2025-01-30 16:40:52 Image size of job updated: 60437484
	56100  -  MemoryUsage of job (MB)
	57446272  -  ResidentSetSize of job (KB)
...
006 (4596486.000.000) 2025-01-30 16:45:53 Image size of job updated: 63664240
	59224  -  MemoryUsage of job (MB)
	60644436  -  ResidentSetSize of job (KB)
...
006 (4596486.000.000) 2025-01-30 16:50:53 Image size of job updated: 66735772
	62163  -  MemoryUsage of job (MB)
	63654648  -  ResidentSetSize of job (KB)
...
006 (4596486.000.000) 2025-01-30 16:52:31 Image size of job updated: 68056284
	62163  -  MemoryUsage of job (MB)
	63654648  -  ResidentSetSize of job (KB)
...
005 (4596486.000.000) 2025-01-30 16:52:31 Job terminated.
	(1) Normal termination (return value 0)
		Usr 0 01:38:05, Sys 0 00:10:47  -  Run Remote Usage
		Usr 0 00:00:00, Sys 0 00:00:00  -  Run Local Usage
		Usr 0 01:38:05, Sys 0 00:10:47  -  Total Remote Usage
		Usr 0 00:00:00, Sys 0 00:00:00  -  Total Local Usage
	0  -  Run Bytes Sent By Job
	0  -  Run Bytes Received By Job
	0  -  Total Bytes Sent By Job
	0  -  Total Bytes Received By Job
	Partitionable Resources :    Usage  Request Allocated 
	   Cpus                 :     1.10        1         1 
	   Disk (KB)            :     2           2   6681624 
	   Memory (MB)          : 62163      128192    128256 
	   xferslots            :                           0 

	Job terminated of its own accord at 2025-01-30T21:52:31Z with exit-code 0.
...
000 (4597690.000.000) 2025-02-02 20:59:06 Job submitted from host: <130.199.48.82:9618?addrs=130.199.48.82-9618&alias=rcas2063.rcf.bnl.gov&noUDP&sock=schedd_23786_1176>
...
001 (4597690.000.000) 2025-02-02 21:05:31 Job executing on host: <130.199.186.74:9618?addrs=130.199.186.74-9618&alias=spool1837.sdcc.bnl.gov&noUDP&sock=startd_53209_1386>
...
006 (4597690.000.000) 2025-02-02 21:05:40 Image size of job updated: 510232
	336  -  MemoryUsage of job (MB)
	343140  -  ResidentSetSize of job (KB)
...
005 (4597690.000.000) 2025-02-02 21:05:42 Job terminated.
	(1) Normal termination (return value 139)
		Usr 0 00:00:05, Sys 0 00:00:02  -  Run Remote Usage
		Usr 0 00:00:00, Sys 0 00:00:00  -  Run Local Usage
		Usr 0 00:00:05, Sys 0 00:00:02  -  Total Remote Usage
		Usr 0 00:00:00, Sys 0 00:00:00  -  Total Local Usage
	0  -  Run Bytes Sent By Job
	0  -  Run Bytes Received By Job
	0  -  Total Bytes Sent By Job
	0  -  Total Bytes Received By Job
	Partitionable Resources :    Usage  Request Allocated 
	   Cpus                 :                 1         1 
	   Disk (KB)            :        2        2   6681612 
	   Memory (MB)          :      336   128192    128256 
	   xferslots            :                           0 

	Job terminated of its own accord at 2025-02-03T02:05:41Z with exit-code 139.
...
