000 (4598471.000.000) 2025-02-02 21:00:34 Job submitted from host: <130.199.48.82:9618?addrs=130.199.48.82-9618&alias=rcas2063.rcf.bnl.gov&noUDP&sock=schedd_23786_1176>
...
001 (4598471.000.000) 2025-02-02 21:06:51 Job executing on host: <130.199.186.31:9618?addrs=130.199.186.31-9618&alias=spool1828.sdcc.bnl.gov&noUDP&sock=startd_70860_651b>
...
006 (4598471.000.000) 2025-02-02 21:06:59 Image size of job updated: 170464
	79  -  MemoryUsage of job (MB)
	80280  -  ResidentSetSize of job (KB)
...
006 (4598471.000.000) 2025-02-02 21:07:10 Image size of job updated: 2935532
	80  -  MemoryUsage of job (MB)
	81072  -  ResidentSetSize of job (KB)
...
005 (4598471.000.000) 2025-02-02 21:07:10 Job terminated.
	(1) Normal termination (return value 139)
		Usr 0 00:00:07, Sys 0 00:00:03  -  Run Remote Usage
		Usr 0 00:00:00, Sys 0 00:00:00  -  Run Local Usage
		Usr 0 00:00:07, Sys 0 00:00:03  -  Total Remote Usage
		Usr 0 00:00:00, Sys 0 00:00:00  -  Total Local Usage
	0  -  Run Bytes Sent By Job
	0  -  Run Bytes Received By Job
	0  -  Total Bytes Sent By Job
	0  -  Total Bytes Received By Job
	Partitionable Resources :    Usage  Request Allocated 
	   Cpus                 :     0.50        1         1 
	   Disk (KB)            :     2           2   6681625 
	   Memory (MB)          :    80      128192    128256 
	   xferslots            :                           0 

	Job terminated of its own accord at 2025-02-03T02:07:10Z with exit-code 139.
...
