000 (4595487.000.000) 2025-01-28 23:08:46 Job submitted from host: <130.199.48.82:9618?addrs=130.199.48.82-9618&alias=rcas2063.rcf.bnl.gov&noUDP&sock=schedd_23786_1176>
...
001 (4595487.000.000) 2025-01-29 01:24:05 Job executing on host: <130.199.186.92:9618?addrs=130.199.186.92-9618&alias=spool1855.sdcc.bnl.gov&noUDP&sock=startd_51230_bf6c>
...
006 (4595487.000.000) 2025-01-29 01:24:14 Image size of job updated: 383876
	98  -  MemoryUsage of job (MB)
	99360  -  ResidentSetSize of job (KB)
...
006 (4595487.000.000) 2025-01-29 01:24:19 Image size of job updated: 383876
	98  -  MemoryUsage of job (MB)
	99432  -  ResidentSetSize of job (KB)
...
005 (4595487.000.000) 2025-01-29 01:24:19 Job terminated.
	(1) Normal termination (return value 0)
		Usr 0 00:00:04, Sys 0 00:00:01  -  Run Remote Usage
		Usr 0 00:00:00, Sys 0 00:00:00  -  Run Local Usage
		Usr 0 00:00:04, Sys 0 00:00:01  -  Total Remote Usage
		Usr 0 00:00:00, Sys 0 00:00:00  -  Total Local Usage
	0  -  Run Bytes Sent By Job
	0  -  Run Bytes Received By Job
	0  -  Total Bytes Sent By Job
	0  -  Total Bytes Received By Job
	Partitionable Resources :    Usage  Request Allocated 
	   Cpus                 :                 1         1 
	   Disk (KB)            :        2        2   6681629 
	   Memory (MB)          :       98   128192    128256 
	   xferslots            :                           0 

	Job terminated of its own accord at 2025-01-29T06:24:19Z with exit-code 0.
...
000 (4596508.000.000) 2025-01-30 00:27:34 Job submitted from host: <130.199.48.82:9618?addrs=130.199.48.82-9618&alias=rcas2063.rcf.bnl.gov&noUDP&sock=schedd_23786_1176>
...
001 (4596508.000.000) 2025-01-30 15:19:07 Job executing on host: <130.199.184.202:9618?addrs=130.199.184.202-9618&alias=spool1777.sdcc.bnl.gov&noUDP&sock=startd_713_c146>
...
006 (4596508.000.000) 2025-01-30 15:19:16 Image size of job updated: 117244
	63  -  MemoryUsage of job (MB)
	64120  -  ResidentSetSize of job (KB)
...
006 (4596508.000.000) 2025-01-30 15:24:16 Image size of job updated: 5168240
	776  -  MemoryUsage of job (MB)
	794392  -  ResidentSetSize of job (KB)
...
006 (4596508.000.000) 2025-01-30 15:29:17 Image size of job updated: 8409832
	4763  -  MemoryUsage of job (MB)
	4876632  -  ResidentSetSize of job (KB)
...
006 (4596508.000.000) 2025-01-30 15:34:18 Image size of job updated: 11063036
	7728  -  MemoryUsage of job (MB)
	7913464  -  ResidentSetSize of job (KB)
...
006 (4596508.000.000) 2025-01-30 15:39:18 Image size of job updated: 14288704
	10411  -  MemoryUsage of job (MB)
	10660756  -  ResidentSetSize of job (KB)
...
006 (4596508.000.000) 2025-01-30 15:44:18 Image size of job updated: 18106340
	13545  -  MemoryUsage of job (MB)
	13869552  -  ResidentSetSize of job (KB)
...
006 (4596508.000.000) 2025-01-30 15:49:19 Image size of job updated: 21033936
	17561  -  MemoryUsage of job (MB)
	17982260  -  ResidentSetSize of job (KB)
...
006 (4596508.000.000) 2025-01-30 15:54:19 Image size of job updated: 23786336
	20203  -  MemoryUsage of job (MB)
	20687564  -  ResidentSetSize of job (KB)
...
006 (4596508.000.000) 2025-01-30 15:59:19 Image size of job updated: 27475296
	23510  -  MemoryUsage of job (MB)
	24073360  -  ResidentSetSize of job (KB)
...
006 (4596508.000.000) 2025-01-30 16:04:20 Image size of job updated: 32162732
	27100  -  MemoryUsage of job (MB)
	27749412  -  ResidentSetSize of job (KB)
...
006 (4596508.000.000) 2025-01-30 16:09:21 Image size of job updated: 33939680
	30086  -  MemoryUsage of job (MB)
	30807052  -  ResidentSetSize of job (KB)
...
006 (4596508.000.000) 2025-01-30 16:14:21 Image size of job updated: 36966112
	32502  -  MemoryUsage of job (MB)
	33281440  -  ResidentSetSize of job (KB)
...
006 (4596508.000.000) 2025-01-30 16:19:22 Image size of job updated: 41419408
	35783  -  MemoryUsage of job (MB)
	36641332  -  ResidentSetSize of job (KB)
...
006 (4596508.000.000) 2025-01-30 16:24:23 Image size of job updated: 43549708
	39459  -  MemoryUsage of job (MB)
	40405352  -  ResidentSetSize of job (KB)
...
006 (4596508.000.000) 2025-01-30 16:29:23 Image size of job updated: 46540040
	42481  -  MemoryUsage of job (MB)
	43499556  -  ResidentSetSize of job (KB)
...
006 (4596508.000.000) 2025-01-30 16:34:23 Image size of job updated: 50123152
	45553  -  MemoryUsage of job (MB)
	46645624  -  ResidentSetSize of job (KB)
...
006 (4596508.000.000) 2025-01-30 16:39:24 Image size of job updated: 53558196
	48583  -  MemoryUsage of job (MB)
	49748064  -  ResidentSetSize of job (KB)
...
006 (4596508.000.000) 2025-01-30 16:44:24 Image size of job updated: 58758068
	52326  -  MemoryUsage of job (MB)
	53581600  -  ResidentSetSize of job (KB)
...
006 (4596508.000.000) 2025-01-30 16:49:25 Image size of job updated: 60206616
	55822  -  MemoryUsage of job (MB)
	57161124  -  ResidentSetSize of job (KB)
...
006 (4596508.000.000) 2025-01-30 16:54:26 Image size of job updated: 63453532
	58571  -  MemoryUsage of job (MB)
	59976384  -  ResidentSetSize of job (KB)
...
006 (4596508.000.000) 2025-01-30 16:59:26 Image size of job updated: 67428156
	61745  -  MemoryUsage of job (MB)
	63226692  -  ResidentSetSize of job (KB)
...
006 (4596508.000.000) 2025-01-30 17:04:27 Image size of job updated: 70125112
	65403  -  MemoryUsage of job (MB)
	66972552  -  ResidentSetSize of job (KB)
...
006 (4596508.000.000) 2025-01-30 17:04:56 Image size of job updated: 70224256
	65403  -  MemoryUsage of job (MB)
	66972552  -  ResidentSetSize of job (KB)
...
005 (4596508.000.000) 2025-01-30 17:04:56 Job terminated.
	(1) Normal termination (return value 0)
		Usr 0 01:40:53, Sys 0 00:10:10  -  Run Remote Usage
		Usr 0 00:00:00, Sys 0 00:00:00  -  Run Local Usage
		Usr 0 01:40:53, Sys 0 00:10:10  -  Total Remote Usage
		Usr 0 00:00:00, Sys 0 00:00:00  -  Total Local Usage
	0  -  Run Bytes Sent By Job
	0  -  Run Bytes Received By Job
	0  -  Total Bytes Sent By Job
	0  -  Total Bytes Received By Job
	Partitionable Resources :    Usage  Request Allocated 
	   Cpus                 :     1.23        1         1 
	   Disk (KB)            :     2           2   6681625 
	   Memory (MB)          : 65403      128192    128256 
	   xferslots            :                           0 

	Job terminated of its own accord at 2025-01-30T22:04:56Z with exit-code 0.
...
000 (4597712.000.000) 2025-02-02 20:59:09 Job submitted from host: <130.199.48.82:9618?addrs=130.199.48.82-9618&alias=rcas2063.rcf.bnl.gov&noUDP&sock=schedd_23786_1176>
...
001 (4597712.000.000) 2025-02-02 21:05:35 Job executing on host: <130.199.150.97:9618?addrs=130.199.150.97-9618&alias=spool1578.sdcc.bnl.gov&noUDP&sock=startd_55995_cf62>
...
006 (4597712.000.000) 2025-02-02 21:05:43 Image size of job updated: 441092
	308  -  MemoryUsage of job (MB)
	314884  -  ResidentSetSize of job (KB)
...
005 (4597712.000.000) 2025-02-02 21:05:44 Job terminated.
	(1) Normal termination (return value 139)
		Usr 0 00:00:05, Sys 0 00:00:01  -  Run Remote Usage
		Usr 0 00:00:00, Sys 0 00:00:00  -  Run Local Usage
		Usr 0 00:00:05, Sys 0 00:00:01  -  Total Remote Usage
		Usr 0 00:00:00, Sys 0 00:00:00  -  Total Local Usage
	0  -  Run Bytes Sent By Job
	0  -  Run Bytes Received By Job
	0  -  Total Bytes Sent By Job
	0  -  Total Bytes Received By Job
	Partitionable Resources :    Usage  Request Allocated 
	   Cpus                 :                 1         1 
	   Disk (KB)            :        2        2   6681175 
	   Memory (MB)          :      308   128192    128256 
	   xferslots            :                           0 

	Job terminated of its own accord at 2025-02-03T02:05:44Z with exit-code 139.
...
