000 (4595489.000.000) 2025-01-28 23:08:46 Job submitted from host: <130.199.48.82:9618?addrs=130.199.48.82-9618&alias=rcas2063.rcf.bnl.gov&noUDP&sock=schedd_23786_1176>
...
001 (4595489.000.000) 2025-01-29 01:24:09 Job executing on host: <130.199.151.8:9618?addrs=130.199.151.8-9618&alias=spool1586.sdcc.bnl.gov&noUDP&sock=startd_10002_9b31>
...
006 (4595489.000.000) 2025-01-29 01:24:18 Image size of job updated: 150072
	79  -  MemoryUsage of job (MB)
	80112  -  ResidentSetSize of job (KB)
...
006 (4595489.000.000) 2025-01-29 01:24:27 Image size of job updated: 567408
	79  -  MemoryUsage of job (MB)
	80112  -  ResidentSetSize of job (KB)
...
005 (4595489.000.000) 2025-01-29 01:24:27 Job terminated.
	(1) Normal termination (return value 0)
		Usr 0 00:00:04, Sys 0 00:00:02  -  Run Remote Usage
		Usr 0 00:00:00, Sys 0 00:00:00  -  Run Local Usage
		Usr 0 00:00:04, Sys 0 00:00:02  -  Total Remote Usage
		Usr 0 00:00:00, Sys 0 00:00:00  -  Total Local Usage
	0  -  Run Bytes Sent By Job
	0  -  Run Bytes Received By Job
	0  -  Total Bytes Sent By Job
	0  -  Total Bytes Received By Job
	Partitionable Resources :    Usage  Request Allocated 
	   Cpus                 :                 1         1 
	   Disk (KB)            :        2        2   6681168 
	   Memory (MB)          :       79   128192    128256 
	   xferslots            :                           0 

	Job terminated of its own accord at 2025-01-29T06:24:27Z with exit-code 0.
...
000 (4596510.000.000) 2025-01-30 00:27:34 Job submitted from host: <130.199.48.82:9618?addrs=130.199.48.82-9618&alias=rcas2063.rcf.bnl.gov&noUDP&sock=schedd_23786_1176>
...
001 (4596510.000.000) 2025-01-30 15:20:12 Job executing on host: <130.199.151.27:9618?addrs=130.199.151.27-9618&alias=spool1605.sdcc.bnl.gov&noUDP&sock=startd_4829_6ac2>
...
006 (4596510.000.000) 2025-01-30 15:20:21 Image size of job updated: 382888
	74  -  MemoryUsage of job (MB)
	75268  -  ResidentSetSize of job (KB)
...
006 (4596510.000.000) 2025-01-30 15:25:22 Image size of job updated: 5210180
	899  -  MemoryUsage of job (MB)
	919648  -  ResidentSetSize of job (KB)
...
006 (4596510.000.000) 2025-01-30 15:30:22 Image size of job updated: 7981600
	4603  -  MemoryUsage of job (MB)
	4713068  -  ResidentSetSize of job (KB)
...
006 (4596510.000.000) 2025-01-30 15:35:22 Image size of job updated: 10893484
	7540  -  MemoryUsage of job (MB)
	7720108  -  ResidentSetSize of job (KB)
...
006 (4596510.000.000) 2025-01-30 15:40:23 Image size of job updated: 14190736
	10492  -  MemoryUsage of job (MB)
	10742800  -  ResidentSetSize of job (KB)
...
006 (4596510.000.000) 2025-01-30 15:45:23 Image size of job updated: 18141736
	13434  -  MemoryUsage of job (MB)
	13755924  -  ResidentSetSize of job (KB)
...
006 (4596510.000.000) 2025-01-30 15:50:23 Image size of job updated: 20737004
	17049  -  MemoryUsage of job (MB)
	17457188  -  ResidentSetSize of job (KB)
...
006 (4596510.000.000) 2025-01-30 15:55:24 Image size of job updated: 23094804
	19564  -  MemoryUsage of job (MB)
	20032644  -  ResidentSetSize of job (KB)
...
006 (4596510.000.000) 2025-01-30 16:00:24 Image size of job updated: 27235280
	22367  -  MemoryUsage of job (MB)
	22903096  -  ResidentSetSize of job (KB)
...
006 (4596510.000.000) 2025-01-30 16:05:24 Image size of job updated: 30333156
	25974  -  MemoryUsage of job (MB)
	26596528  -  ResidentSetSize of job (KB)
...
006 (4596510.000.000) 2025-01-30 16:10:25 Image size of job updated: 32246320
	28485  -  MemoryUsage of job (MB)
	29168252  -  ResidentSetSize of job (KB)
...
006 (4596510.000.000) 2025-01-30 16:15:25 Image size of job updated: 36250236
	31299  -  MemoryUsage of job (MB)
	32049868  -  ResidentSetSize of job (KB)
...
006 (4596510.000.000) 2025-01-30 16:20:25 Image size of job updated: 39195368
	34815  -  MemoryUsage of job (MB)
	35649844  -  ResidentSetSize of job (KB)
...
006 (4596510.000.000) 2025-01-30 16:25:26 Image size of job updated: 41070588
	37033  -  MemoryUsage of job (MB)
	37921740  -  ResidentSetSize of job (KB)
...
006 (4596510.000.000) 2025-01-30 16:30:27 Image size of job updated: 44839144
	40004  -  MemoryUsage of job (MB)
	40963796  -  ResidentSetSize of job (KB)
...
006 (4596510.000.000) 2025-01-30 16:35:27 Image size of job updated: 48087672
	43833  -  MemoryUsage of job (MB)
	44884916  -  ResidentSetSize of job (KB)
...
006 (4596510.000.000) 2025-01-30 16:40:28 Image size of job updated: 50810040
	46525  -  MemoryUsage of job (MB)
	47641396  -  ResidentSetSize of job (KB)
...
006 (4596510.000.000) 2025-01-30 16:45:29 Image size of job updated: 53376868
	48255  -  MemoryUsage of job (MB)
	49412596  -  ResidentSetSize of job (KB)
...
006 (4596510.000.000) 2025-01-30 16:50:29 Image size of job updated: 55721844
	51211  -  MemoryUsage of job (MB)
	52439884  -  ResidentSetSize of job (KB)
...
006 (4596510.000.000) 2025-01-30 16:55:29 Image size of job updated: 57386016
	52148  -  MemoryUsage of job (MB)
	53398868  -  ResidentSetSize of job (KB)
...
006 (4596510.000.000) 2025-01-30 17:00:30 Image size of job updated: 59410800
	55008  -  MemoryUsage of job (MB)
	56327604  -  ResidentSetSize of job (KB)
...
006 (4596510.000.000) 2025-01-30 17:05:30 Image size of job updated: 62051236
	56250  -  MemoryUsage of job (MB)
	57599432  -  ResidentSetSize of job (KB)
...
006 (4596510.000.000) 2025-01-30 17:10:30 Image size of job updated: 62911872
	58321  -  MemoryUsage of job (MB)
	59720040  -  ResidentSetSize of job (KB)
...
006 (4596510.000.000) 2025-01-30 17:15:32 Image size of job updated: 66214088
	60201  -  MemoryUsage of job (MB)
	61645716  -  ResidentSetSize of job (KB)
...
006 (4596510.000.000) 2025-01-30 17:20:32 Image size of job updated: 66777636
	61846  -  MemoryUsage of job (MB)
	63329908  -  ResidentSetSize of job (KB)
...
006 (4596510.000.000) 2025-01-30 17:25:32 Image size of job updated: 70027752
	64608  -  MemoryUsage of job (MB)
	66157876  -  ResidentSetSize of job (KB)
...
005 (4596510.000.000) 2025-01-30 17:25:50 Job terminated.
	(1) Normal termination (return value 0)
		Usr 0 01:38:37, Sys 0 00:10:08  -  Run Remote Usage
		Usr 0 00:00:00, Sys 0 00:00:00  -  Run Local Usage
		Usr 0 01:38:37, Sys 0 00:10:08  -  Total Remote Usage
		Usr 0 00:00:00, Sys 0 00:00:00  -  Total Local Usage
	0  -  Run Bytes Sent By Job
	0  -  Run Bytes Received By Job
	0  -  Total Bytes Sent By Job
	0  -  Total Bytes Received By Job
	Partitionable Resources :    Usage  Request Allocated 
	   Cpus                 :     0.82        1         1 
	   Disk (KB)            :     2           2   6681243 
	   Memory (MB)          : 64608      128192    128256 
	   xferslots            :                           0 

	Job terminated of its own accord at 2025-01-30T22:25:50Z with exit-code 0.
...
000 (4597714.000.000) 2025-02-02 20:59:09 Job submitted from host: <130.199.48.82:9618?addrs=130.199.48.82-9618&alias=rcas2063.rcf.bnl.gov&noUDP&sock=schedd_23786_1176>
...
001 (4597714.000.000) 2025-02-02 21:05:35 Job executing on host: <130.199.151.3:9618?addrs=130.199.151.3-9618&alias=spool1581.sdcc.bnl.gov&noUDP&sock=startd_32933_fa6d>
...
006 (4597714.000.000) 2025-02-02 21:05:43 Image size of job updated: 298268
	172  -  MemoryUsage of job (MB)
	175452  -  ResidentSetSize of job (KB)
...
006 (4597714.000.000) 2025-02-02 21:05:45 Image size of job updated: 3588344
	172  -  MemoryUsage of job (MB)
	175552  -  ResidentSetSize of job (KB)
...
005 (4597714.000.000) 2025-02-02 21:05:45 Job terminated.
	(1) Normal termination (return value 139)
		Usr 0 00:00:05, Sys 0 00:00:02  -  Run Remote Usage
		Usr 0 00:00:00, Sys 0 00:00:00  -  Run Local Usage
		Usr 0 00:00:05, Sys 0 00:00:02  -  Total Remote Usage
		Usr 0 00:00:00, Sys 0 00:00:00  -  Total Local Usage
	0  -  Run Bytes Sent By Job
	0  -  Run Bytes Received By Job
	0  -  Total Bytes Sent By Job
	0  -  Total Bytes Received By Job
	Partitionable Resources :    Usage  Request Allocated 
	   Cpus                 :                 1         1 
	   Disk (KB)            :        2        2   6681222 
	   Memory (MB)          :      172   128192    128256 
	   xferslots            :                           0 

	Job terminated of its own accord at 2025-02-03T02:05:45Z with exit-code 139.
...
