000 (4606014.000.000) 2025-02-02 21:18:32 Job submitted from host: <130.199.48.82:9618?addrs=130.199.48.82-9618&alias=rcas2063.rcf.bnl.gov&noUDP&sock=schedd_23786_1176>
...
001 (4606014.000.000) 2025-02-02 21:18:33 Job executing on host: <130.199.207.223:9618?addrs=130.199.207.223-9618&alias=spool1510.sdcc.bnl.gov&noUDP&sock=startd_44340_2655>
...
006 (4606014.000.000) 2025-02-02 21:18:41 Image size of job updated: 328480
	142  -  MemoryUsage of job (MB)
	144660  -  ResidentSetSize of job (KB)
...
006 (4606014.000.000) 2025-02-02 21:18:44 Image size of job updated: 328480
	142  -  MemoryUsage of job (MB)
	144748  -  ResidentSetSize of job (KB)
...
005 (4606014.000.000) 2025-02-02 21:18:44 Job terminated.
	(1) Normal termination (return value 139)
		Usr 0 00:00:05, Sys 0 00:00:02  -  Run Remote Usage
		Usr 0 00:00:00, Sys 0 00:00:00  -  Run Local Usage
		Usr 0 00:00:05, Sys 0 00:00:02  -  Total Remote Usage
		Usr 0 00:00:00, Sys 0 00:00:00  -  Total Local Usage
	0  -  Run Bytes Sent By Job
	0  -  Run Bytes Received By Job
	0  -  Total Bytes Sent By Job
	0  -  Total Bytes Received By Job
	Partitionable Resources :    Usage  Request Allocated 
	   Cpus                 :                 1         1 
	   Disk (KB)            :        2        2   6681171 
	   Memory (MB)          :      142   128192    128256 
	   xferslots            :                           0 

	Job terminated of its own accord at 2025-02-03T02:18:44Z with exit-code 139.
...
