000 (4604113.000.000) 2025-02-02 21:14:22 Job submitted from host: <130.199.48.82:9618?addrs=130.199.48.82-9618&alias=rcas2063.rcf.bnl.gov&noUDP&sock=schedd_23786_1176>
...
001 (4604113.000.000) 2025-02-02 21:14:25 Job executing on host: <130.199.186.30:9618?addrs=130.199.186.30-9618&alias=spool1827.sdcc.bnl.gov&noUDP&sock=startd_65822_ee79>
...
006 (4604113.000.000) 2025-02-02 21:14:33 Image size of job updated: 3039016
	332  -  MemoryUsage of job (MB)
	339788  -  ResidentSetSize of job (KB)
...
006 (4604113.000.000) 2025-02-02 21:14:34 Image size of job updated: 3039016
	333  -  MemoryUsage of job (MB)
	340004  -  ResidentSetSize of job (KB)
...
005 (4604113.000.000) 2025-02-02 21:14:34 Job terminated.
	(1) Normal termination (return value 139)
		Usr 0 00:00:06, Sys 0 00:00:01  -  Run Remote Usage
		Usr 0 00:00:00, Sys 0 00:00:00  -  Run Local Usage
		Usr 0 00:00:06, Sys 0 00:00:01  -  Total Remote Usage
		Usr 0 00:00:00, Sys 0 00:00:00  -  Total Local Usage
	0  -  Run Bytes Sent By Job
	0  -  Run Bytes Received By Job
	0  -  Total Bytes Sent By Job
	0  -  Total Bytes Received By Job
	Partitionable Resources :    Usage  Request Allocated 
	   Cpus                 :                 1         1 
	   Disk (KB)            :        2        2   6681626 
	   Memory (MB)          :      333   128192    128256 
	   xferslots            :                           0 

	Job terminated of its own accord at 2025-02-03T02:14:34Z with exit-code 139.
...
