000 (4604666.000.000) 2025-02-02 21:15:33 Job submitted from host: <130.199.48.82:9618?addrs=130.199.48.82-9618&alias=rcas2063.rcf.bnl.gov&noUDP&sock=schedd_23786_1176>
...
001 (4604666.000.000) 2025-02-02 21:15:35 Job executing on host: <130.199.186.12:9618?addrs=130.199.186.12-9618&alias=spool1809.sdcc.bnl.gov&noUDP&sock=startd_7910_83be>
...
006 (4604666.000.000) 2025-02-02 21:15:44 Image size of job updated: 238264
	137  -  MemoryUsage of job (MB)
	139608  -  ResidentSetSize of job (KB)
...
006 (4604666.000.000) 2025-02-02 21:15:47 Image size of job updated: 238320
	137  -  MemoryUsage of job (MB)
	139680  -  ResidentSetSize of job (KB)
...
005 (4604666.000.000) 2025-02-02 21:15:47 Job terminated.
	(1) Normal termination (return value 139)
		Usr 0 00:00:05, Sys 0 00:00:02  -  Run Remote Usage
		Usr 0 00:00:00, Sys 0 00:00:00  -  Run Local Usage
		Usr 0 00:00:05, Sys 0 00:00:02  -  Total Remote Usage
		Usr 0 00:00:00, Sys 0 00:00:00  -  Total Local Usage
	0  -  Run Bytes Sent By Job
	0  -  Run Bytes Received By Job
	0  -  Total Bytes Sent By Job
	0  -  Total Bytes Received By Job
	Partitionable Resources :    Usage  Request Allocated 
	   Cpus                 :                 1         1 
	   Disk (KB)            :        2        2   6681627 
	   Memory (MB)          :      137   128192    128256 
	   xferslots            :                           0 

	Job terminated of its own accord at 2025-02-03T02:15:47Z with exit-code 139.
...
