000 (4596187.000.000) 2025-01-28 23:09:42 Job submitted from host: <130.199.48.82:9618?addrs=130.199.48.82-9618&alias=rcas2063.rcf.bnl.gov&noUDP&sock=schedd_23786_1176>
...
001 (4596187.000.000) 2025-01-29 01:35:41 Job executing on host: <130.199.150.67:9618?addrs=130.199.150.67-9618&alias=spool1548.sdcc.bnl.gov&noUDP&sock=startd_28485_3e0d>
...
006 (4596187.000.000) 2025-01-29 01:35:51 Image size of job updated: 574088
	89  -  MemoryUsage of job (MB)
	90212  -  ResidentSetSize of job (KB)
...
006 (4596187.000.000) 2025-01-29 01:35:58 Image size of job updated: 2937656
	89  -  MemoryUsage of job (MB)
	90212  -  ResidentSetSize of job (KB)
...
005 (4596187.000.000) 2025-01-29 01:35:58 Job terminated.
	(1) Normal termination (return value 0)
		Usr 0 00:00:05, Sys 0 00:00:01  -  Run Remote Usage
		Usr 0 00:00:00, Sys 0 00:00:00  -  Run Local Usage
		Usr 0 00:00:05, Sys 0 00:00:01  -  Total Remote Usage
		Usr 0 00:00:00, Sys 0 00:00:00  -  Total Local Usage
	0  -  Run Bytes Sent By Job
	0  -  Run Bytes Received By Job
	0  -  Total Bytes Sent By Job
	0  -  Total Bytes Received By Job
	Partitionable Resources :    Usage  Request Allocated 
	   Cpus                 :                 1         1 
	   Disk (KB)            :        2        2   6681217 
	   Memory (MB)          :       89   128192    128256 
	   xferslots            :                           0 

	Job terminated of its own accord at 2025-01-29T06:35:58Z with exit-code 0.
...
000 (4597208.000.000) 2025-01-30 00:28:42 Job submitted from host: <130.199.48.82:9618?addrs=130.199.48.82-9618&alias=rcas2063.rcf.bnl.gov&noUDP&sock=schedd_23786_1176>
...
009 (4597208.000.000) 2025-01-30 19:29:37 Job was aborted.
	via condor_rm (by user sgross)
...
000 (4598412.000.000) 2025-02-02 21:00:27 Job submitted from host: <130.199.48.82:9618?addrs=130.199.48.82-9618&alias=rcas2063.rcf.bnl.gov&noUDP&sock=schedd_23786_1176>
...
001 (4598412.000.000) 2025-02-02 21:06:46 Job executing on host: <130.199.151.12:9618?addrs=130.199.151.12-9618&alias=spool1590.sdcc.bnl.gov&noUDP&sock=startd_79370_b3d7>
...
006 (4598412.000.000) 2025-02-02 21:06:54 Image size of job updated: 3388812
	0  -  MemoryUsage of job (MB)
	0  -  ResidentSetSize of job (KB)
...
005 (4598412.000.000) 2025-02-02 21:06:55 Job terminated.
	(1) Normal termination (return value 139)
		Usr 0 00:00:05, Sys 0 00:00:01  -  Run Remote Usage
		Usr 0 00:00:00, Sys 0 00:00:00  -  Run Local Usage
		Usr 0 00:00:05, Sys 0 00:00:01  -  Total Remote Usage
		Usr 0 00:00:00, Sys 0 00:00:00  -  Total Local Usage
	0  -  Run Bytes Sent By Job
	0  -  Run Bytes Received By Job
	0  -  Total Bytes Sent By Job
	0  -  Total Bytes Received By Job
	Partitionable Resources :    Usage  Request Allocated 
	   Cpus                 :                 1         1 
	   Disk (KB)            :        2        2   6681236 
	   Memory (MB)          :        0   128192    128256 
	   xferslots            :                           0 

	Job terminated of its own accord at 2025-02-03T02:06:54Z with exit-code 139.
...
000 (4608129.000.000) 2025-02-03 00:29:59 Job submitted from host: <130.199.48.82:9618?addrs=130.199.48.82-9618&alias=rcas2063.rcf.bnl.gov&noUDP&sock=schedd_23786_1176>
...
