000 (4595852.000.000) 2025-01-28 23:09:15 Job submitted from host: <130.199.48.82:9618?addrs=130.199.48.82-9618&alias=rcas2063.rcf.bnl.gov&noUDP&sock=schedd_23786_1176>
...
001 (4595852.000.000) 2025-01-29 01:30:34 Job executing on host: <130.199.184.197:9618?addrs=130.199.184.197-9618&alias=spool1772.sdcc.bnl.gov&noUDP&sock=startd_55688_a602>
...
006 (4595852.000.000) 2025-01-29 01:30:43 Image size of job updated: 565428
	89  -  MemoryUsage of job (MB)
	90852  -  ResidentSetSize of job (KB)
...
006 (4595852.000.000) 2025-01-29 01:30:48 Image size of job updated: 565428
	89  -  MemoryUsage of job (MB)
	90880  -  ResidentSetSize of job (KB)
...
005 (4595852.000.000) 2025-01-29 01:30:48 Job terminated.
	(1) Normal termination (return value 0)
		Usr 0 00:00:04, Sys 0 00:00:01  -  Run Remote Usage
		Usr 0 00:00:00, Sys 0 00:00:00  -  Run Local Usage
		Usr 0 00:00:04, Sys 0 00:00:01  -  Total Remote Usage
		Usr 0 00:00:00, Sys 0 00:00:00  -  Total Local Usage
	0  -  Run Bytes Sent By Job
	0  -  Run Bytes Received By Job
	0  -  Total Bytes Sent By Job
	0  -  Total Bytes Received By Job
	Partitionable Resources :    Usage  Request Allocated 
	   Cpus                 :                 1         1 
	   Disk (KB)            :        2        2   6681633 
	   Memory (MB)          :       89   128192    128256 
	   xferslots            :                           0 

	Job terminated of its own accord at 2025-01-29T06:30:48Z with exit-code 0.
...
000 (4596873.000.000) 2025-01-30 00:28:09 Job submitted from host: <130.199.48.82:9618?addrs=130.199.48.82-9618&alias=rcas2063.rcf.bnl.gov&noUDP&sock=schedd_23786_1176>
...
001 (4596873.000.000) 2025-01-30 19:23:46 Job executing on host: <130.199.186.82:9618?addrs=130.199.186.82-9618&alias=spool1845.sdcc.bnl.gov&noUDP&sock=startd_71843_8085>
...
006 (4596873.000.000) 2025-01-30 19:23:54 Image size of job updated: 331856
	83  -  MemoryUsage of job (MB)
	84776  -  ResidentSetSize of job (KB)
...
006 (4596873.000.000) 2025-01-30 19:28:54 Image size of job updated: 5335504
	1944  -  MemoryUsage of job (MB)
	1989928  -  ResidentSetSize of job (KB)
...
006 (4596873.000.000) 2025-01-30 19:29:31 Image size of job updated: 6030836
	2670  -  MemoryUsage of job (MB)
	2733812  -  ResidentSetSize of job (KB)
...
006 (4596873.000.000) 2025-01-30 19:29:31 Image size of job updated: 6030836
	2676  -  MemoryUsage of job (MB)
	2739360  -  ResidentSetSize of job (KB)
...
004 (4596873.000.000) 2025-01-30 19:29:31 Job was evicted.
	(0) CPU times
		Usr 0 00:03:54, Sys 0 00:00:28  -  Run Remote Usage
		Usr 0 00:00:00, Sys 0 00:00:00  -  Run Local Usage
	0  -  Run Bytes Sent By Job
	0  -  Run Bytes Received By Job
	Partitionable Resources :    Usage  Request Allocated 
	   Cpus                 :        0        1         1 
	   Disk (KB)            :        2        2   6681620 
	   Memory (MB)          :     2676   128192    128256 
	   xferslots            :                           0 
...
009 (4596873.000.000) 2025-01-30 19:29:31 Job was aborted.
	via condor_rm (by user sgross)

	Job terminated by <130.199.48.82:40511> at 2025-01-31T00:29:31Z (using method 1: DEACTIVATE_CLAIM).
...
000 (4598077.000.000) 2025-02-02 20:59:50 Job submitted from host: <130.199.48.82:9618?addrs=130.199.48.82-9618&alias=rcas2063.rcf.bnl.gov&noUDP&sock=schedd_23786_1176>
...
001 (4598077.000.000) 2025-02-02 21:06:17 Job executing on host: <130.199.186.72:9618?addrs=130.199.186.72-9618&alias=spool1835.sdcc.bnl.gov&noUDP&sock=startd_55689_f707>
...
006 (4598077.000.000) 2025-02-02 21:06:25 Image size of job updated: 2919652
	331  -  MemoryUsage of job (MB)
	338172  -  ResidentSetSize of job (KB)
...
006 (4598077.000.000) 2025-02-02 21:06:26 Image size of job updated: 2919652
	331  -  MemoryUsage of job (MB)
	338256  -  ResidentSetSize of job (KB)
...
005 (4598077.000.000) 2025-02-02 21:06:26 Job terminated.
	(1) Normal termination (return value 139)
		Usr 0 00:00:05, Sys 0 00:00:02  -  Run Remote Usage
		Usr 0 00:00:00, Sys 0 00:00:00  -  Run Local Usage
		Usr 0 00:00:05, Sys 0 00:00:02  -  Total Remote Usage
		Usr 0 00:00:00, Sys 0 00:00:00  -  Total Local Usage
	0  -  Run Bytes Sent By Job
	0  -  Run Bytes Received By Job
	0  -  Total Bytes Sent By Job
	0  -  Total Bytes Received By Job
	Partitionable Resources :    Usage  Request Allocated 
	   Cpus                 :                 1         1 
	   Disk (KB)            :        2        2   6681637 
	   Memory (MB)          :      331   128192    128256 
	   xferslots            :                           0 

	Job terminated of its own accord at 2025-02-03T02:06:26Z with exit-code 139.
...
000 (4607794.000.000) 2025-02-03 00:29:21 Job submitted from host: <130.199.48.82:9618?addrs=130.199.48.82-9618&alias=rcas2063.rcf.bnl.gov&noUDP&sock=schedd_23786_1176>
...
