000 (4596154.000.000) 2025-01-28 23:09:39 Job submitted from host: <130.199.48.82:9618?addrs=130.199.48.82-9618&alias=rcas2063.rcf.bnl.gov&noUDP&sock=schedd_23786_1176>
...
001 (4596154.000.000) 2025-01-29 01:35:12 Job executing on host: <130.199.184.217:9618?addrs=130.199.184.217-9618&alias=spool1792.sdcc.bnl.gov&noUDP&sock=startd_72049_b2cc>
...
006 (4596154.000.000) 2025-01-29 01:35:21 Image size of job updated: 332140
	82  -  MemoryUsage of job (MB)
	83780  -  ResidentSetSize of job (KB)
...
006 (4596154.000.000) 2025-01-29 01:35:33 Image size of job updated: 631880
	82  -  MemoryUsage of job (MB)
	83788  -  ResidentSetSize of job (KB)
...
005 (4596154.000.000) 2025-01-29 01:35:34 Job terminated.
	(1) Normal termination (return value 0)
		Usr 0 00:00:04, Sys 0 00:00:02  -  Run Remote Usage
		Usr 0 00:00:00, Sys 0 00:00:00  -  Run Local Usage
		Usr 0 00:00:04, Sys 0 00:00:02  -  Total Remote Usage
		Usr 0 00:00:00, Sys 0 00:00:00  -  Total Local Usage
	0  -  Run Bytes Sent By Job
	0  -  Run Bytes Received By Job
	0  -  Total Bytes Sent By Job
	0  -  Total Bytes Received By Job
	Partitionable Resources :    Usage  Request Allocated 
	   Cpus                 :                 1         1 
	   Disk (KB)            :        2        2   6681623 
	   Memory (MB)          :       82   128192    128256 
	   xferslots            :                           0 

	Job terminated of its own accord at 2025-01-29T06:35:33Z with exit-code 0.
...
000 (4597175.000.000) 2025-01-30 00:28:39 Job submitted from host: <130.199.48.82:9618?addrs=130.199.48.82-9618&alias=rcas2063.rcf.bnl.gov&noUDP&sock=schedd_23786_1176>
...
009 (4597175.000.000) 2025-01-30 19:29:32 Job was aborted.
	via condor_rm (by user sgross)
...
000 (4598379.000.000) 2025-02-02 21:00:24 Job submitted from host: <130.199.48.82:9618?addrs=130.199.48.82-9618&alias=rcas2063.rcf.bnl.gov&noUDP&sock=schedd_23786_1176>
...
001 (4598379.000.000) 2025-02-02 21:06:43 Job executing on host: <130.199.150.72:9618?addrs=130.199.150.72-9618&alias=spool1553.sdcc.bnl.gov&noUDP&sock=startd_35933_70bb>
...
006 (4598379.000.000) 2025-02-02 21:06:52 Image size of job updated: 448140
	295  -  MemoryUsage of job (MB)
	301924  -  ResidentSetSize of job (KB)
...
006 (4598379.000.000) 2025-02-02 21:06:54 Image size of job updated: 3589120
	295  -  MemoryUsage of job (MB)
	301924  -  ResidentSetSize of job (KB)
...
005 (4598379.000.000) 2025-02-02 21:06:54 Job terminated.
	(1) Normal termination (return value 139)
		Usr 0 00:00:06, Sys 0 00:00:02  -  Run Remote Usage
		Usr 0 00:00:00, Sys 0 00:00:00  -  Run Local Usage
		Usr 0 00:00:06, Sys 0 00:00:02  -  Total Remote Usage
		Usr 0 00:00:00, Sys 0 00:00:00  -  Total Local Usage
	0  -  Run Bytes Sent By Job
	0  -  Run Bytes Received By Job
	0  -  Total Bytes Sent By Job
	0  -  Total Bytes Received By Job
	Partitionable Resources :    Usage  Request Allocated 
	   Cpus                 :                 1         1 
	   Disk (KB)            :        2        2   6681238 
	   Memory (MB)          :      295   128192    128256 
	   xferslots            :                           0 

	Job terminated of its own accord at 2025-02-03T02:06:54Z with exit-code 139.
...
000 (4608096.000.000) 2025-02-03 00:29:56 Job submitted from host: <130.199.48.82:9618?addrs=130.199.48.82-9618&alias=rcas2063.rcf.bnl.gov&noUDP&sock=schedd_23786_1176>
...
