000 (4595472.000.000) 2025-01-28 23:08:45 Job submitted from host: <130.199.48.82:9618?addrs=130.199.48.82-9618&alias=rcas2063.rcf.bnl.gov&noUDP&sock=schedd_23786_1176>
...
001 (4595472.000.000) 2025-01-29 01:23:43 Job executing on host: <130.199.151.8:9618?addrs=130.199.151.8-9618&alias=spool1586.sdcc.bnl.gov&noUDP&sock=startd_10002_9b31>
...
006 (4595472.000.000) 2025-01-29 01:23:52 Image size of job updated: 565268
	95  -  MemoryUsage of job (MB)
	96840  -  ResidentSetSize of job (KB)
...
006 (4595472.000.000) 2025-01-29 01:23:55 Image size of job updated: 565268
	95  -  MemoryUsage of job (MB)
	96884  -  ResidentSetSize of job (KB)
...
005 (4595472.000.000) 2025-01-29 01:23:55 Job terminated.
	(1) Normal termination (return value 0)
		Usr 0 00:00:03, Sys 0 00:00:02  -  Run Remote Usage
		Usr 0 00:00:00, Sys 0 00:00:00  -  Run Local Usage
		Usr 0 00:00:03, Sys 0 00:00:02  -  Total Remote Usage
		Usr 0 00:00:00, Sys 0 00:00:00  -  Total Local Usage
	0  -  Run Bytes Sent By Job
	0  -  Run Bytes Received By Job
	0  -  Total Bytes Sent By Job
	0  -  Total Bytes Received By Job
	Partitionable Resources :    Usage  Request Allocated 
	   Cpus                 :                 1         1 
	   Disk (KB)            :        2        2   6681168 
	   Memory (MB)          :       95   128192    128256 
	   xferslots            :                           0 

	Job terminated of its own accord at 2025-01-29T06:23:55Z with exit-code 0.
...
000 (4596493.000.000) 2025-01-30 00:27:32 Job submitted from host: <130.199.48.82:9618?addrs=130.199.48.82-9618&alias=rcas2063.rcf.bnl.gov&noUDP&sock=schedd_23786_1176>
...
001 (4596493.000.000) 2025-01-30 15:08:53 Job executing on host: <130.199.207.224:9618?addrs=130.199.207.224-9618&alias=spool1511.sdcc.bnl.gov&noUDP&sock=startd_58964_760b>
...
006 (4596493.000.000) 2025-01-30 15:09:02 Image size of job updated: 148648
	77  -  MemoryUsage of job (MB)
	78748  -  ResidentSetSize of job (KB)
...
006 (4596493.000.000) 2025-01-30 15:14:03 Image size of job updated: 4975356
	605  -  MemoryUsage of job (MB)
	619144  -  ResidentSetSize of job (KB)
...
006 (4596493.000.000) 2025-01-30 15:19:04 Image size of job updated: 7711896
	4343  -  MemoryUsage of job (MB)
	4446608  -  ResidentSetSize of job (KB)
...
006 (4596493.000.000) 2025-01-30 15:24:04 Image size of job updated: 9953368
	6786  -  MemoryUsage of job (MB)
	6948324  -  ResidentSetSize of job (KB)
...
006 (4596493.000.000) 2025-01-30 15:29:05 Image size of job updated: 13298280
	9376  -  MemoryUsage of job (MB)
	9600216  -  ResidentSetSize of job (KB)
...
006 (4596493.000.000) 2025-01-30 15:34:06 Image size of job updated: 17237896
	12291  -  MemoryUsage of job (MB)
	12585444  -  ResidentSetSize of job (KB)
...
006 (4596493.000.000) 2025-01-30 15:39:06 Image size of job updated: 18819600
	15398  -  MemoryUsage of job (MB)
	15766988  -  ResidentSetSize of job (KB)
...
006 (4596493.000.000) 2025-01-30 15:44:06 Image size of job updated: 21546496
	17661  -  MemoryUsage of job (MB)
	18084760  -  ResidentSetSize of job (KB)
...
006 (4596493.000.000) 2025-01-30 15:49:07 Image size of job updated: 24766492
	20918  -  MemoryUsage of job (MB)
	21419044  -  ResidentSetSize of job (KB)
...
006 (4596493.000.000) 2025-01-30 15:54:07 Image size of job updated: 27463952
	23778  -  MemoryUsage of job (MB)
	24348260  -  ResidentSetSize of job (KB)
...
006 (4596493.000.000) 2025-01-30 15:59:07 Image size of job updated: 30014832
	26031  -  MemoryUsage of job (MB)
	26655624  -  ResidentSetSize of job (KB)
...
006 (4596493.000.000) 2025-01-30 16:04:08 Image size of job updated: 33761972
	28712  -  MemoryUsage of job (MB)
	29400260  -  ResidentSetSize of job (KB)
...
006 (4596493.000.000) 2025-01-30 16:09:09 Image size of job updated: 35448976
	31571  -  MemoryUsage of job (MB)
	32328520  -  ResidentSetSize of job (KB)
...
006 (4596493.000.000) 2025-01-30 16:14:09 Image size of job updated: 38213452
	33635  -  MemoryUsage of job (MB)
	34442080  -  ResidentSetSize of job (KB)
...
006 (4596493.000.000) 2025-01-30 16:19:10 Image size of job updated: 41924384
	36523  -  MemoryUsage of job (MB)
	37399280  -  ResidentSetSize of job (KB)
...
006 (4596493.000.000) 2025-01-30 16:24:11 Image size of job updated: 43392728
	39505  -  MemoryUsage of job (MB)
	40453104  -  ResidentSetSize of job (KB)
...
006 (4596493.000.000) 2025-01-30 16:29:11 Image size of job updated: 46426244
	41534  -  MemoryUsage of job (MB)
	42530012  -  ResidentSetSize of job (KB)
...
006 (4596493.000.000) 2025-01-30 16:34:11 Image size of job updated: 49494620
	44754  -  MemoryUsage of job (MB)
	45828048  -  ResidentSetSize of job (KB)
...
006 (4596493.000.000) 2025-01-30 16:39:12 Image size of job updated: 51831508
	47679  -  MemoryUsage of job (MB)
	48823064  -  ResidentSetSize of job (KB)
...
006 (4596493.000.000) 2025-01-30 16:44:12 Image size of job updated: 54720688
	50315  -  MemoryUsage of job (MB)
	51521824  -  ResidentSetSize of job (KB)
...
006 (4596493.000.000) 2025-01-30 16:48:01 Image size of job updated: 57720032
	50315  -  MemoryUsage of job (MB)
	51521824  -  ResidentSetSize of job (KB)
...
005 (4596493.000.000) 2025-01-30 16:48:02 Job terminated.
	(1) Normal termination (return value 0)
		Usr 0 01:21:07, Sys 0 00:08:07  -  Run Remote Usage
		Usr 0 00:00:00, Sys 0 00:00:00  -  Run Local Usage
		Usr 0 01:21:07, Sys 0 00:08:07  -  Total Remote Usage
		Usr 0 00:00:00, Sys 0 00:00:00  -  Total Local Usage
	0  -  Run Bytes Sent By Job
	0  -  Run Bytes Received By Job
	0  -  Total Bytes Sent By Job
	0  -  Total Bytes Received By Job
	Partitionable Resources :    Usage  Request Allocated 
	   Cpus                 :     1.00        1         1 
	   Disk (KB)            :     2           2   6681241 
	   Memory (MB)          : 50315      128192    128256 
	   xferslots            :                           0 

	Job terminated of its own accord at 2025-01-30T21:48:01Z with exit-code 0.
...
000 (4597697.000.000) 2025-02-02 20:59:07 Job submitted from host: <130.199.48.82:9618?addrs=130.199.48.82-9618&alias=rcas2063.rcf.bnl.gov&noUDP&sock=schedd_23786_1176>
...
001 (4597697.000.000) 2025-02-02 21:05:33 Job executing on host: <130.199.186.93:9618?addrs=130.199.186.93-9618&alias=spool1856.sdcc.bnl.gov&noUDP&sock=startd_8097_b2a1>
...
006 (4597697.000.000) 2025-02-02 21:05:41 Image size of job updated: 263740
	147  -  MemoryUsage of job (MB)
	150024  -  ResidentSetSize of job (KB)
...
005 (4597697.000.000) 2025-02-02 21:05:44 Job terminated.
	(1) Normal termination (return value 139)
		Usr 0 00:00:05, Sys 0 00:00:01  -  Run Remote Usage
		Usr 0 00:00:00, Sys 0 00:00:00  -  Run Local Usage
		Usr 0 00:00:05, Sys 0 00:00:01  -  Total Remote Usage
		Usr 0 00:00:00, Sys 0 00:00:00  -  Total Local Usage
	0  -  Run Bytes Sent By Job
	0  -  Run Bytes Received By Job
	0  -  Total Bytes Sent By Job
	0  -  Total Bytes Received By Job
	Partitionable Resources :    Usage  Request Allocated 
	   Cpus                 :                 1         1 
	   Disk (KB)            :        2        2   6681628 
	   Memory (MB)          :      147   128192    128256 
	   xferslots            :                           0 

	Job terminated of its own accord at 2025-02-03T02:05:43Z with exit-code 139.
...
