000 (4595809.000.000) 2025-01-28 23:09:12 Job submitted from host: <130.199.48.82:9618?addrs=130.199.48.82-9618&alias=rcas2063.rcf.bnl.gov&noUDP&sock=schedd_23786_1176>
...
001 (4595809.000.000) 2025-01-29 01:29:46 Job executing on host: <130.199.186.92:9618?addrs=130.199.186.92-9618&alias=spool1855.sdcc.bnl.gov&noUDP&sock=startd_51230_bf6c>
...
006 (4595809.000.000) 2025-01-29 01:29:54 Image size of job updated: 2936056
	0  -  MemoryUsage of job (MB)
	0  -  ResidentSetSize of job (KB)
...
005 (4595809.000.000) 2025-01-29 01:29:54 Job terminated.
	(1) Normal termination (return value 0)
		Usr 0 00:00:03, Sys 0 00:00:01  -  Run Remote Usage
		Usr 0 00:00:00, Sys 0 00:00:00  -  Run Local Usage
		Usr 0 00:00:03, Sys 0 00:00:01  -  Total Remote Usage
		Usr 0 00:00:00, Sys 0 00:00:00  -  Total Local Usage
	0  -  Run Bytes Sent By Job
	0  -  Run Bytes Received By Job
	0  -  Total Bytes Sent By Job
	0  -  Total Bytes Received By Job
	Partitionable Resources :    Usage  Request Allocated 
	   Cpus                 :                 1         1 
	   Disk (KB)            :        2        2   6681629 
	   Memory (MB)          :        0   128192    128256 
	   xferslots            :                           0 

	Job terminated of its own accord at 2025-01-29T06:29:54Z with exit-code 0.
...
000 (4596830.000.000) 2025-01-30 00:28:05 Job submitted from host: <130.199.48.82:9618?addrs=130.199.48.82-9618&alias=rcas2063.rcf.bnl.gov&noUDP&sock=schedd_23786_1176>
...
001 (4596830.000.000) 2025-01-30 19:03:16 Job executing on host: <130.199.184.219:9618?addrs=130.199.184.219-9618&alias=spool1794.sdcc.bnl.gov&noUDP&sock=startd_9457_1edf>
...
006 (4596830.000.000) 2025-01-30 19:03:25 Image size of job updated: 129744
	7  -  MemoryUsage of job (MB)
	6472  -  ResidentSetSize of job (KB)
...
006 (4596830.000.000) 2025-01-30 19:08:26 Image size of job updated: 5242560
	1348  -  MemoryUsage of job (MB)
	1380232  -  ResidentSetSize of job (KB)
...
006 (4596830.000.000) 2025-01-30 19:13:27 Image size of job updated: 9601368
	4843  -  MemoryUsage of job (MB)
	4958248  -  ResidentSetSize of job (KB)
...
006 (4596830.000.000) 2025-01-30 19:18:27 Image size of job updated: 12075716
	8719  -  MemoryUsage of job (MB)
	8928020  -  ResidentSetSize of job (KB)
...
006 (4596830.000.000) 2025-01-30 19:23:27 Image size of job updated: 15316020
	11866  -  MemoryUsage of job (MB)
	12150240  -  ResidentSetSize of job (KB)
...
006 (4596830.000.000) 2025-01-30 19:28:28 Image size of job updated: 18858624
	15102  -  MemoryUsage of job (MB)
	15463740  -  ResidentSetSize of job (KB)
...
006 (4596830.000.000) 2025-01-30 19:29:34 Image size of job updated: 19460704
	15987  -  MemoryUsage of job (MB)
	16370020  -  ResidentSetSize of job (KB)
...
006 (4596830.000.000) 2025-01-30 19:29:34 Image size of job updated: 19771780
	15990  -  MemoryUsage of job (MB)
	16373476  -  ResidentSetSize of job (KB)
...
004 (4596830.000.000) 2025-01-30 19:29:34 Job was evicted.
	(0) CPU times
		Usr 0 00:23:29, Sys 0 00:02:44  -  Run Remote Usage
		Usr 0 00:00:00, Sys 0 00:00:00  -  Run Local Usage
	0  -  Run Bytes Sent By Job
	0  -  Run Bytes Received By Job
	Partitionable Resources :    Usage  Request Allocated 
	   Cpus                 :     0.99        1         1 
	   Disk (KB)            :     2           2   6681632 
	   Memory (MB)          : 15990      128192    128256 
	   xferslots            :                           0 
...
009 (4596830.000.000) 2025-01-30 19:29:34 Job was aborted.
	via condor_rm (by user sgross)

	Job terminated by <130.199.48.82:34954> at 2025-01-31T00:29:34Z (using method 1: DEACTIVATE_CLAIM).
...
000 (4598034.000.000) 2025-02-02 20:59:45 Job submitted from host: <130.199.48.82:9618?addrs=130.199.48.82-9618&alias=rcas2063.rcf.bnl.gov&noUDP&sock=schedd_23786_1176>
...
001 (4598034.000.000) 2025-02-02 21:06:12 Job executing on host: <130.199.184.204:9618?addrs=130.199.184.204-9618&alias=spool1779.sdcc.bnl.gov&noUDP&sock=startd_79825_b44a>
...
006 (4598034.000.000) 2025-02-02 21:06:21 Image size of job updated: 251644
	108  -  MemoryUsage of job (MB)
	109880  -  ResidentSetSize of job (KB)
...
005 (4598034.000.000) 2025-02-02 21:06:21 Job terminated.
	(1) Normal termination (return value 139)
		Usr 0 00:00:05, Sys 0 00:00:01  -  Run Remote Usage
		Usr 0 00:00:00, Sys 0 00:00:00  -  Run Local Usage
		Usr 0 00:00:05, Sys 0 00:00:01  -  Total Remote Usage
		Usr 0 00:00:00, Sys 0 00:00:00  -  Total Local Usage
	0  -  Run Bytes Sent By Job
	0  -  Run Bytes Received By Job
	0  -  Total Bytes Sent By Job
	0  -  Total Bytes Received By Job
	Partitionable Resources :    Usage  Request Allocated 
	   Cpus                 :                 1         1 
	   Disk (KB)            :        2        2   6681624 
	   Memory (MB)          :      108   128192    128256 
	   xferslots            :                           0 

	Job terminated of its own accord at 2025-02-03T02:06:21Z with exit-code 139.
...
000 (4607751.000.000) 2025-02-03 00:29:17 Job submitted from host: <130.199.48.82:9618?addrs=130.199.48.82-9618&alias=rcas2063.rcf.bnl.gov&noUDP&sock=schedd_23786_1176>
...
