000 (4595236.000.000) 2025-01-28 23:08:25 Job submitted from host: <130.199.48.82:9618?addrs=130.199.48.82-9618&alias=rcas2063.rcf.bnl.gov&noUDP&sock=schedd_23786_1176>
...
001 (4595236.000.000) 2025-01-29 01:09:41 Job executing on host: <130.199.151.33:9618?addrs=130.199.151.33-9618&alias=spool1611.sdcc.bnl.gov&noUDP&sock=startd_368_911c>
...
006 (4595236.000.000) 2025-01-29 01:09:50 Image size of job updated: 299068
	43  -  MemoryUsage of job (MB)
	43812  -  ResidentSetSize of job (KB)
...
005 (4595236.000.000) 2025-01-29 01:09:59 Job terminated.
	(1) Normal termination (return value 0)
		Usr 0 00:00:03, Sys 0 00:00:01  -  Run Remote Usage
		Usr 0 00:00:00, Sys 0 00:00:00  -  Run Local Usage
		Usr 0 00:00:03, Sys 0 00:00:01  -  Total Remote Usage
		Usr 0 00:00:00, Sys 0 00:00:00  -  Total Local Usage
	0  -  Run Bytes Sent By Job
	0  -  Run Bytes Received By Job
	0  -  Total Bytes Sent By Job
	0  -  Total Bytes Received By Job
	Partitionable Resources :    Usage  Request Allocated 
	   Cpus                 :                 1         1 
	   Disk (KB)            :        2        2   6681232 
	   Memory (MB)          :       43   128192    128256 
	   xferslots            :                           0 

	Job terminated of its own accord at 2025-01-29T06:09:59Z with exit-code 0.
...
000 (4596257.000.000) 2025-01-30 00:27:08 Job submitted from host: <130.199.48.82:9618?addrs=130.199.48.82-9618&alias=rcas2063.rcf.bnl.gov&noUDP&sock=schedd_23786_1176>
...
001 (4596257.000.000) 2025-01-30 10:48:36 Job executing on host: <130.199.151.34:9618?addrs=130.199.151.34-9618&alias=spool1612.sdcc.bnl.gov&noUDP&sock=startd_77167_7b17>
...
006 (4596257.000.000) 2025-01-30 10:48:44 Image size of job updated: 72856
	39  -  MemoryUsage of job (MB)
	39796  -  ResidentSetSize of job (KB)
...
006 (4596257.000.000) 2025-01-30 10:53:44 Image size of job updated: 5327476
	391  -  MemoryUsage of job (MB)
	399396  -  ResidentSetSize of job (KB)
...
006 (4596257.000.000) 2025-01-30 10:58:45 Image size of job updated: 5797144
	2625  -  MemoryUsage of job (MB)
	2687192  -  ResidentSetSize of job (KB)
...
006 (4596257.000.000) 2025-01-30 11:03:46 Image size of job updated: 10252464
	5423  -  MemoryUsage of job (MB)
	5553120  -  ResidentSetSize of job (KB)
...
006 (4596257.000.000) 2025-01-30 11:08:46 Image size of job updated: 11304760
	7953  -  MemoryUsage of job (MB)
	8143404  -  ResidentSetSize of job (KB)
...
006 (4596257.000.000) 2025-01-30 11:13:47 Image size of job updated: 14178056
	9693  -  MemoryUsage of job (MB)
	9925248  -  ResidentSetSize of job (KB)
...
006 (4596257.000.000) 2025-01-30 11:18:48 Image size of job updated: 16139992
	12765  -  MemoryUsage of job (MB)
	13070748  -  ResidentSetSize of job (KB)
...
006 (4596257.000.000) 2025-01-30 11:23:48 Image size of job updated: 18577048
	14543  -  MemoryUsage of job (MB)
	14891060  -  ResidentSetSize of job (KB)
...
006 (4596257.000.000) 2025-01-30 11:28:48 Image size of job updated: 21424940
	17878  -  MemoryUsage of job (MB)
	18306780  -  ResidentSetSize of job (KB)
...
006 (4596257.000.000) 2025-01-30 11:33:49 Image size of job updated: 23489288
	19209  -  MemoryUsage of job (MB)
	19669668  -  ResidentSetSize of job (KB)
...
006 (4596257.000.000) 2025-01-30 11:38:49 Image size of job updated: 25975132
	22267  -  MemoryUsage of job (MB)
	22801116  -  ResidentSetSize of job (KB)
...
006 (4596257.000.000) 2025-01-30 11:43:50 Image size of job updated: 28418268
	24144  -  MemoryUsage of job (MB)
	24722572  -  ResidentSetSize of job (KB)
...
006 (4596257.000.000) 2025-01-30 11:48:51 Image size of job updated: 31700780
	26531  -  MemoryUsage of job (MB)
	27167624  -  ResidentSetSize of job (KB)
...
006 (4596257.000.000) 2025-01-30 11:53:51 Image size of job updated: 33450224
	29497  -  MemoryUsage of job (MB)
	30204760  -  ResidentSetSize of job (KB)
...
006 (4596257.000.000) 2025-01-30 11:58:52 Image size of job updated: 36036248
	31531  -  MemoryUsage of job (MB)
	32287380  -  ResidentSetSize of job (KB)
...
006 (4596257.000.000) 2025-01-30 12:03:53 Image size of job updated: 39763344
	34143  -  MemoryUsage of job (MB)
	34962240  -  ResidentSetSize of job (KB)
...
006 (4596257.000.000) 2025-01-30 12:08:53 Image size of job updated: 40549436
	36516  -  MemoryUsage of job (MB)
	37392296  -  ResidentSetSize of job (KB)
...
006 (4596257.000.000) 2025-01-30 12:13:53 Image size of job updated: 44861552
	39268  -  MemoryUsage of job (MB)
	40209676  -  ResidentSetSize of job (KB)
...
006 (4596257.000.000) 2025-01-30 12:18:54 Image size of job updated: 46219060
	42013  -  MemoryUsage of job (MB)
	43021300  -  ResidentSetSize of job (KB)
...
006 (4596257.000.000) 2025-01-30 12:23:54 Image size of job updated: 48520724
	43625  -  MemoryUsage of job (MB)
	44671112  -  ResidentSetSize of job (KB)
...
006 (4596257.000.000) 2025-01-30 12:28:54 Image size of job updated: 51110412
	46844  -  MemoryUsage of job (MB)
	47968192  -  ResidentSetSize of job (KB)
...
006 (4596257.000.000) 2025-01-30 12:33:55 Image size of job updated: 52892988
	48351  -  MemoryUsage of job (MB)
	49511372  -  ResidentSetSize of job (KB)
...
006 (4596257.000.000) 2025-01-30 12:38:56 Image size of job updated: 56888096
	51048  -  MemoryUsage of job (MB)
	52273100  -  ResidentSetSize of job (KB)
...
006 (4596257.000.000) 2025-01-30 12:43:56 Image size of job updated: 57499764
	53074  -  MemoryUsage of job (MB)
	54347080  -  ResidentSetSize of job (KB)
...
006 (4596257.000.000) 2025-01-30 12:48:57 Image size of job updated: 60569408
	55013  -  MemoryUsage of job (MB)
	56332572  -  ResidentSetSize of job (KB)
...
006 (4596257.000.000) 2025-01-30 12:53:58 Image size of job updated: 62412412
	57671  -  MemoryUsage of job (MB)
	59055068  -  ResidentSetSize of job (KB)
...
006 (4596257.000.000) 2025-01-30 12:57:07 Image size of job updated: 64216608
	57671  -  MemoryUsage of job (MB)
	59055068  -  ResidentSetSize of job (KB)
...
005 (4596257.000.000) 2025-01-30 12:57:07 Job terminated.
	(1) Normal termination (return value 0)
		Usr 0 01:47:46, Sys 0 00:11:38  -  Run Remote Usage
		Usr 0 00:00:00, Sys 0 00:00:00  -  Run Local Usage
		Usr 0 01:47:46, Sys 0 00:11:38  -  Total Remote Usage
		Usr 0 00:00:00, Sys 0 00:00:00  -  Total Local Usage
	0  -  Run Bytes Sent By Job
	0  -  Run Bytes Received By Job
	0  -  Total Bytes Sent By Job
	0  -  Total Bytes Received By Job
	Partitionable Resources :    Usage  Request Allocated 
	   Cpus                 :     0.96        1         1 
	   Disk (KB)            :     2           2   6681238 
	   Memory (MB)          : 57671      128192    128256 
	   xferslots            :                           0 

	Job terminated of its own accord at 2025-01-30T17:57:07Z with exit-code 0.
...
000 (4597461.000.000) 2025-02-02 20:58:39 Job submitted from host: <130.199.48.82:9618?addrs=130.199.48.82-9618&alias=rcas2063.rcf.bnl.gov&noUDP&sock=schedd_23786_1176>
...
001 (4597461.000.000) 2025-02-02 21:04:45 Job executing on host: <130.199.150.66:9618?addrs=130.199.150.66-9618&alias=spool1547.sdcc.bnl.gov&noUDP&sock=startd_39523_a14a>
...
006 (4597461.000.000) 2025-02-02 21:04:53 Image size of job updated: 289336
	168  -  MemoryUsage of job (MB)
	171684  -  ResidentSetSize of job (KB)
...
006 (4597461.000.000) 2025-02-02 21:04:55 Image size of job updated: 3507368
	168  -  MemoryUsage of job (MB)
	171684  -  ResidentSetSize of job (KB)
...
005 (4597461.000.000) 2025-02-02 21:04:55 Job terminated.
	(1) Normal termination (return value 139)
		Usr 0 00:00:05, Sys 0 00:00:02  -  Run Remote Usage
		Usr 0 00:00:00, Sys 0 00:00:00  -  Run Local Usage
		Usr 0 00:00:05, Sys 0 00:00:02  -  Total Remote Usage
		Usr 0 00:00:00, Sys 0 00:00:00  -  Total Local Usage
	0  -  Run Bytes Sent By Job
	0  -  Run Bytes Received By Job
	0  -  Total Bytes Sent By Job
	0  -  Total Bytes Received By Job
	Partitionable Resources :    Usage  Request Allocated 
	   Cpus                 :                 1         1 
	   Disk (KB)            :        2        2   6681236 
	   Memory (MB)          :      168   128192    128256 
	   xferslots            :                           0 

	Job terminated of its own accord at 2025-02-03T02:04:55Z with exit-code 139.
...
000 (4607178.000.000) 2025-02-03 00:28:11 Job submitted from host: <130.199.48.82:9618?addrs=130.199.48.82-9618&alias=rcas2063.rcf.bnl.gov&noUDP&sock=schedd_23786_1176>
...
