000 (4599672.000.000) 2025-02-02 21:02:37 Job submitted from host: <130.199.48.82:9618?addrs=130.199.48.82-9618&alias=rcas2063.rcf.bnl.gov&noUDP&sock=schedd_23786_1176>
...
001 (4599672.000.000) 2025-02-02 21:08:26 Job executing on host: <130.199.151.5:9618?addrs=130.199.151.5-9618&alias=spool1583.sdcc.bnl.gov&noUDP&sock=startd_79016_aa7d>
...
006 (4599672.000.000) 2025-02-02 21:08:34 Image size of job updated: 3512664
	335  -  MemoryUsage of job (MB)
	342168  -  ResidentSetSize of job (KB)
...
005 (4599672.000.000) 2025-02-02 21:08:34 Job terminated.
	(1) Normal termination (return value 139)
		Usr 0 00:00:05, Sys 0 00:00:01  -  Run Remote Usage
		Usr 0 00:00:00, Sys 0 00:00:00  -  Run Local Usage
		Usr 0 00:00:05, Sys 0 00:00:01  -  Total Remote Usage
		Usr 0 00:00:00, Sys 0 00:00:00  -  Total Local Usage
	0  -  Run Bytes Sent By Job
	0  -  Run Bytes Received By Job
	0  -  Total Bytes Sent By Job
	0  -  Total Bytes Received By Job
	Partitionable Resources :    Usage  Request Allocated 
	   Cpus                 :                 1         1 
	   Disk (KB)            :        2        2   6681225 
	   Memory (MB)          :      335   128192    128256 
	   xferslots            :                           0 

	Job terminated of its own accord at 2025-02-03T02:08:34Z with exit-code 139.
...
