000 (4606507.000.000) 2025-02-02 21:19:37 Job submitted from host: <130.199.48.82:9618?addrs=130.199.48.82-9618&alias=rcas2063.rcf.bnl.gov&noUDP&sock=schedd_23786_1176>
...
001 (4606507.000.000) 2025-02-02 21:19:38 Job executing on host: <130.199.184.207:9618?addrs=130.199.184.207-9618&alias=spool1782.sdcc.bnl.gov&noUDP&sock=startd_78749_29f2>
...
006 (4606507.000.000) 2025-02-02 21:19:47 Image size of job updated: 473420
	335  -  MemoryUsage of job (MB)
	342076  -  ResidentSetSize of job (KB)
...
005 (4606507.000.000) 2025-02-02 21:19:48 Job terminated.
	(1) Normal termination (return value 139)
		Usr 0 00:00:05, Sys 0 00:00:01  -  Run Remote Usage
		Usr 0 00:00:00, Sys 0 00:00:00  -  Run Local Usage
		Usr 0 00:00:05, Sys 0 00:00:01  -  Total Remote Usage
		Usr 0 00:00:00, Sys 0 00:00:00  -  Total Local Usage
	0  -  Run Bytes Sent By Job
	0  -  Run Bytes Received By Job
	0  -  Total Bytes Sent By Job
	0  -  Total Bytes Received By Job
	Partitionable Resources :    Usage  Request Allocated 
	   Cpus                 :                 1         1 
	   Disk (KB)            :        2        2   6681633 
	   Memory (MB)          :      335   128192    128256 
	   xferslots            :                           0 

	Job terminated of its own accord at 2025-02-03T02:19:48Z with exit-code 139.
...
