000 (4595825.000.000) 2025-01-28 23:09:13 Job submitted from host: <130.199.48.82:9618?addrs=130.199.48.82-9618&alias=rcas2063.rcf.bnl.gov&noUDP&sock=schedd_23786_1176>
...
001 (4595825.000.000) 2025-01-29 01:30:02 Job executing on host: <130.199.186.28:9618?addrs=130.199.186.28-9618&alias=spool1825.sdcc.bnl.gov&noUDP&sock=startd_62164_3881>
...
006 (4595825.000.000) 2025-01-29 01:30:11 Image size of job updated: 584296
	121  -  MemoryUsage of job (MB)
	123116  -  ResidentSetSize of job (KB)
...
006 (4595825.000.000) 2025-01-29 01:30:13 Image size of job updated: 584296
	121  -  MemoryUsage of job (MB)
	123196  -  ResidentSetSize of job (KB)
...
005 (4595825.000.000) 2025-01-29 01:30:13 Job terminated.
	(1) Normal termination (return value 0)
		Usr 0 00:00:03, Sys 0 00:00:02  -  Run Remote Usage
		Usr 0 00:00:00, Sys 0 00:00:00  -  Run Local Usage
		Usr 0 00:00:03, Sys 0 00:00:02  -  Total Remote Usage
		Usr 0 00:00:00, Sys 0 00:00:00  -  Total Local Usage
	0  -  Run Bytes Sent By Job
	0  -  Run Bytes Received By Job
	0  -  Total Bytes Sent By Job
	0  -  Total Bytes Received By Job
	Partitionable Resources :    Usage  Request Allocated 
	   Cpus                 :                 1         1 
	   Disk (KB)            :        2        2   6681629 
	   Memory (MB)          :      121   128192    128256 
	   xferslots            :                           0 

	Job terminated of its own accord at 2025-01-29T06:30:13Z with exit-code 0.
...
000 (4596846.000.000) 2025-01-30 00:28:07 Job submitted from host: <130.199.48.82:9618?addrs=130.199.48.82-9618&alias=rcas2063.rcf.bnl.gov&noUDP&sock=schedd_23786_1176>
...
001 (4596846.000.000) 2025-01-30 19:10:43 Job executing on host: <130.199.186.22:9618?addrs=130.199.186.22-9618&alias=spool1819.sdcc.bnl.gov&noUDP&sock=startd_21241_9b9b>
...
006 (4596846.000.000) 2025-01-30 19:10:52 Image size of job updated: 325368
	37  -  MemoryUsage of job (MB)
	37592  -  ResidentSetSize of job (KB)
...
006 (4596846.000.000) 2025-01-30 19:15:53 Image size of job updated: 3514196
	291  -  MemoryUsage of job (MB)
	297780  -  ResidentSetSize of job (KB)
...
006 (4596846.000.000) 2025-01-30 19:20:53 Image size of job updated: 5597936
	2144  -  MemoryUsage of job (MB)
	2194988  -  ResidentSetSize of job (KB)
...
006 (4596846.000.000) 2025-01-30 19:25:54 Image size of job updated: 9275280
	5514  -  MemoryUsage of job (MB)
	5645464  -  ResidentSetSize of job (KB)
...
006 (4596846.000.000) 2025-01-30 19:29:27 Image size of job updated: 10572144
	6609  -  MemoryUsage of job (MB)
	6767264  -  ResidentSetSize of job (KB)
...
006 (4596846.000.000) 2025-01-30 19:29:27 Image size of job updated: 10572144
	6617  -  MemoryUsage of job (MB)
	6775084  -  ResidentSetSize of job (KB)
...
004 (4596846.000.000) 2025-01-30 19:29:27 Job was evicted.
	(0) CPU times
		Usr 0 00:10:10, Sys 0 00:01:15  -  Run Remote Usage
		Usr 0 00:00:00, Sys 0 00:00:00  -  Run Local Usage
	0  -  Run Bytes Sent By Job
	0  -  Run Bytes Received By Job
	Partitionable Resources :    Usage  Request Allocated 
	   Cpus                 :     0.81        1         1 
	   Disk (KB)            :     2           2   6681624 
	   Memory (MB)          :  6617      128192    128256 
	   xferslots            :                           0 
...
009 (4596846.000.000) 2025-01-30 19:29:27 Job was aborted.
	via condor_rm (by user sgross)

	Job terminated by <130.199.48.82:40970> at 2025-01-31T00:29:27Z (using method 1: DEACTIVATE_CLAIM).
...
000 (4598050.000.000) 2025-02-02 20:59:47 Job submitted from host: <130.199.48.82:9618?addrs=130.199.48.82-9618&alias=rcas2063.rcf.bnl.gov&noUDP&sock=schedd_23786_1176>
...
001 (4598050.000.000) 2025-02-02 21:06:14 Job executing on host: <130.199.151.8:9618?addrs=130.199.151.8-9618&alias=spool1586.sdcc.bnl.gov&noUDP&sock=startd_10002_9b31>
...
006 (4598050.000.000) 2025-02-02 21:06:23 Image size of job updated: 388176
	179  -  MemoryUsage of job (MB)
	182444  -  ResidentSetSize of job (KB)
...
006 (4598050.000.000) 2025-02-02 21:06:25 Image size of job updated: 388176
	180  -  MemoryUsage of job (MB)
	183900  -  ResidentSetSize of job (KB)
...
005 (4598050.000.000) 2025-02-02 21:06:26 Job terminated.
	(1) Normal termination (return value 139)
		Usr 0 00:00:06, Sys 0 00:00:02  -  Run Remote Usage
		Usr 0 00:00:00, Sys 0 00:00:00  -  Run Local Usage
		Usr 0 00:00:06, Sys 0 00:00:02  -  Total Remote Usage
		Usr 0 00:00:00, Sys 0 00:00:00  -  Total Local Usage
	0  -  Run Bytes Sent By Job
	0  -  Run Bytes Received By Job
	0  -  Total Bytes Sent By Job
	0  -  Total Bytes Received By Job
	Partitionable Resources :    Usage  Request Allocated 
	   Cpus                 :                 1         1 
	   Disk (KB)            :        2        2   6681168 
	   Memory (MB)          :      180   128192    128256 
	   xferslots            :                           0 

	Job terminated of its own accord at 2025-02-03T02:06:25Z with exit-code 139.
...
000 (4607767.000.000) 2025-02-03 00:29:19 Job submitted from host: <130.199.48.82:9618?addrs=130.199.48.82-9618&alias=rcas2063.rcf.bnl.gov&noUDP&sock=schedd_23786_1176>
...
