000 (4601167.000.000) 2025-02-02 21:05:17 Job submitted from host: <130.199.48.82:9618?addrs=130.199.48.82-9618&alias=rcas2063.rcf.bnl.gov&noUDP&sock=schedd_23786_1176>
...
001 (4601167.000.000) 2025-02-02 21:10:21 Job executing on host: <130.199.186.25:9618?addrs=130.199.186.25-9618&alias=spool1822.sdcc.bnl.gov&noUDP&sock=startd_57197_3a59>
...
006 (4601167.000.000) 2025-02-02 21:10:30 Image size of job updated: 562996
	147  -  MemoryUsage of job (MB)
	150024  -  ResidentSetSize of job (KB)
...
006 (4601167.000.000) 2025-02-02 21:10:33 Image size of job updated: 3587108
	147  -  MemoryUsage of job (MB)
	150024  -  ResidentSetSize of job (KB)
...
005 (4601167.000.000) 2025-02-02 21:10:33 Job terminated.
	(1) Normal termination (return value 139)
		Usr 0 00:00:05, Sys 0 00:00:02  -  Run Remote Usage
		Usr 0 00:00:00, Sys 0 00:00:00  -  Run Local Usage
		Usr 0 00:00:05, Sys 0 00:00:02  -  Total Remote Usage
		Usr 0 00:00:00, Sys 0 00:00:00  -  Total Local Usage
	0  -  Run Bytes Sent By Job
	0  -  Run Bytes Received By Job
	0  -  Total Bytes Sent By Job
	0  -  Total Bytes Received By Job
	Partitionable Resources :    Usage  Request Allocated 
	   Cpus                 :     0.35        1         1 
	   Disk (KB)            :     2           2   6681644 
	   Memory (MB)          :   147      128192    128256 
	   xferslots            :                           0 

	Job terminated of its own accord at 2025-02-03T02:10:33Z with exit-code 139.
...
