000 (4606445.000.000) 2025-02-02 21:19:29 Job submitted from host: <130.199.48.82:9618?addrs=130.199.48.82-9618&alias=rcas2063.rcf.bnl.gov&noUDP&sock=schedd_23786_1176>
...
001 (4606445.000.000) 2025-02-02 21:19:30 Job executing on host: <130.199.186.31:9618?addrs=130.199.186.31-9618&alias=spool1828.sdcc.bnl.gov&noUDP&sock=startd_70860_651b>
...
006 (4606445.000.000) 2025-02-02 21:19:38 Image size of job updated: 296108
	172  -  MemoryUsage of job (MB)
	175160  -  ResidentSetSize of job (KB)
...
006 (4606445.000.000) 2025-02-02 21:19:40 Image size of job updated: 467616
	172  -  MemoryUsage of job (MB)
	175164  -  ResidentSetSize of job (KB)
...
005 (4606445.000.000) 2025-02-02 21:19:40 Job terminated.
	(1) Normal termination (return value 139)
		Usr 0 00:00:06, Sys 0 00:00:02  -  Run Remote Usage
		Usr 0 00:00:00, Sys 0 00:00:00  -  Run Local Usage
		Usr 0 00:00:06, Sys 0 00:00:02  -  Total Remote Usage
		Usr 0 00:00:00, Sys 0 00:00:00  -  Total Local Usage
	0  -  Run Bytes Sent By Job
	0  -  Run Bytes Received By Job
	0  -  Total Bytes Sent By Job
	0  -  Total Bytes Received By Job
	Partitionable Resources :    Usage  Request Allocated 
	   Cpus                 :                 1         1 
	   Disk (KB)            :        2        2   6681625 
	   Memory (MB)          :      172   128192    128256 
	   xferslots            :                           0 

	Job terminated of its own accord at 2025-02-03T02:19:40Z with exit-code 139.
...
