000 (4595318.000.000) 2025-01-28 23:08:32 Job submitted from host: <130.199.48.82:9618?addrs=130.199.48.82-9618&alias=rcas2063.rcf.bnl.gov&noUDP&sock=schedd_23786_1176>
...
001 (4595318.000.000) 2025-01-29 01:17:25 Job executing on host: <130.199.184.158:9618?addrs=130.199.184.158-9618&alias=spool1767.sdcc.bnl.gov&noUDP&sock=startd_62920_7c34>
...
006 (4595318.000.000) 2025-01-29 01:17:34 Image size of job updated: 383292
	64  -  MemoryUsage of job (MB)
	65532  -  ResidentSetSize of job (KB)
...
006 (4595318.000.000) 2025-01-29 01:17:41 Image size of job updated: 383292
	65  -  MemoryUsage of job (MB)
	65620  -  ResidentSetSize of job (KB)
...
005 (4595318.000.000) 2025-01-29 01:17:41 Job terminated.
	(1) Normal termination (return value 0)
		Usr 0 00:00:03, Sys 0 00:00:01  -  Run Remote Usage
		Usr 0 00:00:00, Sys 0 00:00:00  -  Run Local Usage
		Usr 0 00:00:03, Sys 0 00:00:01  -  Total Remote Usage
		Usr 0 00:00:00, Sys 0 00:00:00  -  Total Local Usage
	0  -  Run Bytes Sent By Job
	0  -  Run Bytes Received By Job
	0  -  Total Bytes Sent By Job
	0  -  Total Bytes Received By Job
	Partitionable Resources :    Usage  Request Allocated 
	   Cpus                 :     0.11        1         1 
	   Disk (KB)            :     2           2   6681619 
	   Memory (MB)          :    65      128192    128256 
	   xferslots            :                           0 

	Job terminated of its own accord at 2025-01-29T06:17:41Z with exit-code 0.
...
000 (4596339.000.000) 2025-01-30 00:27:16 Job submitted from host: <130.199.48.82:9618?addrs=130.199.48.82-9618&alias=rcas2063.rcf.bnl.gov&noUDP&sock=schedd_23786_1176>
...
001 (4596339.000.000) 2025-01-30 13:18:51 Job executing on host: <130.199.184.214:9618?addrs=130.199.184.214-9618&alias=spool1789.sdcc.bnl.gov&noUDP&sock=startd_37765_3ec7>
...
006 (4596339.000.000) 2025-01-30 13:19:00 Image size of job updated: 168468
	74  -  MemoryUsage of job (MB)
	75056  -  ResidentSetSize of job (KB)
...
006 (4596339.000.000) 2025-01-30 13:24:00 Image size of job updated: 3514036
	291  -  MemoryUsage of job (MB)
	297724  -  ResidentSetSize of job (KB)
...
006 (4596339.000.000) 2025-01-30 13:29:00 Image size of job updated: 5000968
	1679  -  MemoryUsage of job (MB)
	1719176  -  ResidentSetSize of job (KB)
...
006 (4596339.000.000) 2025-01-30 13:34:01 Image size of job updated: 10043384
	5023  -  MemoryUsage of job (MB)
	5143368  -  ResidentSetSize of job (KB)
...
006 (4596339.000.000) 2025-01-30 13:39:01 Image size of job updated: 11429516
	8107  -  MemoryUsage of job (MB)
	8300940  -  ResidentSetSize of job (KB)
...
006 (4596339.000.000) 2025-01-30 13:44:01 Image size of job updated: 14989416
	10735  -  MemoryUsage of job (MB)
	10992032  -  ResidentSetSize of job (KB)
...
006 (4596339.000.000) 2025-01-30 13:49:02 Image size of job updated: 18037884
	14552  -  MemoryUsage of job (MB)
	14901092  -  ResidentSetSize of job (KB)
...
006 (4596339.000.000) 2025-01-30 13:54:03 Image size of job updated: 20582652
	17078  -  MemoryUsage of job (MB)
	17487400  -  ResidentSetSize of job (KB)
...
006 (4596339.000.000) 2025-01-30 13:59:03 Image size of job updated: 24309192
	20346  -  MemoryUsage of job (MB)
	20833916  -  ResidentSetSize of job (KB)
...
006 (4596339.000.000) 2025-01-30 14:04:04 Image size of job updated: 28117204
	23218  -  MemoryUsage of job (MB)
	23774388  -  ResidentSetSize of job (KB)
...
006 (4596339.000.000) 2025-01-30 14:09:05 Image size of job updated: 30675040
	26866  -  MemoryUsage of job (MB)
	27509976  -  ResidentSetSize of job (KB)
...
006 (4596339.000.000) 2025-01-30 14:14:05 Image size of job updated: 33725480
	29780  -  MemoryUsage of job (MB)
	30494280  -  ResidentSetSize of job (KB)
...
006 (4596339.000.000) 2025-01-30 14:15:14 Image size of job updated: 34908416
	29780  -  MemoryUsage of job (MB)
	30494280  -  ResidentSetSize of job (KB)
...
005 (4596339.000.000) 2025-01-30 14:15:14 Job terminated.
	(1) Normal termination (return value 0)
		Usr 0 00:50:18, Sys 0 00:05:31  -  Run Remote Usage
		Usr 0 00:00:00, Sys 0 00:00:00  -  Run Local Usage
		Usr 0 00:50:18, Sys 0 00:05:31  -  Total Remote Usage
		Usr 0 00:00:00, Sys 0 00:00:00  -  Total Local Usage
	0  -  Run Bytes Sent By Job
	0  -  Run Bytes Received By Job
	0  -  Total Bytes Sent By Job
	0  -  Total Bytes Received By Job
	Partitionable Resources :    Usage  Request Allocated 
	   Cpus                 :     1.21        1         1 
	   Disk (KB)            :     2           2   6681621 
	   Memory (MB)          : 29780      128192    128256 
	   xferslots            :                           0 

	Job terminated of its own accord at 2025-01-30T19:15:14Z with exit-code 0.
...
000 (4597543.000.000) 2025-02-02 20:58:50 Job submitted from host: <130.199.48.82:9618?addrs=130.199.48.82-9618&alias=rcas2063.rcf.bnl.gov&noUDP&sock=schedd_23786_1176>
...
001 (4597543.000.000) 2025-02-02 21:05:07 Job executing on host: <130.199.207.224:9618?addrs=130.199.207.224-9618&alias=spool1511.sdcc.bnl.gov&noUDP&sock=startd_58964_760b>
...
006 (4597543.000.000) 2025-02-02 21:05:15 Image size of job updated: 567416
	84  -  MemoryUsage of job (MB)
	85056  -  ResidentSetSize of job (KB)
...
006 (4597543.000.000) 2025-02-02 21:05:22 Image size of job updated: 567416
	84  -  MemoryUsage of job (MB)
	85068  -  ResidentSetSize of job (KB)
...
005 (4597543.000.000) 2025-02-02 21:05:22 Job terminated.
	(1) Normal termination (return value 139)
		Usr 0 00:00:06, Sys 0 00:00:02  -  Run Remote Usage
		Usr 0 00:00:00, Sys 0 00:00:00  -  Run Local Usage
		Usr 0 00:00:06, Sys 0 00:00:02  -  Total Remote Usage
		Usr 0 00:00:00, Sys 0 00:00:00  -  Total Local Usage
	0  -  Run Bytes Sent By Job
	0  -  Run Bytes Received By Job
	0  -  Total Bytes Sent By Job
	0  -  Total Bytes Received By Job
	Partitionable Resources :    Usage  Request Allocated 
	   Cpus                 :                 1         1 
	   Disk (KB)            :        2        2   6681241 
	   Memory (MB)          :       84   128192    128256 
	   xferslots            :                           0 

	Job terminated of its own accord at 2025-02-03T02:05:22Z with exit-code 139.
...
