000 (4595713.000.000) 2025-01-28 23:09:04 Job submitted from host: <130.199.48.82:9618?addrs=130.199.48.82-9618&alias=rcas2063.rcf.bnl.gov&noUDP&sock=schedd_23786_1176>
...
001 (4595713.000.000) 2025-01-29 01:28:13 Job executing on host: <130.199.184.158:9618?addrs=130.199.184.158-9618&alias=spool1767.sdcc.bnl.gov&noUDP&sock=startd_62920_7c34>
...
006 (4595713.000.000) 2025-01-29 01:28:21 Image size of job updated: 391208
	135  -  MemoryUsage of job (MB)
	138172  -  ResidentSetSize of job (KB)
...
006 (4595713.000.000) 2025-01-29 01:28:22 Image size of job updated: 391208
	136  -  MemoryUsage of job (MB)
	138244  -  ResidentSetSize of job (KB)
...
005 (4595713.000.000) 2025-01-29 01:28:22 Job terminated.
	(1) Normal termination (return value 0)
		Usr 0 00:00:03, Sys 0 00:00:01  -  Run Remote Usage
		Usr 0 00:00:00, Sys 0 00:00:00  -  Run Local Usage
		Usr 0 00:00:03, Sys 0 00:00:01  -  Total Remote Usage
		Usr 0 00:00:00, Sys 0 00:00:00  -  Total Local Usage
	0  -  Run Bytes Sent By Job
	0  -  Run Bytes Received By Job
	0  -  Total Bytes Sent By Job
	0  -  Total Bytes Received By Job
	Partitionable Resources :    Usage  Request Allocated 
	   Cpus                 :                 1         1 
	   Disk (KB)            :        2        2   6681619 
	   Memory (MB)          :      136   128192    128256 
	   xferslots            :                           0 

	Job terminated of its own accord at 2025-01-29T06:28:22Z with exit-code 0.
...
000 (4596734.000.000) 2025-01-30 00:27:56 Job submitted from host: <130.199.48.82:9618?addrs=130.199.48.82-9618&alias=rcas2063.rcf.bnl.gov&noUDP&sock=schedd_23786_1176>
...
001 (4596734.000.000) 2025-01-30 17:56:30 Job executing on host: <130.199.186.67:9618?addrs=130.199.186.67-9618&alias=spool1830.sdcc.bnl.gov&noUDP&sock=startd_13059_1bae>
...
006 (4596734.000.000) 2025-01-30 17:56:39 Image size of job updated: 22128
	7  -  MemoryUsage of job (MB)
	6516  -  ResidentSetSize of job (KB)
...
006 (4596734.000.000) 2025-01-30 18:01:40 Image size of job updated: 5196840
	1652  -  MemoryUsage of job (MB)
	1691288  -  ResidentSetSize of job (KB)
...
006 (4596734.000.000) 2025-01-30 18:06:40 Image size of job updated: 9548580
	5445  -  MemoryUsage of job (MB)
	5575540  -  ResidentSetSize of job (KB)
...
006 (4596734.000.000) 2025-01-30 18:11:40 Image size of job updated: 13803344
	9169  -  MemoryUsage of job (MB)
	9388756  -  ResidentSetSize of job (KB)
...
006 (4596734.000.000) 2025-01-30 18:16:41 Image size of job updated: 17243044
	13325  -  MemoryUsage of job (MB)
	13643920  -  ResidentSetSize of job (KB)
...
006 (4596734.000.000) 2025-01-30 18:21:41 Image size of job updated: 21447880
	17515  -  MemoryUsage of job (MB)
	17934700  -  ResidentSetSize of job (KB)
...
006 (4596734.000.000) 2025-01-30 18:26:41 Image size of job updated: 24193500
	20585  -  MemoryUsage of job (MB)
	21078516  -  ResidentSetSize of job (KB)
...
006 (4596734.000.000) 2025-01-30 18:28:52 Image size of job updated: 26129724
	20586  -  MemoryUsage of job (MB)
	21079240  -  ResidentSetSize of job (KB)
...
005 (4596734.000.000) 2025-01-30 18:28:52 Job terminated.
	(1) Normal termination (return value 0)
		Usr 0 00:31:31, Sys 0 00:03:43  -  Run Remote Usage
		Usr 0 00:00:00, Sys 0 00:00:00  -  Run Local Usage
		Usr 0 00:31:31, Sys 0 00:03:43  -  Total Remote Usage
		Usr 0 00:00:00, Sys 0 00:00:00  -  Total Local Usage
	0  -  Run Bytes Sent By Job
	0  -  Run Bytes Received By Job
	0  -  Total Bytes Sent By Job
	0  -  Total Bytes Received By Job
	Partitionable Resources :    Usage  Request Allocated 
	   Cpus                 :     1.29        1         1 
	   Disk (KB)            :     2           2   6681619 
	   Memory (MB)          : 20586      128192    128256 
	   xferslots            :                           0 

	Job terminated of its own accord at 2025-01-30T23:28:52Z with exit-code 0.
...
000 (4597938.000.000) 2025-02-02 20:59:34 Job submitted from host: <130.199.48.82:9618?addrs=130.199.48.82-9618&alias=rcas2063.rcf.bnl.gov&noUDP&sock=schedd_23786_1176>
...
001 (4597938.000.000) 2025-02-02 21:06:04 Job executing on host: <130.199.184.156:9618?addrs=130.199.184.156-9618&alias=spool1765.sdcc.bnl.gov&noUDP&sock=startd_35828_358d>
...
006 (4597938.000.000) 2025-02-02 21:06:12 Image size of job updated: 471544
	332  -  MemoryUsage of job (MB)
	339444  -  ResidentSetSize of job (KB)
...
006 (4597938.000.000) 2025-02-02 21:06:13 Image size of job updated: 3587240
	334  -  MemoryUsage of job (MB)
	341376  -  ResidentSetSize of job (KB)
...
005 (4597938.000.000) 2025-02-02 21:06:13 Job terminated.
	(1) Normal termination (return value 139)
		Usr 0 00:00:05, Sys 0 00:00:01  -  Run Remote Usage
		Usr 0 00:00:00, Sys 0 00:00:00  -  Run Local Usage
		Usr 0 00:00:05, Sys 0 00:00:01  -  Total Remote Usage
		Usr 0 00:00:00, Sys 0 00:00:00  -  Total Local Usage
	0  -  Run Bytes Sent By Job
	0  -  Run Bytes Received By Job
	0  -  Total Bytes Sent By Job
	0  -  Total Bytes Received By Job
	Partitionable Resources :    Usage  Request Allocated 
	   Cpus                 :                 1         1 
	   Disk (KB)            :        2        2   6681628 
	   Memory (MB)          :      334   128192    128256 
	   xferslots            :                           0 

	Job terminated of its own accord at 2025-02-03T02:06:13Z with exit-code 139.
...
000 (4607655.000.000) 2025-02-03 00:29:06 Job submitted from host: <130.199.48.82:9618?addrs=130.199.48.82-9618&alias=rcas2063.rcf.bnl.gov&noUDP&sock=schedd_23786_1176>
...
