000 (4595259.000.000) 2025-01-28 23:08:27 Job submitted from host: <130.199.48.82:9618?addrs=130.199.48.82-9618&alias=rcas2063.rcf.bnl.gov&noUDP&sock=schedd_23786_1176>
...
001 (4595259.000.000) 2025-01-29 01:12:37 Job executing on host: <130.199.186.82:9618?addrs=130.199.186.82-9618&alias=spool1845.sdcc.bnl.gov&noUDP&sock=startd_71843_8085>
...
006 (4595259.000.000) 2025-01-29 01:12:45 Image size of job updated: 74612
	44  -  MemoryUsage of job (MB)
	44748  -  ResidentSetSize of job (KB)
...
006 (4595259.000.000) 2025-01-29 01:12:56 Image size of job updated: 601776
	44  -  MemoryUsage of job (MB)
	44748  -  ResidentSetSize of job (KB)
...
005 (4595259.000.000) 2025-01-29 01:12:56 Job terminated.
	(1) Normal termination (return value 0)
		Usr 0 00:00:04, Sys 0 00:00:01  -  Run Remote Usage
		Usr 0 00:00:00, Sys 0 00:00:00  -  Run Local Usage
		Usr 0 00:00:04, Sys 0 00:00:01  -  Total Remote Usage
		Usr 0 00:00:00, Sys 0 00:00:00  -  Total Local Usage
	0  -  Run Bytes Sent By Job
	0  -  Run Bytes Received By Job
	0  -  Total Bytes Sent By Job
	0  -  Total Bytes Received By Job
	Partitionable Resources :    Usage  Request Allocated 
	   Cpus                 :        0        1         1 
	   Disk (KB)            :        2        2   6681620 
	   Memory (MB)          :       44   128192    128256 
	   xferslots            :                           0 

	Job terminated of its own accord at 2025-01-29T06:12:56Z with exit-code 0.
...
000 (4596280.000.000) 2025-01-30 00:27:10 Job submitted from host: <130.199.48.82:9618?addrs=130.199.48.82-9618&alias=rcas2063.rcf.bnl.gov&noUDP&sock=schedd_23786_1176>
...
001 (4596280.000.000) 2025-01-30 11:49:25 Job executing on host: <130.199.186.70:9618?addrs=130.199.186.70-9618&alias=spool1833.sdcc.bnl.gov&noUDP&sock=startd_75440_e839>
...
006 (4596280.000.000) 2025-01-30 11:49:34 Image size of job updated: 127312
	58  -  MemoryUsage of job (MB)
	58728  -  ResidentSetSize of job (KB)
...
006 (4596280.000.000) 2025-01-30 11:54:35 Image size of job updated: 3388840
	255  -  MemoryUsage of job (MB)
	260620  -  ResidentSetSize of job (KB)
...
006 (4596280.000.000) 2025-01-30 11:59:35 Image size of job updated: 3523976
	306  -  MemoryUsage of job (MB)
	312652  -  ResidentSetSize of job (KB)
...
006 (4596280.000.000) 2025-01-30 12:04:35 Image size of job updated: 5445196
	1513  -  MemoryUsage of job (MB)
	1548636  -  ResidentSetSize of job (KB)
...
006 (4596280.000.000) 2025-01-30 12:09:37 Image size of job updated: 8397464
	4997  -  MemoryUsage of job (MB)
	5116392  -  ResidentSetSize of job (KB)
...
006 (4596280.000.000) 2025-01-30 12:14:37 Image size of job updated: 10421664
	7035  -  MemoryUsage of job (MB)
	7203504  -  ResidentSetSize of job (KB)
...
006 (4596280.000.000) 2025-01-30 12:19:37 Image size of job updated: 14207800
	9535  -  MemoryUsage of job (MB)
	9763012  -  ResidentSetSize of job (KB)
...
006 (4596280.000.000) 2025-01-30 12:24:38 Image size of job updated: 15963860
	12487  -  MemoryUsage of job (MB)
	12786044  -  ResidentSetSize of job (KB)
...
006 (4596280.000.000) 2025-01-30 12:29:39 Image size of job updated: 18867684
	14722  -  MemoryUsage of job (MB)
	15074684  -  ResidentSetSize of job (KB)
...
006 (4596280.000.000) 2025-01-30 12:34:39 Image size of job updated: 21977732
	18374  -  MemoryUsage of job (MB)
	18814352  -  ResidentSetSize of job (KB)
...
006 (4596280.000.000) 2025-01-30 12:39:40 Image size of job updated: 24105012
	20123  -  MemoryUsage of job (MB)
	20605196  -  ResidentSetSize of job (KB)
...
006 (4596280.000.000) 2025-01-30 12:44:40 Image size of job updated: 27080220
	22736  -  MemoryUsage of job (MB)
	23281396  -  ResidentSetSize of job (KB)
...
006 (4596280.000.000) 2025-01-30 12:49:40 Image size of job updated: 29042036
	25076  -  MemoryUsage of job (MB)
	25677412  -  ResidentSetSize of job (KB)
...
006 (4596280.000.000) 2025-01-30 12:54:42 Image size of job updated: 32617304
	28294  -  MemoryUsage of job (MB)
	28972748  -  ResidentSetSize of job (KB)
...
006 (4596280.000.000) 2025-01-30 12:59:42 Image size of job updated: 34762448
	30345  -  MemoryUsage of job (MB)
	31072636  -  ResidentSetSize of job (KB)
...
006 (4596280.000.000) 2025-01-30 13:04:42 Image size of job updated: 38210364
	32918  -  MemoryUsage of job (MB)
	33707996  -  ResidentSetSize of job (KB)
...
006 (4596280.000.000) 2025-01-30 13:09:43 Image size of job updated: 40147276
	35989  -  MemoryUsage of job (MB)
	36852536  -  ResidentSetSize of job (KB)
...
006 (4596280.000.000) 2025-01-30 13:14:44 Image size of job updated: 42397656
	38046  -  MemoryUsage of job (MB)
	38959044  -  ResidentSetSize of job (KB)
...
006 (4596280.000.000) 2025-01-30 13:19:44 Image size of job updated: 46815980
	41142  -  MemoryUsage of job (MB)
	42128612  -  ResidentSetSize of job (KB)
...
006 (4596280.000.000) 2025-01-30 13:24:45 Image size of job updated: 48596576
	44443  -  MemoryUsage of job (MB)
	45508624  -  ResidentSetSize of job (KB)
...
006 (4596280.000.000) 2025-01-30 13:29:46 Image size of job updated: 51338196
	46710  -  MemoryUsage of job (MB)
	47830452  -  ResidentSetSize of job (KB)
...
006 (4596280.000.000) 2025-01-30 13:34:46 Image size of job updated: 55031512
	49976  -  MemoryUsage of job (MB)
	51175096  -  ResidentSetSize of job (KB)
...
006 (4596280.000.000) 2025-01-30 13:39:47 Image size of job updated: 56380524
	52021  -  MemoryUsage of job (MB)
	53269324  -  ResidentSetSize of job (KB)
...
006 (4596280.000.000) 2025-01-30 13:44:48 Image size of job updated: 60069200
	54315  -  MemoryUsage of job (MB)
	55617776  -  ResidentSetSize of job (KB)
...
006 (4596280.000.000) 2025-01-30 13:49:48 Image size of job updated: 61390096
	56790  -  MemoryUsage of job (MB)
	58152608  -  ResidentSetSize of job (KB)
...
006 (4596280.000.000) 2025-01-30 13:54:49 Image size of job updated: 63959736
	58495  -  MemoryUsage of job (MB)
	59898452  -  ResidentSetSize of job (KB)
...
006 (4596280.000.000) 2025-01-30 13:59:50 Image size of job updated: 66407248
	61704  -  MemoryUsage of job (MB)
	63184604  -  ResidentSetSize of job (KB)
...
006 (4596280.000.000) 2025-01-30 14:04:50 Image size of job updated: 69045584
	63413  -  MemoryUsage of job (MB)
	64934520  -  ResidentSetSize of job (KB)
...
006 (4596280.000.000) 2025-01-30 14:09:51 Image size of job updated: 72970232
	66112  -  MemoryUsage of job (MB)
	67698120  -  ResidentSetSize of job (KB)
...
006 (4596280.000.000) 2025-01-30 14:14:52 Image size of job updated: 74557472
	68858  -  MemoryUsage of job (MB)
	70509752  -  ResidentSetSize of job (KB)
...
006 (4596280.000.000) 2025-01-30 14:19:52 Image size of job updated: 77201396
	71171  -  MemoryUsage of job (MB)
	72879032  -  ResidentSetSize of job (KB)
...
006 (4596280.000.000) 2025-01-30 14:24:52 Image size of job updated: 80970980
	75148  -  MemoryUsage of job (MB)
	76951472  -  ResidentSetSize of job (KB)
...
006 (4596280.000.000) 2025-01-30 14:25:31 Image size of job updated: 81021664
	75148  -  MemoryUsage of job (MB)
	76951520  -  ResidentSetSize of job (KB)
...
005 (4596280.000.000) 2025-01-30 14:25:31 Job terminated.
	(1) Normal termination (return value 0)
		Usr 0 02:11:29, Sys 0 00:15:25  -  Run Remote Usage
		Usr 0 00:00:00, Sys 0 00:00:00  -  Run Local Usage
		Usr 0 02:11:29, Sys 0 00:15:25  -  Total Remote Usage
		Usr 0 00:00:00, Sys 0 00:00:00  -  Total Local Usage
	0  -  Run Bytes Sent By Job
	0  -  Run Bytes Received By Job
	0  -  Total Bytes Sent By Job
	0  -  Total Bytes Received By Job
	Partitionable Resources :    Usage  Request Allocated 
	   Cpus                 :     0.96        1         1 
	   Disk (KB)            :     2           2   6681555 
	   Memory (MB)          : 75148      128192    128256 
	   xferslots            :                           0 

	Job terminated of its own accord at 2025-01-30T19:25:31Z with exit-code 0.
...
000 (4597484.000.000) 2025-02-02 20:58:42 Job submitted from host: <130.199.48.82:9618?addrs=130.199.48.82-9618&alias=rcas2063.rcf.bnl.gov&noUDP&sock=schedd_23786_1176>
...
001 (4597484.000.000) 2025-02-02 21:04:47 Job executing on host: <130.199.150.72:9618?addrs=130.199.150.72-9618&alias=spool1553.sdcc.bnl.gov&noUDP&sock=startd_35933_70bb>
...
006 (4597484.000.000) 2025-02-02 21:04:56 Image size of job updated: 332148
	146  -  MemoryUsage of job (MB)
	149460  -  ResidentSetSize of job (KB)
...
005 (4597484.000.000) 2025-02-02 21:05:00 Job terminated.
	(1) Normal termination (return value 139)
		Usr 0 00:00:06, Sys 0 00:00:02  -  Run Remote Usage
		Usr 0 00:00:00, Sys 0 00:00:00  -  Run Local Usage
		Usr 0 00:00:06, Sys 0 00:00:02  -  Total Remote Usage
		Usr 0 00:00:00, Sys 0 00:00:00  -  Total Local Usage
	0  -  Run Bytes Sent By Job
	0  -  Run Bytes Received By Job
	0  -  Total Bytes Sent By Job
	0  -  Total Bytes Received By Job
	Partitionable Resources :    Usage  Request Allocated 
	   Cpus                 :                 1         1 
	   Disk (KB)            :        2        2   6681238 
	   Memory (MB)          :      146   128192    128256 
	   xferslots            :                           0 

	Job terminated of its own accord at 2025-02-03T02:05:00Z with exit-code 139.
...
000 (4607201.000.000) 2025-02-03 00:28:14 Job submitted from host: <130.199.48.82:9618?addrs=130.199.48.82-9618&alias=rcas2063.rcf.bnl.gov&noUDP&sock=schedd_23786_1176>
...
