000 (4595368.000.000) 2025-01-28 23:08:36 Job submitted from host: <130.199.48.82:9618?addrs=130.199.48.82-9618&alias=rcas2063.rcf.bnl.gov&noUDP&sock=schedd_23786_1176>
...
001 (4595368.000.000) 2025-01-29 01:20:29 Job executing on host: <130.199.151.22:9618?addrs=130.199.151.22-9618&alias=spool1600.sdcc.bnl.gov&noUDP&sock=startd_27627_b23b>
...
006 (4595368.000.000) 2025-01-29 01:20:38 Image size of job updated: 243312
	137  -  MemoryUsage of job (MB)
	139768  -  ResidentSetSize of job (KB)
...
006 (4595368.000.000) 2025-01-29 01:20:39 Image size of job updated: 243464
	137  -  MemoryUsage of job (MB)
	139816  -  ResidentSetSize of job (KB)
...
005 (4595368.000.000) 2025-01-29 01:20:40 Job terminated.
	(1) Normal termination (return value 0)
		Usr 0 00:00:03, Sys 0 00:00:01  -  Run Remote Usage
		Usr 0 00:00:00, Sys 0 00:00:00  -  Run Local Usage
		Usr 0 00:00:03, Sys 0 00:00:01  -  Total Remote Usage
		Usr 0 00:00:00, Sys 0 00:00:00  -  Total Local Usage
	0  -  Run Bytes Sent By Job
	0  -  Run Bytes Received By Job
	0  -  Total Bytes Sent By Job
	0  -  Total Bytes Received By Job
	Partitionable Resources :    Usage  Request Allocated 
	   Cpus                 :                 1         1 
	   Disk (KB)            :        2        2   6681234 
	   Memory (MB)          :      137   128192    128256 
	   xferslots            :                           0 

	Job terminated of its own accord at 2025-01-29T06:20:39Z with exit-code 0.
...
000 (4596389.000.000) 2025-01-30 00:27:21 Job submitted from host: <130.199.48.82:9618?addrs=130.199.48.82-9618&alias=rcas2063.rcf.bnl.gov&noUDP&sock=schedd_23786_1176>
...
001 (4596389.000.000) 2025-01-30 13:55:38 Job executing on host: <130.199.207.219:9618?addrs=130.199.207.219-9618&alias=spool1506.sdcc.bnl.gov&noUDP&sock=startd_27518_32f8>
...
006 (4596389.000.000) 2025-01-30 13:55:47 Image size of job updated: 325368
	88  -  MemoryUsage of job (MB)
	89808  -  ResidentSetSize of job (KB)
...
006 (4596389.000.000) 2025-01-30 14:00:48 Image size of job updated: 5047576
	1342  -  MemoryUsage of job (MB)
	1373648  -  ResidentSetSize of job (KB)
...
006 (4596389.000.000) 2025-01-30 14:05:49 Image size of job updated: 9031984
	4470  -  MemoryUsage of job (MB)
	4576628  -  ResidentSetSize of job (KB)
...
006 (4596389.000.000) 2025-01-30 14:10:49 Image size of job updated: 10489348
	7236  -  MemoryUsage of job (MB)
	7408832  -  ResidentSetSize of job (KB)
...
006 (4596389.000.000) 2025-01-30 14:15:49 Image size of job updated: 13859520
	9873  -  MemoryUsage of job (MB)
	10109132  -  ResidentSetSize of job (KB)
...
006 (4596389.000.000) 2025-01-30 14:20:50 Image size of job updated: 17268300
	13081  -  MemoryUsage of job (MB)
	13394176  -  ResidentSetSize of job (KB)
...
006 (4596389.000.000) 2025-01-30 14:25:50 Image size of job updated: 20147016
	16583  -  MemoryUsage of job (MB)
	16980308  -  ResidentSetSize of job (KB)
...
006 (4596389.000.000) 2025-01-30 14:30:50 Image size of job updated: 23071368
	19118  -  MemoryUsage of job (MB)
	19576740  -  ResidentSetSize of job (KB)
...
006 (4596389.000.000) 2025-01-30 14:35:51 Image size of job updated: 27250404
	22073  -  MemoryUsage of job (MB)
	22602176  -  ResidentSetSize of job (KB)
...
006 (4596389.000.000) 2025-01-30 14:40:51 Image size of job updated: 29330672
	25581  -  MemoryUsage of job (MB)
	26194912  -  ResidentSetSize of job (KB)
...
006 (4596389.000.000) 2025-01-30 14:45:51 Image size of job updated: 31859164
	27538  -  MemoryUsage of job (MB)
	28198100  -  ResidentSetSize of job (KB)
...
006 (4596389.000.000) 2025-01-30 14:50:52 Image size of job updated: 36507056
	31048  -  MemoryUsage of job (MB)
	31792472  -  ResidentSetSize of job (KB)
...
006 (4596389.000.000) 2025-01-30 14:55:52 Image size of job updated: 37198260
	33234  -  MemoryUsage of job (MB)
	34031324  -  ResidentSetSize of job (KB)
...
006 (4596389.000.000) 2025-01-30 15:00:52 Image size of job updated: 42140308
	36300  -  MemoryUsage of job (MB)
	37170748  -  ResidentSetSize of job (KB)
...
006 (4596389.000.000) 2025-01-30 15:05:53 Image size of job updated: 42363932
	38165  -  MemoryUsage of job (MB)
	39080528  -  ResidentSetSize of job (KB)
...
006 (4596389.000.000) 2025-01-30 15:10:54 Image size of job updated: 46548900
	40959  -  MemoryUsage of job (MB)
	41941804  -  ResidentSetSize of job (KB)
...
006 (4596389.000.000) 2025-01-30 15:15:54 Image size of job updated: 48237672
	43885  -  MemoryUsage of job (MB)
	44937352  -  ResidentSetSize of job (KB)
...
006 (4596389.000.000) 2025-01-30 15:20:55 Image size of job updated: 50420676
	45614  -  MemoryUsage of job (MB)
	46708524  -  ResidentSetSize of job (KB)
...
006 (4596389.000.000) 2025-01-30 15:25:55 Image size of job updated: 53954048
	48796  -  MemoryUsage of job (MB)
	49966716  -  ResidentSetSize of job (KB)
...
006 (4596389.000.000) 2025-01-30 15:30:55 Image size of job updated: 55134924
	50518  -  MemoryUsage of job (MB)
	51729876  -  ResidentSetSize of job (KB)
...
006 (4596389.000.000) 2025-01-30 15:34:19 Image size of job updated: 57824896
	50518  -  MemoryUsage of job (MB)
	51729876  -  ResidentSetSize of job (KB)
...
005 (4596389.000.000) 2025-01-30 15:34:20 Job terminated.
	(1) Normal termination (return value 0)
		Usr 0 01:24:59, Sys 0 00:09:24  -  Run Remote Usage
		Usr 0 00:00:00, Sys 0 00:00:00  -  Run Local Usage
		Usr 0 01:24:59, Sys 0 00:09:24  -  Total Remote Usage
		Usr 0 00:00:00, Sys 0 00:00:00  -  Total Local Usage
	0  -  Run Bytes Sent By Job
	0  -  Run Bytes Received By Job
	0  -  Total Bytes Sent By Job
	0  -  Total Bytes Received By Job
	Partitionable Resources :    Usage  Request Allocated 
	   Cpus                 :     0.95        1         1 
	   Disk (KB)            :     2           2   6681236 
	   Memory (MB)          : 50518      128192    128256 
	   xferslots            :                           0 

	Job terminated of its own accord at 2025-01-30T20:34:19Z with exit-code 0.
...
000 (4597593.000.000) 2025-02-02 20:58:55 Job submitted from host: <130.199.48.82:9618?addrs=130.199.48.82-9618&alias=rcas2063.rcf.bnl.gov&noUDP&sock=schedd_23786_1176>
...
001 (4597593.000.000) 2025-02-02 21:05:16 Job executing on host: <130.199.151.14:9618?addrs=130.199.151.14-9618&alias=spool1592.sdcc.bnl.gov&noUDP&sock=startd_20225_0e81>
...
006 (4597593.000.000) 2025-02-02 21:05:25 Image size of job updated: 424664
	0  -  MemoryUsage of job (MB)
	0  -  ResidentSetSize of job (KB)
...
005 (4597593.000.000) 2025-02-02 21:05:25 Job terminated.
	(1) Normal termination (return value 139)
		Usr 0 00:00:05, Sys 0 00:00:02  -  Run Remote Usage
		Usr 0 00:00:00, Sys 0 00:00:00  -  Run Local Usage
		Usr 0 00:00:05, Sys 0 00:00:02  -  Total Remote Usage
		Usr 0 00:00:00, Sys 0 00:00:00  -  Total Local Usage
	0  -  Run Bytes Sent By Job
	0  -  Run Bytes Received By Job
	0  -  Total Bytes Sent By Job
	0  -  Total Bytes Received By Job
	Partitionable Resources :    Usage  Request Allocated 
	   Cpus                 :                 1         1 
	   Disk (KB)            :        2        2   6681234 
	   Memory (MB)          :        0   128192    128256 
	   xferslots            :                           0 

	Job terminated of its own accord at 2025-02-03T02:05:25Z with exit-code 139.
...
