000 (4604876.000.000) 2025-02-02 21:16:00 Job submitted from host: <130.199.48.82:9618?addrs=130.199.48.82-9618&alias=rcas2063.rcf.bnl.gov&noUDP&sock=schedd_23786_1176>
...
001 (4604876.000.000) 2025-02-02 21:16:02 Job executing on host: <130.199.186.89:9618?addrs=130.199.186.89-9618&alias=spool1852.sdcc.bnl.gov&noUDP&sock=startd_24364_ff77>
...
006 (4604876.000.000) 2025-02-02 21:16:10 Image size of job updated: 3042448
	1  -  MemoryUsage of job (MB)
	356  -  ResidentSetSize of job (KB)
...
006 (4604876.000.000) 2025-02-02 21:16:10 Image size of job updated: 3042448
	1  -  MemoryUsage of job (MB)
	360  -  ResidentSetSize of job (KB)
...
005 (4604876.000.000) 2025-02-02 21:16:10 Job terminated.
	(1) Normal termination (return value 139)
		Usr 0 00:00:05, Sys 0 00:00:01  -  Run Remote Usage
		Usr 0 00:00:00, Sys 0 00:00:00  -  Run Local Usage
		Usr 0 00:00:05, Sys 0 00:00:01  -  Total Remote Usage
		Usr 0 00:00:00, Sys 0 00:00:00  -  Total Local Usage
	0  -  Run Bytes Sent By Job
	0  -  Run Bytes Received By Job
	0  -  Total Bytes Sent By Job
	0  -  Total Bytes Received By Job
	Partitionable Resources :    Usage  Request Allocated 
	   Cpus                 :                 1         1 
	   Disk (KB)            :        2        2   6681633 
	   Memory (MB)          :        1   128192    128256 
	   xferslots            :                           0 

	Job terminated of its own accord at 2025-02-03T02:16:10Z with exit-code 139.
...
