000 (4600701.000.000) 2025-02-02 21:04:25 Job submitted from host: <130.199.48.82:9618?addrs=130.199.48.82-9618&alias=rcas2063.rcf.bnl.gov&noUDP&sock=schedd_23786_1176>
...
001 (4600701.000.000) 2025-02-02 21:09:46 Job executing on host: <130.199.186.81:9618?addrs=130.199.186.81-9618&alias=spool1844.sdcc.bnl.gov&noUDP&sock=startd_45408_2883>
...
006 (4600701.000.000) 2025-02-02 21:09:54 Image size of job updated: 203372
	120  -  MemoryUsage of job (MB)
	122532  -  ResidentSetSize of job (KB)
...
006 (4600701.000.000) 2025-02-02 21:09:58 Image size of job updated: 2919660
	121  -  MemoryUsage of job (MB)
	123832  -  ResidentSetSize of job (KB)
...
005 (4600701.000.000) 2025-02-02 21:09:58 Job terminated.
	(1) Normal termination (return value 139)
		Usr 0 00:00:06, Sys 0 00:00:02  -  Run Remote Usage
		Usr 0 00:00:00, Sys 0 00:00:00  -  Run Local Usage
		Usr 0 00:00:06, Sys 0 00:00:02  -  Total Remote Usage
		Usr 0 00:00:00, Sys 0 00:00:00  -  Total Local Usage
	0  -  Run Bytes Sent By Job
	0  -  Run Bytes Received By Job
	0  -  Total Bytes Sent By Job
	0  -  Total Bytes Received By Job
	Partitionable Resources :    Usage  Request Allocated 
	   Cpus                 :                 1         1 
	   Disk (KB)            :        2        2   6681648 
	   Memory (MB)          :      121   128192    128256 
	   xferslots            :                           0 

	Job terminated of its own accord at 2025-02-03T02:09:58Z with exit-code 139.
...
