000 (4595319.000.000) 2025-01-28 23:08:32 Job submitted from host: <130.199.48.82:9618?addrs=130.199.48.82-9618&alias=rcas2063.rcf.bnl.gov&noUDP&sock=schedd_23786_1176>
...
001 (4595319.000.000) 2025-01-29 01:17:36 Job executing on host: <130.199.151.33:9618?addrs=130.199.151.33-9618&alias=spool1611.sdcc.bnl.gov&noUDP&sock=startd_368_911c>
...
006 (4595319.000.000) 2025-01-29 01:17:44 Image size of job updated: 151468
	63  -  MemoryUsage of job (MB)
	64204  -  ResidentSetSize of job (KB)
...
006 (4595319.000.000) 2025-01-29 01:17:50 Image size of job updated: 214344
	63  -  MemoryUsage of job (MB)
	64212  -  ResidentSetSize of job (KB)
...
005 (4595319.000.000) 2025-01-29 01:17:51 Job terminated.
	(1) Normal termination (return value 0)
		Usr 0 00:00:04, Sys 0 00:00:02  -  Run Remote Usage
		Usr 0 00:00:00, Sys 0 00:00:00  -  Run Local Usage
		Usr 0 00:00:04, Sys 0 00:00:02  -  Total Remote Usage
		Usr 0 00:00:00, Sys 0 00:00:00  -  Total Local Usage
	0  -  Run Bytes Sent By Job
	0  -  Run Bytes Received By Job
	0  -  Total Bytes Sent By Job
	0  -  Total Bytes Received By Job
	Partitionable Resources :    Usage  Request Allocated 
	   Cpus                 :        0        1         1 
	   Disk (KB)            :        2        2   6681232 
	   Memory (MB)          :       63   128192    128256 
	   xferslots            :                           0 

	Job terminated of its own accord at 2025-01-29T06:17:50Z with exit-code 0.
...
000 (4596340.000.000) 2025-01-30 00:27:16 Job submitted from host: <130.199.48.82:9618?addrs=130.199.48.82-9618&alias=rcas2063.rcf.bnl.gov&noUDP&sock=schedd_23786_1176>
...
001 (4596340.000.000) 2025-01-30 13:18:33 Job executing on host: <130.199.151.30:9618?addrs=130.199.151.30-9618&alias=spool1608.sdcc.bnl.gov&noUDP&sock=startd_7058_de0d>
...
006 (4596340.000.000) 2025-01-30 13:18:42 Image size of job updated: 14216
	7  -  MemoryUsage of job (MB)
	7144  -  ResidentSetSize of job (KB)
...
006 (4596340.000.000) 2025-01-30 13:23:43 Image size of job updated: 3513280
	292  -  MemoryUsage of job (MB)
	298224  -  ResidentSetSize of job (KB)
...
006 (4596340.000.000) 2025-01-30 13:28:44 Image size of job updated: 5154756
	1244  -  MemoryUsage of job (MB)
	1273156  -  ResidentSetSize of job (KB)
...
006 (4596340.000.000) 2025-01-30 13:33:44 Image size of job updated: 8590312
	4148  -  MemoryUsage of job (MB)
	4246668  -  ResidentSetSize of job (KB)
...
006 (4596340.000.000) 2025-01-30 13:38:45 Image size of job updated: 11311012
	7360  -  MemoryUsage of job (MB)
	7536216  -  ResidentSetSize of job (KB)
...
006 (4596340.000.000) 2025-01-30 13:43:46 Image size of job updated: 12891968
	8986  -  MemoryUsage of job (MB)
	9201136  -  ResidentSetSize of job (KB)
...
006 (4596340.000.000) 2025-01-30 13:48:46 Image size of job updated: 15967392
	12410  -  MemoryUsage of job (MB)
	12706864  -  ResidentSetSize of job (KB)
...
006 (4596340.000.000) 2025-01-30 13:53:46 Image size of job updated: 17817556
	13890  -  MemoryUsage of job (MB)
	14222416  -  ResidentSetSize of job (KB)
...
006 (4596340.000.000) 2025-01-30 13:58:47 Image size of job updated: 20825120
	15903  -  MemoryUsage of job (MB)
	16283676  -  ResidentSetSize of job (KB)
...
006 (4596340.000.000) 2025-01-30 14:03:47 Image size of job updated: 22228860
	18293  -  MemoryUsage of job (MB)
	18731884  -  ResidentSetSize of job (KB)
...
006 (4596340.000.000) 2025-01-30 14:08:47 Image size of job updated: 25192312
	20285  -  MemoryUsage of job (MB)
	20771740  -  ResidentSetSize of job (KB)
...
006 (4596340.000.000) 2025-01-30 14:13:48 Image size of job updated: 26916404
	23245  -  MemoryUsage of job (MB)
	23802680  -  ResidentSetSize of job (KB)
...
006 (4596340.000.000) 2025-01-30 14:18:48 Image size of job updated: 29358184
	24928  -  MemoryUsage of job (MB)
	25525292  -  ResidentSetSize of job (KB)
...
006 (4596340.000.000) 2025-01-30 14:23:48 Image size of job updated: 33250456
	27945  -  MemoryUsage of job (MB)
	28614688  -  ResidentSetSize of job (KB)
...
006 (4596340.000.000) 2025-01-30 14:28:49 Image size of job updated: 35537160
	31263  -  MemoryUsage of job (MB)
	32012900  -  ResidentSetSize of job (KB)
...
006 (4596340.000.000) 2025-01-30 14:33:50 Image size of job updated: 37919332
	33541  -  MemoryUsage of job (MB)
	34345172  -  ResidentSetSize of job (KB)
...
006 (4596340.000.000) 2025-01-30 14:38:50 Image size of job updated: 41131088
	36187  -  MemoryUsage of job (MB)
	37054984  -  ResidentSetSize of job (KB)
...
006 (4596340.000.000) 2025-01-30 14:43:51 Image size of job updated: 43962456
	39510  -  MemoryUsage of job (MB)
	40457304  -  ResidentSetSize of job (KB)
...
006 (4596340.000.000) 2025-01-30 14:48:51 Image size of job updated: 46267632
	41738  -  MemoryUsage of job (MB)
	42739284  -  ResidentSetSize of job (KB)
...
006 (4596340.000.000) 2025-01-30 14:53:51 Image size of job updated: 49858040
	44275  -  MemoryUsage of job (MB)
	45337164  -  ResidentSetSize of job (KB)
...
006 (4596340.000.000) 2025-01-30 14:58:52 Image size of job updated: 51939712
	47651  -  MemoryUsage of job (MB)
	48794044  -  ResidentSetSize of job (KB)
...
006 (4596340.000.000) 2025-01-30 15:03:53 Image size of job updated: 54205256
	49446  -  MemoryUsage of job (MB)
	50632640  -  ResidentSetSize of job (KB)
...
006 (4596340.000.000) 2025-01-30 15:08:53 Image size of job updated: 57489204
	52350  -  MemoryUsage of job (MB)
	53606028  -  ResidentSetSize of job (KB)
...
006 (4596340.000.000) 2025-01-30 15:13:54 Image size of job updated: 59138880
	54745  -  MemoryUsage of job (MB)
	56058264  -  ResidentSetSize of job (KB)
...
006 (4596340.000.000) 2025-01-30 15:16:01 Image size of job updated: 60733624
	54745  -  MemoryUsage of job (MB)
	56058264  -  ResidentSetSize of job (KB)
...
005 (4596340.000.000) 2025-01-30 15:16:02 Job terminated.
	(1) Normal termination (return value 0)
		Usr 0 01:26:36, Sys 0 00:09:34  -  Run Remote Usage
		Usr 0 00:00:00, Sys 0 00:00:00  -  Run Local Usage
		Usr 0 01:26:36, Sys 0 00:09:34  -  Total Remote Usage
		Usr 0 00:00:00, Sys 0 00:00:00  -  Total Local Usage
	0  -  Run Bytes Sent By Job
	0  -  Run Bytes Received By Job
	0  -  Total Bytes Sent By Job
	0  -  Total Bytes Received By Job
	Partitionable Resources :    Usage  Request Allocated 
	   Cpus                 :     0.91        1         1 
	   Disk (KB)            :     2           2   6681228 
	   Memory (MB)          : 54745      128192    128256 
	   xferslots            :                           0 

	Job terminated of its own accord at 2025-01-30T20:16:01Z with exit-code 0.
...
000 (4597544.000.000) 2025-02-02 20:58:50 Job submitted from host: <130.199.48.82:9618?addrs=130.199.48.82-9618&alias=rcas2063.rcf.bnl.gov&noUDP&sock=schedd_23786_1176>
...
001 (4597544.000.000) 2025-02-02 21:05:07 Job executing on host: <130.199.186.30:9618?addrs=130.199.186.30-9618&alias=spool1827.sdcc.bnl.gov&noUDP&sock=startd_65822_ee79>
...
006 (4597544.000.000) 2025-02-02 21:05:15 Image size of job updated: 298416
	77  -  MemoryUsage of job (MB)
	78712  -  ResidentSetSize of job (KB)
...
006 (4597544.000.000) 2025-02-02 21:05:24 Image size of job updated: 470600
	77  -  MemoryUsage of job (MB)
	78720  -  ResidentSetSize of job (KB)
...
005 (4597544.000.000) 2025-02-02 21:05:25 Job terminated.
	(1) Normal termination (return value 139)
		Usr 0 00:00:06, Sys 0 00:00:02  -  Run Remote Usage
		Usr 0 00:00:00, Sys 0 00:00:00  -  Run Local Usage
		Usr 0 00:00:06, Sys 0 00:00:02  -  Total Remote Usage
		Usr 0 00:00:00, Sys 0 00:00:00  -  Total Local Usage
	0  -  Run Bytes Sent By Job
	0  -  Run Bytes Received By Job
	0  -  Total Bytes Sent By Job
	0  -  Total Bytes Received By Job
	Partitionable Resources :    Usage  Request Allocated 
	   Cpus                 :                 1         1 
	   Disk (KB)            :        2        2   6681626 
	   Memory (MB)          :       77   128192    128256 
	   xferslots            :                           0 

	Job terminated of its own accord at 2025-02-03T02:05:24Z with exit-code 139.
...
