000 (4605054.000.000) 2025-02-02 21:16:24 Job submitted from host: <130.199.48.82:9618?addrs=130.199.48.82-9618&alias=rcas2063.rcf.bnl.gov&noUDP&sock=schedd_23786_1176>
...
001 (4605054.000.000) 2025-02-02 21:16:25 Job executing on host: <130.199.207.217:9618?addrs=130.199.207.217-9618&alias=spool1504.sdcc.bnl.gov&noUDP&sock=startd_26703_430b>
...
006 (4605054.000.000) 2025-02-02 21:16:34 Image size of job updated: 570948
	95  -  MemoryUsage of job (MB)
	96684  -  ResidentSetSize of job (KB)
...
006 (4605054.000.000) 2025-02-02 21:16:40 Image size of job updated: 570948
	95  -  MemoryUsage of job (MB)
	96764  -  ResidentSetSize of job (KB)
...
005 (4605054.000.000) 2025-02-02 21:16:40 Job terminated.
	(1) Normal termination (return value 139)
		Usr 0 00:00:06, Sys 0 00:00:03  -  Run Remote Usage
		Usr 0 00:00:00, Sys 0 00:00:00  -  Run Local Usage
		Usr 0 00:00:06, Sys 0 00:00:03  -  Total Remote Usage
		Usr 0 00:00:00, Sys 0 00:00:00  -  Total Local Usage
	0  -  Run Bytes Sent By Job
	0  -  Run Bytes Received By Job
	0  -  Total Bytes Sent By Job
	0  -  Total Bytes Received By Job
	Partitionable Resources :    Usage  Request Allocated 
	   Cpus                 :     0.44        1         1 
	   Disk (KB)            :     2           2   6681231 
	   Memory (MB)          :    95      128192    128256 
	   xferslots            :                           0 

	Job terminated of its own accord at 2025-02-03T02:16:40Z with exit-code 139.
...
