000 (4599737.000.000) 2025-02-02 21:02:44 Job submitted from host: <130.199.48.82:9618?addrs=130.199.48.82-9618&alias=rcas2063.rcf.bnl.gov&noUDP&sock=schedd_23786_1176>
...
001 (4599737.000.000) 2025-02-02 21:08:31 Job executing on host: <130.199.151.4:9618?addrs=130.199.151.4-9618&alias=spool1582.sdcc.bnl.gov&noUDP&sock=startd_39246_f689>
...
006 (4599737.000.000) 2025-02-02 21:08:40 Image size of job updated: 298144
	115  -  MemoryUsage of job (MB)
	117108  -  ResidentSetSize of job (KB)
...
006 (4599737.000.000) 2025-02-02 21:08:45 Image size of job updated: 468728
	115  -  MemoryUsage of job (MB)
	117140  -  ResidentSetSize of job (KB)
...
005 (4599737.000.000) 2025-02-02 21:08:45 Job terminated.
	(1) Normal termination (return value 139)
		Usr 0 00:00:06, Sys 0 00:00:03  -  Run Remote Usage
		Usr 0 00:00:00, Sys 0 00:00:00  -  Run Local Usage
		Usr 0 00:00:06, Sys 0 00:00:03  -  Total Remote Usage
		Usr 0 00:00:00, Sys 0 00:00:00  -  Total Local Usage
	0  -  Run Bytes Sent By Job
	0  -  Run Bytes Received By Job
	0  -  Total Bytes Sent By Job
	0  -  Total Bytes Received By Job
	Partitionable Resources :    Usage  Request Allocated 
	   Cpus                 :                 1         1 
	   Disk (KB)            :        2        2   6681231 
	   Memory (MB)          :      115   128192    128256 
	   xferslots            :                           0 

	Job terminated of its own accord at 2025-02-03T02:08:45Z with exit-code 139.
...
