000 (4595453.000.000) 2025-01-28 23:08:43 Job submitted from host: <130.199.48.82:9618?addrs=130.199.48.82-9618&alias=rcas2063.rcf.bnl.gov&noUDP&sock=schedd_23786_1176>
...
001 (4595453.000.000) 2025-01-29 01:23:14 Job executing on host: <130.199.151.8:9618?addrs=130.199.151.8-9618&alias=spool1586.sdcc.bnl.gov&noUDP&sock=startd_10002_9b31>
...
006 (4595453.000.000) 2025-01-29 01:23:23 Image size of job updated: 156476
	0  -  MemoryUsage of job (MB)
	0  -  ResidentSetSize of job (KB)
...
005 (4595453.000.000) 2025-01-29 01:23:23 Job terminated.
	(1) Normal termination (return value 0)
		Usr 0 00:00:03, Sys 0 00:00:02  -  Run Remote Usage
		Usr 0 00:00:00, Sys 0 00:00:00  -  Run Local Usage
		Usr 0 00:00:03, Sys 0 00:00:02  -  Total Remote Usage
		Usr 0 00:00:00, Sys 0 00:00:00  -  Total Local Usage
	0  -  Run Bytes Sent By Job
	0  -  Run Bytes Received By Job
	0  -  Total Bytes Sent By Job
	0  -  Total Bytes Received By Job
	Partitionable Resources :    Usage  Request Allocated 
	   Cpus                 :                 1         1 
	   Disk (KB)            :        2        2   6681168 
	   Memory (MB)          :        0   128192    128256 
	   xferslots            :                           0 

	Job terminated of its own accord at 2025-01-29T06:23:23Z with exit-code 0.
...
000 (4596474.000.000) 2025-01-30 00:27:30 Job submitted from host: <130.199.48.82:9618?addrs=130.199.48.82-9618&alias=rcas2063.rcf.bnl.gov&noUDP&sock=schedd_23786_1176>
...
001 (4596474.000.000) 2025-01-30 14:55:37 Job executing on host: <130.199.186.15:9618?addrs=130.199.186.15-9618&alias=spool1812.sdcc.bnl.gov&noUDP&sock=startd_25324_d367>
...
006 (4596474.000.000) 2025-01-30 14:55:46 Image size of job updated: 148396
	77  -  MemoryUsage of job (MB)
	78456  -  ResidentSetSize of job (KB)
...
006 (4596474.000.000) 2025-01-30 15:00:47 Image size of job updated: 4456808
	754  -  MemoryUsage of job (MB)
	771880  -  ResidentSetSize of job (KB)
...
006 (4596474.000.000) 2025-01-30 15:05:47 Image size of job updated: 7942388
	4595  -  MemoryUsage of job (MB)
	4704816  -  ResidentSetSize of job (KB)
...
006 (4596474.000.000) 2025-01-30 15:10:48 Image size of job updated: 10370224
	7076  -  MemoryUsage of job (MB)
	7245360  -  ResidentSetSize of job (KB)
...
006 (4596474.000.000) 2025-01-30 15:15:49 Image size of job updated: 15250208
	10360  -  MemoryUsage of job (MB)
	10608176  -  ResidentSetSize of job (KB)
...
006 (4596474.000.000) 2025-01-30 15:20:49 Image size of job updated: 17643196
	14178  -  MemoryUsage of job (MB)
	14517816  -  ResidentSetSize of job (KB)
...
006 (4596474.000.000) 2025-01-30 15:25:49 Image size of job updated: 20407400
	16715  -  MemoryUsage of job (MB)
	17115784  -  ResidentSetSize of job (KB)
...
006 (4596474.000.000) 2025-01-30 15:30:50 Image size of job updated: 24116932
	19586  -  MemoryUsage of job (MB)
	20055416  -  ResidentSetSize of job (KB)
...
006 (4596474.000.000) 2025-01-30 15:35:50 Image size of job updated: 26969220
	23287  -  MemoryUsage of job (MB)
	23845764  -  ResidentSetSize of job (KB)
...
006 (4596474.000.000) 2025-01-30 15:40:50 Image size of job updated: 29715404
	25487  -  MemoryUsage of job (MB)
	26097896  -  ResidentSetSize of job (KB)
...
006 (4596474.000.000) 2025-01-30 15:45:51 Image size of job updated: 33122360
	28377  -  MemoryUsage of job (MB)
	29057416  -  ResidentSetSize of job (KB)
...
006 (4596474.000.000) 2025-01-30 15:50:52 Image size of job updated: 36227572
	31817  -  MemoryUsage of job (MB)
	32580436  -  ResidentSetSize of job (KB)
...
006 (4596474.000.000) 2025-01-30 15:55:52 Image size of job updated: 38459460
	34570  -  MemoryUsage of job (MB)
	35398688  -  ResidentSetSize of job (KB)
...
006 (4596474.000.000) 2025-01-30 16:00:53 Image size of job updated: 40815012
	36944  -  MemoryUsage of job (MB)
	37829792  -  ResidentSetSize of job (KB)
...
006 (4596474.000.000) 2025-01-30 16:05:54 Image size of job updated: 44331928
	39463  -  MemoryUsage of job (MB)
	40409868  -  ResidentSetSize of job (KB)
...
006 (4596474.000.000) 2025-01-30 16:10:54 Image size of job updated: 48314348
	42480  -  MemoryUsage of job (MB)
	43499424  -  ResidentSetSize of job (KB)
...
006 (4596474.000.000) 2025-01-30 16:15:55 Image size of job updated: 49376036
	44865  -  MemoryUsage of job (MB)
	45941120  -  ResidentSetSize of job (KB)
...
006 (4596474.000.000) 2025-01-30 16:20:56 Image size of job updated: 53543848
	47919  -  MemoryUsage of job (MB)
	49068884  -  ResidentSetSize of job (KB)
...
006 (4596474.000.000) 2025-01-30 16:25:56 Image size of job updated: 55699292
	51200  -  MemoryUsage of job (MB)
	52428736  -  ResidentSetSize of job (KB)
...
006 (4596474.000.000) 2025-01-30 16:30:56 Image size of job updated: 58091480
	53183  -  MemoryUsage of job (MB)
	54458948  -  ResidentSetSize of job (KB)
...
006 (4596474.000.000) 2025-01-30 16:35:57 Image size of job updated: 61133004
	56251  -  MemoryUsage of job (MB)
	57600056  -  ResidentSetSize of job (KB)
...
006 (4596474.000.000) 2025-01-30 16:40:57 Image size of job updated: 63895824
	59216  -  MemoryUsage of job (MB)
	60636840  -  ResidentSetSize of job (KB)
...
006 (4596474.000.000) 2025-01-30 16:45:57 Image size of job updated: 67031444
	61788  -  MemoryUsage of job (MB)
	63270820  -  ResidentSetSize of job (KB)
...
006 (4596474.000.000) 2025-01-30 16:50:58 Image size of job updated: 71203912
	64902  -  MemoryUsage of job (MB)
	66458964  -  ResidentSetSize of job (KB)
...
006 (4596474.000.000) 2025-01-30 16:55:59 Image size of job updated: 72622192
	67776  -  MemoryUsage of job (MB)
	69402552  -  ResidentSetSize of job (KB)
...
006 (4596474.000.000) 2025-01-30 17:00:59 Image size of job updated: 76036724
	70271  -  MemoryUsage of job (MB)
	71957088  -  ResidentSetSize of job (KB)
...
006 (4596474.000.000) 2025-01-30 17:06:00 Image size of job updated: 79130336
	73938  -  MemoryUsage of job (MB)
	75711784  -  ResidentSetSize of job (KB)
...
006 (4596474.000.000) 2025-01-30 17:11:01 Image size of job updated: 81232596
	76286  -  MemoryUsage of job (MB)
	78115948  -  ResidentSetSize of job (KB)
...
006 (4596474.000.000) 2025-01-30 17:14:23 Image size of job updated: 83903360
	76286  -  MemoryUsage of job (MB)
	78115948  -  ResidentSetSize of job (KB)
...
005 (4596474.000.000) 2025-01-30 17:14:23 Job terminated.
	(1) Normal termination (return value 0)
		Usr 0 02:03:59, Sys 0 00:11:28  -  Run Remote Usage
		Usr 0 00:00:00, Sys 0 00:00:00  -  Run Local Usage
		Usr 0 02:03:59, Sys 0 00:11:28  -  Total Remote Usage
		Usr 0 00:00:00, Sys 0 00:00:00  -  Total Local Usage
	0  -  Run Bytes Sent By Job
	0  -  Run Bytes Received By Job
	0  -  Total Bytes Sent By Job
	0  -  Total Bytes Received By Job
	Partitionable Resources :    Usage  Request Allocated 
	   Cpus                 :     1.03        1         1 
	   Disk (KB)            :     2           2   6681621 
	   Memory (MB)          : 76286      128192    128256 
	   xferslots            :                           0 

	Job terminated of its own accord at 2025-01-30T22:14:23Z with exit-code 0.
...
000 (4597678.000.000) 2025-02-02 20:59:05 Job submitted from host: <130.199.48.82:9618?addrs=130.199.48.82-9618&alias=rcas2063.rcf.bnl.gov&noUDP&sock=schedd_23786_1176>
...
001 (4597678.000.000) 2025-02-02 21:05:29 Job executing on host: <130.199.150.67:9618?addrs=130.199.150.67-9618&alias=spool1548.sdcc.bnl.gov&noUDP&sock=startd_28485_3e0d>
...
006 (4597678.000.000) 2025-02-02 21:05:37 Image size of job updated: 255792
	0  -  MemoryUsage of job (MB)
	0  -  ResidentSetSize of job (KB)
...
005 (4597678.000.000) 2025-02-02 21:05:37 Job terminated.
	(1) Normal termination (return value 139)
		Usr 0 00:00:05, Sys 0 00:00:01  -  Run Remote Usage
		Usr 0 00:00:00, Sys 0 00:00:00  -  Run Local Usage
		Usr 0 00:00:05, Sys 0 00:00:01  -  Total Remote Usage
		Usr 0 00:00:00, Sys 0 00:00:00  -  Total Local Usage
	0  -  Run Bytes Sent By Job
	0  -  Run Bytes Received By Job
	0  -  Total Bytes Sent By Job
	0  -  Total Bytes Received By Job
	Partitionable Resources :    Usage  Request Allocated 
	   Cpus                 :                 1         1 
	   Disk (KB)            :        2        2   6681217 
	   Memory (MB)          :        0   128192    128256 
	   xferslots            :                           0 

	Job terminated of its own accord at 2025-02-03T02:05:37Z with exit-code 139.
...
