000 (4595718.000.000) 2025-01-28 23:09:04 Job submitted from host: <130.199.48.82:9618?addrs=130.199.48.82-9618&alias=rcas2063.rcf.bnl.gov&noUDP&sock=schedd_23786_1176>
...
001 (4595718.000.000) 2025-01-29 01:28:16 Job executing on host: <130.199.186.10:9618?addrs=130.199.186.10-9618&alias=spool1807.sdcc.bnl.gov&noUDP&sock=startd_68265_1c36>
...
006 (4595718.000.000) 2025-01-29 01:28:24 Image size of job updated: 164556
	92  -  MemoryUsage of job (MB)
	93944  -  ResidentSetSize of job (KB)
...
006 (4595718.000.000) 2025-01-29 01:28:27 Image size of job updated: 246500
	92  -  MemoryUsage of job (MB)
	93944  -  ResidentSetSize of job (KB)
...
005 (4595718.000.000) 2025-01-29 01:28:28 Job terminated.
	(1) Normal termination (return value 0)
		Usr 0 00:00:03, Sys 0 00:00:02  -  Run Remote Usage
		Usr 0 00:00:00, Sys 0 00:00:00  -  Run Local Usage
		Usr 0 00:00:03, Sys 0 00:00:02  -  Total Remote Usage
		Usr 0 00:00:00, Sys 0 00:00:00  -  Total Local Usage
	0  -  Run Bytes Sent By Job
	0  -  Run Bytes Received By Job
	0  -  Total Bytes Sent By Job
	0  -  Total Bytes Received By Job
	Partitionable Resources :    Usage  Request Allocated 
	   Cpus                 :                 1         1 
	   Disk (KB)            :        2        2   6681630 
	   Memory (MB)          :       92   128192    128256 
	   xferslots            :                           0 

	Job terminated of its own accord at 2025-01-29T06:28:27Z with exit-code 0.
...
000 (4596739.000.000) 2025-01-30 00:27:56 Job submitted from host: <130.199.48.82:9618?addrs=130.199.48.82-9618&alias=rcas2063.rcf.bnl.gov&noUDP&sock=schedd_23786_1176>
...
001 (4596739.000.000) 2025-01-30 18:02:45 Job executing on host: <130.199.184.206:9618?addrs=130.199.184.206-9618&alias=spool1781.sdcc.bnl.gov&noUDP&sock=startd_81688_51fb>
...
006 (4596739.000.000) 2025-01-30 18:02:54 Image size of job updated: 13016
	7  -  MemoryUsage of job (MB)
	7160  -  ResidentSetSize of job (KB)
...
006 (4596739.000.000) 2025-01-30 18:07:55 Image size of job updated: 3512944
	291  -  MemoryUsage of job (MB)
	297532  -  ResidentSetSize of job (KB)
...
006 (4596739.000.000) 2025-01-30 18:12:56 Image size of job updated: 5737176
	2214  -  MemoryUsage of job (MB)
	2266212  -  ResidentSetSize of job (KB)
...
006 (4596739.000.000) 2025-01-30 18:17:56 Image size of job updated: 9454324
	5308  -  MemoryUsage of job (MB)
	5434700  -  ResidentSetSize of job (KB)
...
006 (4596739.000.000) 2025-01-30 18:22:57 Image size of job updated: 11376916
	8083  -  MemoryUsage of job (MB)
	8276340  -  ResidentSetSize of job (KB)
...
006 (4596739.000.000) 2025-01-30 18:27:58 Image size of job updated: 14552228
	10327  -  MemoryUsage of job (MB)
	10574424  -  ResidentSetSize of job (KB)
...
006 (4596739.000.000) 2025-01-30 18:32:58 Image size of job updated: 17656796
	14170  -  MemoryUsage of job (MB)
	14509896  -  ResidentSetSize of job (KB)
...
006 (4596739.000.000) 2025-01-30 18:37:58 Image size of job updated: 19403752
	15919  -  MemoryUsage of job (MB)
	16300604  -  ResidentSetSize of job (KB)
...
006 (4596739.000.000) 2025-01-30 18:42:59 Image size of job updated: 24530032
	19333  -  MemoryUsage of job (MB)
	19796468  -  ResidentSetSize of job (KB)
...
006 (4596739.000.000) 2025-01-30 18:47:59 Image size of job updated: 25808472
	21932  -  MemoryUsage of job (MB)
	22457520  -  ResidentSetSize of job (KB)
...
006 (4596739.000.000) 2025-01-30 18:52:59 Image size of job updated: 28403088
	24270  -  MemoryUsage of job (MB)
	24852472  -  ResidentSetSize of job (KB)
...
006 (4596739.000.000) 2025-01-30 18:58:00 Image size of job updated: 32281940
	27155  -  MemoryUsage of job (MB)
	27805812  -  ResidentSetSize of job (KB)
...
006 (4596739.000.000) 2025-01-30 19:03:00 Image size of job updated: 34295408
	30464  -  MemoryUsage of job (MB)
	31194812  -  ResidentSetSize of job (KB)
...
006 (4596739.000.000) 2025-01-30 19:08:00 Image size of job updated: 37060256
	32536  -  MemoryUsage of job (MB)
	33316780  -  ResidentSetSize of job (KB)
...
006 (4596739.000.000) 2025-01-30 19:12:12 Image size of job updated: 39915872
	32538  -  MemoryUsage of job (MB)
	33318484  -  ResidentSetSize of job (KB)
...
005 (4596739.000.000) 2025-01-30 19:12:12 Job terminated.
	(1) Normal termination (return value 0)
		Usr 0 00:55:46, Sys 0 00:06:29  -  Run Remote Usage
		Usr 0 00:00:00, Sys 0 00:00:00  -  Run Local Usage
		Usr 0 00:55:46, Sys 0 00:06:29  -  Total Remote Usage
		Usr 0 00:00:00, Sys 0 00:00:00  -  Total Local Usage
	0  -  Run Bytes Sent By Job
	0  -  Run Bytes Received By Job
	0  -  Total Bytes Sent By Job
	0  -  Total Bytes Received By Job
	Partitionable Resources :    Usage  Request Allocated 
	   Cpus                 :     0.98        1         1 
	   Disk (KB)            :     2           2   6681630 
	   Memory (MB)          : 32538      128192    128256 
	   xferslots            :                           0 

	Job terminated of its own accord at 2025-01-31T00:12:12Z with exit-code 0.
...
000 (4597943.000.000) 2025-02-02 20:59:34 Job submitted from host: <130.199.48.82:9618?addrs=130.199.48.82-9618&alias=rcas2063.rcf.bnl.gov&noUDP&sock=schedd_23786_1176>
...
001 (4597943.000.000) 2025-02-02 21:06:04 Job executing on host: <130.199.186.28:9618?addrs=130.199.186.28-9618&alias=spool1825.sdcc.bnl.gov&noUDP&sock=startd_62164_3881>
...
006 (4597943.000.000) 2025-02-02 21:06:13 Image size of job updated: 592200
	0  -  MemoryUsage of job (MB)
	0  -  ResidentSetSize of job (KB)
...
005 (4597943.000.000) 2025-02-02 21:06:13 Job terminated.
	(1) Normal termination (return value 139)
		Usr 0 00:00:05, Sys 0 00:00:01  -  Run Remote Usage
		Usr 0 00:00:00, Sys 0 00:00:00  -  Run Local Usage
		Usr 0 00:00:05, Sys 0 00:00:01  -  Total Remote Usage
		Usr 0 00:00:00, Sys 0 00:00:00  -  Total Local Usage
	0  -  Run Bytes Sent By Job
	0  -  Run Bytes Received By Job
	0  -  Total Bytes Sent By Job
	0  -  Total Bytes Received By Job
	Partitionable Resources :    Usage  Request Allocated 
	   Cpus                 :                 1         1 
	   Disk (KB)            :        2        2   6681629 
	   Memory (MB)          :        0   128192    128256 
	   xferslots            :                           0 

	Job terminated of its own accord at 2025-02-03T02:06:13Z with exit-code 139.
...
000 (4607660.000.000) 2025-02-03 00:29:06 Job submitted from host: <130.199.48.82:9618?addrs=130.199.48.82-9618&alias=rcas2063.rcf.bnl.gov&noUDP&sock=schedd_23786_1176>
...
