000 (4595482.000.000) 2025-01-28 23:08:46 Job submitted from host: <130.199.48.82:9618?addrs=130.199.48.82-9618&alias=rcas2063.rcf.bnl.gov&noUDP&sock=schedd_23786_1176>
...
001 (4595482.000.000) 2025-01-29 01:23:56 Job executing on host: <130.199.151.8:9618?addrs=130.199.151.8-9618&alias=spool1586.sdcc.bnl.gov&noUDP&sock=startd_10002_9b31>
...
006 (4595482.000.000) 2025-01-29 01:24:04 Image size of job updated: 167876
	94  -  MemoryUsage of job (MB)
	95808  -  ResidentSetSize of job (KB)
...
006 (4595482.000.000) 2025-01-29 01:24:09 Image size of job updated: 588676
	95  -  MemoryUsage of job (MB)
	97172  -  ResidentSetSize of job (KB)
...
005 (4595482.000.000) 2025-01-29 01:24:09 Job terminated.
	(1) Normal termination (return value 0)
		Usr 0 00:00:04, Sys 0 00:00:01  -  Run Remote Usage
		Usr 0 00:00:00, Sys 0 00:00:00  -  Run Local Usage
		Usr 0 00:00:04, Sys 0 00:00:01  -  Total Remote Usage
		Usr 0 00:00:00, Sys 0 00:00:00  -  Total Local Usage
	0  -  Run Bytes Sent By Job
	0  -  Run Bytes Received By Job
	0  -  Total Bytes Sent By Job
	0  -  Total Bytes Received By Job
	Partitionable Resources :    Usage  Request Allocated 
	   Cpus                 :                 1         1 
	   Disk (KB)            :        2        2   6681168 
	   Memory (MB)          :       95   128192    128256 
	   xferslots            :                           0 

	Job terminated of its own accord at 2025-01-29T06:24:09Z with exit-code 0.
...
000 (4596503.000.000) 2025-01-30 00:27:33 Job submitted from host: <130.199.48.82:9618?addrs=130.199.48.82-9618&alias=rcas2063.rcf.bnl.gov&noUDP&sock=schedd_23786_1176>
...
001 (4596503.000.000) 2025-01-30 15:14:15 Job executing on host: <130.199.150.88:9618?addrs=130.199.150.88-9618&alias=spool1569.sdcc.bnl.gov&noUDP&sock=startd_33698_1751>
...
006 (4596503.000.000) 2025-01-30 15:14:23 Image size of job updated: 211904
	80  -  MemoryUsage of job (MB)
	81072  -  ResidentSetSize of job (KB)
...
006 (4596503.000.000) 2025-01-30 15:19:23 Image size of job updated: 4796960
	579  -  MemoryUsage of job (MB)
	592440  -  ResidentSetSize of job (KB)
...
006 (4596503.000.000) 2025-01-30 15:24:24 Image size of job updated: 8743840
	4158  -  MemoryUsage of job (MB)
	4257620  -  ResidentSetSize of job (KB)
...
006 (4596503.000.000) 2025-01-30 15:29:25 Image size of job updated: 10623648
	7443  -  MemoryUsage of job (MB)
	7621464  -  ResidentSetSize of job (KB)
...
006 (4596503.000.000) 2025-01-30 15:34:25 Image size of job updated: 13857052
	10499  -  MemoryUsage of job (MB)
	10750436  -  ResidentSetSize of job (KB)
...
006 (4596503.000.000) 2025-01-30 15:39:26 Image size of job updated: 18212872
	13758  -  MemoryUsage of job (MB)
	14087328  -  ResidentSetSize of job (KB)
...
006 (4596503.000.000) 2025-01-30 15:44:27 Image size of job updated: 21151316
	17122  -  MemoryUsage of job (MB)
	17532264  -  ResidentSetSize of job (KB)
...
006 (4596503.000.000) 2025-01-30 15:49:27 Image size of job updated: 24612940
	20807  -  MemoryUsage of job (MB)
	21306300  -  ResidentSetSize of job (KB)
...
006 (4596503.000.000) 2025-01-30 15:54:27 Image size of job updated: 27370076
	23533  -  MemoryUsage of job (MB)
	24097620  -  ResidentSetSize of job (KB)
...
006 (4596503.000.000) 2025-01-30 15:59:28 Image size of job updated: 30365148
	26550  -  MemoryUsage of job (MB)
	27186992  -  ResidentSetSize of job (KB)
...
006 (4596503.000.000) 2025-01-30 16:04:28 Image size of job updated: 35522384
	30055  -  MemoryUsage of job (MB)
	30775520  -  ResidentSetSize of job (KB)
...
006 (4596503.000.000) 2025-01-30 16:09:29 Image size of job updated: 37276596
	33350  -  MemoryUsage of job (MB)
	34149564  -  ResidentSetSize of job (KB)
...
006 (4596503.000.000) 2025-01-30 16:14:30 Image size of job updated: 40115636
	35649  -  MemoryUsage of job (MB)
	36503652  -  ResidentSetSize of job (KB)
...
006 (4596503.000.000) 2025-01-30 16:19:30 Image size of job updated: 44307376
	38919  -  MemoryUsage of job (MB)
	39852872  -  ResidentSetSize of job (KB)
...
006 (4596503.000.000) 2025-01-30 16:24:31 Image size of job updated: 47766472
	42810  -  MemoryUsage of job (MB)
	43837252  -  ResidentSetSize of job (KB)
...
006 (4596503.000.000) 2025-01-30 16:29:32 Image size of job updated: 50363260
	46001  -  MemoryUsage of job (MB)
	47104428  -  ResidentSetSize of job (KB)
...
006 (4596503.000.000) 2025-01-30 16:34:32 Image size of job updated: 53300368
	48997  -  MemoryUsage of job (MB)
	50172084  -  ResidentSetSize of job (KB)
...
006 (4596503.000.000) 2025-01-30 16:39:33 Image size of job updated: 57632684
	52264  -  MemoryUsage of job (MB)
	53517900  -  ResidentSetSize of job (KB)
...
006 (4596503.000.000) 2025-01-30 16:44:34 Image size of job updated: 61120988
	52264  -  MemoryUsage of job (MB)
	53517900  -  ResidentSetSize of job (KB)
...
005 (4596503.000.000) 2025-01-30 16:44:37 Job terminated.
	(1) Normal termination (return value 0)
		Usr 0 01:25:29, Sys 0 00:09:03  -  Run Remote Usage
		Usr 0 00:00:00, Sys 0 00:00:00  -  Run Local Usage
		Usr 0 01:25:29, Sys 0 00:09:03  -  Total Remote Usage
		Usr 0 00:00:00, Sys 0 00:00:00  -  Total Local Usage
	0  -  Run Bytes Sent By Job
	0  -  Run Bytes Received By Job
	0  -  Total Bytes Sent By Job
	0  -  Total Bytes Received By Job
	Partitionable Resources :    Usage  Request Allocated 
	   Cpus                 :     1.03        1         1 
	   Disk (KB)            :     2           2   6681235 
	   Memory (MB)          : 52264      128192    128256 
	   xferslots            :                           0 

	Job terminated of its own accord at 2025-01-30T21:44:37Z with exit-code 0.
...
000 (4597707.000.000) 2025-02-02 20:59:08 Job submitted from host: <130.199.48.82:9618?addrs=130.199.48.82-9618&alias=rcas2063.rcf.bnl.gov&noUDP&sock=schedd_23786_1176>
...
001 (4597707.000.000) 2025-02-02 21:05:34 Job executing on host: <130.199.150.81:9618?addrs=130.199.150.81-9618&alias=spool1562.sdcc.bnl.gov&noUDP&sock=startd_65906_8438>
...
006 (4597707.000.000) 2025-02-02 21:05:43 Image size of job updated: 569868
	121  -  MemoryUsage of job (MB)
	123768  -  ResidentSetSize of job (KB)
...
006 (4597707.000.000) 2025-02-02 21:05:48 Image size of job updated: 569868
	121  -  MemoryUsage of job (MB)
	123784  -  ResidentSetSize of job (KB)
...
005 (4597707.000.000) 2025-02-02 21:05:48 Job terminated.
	(1) Normal termination (return value 139)
		Usr 0 00:00:06, Sys 0 00:00:02  -  Run Remote Usage
		Usr 0 00:00:00, Sys 0 00:00:00  -  Run Local Usage
		Usr 0 00:00:06, Sys 0 00:00:02  -  Total Remote Usage
		Usr 0 00:00:00, Sys 0 00:00:00  -  Total Local Usage
	0  -  Run Bytes Sent By Job
	0  -  Run Bytes Received By Job
	0  -  Total Bytes Sent By Job
	0  -  Total Bytes Received By Job
	Partitionable Resources :    Usage  Request Allocated 
	   Cpus                 :                 1         1 
	   Disk (KB)            :        2        2   6681161 
	   Memory (MB)          :      121   128192    128256 
	   xferslots            :                           0 

	Job terminated of its own accord at 2025-02-03T02:05:48Z with exit-code 139.
...
