000 (4600491.000.000) 2025-02-02 21:04:04 Job submitted from host: <130.199.48.82:9618?addrs=130.199.48.82-9618&alias=rcas2063.rcf.bnl.gov&noUDP&sock=schedd_23786_1176>
...
001 (4600491.000.000) 2025-02-02 21:09:30 Job executing on host: <130.199.151.8:9618?addrs=130.199.151.8-9618&alias=spool1586.sdcc.bnl.gov&noUDP&sock=startd_10002_9b31>
...
006 (4600491.000.000) 2025-02-02 21:09:39 Image size of job updated: 213964
	121  -  MemoryUsage of job (MB)
	123120  -  ResidentSetSize of job (KB)
...
006 (4600491.000.000) 2025-02-02 21:09:44 Image size of job updated: 2919660
	122  -  MemoryUsage of job (MB)
	123996  -  ResidentSetSize of job (KB)
...
005 (4600491.000.000) 2025-02-02 21:09:45 Job terminated.
	(1) Normal termination (return value 139)
		Usr 0 00:00:07, Sys 0 00:00:02  -  Run Remote Usage
		Usr 0 00:00:00, Sys 0 00:00:00  -  Run Local Usage
		Usr 0 00:00:07, Sys 0 00:00:02  -  Total Remote Usage
		Usr 0 00:00:00, Sys 0 00:00:00  -  Total Local Usage
	0  -  Run Bytes Sent By Job
	0  -  Run Bytes Received By Job
	0  -  Total Bytes Sent By Job
	0  -  Total Bytes Received By Job
	Partitionable Resources :    Usage  Request Allocated 
	   Cpus                 :                 1         1 
	   Disk (KB)            :        2        2   6681168 
	   Memory (MB)          :      122   128192    128256 
	   xferslots            :                           0 

	Job terminated of its own accord at 2025-02-03T02:09:44Z with exit-code 139.
...
