000 (4600351.000.000) 2025-02-02 21:03:48 Job submitted from host: <130.199.48.82:9618?addrs=130.199.48.82-9618&alias=rcas2063.rcf.bnl.gov&noUDP&sock=schedd_23786_1176>
...
001 (4600351.000.000) 2025-02-02 21:09:19 Job executing on host: <130.199.207.217:9618?addrs=130.199.207.217-9618&alias=spool1504.sdcc.bnl.gov&noUDP&sock=startd_26703_430b>
...
006 (4600351.000.000) 2025-02-02 21:09:27 Image size of job updated: 396628
	260  -  MemoryUsage of job (MB)
	265784  -  ResidentSetSize of job (KB)
...
006 (4600351.000.000) 2025-02-02 21:09:28 Image size of job updated: 398152
	262  -  MemoryUsage of job (MB)
	267308  -  ResidentSetSize of job (KB)
...
005 (4600351.000.000) 2025-02-02 21:09:29 Job terminated.
	(1) Normal termination (return value 139)
		Usr 0 00:00:06, Sys 0 00:00:01  -  Run Remote Usage
		Usr 0 00:00:00, Sys 0 00:00:00  -  Run Local Usage
		Usr 0 00:00:06, Sys 0 00:00:01  -  Total Remote Usage
		Usr 0 00:00:00, Sys 0 00:00:00  -  Total Local Usage
	0  -  Run Bytes Sent By Job
	0  -  Run Bytes Received By Job
	0  -  Total Bytes Sent By Job
	0  -  Total Bytes Received By Job
	Partitionable Resources :    Usage  Request Allocated 
	   Cpus                 :                 1         1 
	   Disk (KB)            :        2        2   6681231 
	   Memory (MB)          :      262   128192    128256 
	   xferslots            :                           0 

	Job terminated of its own accord at 2025-02-03T02:09:28Z with exit-code 139.
...
