000 (4595546.000.000) 2025-01-28 23:08:51 Job submitted from host: <130.199.48.82:9618?addrs=130.199.48.82-9618&alias=rcas2063.rcf.bnl.gov&noUDP&sock=schedd_23786_1176>
...
001 (4595546.000.000) 2025-01-29 01:25:15 Job executing on host: <130.199.150.67:9618?addrs=130.199.150.67-9618&alias=spool1548.sdcc.bnl.gov&noUDP&sock=startd_28485_3e0d>
...
006 (4595546.000.000) 2025-01-29 01:25:24 Image size of job updated: 576620
	121  -  MemoryUsage of job (MB)
	123212  -  ResidentSetSize of job (KB)
...
006 (4595546.000.000) 2025-01-29 01:25:26 Image size of job updated: 576620
	121  -  MemoryUsage of job (MB)
	123380  -  ResidentSetSize of job (KB)
...
005 (4595546.000.000) 2025-01-29 01:25:27 Job terminated.
	(1) Normal termination (return value 0)
		Usr 0 00:00:04, Sys 0 00:00:02  -  Run Remote Usage
		Usr 0 00:00:00, Sys 0 00:00:00  -  Run Local Usage
		Usr 0 00:00:04, Sys 0 00:00:02  -  Total Remote Usage
		Usr 0 00:00:00, Sys 0 00:00:00  -  Total Local Usage
	0  -  Run Bytes Sent By Job
	0  -  Run Bytes Received By Job
	0  -  Total Bytes Sent By Job
	0  -  Total Bytes Received By Job
	Partitionable Resources :    Usage  Request Allocated 
	   Cpus                 :                 1         1 
	   Disk (KB)            :        2        2   6681217 
	   Memory (MB)          :      121   128192    128256 
	   xferslots            :                           0 

	Job terminated of its own accord at 2025-01-29T06:25:26Z with exit-code 0.
...
000 (4596567.000.000) 2025-01-30 00:27:39 Job submitted from host: <130.199.48.82:9618?addrs=130.199.48.82-9618&alias=rcas2063.rcf.bnl.gov&noUDP&sock=schedd_23786_1176>
...
001 (4596567.000.000) 2025-01-30 16:01:28 Job executing on host: <130.199.186.92:9618?addrs=130.199.186.92-9618&alias=spool1855.sdcc.bnl.gov&noUDP&sock=startd_51230_bf6c>
...
006 (4596567.000.000) 2025-01-30 16:01:37 Image size of job updated: 567416
	80  -  MemoryUsage of job (MB)
	81072  -  ResidentSetSize of job (KB)
...
006 (4596567.000.000) 2025-01-30 16:06:38 Image size of job updated: 5299224
	558  -  MemoryUsage of job (MB)
	570636  -  ResidentSetSize of job (KB)
...
006 (4596567.000.000) 2025-01-30 16:11:38 Image size of job updated: 7419076
	4179  -  MemoryUsage of job (MB)
	4279080  -  ResidentSetSize of job (KB)
...
006 (4596567.000.000) 2025-01-30 16:16:39 Image size of job updated: 10423348
	6668  -  MemoryUsage of job (MB)
	6827520  -  ResidentSetSize of job (KB)
...
006 (4596567.000.000) 2025-01-30 16:21:40 Image size of job updated: 13702880
	9358  -  MemoryUsage of job (MB)
	9581580  -  ResidentSetSize of job (KB)
...
006 (4596567.000.000) 2025-01-30 16:26:40 Image size of job updated: 17125160
	13165  -  MemoryUsage of job (MB)
	13480032  -  ResidentSetSize of job (KB)
...
006 (4596567.000.000) 2025-01-30 16:31:40 Image size of job updated: 19656408
	16087  -  MemoryUsage of job (MB)
	16472784  -  ResidentSetSize of job (KB)
...
006 (4596567.000.000) 2025-01-30 16:36:41 Image size of job updated: 22873228
	19412  -  MemoryUsage of job (MB)
	19877220  -  ResidentSetSize of job (KB)
...
006 (4596567.000.000) 2025-01-30 16:41:41 Image size of job updated: 26839228
	23101  -  MemoryUsage of job (MB)
	23655240  -  ResidentSetSize of job (KB)
...
006 (4596567.000.000) 2025-01-30 16:46:41 Image size of job updated: 30547260
	26406  -  MemoryUsage of job (MB)
	27039460  -  ResidentSetSize of job (KB)
...
006 (4596567.000.000) 2025-01-30 16:51:42 Image size of job updated: 34938616
	30270  -  MemoryUsage of job (MB)
	30996112  -  ResidentSetSize of job (KB)
...
006 (4596567.000.000) 2025-01-30 16:56:43 Image size of job updated: 38781112
	33671  -  MemoryUsage of job (MB)
	34479100  -  ResidentSetSize of job (KB)
...
006 (4596567.000.000) 2025-01-30 17:01:43 Image size of job updated: 41951636
	37892  -  MemoryUsage of job (MB)
	38800644  -  ResidentSetSize of job (KB)
...
006 (4596567.000.000) 2025-01-30 17:06:44 Image size of job updated: 44921272
	40581  -  MemoryUsage of job (MB)
	41554408  -  ResidentSetSize of job (KB)
...
006 (4596567.000.000) 2025-01-30 17:11:45 Image size of job updated: 49373600
	44145  -  MemoryUsage of job (MB)
	45204308  -  ResidentSetSize of job (KB)
...
006 (4596567.000.000) 2025-01-30 17:16:12 Image size of job updated: 52097320
	44145  -  MemoryUsage of job (MB)
	45204308  -  ResidentSetSize of job (KB)
...
005 (4596567.000.000) 2025-01-30 17:16:13 Job terminated.
	(1) Normal termination (return value 0)
		Usr 0 01:12:34, Sys 0 00:07:47  -  Run Remote Usage
		Usr 0 00:00:00, Sys 0 00:00:00  -  Run Local Usage
		Usr 0 01:12:34, Sys 0 00:07:47  -  Total Remote Usage
		Usr 0 00:00:00, Sys 0 00:00:00  -  Total Local Usage
	0  -  Run Bytes Sent By Job
	0  -  Run Bytes Received By Job
	0  -  Total Bytes Sent By Job
	0  -  Total Bytes Received By Job
	Partitionable Resources :    Usage  Request Allocated 
	   Cpus                 :     1.00        1         1 
	   Disk (KB)            :     2           2   6681629 
	   Memory (MB)          : 44145      128192    128256 
	   xferslots            :                           0 

	Job terminated of its own accord at 2025-01-30T22:16:12Z with exit-code 0.
...
000 (4597771.000.000) 2025-02-02 20:59:15 Job submitted from host: <130.199.48.82:9618?addrs=130.199.48.82-9618&alias=rcas2063.rcf.bnl.gov&noUDP&sock=schedd_23786_1176>
...
001 (4597771.000.000) 2025-02-02 21:05:44 Job executing on host: <130.199.150.68:9618?addrs=130.199.150.68-9618&alias=spool1549.sdcc.bnl.gov&noUDP&sock=startd_81798_2244>
...
006 (4597771.000.000) 2025-02-02 21:05:52 Image size of job updated: 326020
	0  -  MemoryUsage of job (MB)
	0  -  ResidentSetSize of job (KB)
...
005 (4597771.000.000) 2025-02-02 21:05:52 Job terminated.
	(1) Normal termination (return value 139)
		Usr 0 00:00:04, Sys 0 00:00:01  -  Run Remote Usage
		Usr 0 00:00:00, Sys 0 00:00:00  -  Run Local Usage
		Usr 0 00:00:04, Sys 0 00:00:01  -  Total Remote Usage
		Usr 0 00:00:00, Sys 0 00:00:00  -  Total Local Usage
	0  -  Run Bytes Sent By Job
	0  -  Run Bytes Received By Job
	0  -  Total Bytes Sent By Job
	0  -  Total Bytes Received By Job
	Partitionable Resources :    Usage  Request Allocated 
	   Cpus                 :                 1         1 
	   Disk (KB)            :        2        2   6681154 
	   Memory (MB)          :        0   128192    128256 
	   xferslots            :                           0 

	Job terminated of its own accord at 2025-02-03T02:05:52Z with exit-code 139.
...
000 (4607488.000.000) 2025-02-03 00:28:46 Job submitted from host: <130.199.48.82:9618?addrs=130.199.48.82-9618&alias=rcas2063.rcf.bnl.gov&noUDP&sock=schedd_23786_1176>
...
