000 (4601387.000.000) 2025-02-02 21:05:46 Job submitted from host: <130.199.48.82:9618?addrs=130.199.48.82-9618&alias=rcas2063.rcf.bnl.gov&noUDP&sock=schedd_23786_1176>
...
001 (4601387.000.000) 2025-02-02 21:10:38 Job executing on host: <130.199.186.8:9618?addrs=130.199.186.8-9618&alias=spool1805.sdcc.bnl.gov&noUDP&sock=startd_47947_b83e>
...
006 (4601387.000.000) 2025-02-02 21:10:46 Image size of job updated: 460984
	293  -  MemoryUsage of job (MB)
	299320  -  ResidentSetSize of job (KB)
...
006 (4601387.000.000) 2025-02-02 21:10:47 Image size of job updated: 462600
	294  -  MemoryUsage of job (MB)
	300936  -  ResidentSetSize of job (KB)
...
005 (4601387.000.000) 2025-02-02 21:10:47 Job terminated.
	(1) Normal termination (return value 139)
		Usr 0 00:00:06, Sys 0 00:00:01  -  Run Remote Usage
		Usr 0 00:00:00, Sys 0 00:00:00  -  Run Local Usage
		Usr 0 00:00:06, Sys 0 00:00:01  -  Total Remote Usage
		Usr 0 00:00:00, Sys 0 00:00:00  -  Total Local Usage
	0  -  Run Bytes Sent By Job
	0  -  Run Bytes Received By Job
	0  -  Total Bytes Sent By Job
	0  -  Total Bytes Received By Job
	Partitionable Resources :    Usage  Request Allocated 
	   Cpus                 :                 1         1 
	   Disk (KB)            :        2        2   6681622 
	   Memory (MB)          :      294   128192    128256 
	   xferslots            :                           0 

	Job terminated of its own accord at 2025-02-03T02:10:47Z with exit-code 139.
...
