000 (4595239.000.000) 2025-01-28 23:08:26 Job submitted from host: <130.199.48.82:9618?addrs=130.199.48.82-9618&alias=rcas2063.rcf.bnl.gov&noUDP&sock=schedd_23786_1176>
...
001 (4595239.000.000) 2025-01-29 01:10:20 Job executing on host: <130.199.151.33:9618?addrs=130.199.151.33-9618&alias=spool1611.sdcc.bnl.gov&noUDP&sock=startd_368_911c>
...
006 (4595239.000.000) 2025-01-29 01:10:29 Image size of job updated: 155068
	87  -  MemoryUsage of job (MB)
	88208  -  ResidentSetSize of job (KB)
...
006 (4595239.000.000) 2025-01-29 01:10:38 Image size of job updated: 599852
	87  -  MemoryUsage of job (MB)
	88212  -  ResidentSetSize of job (KB)
...
005 (4595239.000.000) 2025-01-29 01:10:38 Job terminated.
	(1) Normal termination (return value 0)
		Usr 0 00:00:03, Sys 0 00:00:01  -  Run Remote Usage
		Usr 0 00:00:00, Sys 0 00:00:00  -  Run Local Usage
		Usr 0 00:00:03, Sys 0 00:00:01  -  Total Remote Usage
		Usr 0 00:00:00, Sys 0 00:00:00  -  Total Local Usage
	0  -  Run Bytes Sent By Job
	0  -  Run Bytes Received By Job
	0  -  Total Bytes Sent By Job
	0  -  Total Bytes Received By Job
	Partitionable Resources :    Usage  Request Allocated 
	   Cpus                 :                 1         1 
	   Disk (KB)            :        2        2   6681232 
	   Memory (MB)          :       87   128192    128256 
	   xferslots            :                           0 

	Job terminated of its own accord at 2025-01-29T06:10:38Z with exit-code 0.
...
000 (4596260.000.000) 2025-01-30 00:27:08 Job submitted from host: <130.199.48.82:9618?addrs=130.199.48.82-9618&alias=rcas2063.rcf.bnl.gov&noUDP&sock=schedd_23786_1176>
...
001 (4596260.000.000) 2025-01-30 11:12:52 Job executing on host: <130.199.186.95:9618?addrs=130.199.186.95-9618&alias=spool1858.sdcc.bnl.gov&noUDP&sock=startd_27449_5c89>
...
006 (4596260.000.000) 2025-01-30 11:13:00 Image size of job updated: 298152
	8  -  MemoryUsage of job (MB)
	7288  -  ResidentSetSize of job (KB)
...
006 (4596260.000.000) 2025-01-30 11:18:00 Image size of job updated: 3588236
	355  -  MemoryUsage of job (MB)
	362792  -  ResidentSetSize of job (KB)
...
006 (4596260.000.000) 2025-01-30 11:23:01 Image size of job updated: 5847128
	2101  -  MemoryUsage of job (MB)
	2150820  -  ResidentSetSize of job (KB)
...
006 (4596260.000.000) 2025-01-30 11:28:02 Image size of job updated: 9812604
	4910  -  MemoryUsage of job (MB)
	5027164  -  ResidentSetSize of job (KB)
...
006 (4596260.000.000) 2025-01-30 11:33:02 Image size of job updated: 10428116
	6863  -  MemoryUsage of job (MB)
	7027088  -  ResidentSetSize of job (KB)
...
006 (4596260.000.000) 2025-01-30 11:38:03 Image size of job updated: 14437068
	9463  -  MemoryUsage of job (MB)
	9689456  -  ResidentSetSize of job (KB)
...
006 (4596260.000.000) 2025-01-30 11:43:04 Image size of job updated: 15268688
	11907  -  MemoryUsage of job (MB)
	12192700  -  ResidentSetSize of job (KB)
...
006 (4596260.000.000) 2025-01-30 11:48:04 Image size of job updated: 18992080
	14190  -  MemoryUsage of job (MB)
	14529636  -  ResidentSetSize of job (KB)
...
006 (4596260.000.000) 2025-01-30 11:53:04 Image size of job updated: 20507028
	16613  -  MemoryUsage of job (MB)
	17011668  -  ResidentSetSize of job (KB)
...
006 (4596260.000.000) 2025-01-30 11:58:05 Image size of job updated: 22794732
	18626  -  MemoryUsage of job (MB)
	19072988  -  ResidentSetSize of job (KB)
...
006 (4596260.000.000) 2025-01-30 12:03:05 Image size of job updated: 25562048
	21915  -  MemoryUsage of job (MB)
	22440928  -  ResidentSetSize of job (KB)
...
006 (4596260.000.000) 2025-01-30 12:08:05 Image size of job updated: 28210436
	23737  -  MemoryUsage of job (MB)
	24306252  -  ResidentSetSize of job (KB)
...
006 (4596260.000.000) 2025-01-30 12:13:07 Image size of job updated: 31231280
	26821  -  MemoryUsage of job (MB)
	27464352  -  ResidentSetSize of job (KB)
...
006 (4596260.000.000) 2025-01-30 12:18:07 Image size of job updated: 32928392
	28749  -  MemoryUsage of job (MB)
	29438448  -  ResidentSetSize of job (KB)
...
006 (4596260.000.000) 2025-01-30 12:23:07 Image size of job updated: 36121496
	30833  -  MemoryUsage of job (MB)
	31572800  -  ResidentSetSize of job (KB)
...
006 (4596260.000.000) 2025-01-30 12:28:08 Image size of job updated: 37622820
	33634  -  MemoryUsage of job (MB)
	34440804  -  ResidentSetSize of job (KB)
...
006 (4596260.000.000) 2025-01-30 12:33:09 Image size of job updated: 40201856
	35207  -  MemoryUsage of job (MB)
	36051516  -  ResidentSetSize of job (KB)
...
006 (4596260.000.000) 2025-01-30 12:38:09 Image size of job updated: 42329512
	38196  -  MemoryUsage of job (MB)
	39111948  -  ResidentSetSize of job (KB)
...
006 (4596260.000.000) 2025-01-30 12:43:10 Image size of job updated: 44969712
	39774  -  MemoryUsage of job (MB)
	40728204  -  ResidentSetSize of job (KB)
...
006 (4596260.000.000) 2025-01-30 12:48:11 Image size of job updated: 46868256
	42724  -  MemoryUsage of job (MB)
	43749272  -  ResidentSetSize of job (KB)
...
006 (4596260.000.000) 2025-01-30 12:53:11 Image size of job updated: 49693496
	44459  -  MemoryUsage of job (MB)
	45525232  -  ResidentSetSize of job (KB)
...
006 (4596260.000.000) 2025-01-30 12:58:11 Image size of job updated: 51870592
	47603  -  MemoryUsage of job (MB)
	48745144  -  ResidentSetSize of job (KB)
...
006 (4596260.000.000) 2025-01-30 13:03:12 Image size of job updated: 54070268
	48854  -  MemoryUsage of job (MB)
	50026132  -  ResidentSetSize of job (KB)
...
006 (4596260.000.000) 2025-01-30 13:08:12 Image size of job updated: 56459596
	52081  -  MemoryUsage of job (MB)
	53330472  -  ResidentSetSize of job (KB)
...
006 (4596260.000.000) 2025-01-30 13:13:12 Image size of job updated: 58424972
	53826  -  MemoryUsage of job (MB)
	55117272  -  ResidentSetSize of job (KB)
...
006 (4596260.000.000) 2025-01-30 13:16:58 Image size of job updated: 61327200
	53826  -  MemoryUsage of job (MB)
	55117272  -  ResidentSetSize of job (KB)
...
005 (4596260.000.000) 2025-01-30 13:16:58 Job terminated.
	(1) Normal termination (return value 0)
		Usr 0 01:38:03, Sys 0 00:10:33  -  Run Remote Usage
		Usr 0 00:00:00, Sys 0 00:00:00  -  Run Local Usage
		Usr 0 01:38:03, Sys 0 00:10:33  -  Total Remote Usage
		Usr 0 00:00:00, Sys 0 00:00:00  -  Total Local Usage
	0  -  Run Bytes Sent By Job
	0  -  Run Bytes Received By Job
	0  -  Total Bytes Sent By Job
	0  -  Total Bytes Received By Job
	Partitionable Resources :    Usage  Request Allocated 
	   Cpus                 :     0.96        1         1 
	   Disk (KB)            :     2           2   6681612 
	   Memory (MB)          : 53826      128192    128256 
	   xferslots            :                           0 

	Job terminated of its own accord at 2025-01-30T18:16:58Z with exit-code 0.
...
000 (4597464.000.000) 2025-02-02 20:58:40 Job submitted from host: <130.199.48.82:9618?addrs=130.199.48.82-9618&alias=rcas2063.rcf.bnl.gov&noUDP&sock=schedd_23786_1176>
...
001 (4597464.000.000) 2025-02-02 21:04:45 Job executing on host: <130.199.184.212:9618?addrs=130.199.184.212-9618&alias=spool1787.sdcc.bnl.gov&noUDP&sock=startd_74904_4517>
...
006 (4597464.000.000) 2025-02-02 21:04:53 Image size of job updated: 260016
	146  -  MemoryUsage of job (MB)
	149016  -  ResidentSetSize of job (KB)
...
006 (4597464.000.000) 2025-02-02 21:04:56 Image size of job updated: 3588340
	146  -  MemoryUsage of job (MB)
	149016  -  ResidentSetSize of job (KB)
...
005 (4597464.000.000) 2025-02-02 21:04:56 Job terminated.
	(1) Normal termination (return value 139)
		Usr 0 00:00:05, Sys 0 00:00:02  -  Run Remote Usage
		Usr 0 00:00:00, Sys 0 00:00:00  -  Run Local Usage
		Usr 0 00:00:05, Sys 0 00:00:02  -  Total Remote Usage
		Usr 0 00:00:00, Sys 0 00:00:00  -  Total Local Usage
	0  -  Run Bytes Sent By Job
	0  -  Run Bytes Received By Job
	0  -  Total Bytes Sent By Job
	0  -  Total Bytes Received By Job
	Partitionable Resources :    Usage  Request Allocated 
	   Cpus                 :                 1         1 
	   Disk (KB)            :        2        2   6681620 
	   Memory (MB)          :      146   128192    128256 
	   xferslots            :                           0 

	Job terminated of its own accord at 2025-02-03T02:04:56Z with exit-code 139.
...
000 (4607181.000.000) 2025-02-03 00:28:11 Job submitted from host: <130.199.48.82:9618?addrs=130.199.48.82-9618&alias=rcas2063.rcf.bnl.gov&noUDP&sock=schedd_23786_1176>
...
