000 (4595333.000.000) 2025-01-28 23:08:33 Job submitted from host: <130.199.48.82:9618?addrs=130.199.48.82-9618&alias=rcas2063.rcf.bnl.gov&noUDP&sock=schedd_23786_1176>
...
001 (4595333.000.000) 2025-01-29 01:18:38 Job executing on host: <130.199.186.82:9618?addrs=130.199.186.82-9618&alias=spool1845.sdcc.bnl.gov&noUDP&sock=startd_71843_8085>
...
006 (4595333.000.000) 2025-01-29 01:18:46 Image size of job updated: 577156
	95  -  MemoryUsage of job (MB)
	97052  -  ResidentSetSize of job (KB)
...
006 (4595333.000.000) 2025-01-29 01:18:50 Image size of job updated: 577156
	95  -  MemoryUsage of job (MB)
	97072  -  ResidentSetSize of job (KB)
...
005 (4595333.000.000) 2025-01-29 01:18:50 Job terminated.
	(1) Normal termination (return value 0)
		Usr 0 00:00:04, Sys 0 00:00:01  -  Run Remote Usage
		Usr 0 00:00:00, Sys 0 00:00:00  -  Run Local Usage
		Usr 0 00:00:04, Sys 0 00:00:01  -  Total Remote Usage
		Usr 0 00:00:00, Sys 0 00:00:00  -  Total Local Usage
	0  -  Run Bytes Sent By Job
	0  -  Run Bytes Received By Job
	0  -  Total Bytes Sent By Job
	0  -  Total Bytes Received By Job
	Partitionable Resources :    Usage  Request Allocated 
	   Cpus                 :                 1         1 
	   Disk (KB)            :        2        2   6681620 
	   Memory (MB)          :       95   128192    128256 
	   xferslots            :                           0 

	Job terminated of its own accord at 2025-01-29T06:18:50Z with exit-code 0.
...
000 (4596354.000.000) 2025-01-30 00:27:18 Job submitted from host: <130.199.48.82:9618?addrs=130.199.48.82-9618&alias=rcas2063.rcf.bnl.gov&noUDP&sock=schedd_23786_1176>
...
001 (4596354.000.000) 2025-01-30 13:20:57 Job executing on host: <130.199.207.221:9618?addrs=130.199.207.221-9618&alias=spool1508.sdcc.bnl.gov&noUDP&sock=startd_22296_8084>
...
006 (4596354.000.000) 2025-01-30 13:21:06 Image size of job updated: 372600
	84  -  MemoryUsage of job (MB)
	85436  -  ResidentSetSize of job (KB)
...
006 (4596354.000.000) 2025-01-30 13:26:07 Image size of job updated: 3587464
	341  -  MemoryUsage of job (MB)
	349060  -  ResidentSetSize of job (KB)
...
006 (4596354.000.000) 2025-01-30 13:31:07 Image size of job updated: 6179944
	3087  -  MemoryUsage of job (MB)
	3160540  -  ResidentSetSize of job (KB)
...
006 (4596354.000.000) 2025-01-30 13:36:07 Image size of job updated: 9391716
	5623  -  MemoryUsage of job (MB)
	5757276  -  ResidentSetSize of job (KB)
...
006 (4596354.000.000) 2025-01-30 13:41:09 Image size of job updated: 13995680
	9040  -  MemoryUsage of job (MB)
	9256472  -  ResidentSetSize of job (KB)
...
006 (4596354.000.000) 2025-01-30 13:46:09 Image size of job updated: 15866832
	12443  -  MemoryUsage of job (MB)
	12741024  -  ResidentSetSize of job (KB)
...
006 (4596354.000.000) 2025-01-30 13:51:09 Image size of job updated: 17903588
	14464  -  MemoryUsage of job (MB)
	14810376  -  ResidentSetSize of job (KB)
...
006 (4596354.000.000) 2025-01-30 13:56:10 Image size of job updated: 22291568
	17159  -  MemoryUsage of job (MB)
	17570340  -  ResidentSetSize of job (KB)
...
006 (4596354.000.000) 2025-01-30 14:01:11 Image size of job updated: 23869860
	20224  -  MemoryUsage of job (MB)
	20708940  -  ResidentSetSize of job (KB)
...
006 (4596354.000.000) 2025-01-30 14:06:11 Image size of job updated: 27106060
	22517  -  MemoryUsage of job (MB)
	23057068  -  ResidentSetSize of job (KB)
...
006 (4596354.000.000) 2025-01-30 14:11:13 Image size of job updated: 30318208
	26573  -  MemoryUsage of job (MB)
	27210608  -  ResidentSetSize of job (KB)
...
006 (4596354.000.000) 2025-01-30 14:16:13 Image size of job updated: 33808272
	29528  -  MemoryUsage of job (MB)
	30236624  -  ResidentSetSize of job (KB)
...
006 (4596354.000.000) 2025-01-30 14:21:13 Image size of job updated: 37334200
	32489  -  MemoryUsage of job (MB)
	33268308  -  ResidentSetSize of job (KB)
...
006 (4596354.000.000) 2025-01-30 14:26:14 Image size of job updated: 40392892
	35895  -  MemoryUsage of job (MB)
	36756376  -  ResidentSetSize of job (KB)
...
006 (4596354.000.000) 2025-01-30 14:31:14 Image size of job updated: 41896648
	37822  -  MemoryUsage of job (MB)
	38728832  -  ResidentSetSize of job (KB)
...
006 (4596354.000.000) 2025-01-30 14:36:14 Image size of job updated: 45128096
	39790  -  MemoryUsage of job (MB)
	40744096  -  ResidentSetSize of job (KB)
...
006 (4596354.000.000) 2025-01-30 14:41:15 Image size of job updated: 46578380
	42501  -  MemoryUsage of job (MB)
	43520900  -  ResidentSetSize of job (KB)
...
006 (4596354.000.000) 2025-01-30 14:46:15 Image size of job updated: 49587736
	44340  -  MemoryUsage of job (MB)
	45404100  -  ResidentSetSize of job (KB)
...
006 (4596354.000.000) 2025-01-30 14:51:15 Image size of job updated: 52159844
	47323  -  MemoryUsage of job (MB)
	48457768  -  ResidentSetSize of job (KB)
...
005 (4596354.000.000) 2025-01-30 14:51:25 Job terminated.
	(1) Normal termination (return value 0)
		Usr 0 01:18:19, Sys 0 00:08:17  -  Run Remote Usage
		Usr 0 00:00:00, Sys 0 00:00:00  -  Run Local Usage
		Usr 0 01:18:19, Sys 0 00:08:17  -  Total Remote Usage
		Usr 0 00:00:00, Sys 0 00:00:00  -  Total Local Usage
	0  -  Run Bytes Sent By Job
	0  -  Run Bytes Received By Job
	0  -  Total Bytes Sent By Job
	0  -  Total Bytes Received By Job
	Partitionable Resources :    Usage  Request Allocated 
	   Cpus                 :     0.90        1         1 
	   Disk (KB)            :     2           2   6681177 
	   Memory (MB)          : 47323      128192    128256 
	   xferslots            :                           0 

	Job terminated of its own accord at 2025-01-30T19:51:25Z with exit-code 0.
...
000 (4597558.000.000) 2025-02-02 20:58:51 Job submitted from host: <130.199.48.82:9618?addrs=130.199.48.82-9618&alias=rcas2063.rcf.bnl.gov&noUDP&sock=schedd_23786_1176>
...
001 (4597558.000.000) 2025-02-02 21:05:07 Job executing on host: <130.199.151.14:9618?addrs=130.199.151.14-9618&alias=spool1592.sdcc.bnl.gov&noUDP&sock=startd_20225_0e81>
...
006 (4597558.000.000) 2025-02-02 21:05:15 Image size of job updated: 577028
	335  -  MemoryUsage of job (MB)
	342912  -  ResidentSetSize of job (KB)
...
005 (4597558.000.000) 2025-02-02 21:05:16 Job terminated.
	(1) Normal termination (return value 139)
		Usr 0 00:00:05, Sys 0 00:00:01  -  Run Remote Usage
		Usr 0 00:00:00, Sys 0 00:00:00  -  Run Local Usage
		Usr 0 00:00:05, Sys 0 00:00:01  -  Total Remote Usage
		Usr 0 00:00:00, Sys 0 00:00:00  -  Total Local Usage
	0  -  Run Bytes Sent By Job
	0  -  Run Bytes Received By Job
	0  -  Total Bytes Sent By Job
	0  -  Total Bytes Received By Job
	Partitionable Resources :    Usage  Request Allocated 
	   Cpus                 :                 1         1 
	   Disk (KB)            :        2        2   6681234 
	   Memory (MB)          :      335   128192    128256 
	   xferslots            :                           0 

	Job terminated of its own accord at 2025-02-03T02:05:15Z with exit-code 139.
...
