000 (4595226.000.000) 2025-01-28 23:08:25 Job submitted from host: <130.199.48.82:9618?addrs=130.199.48.82-9618&alias=rcas2063.rcf.bnl.gov&noUDP&sock=schedd_23786_1176>
...
001 (4595226.000.000) 2025-01-29 01:07:06 Job executing on host: <130.199.151.33:9618?addrs=130.199.151.33-9618&alias=spool1611.sdcc.bnl.gov&noUDP&sock=startd_368_911c>
...
006 (4595226.000.000) 2025-01-29 01:07:15 Image size of job updated: 115452
	63  -  MemoryUsage of job (MB)
	64048  -  ResidentSetSize of job (KB)
...
006 (4595226.000.000) 2025-01-29 01:07:20 Image size of job updated: 2934268
	63  -  MemoryUsage of job (MB)
	64048  -  ResidentSetSize of job (KB)
...
005 (4595226.000.000) 2025-01-29 01:07:21 Job terminated.
	(1) Normal termination (return value 0)
		Usr 0 00:00:03, Sys 0 00:00:01  -  Run Remote Usage
		Usr 0 00:00:00, Sys 0 00:00:00  -  Run Local Usage
		Usr 0 00:00:03, Sys 0 00:00:01  -  Total Remote Usage
		Usr 0 00:00:00, Sys 0 00:00:00  -  Total Local Usage
	0  -  Run Bytes Sent By Job
	0  -  Run Bytes Received By Job
	0  -  Total Bytes Sent By Job
	0  -  Total Bytes Received By Job
	Partitionable Resources :    Usage  Request Allocated 
	   Cpus                 :                 1         1 
	   Disk (KB)            :        2        2   6681232 
	   Memory (MB)          :       63   128192    128256 
	   xferslots            :                           0 

	Job terminated of its own accord at 2025-01-29T06:07:20Z with exit-code 0.
...
000 (4596247.000.000) 2025-01-30 00:27:07 Job submitted from host: <130.199.48.82:9618?addrs=130.199.48.82-9618&alias=rcas2063.rcf.bnl.gov&noUDP&sock=schedd_23786_1176>
...
001 (4596247.000.000) 2025-01-30 10:13:34 Job executing on host: <130.199.151.26:9618?addrs=130.199.151.26-9618&alias=spool1604.sdcc.bnl.gov&noUDP&sock=startd_96373_eff7>
...
006 (4596247.000.000) 2025-01-30 10:13:43 Image size of job updated: 148148
	79  -  MemoryUsage of job (MB)
	80048  -  ResidentSetSize of job (KB)
...
006 (4596247.000.000) 2025-01-30 10:18:44 Image size of job updated: 5660204
	1928  -  MemoryUsage of job (MB)
	1973852  -  ResidentSetSize of job (KB)
...
006 (4596247.000.000) 2025-01-30 10:23:44 Image size of job updated: 9508520
	4971  -  MemoryUsage of job (MB)
	5089552  -  ResidentSetSize of job (KB)
...
006 (4596247.000.000) 2025-01-30 10:28:44 Image size of job updated: 11382916
	8043  -  MemoryUsage of job (MB)
	8235688  -  ResidentSetSize of job (KB)
...
006 (4596247.000.000) 2025-01-30 10:33:45 Image size of job updated: 13732168
	10256  -  MemoryUsage of job (MB)
	10501764  -  ResidentSetSize of job (KB)
...
006 (4596247.000.000) 2025-01-30 10:38:46 Image size of job updated: 17029692
	12535  -  MemoryUsage of job (MB)
	12835320  -  ResidentSetSize of job (KB)
...
006 (4596247.000.000) 2025-01-30 10:43:46 Image size of job updated: 18841272
	15418  -  MemoryUsage of job (MB)
	15787076  -  ResidentSetSize of job (KB)
...
006 (4596247.000.000) 2025-01-30 10:48:47 Image size of job updated: 22570568
	17768  -  MemoryUsage of job (MB)
	18194052  -  ResidentSetSize of job (KB)
...
006 (4596247.000.000) 2025-01-30 10:53:48 Image size of job updated: 24394116
	20789  -  MemoryUsage of job (MB)
	21287436  -  ResidentSetSize of job (KB)
...
006 (4596247.000.000) 2025-01-30 10:58:48 Image size of job updated: 26897608
	22275  -  MemoryUsage of job (MB)
	22809380  -  ResidentSetSize of job (KB)
...
006 (4596247.000.000) 2025-01-30 11:03:48 Image size of job updated: 29294092
	25546  -  MemoryUsage of job (MB)
	26158828  -  ResidentSetSize of job (KB)
...
006 (4596247.000.000) 2025-01-30 11:08:49 Image size of job updated: 31917244
	26998  -  MemoryUsage of job (MB)
	27645360  -  ResidentSetSize of job (KB)
...
006 (4596247.000.000) 2025-01-30 11:13:49 Image size of job updated: 33744444
	29946  -  MemoryUsage of job (MB)
	30664144  -  ResidentSetSize of job (KB)
...
006 (4596247.000.000) 2025-01-30 11:18:49 Image size of job updated: 36347660
	31513  -  MemoryUsage of job (MB)
	32268820  -  ResidentSetSize of job (KB)
...
006 (4596247.000.000) 2025-01-30 11:23:50 Image size of job updated: 38716240
	34685  -  MemoryUsage of job (MB)
	35517076  -  ResidentSetSize of job (KB)
...
006 (4596247.000.000) 2025-01-30 11:28:50 Image size of job updated: 41420452
	36319  -  MemoryUsage of job (MB)
	37190632  -  ResidentSetSize of job (KB)
...
006 (4596247.000.000) 2025-01-30 11:33:50 Image size of job updated: 43569232
	39461  -  MemoryUsage of job (MB)
	40407988  -  ResidentSetSize of job (KB)
...
006 (4596247.000.000) 2025-01-30 11:38:51 Image size of job updated: 46154620
	41181  -  MemoryUsage of job (MB)
	42168972  -  ResidentSetSize of job (KB)
...
006 (4596247.000.000) 2025-01-30 11:43:52 Image size of job updated: 48950428
	44523  -  MemoryUsage of job (MB)
	45591368  -  ResidentSetSize of job (KB)
...
006 (4596247.000.000) 2025-01-30 11:48:52 Image size of job updated: 50669328
	46259  -  MemoryUsage of job (MB)
	47368220  -  ResidentSetSize of job (KB)
...
006 (4596247.000.000) 2025-01-30 11:53:53 Image size of job updated: 54590748
	49129  -  MemoryUsage of job (MB)
	50307712  -  ResidentSetSize of job (KB)
...
006 (4596247.000.000) 2025-01-30 11:58:54 Image size of job updated: 56387108
	51935  -  MemoryUsage of job (MB)
	53180800  -  ResidentSetSize of job (KB)
...
006 (4596247.000.000) 2025-01-30 12:03:54 Image size of job updated: 58492408
	53910  -  MemoryUsage of job (MB)
	55203364  -  ResidentSetSize of job (KB)
...
006 (4596247.000.000) 2025-01-30 12:08:54 Image size of job updated: 62804152
	56639  -  MemoryUsage of job (MB)
	57998044  -  ResidentSetSize of job (KB)
...
006 (4596247.000.000) 2025-01-30 12:13:55 Image size of job updated: 63318688
	58659  -  MemoryUsage of job (MB)
	60066560  -  ResidentSetSize of job (KB)
...
006 (4596247.000.000) 2025-01-30 12:18:55 Image size of job updated: 67370368
	61253  -  MemoryUsage of job (MB)
	62722788  -  ResidentSetSize of job (KB)
...
006 (4596247.000.000) 2025-01-30 12:23:55 Image size of job updated: 68453588
	63545  -  MemoryUsage of job (MB)
	65070028  -  ResidentSetSize of job (KB)
...
006 (4596247.000.000) 2025-01-30 12:26:36 Image size of job updated: 69997756
	63545  -  MemoryUsage of job (MB)
	65070028  -  ResidentSetSize of job (KB)
...
005 (4596247.000.000) 2025-01-30 12:26:36 Job terminated.
	(1) Normal termination (return value 0)
		Usr 0 01:42:36, Sys 0 00:10:04  -  Run Remote Usage
		Usr 0 00:00:00, Sys 0 00:00:00  -  Run Local Usage
		Usr 0 01:42:36, Sys 0 00:10:04  -  Total Remote Usage
		Usr 0 00:00:00, Sys 0 00:00:00  -  Total Local Usage
	0  -  Run Bytes Sent By Job
	0  -  Run Bytes Received By Job
	0  -  Total Bytes Sent By Job
	0  -  Total Bytes Received By Job
	Partitionable Resources :    Usage  Request Allocated 
	   Cpus                 :     0.93        1         1 
	   Disk (KB)            :     2           2   6681225 
	   Memory (MB)          : 63545      128192    128256 
	   xferslots            :                           0 

	Job terminated of its own accord at 2025-01-30T17:26:36Z with exit-code 0.
...
000 (4597451.000.000) 2025-02-02 20:58:38 Job submitted from host: <130.199.48.82:9618?addrs=130.199.48.82-9618&alias=rcas2063.rcf.bnl.gov&noUDP&sock=schedd_23786_1176>
...
001 (4597451.000.000) 2025-02-02 21:04:36 Job executing on host: <130.199.186.28:9618?addrs=130.199.186.28-9618&alias=spool1825.sdcc.bnl.gov&noUDP&sock=startd_62164_3881>
...
006 (4597451.000.000) 2025-02-02 21:04:43 Image size of job updated: 3589716
	0  -  MemoryUsage of job (MB)
	0  -  ResidentSetSize of job (KB)
...
005 (4597451.000.000) 2025-02-02 21:04:43 Job terminated.
	(1) Normal termination (return value 139)
		Usr 0 00:00:04, Sys 0 00:00:02  -  Run Remote Usage
		Usr 0 00:00:00, Sys 0 00:00:00  -  Run Local Usage
		Usr 0 00:00:04, Sys 0 00:00:02  -  Total Remote Usage
		Usr 0 00:00:00, Sys 0 00:00:00  -  Total Local Usage
	0  -  Run Bytes Sent By Job
	0  -  Run Bytes Received By Job
	0  -  Total Bytes Sent By Job
	0  -  Total Bytes Received By Job
	Partitionable Resources :    Usage  Request Allocated 
	   Cpus                 :                 1         1 
	   Disk (KB)            :        2        2   6681629 
	   Memory (MB)          :        0   128192    128256 
	   xferslots            :                           0 

	Job terminated of its own accord at 2025-02-03T02:04:43Z with exit-code 139.
...
