000 (4595712.000.000) 2025-01-28 23:09:04 Job submitted from host: <130.199.48.82:9618?addrs=130.199.48.82-9618&alias=rcas2063.rcf.bnl.gov&noUDP&sock=schedd_23786_1176>
...
001 (4595712.000.000) 2025-01-29 01:28:12 Job executing on host: <130.199.186.93:9618?addrs=130.199.186.93-9618&alias=spool1856.sdcc.bnl.gov&noUDP&sock=startd_8097_b2a1>
...
006 (4595712.000.000) 2025-01-29 01:28:20 Image size of job updated: 237372
	131  -  MemoryUsage of job (MB)
	134044  -  ResidentSetSize of job (KB)
...
006 (4595712.000.000) 2025-01-29 01:28:21 Image size of job updated: 237484
	132  -  MemoryUsage of job (MB)
	134156  -  ResidentSetSize of job (KB)
...
005 (4595712.000.000) 2025-01-29 01:28:21 Job terminated.
	(1) Normal termination (return value 0)
		Usr 0 00:00:04, Sys 0 00:00:01  -  Run Remote Usage
		Usr 0 00:00:00, Sys 0 00:00:00  -  Run Local Usage
		Usr 0 00:00:04, Sys 0 00:00:01  -  Total Remote Usage
		Usr 0 00:00:00, Sys 0 00:00:00  -  Total Local Usage
	0  -  Run Bytes Sent By Job
	0  -  Run Bytes Received By Job
	0  -  Total Bytes Sent By Job
	0  -  Total Bytes Received By Job
	Partitionable Resources :    Usage  Request Allocated 
	   Cpus                 :                 1         1 
	   Disk (KB)            :        2        2   6681628 
	   Memory (MB)          :      132   128192    128256 
	   xferslots            :                           0 

	Job terminated of its own accord at 2025-01-29T06:28:21Z with exit-code 0.
...
000 (4596733.000.000) 2025-01-30 00:27:56 Job submitted from host: <130.199.48.82:9618?addrs=130.199.48.82-9618&alias=rcas2063.rcf.bnl.gov&noUDP&sock=schedd_23786_1176>
...
001 (4596733.000.000) 2025-01-30 17:56:30 Job executing on host: <130.199.150.89:9618?addrs=130.199.150.89-9618&alias=spool1570.sdcc.bnl.gov&noUDP&sock=startd_37304_5835>
...
006 (4596733.000.000) 2025-01-30 17:56:38 Image size of job updated: 298680
	34  -  MemoryUsage of job (MB)
	33928  -  ResidentSetSize of job (KB)
...
006 (4596733.000.000) 2025-01-30 18:01:38 Image size of job updated: 5164756
	1683  -  MemoryUsage of job (MB)
	1723280  -  ResidentSetSize of job (KB)
...
006 (4596733.000.000) 2025-01-30 18:06:39 Image size of job updated: 9985972
	5184  -  MemoryUsage of job (MB)
	5308016  -  ResidentSetSize of job (KB)
...
006 (4596733.000.000) 2025-01-30 18:11:40 Image size of job updated: 11920812
	8161  -  MemoryUsage of job (MB)
	8356744  -  ResidentSetSize of job (KB)
...
006 (4596733.000.000) 2025-01-30 18:16:40 Image size of job updated: 15160668
	10589  -  MemoryUsage of job (MB)
	10842360  -  ResidentSetSize of job (KB)
...
006 (4596733.000.000) 2025-01-30 18:21:41 Image size of job updated: 18478216
	14127  -  MemoryUsage of job (MB)
	14465760  -  ResidentSetSize of job (KB)
...
006 (4596733.000.000) 2025-01-30 18:26:42 Image size of job updated: 21349464
	17561  -  MemoryUsage of job (MB)
	17981800  -  ResidentSetSize of job (KB)
...
006 (4596733.000.000) 2025-01-30 18:31:42 Image size of job updated: 24347940
	20660  -  MemoryUsage of job (MB)
	21155276  -  ResidentSetSize of job (KB)
...
006 (4596733.000.000) 2025-01-30 18:36:42 Image size of job updated: 27629680
	23506  -  MemoryUsage of job (MB)
	24069316  -  ResidentSetSize of job (KB)
...
006 (4596733.000.000) 2025-01-30 18:41:43 Image size of job updated: 31344328
	26745  -  MemoryUsage of job (MB)
	27386496  -  ResidentSetSize of job (KB)
...
006 (4596733.000.000) 2025-01-30 18:46:43 Image size of job updated: 35902628
	30490  -  MemoryUsage of job (MB)
	31221684  -  ResidentSetSize of job (KB)
...
006 (4596733.000.000) 2025-01-30 18:51:43 Image size of job updated: 38108420
	34039  -  MemoryUsage of job (MB)
	34855664  -  ResidentSetSize of job (KB)
...
006 (4596733.000.000) 2025-01-30 18:56:44 Image size of job updated: 40557248
	36725  -  MemoryUsage of job (MB)
	37605408  -  ResidentSetSize of job (KB)
...
006 (4596733.000.000) 2025-01-30 19:01:45 Image size of job updated: 45047412
	39926  -  MemoryUsage of job (MB)
	40883876  -  ResidentSetSize of job (KB)
...
006 (4596733.000.000) 2025-01-30 19:06:45 Image size of job updated: 49503516
	43739  -  MemoryUsage of job (MB)
	44788512  -  ResidentSetSize of job (KB)
...
006 (4596733.000.000) 2025-01-30 19:11:46 Image size of job updated: 51698552
	47578  -  MemoryUsage of job (MB)
	48719668  -  ResidentSetSize of job (KB)
...
006 (4596733.000.000) 2025-01-30 19:16:47 Image size of job updated: 55259420
	50945  -  MemoryUsage of job (MB)
	52167504  -  ResidentSetSize of job (KB)
...
006 (4596733.000.000) 2025-01-30 19:18:50 Image size of job updated: 57577596
	50945  -  MemoryUsage of job (MB)
	52167504  -  ResidentSetSize of job (KB)
...
005 (4596733.000.000) 2025-01-30 19:18:50 Job terminated.
	(1) Normal termination (return value 0)
		Usr 0 01:20:33, Sys 0 00:09:03  -  Run Remote Usage
		Usr 0 00:00:00, Sys 0 00:00:00  -  Run Local Usage
		Usr 0 01:20:33, Sys 0 00:09:03  -  Total Remote Usage
		Usr 0 00:00:00, Sys 0 00:00:00  -  Total Local Usage
	0  -  Run Bytes Sent By Job
	0  -  Run Bytes Received By Job
	0  -  Total Bytes Sent By Job
	0  -  Total Bytes Received By Job
	Partitionable Resources :    Usage  Request Allocated 
	   Cpus                 :     1.29        1         1 
	   Disk (KB)            :     2           2   6681236 
	   Memory (MB)          : 50945      128192    128256 
	   xferslots            :                           0 

	Job terminated of its own accord at 2025-01-31T00:18:50Z with exit-code 0.
...
000 (4597937.000.000) 2025-02-02 20:59:34 Job submitted from host: <130.199.48.82:9618?addrs=130.199.48.82-9618&alias=rcas2063.rcf.bnl.gov&noUDP&sock=schedd_23786_1176>
...
001 (4597937.000.000) 2025-02-02 21:06:04 Job executing on host: <130.199.150.92:9618?addrs=130.199.150.92-9618&alias=spool1573.sdcc.bnl.gov&noUDP&sock=startd_49429_c105>
...
006 (4597937.000.000) 2025-02-02 21:06:12 Image size of job updated: 265252
	147  -  MemoryUsage of job (MB)
	150172  -  ResidentSetSize of job (KB)
...
006 (4597937.000.000) 2025-02-02 21:06:15 Image size of job updated: 3561260
	147  -  MemoryUsage of job (MB)
	150172  -  ResidentSetSize of job (KB)
...
005 (4597937.000.000) 2025-02-02 21:06:16 Job terminated.
	(1) Normal termination (return value 139)
		Usr 0 00:00:06, Sys 0 00:00:01  -  Run Remote Usage
		Usr 0 00:00:00, Sys 0 00:00:00  -  Run Local Usage
		Usr 0 00:00:06, Sys 0 00:00:01  -  Total Remote Usage
		Usr 0 00:00:00, Sys 0 00:00:00  -  Total Local Usage
	0  -  Run Bytes Sent By Job
	0  -  Run Bytes Received By Job
	0  -  Total Bytes Sent By Job
	0  -  Total Bytes Received By Job
	Partitionable Resources :    Usage  Request Allocated 
	   Cpus                 :                 1         1 
	   Disk (KB)            :        2        2   6681240 
	   Memory (MB)          :      147   128192    128256 
	   xferslots            :                           0 

	Job terminated of its own accord at 2025-02-03T02:06:15Z with exit-code 139.
...
000 (4607654.000.000) 2025-02-03 00:29:05 Job submitted from host: <130.199.48.82:9618?addrs=130.199.48.82-9618&alias=rcas2063.rcf.bnl.gov&noUDP&sock=schedd_23786_1176>
...
