000 (4603879.000.000) 2025-02-02 21:13:52 Job submitted from host: <130.199.48.82:9618?addrs=130.199.48.82-9618&alias=rcas2063.rcf.bnl.gov&noUDP&sock=schedd_23786_1176>
...
001 (4603879.000.000) 2025-02-02 21:13:53 Job executing on host: <130.199.184.208:9618?addrs=130.199.184.208-9618&alias=spool1783.sdcc.bnl.gov&noUDP&sock=startd_90378_9875>
...
006 (4603879.000.000) 2025-02-02 21:14:01 Image size of job updated: 569868
	115  -  MemoryUsage of job (MB)
	117364  -  ResidentSetSize of job (KB)
...
006 (4603879.000.000) 2025-02-02 21:14:06 Image size of job updated: 569868
	115  -  MemoryUsage of job (MB)
	117424  -  ResidentSetSize of job (KB)
...
005 (4603879.000.000) 2025-02-02 21:14:06 Job terminated.
	(1) Normal termination (return value 139)
		Usr 0 00:00:06, Sys 0 00:00:01  -  Run Remote Usage
		Usr 0 00:00:00, Sys 0 00:00:00  -  Run Local Usage
		Usr 0 00:00:06, Sys 0 00:00:01  -  Total Remote Usage
		Usr 0 00:00:00, Sys 0 00:00:00  -  Total Local Usage
	0  -  Run Bytes Sent By Job
	0  -  Run Bytes Received By Job
	0  -  Total Bytes Sent By Job
	0  -  Total Bytes Received By Job
	Partitionable Resources :    Usage  Request Allocated 
	   Cpus                 :                 1         1 
	   Disk (KB)            :        2        2   6681628 
	   Memory (MB)          :      115   128192    128256 
	   xferslots            :                           0 

	Job terminated of its own accord at 2025-02-03T02:14:06Z with exit-code 139.
...
