000 (4595606.000.000) 2025-01-28 23:08:55 Job submitted from host: <130.199.48.82:9618?addrs=130.199.48.82-9618&alias=rcas2063.rcf.bnl.gov&noUDP&sock=schedd_23786_1176>
...
001 (4595606.000.000) 2025-01-29 01:26:19 Job executing on host: <130.199.186.10:9618?addrs=130.199.186.10-9618&alias=spool1807.sdcc.bnl.gov&noUDP&sock=startd_68265_1c36>
...
006 (4595606.000.000) 2025-01-29 01:26:27 Image size of job updated: 574488
	131  -  MemoryUsage of job (MB)
	133628  -  ResidentSetSize of job (KB)
...
006 (4595606.000.000) 2025-01-29 01:26:28 Image size of job updated: 574488
	131  -  MemoryUsage of job (MB)
	133688  -  ResidentSetSize of job (KB)
...
005 (4595606.000.000) 2025-01-29 01:26:28 Job terminated.
	(1) Normal termination (return value 0)
		Usr 0 00:00:03, Sys 0 00:00:01  -  Run Remote Usage
		Usr 0 00:00:00, Sys 0 00:00:00  -  Run Local Usage
		Usr 0 00:00:03, Sys 0 00:00:01  -  Total Remote Usage
		Usr 0 00:00:00, Sys 0 00:00:00  -  Total Local Usage
	0  -  Run Bytes Sent By Job
	0  -  Run Bytes Received By Job
	0  -  Total Bytes Sent By Job
	0  -  Total Bytes Received By Job
	Partitionable Resources :    Usage  Request Allocated 
	   Cpus                 :                 1         1 
	   Disk (KB)            :        2        2   6681630 
	   Memory (MB)          :      131   128192    128256 
	   xferslots            :                           0 

	Job terminated of its own accord at 2025-01-29T06:26:28Z with exit-code 0.
...
000 (4596627.000.000) 2025-01-30 00:27:45 Job submitted from host: <130.199.48.82:9618?addrs=130.199.48.82-9618&alias=rcas2063.rcf.bnl.gov&noUDP&sock=schedd_23786_1176>
...
001 (4596627.000.000) 2025-01-30 16:43:44 Job executing on host: <130.199.150.81:9618?addrs=130.199.150.81-9618&alias=spool1562.sdcc.bnl.gov&noUDP&sock=startd_65906_8438>
...
006 (4596627.000.000) 2025-01-30 16:43:53 Image size of job updated: 298424
	82  -  MemoryUsage of job (MB)
	83948  -  ResidentSetSize of job (KB)
...
006 (4596627.000.000) 2025-01-30 16:48:54 Image size of job updated: 5062700
	1023  -  MemoryUsage of job (MB)
	1046740  -  ResidentSetSize of job (KB)
...
006 (4596627.000.000) 2025-01-30 16:53:54 Image size of job updated: 9443788
	4749  -  MemoryUsage of job (MB)
	4862308  -  ResidentSetSize of job (KB)
...
006 (4596627.000.000) 2025-01-30 16:58:54 Image size of job updated: 12254620
	8995  -  MemoryUsage of job (MB)
	9210828  -  ResidentSetSize of job (KB)
...
006 (4596627.000.000) 2025-01-30 17:03:55 Image size of job updated: 15410412
	12083  -  MemoryUsage of job (MB)
	12372144  -  ResidentSetSize of job (KB)
...
006 (4596627.000.000) 2025-01-30 17:08:56 Image size of job updated: 18562644
	14629  -  MemoryUsage of job (MB)
	14979740  -  ResidentSetSize of job (KB)
...
006 (4596627.000.000) 2025-01-30 17:13:56 Image size of job updated: 22071780
	17748  -  MemoryUsage of job (MB)
	18173696  -  ResidentSetSize of job (KB)
...
006 (4596627.000.000) 2025-01-30 17:18:57 Image size of job updated: 25197996
	21471  -  MemoryUsage of job (MB)
	21985976  -  ResidentSetSize of job (KB)
...
006 (4596627.000.000) 2025-01-30 17:23:58 Image size of job updated: 27468568
	23794  -  MemoryUsage of job (MB)
	24365012  -  ResidentSetSize of job (KB)
...
006 (4596627.000.000) 2025-01-30 17:28:58 Image size of job updated: 31432404
	26518  -  MemoryUsage of job (MB)
	27154072  -  ResidentSetSize of job (KB)
...
006 (4596627.000.000) 2025-01-30 17:33:59 Image size of job updated: 33710960
	29913  -  MemoryUsage of job (MB)
	30630724  -  ResidentSetSize of job (KB)
...
006 (4596627.000.000) 2025-01-30 17:39:00 Image size of job updated: 36758976
	32069  -  MemoryUsage of job (MB)
	32838000  -  ResidentSetSize of job (KB)
...
006 (4596627.000.000) 2025-01-30 17:44:00 Image size of job updated: 40532416
	35352  -  MemoryUsage of job (MB)
	36199856  -  ResidentSetSize of job (KB)
...
006 (4596627.000.000) 2025-01-30 17:49:00 Image size of job updated: 42294036
	38219  -  MemoryUsage of job (MB)
	39135624  -  ResidentSetSize of job (KB)
...
006 (4596627.000.000) 2025-01-30 17:54:01 Image size of job updated: 45197920
	40709  -  MemoryUsage of job (MB)
	41685356  -  ResidentSetSize of job (KB)
...
006 (4596627.000.000) 2025-01-30 17:59:01 Image size of job updated: 48712408
	40709  -  MemoryUsage of job (MB)
	41685356  -  ResidentSetSize of job (KB)
...
005 (4596627.000.000) 2025-01-30 17:59:02 Job terminated.
	(1) Normal termination (return value 0)
		Usr 0 01:08:19, Sys 0 00:07:52  -  Run Remote Usage
		Usr 0 00:00:00, Sys 0 00:00:00  -  Run Local Usage
		Usr 0 01:08:19, Sys 0 00:07:52  -  Total Remote Usage
		Usr 0 00:00:00, Sys 0 00:00:00  -  Total Local Usage
	0  -  Run Bytes Sent By Job
	0  -  Run Bytes Received By Job
	0  -  Total Bytes Sent By Job
	0  -  Total Bytes Received By Job
	Partitionable Resources :    Usage  Request Allocated 
	   Cpus                 :     1.05        1         1 
	   Disk (KB)            :     2           2   6681161 
	   Memory (MB)          : 40709      128192    128256 
	   xferslots            :                           0 

	Job terminated of its own accord at 2025-01-30T22:59:02Z with exit-code 0.
...
000 (4597831.000.000) 2025-02-02 20:59:22 Job submitted from host: <130.199.48.82:9618?addrs=130.199.48.82-9618&alias=rcas2063.rcf.bnl.gov&noUDP&sock=schedd_23786_1176>
...
001 (4597831.000.000) 2025-02-02 21:05:50 Job executing on host: <130.199.186.83:9618?addrs=130.199.186.83-9618&alias=spool1846.sdcc.bnl.gov&noUDP&sock=startd_39059_c7a7>
...
006 (4597831.000.000) 2025-02-02 21:05:59 Image size of job updated: 247804
	138  -  MemoryUsage of job (MB)
	140948  -  ResidentSetSize of job (KB)
...
006 (4597831.000.000) 2025-02-02 21:06:04 Image size of job updated: 3495232
	138  -  MemoryUsage of job (MB)
	140948  -  ResidentSetSize of job (KB)
...
005 (4597831.000.000) 2025-02-02 21:06:04 Job terminated.
	(1) Normal termination (return value 139)
		Usr 0 00:00:06, Sys 0 00:00:02  -  Run Remote Usage
		Usr 0 00:00:00, Sys 0 00:00:00  -  Run Local Usage
		Usr 0 00:00:06, Sys 0 00:00:02  -  Total Remote Usage
		Usr 0 00:00:00, Sys 0 00:00:00  -  Total Local Usage
	0  -  Run Bytes Sent By Job
	0  -  Run Bytes Received By Job
	0  -  Total Bytes Sent By Job
	0  -  Total Bytes Received By Job
	Partitionable Resources :    Usage  Request Allocated 
	   Cpus                 :                 1         1 
	   Disk (KB)            :        2        2   6681625 
	   Memory (MB)          :      138   128192    128256 
	   xferslots            :                           0 

	Job terminated of its own accord at 2025-02-03T02:06:04Z with exit-code 139.
...
000 (4607548.000.000) 2025-02-03 00:28:53 Job submitted from host: <130.199.48.82:9618?addrs=130.199.48.82-9618&alias=rcas2063.rcf.bnl.gov&noUDP&sock=schedd_23786_1176>
...
