000 (4603767.000.000) 2025-02-02 21:13:31 Job submitted from host: <130.199.48.82:9618?addrs=130.199.48.82-9618&alias=rcas2063.rcf.bnl.gov&noUDP&sock=schedd_23786_1176>
...
001 (4603767.000.000) 2025-02-02 21:13:40 Job executing on host: <130.199.184.217:9618?addrs=130.199.184.217-9618&alias=spool1792.sdcc.bnl.gov&noUDP&sock=startd_72049_b2cc>
...
006 (4603767.000.000) 2025-02-02 21:13:48 Image size of job updated: 298548
	147  -  MemoryUsage of job (MB)
	150168  -  ResidentSetSize of job (KB)
...
006 (4603767.000.000) 2025-02-02 21:13:51 Image size of job updated: 298548
	147  -  MemoryUsage of job (MB)
	150176  -  ResidentSetSize of job (KB)
...
005 (4603767.000.000) 2025-02-02 21:13:51 Job terminated.
	(1) Normal termination (return value 139)
		Usr 0 00:00:05, Sys 0 00:00:01  -  Run Remote Usage
		Usr 0 00:00:00, Sys 0 00:00:00  -  Run Local Usage
		Usr 0 00:00:05, Sys 0 00:00:01  -  Total Remote Usage
		Usr 0 00:00:00, Sys 0 00:00:00  -  Total Local Usage
	0  -  Run Bytes Sent By Job
	0  -  Run Bytes Received By Job
	0  -  Total Bytes Sent By Job
	0  -  Total Bytes Received By Job
	Partitionable Resources :    Usage  Request Allocated 
	   Cpus                 :                 1         1 
	   Disk (KB)            :        2        2   6681623 
	   Memory (MB)          :      147   128192    128256 
	   xferslots            :                           0 

	Job terminated of its own accord at 2025-02-03T02:13:51Z with exit-code 139.
...
