000 (4595833.000.000) 2025-01-28 23:09:14 Job submitted from host: <130.199.48.82:9618?addrs=130.199.48.82-9618&alias=rcas2063.rcf.bnl.gov&noUDP&sock=schedd_23786_1176>
...
001 (4595833.000.000) 2025-01-29 01:30:11 Job executing on host: <130.199.150.67:9618?addrs=130.199.150.67-9618&alias=spool1548.sdcc.bnl.gov&noUDP&sock=startd_28485_3e0d>
...
006 (4595833.000.000) 2025-01-29 01:30:20 Image size of job updated: 147456
	74  -  MemoryUsage of job (MB)
	75336  -  ResidentSetSize of job (KB)
...
006 (4595833.000.000) 2025-01-29 01:30:37 Image size of job updated: 2930608
	74  -  MemoryUsage of job (MB)
	75336  -  ResidentSetSize of job (KB)
...
005 (4595833.000.000) 2025-01-29 01:30:37 Job terminated.
	(1) Normal termination (return value 0)
		Usr 0 00:00:04, Sys 0 00:00:01  -  Run Remote Usage
		Usr 0 00:00:00, Sys 0 00:00:00  -  Run Local Usage
		Usr 0 00:00:04, Sys 0 00:00:01  -  Total Remote Usage
		Usr 0 00:00:00, Sys 0 00:00:00  -  Total Local Usage
	0  -  Run Bytes Sent By Job
	0  -  Run Bytes Received By Job
	0  -  Total Bytes Sent By Job
	0  -  Total Bytes Received By Job
	Partitionable Resources :    Usage  Request Allocated 
	   Cpus                 :                 1         1 
	   Disk (KB)            :        2        2   6681217 
	   Memory (MB)          :       74   128192    128256 
	   xferslots            :                           0 

	Job terminated of its own accord at 2025-01-29T06:30:37Z with exit-code 0.
...
000 (4596854.000.000) 2025-01-30 00:28:08 Job submitted from host: <130.199.48.82:9618?addrs=130.199.48.82-9618&alias=rcas2063.rcf.bnl.gov&noUDP&sock=schedd_23786_1176>
...
001 (4596854.000.000) 2025-01-30 19:14:39 Job executing on host: <130.199.184.215:9618?addrs=130.199.184.215-9618&alias=spool1790.sdcc.bnl.gov&noUDP&sock=startd_35756_6c0e>
...
006 (4596854.000.000) 2025-01-30 19:14:47 Image size of job updated: 157180
	84  -  MemoryUsage of job (MB)
	85572  -  ResidentSetSize of job (KB)
...
006 (4596854.000.000) 2025-01-30 19:19:47 Image size of job updated: 5353520
	1862  -  MemoryUsage of job (MB)
	1906436  -  ResidentSetSize of job (KB)
...
006 (4596854.000.000) 2025-01-30 19:24:49 Image size of job updated: 9982116
	6158  -  MemoryUsage of job (MB)
	6305696  -  ResidentSetSize of job (KB)
...
006 (4596854.000.000) 2025-01-30 19:29:28 Image size of job updated: 13815020
	9948  -  MemoryUsage of job (MB)
	10185808  -  ResidentSetSize of job (KB)
...
006 (4596854.000.000) 2025-01-30 19:29:28 Image size of job updated: 13861512
	9958  -  MemoryUsage of job (MB)
	10196544  -  ResidentSetSize of job (KB)
...
004 (4596854.000.000) 2025-01-30 19:29:28 Job was evicted.
	(0) CPU times
		Usr 0 00:15:03, Sys 0 00:01:36  -  Run Remote Usage
		Usr 0 00:00:00, Sys 0 00:00:00  -  Run Local Usage
	0  -  Run Bytes Sent By Job
	0  -  Run Bytes Received By Job
	Partitionable Resources :    Usage  Request Allocated 
	   Cpus                 :     1.49        1         1 
	   Disk (KB)            :     2           2   6681621 
	   Memory (MB)          :  9958      128192    128256 
	   xferslots            :                           0 
...
009 (4596854.000.000) 2025-01-30 19:29:28 Job was aborted.
	via condor_rm (by user sgross)

	Job terminated by <130.199.48.82:45332> at 2025-01-31T00:29:28Z (using method 1: DEACTIVATE_CLAIM).
...
000 (4598058.000.000) 2025-02-02 20:59:47 Job submitted from host: <130.199.48.82:9618?addrs=130.199.48.82-9618&alias=rcas2063.rcf.bnl.gov&noUDP&sock=schedd_23786_1176>
...
001 (4598058.000.000) 2025-02-02 21:06:15 Job executing on host: <130.199.184.157:9618?addrs=130.199.184.157-9618&alias=spool1766.sdcc.bnl.gov&noUDP&sock=startd_29367_625e>
...
006 (4598058.000.000) 2025-02-02 21:06:23 Image size of job updated: 343492
	126  -  MemoryUsage of job (MB)
	128572  -  ResidentSetSize of job (KB)
...
006 (4598058.000.000) 2025-02-02 21:06:28 Image size of job updated: 407432
	126  -  MemoryUsage of job (MB)
	128576  -  ResidentSetSize of job (KB)
...
005 (4598058.000.000) 2025-02-02 21:06:28 Job terminated.
	(1) Normal termination (return value 139)
		Usr 0 00:00:06, Sys 0 00:00:02  -  Run Remote Usage
		Usr 0 00:00:00, Sys 0 00:00:00  -  Run Local Usage
		Usr 0 00:00:06, Sys 0 00:00:02  -  Total Remote Usage
		Usr 0 00:00:00, Sys 0 00:00:00  -  Total Local Usage
	0  -  Run Bytes Sent By Job
	0  -  Run Bytes Received By Job
	0  -  Total Bytes Sent By Job
	0  -  Total Bytes Received By Job
	Partitionable Resources :    Usage  Request Allocated 
	   Cpus                 :                 1         1 
	   Disk (KB)            :        2        2   6681612 
	   Memory (MB)          :      126   128192    128256 
	   xferslots            :                           0 

	Job terminated of its own accord at 2025-02-03T02:06:28Z with exit-code 139.
...
000 (4607775.000.000) 2025-02-03 00:29:19 Job submitted from host: <130.199.48.82:9618?addrs=130.199.48.82-9618&alias=rcas2063.rcf.bnl.gov&noUDP&sock=schedd_23786_1176>
...
