000 (4595856.000.000) 2025-01-28 23:09:15 Job submitted from host: <130.199.48.82:9618?addrs=130.199.48.82-9618&alias=rcas2063.rcf.bnl.gov&noUDP&sock=schedd_23786_1176>
...
001 (4595856.000.000) 2025-01-29 01:30:39 Job executing on host: <130.199.184.213:9618?addrs=130.199.184.213-9618&alias=spool1788.sdcc.bnl.gov&noUDP&sock=startd_11823_ee03>
...
006 (4595856.000.000) 2025-01-29 01:30:48 Image size of job updated: 242220
	135  -  MemoryUsage of job (MB)
	138196  -  ResidentSetSize of job (KB)
...
006 (4595856.000.000) 2025-01-29 01:30:50 Image size of job updated: 242356
	136  -  MemoryUsage of job (MB)
	138332  -  ResidentSetSize of job (KB)
...
005 (4595856.000.000) 2025-01-29 01:30:50 Job terminated.
	(1) Normal termination (return value 0)
		Usr 0 00:00:04, Sys 0 00:00:01  -  Run Remote Usage
		Usr 0 00:00:00, Sys 0 00:00:00  -  Run Local Usage
		Usr 0 00:00:04, Sys 0 00:00:01  -  Total Remote Usage
		Usr 0 00:00:00, Sys 0 00:00:00  -  Total Local Usage
	0  -  Run Bytes Sent By Job
	0  -  Run Bytes Received By Job
	0  -  Total Bytes Sent By Job
	0  -  Total Bytes Received By Job
	Partitionable Resources :    Usage  Request Allocated 
	   Cpus                 :                 1         1 
	   Disk (KB)            :        2        2   6681619 
	   Memory (MB)          :      136   128192    128256 
	   xferslots            :                           0 

	Job terminated of its own accord at 2025-01-29T06:30:50Z with exit-code 0.
...
000 (4596877.000.000) 2025-01-30 00:28:10 Job submitted from host: <130.199.48.82:9618?addrs=130.199.48.82-9618&alias=rcas2063.rcf.bnl.gov&noUDP&sock=schedd_23786_1176>
...
001 (4596877.000.000) 2025-01-30 19:26:50 Job executing on host: <130.199.150.78:9618?addrs=130.199.150.78-9618&alias=spool1559.sdcc.bnl.gov&noUDP&sock=startd_41793_0e6f>
...
006 (4596877.000.000) 2025-01-30 19:26:58 Image size of job updated: 153008
	84  -  MemoryUsage of job (MB)
	85608  -  ResidentSetSize of job (KB)
...
006 (4596877.000.000) 2025-01-30 19:29:32 Image size of job updated: 3514416
	291  -  MemoryUsage of job (MB)
	297976  -  ResidentSetSize of job (KB)
...
004 (4596877.000.000) 2025-01-30 19:29:32 Job was evicted.
	(0) CPU times
		Usr 0 00:00:04, Sys 0 00:00:02  -  Run Remote Usage
		Usr 0 00:00:00, Sys 0 00:00:00  -  Run Local Usage
	0  -  Run Bytes Sent By Job
	0  -  Run Bytes Received By Job
	Partitionable Resources :    Usage  Request Allocated 
	   Cpus                 :                 1         1 
	   Disk (KB)            :        2        2   6681235 
	   Memory (MB)          :      291   128192    128256 
	   xferslots            :                           0 
...
009 (4596877.000.000) 2025-01-30 19:29:32 Job was aborted.
	via condor_rm (by user sgross)

	Job terminated by <130.199.48.82:39779> at 2025-01-31T00:29:32Z (using method 1: DEACTIVATE_CLAIM).
...
000 (4598081.000.000) 2025-02-02 20:59:50 Job submitted from host: <130.199.48.82:9618?addrs=130.199.48.82-9618&alias=rcas2063.rcf.bnl.gov&noUDP&sock=schedd_23786_1176>
...
001 (4598081.000.000) 2025-02-02 21:06:17 Job executing on host: <130.199.184.203:9618?addrs=130.199.184.203-9618&alias=spool1778.sdcc.bnl.gov&noUDP&sock=startd_34041_a570>
...
006 (4598081.000.000) 2025-02-02 21:06:25 Image size of job updated: 589412
	0  -  MemoryUsage of job (MB)
	0  -  ResidentSetSize of job (KB)
...
005 (4598081.000.000) 2025-02-02 21:06:25 Job terminated.
	(1) Normal termination (return value 139)
		Usr 0 00:00:05, Sys 0 00:00:01  -  Run Remote Usage
		Usr 0 00:00:00, Sys 0 00:00:00  -  Run Local Usage
		Usr 0 00:00:05, Sys 0 00:00:01  -  Total Remote Usage
		Usr 0 00:00:00, Sys 0 00:00:00  -  Total Local Usage
	0  -  Run Bytes Sent By Job
	0  -  Run Bytes Received By Job
	0  -  Total Bytes Sent By Job
	0  -  Total Bytes Received By Job
	Partitionable Resources :    Usage  Request Allocated 
	   Cpus                 :                 1         1 
	   Disk (KB)            :        2        2   6681624 
	   Memory (MB)          :        0   128192    128256 
	   xferslots            :                           0 

	Job terminated of its own accord at 2025-02-03T02:06:25Z with exit-code 139.
...
000 (4607798.000.000) 2025-02-03 00:29:22 Job submitted from host: <130.199.48.82:9618?addrs=130.199.48.82-9618&alias=rcas2063.rcf.bnl.gov&noUDP&sock=schedd_23786_1176>
...
