000 (4595284.000.000) 2025-01-28 23:08:30 Job submitted from host: <130.199.48.82:9618?addrs=130.199.48.82-9618&alias=rcas2063.rcf.bnl.gov&noUDP&sock=schedd_23786_1176>
...
001 (4595284.000.000) 2025-01-29 01:15:03 Job executing on host: <130.199.186.82:9618?addrs=130.199.186.82-9618&alias=spool1845.sdcc.bnl.gov&noUDP&sock=startd_71843_8085>
...
006 (4595284.000.000) 2025-01-29 01:15:12 Image size of job updated: 144468
	71  -  MemoryUsage of job (MB)
	71796  -  ResidentSetSize of job (KB)
...
006 (4595284.000.000) 2025-01-29 01:15:16 Image size of job updated: 148924
	71  -  MemoryUsage of job (MB)
	71864  -  ResidentSetSize of job (KB)
...
005 (4595284.000.000) 2025-01-29 01:15:17 Job terminated.
	(1) Normal termination (return value 0)
		Usr 0 00:00:04, Sys 0 00:00:01  -  Run Remote Usage
		Usr 0 00:00:00, Sys 0 00:00:00  -  Run Local Usage
		Usr 0 00:00:04, Sys 0 00:00:01  -  Total Remote Usage
		Usr 0 00:00:00, Sys 0 00:00:00  -  Total Local Usage
	0  -  Run Bytes Sent By Job
	0  -  Run Bytes Received By Job
	0  -  Total Bytes Sent By Job
	0  -  Total Bytes Received By Job
	Partitionable Resources :    Usage  Request Allocated 
	   Cpus                 :                 1         1 
	   Disk (KB)            :        2        2   6681620 
	   Memory (MB)          :       71   128192    128256 
	   xferslots            :                           0 

	Job terminated of its own accord at 2025-01-29T06:15:16Z with exit-code 0.
...
000 (4596305.000.000) 2025-01-30 00:27:13 Job submitted from host: <130.199.48.82:9618?addrs=130.199.48.82-9618&alias=rcas2063.rcf.bnl.gov&noUDP&sock=schedd_23786_1176>
...
001 (4596305.000.000) 2025-01-30 12:26:59 Job executing on host: <130.199.151.26:9618?addrs=130.199.151.26-9618&alias=spool1604.sdcc.bnl.gov&noUDP&sock=startd_96373_eff7>
...
006 (4596305.000.000) 2025-01-30 12:27:08 Image size of job updated: 376280
	62  -  MemoryUsage of job (MB)
	62920  -  ResidentSetSize of job (KB)
...
006 (4596305.000.000) 2025-01-30 12:32:09 Image size of job updated: 3512932
	291  -  MemoryUsage of job (MB)
	297040  -  ResidentSetSize of job (KB)
...
006 (4596305.000.000) 2025-01-30 12:37:09 Image size of job updated: 5204376
	842  -  MemoryUsage of job (MB)
	862020  -  ResidentSetSize of job (KB)
...
006 (4596305.000.000) 2025-01-30 12:42:09 Image size of job updated: 7463208
	4126  -  MemoryUsage of job (MB)
	4224156  -  ResidentSetSize of job (KB)
...
006 (4596305.000.000) 2025-01-30 12:47:10 Image size of job updated: 9831100
	6171  -  MemoryUsage of job (MB)
	6318160  -  ResidentSetSize of job (KB)
...
006 (4596305.000.000) 2025-01-30 12:52:10 Image size of job updated: 13866676
	9173  -  MemoryUsage of job (MB)
	9393104  -  ResidentSetSize of job (KB)
...
006 (4596305.000.000) 2025-01-30 12:57:10 Image size of job updated: 15310160
	11998  -  MemoryUsage of job (MB)
	12285880  -  ResidentSetSize of job (KB)
...
006 (4596305.000.000) 2025-01-30 13:02:11 Image size of job updated: 18067708
	13990  -  MemoryUsage of job (MB)
	14324780  -  ResidentSetSize of job (KB)
...
006 (4596305.000.000) 2025-01-30 13:07:12 Image size of job updated: 21449464
	16948  -  MemoryUsage of job (MB)
	17354100  -  ResidentSetSize of job (KB)
...
006 (4596305.000.000) 2025-01-30 13:12:12 Image size of job updated: 25562084
	20934  -  MemoryUsage of job (MB)
	21435476  -  ResidentSetSize of job (KB)
...
006 (4596305.000.000) 2025-01-30 13:17:13 Image size of job updated: 27508288
	23793  -  MemoryUsage of job (MB)
	24363756  -  ResidentSetSize of job (KB)
...
006 (4596305.000.000) 2025-01-30 13:22:14 Image size of job updated: 30382996
	26547  -  MemoryUsage of job (MB)
	27183744  -  ResidentSetSize of job (KB)
...
006 (4596305.000.000) 2025-01-30 13:27:14 Image size of job updated: 34573260
	29266  -  MemoryUsage of job (MB)
	29967620  -  ResidentSetSize of job (KB)
...
006 (4596305.000.000) 2025-01-30 13:32:15 Image size of job updated: 37544976
	32719  -  MemoryUsage of job (MB)
	33504096  -  ResidentSetSize of job (KB)
...
006 (4596305.000.000) 2025-01-30 13:37:16 Image size of job updated: 39239160
	35388  -  MemoryUsage of job (MB)
	36236472  -  ResidentSetSize of job (KB)
...
006 (4596305.000.000) 2025-01-30 13:38:45 Image size of job updated: 40648016
	35388  -  MemoryUsage of job (MB)
	36236472  -  ResidentSetSize of job (KB)
...
005 (4596305.000.000) 2025-01-30 13:38:45 Job terminated.
	(1) Normal termination (return value 0)
		Usr 0 00:55:19, Sys 0 00:05:47  -  Run Remote Usage
		Usr 0 00:00:00, Sys 0 00:00:00  -  Run Local Usage
		Usr 0 00:55:19, Sys 0 00:05:47  -  Total Remote Usage
		Usr 0 00:00:00, Sys 0 00:00:00  -  Total Local Usage
	0  -  Run Bytes Sent By Job
	0  -  Run Bytes Received By Job
	0  -  Total Bytes Sent By Job
	0  -  Total Bytes Received By Job
	Partitionable Resources :    Usage  Request Allocated 
	   Cpus                 :     1.05        1         1 
	   Disk (KB)            :     2           2   6681225 
	   Memory (MB)          : 35388      128192    128256 
	   xferslots            :                           0 

	Job terminated of its own accord at 2025-01-30T18:38:45Z with exit-code 0.
...
000 (4597509.000.000) 2025-02-02 20:58:46 Job submitted from host: <130.199.48.82:9618?addrs=130.199.48.82-9618&alias=rcas2063.rcf.bnl.gov&noUDP&sock=schedd_23786_1176>
...
001 (4597509.000.000) 2025-02-02 21:04:58 Job executing on host: <130.199.150.71:9618?addrs=130.199.150.71-9618&alias=spool1552.sdcc.bnl.gov&noUDP&sock=startd_82644_e1d6>
...
006 (4597509.000.000) 2025-02-02 21:05:07 Image size of job updated: 468824
	334  -  MemoryUsage of job (MB)
	341872  -  ResidentSetSize of job (KB)
...
006 (4597509.000.000) 2025-02-02 21:05:08 Image size of job updated: 468924
	334  -  MemoryUsage of job (MB)
	341872  -  ResidentSetSize of job (KB)
...
005 (4597509.000.000) 2025-02-02 21:05:09 Job terminated.
	(1) Normal termination (return value 139)
		Usr 0 00:00:05, Sys 0 00:00:02  -  Run Remote Usage
		Usr 0 00:00:00, Sys 0 00:00:00  -  Run Local Usage
		Usr 0 00:00:05, Sys 0 00:00:02  -  Total Remote Usage
		Usr 0 00:00:00, Sys 0 00:00:00  -  Total Local Usage
	0  -  Run Bytes Sent By Job
	0  -  Run Bytes Received By Job
	0  -  Total Bytes Sent By Job
	0  -  Total Bytes Received By Job
	Partitionable Resources :    Usage  Request Allocated 
	   Cpus                 :                 1         1 
	   Disk (KB)            :        2        2   6681233 
	   Memory (MB)          :      334   128192    128256 
	   xferslots            :                           0 

	Job terminated of its own accord at 2025-02-03T02:05:08Z with exit-code 139.
...
000 (4607226.000.000) 2025-02-03 00:28:17 Job submitted from host: <130.199.48.82:9618?addrs=130.199.48.82-9618&alias=rcas2063.rcf.bnl.gov&noUDP&sock=schedd_23786_1176>
...
