000 (4600998.000.000) 2025-02-02 21:04:57 Job submitted from host: <130.199.48.82:9618?addrs=130.199.48.82-9618&alias=rcas2063.rcf.bnl.gov&noUDP&sock=schedd_23786_1176>
...
001 (4600998.000.000) 2025-02-02 21:10:09 Job executing on host: <130.199.151.4:9618?addrs=130.199.151.4-9618&alias=spool1582.sdcc.bnl.gov&noUDP&sock=startd_39246_f689>
...
006 (4600998.000.000) 2025-02-02 21:10:17 Image size of job updated: 331508
	201  -  MemoryUsage of job (MB)
	205568  -  ResidentSetSize of job (KB)
...
006 (4600998.000.000) 2025-02-02 21:10:19 Image size of job updated: 332532
	202  -  MemoryUsage of job (MB)
	206592  -  ResidentSetSize of job (KB)
...
005 (4600998.000.000) 2025-02-02 21:10:19 Job terminated.
	(1) Normal termination (return value 139)
		Usr 0 00:00:05, Sys 0 00:00:02  -  Run Remote Usage
		Usr 0 00:00:00, Sys 0 00:00:00  -  Run Local Usage
		Usr 0 00:00:05, Sys 0 00:00:02  -  Total Remote Usage
		Usr 0 00:00:00, Sys 0 00:00:00  -  Total Local Usage
	0  -  Run Bytes Sent By Job
	0  -  Run Bytes Received By Job
	0  -  Total Bytes Sent By Job
	0  -  Total Bytes Received By Job
	Partitionable Resources :    Usage  Request Allocated 
	   Cpus                 :                 1         1 
	   Disk (KB)            :        2        2   6681231 
	   Memory (MB)          :      202   128192    128256 
	   xferslots            :                           0 

	Job terminated of its own accord at 2025-02-03T02:10:19Z with exit-code 139.
...
