000 (4595719.000.000) 2025-01-28 23:09:04 Job submitted from host: <130.199.48.82:9618?addrs=130.199.48.82-9618&alias=rcas2063.rcf.bnl.gov&noUDP&sock=schedd_23786_1176>
...
001 (4595719.000.000) 2025-01-29 01:28:17 Job executing on host: <130.199.186.92:9618?addrs=130.199.186.92-9618&alias=spool1855.sdcc.bnl.gov&noUDP&sock=startd_51230_bf6c>
...
006 (4595719.000.000) 2025-01-29 01:28:26 Image size of job updated: 325636
	121  -  MemoryUsage of job (MB)
	123904  -  ResidentSetSize of job (KB)
...
005 (4595719.000.000) 2025-01-29 01:28:28 Job terminated.
	(1) Normal termination (return value 0)
		Usr 0 00:00:04, Sys 0 00:00:01  -  Run Remote Usage
		Usr 0 00:00:00, Sys 0 00:00:00  -  Run Local Usage
		Usr 0 00:00:04, Sys 0 00:00:01  -  Total Remote Usage
		Usr 0 00:00:00, Sys 0 00:00:00  -  Total Local Usage
	0  -  Run Bytes Sent By Job
	0  -  Run Bytes Received By Job
	0  -  Total Bytes Sent By Job
	0  -  Total Bytes Received By Job
	Partitionable Resources :    Usage  Request Allocated 
	   Cpus                 :                 1         1 
	   Disk (KB)            :        2        2   6681629 
	   Memory (MB)          :      121   128192    128256 
	   xferslots            :                           0 

	Job terminated of its own accord at 2025-01-29T06:28:28Z with exit-code 0.
...
000 (4596740.000.000) 2025-01-30 00:27:57 Job submitted from host: <130.199.48.82:9618?addrs=130.199.48.82-9618&alias=rcas2063.rcf.bnl.gov&noUDP&sock=schedd_23786_1176>
...
001 (4596740.000.000) 2025-01-30 18:03:35 Job executing on host: <130.199.184.156:9618?addrs=130.199.184.156-9618&alias=spool1765.sdcc.bnl.gov&noUDP&sock=startd_35828_358d>
...
006 (4596740.000.000) 2025-01-30 18:03:44 Image size of job updated: 114836
	62  -  MemoryUsage of job (MB)
	62932  -  ResidentSetSize of job (KB)
...
006 (4596740.000.000) 2025-01-30 18:08:44 Image size of job updated: 5260176
	742  -  MemoryUsage of job (MB)
	759156  -  ResidentSetSize of job (KB)
...
006 (4596740.000.000) 2025-01-30 18:13:44 Image size of job updated: 8902104
	4186  -  MemoryUsage of job (MB)
	4285600  -  ResidentSetSize of job (KB)
...
006 (4596740.000.000) 2025-01-30 18:18:45 Image size of job updated: 9608424
	6394  -  MemoryUsage of job (MB)
	6546980  -  ResidentSetSize of job (KB)
...
006 (4596740.000.000) 2025-01-30 18:23:46 Image size of job updated: 13564108
	8869  -  MemoryUsage of job (MB)
	9080952  -  ResidentSetSize of job (KB)
...
006 (4596740.000.000) 2025-01-30 18:28:46 Image size of job updated: 15791780
	12446  -  MemoryUsage of job (MB)
	12744424  -  ResidentSetSize of job (KB)
...
006 (4596740.000.000) 2025-01-30 18:33:47 Image size of job updated: 18002152
	14242  -  MemoryUsage of job (MB)
	14583304  -  ResidentSetSize of job (KB)
...
006 (4596740.000.000) 2025-01-30 18:38:48 Image size of job updated: 22283808
	17157  -  MemoryUsage of job (MB)
	17567768  -  ResidentSetSize of job (KB)
...
006 (4596740.000.000) 2025-01-30 18:43:48 Image size of job updated: 23759816
	20101  -  MemoryUsage of job (MB)
	20583224  -  ResidentSetSize of job (KB)
...
006 (4596740.000.000) 2025-01-30 18:48:48 Image size of job updated: 27034168
	22593  -  MemoryUsage of job (MB)
	23134436  -  ResidentSetSize of job (KB)
...
006 (4596740.000.000) 2025-01-30 18:53:49 Image size of job updated: 30809592
	26073  -  MemoryUsage of job (MB)
	26697848  -  ResidentSetSize of job (KB)
...
006 (4596740.000.000) 2025-01-30 18:58:49 Image size of job updated: 32832000
	28991  -  MemoryUsage of job (MB)
	29686512  -  ResidentSetSize of job (KB)
...
006 (4596740.000.000) 2025-01-30 19:03:49 Image size of job updated: 35988784
	31701  -  MemoryUsage of job (MB)
	32461260  -  ResidentSetSize of job (KB)
...
006 (4596740.000.000) 2025-01-30 19:08:50 Image size of job updated: 39968320
	34736  -  MemoryUsage of job (MB)
	35568728  -  ResidentSetSize of job (KB)
...
006 (4596740.000.000) 2025-01-30 19:13:39 Image size of job updated: 42301240
	34736  -  MemoryUsage of job (MB)
	35568728  -  ResidentSetSize of job (KB)
...
005 (4596740.000.000) 2025-01-30 19:13:39 Job terminated.
	(1) Normal termination (return value 0)
		Usr 0 00:58:20, Sys 0 00:06:03  -  Run Remote Usage
		Usr 0 00:00:00, Sys 0 00:00:00  -  Run Local Usage
		Usr 0 00:58:20, Sys 0 00:06:03  -  Total Remote Usage
		Usr 0 00:00:00, Sys 0 00:00:00  -  Total Local Usage
	0  -  Run Bytes Sent By Job
	0  -  Run Bytes Received By Job
	0  -  Total Bytes Sent By Job
	0  -  Total Bytes Received By Job
	Partitionable Resources :    Usage  Request Allocated 
	   Cpus                 :     1.09        1         1 
	   Disk (KB)            :     2           2   6681628 
	   Memory (MB)          : 34736      128192    128256 
	   xferslots            :                           0 

	Job terminated of its own accord at 2025-01-31T00:13:39Z with exit-code 0.
...
000 (4597944.000.000) 2025-02-02 20:59:34 Job submitted from host: <130.199.48.82:9618?addrs=130.199.48.82-9618&alias=rcas2063.rcf.bnl.gov&noUDP&sock=schedd_23786_1176>
...
001 (4597944.000.000) 2025-02-02 21:06:04 Job executing on host: <130.199.184.213:9618?addrs=130.199.184.213-9618&alias=spool1788.sdcc.bnl.gov&noUDP&sock=startd_11823_ee03>
...
006 (4597944.000.000) 2025-02-02 21:06:13 Image size of job updated: 440680
	308  -  MemoryUsage of job (MB)
	314440  -  ResidentSetSize of job (KB)
...
006 (4597944.000.000) 2025-02-02 21:06:15 Image size of job updated: 469304
	308  -  MemoryUsage of job (MB)
	314440  -  ResidentSetSize of job (KB)
...
005 (4597944.000.000) 2025-02-02 21:06:15 Job terminated.
	(1) Normal termination (return value 139)
		Usr 0 00:00:05, Sys 0 00:00:02  -  Run Remote Usage
		Usr 0 00:00:00, Sys 0 00:00:00  -  Run Local Usage
		Usr 0 00:00:05, Sys 0 00:00:02  -  Total Remote Usage
		Usr 0 00:00:00, Sys 0 00:00:00  -  Total Local Usage
	0  -  Run Bytes Sent By Job
	0  -  Run Bytes Received By Job
	0  -  Total Bytes Sent By Job
	0  -  Total Bytes Received By Job
	Partitionable Resources :    Usage  Request Allocated 
	   Cpus                 :                 1         1 
	   Disk (KB)            :        2        2   6681619 
	   Memory (MB)          :      308   128192    128256 
	   xferslots            :                           0 

	Job terminated of its own accord at 2025-02-03T02:06:15Z with exit-code 139.
...
000 (4607661.000.000) 2025-02-03 00:29:06 Job submitted from host: <130.199.48.82:9618?addrs=130.199.48.82-9618&alias=rcas2063.rcf.bnl.gov&noUDP&sock=schedd_23786_1176>
...
