000 (4602257.000.000) 2025-02-02 21:08:24 Job submitted from host: <130.199.48.82:9618?addrs=130.199.48.82-9618&alias=rcas2063.rcf.bnl.gov&noUDP&sock=schedd_23786_1176>
...
001 (4602257.000.000) 2025-02-02 21:11:45 Job executing on host: <130.199.186.95:9618?addrs=130.199.186.95-9618&alias=spool1858.sdcc.bnl.gov&noUDP&sock=startd_27449_5c89>
...
006 (4602257.000.000) 2025-02-02 21:11:54 Image size of job updated: 564876
	111  -  MemoryUsage of job (MB)
	113088  -  ResidentSetSize of job (KB)
...
006 (4602257.000.000) 2025-02-02 21:12:00 Image size of job updated: 564876
	111  -  MemoryUsage of job (MB)
	113280  -  ResidentSetSize of job (KB)
...
005 (4602257.000.000) 2025-02-02 21:12:01 Job terminated.
	(1) Normal termination (return value 139)
		Usr 0 00:00:06, Sys 0 00:00:03  -  Run Remote Usage
		Usr 0 00:00:00, Sys 0 00:00:00  -  Run Local Usage
		Usr 0 00:00:06, Sys 0 00:00:03  -  Total Remote Usage
		Usr 0 00:00:00, Sys 0 00:00:00  -  Total Local Usage
	0  -  Run Bytes Sent By Job
	0  -  Run Bytes Received By Job
	0  -  Total Bytes Sent By Job
	0  -  Total Bytes Received By Job
	Partitionable Resources :    Usage  Request Allocated 
	   Cpus                 :                 1         1 
	   Disk (KB)            :        2        2   6681612 
	   Memory (MB)          :      111   128192    128256 
	   xferslots            :                           0 

	Job terminated of its own accord at 2025-02-03T02:12:00Z with exit-code 139.
...
