000 (4595522.000.000) 2025-01-28 23:08:49 Job submitted from host: <130.199.48.82:9618?addrs=130.199.48.82-9618&alias=rcas2063.rcf.bnl.gov&noUDP&sock=schedd_23786_1176>
...
001 (4595522.000.000) 2025-01-29 01:24:55 Job executing on host: <130.199.151.33:9618?addrs=130.199.151.33-9618&alias=spool1611.sdcc.bnl.gov&noUDP&sock=startd_368_911c>
...
006 (4595522.000.000) 2025-01-29 01:25:04 Image size of job updated: 109756
	44  -  MemoryUsage of job (MB)
	44756  -  ResidentSetSize of job (KB)
...
006 (4595522.000.000) 2025-01-29 01:25:16 Image size of job updated: 570488
	44  -  MemoryUsage of job (MB)
	44764  -  ResidentSetSize of job (KB)
...
005 (4595522.000.000) 2025-01-29 01:25:17 Job terminated.
	(1) Normal termination (return value 0)
		Usr 0 00:00:04, Sys 0 00:00:02  -  Run Remote Usage
		Usr 0 00:00:00, Sys 0 00:00:00  -  Run Local Usage
		Usr 0 00:00:04, Sys 0 00:00:02  -  Total Remote Usage
		Usr 0 00:00:00, Sys 0 00:00:00  -  Total Local Usage
	0  -  Run Bytes Sent By Job
	0  -  Run Bytes Received By Job
	0  -  Total Bytes Sent By Job
	0  -  Total Bytes Received By Job
	Partitionable Resources :    Usage  Request Allocated 
	   Cpus                 :                 1         1 
	   Disk (KB)            :        2        2   6681232 
	   Memory (MB)          :       44   128192    128256 
	   xferslots            :                           0 

	Job terminated of its own accord at 2025-01-29T06:25:16Z with exit-code 0.
...
000 (4596543.000.000) 2025-01-30 00:27:37 Job submitted from host: <130.199.48.82:9618?addrs=130.199.48.82-9618&alias=rcas2063.rcf.bnl.gov&noUDP&sock=schedd_23786_1176>
...
001 (4596543.000.000) 2025-01-30 15:48:38 Job executing on host: <130.199.184.217:9618?addrs=130.199.184.217-9618&alias=spool1792.sdcc.bnl.gov&noUDP&sock=startd_72049_b2cc>
...
006 (4596543.000.000) 2025-01-30 15:48:47 Image size of job updated: 135736
	67  -  MemoryUsage of job (MB)
	68392  -  ResidentSetSize of job (KB)
...
006 (4596543.000.000) 2025-01-30 15:53:49 Image size of job updated: 4847128
	429  -  MemoryUsage of job (MB)
	439012  -  ResidentSetSize of job (KB)
...
006 (4596543.000.000) 2025-01-30 15:58:49 Image size of job updated: 6524308
	3552  -  MemoryUsage of job (MB)
	3636620  -  ResidentSetSize of job (KB)
...
006 (4596543.000.000) 2025-01-30 16:03:49 Image size of job updated: 8853836
	5719  -  MemoryUsage of job (MB)
	5855356  -  ResidentSetSize of job (KB)
...
006 (4596543.000.000) 2025-01-30 16:08:50 Image size of job updated: 13673904
	8748  -  MemoryUsage of job (MB)
	8957100  -  ResidentSetSize of job (KB)
...
006 (4596543.000.000) 2025-01-30 16:13:50 Image size of job updated: 15111324
	11630  -  MemoryUsage of job (MB)
	11908600  -  ResidentSetSize of job (KB)
...
006 (4596543.000.000) 2025-01-30 16:18:50 Image size of job updated: 19187952
	14386  -  MemoryUsage of job (MB)
	14730652  -  ResidentSetSize of job (KB)
...
006 (4596543.000.000) 2025-01-30 16:23:51 Image size of job updated: 21713392
	18061  -  MemoryUsage of job (MB)
	18493624  -  ResidentSetSize of job (KB)
...
006 (4596543.000.000) 2025-01-30 16:28:52 Image size of job updated: 23909736
	20425  -  MemoryUsage of job (MB)
	20914716  -  ResidentSetSize of job (KB)
...
006 (4596543.000.000) 2025-01-30 16:33:52 Image size of job updated: 26989872
	23260  -  MemoryUsage of job (MB)
	23817236  -  ResidentSetSize of job (KB)
...
006 (4596543.000.000) 2025-01-30 16:38:53 Image size of job updated: 30603148
	26446  -  MemoryUsage of job (MB)
	27080536  -  ResidentSetSize of job (KB)
...
006 (4596543.000.000) 2025-01-30 16:43:54 Image size of job updated: 33950484
	30095  -  MemoryUsage of job (MB)
	30816512  -  ResidentSetSize of job (KB)
...
006 (4596543.000.000) 2025-01-30 16:48:54 Image size of job updated: 36636412
	32700  -  MemoryUsage of job (MB)
	33484220  -  ResidentSetSize of job (KB)
...
006 (4596543.000.000) 2025-01-30 16:53:55 Image size of job updated: 40227068
	35465  -  MemoryUsage of job (MB)
	36316160  -  ResidentSetSize of job (KB)
...
006 (4596543.000.000) 2025-01-30 16:58:23 Image size of job updated: 43565832
	35465  -  MemoryUsage of job (MB)
	36316160  -  ResidentSetSize of job (KB)
...
005 (4596543.000.000) 2025-01-30 16:58:23 Job terminated.
	(1) Normal termination (return value 0)
		Usr 0 00:58:38, Sys 0 00:06:09  -  Run Remote Usage
		Usr 0 00:00:00, Sys 0 00:00:00  -  Run Local Usage
		Usr 0 00:58:38, Sys 0 00:06:09  -  Total Remote Usage
		Usr 0 00:00:00, Sys 0 00:00:00  -  Total Local Usage
	0  -  Run Bytes Sent By Job
	0  -  Run Bytes Received By Job
	0  -  Total Bytes Sent By Job
	0  -  Total Bytes Received By Job
	Partitionable Resources :    Usage  Request Allocated 
	   Cpus                 :     1.03        1         1 
	   Disk (KB)            :     2           2   6681623 
	   Memory (MB)          : 35465      128192    128256 
	   xferslots            :                           0 

	Job terminated of its own accord at 2025-01-30T21:58:23Z with exit-code 0.
...
000 (4597747.000.000) 2025-02-02 20:59:13 Job submitted from host: <130.199.48.82:9618?addrs=130.199.48.82-9618&alias=rcas2063.rcf.bnl.gov&noUDP&sock=schedd_23786_1176>
...
001 (4597747.000.000) 2025-02-02 21:05:41 Job executing on host: <130.199.151.16:9618?addrs=130.199.151.16-9618&alias=spool1594.sdcc.bnl.gov&noUDP&sock=startd_78634_c48e>
...
006 (4597747.000.000) 2025-02-02 21:05:49 Image size of job updated: 247304
	0  -  MemoryUsage of job (MB)
	0  -  ResidentSetSize of job (KB)
...
005 (4597747.000.000) 2025-02-02 21:05:49 Job terminated.
	(1) Normal termination (return value 139)
		Usr 0 00:00:05, Sys 0 00:00:01  -  Run Remote Usage
		Usr 0 00:00:00, Sys 0 00:00:00  -  Run Local Usage
		Usr 0 00:00:05, Sys 0 00:00:01  -  Total Remote Usage
		Usr 0 00:00:00, Sys 0 00:00:00  -  Total Local Usage
	0  -  Run Bytes Sent By Job
	0  -  Run Bytes Received By Job
	0  -  Total Bytes Sent By Job
	0  -  Total Bytes Received By Job
	Partitionable Resources :    Usage  Request Allocated 
	   Cpus                 :                 1         1 
	   Disk (KB)            :        2        2   6681232 
	   Memory (MB)          :        0   128192    128256 
	   xferslots            :                           0 

	Job terminated of its own accord at 2025-02-03T02:05:49Z with exit-code 139.
...
000 (4607464.000.000) 2025-02-03 00:28:43 Job submitted from host: <130.199.48.82:9618?addrs=130.199.48.82-9618&alias=rcas2063.rcf.bnl.gov&noUDP&sock=schedd_23786_1176>
...
