000 (4595687.000.000) 2025-01-28 23:09:02 Job submitted from host: <130.199.48.82:9618?addrs=130.199.48.82-9618&alias=rcas2063.rcf.bnl.gov&noUDP&sock=schedd_23786_1176>
...
001 (4595687.000.000) 2025-01-29 01:27:44 Job executing on host: <130.199.186.21:9618?addrs=130.199.186.21-9618&alias=spool1818.sdcc.bnl.gov&noUDP&sock=startd_15937_f573>
...
006 (4595687.000.000) 2025-01-29 01:27:53 Image size of job updated: 156312
	88  -  MemoryUsage of job (MB)
	89572  -  ResidentSetSize of job (KB)
...
006 (4595687.000.000) 2025-01-29 01:28:00 Image size of job updated: 156956
	88  -  MemoryUsage of job (MB)
	89572  -  ResidentSetSize of job (KB)
...
005 (4595687.000.000) 2025-01-29 01:28:00 Job terminated.
	(1) Normal termination (return value 0)
		Usr 0 00:00:04, Sys 0 00:00:02  -  Run Remote Usage
		Usr 0 00:00:00, Sys 0 00:00:00  -  Run Local Usage
		Usr 0 00:00:04, Sys 0 00:00:02  -  Total Remote Usage
		Usr 0 00:00:00, Sys 0 00:00:00  -  Total Local Usage
	0  -  Run Bytes Sent By Job
	0  -  Run Bytes Received By Job
	0  -  Total Bytes Sent By Job
	0  -  Total Bytes Received By Job
	Partitionable Resources :    Usage  Request Allocated 
	   Cpus                 :                 1         1 
	   Disk (KB)            :        2        2   6681615 
	   Memory (MB)          :       88   128192    128256 
	   xferslots            :                           0 

	Job terminated of its own accord at 2025-01-29T06:28:00Z with exit-code 0.
...
000 (4596708.000.000) 2025-01-30 00:27:53 Job submitted from host: <130.199.48.82:9618?addrs=130.199.48.82-9618&alias=rcas2063.rcf.bnl.gov&noUDP&sock=schedd_23786_1176>
...
001 (4596708.000.000) 2025-01-30 17:38:47 Job executing on host: <130.199.150.94:9618?addrs=130.199.150.94-9618&alias=spool1575.sdcc.bnl.gov&noUDP&sock=startd_12389_0fc4>
...
006 (4596708.000.000) 2025-01-30 17:38:55 Image size of job updated: 125448
	8  -  MemoryUsage of job (MB)
	7180  -  ResidentSetSize of job (KB)
...
006 (4596708.000.000) 2025-01-30 17:43:55 Image size of job updated: 3389348
	255  -  MemoryUsage of job (MB)
	260696  -  ResidentSetSize of job (KB)
...
006 (4596708.000.000) 2025-01-30 17:48:56 Image size of job updated: 5109176
	387  -  MemoryUsage of job (MB)
	395668  -  ResidentSetSize of job (KB)
...
006 (4596708.000.000) 2025-01-30 17:53:57 Image size of job updated: 5228192
	1484  -  MemoryUsage of job (MB)
	1518648  -  ResidentSetSize of job (KB)
...
006 (4596708.000.000) 2025-01-30 17:58:57 Image size of job updated: 7123344
	4017  -  MemoryUsage of job (MB)
	4113072  -  ResidentSetSize of job (KB)
...
006 (4596708.000.000) 2025-01-30 18:03:58 Image size of job updated: 10377872
	5589  -  MemoryUsage of job (MB)
	5722704  -  ResidentSetSize of job (KB)
...
006 (4596708.000.000) 2025-01-30 18:08:58 Image size of job updated: 10976104
	7746  -  MemoryUsage of job (MB)
	7930904  -  ResidentSetSize of job (KB)
...
006 (4596708.000.000) 2025-01-30 18:13:58 Image size of job updated: 14484172
	9575  -  MemoryUsage of job (MB)
	9803796  -  ResidentSetSize of job (KB)
...
006 (4596708.000.000) 2025-01-30 18:18:59 Image size of job updated: 15045816
	11098  -  MemoryUsage of job (MB)
	11363572  -  ResidentSetSize of job (KB)
...
006 (4596708.000.000) 2025-01-30 18:23:59 Image size of job updated: 17664500
	13858  -  MemoryUsage of job (MB)
	14190512  -  ResidentSetSize of job (KB)
...
006 (4596708.000.000) 2025-01-30 18:28:59 Image size of job updated: 18831420
	14725  -  MemoryUsage of job (MB)
	15078228  -  ResidentSetSize of job (KB)
...
006 (4596708.000.000) 2025-01-30 18:34:00 Image size of job updated: 20916452
	17369  -  MemoryUsage of job (MB)
	17785004  -  ResidentSetSize of job (KB)
...
006 (4596708.000.000) 2025-01-30 18:39:01 Image size of job updated: 23457580
	18512  -  MemoryUsage of job (MB)
	18955508  -  ResidentSetSize of job (KB)
...
006 (4596708.000.000) 2025-01-30 18:44:01 Image size of job updated: 24544460
	20675  -  MemoryUsage of job (MB)
	21170700  -  ResidentSetSize of job (KB)
...
006 (4596708.000.000) 2025-01-30 18:49:02 Image size of job updated: 27490336
	22379  -  MemoryUsage of job (MB)
	22915932  -  ResidentSetSize of job (KB)
...
006 (4596708.000.000) 2025-01-30 18:54:03 Image size of job updated: 28459632
	24714  -  MemoryUsage of job (MB)
	25306416  -  ResidentSetSize of job (KB)
...
006 (4596708.000.000) 2025-01-30 18:57:40 Image size of job updated: 30819144
	24714  -  MemoryUsage of job (MB)
	25306416  -  ResidentSetSize of job (KB)
...
005 (4596708.000.000) 2025-01-30 18:57:40 Job terminated.
	(1) Normal termination (return value 0)
		Usr 0 00:43:22, Sys 0 00:05:18  -  Run Remote Usage
		Usr 0 00:00:00, Sys 0 00:00:00  -  Run Local Usage
		Usr 0 00:43:22, Sys 0 00:05:18  -  Total Remote Usage
		Usr 0 00:00:00, Sys 0 00:00:00  -  Total Local Usage
	0  -  Run Bytes Sent By Job
	0  -  Run Bytes Received By Job
	0  -  Total Bytes Sent By Job
	0  -  Total Bytes Received By Job
	Partitionable Resources :    Usage  Request Allocated 
	   Cpus                 :     0.88        1         1 
	   Disk (KB)            :     2           2   6681229 
	   Memory (MB)          : 24714      128192    128256 
	   xferslots            :                           0 

	Job terminated of its own accord at 2025-01-30T23:57:40Z with exit-code 0.
...
000 (4597912.000.000) 2025-02-02 20:59:31 Job submitted from host: <130.199.48.82:9618?addrs=130.199.48.82-9618&alias=rcas2063.rcf.bnl.gov&noUDP&sock=schedd_23786_1176>
...
001 (4597912.000.000) 2025-02-02 21:06:01 Job executing on host: <130.199.151.19:9618?addrs=130.199.151.19-9618&alias=spool1597.sdcc.bnl.gov&noUDP&sock=startd_79764_6606>
...
006 (4597912.000.000) 2025-02-02 21:06:10 Image size of job updated: 2933996
	335  -  MemoryUsage of job (MB)
	342504  -  ResidentSetSize of job (KB)
...
006 (4597912.000.000) 2025-02-02 21:06:11 Image size of job updated: 3588748
	335  -  MemoryUsage of job (MB)
	342504  -  ResidentSetSize of job (KB)
...
005 (4597912.000.000) 2025-02-02 21:06:11 Job terminated.
	(1) Normal termination (return value 139)
		Usr 0 00:00:05, Sys 0 00:00:01  -  Run Remote Usage
		Usr 0 00:00:00, Sys 0 00:00:00  -  Run Local Usage
		Usr 0 00:00:05, Sys 0 00:00:01  -  Total Remote Usage
		Usr 0 00:00:00, Sys 0 00:00:00  -  Total Local Usage
	0  -  Run Bytes Sent By Job
	0  -  Run Bytes Received By Job
	0  -  Total Bytes Sent By Job
	0  -  Total Bytes Received By Job
	Partitionable Resources :    Usage  Request Allocated 
	   Cpus                 :                 1         1 
	   Disk (KB)            :        2        2   6681235 
	   Memory (MB)          :      335   128192    128256 
	   xferslots            :                           0 

	Job terminated of its own accord at 2025-02-03T02:06:11Z with exit-code 139.
...
000 (4607629.000.000) 2025-02-03 00:29:02 Job submitted from host: <130.199.48.82:9618?addrs=130.199.48.82-9618&alias=rcas2063.rcf.bnl.gov&noUDP&sock=schedd_23786_1176>
...
