000 (4595753.000.000) 2025-01-28 23:09:07 Job submitted from host: <130.199.48.82:9618?addrs=130.199.48.82-9618&alias=rcas2063.rcf.bnl.gov&noUDP&sock=schedd_23786_1176>
...
001 (4595753.000.000) 2025-01-29 01:28:47 Job executing on host: <130.199.184.217:9618?addrs=130.199.184.217-9618&alias=spool1792.sdcc.bnl.gov&noUDP&sock=startd_72049_b2cc>
...
006 (4595753.000.000) 2025-01-29 01:28:56 Image size of job updated: 597384
	92  -  MemoryUsage of job (MB)
	93736  -  ResidentSetSize of job (KB)
...
006 (4595753.000.000) 2025-01-29 01:28:59 Image size of job updated: 597384
	92  -  MemoryUsage of job (MB)
	93772  -  ResidentSetSize of job (KB)
...
005 (4595753.000.000) 2025-01-29 01:28:59 Job terminated.
	(1) Normal termination (return value 0)
		Usr 0 00:00:03, Sys 0 00:00:01  -  Run Remote Usage
		Usr 0 00:00:00, Sys 0 00:00:00  -  Run Local Usage
		Usr 0 00:00:03, Sys 0 00:00:01  -  Total Remote Usage
		Usr 0 00:00:00, Sys 0 00:00:00  -  Total Local Usage
	0  -  Run Bytes Sent By Job
	0  -  Run Bytes Received By Job
	0  -  Total Bytes Sent By Job
	0  -  Total Bytes Received By Job
	Partitionable Resources :    Usage  Request Allocated 
	   Cpus                 :                 1         1 
	   Disk (KB)            :        2        2   6681623 
	   Memory (MB)          :       92   128192    128256 
	   xferslots            :                           0 

	Job terminated of its own accord at 2025-01-29T06:28:59Z with exit-code 0.
...
000 (4596774.000.000) 2025-01-30 00:28:00 Job submitted from host: <130.199.48.82:9618?addrs=130.199.48.82-9618&alias=rcas2063.rcf.bnl.gov&noUDP&sock=schedd_23786_1176>
...
001 (4596774.000.000) 2025-01-30 18:25:10 Job executing on host: <130.199.186.21:9618?addrs=130.199.186.21-9618&alias=spool1818.sdcc.bnl.gov&noUDP&sock=startd_15937_f573>
...
006 (4596774.000.000) 2025-01-30 18:25:18 Image size of job updated: 100900
	54  -  MemoryUsage of job (MB)
	54852  -  ResidentSetSize of job (KB)
...
006 (4596774.000.000) 2025-01-30 18:30:18 Image size of job updated: 4947552
	1768  -  MemoryUsage of job (MB)
	1809648  -  ResidentSetSize of job (KB)
...
006 (4596774.000.000) 2025-01-30 18:35:19 Image size of job updated: 9234672
	5506  -  MemoryUsage of job (MB)
	5637872  -  ResidentSetSize of job (KB)
...
006 (4596774.000.000) 2025-01-30 18:40:19 Image size of job updated: 12565396
	9179  -  MemoryUsage of job (MB)
	9398284  -  ResidentSetSize of job (KB)
...
006 (4596774.000.000) 2025-01-30 18:45:20 Image size of job updated: 17216992
	13169  -  MemoryUsage of job (MB)
	13485052  -  ResidentSetSize of job (KB)
...
006 (4596774.000.000) 2025-01-30 18:50:21 Image size of job updated: 22269780
	17452  -  MemoryUsage of job (MB)
	17870616  -  ResidentSetSize of job (KB)
...
006 (4596774.000.000) 2025-01-30 18:55:21 Image size of job updated: 26109492
	21860  -  MemoryUsage of job (MB)
	22384636  -  ResidentSetSize of job (KB)
...
006 (4596774.000.000) 2025-01-30 19:00:21 Image size of job updated: 29745516
	25960  -  MemoryUsage of job (MB)
	26582380  -  ResidentSetSize of job (KB)
...
006 (4596774.000.000) 2025-01-30 19:05:22 Image size of job updated: 33720144
	29861  -  MemoryUsage of job (MB)
	30577596  -  ResidentSetSize of job (KB)
...
006 (4596774.000.000) 2025-01-30 19:10:22 Image size of job updated: 37271660
	33422  -  MemoryUsage of job (MB)
	34223580  -  ResidentSetSize of job (KB)
...
006 (4596774.000.000) 2025-01-30 19:15:23 Image size of job updated: 41578348
	37357  -  MemoryUsage of job (MB)
	38253304  -  ResidentSetSize of job (KB)
...
006 (4596774.000.000) 2025-01-30 19:20:24 Image size of job updated: 46063256
	41355  -  MemoryUsage of job (MB)
	42346684  -  ResidentSetSize of job (KB)
...
006 (4596774.000.000) 2025-01-30 19:25:24 Image size of job updated: 50038596
	45375  -  MemoryUsage of job (MB)
	46463180  -  ResidentSetSize of job (KB)
...
006 (4596774.000.000) 2025-01-30 19:29:26 Image size of job updated: 53726216
	48448  -  MemoryUsage of job (MB)
	49609740  -  ResidentSetSize of job (KB)
...
006 (4596774.000.000) 2025-01-30 19:29:27 Image size of job updated: 53726216
	48458  -  MemoryUsage of job (MB)
	49620624  -  ResidentSetSize of job (KB)
...
004 (4596774.000.000) 2025-01-30 19:29:27 Job was evicted.
	(0) CPU times
		Usr 0 01:06:48, Sys 0 00:07:48  -  Run Remote Usage
		Usr 0 00:00:00, Sys 0 00:00:00  -  Run Local Usage
	0  -  Run Bytes Sent By Job
	0  -  Run Bytes Received By Job
	Partitionable Resources :    Usage  Request Allocated 
	   Cpus                 :     1.37        1         1 
	   Disk (KB)            :     2           2   6681615 
	   Memory (MB)          : 48458      128192    128256 
	   xferslots            :                           0 
...
009 (4596774.000.000) 2025-01-30 19:29:27 Job was aborted.
	via condor_rm (by user sgross)

	Job terminated by <130.199.48.82:46828> at 2025-01-31T00:29:26Z (using method 1: DEACTIVATE_CLAIM).
...
000 (4597978.000.000) 2025-02-02 20:59:38 Job submitted from host: <130.199.48.82:9618?addrs=130.199.48.82-9618&alias=rcas2063.rcf.bnl.gov&noUDP&sock=schedd_23786_1176>
...
001 (4597978.000.000) 2025-02-02 21:06:06 Job executing on host: <130.199.207.224:9618?addrs=130.199.207.224-9618&alias=spool1511.sdcc.bnl.gov&noUDP&sock=startd_58964_760b>
...
006 (4597978.000.000) 2025-02-02 21:06:15 Image size of job updated: 474604
	336  -  MemoryUsage of job (MB)
	343152  -  ResidentSetSize of job (KB)
...
005 (4597978.000.000) 2025-02-02 21:06:16 Job terminated.
	(1) Normal termination (return value 139)
		Usr 0 00:00:05, Sys 0 00:00:02  -  Run Remote Usage
		Usr 0 00:00:00, Sys 0 00:00:00  -  Run Local Usage
		Usr 0 00:00:05, Sys 0 00:00:02  -  Total Remote Usage
		Usr 0 00:00:00, Sys 0 00:00:00  -  Total Local Usage
	0  -  Run Bytes Sent By Job
	0  -  Run Bytes Received By Job
	0  -  Total Bytes Sent By Job
	0  -  Total Bytes Received By Job
	Partitionable Resources :    Usage  Request Allocated 
	   Cpus                 :                 1         1 
	   Disk (KB)            :        2        2   6681241 
	   Memory (MB)          :      336   128192    128256 
	   xferslots            :                           0 

	Job terminated of its own accord at 2025-02-03T02:06:16Z with exit-code 139.
...
000 (4607695.000.000) 2025-02-03 00:29:10 Job submitted from host: <130.199.48.82:9618?addrs=130.199.48.82-9618&alias=rcas2063.rcf.bnl.gov&noUDP&sock=schedd_23786_1176>
...
