000 (4595615.000.000) 2025-01-28 23:08:56 Job submitted from host: <130.199.48.82:9618?addrs=130.199.48.82-9618&alias=rcas2063.rcf.bnl.gov&noUDP&sock=schedd_23786_1176>
...
001 (4595615.000.000) 2025-01-29 01:26:29 Job executing on host: <130.199.186.10:9618?addrs=130.199.186.10-9618&alias=spool1807.sdcc.bnl.gov&noUDP&sock=startd_68265_1c36>
...
006 (4595615.000.000) 2025-01-29 01:26:37 Image size of job updated: 158988
	90  -  MemoryUsage of job (MB)
	91364  -  ResidentSetSize of job (KB)
...
006 (4595615.000.000) 2025-01-29 01:26:42 Image size of job updated: 2924048
	90  -  MemoryUsage of job (MB)
	91400  -  ResidentSetSize of job (KB)
...
005 (4595615.000.000) 2025-01-29 01:26:42 Job terminated.
	(1) Normal termination (return value 0)
		Usr 0 00:00:04, Sys 0 00:00:02  -  Run Remote Usage
		Usr 0 00:00:00, Sys 0 00:00:00  -  Run Local Usage
		Usr 0 00:00:04, Sys 0 00:00:02  -  Total Remote Usage
		Usr 0 00:00:00, Sys 0 00:00:00  -  Total Local Usage
	0  -  Run Bytes Sent By Job
	0  -  Run Bytes Received By Job
	0  -  Total Bytes Sent By Job
	0  -  Total Bytes Received By Job
	Partitionable Resources :    Usage  Request Allocated 
	   Cpus                 :                 1         1 
	   Disk (KB)            :        2        2   6681630 
	   Memory (MB)          :       90   128192    128256 
	   xferslots            :                           0 

	Job terminated of its own accord at 2025-01-29T06:26:42Z with exit-code 0.
...
000 (4596636.000.000) 2025-01-30 00:27:46 Job submitted from host: <130.199.48.82:9618?addrs=130.199.48.82-9618&alias=rcas2063.rcf.bnl.gov&noUDP&sock=schedd_23786_1176>
...
001 (4596636.000.000) 2025-01-30 16:48:19 Job executing on host: <130.199.186.91:9618?addrs=130.199.186.91-9618&alias=spool1854.sdcc.bnl.gov&noUDP&sock=startd_48676_7062>
...
006 (4596636.000.000) 2025-01-30 16:48:29 Image size of job updated: 44604
	32  -  MemoryUsage of job (MB)
	32724  -  ResidentSetSize of job (KB)
...
006 (4596636.000.000) 2025-01-30 16:53:29 Image size of job updated: 5407048
	443  -  MemoryUsage of job (MB)
	452828  -  ResidentSetSize of job (KB)
...
006 (4596636.000.000) 2025-01-30 16:58:29 Image size of job updated: 5767668
	2606  -  MemoryUsage of job (MB)
	2668048  -  ResidentSetSize of job (KB)
...
006 (4596636.000.000) 2025-01-30 17:03:30 Image size of job updated: 9571384
	4794  -  MemoryUsage of job (MB)
	4908820  -  ResidentSetSize of job (KB)
...
006 (4596636.000.000) 2025-01-30 17:08:30 Image size of job updated: 10397956
	6834  -  MemoryUsage of job (MB)
	6997428  -  ResidentSetSize of job (KB)
...
006 (4596636.000.000) 2025-01-30 17:13:30 Image size of job updated: 13836648
	9715  -  MemoryUsage of job (MB)
	9947760  -  ResidentSetSize of job (KB)
...
006 (4596636.000.000) 2025-01-30 17:18:31 Image size of job updated: 14930368
	10819  -  MemoryUsage of job (MB)
	11078636  -  ResidentSetSize of job (KB)
...
006 (4596636.000.000) 2025-01-30 17:23:31 Image size of job updated: 17292796
	13868  -  MemoryUsage of job (MB)
	14200580  -  ResidentSetSize of job (KB)
...
006 (4596636.000.000) 2025-01-30 17:28:31 Image size of job updated: 19478508
	15102  -  MemoryUsage of job (MB)
	15463920  -  ResidentSetSize of job (KB)
...
006 (4596636.000.000) 2025-01-30 17:33:32 Image size of job updated: 22402148
	17715  -  MemoryUsage of job (MB)
	18139284  -  ResidentSetSize of job (KB)
...
006 (4596636.000.000) 2025-01-30 17:38:32 Image size of job updated: 23051408
	19473  -  MemoryUsage of job (MB)
	19939600  -  ResidentSetSize of job (KB)
...
006 (4596636.000.000) 2025-01-30 17:43:33 Image size of job updated: 26612132
	21638  -  MemoryUsage of job (MB)
	22156764  -  ResidentSetSize of job (KB)
...
006 (4596636.000.000) 2025-01-30 17:48:34 Image size of job updated: 27600708
	23461  -  MemoryUsage of job (MB)
	24023964  -  ResidentSetSize of job (KB)
...
006 (4596636.000.000) 2025-01-30 17:53:34 Image size of job updated: 30803212
	26365  -  MemoryUsage of job (MB)
	26997236  -  ResidentSetSize of job (KB)
...
006 (4596636.000.000) 2025-01-30 17:58:35 Image size of job updated: 32229132
	27787  -  MemoryUsage of job (MB)
	28453520  -  ResidentSetSize of job (KB)
...
006 (4596636.000.000) 2025-01-30 18:03:36 Image size of job updated: 35097944
	30855  -  MemoryUsage of job (MB)
	31595296  -  ResidentSetSize of job (KB)
...
006 (4596636.000.000) 2025-01-30 18:08:36 Image size of job updated: 36513108
	32126  -  MemoryUsage of job (MB)
	32896172  -  ResidentSetSize of job (KB)
...
006 (4596636.000.000) 2025-01-30 18:13:37 Image size of job updated: 39287760
	35265  -  MemoryUsage of job (MB)
	36111164  -  ResidentSetSize of job (KB)
...
006 (4596636.000.000) 2025-01-30 18:18:38 Image size of job updated: 40989680
	36834  -  MemoryUsage of job (MB)
	37717044  -  ResidentSetSize of job (KB)
...
006 (4596636.000.000) 2025-01-30 18:23:38 Image size of job updated: 45093600
	39304  -  MemoryUsage of job (MB)
	40247148  -  ResidentSetSize of job (KB)
...
006 (4596636.000.000) 2025-01-30 18:28:39 Image size of job updated: 45594272
	41274  -  MemoryUsage of job (MB)
	42264380  -  ResidentSetSize of job (KB)
...
006 (4596636.000.000) 2025-01-30 18:33:40 Image size of job updated: 49466020
	43641  -  MemoryUsage of job (MB)
	44688380  -  ResidentSetSize of job (KB)
...
006 (4596636.000.000) 2025-01-30 18:38:40 Image size of job updated: 50177020
	45911  -  MemoryUsage of job (MB)
	47012208  -  ResidentSetSize of job (KB)
...
006 (4596636.000.000) 2025-01-30 18:43:40 Image size of job updated: 53525260
	48374  -  MemoryUsage of job (MB)
	49534108  -  ResidentSetSize of job (KB)
...
006 (4596636.000.000) 2025-01-30 18:48:41 Image size of job updated: 57492436
	51457  -  MemoryUsage of job (MB)
	52691888  -  ResidentSetSize of job (KB)
...
006 (4596636.000.000) 2025-01-30 18:53:41 Image size of job updated: 58298180
	53994  -  MemoryUsage of job (MB)
	55289200  -  ResidentSetSize of job (KB)
...
006 (4596636.000.000) 2025-01-30 18:58:41 Image size of job updated: 62048124
	56471  -  MemoryUsage of job (MB)
	57825312  -  ResidentSetSize of job (KB)
...
006 (4596636.000.000) 2025-01-30 19:03:42 Image size of job updated: 65293464
	60674  -  MemoryUsage of job (MB)
	62129232  -  ResidentSetSize of job (KB)
...
006 (4596636.000.000) 2025-01-30 19:04:21 Image size of job updated: 65655772
	60674  -  MemoryUsage of job (MB)
	62129232  -  ResidentSetSize of job (KB)
...
005 (4596636.000.000) 2025-01-30 19:04:21 Job terminated.
	(1) Normal termination (return value 0)
		Usr 0 01:36:49, Sys 0 00:11:12  -  Run Remote Usage
		Usr 0 00:00:00, Sys 0 00:00:00  -  Run Local Usage
		Usr 0 01:36:49, Sys 0 00:11:12  -  Total Remote Usage
		Usr 0 00:00:00, Sys 0 00:00:00  -  Total Local Usage
	0  -  Run Bytes Sent By Job
	0  -  Run Bytes Received By Job
	0  -  Total Bytes Sent By Job
	0  -  Total Bytes Received By Job
	Partitionable Resources :    Usage  Request Allocated 
	   Cpus                 :     1.01        1         1 
	   Disk (KB)            :     2           2   6681632 
	   Memory (MB)          : 60674      128192    128256 
	   xferslots            :                           0 

	Job terminated of its own accord at 2025-01-31T00:04:21Z with exit-code 0.
...
000 (4597840.000.000) 2025-02-02 20:59:23 Job submitted from host: <130.199.48.82:9618?addrs=130.199.48.82-9618&alias=rcas2063.rcf.bnl.gov&noUDP&sock=schedd_23786_1176>
...
001 (4597840.000.000) 2025-02-02 21:05:52 Job executing on host: <130.199.184.211:9618?addrs=130.199.184.211-9618&alias=spool1786.sdcc.bnl.gov&noUDP&sock=startd_77954_8e6f>
...
006 (4597840.000.000) 2025-02-02 21:06:00 Image size of job updated: 468772
	335  -  MemoryUsage of job (MB)
	342108  -  ResidentSetSize of job (KB)
...
005 (4597840.000.000) 2025-02-02 21:06:01 Job terminated.
	(1) Normal termination (return value 139)
		Usr 0 00:00:05, Sys 0 00:00:02  -  Run Remote Usage
		Usr 0 00:00:00, Sys 0 00:00:00  -  Run Local Usage
		Usr 0 00:00:05, Sys 0 00:00:02  -  Total Remote Usage
		Usr 0 00:00:00, Sys 0 00:00:00  -  Total Local Usage
	0  -  Run Bytes Sent By Job
	0  -  Run Bytes Received By Job
	0  -  Total Bytes Sent By Job
	0  -  Total Bytes Received By Job
	Partitionable Resources :    Usage  Request Allocated 
	   Cpus                 :                 1         1 
	   Disk (KB)            :        2        2   6681627 
	   Memory (MB)          :      335   128192    128256 
	   xferslots            :                           0 

	Job terminated of its own accord at 2025-02-03T02:06:00Z with exit-code 139.
...
000 (4607557.000.000) 2025-02-03 00:28:54 Job submitted from host: <130.199.48.82:9618?addrs=130.199.48.82-9618&alias=rcas2063.rcf.bnl.gov&noUDP&sock=schedd_23786_1176>
...
