000 (4605724.000.000) 2025-02-02 21:17:52 Job submitted from host: <130.199.48.82:9618?addrs=130.199.48.82-9618&alias=rcas2063.rcf.bnl.gov&noUDP&sock=schedd_23786_1176>
...
001 (4605724.000.000) 2025-02-02 21:17:55 Job executing on host: <130.199.151.32:9618?addrs=130.199.151.32-9618&alias=spool1610.sdcc.bnl.gov&noUDP&sock=startd_73852_533e>
...
006 (4605724.000.000) 2025-02-02 21:18:03 Image size of job updated: 393852
	262  -  MemoryUsage of job (MB)
	267744  -  ResidentSetSize of job (KB)
...
006 (4605724.000.000) 2025-02-02 21:18:04 Image size of job updated: 396900
	265  -  MemoryUsage of job (MB)
	270792  -  ResidentSetSize of job (KB)
...
005 (4605724.000.000) 2025-02-02 21:18:05 Job terminated.
	(1) Normal termination (return value 139)
		Usr 0 00:00:06, Sys 0 00:00:02  -  Run Remote Usage
		Usr 0 00:00:00, Sys 0 00:00:00  -  Run Local Usage
		Usr 0 00:00:06, Sys 0 00:00:02  -  Total Remote Usage
		Usr 0 00:00:00, Sys 0 00:00:00  -  Total Local Usage
	0  -  Run Bytes Sent By Job
	0  -  Run Bytes Received By Job
	0  -  Total Bytes Sent By Job
	0  -  Total Bytes Received By Job
	Partitionable Resources :    Usage  Request Allocated 
	   Cpus                 :                 1         1 
	   Disk (KB)            :        2        2   6681229 
	   Memory (MB)          :      265   128192    128256 
	   xferslots            :                           0 

	Job terminated of its own accord at 2025-02-03T02:18:04Z with exit-code 139.
...
