000 (4602924.000.000) 2025-02-02 21:10:41 Job submitted from host: <130.199.48.82:9618?addrs=130.199.48.82-9618&alias=rcas2063.rcf.bnl.gov&noUDP&sock=schedd_23786_1176>
...
001 (4602924.000.000) 2025-02-02 21:12:36 Job executing on host: <130.199.184.197:9618?addrs=130.199.184.197-9618&alias=spool1772.sdcc.bnl.gov&noUDP&sock=startd_55688_a602>
...
006 (4602924.000.000) 2025-02-02 21:12:45 Image size of job updated: 287796
	168  -  MemoryUsage of job (MB)
	171488  -  ResidentSetSize of job (KB)
...
006 (4602924.000.000) 2025-02-02 21:12:48 Image size of job updated: 3388760
	168  -  MemoryUsage of job (MB)
	171488  -  ResidentSetSize of job (KB)
...
005 (4602924.000.000) 2025-02-02 21:12:48 Job terminated.
	(1) Normal termination (return value 139)
		Usr 0 00:00:06, Sys 0 00:00:01  -  Run Remote Usage
		Usr 0 00:00:00, Sys 0 00:00:00  -  Run Local Usage
		Usr 0 00:00:06, Sys 0 00:00:01  -  Total Remote Usage
		Usr 0 00:00:00, Sys 0 00:00:00  -  Total Local Usage
	0  -  Run Bytes Sent By Job
	0  -  Run Bytes Received By Job
	0  -  Total Bytes Sent By Job
	0  -  Total Bytes Received By Job
	Partitionable Resources :    Usage  Request Allocated 
	   Cpus                 :                 1         1 
	   Disk (KB)            :        2        2   6681633 
	   Memory (MB)          :      168   128192    128256 
	   xferslots            :                           0 

	Job terminated of its own accord at 2025-02-03T02:12:48Z with exit-code 139.
...
