000 (4596059.000.000) 2025-01-28 23:09:32 Job submitted from host: <130.199.48.82:9618?addrs=130.199.48.82-9618&alias=rcas2063.rcf.bnl.gov&noUDP&sock=schedd_23786_1176>
...
001 (4596059.000.000) 2025-01-29 01:33:45 Job executing on host: <130.199.184.198:9618?addrs=130.199.184.198-9618&alias=spool1773.sdcc.bnl.gov&noUDP&sock=startd_12597_e416>
...
006 (4596059.000.000) 2025-01-29 01:33:54 Image size of job updated: 147932
	77  -  MemoryUsage of job (MB)
	78628  -  ResidentSetSize of job (KB)
...
006 (4596059.000.000) 2025-01-29 01:34:11 Image size of job updated: 2919660
	77  -  MemoryUsage of job (MB)
	78636  -  ResidentSetSize of job (KB)
...
005 (4596059.000.000) 2025-01-29 01:34:12 Job terminated.
	(1) Normal termination (return value 0)
		Usr 0 00:00:04, Sys 0 00:00:02  -  Run Remote Usage
		Usr 0 00:00:00, Sys 0 00:00:00  -  Run Local Usage
		Usr 0 00:00:04, Sys 0 00:00:02  -  Total Remote Usage
		Usr 0 00:00:00, Sys 0 00:00:00  -  Total Local Usage
	0  -  Run Bytes Sent By Job
	0  -  Run Bytes Received By Job
	0  -  Total Bytes Sent By Job
	0  -  Total Bytes Received By Job
	Partitionable Resources :    Usage  Request Allocated 
	   Cpus                 :                 1         1 
	   Disk (KB)            :        2        2   6681627 
	   Memory (MB)          :       77   128192    128256 
	   xferslots            :                           0 

	Job terminated of its own accord at 2025-01-29T06:34:11Z with exit-code 0.
...
000 (4597080.000.000) 2025-01-30 00:28:29 Job submitted from host: <130.199.48.82:9618?addrs=130.199.48.82-9618&alias=rcas2063.rcf.bnl.gov&noUDP&sock=schedd_23786_1176>
...
009 (4597080.000.000) 2025-01-30 19:29:37 Job was aborted.
	via condor_rm (by user sgross)
...
000 (4598284.000.000) 2025-02-02 21:00:13 Job submitted from host: <130.199.48.82:9618?addrs=130.199.48.82-9618&alias=rcas2063.rcf.bnl.gov&noUDP&sock=schedd_23786_1176>
...
001 (4598284.000.000) 2025-02-02 21:06:36 Job executing on host: <130.199.150.74:9618?addrs=130.199.150.74-9618&alias=spool1555.sdcc.bnl.gov&noUDP&sock=startd_73494_05cf>
...
006 (4598284.000.000) 2025-02-02 21:06:45 Image size of job updated: 385824
	254  -  MemoryUsage of job (MB)
	259960  -  ResidentSetSize of job (KB)
...
006 (4598284.000.000) 2025-02-02 21:06:47 Image size of job updated: 469236
	255  -  MemoryUsage of job (MB)
	260736  -  ResidentSetSize of job (KB)
...
005 (4598284.000.000) 2025-02-02 21:06:47 Job terminated.
	(1) Normal termination (return value 139)
		Usr 0 00:00:07, Sys 0 00:00:02  -  Run Remote Usage
		Usr 0 00:00:00, Sys 0 00:00:00  -  Run Local Usage
		Usr 0 00:00:07, Sys 0 00:00:02  -  Total Remote Usage
		Usr 0 00:00:00, Sys 0 00:00:00  -  Total Local Usage
	0  -  Run Bytes Sent By Job
	0  -  Run Bytes Received By Job
	0  -  Total Bytes Sent By Job
	0  -  Total Bytes Received By Job
	Partitionable Resources :    Usage  Request Allocated 
	   Cpus                 :                 1         1 
	   Disk (KB)            :        2        2   6681245 
	   Memory (MB)          :      255   128192    128256 
	   xferslots            :                           0 

	Job terminated of its own accord at 2025-02-03T02:06:47Z with exit-code 139.
...
000 (4608001.000.000) 2025-02-03 00:29:45 Job submitted from host: <130.199.48.82:9618?addrs=130.199.48.82-9618&alias=rcas2063.rcf.bnl.gov&noUDP&sock=schedd_23786_1176>
...
