000 (4596121.000.000) 2025-01-28 23:09:37 Job submitted from host: <130.199.48.82:9618?addrs=130.199.48.82-9618&alias=rcas2063.rcf.bnl.gov&noUDP&sock=schedd_23786_1176>
...
001 (4596121.000.000) 2025-01-29 01:34:44 Job executing on host: <130.199.151.22:9618?addrs=130.199.151.22-9618&alias=spool1600.sdcc.bnl.gov&noUDP&sock=startd_27627_b23b>
...
006 (4596121.000.000) 2025-01-29 01:34:53 Image size of job updated: 148816
	79  -  MemoryUsage of job (MB)
	80272  -  ResidentSetSize of job (KB)
...
006 (4596121.000.000) 2025-01-29 01:35:00 Image size of job updated: 577148
	79  -  MemoryUsage of job (MB)
	80280  -  ResidentSetSize of job (KB)
...
005 (4596121.000.000) 2025-01-29 01:35:01 Job terminated.
	(1) Normal termination (return value 0)
		Usr 0 00:00:03, Sys 0 00:00:01  -  Run Remote Usage
		Usr 0 00:00:00, Sys 0 00:00:00  -  Run Local Usage
		Usr 0 00:00:03, Sys 0 00:00:01  -  Total Remote Usage
		Usr 0 00:00:00, Sys 0 00:00:00  -  Total Local Usage
	0  -  Run Bytes Sent By Job
	0  -  Run Bytes Received By Job
	0  -  Total Bytes Sent By Job
	0  -  Total Bytes Received By Job
	Partitionable Resources :    Usage  Request Allocated 
	   Cpus                 :                 1         1 
	   Disk (KB)            :        2        2   6681234 
	   Memory (MB)          :       79   128192    128256 
	   xferslots            :                           0 

	Job terminated of its own accord at 2025-01-29T06:35:00Z with exit-code 0.
...
000 (4597142.000.000) 2025-01-30 00:28:35 Job submitted from host: <130.199.48.82:9618?addrs=130.199.48.82-9618&alias=rcas2063.rcf.bnl.gov&noUDP&sock=schedd_23786_1176>
...
009 (4597142.000.000) 2025-01-30 19:29:36 Job was aborted.
	via condor_rm (by user sgross)
...
000 (4598346.000.000) 2025-02-02 21:00:20 Job submitted from host: <130.199.48.82:9618?addrs=130.199.48.82-9618&alias=rcas2063.rcf.bnl.gov&noUDP&sock=schedd_23786_1176>
...
001 (4598346.000.000) 2025-02-02 21:06:41 Job executing on host: <130.199.150.90:9618?addrs=130.199.150.90-9618&alias=spool1571.sdcc.bnl.gov&noUDP&sock=startd_39549_dbd4>
...
006 (4598346.000.000) 2025-02-02 21:06:49 Image size of job updated: 356372
	113  -  MemoryUsage of job (MB)
	114904  -  ResidentSetSize of job (KB)
...
006 (4598346.000.000) 2025-02-02 21:06:55 Image size of job updated: 356372
	113  -  MemoryUsage of job (MB)
	114972  -  ResidentSetSize of job (KB)
...
005 (4598346.000.000) 2025-02-02 21:06:55 Job terminated.
	(1) Normal termination (return value 139)
		Usr 0 00:00:06, Sys 0 00:00:03  -  Run Remote Usage
		Usr 0 00:00:00, Sys 0 00:00:00  -  Run Local Usage
		Usr 0 00:00:06, Sys 0 00:00:03  -  Total Remote Usage
		Usr 0 00:00:00, Sys 0 00:00:00  -  Total Local Usage
	0  -  Run Bytes Sent By Job
	0  -  Run Bytes Received By Job
	0  -  Total Bytes Sent By Job
	0  -  Total Bytes Received By Job
	Partitionable Resources :    Usage  Request Allocated 
	   Cpus                 :     0.32        1         1 
	   Disk (KB)            :     2           2   6681235 
	   Memory (MB)          :   113      128192    128256 
	   xferslots            :                           0 

	Job terminated of its own accord at 2025-02-03T02:06:55Z with exit-code 139.
...
000 (4608063.000.000) 2025-02-03 00:29:52 Job submitted from host: <130.199.48.82:9618?addrs=130.199.48.82-9618&alias=rcas2063.rcf.bnl.gov&noUDP&sock=schedd_23786_1176>
...
