000 (4596068.000.000) 2025-01-28 23:09:33 Job submitted from host: <130.199.48.82:9618?addrs=130.199.48.82-9618&alias=rcas2063.rcf.bnl.gov&noUDP&sock=schedd_23786_1176>
...
001 (4596068.000.000) 2025-01-29 01:33:57 Job executing on host: <130.199.184.213:9618?addrs=130.199.184.213-9618&alias=spool1788.sdcc.bnl.gov&noUDP&sock=startd_11823_ee03>
...
006 (4596068.000.000) 2025-01-29 01:34:05 Image size of job updated: 325628
	90  -  MemoryUsage of job (MB)
	91896  -  ResidentSetSize of job (KB)
...
006 (4596068.000.000) 2025-01-29 01:34:10 Image size of job updated: 325628
	90  -  MemoryUsage of job (MB)
	91968  -  ResidentSetSize of job (KB)
...
005 (4596068.000.000) 2025-01-29 01:34:10 Job terminated.
	(1) Normal termination (return value 0)
		Usr 0 00:00:03, Sys 0 00:00:01  -  Run Remote Usage
		Usr 0 00:00:00, Sys 0 00:00:00  -  Run Local Usage
		Usr 0 00:00:03, Sys 0 00:00:01  -  Total Remote Usage
		Usr 0 00:00:00, Sys 0 00:00:00  -  Total Local Usage
	0  -  Run Bytes Sent By Job
	0  -  Run Bytes Received By Job
	0  -  Total Bytes Sent By Job
	0  -  Total Bytes Received By Job
	Partitionable Resources :    Usage  Request Allocated 
	   Cpus                 :                 1         1 
	   Disk (KB)            :        2        2   6681619 
	   Memory (MB)          :       90   128192    128256 
	   xferslots            :                           0 

	Job terminated of its own accord at 2025-01-29T06:34:10Z with exit-code 0.
...
000 (4597089.000.000) 2025-01-30 00:28:30 Job submitted from host: <130.199.48.82:9618?addrs=130.199.48.82-9618&alias=rcas2063.rcf.bnl.gov&noUDP&sock=schedd_23786_1176>
...
009 (4597089.000.000) 2025-01-30 19:29:38 Job was aborted.
	via condor_rm (by user sgross)
...
000 (4598293.000.000) 2025-02-02 21:00:14 Job submitted from host: <130.199.48.82:9618?addrs=130.199.48.82-9618&alias=rcas2063.rcf.bnl.gov&noUDP&sock=schedd_23786_1176>
...
001 (4598293.000.000) 2025-02-02 21:06:37 Job executing on host: <130.199.151.8:9618?addrs=130.199.151.8-9618&alias=spool1586.sdcc.bnl.gov&noUDP&sock=startd_10002_9b31>
...
006 (4598293.000.000) 2025-02-02 21:06:45 Image size of job updated: 463800
	324  -  MemoryUsage of job (MB)
	331460  -  ResidentSetSize of job (KB)
...
006 (4598293.000.000) 2025-02-02 21:06:46 Image size of job updated: 470336
	326  -  MemoryUsage of job (MB)
	332980  -  ResidentSetSize of job (KB)
...
005 (4598293.000.000) 2025-02-02 21:06:46 Job terminated.
	(1) Normal termination (return value 139)
		Usr 0 00:00:05, Sys 0 00:00:01  -  Run Remote Usage
		Usr 0 00:00:00, Sys 0 00:00:00  -  Run Local Usage
		Usr 0 00:00:05, Sys 0 00:00:01  -  Total Remote Usage
		Usr 0 00:00:00, Sys 0 00:00:00  -  Total Local Usage
	0  -  Run Bytes Sent By Job
	0  -  Run Bytes Received By Job
	0  -  Total Bytes Sent By Job
	0  -  Total Bytes Received By Job
	Partitionable Resources :    Usage  Request Allocated 
	   Cpus                 :                 1         1 
	   Disk (KB)            :        2        2   6681168 
	   Memory (MB)          :      326   128192    128256 
	   xferslots            :                           0 

	Job terminated of its own accord at 2025-02-03T02:06:46Z with exit-code 139.
...
000 (4608010.000.000) 2025-02-03 00:29:46 Job submitted from host: <130.199.48.82:9618?addrs=130.199.48.82-9618&alias=rcas2063.rcf.bnl.gov&noUDP&sock=schedd_23786_1176>
...
