000 (4595246.000.000) 2025-01-28 23:08:26 Job submitted from host: <130.199.48.82:9618?addrs=130.199.48.82-9618&alias=rcas2063.rcf.bnl.gov&noUDP&sock=schedd_23786_1176>
...
001 (4595246.000.000) 2025-01-29 01:11:13 Job executing on host: <130.199.186.82:9618?addrs=130.199.186.82-9618&alias=spool1845.sdcc.bnl.gov&noUDP&sock=startd_71843_8085>
...
006 (4595246.000.000) 2025-01-29 01:11:22 Image size of job updated: 574092
	119  -  MemoryUsage of job (MB)
	121244  -  ResidentSetSize of job (KB)
...
005 (4595246.000.000) 2025-01-29 01:11:26 Job terminated.
	(1) Normal termination (return value 0)
		Usr 0 00:00:04, Sys 0 00:00:01  -  Run Remote Usage
		Usr 0 00:00:00, Sys 0 00:00:00  -  Run Local Usage
		Usr 0 00:00:04, Sys 0 00:00:01  -  Total Remote Usage
		Usr 0 00:00:00, Sys 0 00:00:00  -  Total Local Usage
	0  -  Run Bytes Sent By Job
	0  -  Run Bytes Received By Job
	0  -  Total Bytes Sent By Job
	0  -  Total Bytes Received By Job
	Partitionable Resources :    Usage  Request Allocated 
	   Cpus                 :                 1         1 
	   Disk (KB)            :        2        2   6681620 
	   Memory (MB)          :      119   128192    128256 
	   xferslots            :                           0 

	Job terminated of its own accord at 2025-01-29T06:11:25Z with exit-code 0.
...
000 (4596267.000.000) 2025-01-30 00:27:09 Job submitted from host: <130.199.48.82:9618?addrs=130.199.48.82-9618&alias=rcas2063.rcf.bnl.gov&noUDP&sock=schedd_23786_1176>
...
001 (4596267.000.000) 2025-01-30 11:23:44 Job executing on host: <130.199.186.28:9618?addrs=130.199.186.28-9618&alias=spool1825.sdcc.bnl.gov&noUDP&sock=startd_62164_3881>
...
006 (4596267.000.000) 2025-01-30 11:23:52 Image size of job updated: 51024
	7  -  MemoryUsage of job (MB)
	6460  -  ResidentSetSize of job (KB)
...
006 (4596267.000.000) 2025-01-30 11:28:52 Image size of job updated: 4553908
	721  -  MemoryUsage of job (MB)
	737620  -  ResidentSetSize of job (KB)
...
006 (4596267.000.000) 2025-01-30 11:33:53 Image size of job updated: 6935680
	3742  -  MemoryUsage of job (MB)
	3831488  -  ResidentSetSize of job (KB)
...
006 (4596267.000.000) 2025-01-30 11:38:53 Image size of job updated: 9163584
	5354  -  MemoryUsage of job (MB)
	5481616  -  ResidentSetSize of job (KB)
...
006 (4596267.000.000) 2025-01-30 11:43:53 Image size of job updated: 12178620
	8428  -  MemoryUsage of job (MB)
	8630212  -  ResidentSetSize of job (KB)
...
006 (4596267.000.000) 2025-01-30 11:48:54 Image size of job updated: 13460828
	9845  -  MemoryUsage of job (MB)
	10081064  -  ResidentSetSize of job (KB)
...
006 (4596267.000.000) 2025-01-30 11:53:55 Image size of job updated: 17321372
	12442  -  MemoryUsage of job (MB)
	12739896  -  ResidentSetSize of job (KB)
...
006 (4596267.000.000) 2025-01-30 11:58:55 Image size of job updated: 18694212
	15245  -  MemoryUsage of job (MB)
	15610276  -  ResidentSetSize of job (KB)
...
006 (4596267.000.000) 2025-01-30 12:03:56 Image size of job updated: 21933676
	17073  -  MemoryUsage of job (MB)
	17482000  -  ResidentSetSize of job (KB)
...
006 (4596267.000.000) 2025-01-30 12:08:56 Image size of job updated: 23036688
	19504  -  MemoryUsage of job (MB)
	19971216  -  ResidentSetSize of job (KB)
...
006 (4596267.000.000) 2025-01-30 12:13:56 Image size of job updated: 26692492
	21434  -  MemoryUsage of job (MB)
	21947868  -  ResidentSetSize of job (KB)
...
006 (4596267.000.000) 2025-01-30 12:18:57 Image size of job updated: 27773852
	24010  -  MemoryUsage of job (MB)
	24585980  -  ResidentSetSize of job (KB)
...
006 (4596267.000.000) 2025-01-30 12:23:58 Image size of job updated: 30724040
	25724  -  MemoryUsage of job (MB)
	26341096  -  ResidentSetSize of job (KB)
...
006 (4596267.000.000) 2025-01-30 12:28:58 Image size of job updated: 32253596
	28406  -  MemoryUsage of job (MB)
	29087576  -  ResidentSetSize of job (KB)
...
006 (4596267.000.000) 2025-01-30 12:33:59 Image size of job updated: 34837020
	29998  -  MemoryUsage of job (MB)
	30717468  -  ResidentSetSize of job (KB)
...
006 (4596267.000.000) 2025-01-30 12:39:00 Image size of job updated: 37004940
	33231  -  MemoryUsage of job (MB)
	34028268  -  ResidentSetSize of job (KB)
...
006 (4596267.000.000) 2025-01-30 12:44:00 Image size of job updated: 39155776
	34273  -  MemoryUsage of job (MB)
	35095416  -  ResidentSetSize of job (KB)
...
006 (4596267.000.000) 2025-01-30 12:49:00 Image size of job updated: 41477844
	37514  -  MemoryUsage of job (MB)
	38413924  -  ResidentSetSize of job (KB)
...
006 (4596267.000.000) 2025-01-30 12:54:01 Image size of job updated: 43593876
	38449  -  MemoryUsage of job (MB)
	39370760  -  ResidentSetSize of job (KB)
...
006 (4596267.000.000) 2025-01-30 12:59:01 Image size of job updated: 45636272
	41399  -  MemoryUsage of job (MB)
	42392000  -  ResidentSetSize of job (KB)
...
006 (4596267.000.000) 2025-01-30 13:04:01 Image size of job updated: 48684628
	43317  -  MemoryUsage of job (MB)
	44356448  -  ResidentSetSize of job (KB)
...
006 (4596267.000.000) 2025-01-30 13:09:02 Image size of job updated: 50901048
	46477  -  MemoryUsage of job (MB)
	47591452  -  ResidentSetSize of job (KB)
...
006 (4596267.000.000) 2025-01-30 13:14:03 Image size of job updated: 52783728
	47977  -  MemoryUsage of job (MB)
	49127844  -  ResidentSetSize of job (KB)
...
006 (4596267.000.000) 2025-01-30 13:19:03 Image size of job updated: 56392172
	51208  -  MemoryUsage of job (MB)
	52436544  -  ResidentSetSize of job (KB)
...
006 (4596267.000.000) 2025-01-30 13:24:04 Image size of job updated: 57562604
	52790  -  MemoryUsage of job (MB)
	54056596  -  ResidentSetSize of job (KB)
...
006 (4596267.000.000) 2025-01-30 13:29:05 Image size of job updated: 61185192
	55681  -  MemoryUsage of job (MB)
	57017140  -  ResidentSetSize of job (KB)
...
006 (4596267.000.000) 2025-01-30 13:34:05 Image size of job updated: 62517136
	57803  -  MemoryUsage of job (MB)
	59189784  -  ResidentSetSize of job (KB)
...
006 (4596267.000.000) 2025-01-30 13:36:30 Image size of job updated: 64066168
	57803  -  MemoryUsage of job (MB)
	59189784  -  ResidentSetSize of job (KB)
...
005 (4596267.000.000) 2025-01-30 13:36:31 Job terminated.
	(1) Normal termination (return value 0)
		Usr 0 01:43:49, Sys 0 00:10:47  -  Run Remote Usage
		Usr 0 00:00:00, Sys 0 00:00:00  -  Run Local Usage
		Usr 0 01:43:49, Sys 0 00:10:47  -  Total Remote Usage
		Usr 0 00:00:00, Sys 0 00:00:00  -  Total Local Usage
	0  -  Run Bytes Sent By Job
	0  -  Run Bytes Received By Job
	0  -  Total Bytes Sent By Job
	0  -  Total Bytes Received By Job
	Partitionable Resources :    Usage  Request Allocated 
	   Cpus                 :     0.96        1         1 
	   Disk (KB)            :     2           2   6681629 
	   Memory (MB)          : 57803      128192    128256 
	   xferslots            :                           0 

	Job terminated of its own accord at 2025-01-30T18:36:30Z with exit-code 0.
...
000 (4597471.000.000) 2025-02-02 20:58:41 Job submitted from host: <130.199.48.82:9618?addrs=130.199.48.82-9618&alias=rcas2063.rcf.bnl.gov&noUDP&sock=schedd_23786_1176>
...
001 (4597471.000.000) 2025-02-02 21:04:46 Job executing on host: <130.199.207.223:9618?addrs=130.199.207.223-9618&alias=spool1510.sdcc.bnl.gov&noUDP&sock=startd_44340_2655>
...
006 (4597471.000.000) 2025-02-02 21:04:55 Image size of job updated: 562456
	146  -  MemoryUsage of job (MB)
	149024  -  ResidentSetSize of job (KB)
...
005 (4597471.000.000) 2025-02-02 21:04:59 Job terminated.
	(1) Normal termination (return value 139)
		Usr 0 00:00:05, Sys 0 00:00:03  -  Run Remote Usage
		Usr 0 00:00:00, Sys 0 00:00:00  -  Run Local Usage
		Usr 0 00:00:05, Sys 0 00:00:03  -  Total Remote Usage
		Usr 0 00:00:00, Sys 0 00:00:00  -  Total Local Usage
	0  -  Run Bytes Sent By Job
	0  -  Run Bytes Received By Job
	0  -  Total Bytes Sent By Job
	0  -  Total Bytes Received By Job
	Partitionable Resources :    Usage  Request Allocated 
	   Cpus                 :                 1         1 
	   Disk (KB)            :        2        2   6681171 
	   Memory (MB)          :      146   128192    128256 
	   xferslots            :                           0 

	Job terminated of its own accord at 2025-02-03T02:04:59Z with exit-code 139.
...
000 (4607188.000.000) 2025-02-03 00:28:12 Job submitted from host: <130.199.48.82:9618?addrs=130.199.48.82-9618&alias=rcas2063.rcf.bnl.gov&noUDP&sock=schedd_23786_1176>
...
