000 (4595580.000.000) 2025-01-28 23:08:53 Job submitted from host: <130.199.48.82:9618?addrs=130.199.48.82-9618&alias=rcas2063.rcf.bnl.gov&noUDP&sock=schedd_23786_1176>
...
001 (4595580.000.000) 2025-01-29 01:25:53 Job executing on host: <130.199.186.21:9618?addrs=130.199.186.21-9618&alias=spool1818.sdcc.bnl.gov&noUDP&sock=startd_15937_f573>
...
006 (4595580.000.000) 2025-01-29 01:26:02 Image size of job updated: 372692
	140  -  MemoryUsage of job (MB)
	142960  -  ResidentSetSize of job (KB)
...
006 (4595580.000.000) 2025-01-29 01:26:03 Image size of job updated: 372692
	140  -  MemoryUsage of job (MB)
	143036  -  ResidentSetSize of job (KB)
...
005 (4595580.000.000) 2025-01-29 01:26:03 Job terminated.
	(1) Normal termination (return value 0)
		Usr 0 00:00:04, Sys 0 00:00:02  -  Run Remote Usage
		Usr 0 00:00:00, Sys 0 00:00:00  -  Run Local Usage
		Usr 0 00:00:04, Sys 0 00:00:02  -  Total Remote Usage
		Usr 0 00:00:00, Sys 0 00:00:00  -  Total Local Usage
	0  -  Run Bytes Sent By Job
	0  -  Run Bytes Received By Job
	0  -  Total Bytes Sent By Job
	0  -  Total Bytes Received By Job
	Partitionable Resources :    Usage  Request Allocated 
	   Cpus                 :                 1         1 
	   Disk (KB)            :        2        2   6681615 
	   Memory (MB)          :      140   128192    128256 
	   xferslots            :                           0 

	Job terminated of its own accord at 2025-01-29T06:26:03Z with exit-code 0.
...
000 (4596601.000.000) 2025-01-30 00:27:42 Job submitted from host: <130.199.48.82:9618?addrs=130.199.48.82-9618&alias=rcas2063.rcf.bnl.gov&noUDP&sock=schedd_23786_1176>
...
001 (4596601.000.000) 2025-01-30 16:24:28 Job executing on host: <130.199.151.6:9618?addrs=130.199.151.6-9618&alias=spool1584.sdcc.bnl.gov&noUDP&sock=startd_2695_0870>
...
006 (4596601.000.000) 2025-01-30 16:24:37 Image size of job updated: 71676
	39  -  MemoryUsage of job (MB)
	39588  -  ResidentSetSize of job (KB)
...
006 (4596601.000.000) 2025-01-30 16:29:37 Image size of job updated: 4786264
	1250  -  MemoryUsage of job (MB)
	1279108  -  ResidentSetSize of job (KB)
...
006 (4596601.000.000) 2025-01-30 16:34:37 Image size of job updated: 8936908
	4662  -  MemoryUsage of job (MB)
	4773620  -  ResidentSetSize of job (KB)
...
006 (4596601.000.000) 2025-01-30 16:39:39 Image size of job updated: 12227324
	8303  -  MemoryUsage of job (MB)
	8502268  -  ResidentSetSize of job (KB)
...
006 (4596601.000.000) 2025-01-30 16:44:39 Image size of job updated: 14928284
	11692  -  MemoryUsage of job (MB)
	11971744  -  ResidentSetSize of job (KB)
...
006 (4596601.000.000) 2025-01-30 16:49:39 Image size of job updated: 17114568
	13622  -  MemoryUsage of job (MB)
	13948852  -  ResidentSetSize of job (KB)
...
006 (4596601.000.000) 2025-01-30 16:54:40 Image size of job updated: 21076812
	16279  -  MemoryUsage of job (MB)
	16669316  -  ResidentSetSize of job (KB)
...
006 (4596601.000.000) 2025-01-30 16:59:41 Image size of job updated: 23512892
	19891  -  MemoryUsage of job (MB)
	20368216  -  ResidentSetSize of job (KB)
...
006 (4596601.000.000) 2025-01-30 17:04:41 Image size of job updated: 26233164
	22055  -  MemoryUsage of job (MB)
	22584244  -  ResidentSetSize of job (KB)
...
006 (4596601.000.000) 2025-01-30 17:09:42 Image size of job updated: 29743856
	25544  -  MemoryUsage of job (MB)
	26156896  -  ResidentSetSize of job (KB)
...
006 (4596601.000.000) 2025-01-30 17:14:43 Image size of job updated: 31079708
	26828  -  MemoryUsage of job (MB)
	27471288  -  ResidentSetSize of job (KB)
...
006 (4596601.000.000) 2025-01-30 17:19:43 Image size of job updated: 34001628
	29479  -  MemoryUsage of job (MB)
	30186132  -  ResidentSetSize of job (KB)
...
006 (4596601.000.000) 2025-01-30 17:24:43 Image size of job updated: 35312468
	30792  -  MemoryUsage of job (MB)
	31530972  -  ResidentSetSize of job (KB)
...
006 (4596601.000.000) 2025-01-30 17:29:44 Image size of job updated: 38440272
	33001  -  MemoryUsage of job (MB)
	33792624  -  ResidentSetSize of job (KB)
...
006 (4596601.000.000) 2025-01-30 17:34:44 Image size of job updated: 38737596
	34390  -  MemoryUsage of job (MB)
	35215016  -  ResidentSetSize of job (KB)
...
006 (4596601.000.000) 2025-01-30 17:39:44 Image size of job updated: 42300976
	37160  -  MemoryUsage of job (MB)
	38050988  -  ResidentSetSize of job (KB)
...
006 (4596601.000.000) 2025-01-30 17:44:45 Image size of job updated: 43017124
	38326  -  MemoryUsage of job (MB)
	39245208  -  ResidentSetSize of job (KB)
...
006 (4596601.000.000) 2025-01-30 17:49:45 Image size of job updated: 45471208
	41451  -  MemoryUsage of job (MB)
	42444992  -  ResidentSetSize of job (KB)
...
006 (4596601.000.000) 2025-01-30 17:51:09 Image size of job updated: 46282604
	41451  -  MemoryUsage of job (MB)
	42444992  -  ResidentSetSize of job (KB)
...
005 (4596601.000.000) 2025-01-30 17:51:09 Job terminated.
	(1) Normal termination (return value 0)
		Usr 0 01:06:14, Sys 0 00:07:41  -  Run Remote Usage
		Usr 0 00:00:00, Sys 0 00:00:00  -  Run Local Usage
		Usr 0 01:06:14, Sys 0 00:07:41  -  Total Remote Usage
		Usr 0 00:00:00, Sys 0 00:00:00  -  Total Local Usage
	0  -  Run Bytes Sent By Job
	0  -  Run Bytes Received By Job
	0  -  Total Bytes Sent By Job
	0  -  Total Bytes Received By Job
	Partitionable Resources :    Usage  Request Allocated 
	   Cpus                 :     0.86        1         1 
	   Disk (KB)            :     2           2   6681224 
	   Memory (MB)          : 41451      128192    128256 
	   xferslots            :                           0 

	Job terminated of its own accord at 2025-01-30T22:51:09Z with exit-code 0.
...
000 (4597805.000.000) 2025-02-02 20:59:19 Job submitted from host: <130.199.48.82:9618?addrs=130.199.48.82-9618&alias=rcas2063.rcf.bnl.gov&noUDP&sock=schedd_23786_1176>
...
001 (4597805.000.000) 2025-02-02 21:05:46 Job executing on host: <130.199.186.8:9618?addrs=130.199.186.8-9618&alias=spool1805.sdcc.bnl.gov&noUDP&sock=startd_47947_b83e>
...
006 (4597805.000.000) 2025-02-02 21:05:55 Image size of job updated: 422200
	0  -  MemoryUsage of job (MB)
	0  -  ResidentSetSize of job (KB)
...
005 (4597805.000.000) 2025-02-02 21:05:55 Job terminated.
	(1) Normal termination (return value 139)
		Usr 0 00:00:06, Sys 0 00:00:01  -  Run Remote Usage
		Usr 0 00:00:00, Sys 0 00:00:00  -  Run Local Usage
		Usr 0 00:00:06, Sys 0 00:00:01  -  Total Remote Usage
		Usr 0 00:00:00, Sys 0 00:00:00  -  Total Local Usage
	0  -  Run Bytes Sent By Job
	0  -  Run Bytes Received By Job
	0  -  Total Bytes Sent By Job
	0  -  Total Bytes Received By Job
	Partitionable Resources :    Usage  Request Allocated 
	   Cpus                 :                 1         1 
	   Disk (KB)            :        2        2   6681622 
	   Memory (MB)          :        0   128192    128256 
	   xferslots            :                           0 

	Job terminated of its own accord at 2025-02-03T02:05:55Z with exit-code 139.
...
000 (4607522.000.000) 2025-02-03 00:28:50 Job submitted from host: <130.199.48.82:9618?addrs=130.199.48.82-9618&alias=rcas2063.rcf.bnl.gov&noUDP&sock=schedd_23786_1176>
...
