000 (4595561.000.000) 2025-01-28 23:08:52 Job submitted from host: <130.199.48.82:9618?addrs=130.199.48.82-9618&alias=rcas2063.rcf.bnl.gov&noUDP&sock=schedd_23786_1176>
...
001 (4595561.000.000) 2025-01-29 01:25:30 Job executing on host: <130.199.186.92:9618?addrs=130.199.186.92-9618&alias=spool1855.sdcc.bnl.gov&noUDP&sock=startd_51230_bf6c>
...
006 (4595561.000.000) 2025-01-29 01:25:39 Image size of job updated: 147908
	76  -  MemoryUsage of job (MB)
	77480  -  ResidentSetSize of job (KB)
...
006 (4595561.000.000) 2025-01-29 01:25:47 Image size of job updated: 605816
	76  -  MemoryUsage of job (MB)
	77480  -  ResidentSetSize of job (KB)
...
005 (4595561.000.000) 2025-01-29 01:25:47 Job terminated.
	(1) Normal termination (return value 0)
		Usr 0 00:00:04, Sys 0 00:00:01  -  Run Remote Usage
		Usr 0 00:00:00, Sys 0 00:00:00  -  Run Local Usage
		Usr 0 00:00:04, Sys 0 00:00:01  -  Total Remote Usage
		Usr 0 00:00:00, Sys 0 00:00:00  -  Total Local Usage
	0  -  Run Bytes Sent By Job
	0  -  Run Bytes Received By Job
	0  -  Total Bytes Sent By Job
	0  -  Total Bytes Received By Job
	Partitionable Resources :    Usage  Request Allocated 
	   Cpus                 :                 1         1 
	   Disk (KB)            :        2        2   6681629 
	   Memory (MB)          :       76   128192    128256 
	   xferslots            :                           0 

	Job terminated of its own accord at 2025-01-29T06:25:47Z with exit-code 0.
...
000 (4596582.000.000) 2025-01-30 00:27:41 Job submitted from host: <130.199.48.82:9618?addrs=130.199.48.82-9618&alias=rcas2063.rcf.bnl.gov&noUDP&sock=schedd_23786_1176>
...
001 (4596582.000.000) 2025-01-30 16:12:53 Job executing on host: <130.199.207.220:9618?addrs=130.199.207.220-9618&alias=spool1507.sdcc.bnl.gov&noUDP&sock=startd_19017_bd6b>
...
006 (4596582.000.000) 2025-01-30 16:13:01 Image size of job updated: 298416
	65  -  MemoryUsage of job (MB)
	66296  -  ResidentSetSize of job (KB)
...
006 (4596582.000.000) 2025-01-30 16:18:01 Image size of job updated: 5568900
	1318  -  MemoryUsage of job (MB)
	1349236  -  ResidentSetSize of job (KB)
...
006 (4596582.000.000) 2025-01-30 16:23:02 Image size of job updated: 8886392
	5520  -  MemoryUsage of job (MB)
	5651668  -  ResidentSetSize of job (KB)
...
006 (4596582.000.000) 2025-01-30 16:28:02 Image size of job updated: 11833688
	8565  -  MemoryUsage of job (MB)
	8769724  -  ResidentSetSize of job (KB)
...
006 (4596582.000.000) 2025-01-30 16:33:02 Image size of job updated: 14813708
	11553  -  MemoryUsage of job (MB)
	11830164  -  ResidentSetSize of job (KB)
...
006 (4596582.000.000) 2025-01-30 16:38:03 Image size of job updated: 19202360
	14714  -  MemoryUsage of job (MB)
	15066128  -  ResidentSetSize of job (KB)
...
006 (4596582.000.000) 2025-01-30 16:43:04 Image size of job updated: 23513312
	18434  -  MemoryUsage of job (MB)
	18875792  -  ResidentSetSize of job (KB)
...
006 (4596582.000.000) 2025-01-30 16:48:04 Image size of job updated: 26079328
	22331  -  MemoryUsage of job (MB)
	22866108  -  ResidentSetSize of job (KB)
...
006 (4596582.000.000) 2025-01-30 16:53:05 Image size of job updated: 28966148
	25281  -  MemoryUsage of job (MB)
	25886952  -  ResidentSetSize of job (KB)
...
006 (4596582.000.000) 2025-01-30 16:58:06 Image size of job updated: 32253668
	28607  -  MemoryUsage of job (MB)
	29293112  -  ResidentSetSize of job (KB)
...
006 (4596582.000.000) 2025-01-30 17:03:06 Image size of job updated: 36268420
	31793  -  MemoryUsage of job (MB)
	32555120  -  ResidentSetSize of job (KB)
...
006 (4596582.000.000) 2025-01-30 17:08:06 Image size of job updated: 40168068
	34914  -  MemoryUsage of job (MB)
	35751060  -  ResidentSetSize of job (KB)
...
006 (4596582.000.000) 2025-01-30 17:13:07 Image size of job updated: 43735112
	38169  -  MemoryUsage of job (MB)
	39084672  -  ResidentSetSize of job (KB)
...
006 (4596582.000.000) 2025-01-30 17:18:07 Image size of job updated: 45327576
	41244  -  MemoryUsage of job (MB)
	42233488  -  ResidentSetSize of job (KB)
...
006 (4596582.000.000) 2025-01-30 17:23:08 Image size of job updated: 48457052
	43625  -  MemoryUsage of job (MB)
	44671828  -  ResidentSetSize of job (KB)
...
006 (4596582.000.000) 2025-01-30 17:28:09 Image size of job updated: 52529104
	46645  -  MemoryUsage of job (MB)
	47764140  -  ResidentSetSize of job (KB)
...
006 (4596582.000.000) 2025-01-30 17:33:09 Image size of job updated: 54281552
	49950  -  MemoryUsage of job (MB)
	51148652  -  ResidentSetSize of job (KB)
...
006 (4596582.000.000) 2025-01-30 17:34:24 Image size of job updated: 55314820
	49950  -  MemoryUsage of job (MB)
	51148652  -  ResidentSetSize of job (KB)
...
005 (4596582.000.000) 2025-01-30 17:34:24 Job terminated.
	(1) Normal termination (return value 0)
		Usr 0 01:19:04, Sys 0 00:08:47  -  Run Remote Usage
		Usr 0 00:00:00, Sys 0 00:00:00  -  Run Local Usage
		Usr 0 01:19:04, Sys 0 00:08:47  -  Total Remote Usage
		Usr 0 00:00:00, Sys 0 00:00:00  -  Total Local Usage
	0  -  Run Bytes Sent By Job
	0  -  Run Bytes Received By Job
	0  -  Total Bytes Sent By Job
	0  -  Total Bytes Received By Job
	Partitionable Resources :    Usage  Request Allocated 
	   Cpus                 :     1.01        1         1 
	   Disk (KB)            :     2           2   6681174 
	   Memory (MB)          : 49950      128192    128256 
	   xferslots            :                           0 

	Job terminated of its own accord at 2025-01-30T22:34:24Z with exit-code 0.
...
000 (4597786.000.000) 2025-02-02 20:59:17 Job submitted from host: <130.199.48.82:9618?addrs=130.199.48.82-9618&alias=rcas2063.rcf.bnl.gov&noUDP&sock=schedd_23786_1176>
...
001 (4597786.000.000) 2025-02-02 21:05:46 Job executing on host: <130.199.186.71:9618?addrs=130.199.186.71-9618&alias=spool1834.sdcc.bnl.gov&noUDP&sock=startd_78963_e463>
...
006 (4597786.000.000) 2025-02-02 21:05:55 Image size of job updated: 154512
	86  -  MemoryUsage of job (MB)
	87940  -  ResidentSetSize of job (KB)
...
006 (4597786.000.000) 2025-02-02 21:06:02 Image size of job updated: 599852
	86  -  MemoryUsage of job (MB)
	87944  -  ResidentSetSize of job (KB)
...
005 (4597786.000.000) 2025-02-02 21:06:03 Job terminated.
	(1) Normal termination (return value 139)
		Usr 0 00:00:06, Sys 0 00:00:02  -  Run Remote Usage
		Usr 0 00:00:00, Sys 0 00:00:00  -  Run Local Usage
		Usr 0 00:00:06, Sys 0 00:00:02  -  Total Remote Usage
		Usr 0 00:00:00, Sys 0 00:00:00  -  Total Local Usage
	0  -  Run Bytes Sent By Job
	0  -  Run Bytes Received By Job
	0  -  Total Bytes Sent By Job
	0  -  Total Bytes Received By Job
	Partitionable Resources :    Usage  Request Allocated 
	   Cpus                 :                 1         1 
	   Disk (KB)            :        2        2   6681620 
	   Memory (MB)          :       86   128192    128256 
	   xferslots            :                           0 

	Job terminated of its own accord at 2025-02-03T02:06:02Z with exit-code 139.
...
000 (4607503.000.000) 2025-02-03 00:28:48 Job submitted from host: <130.199.48.82:9618?addrs=130.199.48.82-9618&alias=rcas2063.rcf.bnl.gov&noUDP&sock=schedd_23786_1176>
...
