000 (4606419.000.000) 2025-02-02 21:19:25 Job submitted from host: <130.199.48.82:9618?addrs=130.199.48.82-9618&alias=rcas2063.rcf.bnl.gov&noUDP&sock=schedd_23786_1176>
...
001 (4606419.000.000) 2025-02-02 21:19:26 Job executing on host: <130.199.150.81:9618?addrs=130.199.150.81-9618&alias=spool1562.sdcc.bnl.gov&noUDP&sock=startd_65906_8438>
...
006 (4606419.000.000) 2025-02-02 21:19:35 Image size of job updated: 471800
	306  -  MemoryUsage of job (MB)
	312728  -  ResidentSetSize of job (KB)
...
006 (4606419.000.000) 2025-02-02 21:19:36 Image size of job updated: 471804
	306  -  MemoryUsage of job (MB)
	312732  -  ResidentSetSize of job (KB)
...
005 (4606419.000.000) 2025-02-02 21:19:37 Job terminated.
	(1) Normal termination (return value 139)
		Usr 0 00:00:06, Sys 0 00:00:01  -  Run Remote Usage
		Usr 0 00:00:00, Sys 0 00:00:00  -  Run Local Usage
		Usr 0 00:00:06, Sys 0 00:00:01  -  Total Remote Usage
		Usr 0 00:00:00, Sys 0 00:00:00  -  Total Local Usage
	0  -  Run Bytes Sent By Job
	0  -  Run Bytes Received By Job
	0  -  Total Bytes Sent By Job
	0  -  Total Bytes Received By Job
	Partitionable Resources :    Usage  Request Allocated 
	   Cpus                 :                 1         1 
	   Disk (KB)            :        2        2   6681161 
	   Memory (MB)          :      306   128192    128256 
	   xferslots            :                           0 

	Job terminated of its own accord at 2025-02-03T02:19:36Z with exit-code 139.
...
