000 (4595677.000.000) 2025-01-28 23:09:01 Job submitted from host: <130.199.48.82:9618?addrs=130.199.48.82-9618&alias=rcas2063.rcf.bnl.gov&noUDP&sock=schedd_23786_1176>
...
001 (4595677.000.000) 2025-01-29 01:27:33 Job executing on host: <130.199.186.92:9618?addrs=130.199.186.92-9618&alias=spool1855.sdcc.bnl.gov&noUDP&sock=startd_51230_bf6c>
...
006 (4595677.000.000) 2025-01-29 01:27:42 Image size of job updated: 210848
	121  -  MemoryUsage of job (MB)
	123204  -  ResidentSetSize of job (KB)
...
006 (4595677.000.000) 2025-01-29 01:27:44 Image size of job updated: 211676
	121  -  MemoryUsage of job (MB)
	123380  -  ResidentSetSize of job (KB)
...
005 (4595677.000.000) 2025-01-29 01:27:44 Job terminated.
	(1) Normal termination (return value 0)
		Usr 0 00:00:04, Sys 0 00:00:01  -  Run Remote Usage
		Usr 0 00:00:00, Sys 0 00:00:00  -  Run Local Usage
		Usr 0 00:00:04, Sys 0 00:00:01  -  Total Remote Usage
		Usr 0 00:00:00, Sys 0 00:00:00  -  Total Local Usage
	0  -  Run Bytes Sent By Job
	0  -  Run Bytes Received By Job
	0  -  Total Bytes Sent By Job
	0  -  Total Bytes Received By Job
	Partitionable Resources :    Usage  Request Allocated 
	   Cpus                 :                 1         1 
	   Disk (KB)            :        2        2   6681629 
	   Memory (MB)          :      121   128192    128256 
	   xferslots            :                           0 

	Job terminated of its own accord at 2025-01-29T06:27:44Z with exit-code 0.
...
000 (4596698.000.000) 2025-01-30 00:27:52 Job submitted from host: <130.199.48.82:9618?addrs=130.199.48.82-9618&alias=rcas2063.rcf.bnl.gov&noUDP&sock=schedd_23786_1176>
...
001 (4596698.000.000) 2025-01-30 17:32:14 Job executing on host: <130.199.207.221:9618?addrs=130.199.207.221-9618&alias=spool1508.sdcc.bnl.gov&noUDP&sock=startd_22296_8084>
...
006 (4596698.000.000) 2025-01-30 17:32:22 Image size of job updated: 43820
	32  -  MemoryUsage of job (MB)
	32564  -  ResidentSetSize of job (KB)
...
006 (4596698.000.000) 2025-01-30 17:37:22 Image size of job updated: 3524864
	306  -  MemoryUsage of job (MB)
	313216  -  ResidentSetSize of job (KB)
...
006 (4596698.000.000) 2025-01-30 17:42:23 Image size of job updated: 5648896
	1752  -  MemoryUsage of job (MB)
	1794036  -  ResidentSetSize of job (KB)
...
006 (4596698.000.000) 2025-01-30 17:47:24 Image size of job updated: 9568588
	4632  -  MemoryUsage of job (MB)
	4742320  -  ResidentSetSize of job (KB)
...
006 (4596698.000.000) 2025-01-30 17:52:24 Image size of job updated: 10590020
	6929  -  MemoryUsage of job (MB)
	7094432  -  ResidentSetSize of job (KB)
...
006 (4596698.000.000) 2025-01-30 17:57:25 Image size of job updated: 13249380
	9036  -  MemoryUsage of job (MB)
	9252404  -  ResidentSetSize of job (KB)
...
006 (4596698.000.000) 2025-01-30 18:02:26 Image size of job updated: 15663440
	12244  -  MemoryUsage of job (MB)
	12537312  -  ResidentSetSize of job (KB)
...
006 (4596698.000.000) 2025-01-30 18:07:26 Image size of job updated: 17989636
	13918  -  MemoryUsage of job (MB)
	14251052  -  ResidentSetSize of job (KB)
...
006 (4596698.000.000) 2025-01-30 18:12:27 Image size of job updated: 21079764
	17149  -  MemoryUsage of job (MB)
	17559944  -  ResidentSetSize of job (KB)
...
006 (4596698.000.000) 2025-01-30 18:17:28 Image size of job updated: 22722468
	18865  -  MemoryUsage of job (MB)
	19316856  -  ResidentSetSize of job (KB)
...
006 (4596698.000.000) 2025-01-30 18:22:28 Image size of job updated: 26435080
	21466  -  MemoryUsage of job (MB)
	21980636  -  ResidentSetSize of job (KB)
...
006 (4596698.000.000) 2025-01-30 18:27:28 Image size of job updated: 28310172
	24664  -  MemoryUsage of job (MB)
	25255264  -  ResidentSetSize of job (KB)
...
006 (4596698.000.000) 2025-01-30 18:32:29 Image size of job updated: 30765944
	26487  -  MemoryUsage of job (MB)
	27122164  -  ResidentSetSize of job (KB)
...
006 (4596698.000.000) 2025-01-30 18:37:29 Image size of job updated: 35516016
	29881  -  MemoryUsage of job (MB)
	30597416  -  ResidentSetSize of job (KB)
...
006 (4596698.000.000) 2025-01-30 18:42:29 Image size of job updated: 36607072
	32622  -  MemoryUsage of job (MB)
	33404424  -  ResidentSetSize of job (KB)
...
006 (4596698.000.000) 2025-01-30 18:47:31 Image size of job updated: 39816488
	35324  -  MemoryUsage of job (MB)
	36171236  -  ResidentSetSize of job (KB)
...
006 (4596698.000.000) 2025-01-30 18:52:31 Image size of job updated: 43319188
	37926  -  MemoryUsage of job (MB)
	38835260  -  ResidentSetSize of job (KB)
...
006 (4596698.000.000) 2025-01-30 18:57:31 Image size of job updated: 46095796
	41683  -  MemoryUsage of job (MB)
	42682812  -  ResidentSetSize of job (KB)
...
006 (4596698.000.000) 2025-01-30 19:02:32 Image size of job updated: 48591168
	44222  -  MemoryUsage of job (MB)
	45282488  -  ResidentSetSize of job (KB)
...
006 (4596698.000.000) 2025-01-30 19:07:33 Image size of job updated: 51875028
	46824  -  MemoryUsage of job (MB)
	47947736  -  ResidentSetSize of job (KB)
...
006 (4596698.000.000) 2025-01-30 19:12:33 Image size of job updated: 55775164
	50716  -  MemoryUsage of job (MB)
	51932632  -  ResidentSetSize of job (KB)
...
006 (4596698.000.000) 2025-01-30 19:17:34 Image size of job updated: 58713392
	53580  -  MemoryUsage of job (MB)
	54865472  -  ResidentSetSize of job (KB)
...
006 (4596698.000.000) 2025-01-30 19:19:49 Image size of job updated: 60563760
	53580  -  MemoryUsage of job (MB)
	54865660  -  ResidentSetSize of job (KB)
...
005 (4596698.000.000) 2025-01-30 19:19:50 Job terminated.
	(1) Normal termination (return value 0)
		Usr 0 01:26:43, Sys 0 00:09:47  -  Run Remote Usage
		Usr 0 00:00:00, Sys 0 00:00:00  -  Run Local Usage
		Usr 0 01:26:43, Sys 0 00:09:47  -  Total Remote Usage
		Usr 0 00:00:00, Sys 0 00:00:00  -  Total Local Usage
	0  -  Run Bytes Sent By Job
	0  -  Run Bytes Received By Job
	0  -  Total Bytes Sent By Job
	0  -  Total Bytes Received By Job
	Partitionable Resources :    Usage  Request Allocated 
	   Cpus                 :     1.08        1         1 
	   Disk (KB)            :     2           2   6681177 
	   Memory (MB)          : 53580      128192    128256 
	   xferslots            :                           0 

	Job terminated of its own accord at 2025-01-31T00:19:49Z with exit-code 0.
...
000 (4597902.000.000) 2025-02-02 20:59:30 Job submitted from host: <130.199.48.82:9618?addrs=130.199.48.82-9618&alias=rcas2063.rcf.bnl.gov&noUDP&sock=schedd_23786_1176>
...
001 (4597902.000.000) 2025-02-02 21:06:00 Job executing on host: <130.199.151.11:9618?addrs=130.199.151.11-9618&alias=spool1589.sdcc.bnl.gov&noUDP&sock=startd_1737_d68b>
...
006 (4597902.000.000) 2025-02-02 21:06:08 Image size of job updated: 570504
	0  -  MemoryUsage of job (MB)
	0  -  ResidentSetSize of job (KB)
...
005 (4597902.000.000) 2025-02-02 21:06:08 Job terminated.
	(1) Normal termination (return value 139)
		Usr 0 00:00:05, Sys 0 00:00:01  -  Run Remote Usage
		Usr 0 00:00:00, Sys 0 00:00:00  -  Run Local Usage
		Usr 0 00:00:05, Sys 0 00:00:01  -  Total Remote Usage
		Usr 0 00:00:00, Sys 0 00:00:00  -  Total Local Usage
	0  -  Run Bytes Sent By Job
	0  -  Run Bytes Received By Job
	0  -  Total Bytes Sent By Job
	0  -  Total Bytes Received By Job
	Partitionable Resources :    Usage  Request Allocated 
	   Cpus                 :                 1         1 
	   Disk (KB)            :        2        2   6681210 
	   Memory (MB)          :        0   128192    128256 
	   xferslots            :                           0 

	Job terminated of its own accord at 2025-02-03T02:06:08Z with exit-code 139.
...
000 (4607619.000.000) 2025-02-03 00:29:01 Job submitted from host: <130.199.48.82:9618?addrs=130.199.48.82-9618&alias=rcas2063.rcf.bnl.gov&noUDP&sock=schedd_23786_1176>
...
