000 (4599725.000.000) 2025-02-02 21:02:43 Job submitted from host: <130.199.48.82:9618?addrs=130.199.48.82-9618&alias=rcas2063.rcf.bnl.gov&noUDP&sock=schedd_23786_1176>
...
001 (4599725.000.000) 2025-02-02 21:08:30 Job executing on host: <130.199.151.6:9618?addrs=130.199.151.6-9618&alias=spool1584.sdcc.bnl.gov&noUDP&sock=startd_2695_0870>
...
006 (4599725.000.000) 2025-02-02 21:08:39 Image size of job updated: 401944
	270  -  MemoryUsage of job (MB)
	275860  -  ResidentSetSize of job (KB)
...
006 (4599725.000.000) 2025-02-02 21:08:40 Image size of job updated: 468488
	271  -  MemoryUsage of job (MB)
	276824  -  ResidentSetSize of job (KB)
...
005 (4599725.000.000) 2025-02-02 21:08:41 Job terminated.
	(1) Normal termination (return value 139)
		Usr 0 00:00:06, Sys 0 00:00:01  -  Run Remote Usage
		Usr 0 00:00:00, Sys 0 00:00:00  -  Run Local Usage
		Usr 0 00:00:06, Sys 0 00:00:01  -  Total Remote Usage
		Usr 0 00:00:00, Sys 0 00:00:00  -  Total Local Usage
	0  -  Run Bytes Sent By Job
	0  -  Run Bytes Received By Job
	0  -  Total Bytes Sent By Job
	0  -  Total Bytes Received By Job
	Partitionable Resources :    Usage  Request Allocated 
	   Cpus                 :                 1         1 
	   Disk (KB)            :        2        2   6681224 
	   Memory (MB)          :      271   128192    128256 
	   xferslots            :                           0 

	Job terminated of its own accord at 2025-02-03T02:08:40Z with exit-code 139.
...
