000 (4600216.000.000) 2025-02-02 21:03:34 Job submitted from host: <130.199.48.82:9618?addrs=130.199.48.82-9618&alias=rcas2063.rcf.bnl.gov&noUDP&sock=schedd_23786_1176>
...
001 (4600216.000.000) 2025-02-02 21:09:08 Job executing on host: <130.199.186.77:9618?addrs=130.199.186.77-9618&alias=spool1840.sdcc.bnl.gov&noUDP&sock=startd_36894_95b1>
...
006 (4600216.000.000) 2025-02-02 21:09:17 Image size of job updated: 373828
	177  -  MemoryUsage of job (MB)
	180464  -  ResidentSetSize of job (KB)
...
006 (4600216.000.000) 2025-02-02 21:09:20 Image size of job updated: 373828
	177  -  MemoryUsage of job (MB)
	180504  -  ResidentSetSize of job (KB)
...
005 (4600216.000.000) 2025-02-02 21:09:20 Job terminated.
	(1) Normal termination (return value 139)
		Usr 0 00:00:05, Sys 0 00:00:02  -  Run Remote Usage
		Usr 0 00:00:00, Sys 0 00:00:00  -  Run Local Usage
		Usr 0 00:00:05, Sys 0 00:00:02  -  Total Remote Usage
		Usr 0 00:00:00, Sys 0 00:00:00  -  Total Local Usage
	0  -  Run Bytes Sent By Job
	0  -  Run Bytes Received By Job
	0  -  Total Bytes Sent By Job
	0  -  Total Bytes Received By Job
	Partitionable Resources :    Usage  Request Allocated 
	   Cpus                 :                 1         1 
	   Disk (KB)            :        2        2   6681620 
	   Memory (MB)          :      177   128192    128256 
	   xferslots            :                           0 

	Job terminated of its own accord at 2025-02-03T02:09:20Z with exit-code 139.
...
