000 (4604567.000.000) 2025-02-02 21:15:20 Job submitted from host: <130.199.48.82:9618?addrs=130.199.48.82-9618&alias=rcas2063.rcf.bnl.gov&noUDP&sock=schedd_23786_1176>
...
001 (4604567.000.000) 2025-02-02 21:15:21 Job executing on host: <130.199.151.32:9618?addrs=130.199.151.32-9618&alias=spool1610.sdcc.bnl.gov&noUDP&sock=startd_73852_533e>
...
006 (4604567.000.000) 2025-02-02 21:15:30 Image size of job updated: 270164
	152  -  MemoryUsage of job (MB)
	155092  -  ResidentSetSize of job (KB)
...
006 (4604567.000.000) 2025-02-02 21:15:33 Image size of job updated: 469308
	155  -  MemoryUsage of job (MB)
	157828  -  ResidentSetSize of job (KB)
...
005 (4604567.000.000) 2025-02-02 21:15:33 Job terminated.
	(1) Normal termination (return value 139)
		Usr 0 00:00:06, Sys 0 00:00:01  -  Run Remote Usage
		Usr 0 00:00:00, Sys 0 00:00:00  -  Run Local Usage
		Usr 0 00:00:06, Sys 0 00:00:01  -  Total Remote Usage
		Usr 0 00:00:00, Sys 0 00:00:00  -  Total Local Usage
	0  -  Run Bytes Sent By Job
	0  -  Run Bytes Received By Job
	0  -  Total Bytes Sent By Job
	0  -  Total Bytes Received By Job
	Partitionable Resources :    Usage  Request Allocated 
	   Cpus                 :                 1         1 
	   Disk (KB)            :        2        2   6681229 
	   Memory (MB)          :      155   128192    128256 
	   xferslots            :                           0 

	Job terminated of its own accord at 2025-02-03T02:15:33Z with exit-code 139.
...
