000 (4607054.000.000) 2025-02-02 21:20:49 Job submitted from host: <130.199.48.82:9618?addrs=130.199.48.82-9618&alias=rcas2063.rcf.bnl.gov&noUDP&sock=schedd_23786_1176>
...
001 (4607054.000.000) 2025-02-02 21:20:50 Job executing on host: <130.199.186.92:9618?addrs=130.199.186.92-9618&alias=spool1855.sdcc.bnl.gov&noUDP&sock=startd_51230_bf6c>
...
006 (4607054.000.000) 2025-02-02 21:20:59 Image size of job updated: 226808
	122  -  MemoryUsage of job (MB)
	124724  -  ResidentSetSize of job (KB)
...
006 (4607054.000.000) 2025-02-02 21:21:04 Image size of job updated: 3079588
	123  -  MemoryUsage of job (MB)
	125144  -  ResidentSetSize of job (KB)
...
005 (4607054.000.000) 2025-02-02 21:21:04 Job terminated.
	(1) Normal termination (return value 139)
		Usr 0 00:00:06, Sys 0 00:00:02  -  Run Remote Usage
		Usr 0 00:00:00, Sys 0 00:00:00  -  Run Local Usage
		Usr 0 00:00:06, Sys 0 00:00:02  -  Total Remote Usage
		Usr 0 00:00:00, Sys 0 00:00:00  -  Total Local Usage
	0  -  Run Bytes Sent By Job
	0  -  Run Bytes Received By Job
	0  -  Total Bytes Sent By Job
	0  -  Total Bytes Received By Job
	Partitionable Resources :    Usage  Request Allocated 
	   Cpus                 :                 1         1 
	   Disk (KB)            :        2        2   6681629 
	   Memory (MB)          :      123   128192    128256 
	   xferslots            :                           0 

	Job terminated of its own accord at 2025-02-03T02:21:04Z with exit-code 139.
...
