000 (4595352.000.000) 2025-01-28 23:08:35 Job submitted from host: <130.199.48.82:9618?addrs=130.199.48.82-9618&alias=rcas2063.rcf.bnl.gov&noUDP&sock=schedd_23786_1176>
...
001 (4595352.000.000) 2025-01-29 01:19:47 Job executing on host: <130.199.151.33:9618?addrs=130.199.151.33-9618&alias=spool1611.sdcc.bnl.gov&noUDP&sock=startd_368_911c>
...
006 (4595352.000.000) 2025-01-29 01:19:56 Image size of job updated: 197400
	92  -  MemoryUsage of job (MB)
	93368  -  ResidentSetSize of job (KB)
...
006 (4595352.000.000) 2025-01-29 01:20:01 Image size of job updated: 2944664
	92  -  MemoryUsage of job (MB)
	93628  -  ResidentSetSize of job (KB)
...
005 (4595352.000.000) 2025-01-29 01:20:02 Job terminated.
	(1) Normal termination (return value 0)
		Usr 0 00:00:03, Sys 0 00:00:02  -  Run Remote Usage
		Usr 0 00:00:00, Sys 0 00:00:00  -  Run Local Usage
		Usr 0 00:00:03, Sys 0 00:00:02  -  Total Remote Usage
		Usr 0 00:00:00, Sys 0 00:00:00  -  Total Local Usage
	0  -  Run Bytes Sent By Job
	0  -  Run Bytes Received By Job
	0  -  Total Bytes Sent By Job
	0  -  Total Bytes Received By Job
	Partitionable Resources :    Usage  Request Allocated 
	   Cpus                 :                 1         1 
	   Disk (KB)            :        2        2   6681232 
	   Memory (MB)          :       92   128192    128256 
	   xferslots            :                           0 

	Job terminated of its own accord at 2025-01-29T06:20:01Z with exit-code 0.
...
000 (4596373.000.000) 2025-01-30 00:27:20 Job submitted from host: <130.199.48.82:9618?addrs=130.199.48.82-9618&alias=rcas2063.rcf.bnl.gov&noUDP&sock=schedd_23786_1176>
...
001 (4596373.000.000) 2025-01-30 13:44:47 Job executing on host: <130.199.150.69:9618?addrs=130.199.150.69-9618&alias=spool1550.sdcc.bnl.gov&noUDP&sock=startd_69413_700d>
...
006 (4596373.000.000) 2025-01-30 13:44:55 Image size of job updated: 298944
	40  -  MemoryUsage of job (MB)
	40492  -  ResidentSetSize of job (KB)
...
006 (4596373.000.000) 2025-01-30 13:49:55 Image size of job updated: 5253824
	740  -  MemoryUsage of job (MB)
	757024  -  ResidentSetSize of job (KB)
...
006 (4596373.000.000) 2025-01-30 13:54:56 Image size of job updated: 8057328
	4714  -  MemoryUsage of job (MB)
	4827068  -  ResidentSetSize of job (KB)
...
006 (4596373.000.000) 2025-01-30 13:59:57 Image size of job updated: 10551412
	7328  -  MemoryUsage of job (MB)
	7502876  -  ResidentSetSize of job (KB)
...
006 (4596373.000.000) 2025-01-30 14:04:57 Image size of job updated: 14257336
	9752  -  MemoryUsage of job (MB)
	9985664  -  ResidentSetSize of job (KB)
...
006 (4596373.000.000) 2025-01-30 14:09:57 Image size of job updated: 18006520
	13085  -  MemoryUsage of job (MB)
	13398384  -  ResidentSetSize of job (KB)
...
006 (4596373.000.000) 2025-01-30 14:14:58 Image size of job updated: 20693200
	17042  -  MemoryUsage of job (MB)
	17450636  -  ResidentSetSize of job (KB)
...
006 (4596373.000.000) 2025-01-30 14:19:58 Image size of job updated: 23192252
	19733  -  MemoryUsage of job (MB)
	20206032  -  ResidentSetSize of job (KB)
...
006 (4596373.000.000) 2025-01-30 14:24:58 Image size of job updated: 26904168
	23127  -  MemoryUsage of job (MB)
	23681252  -  ResidentSetSize of job (KB)
...
006 (4596373.000.000) 2025-01-30 14:29:59 Image size of job updated: 30490520
	25880  -  MemoryUsage of job (MB)
	26500892  -  ResidentSetSize of job (KB)
...
006 (4596373.000.000) 2025-01-30 14:35:00 Image size of job updated: 33611108
	29816  -  MemoryUsage of job (MB)
	30531144  -  ResidentSetSize of job (KB)
...
006 (4596373.000.000) 2025-01-30 14:40:00 Image size of job updated: 36064232
	31952  -  MemoryUsage of job (MB)
	32717980  -  ResidentSetSize of job (KB)
...
006 (4596373.000.000) 2025-01-30 14:42:28 Image size of job updated: 37759472
	31952  -  MemoryUsage of job (MB)
	32717980  -  ResidentSetSize of job (KB)
...
005 (4596373.000.000) 2025-01-30 14:42:28 Job terminated.
	(1) Normal termination (return value 0)
		Usr 0 00:53:35, Sys 0 00:05:50  -  Run Remote Usage
		Usr 0 00:00:00, Sys 0 00:00:00  -  Run Local Usage
		Usr 0 00:53:35, Sys 0 00:05:50  -  Total Remote Usage
		Usr 0 00:00:00, Sys 0 00:00:00  -  Total Local Usage
	0  -  Run Bytes Sent By Job
	0  -  Run Bytes Received By Job
	0  -  Total Bytes Sent By Job
	0  -  Total Bytes Received By Job
	Partitionable Resources :    Usage  Request Allocated 
	   Cpus                 :     0.95        1         1 
	   Disk (KB)            :     2           2   6681237 
	   Memory (MB)          : 31952      128192    128256 
	   xferslots            :                           0 

	Job terminated of its own accord at 2025-01-30T19:42:28Z with exit-code 0.
...
000 (4597577.000.000) 2025-02-02 20:58:53 Job submitted from host: <130.199.48.82:9618?addrs=130.199.48.82-9618&alias=rcas2063.rcf.bnl.gov&noUDP&sock=schedd_23786_1176>
...
001 (4597577.000.000) 2025-02-02 21:05:12 Job executing on host: <130.199.186.92:9618?addrs=130.199.186.92-9618&alias=spool1855.sdcc.bnl.gov&noUDP&sock=startd_51230_bf6c>
...
006 (4597577.000.000) 2025-02-02 21:05:21 Image size of job updated: 584336
	336  -  MemoryUsage of job (MB)
	343228  -  ResidentSetSize of job (KB)
...
005 (4597577.000.000) 2025-02-02 21:05:22 Job terminated.
	(1) Normal termination (return value 139)
		Usr 0 00:00:05, Sys 0 00:00:01  -  Run Remote Usage
		Usr 0 00:00:00, Sys 0 00:00:00  -  Run Local Usage
		Usr 0 00:00:05, Sys 0 00:00:01  -  Total Remote Usage
		Usr 0 00:00:00, Sys 0 00:00:00  -  Total Local Usage
	0  -  Run Bytes Sent By Job
	0  -  Run Bytes Received By Job
	0  -  Total Bytes Sent By Job
	0  -  Total Bytes Received By Job
	Partitionable Resources :    Usage  Request Allocated 
	   Cpus                 :                 1         1 
	   Disk (KB)            :        2        2   6681629 
	   Memory (MB)          :      336   128192    128256 
	   xferslots            :                           0 

	Job terminated of its own accord at 2025-02-03T02:05:22Z with exit-code 139.
...
