000 (4600016.000.000) 2025-02-02 21:03:14 Job submitted from host: <130.199.48.82:9618?addrs=130.199.48.82-9618&alias=rcas2063.rcf.bnl.gov&noUDP&sock=schedd_23786_1176>
...
001 (4600016.000.000) 2025-02-02 21:08:53 Job executing on host: <130.199.186.76:9618?addrs=130.199.186.76-9618&alias=spool1839.sdcc.bnl.gov&noUDP&sock=startd_48828_8b8a>
...
006 (4600016.000.000) 2025-02-02 21:09:02 Image size of job updated: 2935796
	336  -  MemoryUsage of job (MB)
	343680  -  ResidentSetSize of job (KB)
...
005 (4600016.000.000) 2025-02-02 21:09:03 Job terminated.
	(1) Normal termination (return value 139)
		Usr 0 00:00:06, Sys 0 00:00:02  -  Run Remote Usage
		Usr 0 00:00:00, Sys 0 00:00:00  -  Run Local Usage
		Usr 0 00:00:06, Sys 0 00:00:02  -  Total Remote Usage
		Usr 0 00:00:00, Sys 0 00:00:00  -  Total Local Usage
	0  -  Run Bytes Sent By Job
	0  -  Run Bytes Received By Job
	0  -  Total Bytes Sent By Job
	0  -  Total Bytes Received By Job
	Partitionable Resources :    Usage  Request Allocated 
	   Cpus                 :                 1         1 
	   Disk (KB)            :        2        2   6681624 
	   Memory (MB)          :      336   128192    128256 
	   xferslots            :                           0 

	Job terminated of its own accord at 2025-02-03T02:09:03Z with exit-code 139.
...
