000 (4601503.000.000) 2025-02-02 21:06:01 Job submitted from host: <130.199.48.82:9618?addrs=130.199.48.82-9618&alias=rcas2063.rcf.bnl.gov&noUDP&sock=schedd_23786_1176>
...
001 (4601503.000.000) 2025-02-02 21:10:47 Job executing on host: <130.199.151.11:9618?addrs=130.199.151.11-9618&alias=spool1589.sdcc.bnl.gov&noUDP&sock=startd_1737_d68b>
...
006 (4601503.000.000) 2025-02-02 21:10:56 Image size of job updated: 229348
	126  -  MemoryUsage of job (MB)
	128556  -  ResidentSetSize of job (KB)
...
006 (4601503.000.000) 2025-02-02 21:11:00 Image size of job updated: 266300
	126  -  MemoryUsage of job (MB)
	128608  -  ResidentSetSize of job (KB)
...
005 (4601503.000.000) 2025-02-02 21:11:00 Job terminated.
	(1) Normal termination (return value 139)
		Usr 0 00:00:05, Sys 0 00:00:02  -  Run Remote Usage
		Usr 0 00:00:00, Sys 0 00:00:00  -  Run Local Usage
		Usr 0 00:00:05, Sys 0 00:00:02  -  Total Remote Usage
		Usr 0 00:00:00, Sys 0 00:00:00  -  Total Local Usage
	0  -  Run Bytes Sent By Job
	0  -  Run Bytes Received By Job
	0  -  Total Bytes Sent By Job
	0  -  Total Bytes Received By Job
	Partitionable Resources :    Usage  Request Allocated 
	   Cpus                 :                 1         1 
	   Disk (KB)            :        2        2   6681210 
	   Memory (MB)          :      126   128192    128256 
	   xferslots            :                           0 

	Job terminated of its own accord at 2025-02-03T02:11:00Z with exit-code 139.
...
