000 (4595279.000.000) 2025-01-28 23:08:29 Job submitted from host: <130.199.48.82:9618?addrs=130.199.48.82-9618&alias=rcas2063.rcf.bnl.gov&noUDP&sock=schedd_23786_1176>
...
001 (4595279.000.000) 2025-01-29 01:14:44 Job executing on host: <130.199.151.33:9618?addrs=130.199.151.33-9618&alias=spool1611.sdcc.bnl.gov&noUDP&sock=startd_368_911c>
...
006 (4595279.000.000) 2025-01-29 01:14:53 Image size of job updated: 99760
	41  -  MemoryUsage of job (MB)
	41528  -  ResidentSetSize of job (KB)
...
006 (4595279.000.000) 2025-01-29 01:15:13 Image size of job updated: 565988
	41  -  MemoryUsage of job (MB)
	41528  -  ResidentSetSize of job (KB)
...
005 (4595279.000.000) 2025-01-29 01:15:13 Job terminated.
	(1) Normal termination (return value 0)
		Usr 0 00:00:03, Sys 0 00:00:02  -  Run Remote Usage
		Usr 0 00:00:00, Sys 0 00:00:00  -  Run Local Usage
		Usr 0 00:00:03, Sys 0 00:00:02  -  Total Remote Usage
		Usr 0 00:00:00, Sys 0 00:00:00  -  Total Local Usage
	0  -  Run Bytes Sent By Job
	0  -  Run Bytes Received By Job
	0  -  Total Bytes Sent By Job
	0  -  Total Bytes Received By Job
	Partitionable Resources :    Usage  Request Allocated 
	   Cpus                 :                 1         1 
	   Disk (KB)            :        2        2   6681232 
	   Memory (MB)          :       41   128192    128256 
	   xferslots            :                           0 

	Job terminated of its own accord at 2025-01-29T06:15:13Z with exit-code 0.
...
000 (4596300.000.000) 2025-01-30 00:27:12 Job submitted from host: <130.199.48.82:9618?addrs=130.199.48.82-9618&alias=rcas2063.rcf.bnl.gov&noUDP&sock=schedd_23786_1176>
...
001 (4596300.000.000) 2025-01-30 12:20:01 Job executing on host: <130.199.184.159:9618?addrs=130.199.184.159-9618&alias=spool1768.sdcc.bnl.gov&noUDP&sock=startd_78083_621d>
...
006 (4596300.000.000) 2025-01-30 12:20:09 Image size of job updated: 298284
	33  -  MemoryUsage of job (MB)
	32988  -  ResidentSetSize of job (KB)
...
006 (4596300.000.000) 2025-01-30 12:25:09 Image size of job updated: 3515692
	292  -  MemoryUsage of job (MB)
	298948  -  ResidentSetSize of job (KB)
...
006 (4596300.000.000) 2025-01-30 12:30:10 Image size of job updated: 5331604
	1659  -  MemoryUsage of job (MB)
	1698220  -  ResidentSetSize of job (KB)
...
006 (4596300.000.000) 2025-01-30 12:35:11 Image size of job updated: 8996600
	4424  -  MemoryUsage of job (MB)
	4529504  -  ResidentSetSize of job (KB)
...
006 (4596300.000.000) 2025-01-30 12:40:11 Image size of job updated: 9681376
	6244  -  MemoryUsage of job (MB)
	6392876  -  ResidentSetSize of job (KB)
...
006 (4596300.000.000) 2025-01-30 12:45:11 Image size of job updated: 13222004
	8392  -  MemoryUsage of job (MB)
	8592848  -  ResidentSetSize of job (KB)
...
006 (4596300.000.000) 2025-01-30 12:50:12 Image size of job updated: 14569520
	10869  -  MemoryUsage of job (MB)
	11129096  -  ResidentSetSize of job (KB)
...
006 (4596300.000.000) 2025-01-30 12:55:12 Image size of job updated: 17808056
	12995  -  MemoryUsage of job (MB)
	13306492  -  ResidentSetSize of job (KB)
...
006 (4596300.000.000) 2025-01-30 13:00:12 Image size of job updated: 18830752
	15345  -  MemoryUsage of job (MB)
	15712936  -  ResidentSetSize of job (KB)
...
006 (4596300.000.000) 2025-01-30 13:05:13 Image size of job updated: 22357716
	17371  -  MemoryUsage of job (MB)
	17787080  -  ResidentSetSize of job (KB)
...
006 (4596300.000.000) 2025-01-30 13:10:13 Image size of job updated: 24208184
	20732  -  MemoryUsage of job (MB)
	21229372  -  ResidentSetSize of job (KB)
...
006 (4596300.000.000) 2025-01-30 13:15:13 Image size of job updated: 27249672
	22750  -  MemoryUsage of job (MB)
	23295640  -  ResidentSetSize of job (KB)
...
006 (4596300.000.000) 2025-01-30 13:20:14 Image size of job updated: 31168740
	25844  -  MemoryUsage of job (MB)
	26464240  -  ResidentSetSize of job (KB)
...
006 (4596300.000.000) 2025-01-30 13:25:15 Image size of job updated: 32689468
	28948  -  MemoryUsage of job (MB)
	29642056  -  ResidentSetSize of job (KB)
...
006 (4596300.000.000) 2025-01-30 13:30:15 Image size of job updated: 36045176
	31306  -  MemoryUsage of job (MB)
	32057068  -  ResidentSetSize of job (KB)
...
006 (4596300.000.000) 2025-01-30 13:35:16 Image size of job updated: 39786464
	34493  -  MemoryUsage of job (MB)
	35319928  -  ResidentSetSize of job (KB)
...
006 (4596300.000.000) 2025-01-30 13:40:17 Image size of job updated: 42545840
	38445  -  MemoryUsage of job (MB)
	39366904  -  ResidentSetSize of job (KB)
...
006 (4596300.000.000) 2025-01-30 13:45:17 Image size of job updated: 44846464
	40308  -  MemoryUsage of job (MB)
	41274956  -  ResidentSetSize of job (KB)
...
006 (4596300.000.000) 2025-01-30 13:50:18 Image size of job updated: 48287924
	42765  -  MemoryUsage of job (MB)
	43790556  -  ResidentSetSize of job (KB)
...
006 (4596300.000.000) 2025-01-30 13:55:19 Image size of job updated: 49387380
	45318  -  MemoryUsage of job (MB)
	46404880  -  ResidentSetSize of job (KB)
...
006 (4596300.000.000) 2025-01-30 14:00:19 Image size of job updated: 52516972
	47534  -  MemoryUsage of job (MB)
	48674628  -  ResidentSetSize of job (KB)
...
006 (4596300.000.000) 2025-01-30 14:05:20 Image size of job updated: 55269844
	50858  -  MemoryUsage of job (MB)
	52077888  -  ResidentSetSize of job (KB)
...
006 (4596300.000.000) 2025-01-30 14:10:21 Image size of job updated: 57747840
	53442  -  MemoryUsage of job (MB)
	54724072  -  ResidentSetSize of job (KB)
...
006 (4596300.000.000) 2025-01-30 14:13:23 Image size of job updated: 60471692
	53442  -  MemoryUsage of job (MB)
	54724072  -  ResidentSetSize of job (KB)
...
005 (4596300.000.000) 2025-01-30 14:13:23 Job terminated.
	(1) Normal termination (return value 0)
		Usr 0 01:36:16, Sys 0 00:10:27  -  Run Remote Usage
		Usr 0 00:00:00, Sys 0 00:00:00  -  Run Local Usage
		Usr 0 01:36:16, Sys 0 00:10:27  -  Total Remote Usage
		Usr 0 00:00:00, Sys 0 00:00:00  -  Total Local Usage
	0  -  Run Bytes Sent By Job
	0  -  Run Bytes Received By Job
	0  -  Total Bytes Sent By Job
	0  -  Total Bytes Received By Job
	Partitionable Resources :    Usage  Request Allocated 
	   Cpus                 :     1.09        1         1 
	   Disk (KB)            :     2           2   6681653 
	   Memory (MB)          : 53442      128192    128256 
	   xferslots            :                           0 

	Job terminated of its own accord at 2025-01-30T19:13:23Z with exit-code 0.
...
000 (4597504.000.000) 2025-02-02 20:58:45 Job submitted from host: <130.199.48.82:9618?addrs=130.199.48.82-9618&alias=rcas2063.rcf.bnl.gov&noUDP&sock=schedd_23786_1176>
...
001 (4597504.000.000) 2025-02-02 21:04:57 Job executing on host: <130.199.186.80:9618?addrs=130.199.186.80-9618&alias=spool1843.sdcc.bnl.gov&noUDP&sock=startd_11487_9708>
...
006 (4597504.000.000) 2025-02-02 21:05:06 Image size of job updated: 2920440
	0  -  MemoryUsage of job (MB)
	0  -  ResidentSetSize of job (KB)
...
005 (4597504.000.000) 2025-02-02 21:05:06 Job terminated.
	(1) Normal termination (return value 139)
		Usr 0 00:00:05, Sys 0 00:00:02  -  Run Remote Usage
		Usr 0 00:00:00, Sys 0 00:00:00  -  Run Local Usage
		Usr 0 00:00:05, Sys 0 00:00:02  -  Total Remote Usage
		Usr 0 00:00:00, Sys 0 00:00:00  -  Total Local Usage
	0  -  Run Bytes Sent By Job
	0  -  Run Bytes Received By Job
	0  -  Total Bytes Sent By Job
	0  -  Total Bytes Received By Job
	Partitionable Resources :    Usage  Request Allocated 
	   Cpus                 :                 1         1 
	   Disk (KB)            :        2        2   6681630 
	   Memory (MB)          :        0   128192    128256 
	   xferslots            :                           0 

	Job terminated of its own accord at 2025-02-03T02:05:06Z with exit-code 139.
...
000 (4607221.000.000) 2025-02-03 00:28:16 Job submitted from host: <130.199.48.82:9618?addrs=130.199.48.82-9618&alias=rcas2063.rcf.bnl.gov&noUDP&sock=schedd_23786_1176>
...
