000 (4595332.000.000) 2025-01-28 23:08:33 Job submitted from host: <130.199.48.82:9618?addrs=130.199.48.82-9618&alias=rcas2063.rcf.bnl.gov&noUDP&sock=schedd_23786_1176>
...
001 (4595332.000.000) 2025-01-29 01:18:30 Job executing on host: <130.199.184.158:9618?addrs=130.199.184.158-9618&alias=spool1767.sdcc.bnl.gov&noUDP&sock=startd_62920_7c34>
...
006 (4595332.000.000) 2025-01-29 01:18:38 Image size of job updated: 390368
	77  -  MemoryUsage of job (MB)
	78592  -  ResidentSetSize of job (KB)
...
005 (4595332.000.000) 2025-01-29 01:18:47 Job terminated.
	(1) Normal termination (return value 0)
		Usr 0 00:00:03, Sys 0 00:00:01  -  Run Remote Usage
		Usr 0 00:00:00, Sys 0 00:00:00  -  Run Local Usage
		Usr 0 00:00:03, Sys 0 00:00:01  -  Total Remote Usage
		Usr 0 00:00:00, Sys 0 00:00:00  -  Total Local Usage
	0  -  Run Bytes Sent By Job
	0  -  Run Bytes Received By Job
	0  -  Total Bytes Sent By Job
	0  -  Total Bytes Received By Job
	Partitionable Resources :    Usage  Request Allocated 
	   Cpus                 :                 1         1 
	   Disk (KB)            :        2        2   6681619 
	   Memory (MB)          :       77   128192    128256 
	   xferslots            :                           0 

	Job terminated of its own accord at 2025-01-29T06:18:47Z with exit-code 0.
...
000 (4596353.000.000) 2025-01-30 00:27:18 Job submitted from host: <130.199.48.82:9618?addrs=130.199.48.82-9618&alias=rcas2063.rcf.bnl.gov&noUDP&sock=schedd_23786_1176>
...
001 (4596353.000.000) 2025-01-30 13:20:03 Job executing on host: <130.199.150.82:9618?addrs=130.199.150.82-9618&alias=spool1563.sdcc.bnl.gov&noUDP&sock=startd_75880_295c>
...
006 (4596353.000.000) 2025-01-30 13:20:12 Image size of job updated: 298152
	40  -  MemoryUsage of job (MB)
	40784  -  ResidentSetSize of job (KB)
...
006 (4596353.000.000) 2025-01-30 13:25:13 Image size of job updated: 3523888
	306  -  MemoryUsage of job (MB)
	312520  -  ResidentSetSize of job (KB)
...
006 (4596353.000.000) 2025-01-30 13:30:13 Image size of job updated: 5305596
	1294  -  MemoryUsage of job (MB)
	1324264  -  ResidentSetSize of job (KB)
...
006 (4596353.000.000) 2025-01-30 13:35:13 Image size of job updated: 6985996
	3884  -  MemoryUsage of job (MB)
	3977116  -  ResidentSetSize of job (KB)
...
006 (4596353.000.000) 2025-01-30 13:40:14 Image size of job updated: 9829372
	5298  -  MemoryUsage of job (MB)
	5424980  -  ResidentSetSize of job (KB)
...
006 (4596353.000.000) 2025-01-30 13:45:15 Image size of job updated: 10968864
	7323  -  MemoryUsage of job (MB)
	7498584  -  ResidentSetSize of job (KB)
...
006 (4596353.000.000) 2025-01-30 13:50:15 Image size of job updated: 14120420
	9070  -  MemoryUsage of job (MB)
	9286732  -  ResidentSetSize of job (KB)
...
006 (4596353.000.000) 2025-01-30 13:55:16 Image size of job updated: 14633472
	10746  -  MemoryUsage of job (MB)
	11003604  -  ResidentSetSize of job (KB)
...
006 (4596353.000.000) 2025-01-30 14:00:17 Image size of job updated: 17427536
	13375  -  MemoryUsage of job (MB)
	13695840  -  ResidentSetSize of job (KB)
...
006 (4596353.000.000) 2025-01-30 14:05:17 Image size of job updated: 18944348
	14595  -  MemoryUsage of job (MB)
	14944492  -  ResidentSetSize of job (KB)
...
006 (4596353.000.000) 2025-01-30 14:10:17 Image size of job updated: 21271476
	17689  -  MemoryUsage of job (MB)
	18113040  -  ResidentSetSize of job (KB)
...
006 (4596353.000.000) 2025-01-30 14:15:18 Image size of job updated: 23558224
	20003  -  MemoryUsage of job (MB)
	20482240  -  ResidentSetSize of job (KB)
...
006 (4596353.000.000) 2025-01-30 14:20:18 Image size of job updated: 26715376
	22450  -  MemoryUsage of job (MB)
	22988480  -  ResidentSetSize of job (KB)
...
006 (4596353.000.000) 2025-01-30 14:25:18 Image size of job updated: 30580420
	25350  -  MemoryUsage of job (MB)
	25957964  -  ResidentSetSize of job (KB)
...
006 (4596353.000.000) 2025-01-30 14:30:19 Image size of job updated: 32272308
	28452  -  MemoryUsage of job (MB)
	29133992  -  ResidentSetSize of job (KB)
...
006 (4596353.000.000) 2025-01-30 14:35:20 Image size of job updated: 34877520
	30342  -  MemoryUsage of job (MB)
	31069680  -  ResidentSetSize of job (KB)
...
006 (4596353.000.000) 2025-01-30 14:40:20 Image size of job updated: 38610536
	33318  -  MemoryUsage of job (MB)
	34116668  -  ResidentSetSize of job (KB)
...
006 (4596353.000.000) 2025-01-30 14:45:21 Image size of job updated: 39974880
	36023  -  MemoryUsage of job (MB)
	36886548  -  ResidentSetSize of job (KB)
...
006 (4596353.000.000) 2025-01-30 14:50:22 Image size of job updated: 42751068
	38003  -  MemoryUsage of job (MB)
	38914172  -  ResidentSetSize of job (KB)
...
006 (4596353.000.000) 2025-01-30 14:55:22 Image size of job updated: 45473980
	41187  -  MemoryUsage of job (MB)
	42175444  -  ResidentSetSize of job (KB)
...
006 (4596353.000.000) 2025-01-30 15:00:23 Image size of job updated: 47654336
	43189  -  MemoryUsage of job (MB)
	44224844  -  ResidentSetSize of job (KB)
...
006 (4596353.000.000) 2025-01-30 15:05:24 Image size of job updated: 52340760
	46472  -  MemoryUsage of job (MB)
	47586464  -  ResidentSetSize of job (KB)
...
006 (4596353.000.000) 2025-01-30 15:10:24 Image size of job updated: 52783424
	48577  -  MemoryUsage of job (MB)
	49742084  -  ResidentSetSize of job (KB)
...
006 (4596353.000.000) 2025-01-30 15:15:24 Image size of job updated: 56069984
	50728  -  MemoryUsage of job (MB)
	51944524  -  ResidentSetSize of job (KB)
...
006 (4596353.000.000) 2025-01-30 15:20:25 Image size of job updated: 58702920
	54271  -  MemoryUsage of job (MB)
	55572720  -  ResidentSetSize of job (KB)
...
006 (4596353.000.000) 2025-01-30 15:25:25 Image size of job updated: 61158168
	55802  -  MemoryUsage of job (MB)
	57140624  -  ResidentSetSize of job (KB)
...
006 (4596353.000.000) 2025-01-30 15:30:25 Image size of job updated: 64137020
	58535  -  MemoryUsage of job (MB)
	59939508  -  ResidentSetSize of job (KB)
...
006 (4596353.000.000) 2025-01-30 15:35:26 Image size of job updated: 65210836
	60599  -  MemoryUsage of job (MB)
	62053016  -  ResidentSetSize of job (KB)
...
006 (4596353.000.000) 2025-01-30 15:38:48 Image size of job updated: 67741460
	60599  -  MemoryUsage of job (MB)
	62053016  -  ResidentSetSize of job (KB)
...
005 (4596353.000.000) 2025-01-30 15:38:49 Job terminated.
	(1) Normal termination (return value 0)
		Usr 0 01:44:29, Sys 0 00:12:12  -  Run Remote Usage
		Usr 0 00:00:00, Sys 0 00:00:00  -  Run Local Usage
		Usr 0 01:44:29, Sys 0 00:12:12  -  Total Remote Usage
		Usr 0 00:00:00, Sys 0 00:00:00  -  Total Local Usage
	0  -  Run Bytes Sent By Job
	0  -  Run Bytes Received By Job
	0  -  Total Bytes Sent By Job
	0  -  Total Bytes Received By Job
	Partitionable Resources :    Usage  Request Allocated 
	   Cpus                 :     0.81        1         1 
	   Disk (KB)            :     2           2   6681231 
	   Memory (MB)          : 60599      128192    128256 
	   xferslots            :                           0 

	Job terminated of its own accord at 2025-01-30T20:38:48Z with exit-code 0.
...
000 (4597557.000.000) 2025-02-02 20:58:51 Job submitted from host: <130.199.48.82:9618?addrs=130.199.48.82-9618&alias=rcas2063.rcf.bnl.gov&noUDP&sock=schedd_23786_1176>
...
001 (4597557.000.000) 2025-02-02 21:05:07 Job executing on host: <130.199.186.80:9618?addrs=130.199.186.80-9618&alias=spool1843.sdcc.bnl.gov&noUDP&sock=startd_11487_9708>
...
006 (4597557.000.000) 2025-02-02 21:05:15 Image size of job updated: 589272
	335  -  MemoryUsage of job (MB)
	342620  -  ResidentSetSize of job (KB)
...
005 (4597557.000.000) 2025-02-02 21:05:15 Job terminated.
	(1) Normal termination (return value 139)
		Usr 0 00:00:05, Sys 0 00:00:01  -  Run Remote Usage
		Usr 0 00:00:00, Sys 0 00:00:00  -  Run Local Usage
		Usr 0 00:00:05, Sys 0 00:00:01  -  Total Remote Usage
		Usr 0 00:00:00, Sys 0 00:00:00  -  Total Local Usage
	0  -  Run Bytes Sent By Job
	0  -  Run Bytes Received By Job
	0  -  Total Bytes Sent By Job
	0  -  Total Bytes Received By Job
	Partitionable Resources :    Usage  Request Allocated 
	   Cpus                 :                 1         1 
	   Disk (KB)            :        2        2   6681630 
	   Memory (MB)          :      335   128192    128256 
	   xferslots            :                           0 

	Job terminated of its own accord at 2025-02-03T02:05:15Z with exit-code 139.
...
