000 (4602892.000.000) 2025-02-02 21:10:36 Job submitted from host: <130.199.48.82:9618?addrs=130.199.48.82-9618&alias=rcas2063.rcf.bnl.gov&noUDP&sock=schedd_23786_1176>
...
001 (4602892.000.000) 2025-02-02 21:12:34 Job executing on host: <130.199.184.213:9618?addrs=130.199.184.213-9618&alias=spool1788.sdcc.bnl.gov&noUDP&sock=startd_11823_ee03>
...
006 (4602892.000.000) 2025-02-02 21:12:42 Image size of job updated: 263408
	147  -  MemoryUsage of job (MB)
	150068  -  ResidentSetSize of job (KB)
...
006 (4602892.000.000) 2025-02-02 21:12:45 Image size of job updated: 3042436
	147  -  MemoryUsage of job (MB)
	150068  -  ResidentSetSize of job (KB)
...
005 (4602892.000.000) 2025-02-02 21:12:46 Job terminated.
	(1) Normal termination (return value 139)
		Usr 0 00:00:06, Sys 0 00:00:01  -  Run Remote Usage
		Usr 0 00:00:00, Sys 0 00:00:00  -  Run Local Usage
		Usr 0 00:00:06, Sys 0 00:00:01  -  Total Remote Usage
		Usr 0 00:00:00, Sys 0 00:00:00  -  Total Local Usage
	0  -  Run Bytes Sent By Job
	0  -  Run Bytes Received By Job
	0  -  Total Bytes Sent By Job
	0  -  Total Bytes Received By Job
	Partitionable Resources :    Usage  Request Allocated 
	   Cpus                 :                 1         1 
	   Disk (KB)            :        2        2   6681619 
	   Memory (MB)          :      147   128192    128256 
	   xferslots            :                           0 

	Job terminated of its own accord at 2025-02-03T02:12:45Z with exit-code 139.
...
