000 (4595667.000.000) 2025-01-28 23:09:00 Job submitted from host: <130.199.48.82:9618?addrs=130.199.48.82-9618&alias=rcas2063.rcf.bnl.gov&noUDP&sock=schedd_23786_1176>
...
001 (4595667.000.000) 2025-01-29 01:27:23 Job executing on host: <130.199.186.92:9618?addrs=130.199.186.92-9618&alias=spool1855.sdcc.bnl.gov&noUDP&sock=startd_51230_bf6c>
...
006 (4595667.000.000) 2025-01-29 01:27:32 Image size of job updated: 2919656
	140  -  MemoryUsage of job (MB)
	142852  -  ResidentSetSize of job (KB)
...
006 (4595667.000.000) 2025-01-29 01:27:33 Image size of job updated: 2919656
	140  -  MemoryUsage of job (MB)
	142908  -  ResidentSetSize of job (KB)
...
005 (4595667.000.000) 2025-01-29 01:27:33 Job terminated.
	(1) Normal termination (return value 0)
		Usr 0 00:00:04, Sys 0 00:00:01  -  Run Remote Usage
		Usr 0 00:00:00, Sys 0 00:00:00  -  Run Local Usage
		Usr 0 00:00:04, Sys 0 00:00:01  -  Total Remote Usage
		Usr 0 00:00:00, Sys 0 00:00:00  -  Total Local Usage
	0  -  Run Bytes Sent By Job
	0  -  Run Bytes Received By Job
	0  -  Total Bytes Sent By Job
	0  -  Total Bytes Received By Job
	Partitionable Resources :    Usage  Request Allocated 
	   Cpus                 :                 1         1 
	   Disk (KB)            :        2        2   6681629 
	   Memory (MB)          :      140   128192    128256 
	   xferslots            :                           0 

	Job terminated of its own accord at 2025-01-29T06:27:33Z with exit-code 0.
...
000 (4596688.000.000) 2025-01-30 00:27:51 Job submitted from host: <130.199.48.82:9618?addrs=130.199.48.82-9618&alias=rcas2063.rcf.bnl.gov&noUDP&sock=schedd_23786_1176>
...
001 (4596688.000.000) 2025-01-30 17:24:11 Job executing on host: <130.199.186.72:9618?addrs=130.199.186.72-9618&alias=spool1835.sdcc.bnl.gov&noUDP&sock=startd_55689_f707>
...
006 (4596688.000.000) 2025-01-30 17:24:20 Image size of job updated: 80780
	39  -  MemoryUsage of job (MB)
	39000  -  ResidentSetSize of job (KB)
...
006 (4596688.000.000) 2025-01-30 17:29:20 Image size of job updated: 5271016
	563  -  MemoryUsage of job (MB)
	576244  -  ResidentSetSize of job (KB)
...
006 (4596688.000.000) 2025-01-30 17:34:20 Image size of job updated: 6045652
	2613  -  MemoryUsage of job (MB)
	2675424  -  ResidentSetSize of job (KB)
...
006 (4596688.000.000) 2025-01-30 17:39:21 Image size of job updated: 9275988
	4497  -  MemoryUsage of job (MB)
	4604668  -  ResidentSetSize of job (KB)
...
006 (4596688.000.000) 2025-01-30 17:44:22 Image size of job updated: 9899608
	6009  -  MemoryUsage of job (MB)
	6152948  -  ResidentSetSize of job (KB)
...
006 (4596688.000.000) 2025-01-30 17:49:22 Image size of job updated: 12384688
	8874  -  MemoryUsage of job (MB)
	9086860  -  ResidentSetSize of job (KB)
...
006 (4596688.000.000) 2025-01-30 17:54:23 Image size of job updated: 14038600
	9764  -  MemoryUsage of job (MB)
	9998168  -  ResidentSetSize of job (KB)
...
006 (4596688.000.000) 2025-01-30 17:59:24 Image size of job updated: 15930840
	12590  -  MemoryUsage of job (MB)
	12891748  -  ResidentSetSize of job (KB)
...
006 (4596688.000.000) 2025-01-30 18:04:24 Image size of job updated: 17953864
	13589  -  MemoryUsage of job (MB)
	13914292  -  ResidentSetSize of job (KB)
...
006 (4596688.000.000) 2025-01-30 18:09:25 Image size of job updated: 20154248
	16619  -  MemoryUsage of job (MB)
	17017724  -  ResidentSetSize of job (KB)
...
006 (4596688.000.000) 2025-01-30 18:14:26 Image size of job updated: 22620772
	18156  -  MemoryUsage of job (MB)
	18591724  -  ResidentSetSize of job (KB)
...
006 (4596688.000.000) 2025-01-30 18:19:26 Image size of job updated: 24860792
	21254  -  MemoryUsage of job (MB)
	21764000  -  ResidentSetSize of job (KB)
...
006 (4596688.000.000) 2025-01-30 18:24:27 Image size of job updated: 27360972
	22744  -  MemoryUsage of job (MB)
	23289012  -  ResidentSetSize of job (KB)
...
006 (4596688.000.000) 2025-01-30 18:29:28 Image size of job updated: 29773004
	25911  -  MemoryUsage of job (MB)
	26532244  -  ResidentSetSize of job (KB)
...
006 (4596688.000.000) 2025-01-30 18:34:28 Image size of job updated: 31976756
	27178  -  MemoryUsage of job (MB)
	27830088  -  ResidentSetSize of job (KB)
...
006 (4596688.000.000) 2025-01-30 18:39:29 Image size of job updated: 34316100
	30307  -  MemoryUsage of job (MB)
	31034244  -  ResidentSetSize of job (KB)
...
006 (4596688.000.000) 2025-01-30 18:44:30 Image size of job updated: 37107480
	32002  -  MemoryUsage of job (MB)
	32769128  -  ResidentSetSize of job (KB)
...
006 (4596688.000.000) 2025-01-30 18:49:30 Image size of job updated: 39606788
	35161  -  MemoryUsage of job (MB)
	36004104  -  ResidentSetSize of job (KB)
...
006 (4596688.000.000) 2025-01-30 18:54:30 Image size of job updated: 41700192
	37202  -  MemoryUsage of job (MB)
	38094428  -  ResidentSetSize of job (KB)
...
006 (4596688.000.000) 2025-01-30 18:59:31 Image size of job updated: 44469200
	39414  -  MemoryUsage of job (MB)
	40359288  -  ResidentSetSize of job (KB)
...
006 (4596688.000.000) 2025-01-30 19:04:31 Image size of job updated: 47312912
	42703  -  MemoryUsage of job (MB)
	43727296  -  ResidentSetSize of job (KB)
...
006 (4596688.000.000) 2025-01-30 19:09:32 Image size of job updated: 49355804
	44564  -  MemoryUsage of job (MB)
	45633536  -  ResidentSetSize of job (KB)
...
006 (4596688.000.000) 2025-01-30 19:14:33 Image size of job updated: 52786756
	47601  -  MemoryUsage of job (MB)
	48743276  -  ResidentSetSize of job (KB)
...
006 (4596688.000.000) 2025-01-30 19:19:33 Image size of job updated: 56198588
	50980  -  MemoryUsage of job (MB)
	52202996  -  ResidentSetSize of job (KB)
...
006 (4596688.000.000) 2025-01-30 19:24:34 Image size of job updated: 58777716
	53131  -  MemoryUsage of job (MB)
	54405980  -  ResidentSetSize of job (KB)
...
006 (4596688.000.000) 2025-01-30 19:29:32 Image size of job updated: 62345332
	56047  -  MemoryUsage of job (MB)
	57391828  -  ResidentSetSize of job (KB)
...
006 (4596688.000.000) 2025-01-30 19:29:33 Image size of job updated: 62345332
	56055  -  MemoryUsage of job (MB)
	57400208  -  ResidentSetSize of job (KB)
...
004 (4596688.000.000) 2025-01-30 19:29:33 Job was evicted.
	(0) CPU times
		Usr 0 01:32:28, Sys 0 00:10:29  -  Run Remote Usage
		Usr 0 00:00:00, Sys 0 00:00:00  -  Run Local Usage
	0  -  Run Bytes Sent By Job
	0  -  Run Bytes Received By Job
	Partitionable Resources :    Usage  Request Allocated 
	   Cpus                 :     1.16        1         1 
	   Disk (KB)            :     2           2   6681637 
	   Memory (MB)          : 56055      128192    128256 
	   xferslots            :                           0 
...
009 (4596688.000.000) 2025-01-30 19:29:33 Job was aborted.
	via condor_rm (by user sgross)

	Job terminated by <130.199.48.82:34788> at 2025-01-31T00:29:32Z (using method 1: DEACTIVATE_CLAIM).
...
000 (4597892.000.000) 2025-02-02 20:59:29 Job submitted from host: <130.199.48.82:9618?addrs=130.199.48.82-9618&alias=rcas2063.rcf.bnl.gov&noUDP&sock=schedd_23786_1176>
...
001 (4597892.000.000) 2025-02-02 21:05:58 Job executing on host: <130.199.150.88:9618?addrs=130.199.150.88-9618&alias=spool1569.sdcc.bnl.gov&noUDP&sock=startd_33698_1751>
...
006 (4597892.000.000) 2025-02-02 21:06:07 Image size of job updated: 307888
	0  -  MemoryUsage of job (MB)
	0  -  ResidentSetSize of job (KB)
...
005 (4597892.000.000) 2025-02-02 21:06:07 Job terminated.
	(1) Normal termination (return value 139)
		Usr 0 00:00:05, Sys 0 00:00:01  -  Run Remote Usage
		Usr 0 00:00:00, Sys 0 00:00:00  -  Run Local Usage
		Usr 0 00:00:05, Sys 0 00:00:01  -  Total Remote Usage
		Usr 0 00:00:00, Sys 0 00:00:00  -  Total Local Usage
	0  -  Run Bytes Sent By Job
	0  -  Run Bytes Received By Job
	0  -  Total Bytes Sent By Job
	0  -  Total Bytes Received By Job
	Partitionable Resources :    Usage  Request Allocated 
	   Cpus                 :                 1         1 
	   Disk (KB)            :        2        2   6681235 
	   Memory (MB)          :        0   128192    128256 
	   xferslots            :                           0 

	Job terminated of its own accord at 2025-02-03T02:06:07Z with exit-code 139.
...
000 (4607609.000.000) 2025-02-03 00:29:00 Job submitted from host: <130.199.48.82:9618?addrs=130.199.48.82-9618&alias=rcas2063.rcf.bnl.gov&noUDP&sock=schedd_23786_1176>
...
