000 (4600657.000.000) 2025-02-02 21:04:20 Job submitted from host: <130.199.48.82:9618?addrs=130.199.48.82-9618&alias=rcas2063.rcf.bnl.gov&noUDP&sock=schedd_23786_1176>
...
001 (4600657.000.000) 2025-02-02 21:09:43 Job executing on host: <130.199.207.220:9618?addrs=130.199.207.220-9618&alias=spool1507.sdcc.bnl.gov&noUDP&sock=startd_19017_bd6b>
...
006 (4600657.000.000) 2025-02-02 21:09:51 Image size of job updated: 3093288
	302  -  MemoryUsage of job (MB)
	309228  -  ResidentSetSize of job (KB)
...
005 (4600657.000.000) 2025-02-02 21:09:53 Job terminated.
	(1) Normal termination (return value 139)
		Usr 0 00:00:05, Sys 0 00:00:01  -  Run Remote Usage
		Usr 0 00:00:00, Sys 0 00:00:00  -  Run Local Usage
		Usr 0 00:00:05, Sys 0 00:00:01  -  Total Remote Usage
		Usr 0 00:00:00, Sys 0 00:00:00  -  Total Local Usage
	0  -  Run Bytes Sent By Job
	0  -  Run Bytes Received By Job
	0  -  Total Bytes Sent By Job
	0  -  Total Bytes Received By Job
	Partitionable Resources :    Usage  Request Allocated 
	   Cpus                 :                 1         1 
	   Disk (KB)            :        2        2   6681174 
	   Memory (MB)          :      302   128192    128256 
	   xferslots            :                           0 

	Job terminated of its own accord at 2025-02-03T02:09:52Z with exit-code 139.
...
