000 (4602211.000.000) 2025-02-02 21:08:13 Job submitted from host: <130.199.48.82:9618?addrs=130.199.48.82-9618&alias=rcas2063.rcf.bnl.gov&noUDP&sock=schedd_23786_1176>
...
001 (4602211.000.000) 2025-02-02 21:11:41 Job executing on host: <130.199.186.19:9618?addrs=130.199.186.19-9618&alias=spool1816.sdcc.bnl.gov&noUDP&sock=startd_39859_f845>
...
006 (4602211.000.000) 2025-02-02 21:11:50 Image size of job updated: 300436
	171  -  MemoryUsage of job (MB)
	175004  -  ResidentSetSize of job (KB)
...
006 (4602211.000.000) 2025-02-02 21:11:52 Image size of job updated: 3042444
	192  -  MemoryUsage of job (MB)
	195656  -  ResidentSetSize of job (KB)
...
005 (4602211.000.000) 2025-02-02 21:11:52 Job terminated.
	(1) Normal termination (return value 139)
		Usr 0 00:00:06, Sys 0 00:00:02  -  Run Remote Usage
		Usr 0 00:00:00, Sys 0 00:00:00  -  Run Local Usage
		Usr 0 00:00:06, Sys 0 00:00:02  -  Total Remote Usage
		Usr 0 00:00:00, Sys 0 00:00:00  -  Total Local Usage
	0  -  Run Bytes Sent By Job
	0  -  Run Bytes Received By Job
	0  -  Total Bytes Sent By Job
	0  -  Total Bytes Received By Job
	Partitionable Resources :    Usage  Request Allocated 
	   Cpus                 :                 1         1 
	   Disk (KB)            :        2        2   6681614 
	   Memory (MB)          :      192   128192    128256 
	   xferslots            :                           0 

	Job terminated of its own accord at 2025-02-03T02:11:52Z with exit-code 139.
...
