000 (4595345.000.000) 2025-01-28 23:08:34 Job submitted from host: <130.199.48.82:9618?addrs=130.199.48.82-9618&alias=rcas2063.rcf.bnl.gov&noUDP&sock=schedd_23786_1176>
...
001 (4595345.000.000) 2025-01-29 01:19:31 Job executing on host: <130.199.184.158:9618?addrs=130.199.184.158-9618&alias=spool1767.sdcc.bnl.gov&noUDP&sock=startd_62920_7c34>
...
006 (4595345.000.000) 2025-01-29 01:19:40 Image size of job updated: 372600
	74  -  MemoryUsage of job (MB)
	75052  -  ResidentSetSize of job (KB)
...
005 (4595345.000.000) 2025-01-29 01:19:48 Job terminated.
	(1) Normal termination (return value 0)
		Usr 0 00:00:03, Sys 0 00:00:01  -  Run Remote Usage
		Usr 0 00:00:00, Sys 0 00:00:00  -  Run Local Usage
		Usr 0 00:00:03, Sys 0 00:00:01  -  Total Remote Usage
		Usr 0 00:00:00, Sys 0 00:00:00  -  Total Local Usage
	0  -  Run Bytes Sent By Job
	0  -  Run Bytes Received By Job
	0  -  Total Bytes Sent By Job
	0  -  Total Bytes Received By Job
	Partitionable Resources :    Usage  Request Allocated 
	   Cpus                 :                 1         1 
	   Disk (KB)            :        2        2   6681619 
	   Memory (MB)          :       74   128192    128256 
	   xferslots            :                           0 

	Job terminated of its own accord at 2025-01-29T06:19:48Z with exit-code 0.
...
000 (4596366.000.000) 2025-01-30 00:27:19 Job submitted from host: <130.199.48.82:9618?addrs=130.199.48.82-9618&alias=rcas2063.rcf.bnl.gov&noUDP&sock=schedd_23786_1176>
...
001 (4596366.000.000) 2025-01-30 13:42:44 Job executing on host: <130.199.186.28:9618?addrs=130.199.186.28-9618&alias=spool1825.sdcc.bnl.gov&noUDP&sock=startd_62164_3881>
...
006 (4596366.000.000) 2025-01-30 13:42:53 Image size of job updated: 103756
	55  -  MemoryUsage of job (MB)
	56012  -  ResidentSetSize of job (KB)
...
006 (4596366.000.000) 2025-01-30 13:47:54 Image size of job updated: 5356660
	944  -  MemoryUsage of job (MB)
	966008  -  ResidentSetSize of job (KB)
...
006 (4596366.000.000) 2025-01-30 13:52:54 Image size of job updated: 7206800
	4009  -  MemoryUsage of job (MB)
	4104452  -  ResidentSetSize of job (KB)
...
006 (4596366.000.000) 2025-01-30 13:57:54 Image size of job updated: 10035464
	5556  -  MemoryUsage of job (MB)
	5688788  -  ResidentSetSize of job (KB)
...
006 (4596366.000.000) 2025-01-30 14:02:55 Image size of job updated: 12228672
	8959  -  MemoryUsage of job (MB)
	9173364  -  ResidentSetSize of job (KB)
...
006 (4596366.000.000) 2025-01-30 14:07:55 Image size of job updated: 15054848
	11008  -  MemoryUsage of job (MB)
	11271172  -  ResidentSetSize of job (KB)
...
006 (4596366.000.000) 2025-01-30 14:12:56 Image size of job updated: 18766916
	14032  -  MemoryUsage of job (MB)
	14368188  -  ResidentSetSize of job (KB)
...
006 (4596366.000.000) 2025-01-30 14:17:57 Image size of job updated: 21360372
	17568  -  MemoryUsage of job (MB)
	17989488  -  ResidentSetSize of job (KB)
...
006 (4596366.000.000) 2025-01-30 14:22:57 Image size of job updated: 23754048
	20191  -  MemoryUsage of job (MB)
	20675460  -  ResidentSetSize of job (KB)
...
006 (4596366.000.000) 2025-01-30 14:27:57 Image size of job updated: 27552124
	23145  -  MemoryUsage of job (MB)
	23699868  -  ResidentSetSize of job (KB)
...
006 (4596366.000.000) 2025-01-30 14:32:58 Image size of job updated: 32000084
	26409  -  MemoryUsage of job (MB)
	27042692  -  ResidentSetSize of job (KB)
...
006 (4596366.000.000) 2025-01-30 14:37:58 Image size of job updated: 32802968
	28936  -  MemoryUsage of job (MB)
	29629900  -  ResidentSetSize of job (KB)
...
006 (4596366.000.000) 2025-01-30 14:42:58 Image size of job updated: 36552056
	31554  -  MemoryUsage of job (MB)
	32310648  -  ResidentSetSize of job (KB)
...
006 (4596366.000.000) 2025-01-30 14:47:59 Image size of job updated: 39404084
	34892  -  MemoryUsage of job (MB)
	35729316  -  ResidentSetSize of job (KB)
...
006 (4596366.000.000) 2025-01-30 14:53:00 Image size of job updated: 41574484
	37332  -  MemoryUsage of job (MB)
	38227776  -  ResidentSetSize of job (KB)
...
006 (4596366.000.000) 2025-01-30 14:58:00 Image size of job updated: 45365200
	39703  -  MemoryUsage of job (MB)
	40655796  -  ResidentSetSize of job (KB)
...
006 (4596366.000.000) 2025-01-30 15:03:01 Image size of job updated: 46240476
	42129  -  MemoryUsage of job (MB)
	43139744  -  ResidentSetSize of job (KB)
...
006 (4596366.000.000) 2025-01-30 15:08:01 Image size of job updated: 49433316
	44163  -  MemoryUsage of job (MB)
	45222120  -  ResidentSetSize of job (KB)
...
006 (4596366.000.000) 2025-01-30 15:13:01 Image size of job updated: 51432364
	47089  -  MemoryUsage of job (MB)
	48218272  -  ResidentSetSize of job (KB)
...
006 (4596366.000.000) 2025-01-30 15:18:02 Image size of job updated: 53961812
	48589  -  MemoryUsage of job (MB)
	49754408  -  ResidentSetSize of job (KB)
...
006 (4596366.000.000) 2025-01-30 15:23:02 Image size of job updated: 55991208
	51577  -  MemoryUsage of job (MB)
	52814328  -  ResidentSetSize of job (KB)
...
006 (4596366.000.000) 2025-01-30 15:28:02 Image size of job updated: 58186908
	52981  -  MemoryUsage of job (MB)
	54252244  -  ResidentSetSize of job (KB)
...
006 (4596366.000.000) 2025-01-30 15:33:03 Image size of job updated: 60892240
	56281  -  MemoryUsage of job (MB)
	57630728  -  ResidentSetSize of job (KB)
...
006 (4596366.000.000) 2025-01-30 15:38:03 Image size of job updated: 62985748
	57551  -  MemoryUsage of job (MB)
	58931992  -  ResidentSetSize of job (KB)
...
006 (4596366.000.000) 2025-01-30 15:42:57 Image size of job updated: 65445004
	57551  -  MemoryUsage of job (MB)
	58931996  -  ResidentSetSize of job (KB)
...
005 (4596366.000.000) 2025-01-30 15:42:57 Job terminated.
	(1) Normal termination (return value 0)
		Usr 0 01:35:50, Sys 0 00:09:27  -  Run Remote Usage
		Usr 0 00:00:00, Sys 0 00:00:00  -  Run Local Usage
		Usr 0 01:35:50, Sys 0 00:09:27  -  Total Remote Usage
		Usr 0 00:00:00, Sys 0 00:00:00  -  Total Local Usage
	0  -  Run Bytes Sent By Job
	0  -  Run Bytes Received By Job
	0  -  Total Bytes Sent By Job
	0  -  Total Bytes Received By Job
	Partitionable Resources :    Usage  Request Allocated 
	   Cpus                 :     0.88        1         1 
	   Disk (KB)            :     2           2   6681629 
	   Memory (MB)          : 57551      128192    128256 
	   xferslots            :                           0 

	Job terminated of its own accord at 2025-01-30T20:42:57Z with exit-code 0.
...
000 (4597570.000.000) 2025-02-02 20:58:53 Job submitted from host: <130.199.48.82:9618?addrs=130.199.48.82-9618&alias=rcas2063.rcf.bnl.gov&noUDP&sock=schedd_23786_1176>
...
001 (4597570.000.000) 2025-02-02 21:05:09 Job executing on host: <130.199.207.223:9618?addrs=130.199.207.223-9618&alias=spool1510.sdcc.bnl.gov&noUDP&sock=startd_44340_2655>
...
006 (4597570.000.000) 2025-02-02 21:05:18 Image size of job updated: 498644
	335  -  MemoryUsage of job (MB)
	342184  -  ResidentSetSize of job (KB)
...
005 (4597570.000.000) 2025-02-02 21:05:19 Job terminated.
	(1) Normal termination (return value 139)
		Usr 0 00:00:06, Sys 0 00:00:02  -  Run Remote Usage
		Usr 0 00:00:00, Sys 0 00:00:00  -  Run Local Usage
		Usr 0 00:00:06, Sys 0 00:00:02  -  Total Remote Usage
		Usr 0 00:00:00, Sys 0 00:00:00  -  Total Local Usage
	0  -  Run Bytes Sent By Job
	0  -  Run Bytes Received By Job
	0  -  Total Bytes Sent By Job
	0  -  Total Bytes Received By Job
	Partitionable Resources :    Usage  Request Allocated 
	   Cpus                 :                 1         1 
	   Disk (KB)            :        2        2   6681171 
	   Memory (MB)          :      335   128192    128256 
	   xferslots            :                           0 

	Job terminated of its own accord at 2025-02-03T02:05:19Z with exit-code 139.
...
