000 (4595426.000.000) 2025-01-28 23:08:41 Job submitted from host: <130.199.48.82:9618?addrs=130.199.48.82-9618&alias=rcas2063.rcf.bnl.gov&noUDP&sock=schedd_23786_1176>
...
001 (4595426.000.000) 2025-01-29 01:22:31 Job executing on host: <130.199.186.82:9618?addrs=130.199.186.82-9618&alias=spool1845.sdcc.bnl.gov&noUDP&sock=startd_71843_8085>
...
006 (4595426.000.000) 2025-01-29 01:22:39 Image size of job updated: 137104
	67  -  MemoryUsage of job (MB)
	68560  -  ResidentSetSize of job (KB)
...
006 (4595426.000.000) 2025-01-29 01:22:47 Image size of job updated: 598864
	68  -  MemoryUsage of job (MB)
	68704  -  ResidentSetSize of job (KB)
...
005 (4595426.000.000) 2025-01-29 01:22:47 Job terminated.
	(1) Normal termination (return value 0)
		Usr 0 00:00:03, Sys 0 00:00:02  -  Run Remote Usage
		Usr 0 00:00:00, Sys 0 00:00:00  -  Run Local Usage
		Usr 0 00:00:03, Sys 0 00:00:02  -  Total Remote Usage
		Usr 0 00:00:00, Sys 0 00:00:00  -  Total Local Usage
	0  -  Run Bytes Sent By Job
	0  -  Run Bytes Received By Job
	0  -  Total Bytes Sent By Job
	0  -  Total Bytes Received By Job
	Partitionable Resources :    Usage  Request Allocated 
	   Cpus                 :                 1         1 
	   Disk (KB)            :        2        2   6681620 
	   Memory (MB)          :       68   128192    128256 
	   xferslots            :                           0 

	Job terminated of its own accord at 2025-01-29T06:22:47Z with exit-code 0.
...
000 (4596447.000.000) 2025-01-30 00:27:27 Job submitted from host: <130.199.48.82:9618?addrs=130.199.48.82-9618&alias=rcas2063.rcf.bnl.gov&noUDP&sock=schedd_23786_1176>
...
001 (4596447.000.000) 2025-01-30 14:32:55 Job executing on host: <130.199.151.31:9618?addrs=130.199.151.31-9618&alias=spool1609.sdcc.bnl.gov&noUDP&sock=startd_83325_68fb>
...
006 (4596447.000.000) 2025-01-30 14:33:04 Image size of job updated: 111876
	61  -  MemoryUsage of job (MB)
	61528  -  ResidentSetSize of job (KB)
...
006 (4596447.000.000) 2025-01-30 14:38:05 Image size of job updated: 3514080
	292  -  MemoryUsage of job (MB)
	298032  -  ResidentSetSize of job (KB)
...
006 (4596447.000.000) 2025-01-30 14:43:05 Image size of job updated: 5948708
	2708  -  MemoryUsage of job (MB)
	2772364  -  ResidentSetSize of job (KB)
...
006 (4596447.000.000) 2025-01-30 14:48:05 Image size of job updated: 9300640
	5412  -  MemoryUsage of job (MB)
	5541040  -  ResidentSetSize of job (KB)
...
006 (4596447.000.000) 2025-01-30 14:53:06 Image size of job updated: 13436568
	8810  -  MemoryUsage of job (MB)
	9021364  -  ResidentSetSize of job (KB)
...
006 (4596447.000.000) 2025-01-30 14:58:07 Image size of job updated: 15832048
	12323  -  MemoryUsage of job (MB)
	12617800  -  ResidentSetSize of job (KB)
...
006 (4596447.000.000) 2025-01-30 15:03:07 Image size of job updated: 18295400
	14054  -  MemoryUsage of job (MB)
	14390316  -  ResidentSetSize of job (KB)
...
006 (4596447.000.000) 2025-01-30 15:08:08 Image size of job updated: 21497208
	17738  -  MemoryUsage of job (MB)
	18163376  -  ResidentSetSize of job (KB)
...
006 (4596447.000.000) 2025-01-30 15:13:09 Image size of job updated: 23793392
	19876  -  MemoryUsage of job (MB)
	20352280  -  ResidentSetSize of job (KB)
...
006 (4596447.000.000) 2025-01-30 15:18:09 Image size of job updated: 27793248
	23009  -  MemoryUsage of job (MB)
	23560408  -  ResidentSetSize of job (KB)
...
006 (4596447.000.000) 2025-01-30 15:23:09 Image size of job updated: 30333104
	26618  -  MemoryUsage of job (MB)
	27256040  -  ResidentSetSize of job (KB)
...
006 (4596447.000.000) 2025-01-30 15:28:10 Image size of job updated: 32590068
	28379  -  MemoryUsage of job (MB)
	29059728  -  ResidentSetSize of job (KB)
...
006 (4596447.000.000) 2025-01-30 15:33:10 Image size of job updated: 36354128
	31219  -  MemoryUsage of job (MB)
	31968116  -  ResidentSetSize of job (KB)
...
006 (4596447.000.000) 2025-01-30 15:38:10 Image size of job updated: 37963268
	33992  -  MemoryUsage of job (MB)
	34807444  -  ResidentSetSize of job (KB)
...
006 (4596447.000.000) 2025-01-30 15:43:11 Image size of job updated: 41875916
	36523  -  MemoryUsage of job (MB)
	37398980  -  ResidentSetSize of job (KB)
...
006 (4596447.000.000) 2025-01-30 15:48:11 Image size of job updated: 44092408
	39987  -  MemoryUsage of job (MB)
	40946284  -  ResidentSetSize of job (KB)
...
006 (4596447.000.000) 2025-01-30 15:53:11 Image size of job updated: 46291468
	41692  -  MemoryUsage of job (MB)
	42692428  -  ResidentSetSize of job (KB)
...
006 (4596447.000.000) 2025-01-30 15:58:12 Image size of job updated: 50003016
	44613  -  MemoryUsage of job (MB)
	45683056  -  ResidentSetSize of job (KB)
...
006 (4596447.000.000) 2025-01-30 16:03:13 Image size of job updated: 51943416
	47492  -  MemoryUsage of job (MB)
	48631024  -  ResidentSetSize of job (KB)
...
006 (4596447.000.000) 2025-01-30 16:05:06 Image size of job updated: 53414224
	47492  -  MemoryUsage of job (MB)
	48631024  -  ResidentSetSize of job (KB)
...
005 (4596447.000.000) 2025-01-30 16:05:06 Job terminated.
	(1) Normal termination (return value 0)
		Usr 0 01:13:13, Sys 0 00:07:29  -  Run Remote Usage
		Usr 0 00:00:00, Sys 0 00:00:00  -  Run Local Usage
		Usr 0 01:13:13, Sys 0 00:07:29  -  Total Remote Usage
		Usr 0 00:00:00, Sys 0 00:00:00  -  Total Local Usage
	0  -  Run Bytes Sent By Job
	0  -  Run Bytes Received By Job
	0  -  Total Bytes Sent By Job
	0  -  Total Bytes Received By Job
	Partitionable Resources :    Usage  Request Allocated 
	   Cpus                 :     0.67        1         1 
	   Disk (KB)            :     2           2   6681213 
	   Memory (MB)          : 47492      128192    128256 
	   xferslots            :                           0 

	Job terminated of its own accord at 2025-01-30T21:05:06Z with exit-code 0.
...
000 (4597651.000.000) 2025-02-02 20:59:02 Job submitted from host: <130.199.48.82:9618?addrs=130.199.48.82-9618&alias=rcas2063.rcf.bnl.gov&noUDP&sock=schedd_23786_1176>
...
001 (4597651.000.000) 2025-02-02 21:05:26 Job executing on host: <130.199.184.214:9618?addrs=130.199.184.214-9618&alias=spool1789.sdcc.bnl.gov&noUDP&sock=startd_37765_3ec7>
...
006 (4597651.000.000) 2025-02-02 21:05:35 Image size of job updated: 186304
	110  -  MemoryUsage of job (MB)
	112500  -  ResidentSetSize of job (KB)
...
006 (4597651.000.000) 2025-02-02 21:05:41 Image size of job updated: 605824
	114  -  MemoryUsage of job (MB)
	116688  -  ResidentSetSize of job (KB)
...
005 (4597651.000.000) 2025-02-02 21:05:41 Job terminated.
	(1) Normal termination (return value 139)
		Usr 0 00:00:05, Sys 0 00:00:02  -  Run Remote Usage
		Usr 0 00:00:00, Sys 0 00:00:00  -  Run Local Usage
		Usr 0 00:00:05, Sys 0 00:00:02  -  Total Remote Usage
		Usr 0 00:00:00, Sys 0 00:00:00  -  Total Local Usage
	0  -  Run Bytes Sent By Job
	0  -  Run Bytes Received By Job
	0  -  Total Bytes Sent By Job
	0  -  Total Bytes Received By Job
	Partitionable Resources :    Usage  Request Allocated 
	   Cpus                 :                 1         1 
	   Disk (KB)            :        2        2   6681621 
	   Memory (MB)          :      114   128192    128256 
	   xferslots            :                           0 

	Job terminated of its own accord at 2025-02-03T02:05:41Z with exit-code 139.
...
