000 (4596015.000.000) 2025-01-28 23:09:28 Job submitted from host: <130.199.48.82:9618?addrs=130.199.48.82-9618&alias=rcas2063.rcf.bnl.gov&noUDP&sock=schedd_23786_1176>
...
001 (4596015.000.000) 2025-01-29 01:33:07 Job executing on host: <130.199.184.197:9618?addrs=130.199.184.197-9618&alias=spool1772.sdcc.bnl.gov&noUDP&sock=startd_55688_a602>
...
006 (4596015.000.000) 2025-01-29 01:33:16 Image size of job updated: 584456
	118  -  MemoryUsage of job (MB)
	120532  -  ResidentSetSize of job (KB)
...
006 (4596015.000.000) 2025-01-29 01:33:20 Image size of job updated: 2934672
	118  -  MemoryUsage of job (MB)
	120536  -  ResidentSetSize of job (KB)
...
005 (4596015.000.000) 2025-01-29 01:33:20 Job terminated.
	(1) Normal termination (return value 0)
		Usr 0 00:00:04, Sys 0 00:00:02  -  Run Remote Usage
		Usr 0 00:00:00, Sys 0 00:00:00  -  Run Local Usage
		Usr 0 00:00:04, Sys 0 00:00:02  -  Total Remote Usage
		Usr 0 00:00:00, Sys 0 00:00:00  -  Total Local Usage
	0  -  Run Bytes Sent By Job
	0  -  Run Bytes Received By Job
	0  -  Total Bytes Sent By Job
	0  -  Total Bytes Received By Job
	Partitionable Resources :    Usage  Request Allocated 
	   Cpus                 :                 1         1 
	   Disk (KB)            :        2        2   6681633 
	   Memory (MB)          :      118   128192    128256 
	   xferslots            :                           0 

	Job terminated of its own accord at 2025-01-29T06:33:20Z with exit-code 0.
...
000 (4597036.000.000) 2025-01-30 00:28:25 Job submitted from host: <130.199.48.82:9618?addrs=130.199.48.82-9618&alias=rcas2063.rcf.bnl.gov&noUDP&sock=schedd_23786_1176>
...
009 (4597036.000.000) 2025-01-30 19:29:29 Job was aborted.
	via condor_rm (by user sgross)
...
000 (4598240.000.000) 2025-02-02 21:00:09 Job submitted from host: <130.199.48.82:9618?addrs=130.199.48.82-9618&alias=rcas2063.rcf.bnl.gov&noUDP&sock=schedd_23786_1176>
...
001 (4598240.000.000) 2025-02-02 21:06:31 Job executing on host: <130.199.151.19:9618?addrs=130.199.151.19-9618&alias=spool1597.sdcc.bnl.gov&noUDP&sock=startd_79764_6606>
...
006 (4598240.000.000) 2025-02-02 21:06:40 Image size of job updated: 3523424
	334  -  MemoryUsage of job (MB)
	341152  -  ResidentSetSize of job (KB)
...
006 (4598240.000.000) 2025-02-02 21:06:41 Image size of job updated: 3523424
	334  -  MemoryUsage of job (MB)
	341228  -  ResidentSetSize of job (KB)
...
005 (4598240.000.000) 2025-02-02 21:06:42 Job terminated.
	(1) Normal termination (return value 139)
		Usr 0 00:00:06, Sys 0 00:00:02  -  Run Remote Usage
		Usr 0 00:00:00, Sys 0 00:00:00  -  Run Local Usage
		Usr 0 00:00:06, Sys 0 00:00:02  -  Total Remote Usage
		Usr 0 00:00:00, Sys 0 00:00:00  -  Total Local Usage
	0  -  Run Bytes Sent By Job
	0  -  Run Bytes Received By Job
	0  -  Total Bytes Sent By Job
	0  -  Total Bytes Received By Job
	Partitionable Resources :    Usage  Request Allocated 
	   Cpus                 :                 1         1 
	   Disk (KB)            :        2        2   6681235 
	   Memory (MB)          :      334   128192    128256 
	   xferslots            :                           0 

	Job terminated of its own accord at 2025-02-03T02:06:41Z with exit-code 139.
...
000 (4607957.000.000) 2025-02-03 00:29:40 Job submitted from host: <130.199.48.82:9618?addrs=130.199.48.82-9618&alias=rcas2063.rcf.bnl.gov&noUDP&sock=schedd_23786_1176>
...
