000 (4595473.000.000) 2025-01-28 23:08:45 Job submitted from host: <130.199.48.82:9618?addrs=130.199.48.82-9618&alias=rcas2063.rcf.bnl.gov&noUDP&sock=schedd_23786_1176>
...
001 (4595473.000.000) 2025-01-29 01:23:45 Job executing on host: <130.199.186.28:9618?addrs=130.199.186.28-9618&alias=spool1825.sdcc.bnl.gov&noUDP&sock=startd_62164_3881>
...
006 (4595473.000.000) 2025-01-29 01:23:54 Image size of job updated: 576748
	108  -  MemoryUsage of job (MB)
	109760  -  ResidentSetSize of job (KB)
...
006 (4595473.000.000) 2025-01-29 01:23:58 Image size of job updated: 576748
	108  -  MemoryUsage of job (MB)
	109892  -  ResidentSetSize of job (KB)
...
005 (4595473.000.000) 2025-01-29 01:23:59 Job terminated.
	(1) Normal termination (return value 0)
		Usr 0 00:00:03, Sys 0 00:00:02  -  Run Remote Usage
		Usr 0 00:00:00, Sys 0 00:00:00  -  Run Local Usage
		Usr 0 00:00:03, Sys 0 00:00:02  -  Total Remote Usage
		Usr 0 00:00:00, Sys 0 00:00:00  -  Total Local Usage
	0  -  Run Bytes Sent By Job
	0  -  Run Bytes Received By Job
	0  -  Total Bytes Sent By Job
	0  -  Total Bytes Received By Job
	Partitionable Resources :    Usage  Request Allocated 
	   Cpus                 :        0        1         1 
	   Disk (KB)            :        2        2   6681629 
	   Memory (MB)          :      108   128192    128256 
	   xferslots            :                           0 

	Job terminated of its own accord at 2025-01-29T06:23:58Z with exit-code 0.
...
000 (4596494.000.000) 2025-01-30 00:27:32 Job submitted from host: <130.199.48.82:9618?addrs=130.199.48.82-9618&alias=rcas2063.rcf.bnl.gov&noUDP&sock=schedd_23786_1176>
...
001 (4596494.000.000) 2025-01-30 15:09:07 Job executing on host: <130.199.207.217:9618?addrs=130.199.207.217-9618&alias=spool1504.sdcc.bnl.gov&noUDP&sock=startd_26703_430b>
...
006 (4596494.000.000) 2025-01-30 15:09:15 Image size of job updated: 136800
	68  -  MemoryUsage of job (MB)
	68736  -  ResidentSetSize of job (KB)
...
006 (4596494.000.000) 2025-01-30 15:14:15 Image size of job updated: 4552004
	549  -  MemoryUsage of job (MB)
	561172  -  ResidentSetSize of job (KB)
...
006 (4596494.000.000) 2025-01-30 15:19:16 Image size of job updated: 7360596
	4104  -  MemoryUsage of job (MB)
	4201536  -  ResidentSetSize of job (KB)
...
006 (4596494.000.000) 2025-01-30 15:24:16 Image size of job updated: 10182576
	6686  -  MemoryUsage of job (MB)
	6846140  -  ResidentSetSize of job (KB)
...
006 (4596494.000.000) 2025-01-30 15:29:16 Image size of job updated: 12748424
	9397  -  MemoryUsage of job (MB)
	9621736  -  ResidentSetSize of job (KB)
...
006 (4596494.000.000) 2025-01-30 15:34:17 Image size of job updated: 16198920
	12474  -  MemoryUsage of job (MB)
	12772536  -  ResidentSetSize of job (KB)
...
006 (4596494.000.000) 2025-01-30 15:39:18 Image size of job updated: 20668848
	15806  -  MemoryUsage of job (MB)
	16184492  -  ResidentSetSize of job (KB)
...
006 (4596494.000.000) 2025-01-30 15:44:18 Image size of job updated: 22309556
	18833  -  MemoryUsage of job (MB)
	19284244  -  ResidentSetSize of job (KB)
...
006 (4596494.000.000) 2025-01-30 15:49:19 Image size of job updated: 25462556
	21157  -  MemoryUsage of job (MB)
	21664672  -  ResidentSetSize of job (KB)
...
006 (4596494.000.000) 2025-01-30 15:54:20 Image size of job updated: 29396888
	24213  -  MemoryUsage of job (MB)
	24793504  -  ResidentSetSize of job (KB)
...
006 (4596494.000.000) 2025-01-30 15:59:20 Image size of job updated: 31259056
	27560  -  MemoryUsage of job (MB)
	28221188  -  ResidentSetSize of job (KB)
...
006 (4596494.000.000) 2025-01-30 16:04:20 Image size of job updated: 33557580
	29561  -  MemoryUsage of job (MB)
	30269640  -  ResidentSetSize of job (KB)
...
006 (4596494.000.000) 2025-01-30 16:09:21 Image size of job updated: 36903276
	32118  -  MemoryUsage of job (MB)
	32888236  -  ResidentSetSize of job (KB)
...
006 (4596494.000.000) 2025-01-30 16:14:21 Image size of job updated: 39191068
	35354  -  MemoryUsage of job (MB)
	36202168  -  ResidentSetSize of job (KB)
...
006 (4596494.000.000) 2025-01-30 16:19:21 Image size of job updated: 41886712
	37491  -  MemoryUsage of job (MB)
	38390744  -  ResidentSetSize of job (KB)
...
006 (4596494.000.000) 2025-01-30 16:24:22 Image size of job updated: 44920680
	40236  -  MemoryUsage of job (MB)
	41201428  -  ResidentSetSize of job (KB)
...
006 (4596494.000.000) 2025-01-30 16:29:22 Image size of job updated: 48909612
	43501  -  MemoryUsage of job (MB)
	44544280  -  ResidentSetSize of job (KB)
...
006 (4596494.000.000) 2025-01-30 16:34:22 Image size of job updated: 51169472
	47065  -  MemoryUsage of job (MB)
	48193816  -  ResidentSetSize of job (KB)
...
006 (4596494.000.000) 2025-01-30 16:39:23 Image size of job updated: 53828116
	49609  -  MemoryUsage of job (MB)
	50798784  -  ResidentSetSize of job (KB)
...
006 (4596494.000.000) 2025-01-30 16:40:55 Image size of job updated: 55395036
	49609  -  MemoryUsage of job (MB)
	50798784  -  ResidentSetSize of job (KB)
...
005 (4596494.000.000) 2025-01-30 16:40:55 Job terminated.
	(1) Normal termination (return value 0)
		Usr 0 01:19:07, Sys 0 00:08:06  -  Run Remote Usage
		Usr 0 00:00:00, Sys 0 00:00:00  -  Run Local Usage
		Usr 0 01:19:07, Sys 0 00:08:06  -  Total Remote Usage
		Usr 0 00:00:00, Sys 0 00:00:00  -  Total Local Usage
	0  -  Run Bytes Sent By Job
	0  -  Run Bytes Received By Job
	0  -  Total Bytes Sent By Job
	0  -  Total Bytes Received By Job
	Partitionable Resources :    Usage  Request Allocated 
	   Cpus                 :     0.98        1         1 
	   Disk (KB)            :     2           2   6681231 
	   Memory (MB)          : 49609      128192    128256 
	   xferslots            :                           0 

	Job terminated of its own accord at 2025-01-30T21:40:55Z with exit-code 0.
...
000 (4597698.000.000) 2025-02-02 20:59:07 Job submitted from host: <130.199.48.82:9618?addrs=130.199.48.82-9618&alias=rcas2063.rcf.bnl.gov&noUDP&sock=schedd_23786_1176>
...
001 (4597698.000.000) 2025-02-02 21:05:33 Job executing on host: <130.199.151.2:9618?addrs=130.199.151.2-9618&alias=spool1580.sdcc.bnl.gov&noUDP&sock=startd_93239_10e0>
...
006 (4597698.000.000) 2025-02-02 21:05:42 Image size of job updated: 575680
	332  -  MemoryUsage of job (MB)
	339964  -  ResidentSetSize of job (KB)
...
006 (4597698.000.000) 2025-02-02 21:05:43 Image size of job updated: 575680
	333  -  MemoryUsage of job (MB)
	340216  -  ResidentSetSize of job (KB)
...
005 (4597698.000.000) 2025-02-02 21:05:44 Job terminated.
	(1) Normal termination (return value 139)
		Usr 0 00:00:06, Sys 0 00:00:02  -  Run Remote Usage
		Usr 0 00:00:00, Sys 0 00:00:00  -  Run Local Usage
		Usr 0 00:00:06, Sys 0 00:00:02  -  Total Remote Usage
		Usr 0 00:00:00, Sys 0 00:00:00  -  Total Local Usage
	0  -  Run Bytes Sent By Job
	0  -  Run Bytes Received By Job
	0  -  Total Bytes Sent By Job
	0  -  Total Bytes Received By Job
	Partitionable Resources :    Usage  Request Allocated 
	   Cpus                 :                 1         1 
	   Disk (KB)            :        2        2   6681235 
	   Memory (MB)          :      333   128192    128256 
	   xferslots            :                           0 

	Job terminated of its own accord at 2025-02-03T02:05:43Z with exit-code 139.
...
