000 (2016985.000.000) 2025-01-28 23:07:59 Job submitted from host: <130.199.48.81:9618?addrs=130.199.48.81-9618&alias=rcas2062.rcf.bnl.gov&noUDP&sock=schedd_48563_ad09>
...
001 (2016985.000.000) 2025-01-29 01:09:27 Job executing on host: <130.199.186.82:9618?addrs=130.199.186.82-9618&alias=spool1845.sdcc.bnl.gov&noUDP&sock=startd_71843_8085>
...
006 (2016985.000.000) 2025-01-29 01:09:35 Image size of job updated: 214580
	74  -  MemoryUsage of job (MB)
	75088  -  ResidentSetSize of job (KB)
...
006 (2016985.000.000) 2025-01-29 01:09:50 Image size of job updated: 612416
	74  -  MemoryUsage of job (MB)
	75096  -  ResidentSetSize of job (KB)
...
005 (2016985.000.000) 2025-01-29 01:09:50 Job terminated.
	(1) Normal termination (return value 0)
		Usr 0 00:00:04, Sys 0 00:00:02  -  Run Remote Usage
		Usr 0 00:00:00, Sys 0 00:00:00  -  Run Local Usage
		Usr 0 00:00:04, Sys 0 00:00:02  -  Total Remote Usage
		Usr 0 00:00:00, Sys 0 00:00:00  -  Total Local Usage
	0  -  Run Bytes Sent By Job
	0  -  Run Bytes Received By Job
	0  -  Total Bytes Sent By Job
	0  -  Total Bytes Received By Job
	Partitionable Resources :    Usage  Request Allocated 
	   Cpus                 :                 1         1 
	   Disk (KB)            :        2        2   6681620 
	   Memory (MB)          :       74   128192    128256 
	   xferslots            :                           0 

	Job terminated of its own accord at 2025-01-29T06:09:50Z with exit-code 0.
...
000 (2017369.000.000) 2025-01-30 00:28:11 Job submitted from host: <130.199.48.81:9618?addrs=130.199.48.81-9618&alias=rcas2062.rcf.bnl.gov&noUDP&sock=schedd_48563_ad09>
...
001 (2017369.000.000) 2025-01-30 03:46:04 Job executing on host: <130.199.151.4:9618?addrs=130.199.151.4-9618&alias=spool1582.sdcc.bnl.gov&noUDP&sock=startd_39246_f689>
...
006 (2017369.000.000) 2025-01-30 03:46:12 Image size of job updated: 148392
	77  -  MemoryUsage of job (MB)
	78688  -  ResidentSetSize of job (KB)
...
006 (2017369.000.000) 2025-01-30 03:51:12 Image size of job updated: 3869752
	226  -  MemoryUsage of job (MB)
	230576  -  ResidentSetSize of job (KB)
...
006 (2017369.000.000) 2025-01-30 03:56:13 Image size of job updated: 5565888
	1910  -  MemoryUsage of job (MB)
	1955608  -  ResidentSetSize of job (KB)
...
006 (2017369.000.000) 2025-01-30 04:01:13 Image size of job updated: 7355624
	3510  -  MemoryUsage of job (MB)
	3593308  -  ResidentSetSize of job (KB)
...
006 (2017369.000.000) 2025-01-30 04:06:13 Image size of job updated: 8524516
	4967  -  MemoryUsage of job (MB)
	5085628  -  ResidentSetSize of job (KB)
...
006 (2017369.000.000) 2025-01-30 04:11:14 Image size of job updated: 10130156
	6528  -  MemoryUsage of job (MB)
	6684436  -  ResidentSetSize of job (KB)
...
006 (2017369.000.000) 2025-01-30 04:16:15 Image size of job updated: 11653792
	7860  -  MemoryUsage of job (MB)
	8047784  -  ResidentSetSize of job (KB)
...
006 (2017369.000.000) 2025-01-30 04:21:15 Image size of job updated: 13454436
	9466  -  MemoryUsage of job (MB)
	9693020  -  ResidentSetSize of job (KB)
...
006 (2017369.000.000) 2025-01-30 04:26:16 Image size of job updated: 14538708
	10684  -  MemoryUsage of job (MB)
	10940360  -  ResidentSetSize of job (KB)
...
006 (2017369.000.000) 2025-01-30 04:31:17 Image size of job updated: 16405092
	12285  -  MemoryUsage of job (MB)
	12579084  -  ResidentSetSize of job (KB)
...
006 (2017369.000.000) 2025-01-30 04:36:17 Image size of job updated: 18155244
	13821  -  MemoryUsage of job (MB)
	14152652  -  ResidentSetSize of job (KB)
...
006 (2017369.000.000) 2025-01-30 04:41:17 Image size of job updated: 19579564
	15404  -  MemoryUsage of job (MB)
	15773124  -  ResidentSetSize of job (KB)
...
006 (2017369.000.000) 2025-01-30 04:46:18 Image size of job updated: 20997456
	16626  -  MemoryUsage of job (MB)
	17024108  -  ResidentSetSize of job (KB)
...
006 (2017369.000.000) 2025-01-30 04:51:18 Image size of job updated: 21814576
	17731  -  MemoryUsage of job (MB)
	18155992  -  ResidentSetSize of job (KB)
...
006 (2017369.000.000) 2025-01-30 04:56:18 Image size of job updated: 23171800
	18895  -  MemoryUsage of job (MB)
	19347948  -  ResidentSetSize of job (KB)
...
006 (2017369.000.000) 2025-01-30 05:01:20 Image size of job updated: 24444336
	20577  -  MemoryUsage of job (MB)
	21069888  -  ResidentSetSize of job (KB)
...
006 (2017369.000.000) 2025-01-30 05:06:20 Image size of job updated: 26189196
	21779  -  MemoryUsage of job (MB)
	22301268  -  ResidentSetSize of job (KB)
...
006 (2017369.000.000) 2025-01-30 05:11:20 Image size of job updated: 27254788
	23150  -  MemoryUsage of job (MB)
	23704964  -  ResidentSetSize of job (KB)
...
006 (2017369.000.000) 2025-01-30 05:16:21 Image size of job updated: 28476668
	24417  -  MemoryUsage of job (MB)
	25002340  -  ResidentSetSize of job (KB)
...
006 (2017369.000.000) 2025-01-30 05:21:22 Image size of job updated: 29784172
	25589  -  MemoryUsage of job (MB)
	26202260  -  ResidentSetSize of job (KB)
...
006 (2017369.000.000) 2025-01-30 05:26:22 Image size of job updated: 31211800
	26872  -  MemoryUsage of job (MB)
	27516064  -  ResidentSetSize of job (KB)
...
006 (2017369.000.000) 2025-01-30 05:31:23 Image size of job updated: 32362348
	28154  -  MemoryUsage of job (MB)
	28829668  -  ResidentSetSize of job (KB)
...
006 (2017369.000.000) 2025-01-30 05:36:24 Image size of job updated: 33962948
	29456  -  MemoryUsage of job (MB)
	30162896  -  ResidentSetSize of job (KB)
...
006 (2017369.000.000) 2025-01-30 05:41:24 Image size of job updated: 35427156
	31061  -  MemoryUsage of job (MB)
	31805928  -  ResidentSetSize of job (KB)
...
006 (2017369.000.000) 2025-01-30 05:46:24 Image size of job updated: 36764812
	32198  -  MemoryUsage of job (MB)
	32969848  -  ResidentSetSize of job (KB)
...
006 (2017369.000.000) 2025-01-30 05:51:25 Image size of job updated: 38149520
	33817  -  MemoryUsage of job (MB)
	34627864  -  ResidentSetSize of job (KB)
...
006 (2017369.000.000) 2025-01-30 05:56:25 Image size of job updated: 40563872
	35562  -  MemoryUsage of job (MB)
	36415328  -  ResidentSetSize of job (KB)
...
006 (2017369.000.000) 2025-01-30 06:01:25 Image size of job updated: 42105260
	37311  -  MemoryUsage of job (MB)
	38206132  -  ResidentSetSize of job (KB)
...
006 (2017369.000.000) 2025-01-30 06:06:26 Image size of job updated: 44278272
	39370  -  MemoryUsage of job (MB)
	40314164  -  ResidentSetSize of job (KB)
...
006 (2017369.000.000) 2025-01-30 06:11:26 Image size of job updated: 46270076
	41428  -  MemoryUsage of job (MB)
	42421316  -  ResidentSetSize of job (KB)
...
006 (2017369.000.000) 2025-01-30 06:16:26 Image size of job updated: 48589504
	43594  -  MemoryUsage of job (MB)
	44639260  -  ResidentSetSize of job (KB)
...
006 (2017369.000.000) 2025-01-30 06:21:27 Image size of job updated: 50401288
	45584  -  MemoryUsage of job (MB)
	46678008  -  ResidentSetSize of job (KB)
...
006 (2017369.000.000) 2025-01-30 06:26:27 Image size of job updated: 52703472
	47550  -  MemoryUsage of job (MB)
	48691144  -  ResidentSetSize of job (KB)
...
006 (2017369.000.000) 2025-01-30 06:31:27 Image size of job updated: 54267472
	48919  -  MemoryUsage of job (MB)
	50092752  -  ResidentSetSize of job (KB)
...
006 (2017369.000.000) 2025-01-30 06:36:28 Image size of job updated: 55649824
	50319  -  MemoryUsage of job (MB)
	51526352  -  ResidentSetSize of job (KB)
...
006 (2017369.000.000) 2025-01-30 06:41:28 Image size of job updated: 56919580
	51711  -  MemoryUsage of job (MB)
	52951356  -  ResidentSetSize of job (KB)
...
006 (2017369.000.000) 2025-01-30 06:46:28 Image size of job updated: 58439020
	53102  -  MemoryUsage of job (MB)
	54376152  -  ResidentSetSize of job (KB)
...
006 (2017369.000.000) 2025-01-30 06:51:29 Image size of job updated: 59552492
	54689  -  MemoryUsage of job (MB)
	56000952  -  ResidentSetSize of job (KB)
...
006 (2017369.000.000) 2025-01-30 06:56:30 Image size of job updated: 61040456
	55803  -  MemoryUsage of job (MB)
	57141512  -  ResidentSetSize of job (KB)
...
006 (2017369.000.000) 2025-01-30 07:01:30 Image size of job updated: 62574236
	57454  -  MemoryUsage of job (MB)
	58832864  -  ResidentSetSize of job (KB)
...
006 (2017369.000.000) 2025-01-30 07:06:31 Image size of job updated: 64143692
	58986  -  MemoryUsage of job (MB)
	60401004  -  ResidentSetSize of job (KB)
...
006 (2017369.000.000) 2025-01-30 07:11:32 Image size of job updated: 66142628
	60556  -  MemoryUsage of job (MB)
	62008908  -  ResidentSetSize of job (KB)
...
006 (2017369.000.000) 2025-01-30 07:16:32 Image size of job updated: 67711884
	62252  -  MemoryUsage of job (MB)
	63745780  -  ResidentSetSize of job (KB)
...
006 (2017369.000.000) 2025-01-30 07:21:33 Image size of job updated: 68795284
	63573  -  MemoryUsage of job (MB)
	65098320  -  ResidentSetSize of job (KB)
...
006 (2017369.000.000) 2025-01-30 07:26:34 Image size of job updated: 70206180
	65010  -  MemoryUsage of job (MB)
	66569336  -  ResidentSetSize of job (KB)
...
006 (2017369.000.000) 2025-01-30 07:31:34 Image size of job updated: 72190932
	66644  -  MemoryUsage of job (MB)
	68242668  -  ResidentSetSize of job (KB)
...
006 (2017369.000.000) 2025-01-30 07:36:35 Image size of job updated: 73536084
	68173  -  MemoryUsage of job (MB)
	69808344  -  ResidentSetSize of job (KB)
...
006 (2017369.000.000) 2025-01-30 07:41:36 Image size of job updated: 75015912
	69647  -  MemoryUsage of job (MB)
	71318176  -  ResidentSetSize of job (KB)
...
006 (2017369.000.000) 2025-01-30 07:46:36 Image size of job updated: 76932372
	71275  -  MemoryUsage of job (MB)
	72985440  -  ResidentSetSize of job (KB)
...
006 (2017369.000.000) 2025-01-30 07:51:36 Image size of job updated: 78630608
	72936  -  MemoryUsage of job (MB)
	74685668  -  ResidentSetSize of job (KB)
...
006 (2017369.000.000) 2025-01-30 07:56:37 Image size of job updated: 80612084
	74706  -  MemoryUsage of job (MB)
	76498508  -  ResidentSetSize of job (KB)
...
005 (2017369.000.000) 2025-01-30 07:56:55 Job terminated.
	(1) Normal termination (return value 0)
		Usr 0 03:12:05, Sys 0 00:27:44  -  Run Remote Usage
		Usr 0 00:00:00, Sys 0 00:00:00  -  Run Local Usage
		Usr 0 03:12:05, Sys 0 00:27:44  -  Total Remote Usage
		Usr 0 00:00:00, Sys 0 00:00:00  -  Total Local Usage
	0  -  Run Bytes Sent By Job
	0  -  Run Bytes Received By Job
	0  -  Total Bytes Sent By Job
	0  -  Total Bytes Received By Job
	Partitionable Resources :    Usage  Request Allocated 
	   Cpus                 :     1.10        1         1 
	   Disk (KB)            :     2           2   6681231 
	   Memory (MB)          : 74706      128192    128256 
	   xferslots            :                           0 

	Job terminated of its own accord at 2025-01-30T12:56:55Z with exit-code 0.
...
000 (2018815.000.000) 2025-02-02 20:32:22 Job submitted from host: <130.199.48.81:9618?addrs=130.199.48.81-9618&alias=rcas2062.rcf.bnl.gov&noUDP&sock=schedd_48563_ad09>
...
001 (2018815.000.000) 2025-02-02 20:37:20 Job executing on host: <130.199.186.86:9618?addrs=130.199.186.86-9618&alias=spool1849.sdcc.bnl.gov&noUDP&sock=startd_80704_e58c>
...
006 (2018815.000.000) 2025-02-02 20:37:29 Image size of job updated: 298284
	41  -  MemoryUsage of job (MB)
	40996  -  ResidentSetSize of job (KB)
...
006 (2018815.000.000) 2025-02-02 20:40:16 Image size of job updated: 4001020
	41  -  MemoryUsage of job (MB)
	40996  -  ResidentSetSize of job (KB)
...
005 (2018815.000.000) 2025-02-02 20:40:16 Job terminated.
	(1) Normal termination (return value 0)
		Usr 0 00:02:18, Sys 0 00:00:06  -  Run Remote Usage
		Usr 0 00:00:00, Sys 0 00:00:00  -  Run Local Usage
		Usr 0 00:02:18, Sys 0 00:00:06  -  Total Remote Usage
		Usr 0 00:00:00, Sys 0 00:00:00  -  Total Local Usage
	0  -  Run Bytes Sent By Job
	0  -  Run Bytes Received By Job
	0  -  Total Bytes Sent By Job
	0  -  Total Bytes Received By Job
	Partitionable Resources :    Usage  Request Allocated 
	   Cpus                 :     0.82        1         1 
	   Disk (KB)            :     2           2   6681564 
	   Memory (MB)          :    41      128192    128256 
	   xferslots            :                           0 

	Job terminated of its own accord at 2025-02-03T01:40:16Z with exit-code 0.
...
000 (2019199.000.000) 2025-02-02 20:56:52 Job submitted from host: <130.199.48.81:9618?addrs=130.199.48.81-9618&alias=rcas2062.rcf.bnl.gov&noUDP&sock=schedd_48563_ad09>
...
001 (2019199.000.000) 2025-02-02 20:59:49 Job executing on host: <130.199.184.199:9618?addrs=130.199.184.199-9618&alias=spool1774.sdcc.bnl.gov&noUDP&sock=startd_74915_c052>
...
006 (2019199.000.000) 2025-02-02 20:59:58 Image size of job updated: 181240
	107  -  MemoryUsage of job (MB)
	108788  -  ResidentSetSize of job (KB)
...
006 (2019199.000.000) 2025-02-02 21:02:18 Image size of job updated: 4001008
	107  -  MemoryUsage of job (MB)
	108788  -  ResidentSetSize of job (KB)
...
005 (2019199.000.000) 2025-02-02 21:02:19 Job terminated.
	(1) Normal termination (return value 0)
		Usr 0 00:02:12, Sys 0 00:00:05  -  Run Remote Usage
		Usr 0 00:00:00, Sys 0 00:00:00  -  Run Local Usage
		Usr 0 00:02:12, Sys 0 00:00:05  -  Total Remote Usage
		Usr 0 00:00:00, Sys 0 00:00:00  -  Total Local Usage
	0  -  Run Bytes Sent By Job
	0  -  Run Bytes Received By Job
	0  -  Total Bytes Sent By Job
	0  -  Total Bytes Received By Job
	Partitionable Resources :    Usage  Request Allocated 
	   Cpus                 :                 1         1 
	   Disk (KB)            :        2        2   6681626 
	   Memory (MB)          :      107   128192    128256 
	   xferslots            :                           0 

	Job terminated of its own accord at 2025-02-03T02:02:18Z with exit-code 0.
...
000 (2019583.000.000) 2025-02-02 22:34:33 Job submitted from host: <130.199.48.81:9618?addrs=130.199.48.81-9618&alias=rcas2062.rcf.bnl.gov&noUDP&sock=schedd_48563_ad09>
...
001 (2019583.000.000) 2025-02-02 22:41:39 Job executing on host: <130.199.151.9:9618?addrs=130.199.151.9-9618&alias=spool1587.sdcc.bnl.gov&noUDP&sock=startd_39026_55f8>
...
006 (2019583.000.000) 2025-02-02 22:41:48 Image size of job updated: 324912
	37  -  MemoryUsage of job (MB)
	37820  -  ResidentSetSize of job (KB)
...
006 (2019583.000.000) 2025-02-02 22:44:37 Image size of job updated: 4001012
	38  -  MemoryUsage of job (MB)
	37956  -  ResidentSetSize of job (KB)
...
005 (2019583.000.000) 2025-02-02 22:44:37 Job terminated.
	(1) Normal termination (return value 0)
		Usr 0 00:02:19, Sys 0 00:00:05  -  Run Remote Usage
		Usr 0 00:00:00, Sys 0 00:00:00  -  Run Local Usage
		Usr 0 00:02:19, Sys 0 00:00:05  -  Total Remote Usage
		Usr 0 00:00:00, Sys 0 00:00:00  -  Total Local Usage
	0  -  Run Bytes Sent By Job
	0  -  Run Bytes Received By Job
	0  -  Total Bytes Sent By Job
	0  -  Total Bytes Received By Job
	Partitionable Resources :    Usage  Request Allocated 
	   Cpus                 :                 1         1 
	   Disk (KB)            :        2        2   6681247 
	   Memory (MB)          :       38   128192    128256 
	   xferslots            :                           0 

	Job terminated of its own accord at 2025-02-03T03:44:37Z with exit-code 0.
...
