000 (2017033.000.000) 2025-01-28 23:08:03 Job submitted from host: <130.199.48.81:9618?addrs=130.199.48.81-9618&alias=rcas2062.rcf.bnl.gov&noUDP&sock=schedd_48563_ad09>
...
001 (2017033.000.000) 2025-01-29 01:25:57 Job executing on host: <130.199.186.8:9618?addrs=130.199.186.8-9618&alias=spool1805.sdcc.bnl.gov&noUDP&sock=startd_47947_b83e>
...
006 (2017033.000.000) 2025-01-29 01:26:05 Image size of job updated: 331732
	89  -  MemoryUsage of job (MB)
	90184  -  ResidentSetSize of job (KB)
...
006 (2017033.000.000) 2025-01-29 01:26:09 Image size of job updated: 610036
	89  -  MemoryUsage of job (MB)
	90184  -  ResidentSetSize of job (KB)
...
005 (2017033.000.000) 2025-01-29 01:26:10 Job terminated.
	(1) Normal termination (return value 0)
		Usr 0 00:00:04, Sys 0 00:00:01  -  Run Remote Usage
		Usr 0 00:00:00, Sys 0 00:00:00  -  Run Local Usage
		Usr 0 00:00:04, Sys 0 00:00:01  -  Total Remote Usage
		Usr 0 00:00:00, Sys 0 00:00:00  -  Total Local Usage
	0  -  Run Bytes Sent By Job
	0  -  Run Bytes Received By Job
	0  -  Total Bytes Sent By Job
	0  -  Total Bytes Received By Job
	Partitionable Resources :    Usage  Request Allocated 
	   Cpus                 :     0.24        1         1 
	   Disk (KB)            :     2           2   6681622 
	   Memory (MB)          :    89      128192    128256 
	   xferslots            :                           0 

	Job terminated of its own accord at 2025-01-29T06:26:09Z with exit-code 0.
...
000 (2017417.000.000) 2025-01-30 00:28:16 Job submitted from host: <130.199.48.81:9618?addrs=130.199.48.81-9618&alias=rcas2062.rcf.bnl.gov&noUDP&sock=schedd_48563_ad09>
...
001 (2017417.000.000) 2025-01-30 04:32:38 Job executing on host: <130.199.186.22:9618?addrs=130.199.186.22-9618&alias=spool1819.sdcc.bnl.gov&noUDP&sock=startd_21241_9b9b>
...
006 (2017417.000.000) 2025-01-30 04:32:48 Image size of job updated: 561324
	74  -  MemoryUsage of job (MB)
	74996  -  ResidentSetSize of job (KB)
...
006 (2017417.000.000) 2025-01-30 04:37:48 Image size of job updated: 5314528
	1531  -  MemoryUsage of job (MB)
	1566868  -  ResidentSetSize of job (KB)
...
006 (2017417.000.000) 2025-01-30 04:42:48 Image size of job updated: 7002248
	3354  -  MemoryUsage of job (MB)
	3434296  -  ResidentSetSize of job (KB)
...
006 (2017417.000.000) 2025-01-30 04:47:49 Image size of job updated: 9003468
	5514  -  MemoryUsage of job (MB)
	5645888  -  ResidentSetSize of job (KB)
...
006 (2017417.000.000) 2025-01-30 04:52:50 Image size of job updated: 11151572
	7540  -  MemoryUsage of job (MB)
	7720484  -  ResidentSetSize of job (KB)
...
006 (2017417.000.000) 2025-01-30 04:57:50 Image size of job updated: 13071896
	9484  -  MemoryUsage of job (MB)
	9711268  -  ResidentSetSize of job (KB)
...
006 (2017417.000.000) 2025-01-30 05:02:51 Image size of job updated: 14731312
	10864  -  MemoryUsage of job (MB)
	11124688  -  ResidentSetSize of job (KB)
...
006 (2017417.000.000) 2025-01-30 05:07:52 Image size of job updated: 17057748
	12678  -  MemoryUsage of job (MB)
	12981808  -  ResidentSetSize of job (KB)
...
006 (2017417.000.000) 2025-01-30 05:12:52 Image size of job updated: 18230036
	14448  -  MemoryUsage of job (MB)
	14794500  -  ResidentSetSize of job (KB)
...
006 (2017417.000.000) 2025-01-30 05:17:52 Image size of job updated: 20113996
	16418  -  MemoryUsage of job (MB)
	16811084  -  ResidentSetSize of job (KB)
...
006 (2017417.000.000) 2025-01-30 05:22:53 Image size of job updated: 21876768
	17983  -  MemoryUsage of job (MB)
	18414268  -  ResidentSetSize of job (KB)
...
006 (2017417.000.000) 2025-01-30 05:27:53 Image size of job updated: 23420732
	19658  -  MemoryUsage of job (MB)
	20129356  -  ResidentSetSize of job (KB)
...
006 (2017417.000.000) 2025-01-30 05:32:54 Image size of job updated: 25271352
	21345  -  MemoryUsage of job (MB)
	21856368  -  ResidentSetSize of job (KB)
...
006 (2017417.000.000) 2025-01-30 05:37:55 Image size of job updated: 27501244
	23521  -  MemoryUsage of job (MB)
	24084712  -  ResidentSetSize of job (KB)
...
006 (2017417.000.000) 2025-01-30 05:42:55 Image size of job updated: 29183324
	24823  -  MemoryUsage of job (MB)
	25417864  -  ResidentSetSize of job (KB)
...
006 (2017417.000.000) 2025-01-30 05:47:55 Image size of job updated: 30788700
	26608  -  MemoryUsage of job (MB)
	27246100  -  ResidentSetSize of job (KB)
...
006 (2017417.000.000) 2025-01-30 05:52:56 Image size of job updated: 32896388
	28288  -  MemoryUsage of job (MB)
	28965932  -  ResidentSetSize of job (KB)
...
006 (2017417.000.000) 2025-01-30 05:57:56 Image size of job updated: 34471944
	30416  -  MemoryUsage of job (MB)
	31145480  -  ResidentSetSize of job (KB)
...
006 (2017417.000.000) 2025-01-30 06:02:56 Image size of job updated: 36656760
	31920  -  MemoryUsage of job (MB)
	32685876  -  ResidentSetSize of job (KB)
...
006 (2017417.000.000) 2025-01-30 06:07:58 Image size of job updated: 38394264
	33778  -  MemoryUsage of job (MB)
	34588436  -  ResidentSetSize of job (KB)
...
006 (2017417.000.000) 2025-01-30 06:12:58 Image size of job updated: 40175288
	35675  -  MemoryUsage of job (MB)
	36530744  -  ResidentSetSize of job (KB)
...
006 (2017417.000.000) 2025-01-30 06:17:58 Image size of job updated: 42293872
	37718  -  MemoryUsage of job (MB)
	38622576  -  ResidentSetSize of job (KB)
...
006 (2017417.000.000) 2025-01-30 06:23:00 Image size of job updated: 44361312
	39570  -  MemoryUsage of job (MB)
	40518724  -  ResidentSetSize of job (KB)
...
006 (2017417.000.000) 2025-01-30 06:28:00 Image size of job updated: 46094708
	41587  -  MemoryUsage of job (MB)
	42584864  -  ResidentSetSize of job (KB)
...
006 (2017417.000.000) 2025-01-30 06:33:00 Image size of job updated: 48280344
	43591  -  MemoryUsage of job (MB)
	44636252  -  ResidentSetSize of job (KB)
...
006 (2017417.000.000) 2025-01-30 06:38:01 Image size of job updated: 50434680
	45794  -  MemoryUsage of job (MB)
	46892992  -  ResidentSetSize of job (KB)
...
006 (2017417.000.000) 2025-01-30 06:43:01 Image size of job updated: 51910988
	47329  -  MemoryUsage of job (MB)
	48464592  -  ResidentSetSize of job (KB)
...
006 (2017417.000.000) 2025-01-30 06:48:02 Image size of job updated: 53314484
	48645  -  MemoryUsage of job (MB)
	49811796  -  ResidentSetSize of job (KB)
...
006 (2017417.000.000) 2025-01-30 06:53:03 Image size of job updated: 54614392
	49922  -  MemoryUsage of job (MB)
	51119180  -  ResidentSetSize of job (KB)
...
006 (2017417.000.000) 2025-01-30 06:58:03 Image size of job updated: 56230616
	51501  -  MemoryUsage of job (MB)
	52736416  -  ResidentSetSize of job (KB)
...
006 (2017417.000.000) 2025-01-30 07:03:04 Image size of job updated: 57666388
	52898  -  MemoryUsage of job (MB)
	54167064  -  ResidentSetSize of job (KB)
...
006 (2017417.000.000) 2025-01-30 07:08:05 Image size of job updated: 59189384
	54429  -  MemoryUsage of job (MB)
	55735244  -  ResidentSetSize of job (KB)
...
006 (2017417.000.000) 2025-01-30 07:13:05 Image size of job updated: 60682120
	55588  -  MemoryUsage of job (MB)
	56921532  -  ResidentSetSize of job (KB)
...
006 (2017417.000.000) 2025-01-30 07:18:05 Image size of job updated: 61783960
	56594  -  MemoryUsage of job (MB)
	57952232  -  ResidentSetSize of job (KB)
...
006 (2017417.000.000) 2025-01-30 07:23:06 Image size of job updated: 62842000
	57711  -  MemoryUsage of job (MB)
	59095180  -  ResidentSetSize of job (KB)
...
006 (2017417.000.000) 2025-01-30 07:28:06 Image size of job updated: 64081712
	59166  -  MemoryUsage of job (MB)
	60585848  -  ResidentSetSize of job (KB)
...
006 (2017417.000.000) 2025-01-30 07:33:06 Image size of job updated: 65820300
	60491  -  MemoryUsage of job (MB)
	61942380  -  ResidentSetSize of job (KB)
...
006 (2017417.000.000) 2025-01-30 07:38:08 Image size of job updated: 66740452
	61849  -  MemoryUsage of job (MB)
	63332640  -  ResidentSetSize of job (KB)
...
006 (2017417.000.000) 2025-01-30 07:43:08 Image size of job updated: 68512672
	63023  -  MemoryUsage of job (MB)
	64534600  -  ResidentSetSize of job (KB)
...
006 (2017417.000.000) 2025-01-30 07:48:08 Image size of job updated: 69684868
	64269  -  MemoryUsage of job (MB)
	65810704  -  ResidentSetSize of job (KB)
...
006 (2017417.000.000) 2025-01-30 07:53:09 Image size of job updated: 70742432
	65404  -  MemoryUsage of job (MB)
	66973532  -  ResidentSetSize of job (KB)
...
006 (2017417.000.000) 2025-01-30 07:58:10 Image size of job updated: 71729888
	66631  -  MemoryUsage of job (MB)
	68229156  -  ResidentSetSize of job (KB)
...
006 (2017417.000.000) 2025-01-30 08:03:10 Image size of job updated: 73119344
	67831  -  MemoryUsage of job (MB)
	69458400  -  ResidentSetSize of job (KB)
...
006 (2017417.000.000) 2025-01-30 08:08:11 Image size of job updated: 74219200
	68951  -  MemoryUsage of job (MB)
	70605548  -  ResidentSetSize of job (KB)
...
006 (2017417.000.000) 2025-01-30 08:13:12 Image size of job updated: 75677484
	70191  -  MemoryUsage of job (MB)
	71875124  -  ResidentSetSize of job (KB)
...
006 (2017417.000.000) 2025-01-30 08:18:12 Image size of job updated: 76554864
	71124  -  MemoryUsage of job (MB)
	72830288  -  ResidentSetSize of job (KB)
...
006 (2017417.000.000) 2025-01-30 08:23:12 Image size of job updated: 77918432
	72386  -  MemoryUsage of job (MB)
	74123252  -  ResidentSetSize of job (KB)
...
006 (2017417.000.000) 2025-01-30 08:28:13 Image size of job updated: 78923144
	73613  -  MemoryUsage of job (MB)
	75378980  -  ResidentSetSize of job (KB)
...
006 (2017417.000.000) 2025-01-30 08:31:17 Image size of job updated: 79691748
	73613  -  MemoryUsage of job (MB)
	75378980  -  ResidentSetSize of job (KB)
...
005 (2017417.000.000) 2025-01-30 08:31:17 Job terminated.
	(1) Normal termination (return value 0)
		Usr 0 02:57:18, Sys 0 00:28:02  -  Run Remote Usage
		Usr 0 00:00:00, Sys 0 00:00:00  -  Run Local Usage
		Usr 0 02:57:18, Sys 0 00:28:02  -  Total Remote Usage
		Usr 0 00:00:00, Sys 0 00:00:00  -  Total Local Usage
	0  -  Run Bytes Sent By Job
	0  -  Run Bytes Received By Job
	0  -  Total Bytes Sent By Job
	0  -  Total Bytes Received By Job
	Partitionable Resources :    Usage  Request Allocated 
	   Cpus                 :     0.85        1         1 
	   Disk (KB)            :     2           2   6681624 
	   Memory (MB)          : 73613      128192    128256 
	   xferslots            :                           0 

	Job terminated of its own accord at 2025-01-30T13:31:17Z with exit-code 0.
...
000 (2018863.000.000) 2025-02-02 20:32:27 Job submitted from host: <130.199.48.81:9618?addrs=130.199.48.81-9618&alias=rcas2062.rcf.bnl.gov&noUDP&sock=schedd_48563_ad09>
...
001 (2018863.000.000) 2025-02-02 20:38:40 Job executing on host: <130.199.186.13:9618?addrs=130.199.186.13-9618&alias=spool1810.sdcc.bnl.gov&noUDP&sock=startd_72567_a38e>
...
006 (2018863.000.000) 2025-02-02 20:38:49 Image size of job updated: 15996
	8  -  MemoryUsage of job (MB)
	7528  -  ResidentSetSize of job (KB)
...
006 (2018863.000.000) 2025-02-02 20:41:47 Image size of job updated: 4001176
	8  -  MemoryUsage of job (MB)
	7532  -  ResidentSetSize of job (KB)
...
005 (2018863.000.000) 2025-02-02 20:41:48 Job terminated.
	(1) Normal termination (return value 0)
		Usr 0 00:02:20, Sys 0 00:00:06  -  Run Remote Usage
		Usr 0 00:00:00, Sys 0 00:00:00  -  Run Local Usage
		Usr 0 00:02:20, Sys 0 00:00:06  -  Total Remote Usage
		Usr 0 00:00:00, Sys 0 00:00:00  -  Total Local Usage
	0  -  Run Bytes Sent By Job
	0  -  Run Bytes Received By Job
	0  -  Total Bytes Sent By Job
	0  -  Total Bytes Received By Job
	Partitionable Resources :    Usage  Request Allocated 
	   Cpus                 :                 1         1 
	   Disk (KB)            :        2        2   6681629 
	   Memory (MB)          :        8   128192    128256 
	   xferslots            :                           0 

	Job terminated of its own accord at 2025-02-03T01:41:47Z with exit-code 0.
...
000 (2019247.000.000) 2025-02-02 20:56:56 Job submitted from host: <130.199.48.81:9618?addrs=130.199.48.81-9618&alias=rcas2062.rcf.bnl.gov&noUDP&sock=schedd_48563_ad09>
...
001 (2019247.000.000) 2025-02-02 21:00:34 Job executing on host: <130.199.151.30:9618?addrs=130.199.151.30-9618&alias=spool1608.sdcc.bnl.gov&noUDP&sock=startd_7058_de0d>
...
006 (2019247.000.000) 2025-02-02 21:00:43 Image size of job updated: 152280
	84  -  MemoryUsage of job (MB)
	85344  -  ResidentSetSize of job (KB)
...
006 (2019247.000.000) 2025-02-02 21:03:07 Image size of job updated: 4001180
	84  -  MemoryUsage of job (MB)
	85388  -  ResidentSetSize of job (KB)
...
005 (2019247.000.000) 2025-02-02 21:03:07 Job terminated.
	(1) Normal termination (return value 0)
		Usr 0 00:02:15, Sys 0 00:00:06  -  Run Remote Usage
		Usr 0 00:00:00, Sys 0 00:00:00  -  Run Local Usage
		Usr 0 00:02:15, Sys 0 00:00:06  -  Total Remote Usage
		Usr 0 00:00:00, Sys 0 00:00:00  -  Total Local Usage
	0  -  Run Bytes Sent By Job
	0  -  Run Bytes Received By Job
	0  -  Total Bytes Sent By Job
	0  -  Total Bytes Received By Job
	Partitionable Resources :    Usage  Request Allocated 
	   Cpus                 :     0.98        1         1 
	   Disk (KB)            :     2           2   6681228 
	   Memory (MB)          :    84      128192    128256 
	   xferslots            :                           0 

	Job terminated of its own accord at 2025-02-03T02:03:07Z with exit-code 0.
...
000 (2019631.000.000) 2025-02-02 22:34:38 Job submitted from host: <130.199.48.81:9618?addrs=130.199.48.81-9618&alias=rcas2062.rcf.bnl.gov&noUDP&sock=schedd_48563_ad09>
...
001 (2019631.000.000) 2025-02-02 22:43:02 Job executing on host: <130.199.151.30:9618?addrs=130.199.151.30-9618&alias=spool1608.sdcc.bnl.gov&noUDP&sock=startd_7058_de0d>
...
006 (2019631.000.000) 2025-02-02 22:43:11 Image size of job updated: 66116
	32  -  MemoryUsage of job (MB)
	32640  -  ResidentSetSize of job (KB)
...
006 (2019631.000.000) 2025-02-02 22:46:09 Image size of job updated: 4001172
	32  -  MemoryUsage of job (MB)
	32640  -  ResidentSetSize of job (KB)
...
005 (2019631.000.000) 2025-02-02 22:46:10 Job terminated.
	(1) Normal termination (return value 0)
		Usr 0 00:02:24, Sys 0 00:00:06  -  Run Remote Usage
		Usr 0 00:00:00, Sys 0 00:00:00  -  Run Local Usage
		Usr 0 00:02:24, Sys 0 00:00:06  -  Total Remote Usage
		Usr 0 00:00:00, Sys 0 00:00:00  -  Total Local Usage
	0  -  Run Bytes Sent By Job
	0  -  Run Bytes Received By Job
	0  -  Total Bytes Sent By Job
	0  -  Total Bytes Received By Job
	Partitionable Resources :    Usage  Request Allocated 
	   Cpus                 :                 1         1 
	   Disk (KB)            :        2        2   6681228 
	   Memory (MB)          :       32   128192    128256 
	   xferslots            :                           0 

	Job terminated of its own accord at 2025-02-03T03:46:09Z with exit-code 0.
...
