000 (2016988.000.000) 2025-01-28 23:08:00 Job submitted from host: <130.199.48.81:9618?addrs=130.199.48.81-9618&alias=rcas2062.rcf.bnl.gov&noUDP&sock=schedd_48563_ad09>
...
001 (2016988.000.000) 2025-01-29 01:18:24 Job executing on host: <130.199.186.8:9618?addrs=130.199.186.8-9618&alias=spool1805.sdcc.bnl.gov&noUDP&sock=startd_47947_b83e>
...
006 (2016988.000.000) 2025-01-29 01:18:33 Image size of job updated: 590788
	137  -  MemoryUsage of job (MB)
	139652  -  ResidentSetSize of job (KB)
...
006 (2016988.000.000) 2025-01-29 01:18:33 Image size of job updated: 590788
	137  -  MemoryUsage of job (MB)
	139656  -  ResidentSetSize of job (KB)
...
005 (2016988.000.000) 2025-01-29 01:18:34 Job terminated.
	(1) Normal termination (return value 0)
		Usr 0 00:00:04, Sys 0 00:00:02  -  Run Remote Usage
		Usr 0 00:00:00, Sys 0 00:00:00  -  Run Local Usage
		Usr 0 00:00:04, Sys 0 00:00:02  -  Total Remote Usage
		Usr 0 00:00:00, Sys 0 00:00:00  -  Total Local Usage
	0  -  Run Bytes Sent By Job
	0  -  Run Bytes Received By Job
	0  -  Total Bytes Sent By Job
	0  -  Total Bytes Received By Job
	Partitionable Resources :    Usage  Request Allocated 
	   Cpus                 :                 1         1 
	   Disk (KB)            :        2        2   6681622 
	   Memory (MB)          :      137   128192    128256 
	   xferslots            :                           0 

	Job terminated of its own accord at 2025-01-29T06:18:33Z with exit-code 0.
...
000 (2017372.000.000) 2025-01-30 00:28:11 Job submitted from host: <130.199.48.81:9618?addrs=130.199.48.81-9618&alias=rcas2062.rcf.bnl.gov&noUDP&sock=schedd_48563_ad09>
...
001 (2017372.000.000) 2025-01-30 03:47:56 Job executing on host: <130.199.186.29:9618?addrs=130.199.186.29-9618&alias=spool1826.sdcc.bnl.gov&noUDP&sock=startd_62419_eccd>
...
006 (2017372.000.000) 2025-01-30 03:48:05 Image size of job updated: 324616
	41  -  MemoryUsage of job (MB)
	41948  -  ResidentSetSize of job (KB)
...
006 (2017372.000.000) 2025-01-30 03:53:06 Image size of job updated: 4303796
	317  -  MemoryUsage of job (MB)
	324400  -  ResidentSetSize of job (KB)
...
006 (2017372.000.000) 2025-01-30 03:58:06 Image size of job updated: 5993668
	1915  -  MemoryUsage of job (MB)
	1960532  -  ResidentSetSize of job (KB)
...
006 (2017372.000.000) 2025-01-30 04:03:06 Image size of job updated: 6938108
	3535  -  MemoryUsage of job (MB)
	3619348  -  ResidentSetSize of job (KB)
...
006 (2017372.000.000) 2025-01-30 04:08:07 Image size of job updated: 8893764
	5343  -  MemoryUsage of job (MB)
	5471096  -  ResidentSetSize of job (KB)
...
006 (2017372.000.000) 2025-01-30 04:13:07 Image size of job updated: 10697188
	6846  -  MemoryUsage of job (MB)
	7010088  -  ResidentSetSize of job (KB)
...
006 (2017372.000.000) 2025-01-30 04:18:07 Image size of job updated: 12608320
	8272  -  MemoryUsage of job (MB)
	8470064  -  ResidentSetSize of job (KB)
...
006 (2017372.000.000) 2025-01-30 04:23:09 Image size of job updated: 13408300
	9644  -  MemoryUsage of job (MB)
	9874836  -  ResidentSetSize of job (KB)
...
006 (2017372.000.000) 2025-01-30 04:28:09 Image size of job updated: 15158804
	11191  -  MemoryUsage of job (MB)
	11459060  -  ResidentSetSize of job (KB)
...
006 (2017372.000.000) 2025-01-30 04:33:09 Image size of job updated: 16496732
	12798  -  MemoryUsage of job (MB)
	13104684  -  ResidentSetSize of job (KB)
...
006 (2017372.000.000) 2025-01-30 04:38:10 Image size of job updated: 18167292
	14072  -  MemoryUsage of job (MB)
	14408836  -  ResidentSetSize of job (KB)
...
006 (2017372.000.000) 2025-01-30 04:43:10 Image size of job updated: 19944248
	15607  -  MemoryUsage of job (MB)
	15981436  -  ResidentSetSize of job (KB)
...
006 (2017372.000.000) 2025-01-30 04:48:10 Image size of job updated: 21034256
	16892  -  MemoryUsage of job (MB)
	17297172  -  ResidentSetSize of job (KB)
...
006 (2017372.000.000) 2025-01-30 04:53:11 Image size of job updated: 22303056
	18249  -  MemoryUsage of job (MB)
	18686428  -  ResidentSetSize of job (KB)
...
006 (2017372.000.000) 2025-01-30 04:58:12 Image size of job updated: 23983536
	19501  -  MemoryUsage of job (MB)
	19968536  -  ResidentSetSize of job (KB)
...
006 (2017372.000.000) 2025-01-30 05:03:12 Image size of job updated: 25341336
	21324  -  MemoryUsage of job (MB)
	21834764  -  ResidentSetSize of job (KB)
...
006 (2017372.000.000) 2025-01-30 05:08:13 Image size of job updated: 26566612
	22708  -  MemoryUsage of job (MB)
	23252700  -  ResidentSetSize of job (KB)
...
006 (2017372.000.000) 2025-01-30 05:13:14 Image size of job updated: 28304944
	23981  -  MemoryUsage of job (MB)
	24556084  -  ResidentSetSize of job (KB)
...
006 (2017372.000.000) 2025-01-30 05:18:14 Image size of job updated: 29678112
	25378  -  MemoryUsage of job (MB)
	25986060  -  ResidentSetSize of job (KB)
...
006 (2017372.000.000) 2025-01-30 05:23:15 Image size of job updated: 30909392
	26748  -  MemoryUsage of job (MB)
	27389212  -  ResidentSetSize of job (KB)
...
006 (2017372.000.000) 2025-01-30 05:28:16 Image size of job updated: 32500572
	28029  -  MemoryUsage of job (MB)
	28701680  -  ResidentSetSize of job (KB)
...
006 (2017372.000.000) 2025-01-30 05:33:16 Image size of job updated: 33384264
	29290  -  MemoryUsage of job (MB)
	29992064  -  ResidentSetSize of job (KB)
...
006 (2017372.000.000) 2025-01-30 05:38:16 Image size of job updated: 34926016
	30825  -  MemoryUsage of job (MB)
	31564544  -  ResidentSetSize of job (KB)
...
006 (2017372.000.000) 2025-01-30 05:43:18 Image size of job updated: 37394640
	32576  -  MemoryUsage of job (MB)
	33357632  -  ResidentSetSize of job (KB)
...
006 (2017372.000.000) 2025-01-30 05:48:18 Image size of job updated: 38896164
	34262  -  MemoryUsage of job (MB)
	35083460  -  ResidentSetSize of job (KB)
...
006 (2017372.000.000) 2025-01-30 05:53:18 Image size of job updated: 40407124
	36100  -  MemoryUsage of job (MB)
	36965532  -  ResidentSetSize of job (KB)
...
006 (2017372.000.000) 2025-01-30 05:58:19 Image size of job updated: 43060368
	38170  -  MemoryUsage of job (MB)
	39085140  -  ResidentSetSize of job (KB)
...
006 (2017372.000.000) 2025-01-30 06:03:20 Image size of job updated: 44663460
	40293  -  MemoryUsage of job (MB)
	41259900  -  ResidentSetSize of job (KB)
...
006 (2017372.000.000) 2025-01-30 06:08:20 Image size of job updated: 47062160
	42480  -  MemoryUsage of job (MB)
	43499184  -  ResidentSetSize of job (KB)
...
006 (2017372.000.000) 2025-01-30 06:13:21 Image size of job updated: 49793268
	44625  -  MemoryUsage of job (MB)
	45695840  -  ResidentSetSize of job (KB)
...
006 (2017372.000.000) 2025-01-30 06:18:22 Image size of job updated: 51729636
	47038  -  MemoryUsage of job (MB)
	48166824  -  ResidentSetSize of job (KB)
...
006 (2017372.000.000) 2025-01-30 06:23:22 Image size of job updated: 54055892
	49134  -  MemoryUsage of job (MB)
	50312620  -  ResidentSetSize of job (KB)
...
006 (2017372.000.000) 2025-01-30 06:28:22 Image size of job updated: 56150204
	51402  -  MemoryUsage of job (MB)
	52634720  -  ResidentSetSize of job (KB)
...
006 (2017372.000.000) 2025-01-30 06:33:23 Image size of job updated: 58532952
	53537  -  MemoryUsage of job (MB)
	54821052  -  ResidentSetSize of job (KB)
...
006 (2017372.000.000) 2025-01-30 06:38:23 Image size of job updated: 60314400
	55419  -  MemoryUsage of job (MB)
	56748372  -  ResidentSetSize of job (KB)
...
006 (2017372.000.000) 2025-01-30 06:43:23 Image size of job updated: 62614640
	57398  -  MemoryUsage of job (MB)
	58774728  -  ResidentSetSize of job (KB)
...
006 (2017372.000.000) 2025-01-30 06:48:24 Image size of job updated: 64131648
	59337  -  MemoryUsage of job (MB)
	60761076  -  ResidentSetSize of job (KB)
...
006 (2017372.000.000) 2025-01-30 06:53:24 Image size of job updated: 66504680
	61128  -  MemoryUsage of job (MB)
	62594424  -  ResidentSetSize of job (KB)
...
006 (2017372.000.000) 2025-01-30 06:58:24 Image size of job updated: 68592704
	63232  -  MemoryUsage of job (MB)
	64748684  -  ResidentSetSize of job (KB)
...
006 (2017372.000.000) 2025-01-30 07:03:25 Image size of job updated: 70406712
	65351  -  MemoryUsage of job (MB)
	66919200  -  ResidentSetSize of job (KB)
...
006 (2017372.000.000) 2025-01-30 07:08:25 Image size of job updated: 72443056
	67137  -  MemoryUsage of job (MB)
	68747668  -  ResidentSetSize of job (KB)
...
006 (2017372.000.000) 2025-01-30 07:09:48 Image size of job updated: 72772048
	67137  -  MemoryUsage of job (MB)
	68747668  -  ResidentSetSize of job (KB)
...
005 (2017372.000.000) 2025-01-30 07:09:48 Job terminated.
	(1) Normal termination (return value 0)
		Usr 0 02:27:48, Sys 0 00:21:24  -  Run Remote Usage
		Usr 0 00:00:00, Sys 0 00:00:00  -  Run Local Usage
		Usr 0 02:27:48, Sys 0 00:21:24  -  Total Remote Usage
		Usr 0 00:00:00, Sys 0 00:00:00  -  Total Local Usage
	0  -  Run Bytes Sent By Job
	0  -  Run Bytes Received By Job
	0  -  Total Bytes Sent By Job
	0  -  Total Bytes Received By Job
	Partitionable Resources :    Usage  Request Allocated 
	   Cpus                 :     0.96        1         1 
	   Disk (KB)            :     2           2   6681628 
	   Memory (MB)          : 67137      128192    128256 
	   xferslots            :                           0 

	Job terminated of its own accord at 2025-01-30T12:09:48Z with exit-code 0.
...
000 (2018818.000.000) 2025-02-02 20:32:22 Job submitted from host: <130.199.48.81:9618?addrs=130.199.48.81-9618&alias=rcas2062.rcf.bnl.gov&noUDP&sock=schedd_48563_ad09>
...
001 (2018818.000.000) 2025-02-02 20:37:25 Job executing on host: <130.199.150.96:9618?addrs=130.199.150.96-9618&alias=spool1577.sdcc.bnl.gov&noUDP&sock=startd_12497_3e02>
...
006 (2018818.000.000) 2025-02-02 20:37:33 Image size of job updated: 298152
	110  -  MemoryUsage of job (MB)
	111748  -  ResidentSetSize of job (KB)
...
006 (2018818.000.000) 2025-02-02 20:39:52 Image size of job updated: 4001096
	110  -  MemoryUsage of job (MB)
	111772  -  ResidentSetSize of job (KB)
...
005 (2018818.000.000) 2025-02-02 20:39:52 Job terminated.
	(1) Normal termination (return value 0)
		Usr 0 00:02:06, Sys 0 00:00:06  -  Run Remote Usage
		Usr 0 00:00:00, Sys 0 00:00:00  -  Run Local Usage
		Usr 0 00:02:06, Sys 0 00:00:06  -  Total Remote Usage
		Usr 0 00:00:00, Sys 0 00:00:00  -  Total Local Usage
	0  -  Run Bytes Sent By Job
	0  -  Run Bytes Received By Job
	0  -  Total Bytes Sent By Job
	0  -  Total Bytes Received By Job
	Partitionable Resources :    Usage  Request Allocated 
	   Cpus                 :                 1         1 
	   Disk (KB)            :        2        2   6681229 
	   Memory (MB)          :      110   128192    128256 
	   xferslots            :                           0 

	Job terminated of its own accord at 2025-02-03T01:39:52Z with exit-code 0.
...
000 (2019202.000.000) 2025-02-02 20:56:52 Job submitted from host: <130.199.48.81:9618?addrs=130.199.48.81-9618&alias=rcas2062.rcf.bnl.gov&noUDP&sock=schedd_48563_ad09>
...
001 (2019202.000.000) 2025-02-02 20:59:54 Job executing on host: <130.199.150.74:9618?addrs=130.199.150.74-9618&alias=spool1555.sdcc.bnl.gov&noUDP&sock=startd_73494_05cf>
...
006 (2019202.000.000) 2025-02-02 21:00:02 Image size of job updated: 194468
	119  -  MemoryUsage of job (MB)
	121020  -  ResidentSetSize of job (KB)
...
006 (2019202.000.000) 2025-02-02 21:02:18 Image size of job updated: 4001096
	119  -  MemoryUsage of job (MB)
	121040  -  ResidentSetSize of job (KB)
...
005 (2019202.000.000) 2025-02-02 21:02:18 Job terminated.
	(1) Normal termination (return value 0)
		Usr 0 00:02:08, Sys 0 00:00:05  -  Run Remote Usage
		Usr 0 00:00:00, Sys 0 00:00:00  -  Run Local Usage
		Usr 0 00:02:08, Sys 0 00:00:05  -  Total Remote Usage
		Usr 0 00:00:00, Sys 0 00:00:00  -  Total Local Usage
	0  -  Run Bytes Sent By Job
	0  -  Run Bytes Received By Job
	0  -  Total Bytes Sent By Job
	0  -  Total Bytes Received By Job
	Partitionable Resources :    Usage  Request Allocated 
	   Cpus                 :     0.95        1         1 
	   Disk (KB)            :     2           2   6681245 
	   Memory (MB)          :   119      128192    128256 
	   xferslots            :                           0 

	Job terminated of its own accord at 2025-02-03T02:02:18Z with exit-code 0.
...
000 (2019586.000.000) 2025-02-02 22:34:34 Job submitted from host: <130.199.48.81:9618?addrs=130.199.48.81-9618&alias=rcas2062.rcf.bnl.gov&noUDP&sock=schedd_48563_ad09>
...
001 (2019586.000.000) 2025-02-02 22:41:39 Job executing on host: <130.199.151.16:9618?addrs=130.199.151.16-9618&alias=spool1594.sdcc.bnl.gov&noUDP&sock=startd_78634_c48e>
...
006 (2019586.000.000) 2025-02-02 22:41:48 Image size of job updated: 17084
	7  -  MemoryUsage of job (MB)
	7028  -  ResidentSetSize of job (KB)
...
006 (2019586.000.000) 2025-02-02 22:44:49 Image size of job updated: 4001092
	7  -  MemoryUsage of job (MB)
	7028  -  ResidentSetSize of job (KB)
...
005 (2019586.000.000) 2025-02-02 22:44:49 Job terminated.
	(1) Normal termination (return value 0)
		Usr 0 00:02:26, Sys 0 00:00:06  -  Run Remote Usage
		Usr 0 00:00:00, Sys 0 00:00:00  -  Run Local Usage
		Usr 0 00:02:26, Sys 0 00:00:06  -  Total Remote Usage
		Usr 0 00:00:00, Sys 0 00:00:00  -  Total Local Usage
	0  -  Run Bytes Sent By Job
	0  -  Run Bytes Received By Job
	0  -  Total Bytes Sent By Job
	0  -  Total Bytes Received By Job
	Partitionable Resources :    Usage  Request Allocated 
	   Cpus                 :                 1         1 
	   Disk (KB)            :        2        2   6681232 
	   Memory (MB)          :        7   128192    128256 
	   xferslots            :                           0 

	Job terminated of its own accord at 2025-02-03T03:44:49Z with exit-code 0.
...
