000 (2017188.000.000) 2025-01-28 23:08:16 Job submitted from host: <130.199.48.81:9618?addrs=130.199.48.81-9618&alias=rcas2062.rcf.bnl.gov&noUDP&sock=schedd_48563_ad09>
...
001 (2017188.000.000) 2025-01-29 01:37:03 Job executing on host: <130.199.184.217:9618?addrs=130.199.184.217-9618&alias=spool1792.sdcc.bnl.gov&noUDP&sock=startd_72049_b2cc>
...
006 (2017188.000.000) 2025-01-29 01:37:12 Image size of job updated: 152012
	83  -  MemoryUsage of job (MB)
	84292  -  ResidentSetSize of job (KB)
...
006 (2017188.000.000) 2025-01-29 01:37:20 Image size of job updated: 2919648
	83  -  MemoryUsage of job (MB)
	84304  -  ResidentSetSize of job (KB)
...
005 (2017188.000.000) 2025-01-29 01:37:20 Job terminated.
	(1) Normal termination (return value 0)
		Usr 0 00:00:04, Sys 0 00:00:02  -  Run Remote Usage
		Usr 0 00:00:00, Sys 0 00:00:00  -  Run Local Usage
		Usr 0 00:00:04, Sys 0 00:00:02  -  Total Remote Usage
		Usr 0 00:00:00, Sys 0 00:00:00  -  Total Local Usage
	0  -  Run Bytes Sent By Job
	0  -  Run Bytes Received By Job
	0  -  Total Bytes Sent By Job
	0  -  Total Bytes Received By Job
	Partitionable Resources :    Usage  Request Allocated 
	   Cpus                 :                 1         1 
	   Disk (KB)            :        2        2   6681623 
	   Memory (MB)          :       83   128192    128256 
	   xferslots            :                           0 

	Job terminated of its own accord at 2025-01-29T06:37:20Z with exit-code 0.
...
000 (2017572.000.000) 2025-01-30 00:28:32 Job submitted from host: <130.199.48.81:9618?addrs=130.199.48.81-9618&alias=rcas2062.rcf.bnl.gov&noUDP&sock=schedd_48563_ad09>
...
001 (2017572.000.000) 2025-01-30 09:05:22 Job executing on host: <130.199.184.211:9618?addrs=130.199.184.211-9618&alias=spool1786.sdcc.bnl.gov&noUDP&sock=startd_77954_8e6f>
...
006 (2017572.000.000) 2025-01-30 09:05:31 Image size of job updated: 324116
	86  -  MemoryUsage of job (MB)
	87928  -  ResidentSetSize of job (KB)
...
006 (2017572.000.000) 2025-01-30 09:10:32 Image size of job updated: 6018924
	2276  -  MemoryUsage of job (MB)
	2330296  -  ResidentSetSize of job (KB)
...
006 (2017572.000.000) 2025-01-30 09:15:33 Image size of job updated: 8038448
	4224  -  MemoryUsage of job (MB)
	4324992  -  ResidentSetSize of job (KB)
...
006 (2017572.000.000) 2025-01-30 09:20:33 Image size of job updated: 9657284
	6159  -  MemoryUsage of job (MB)
	6306460  -  ResidentSetSize of job (KB)
...
006 (2017572.000.000) 2025-01-30 09:25:34 Image size of job updated: 11372104
	7693  -  MemoryUsage of job (MB)
	7876996  -  ResidentSetSize of job (KB)
...
006 (2017572.000.000) 2025-01-30 09:30:35 Image size of job updated: 13019908
	9428  -  MemoryUsage of job (MB)
	9654016  -  ResidentSetSize of job (KB)
...
006 (2017572.000.000) 2025-01-30 09:35:35 Image size of job updated: 14868704
	10970  -  MemoryUsage of job (MB)
	11232912  -  ResidentSetSize of job (KB)
...
006 (2017572.000.000) 2025-01-30 09:40:36 Image size of job updated: 16278920
	12215  -  MemoryUsage of job (MB)
	12507932  -  ResidentSetSize of job (KB)
...
006 (2017572.000.000) 2025-01-30 09:45:37 Image size of job updated: 17441928
	13456  -  MemoryUsage of job (MB)
	13777948  -  ResidentSetSize of job (KB)
...
006 (2017572.000.000) 2025-01-30 09:50:37 Image size of job updated: 18717300
	14909  -  MemoryUsage of job (MB)
	15265940  -  ResidentSetSize of job (KB)
...
006 (2017572.000.000) 2025-01-30 09:55:37 Image size of job updated: 20542800
	16270  -  MemoryUsage of job (MB)
	16659532  -  ResidentSetSize of job (KB)
...
006 (2017572.000.000) 2025-01-30 10:00:38 Image size of job updated: 21349004
	17497  -  MemoryUsage of job (MB)
	17916192  -  ResidentSetSize of job (KB)
...
006 (2017572.000.000) 2025-01-30 10:09:55 Image size of job updated: 21802240
	20944  -  MemoryUsage of job (MB)
	21446296  -  ResidentSetSize of job (KB)
...
006 (2017572.000.000) 2025-01-30 10:22:47 Image size of job updated: 28907972
	24687  -  MemoryUsage of job (MB)
	25278588  -  ResidentSetSize of job (KB)
...
006 (2017572.000.000) 2025-01-30 10:33:04 Image size of job updated: 31509080
	27206  -  MemoryUsage of job (MB)
	27858784  -  ResidentSetSize of job (KB)
...
006 (2017572.000.000) 2025-01-30 10:39:15 Image size of job updated: 32758368
	28663  -  MemoryUsage of job (MB)
	29350024  -  ResidentSetSize of job (KB)
...
006 (2017572.000.000) 2025-01-30 10:44:15 Image size of job updated: 34439240
	29617  -  MemoryUsage of job (MB)
	30327364  -  ResidentSetSize of job (KB)
...
006 (2017572.000.000) 2025-01-30 10:49:15 Image size of job updated: 35514924
	30696  -  MemoryUsage of job (MB)
	31432132  -  ResidentSetSize of job (KB)
...
006 (2017572.000.000) 2025-01-30 10:54:16 Image size of job updated: 36008588
	31537  -  MemoryUsage of job (MB)
	32293192  -  ResidentSetSize of job (KB)
...
006 (2017572.000.000) 2025-01-30 10:59:17 Image size of job updated: 37132064
	32472  -  MemoryUsage of job (MB)
	33251000  -  ResidentSetSize of job (KB)
...
006 (2017572.000.000) 2025-01-30 11:04:17 Image size of job updated: 37772708
	33504  -  MemoryUsage of job (MB)
	34307868  -  ResidentSetSize of job (KB)
...
006 (2017572.000.000) 2025-01-30 11:09:18 Image size of job updated: 39004388
	34225  -  MemoryUsage of job (MB)
	35045664  -  ResidentSetSize of job (KB)
...
006 (2017572.000.000) 2025-01-30 11:14:19 Image size of job updated: 39879556
	35221  -  MemoryUsage of job (MB)
	36065508  -  ResidentSetSize of job (KB)
...
006 (2017572.000.000) 2025-01-30 11:19:19 Image size of job updated: 40814088
	36165  -  MemoryUsage of job (MB)
	37032340  -  ResidentSetSize of job (KB)
...
006 (2017572.000.000) 2025-01-30 11:24:19 Image size of job updated: 42385944
	37238  -  MemoryUsage of job (MB)
	38131700  -  ResidentSetSize of job (KB)
...
006 (2017572.000.000) 2025-01-30 11:29:20 Image size of job updated: 42799196
	38287  -  MemoryUsage of job (MB)
	39205612  -  ResidentSetSize of job (KB)
...
006 (2017572.000.000) 2025-01-30 11:34:20 Image size of job updated: 43856516
	39039  -  MemoryUsage of job (MB)
	39975472  -  ResidentSetSize of job (KB)
...
006 (2017572.000.000) 2025-01-30 11:39:21 Image size of job updated: 44913300
	39983  -  MemoryUsage of job (MB)
	40941636  -  ResidentSetSize of job (KB)
...
006 (2017572.000.000) 2025-01-30 11:44:22 Image size of job updated: 45671940
	40773  -  MemoryUsage of job (MB)
	41751468  -  ResidentSetSize of job (KB)
...
006 (2017572.000.000) 2025-01-30 11:49:22 Image size of job updated: 46689868
	41685  -  MemoryUsage of job (MB)
	42684776  -  ResidentSetSize of job (KB)
...
006 (2017572.000.000) 2025-01-30 11:54:23 Image size of job updated: 47217608
	42632  -  MemoryUsage of job (MB)
	43654712  -  ResidentSetSize of job (KB)
...
006 (2017572.000.000) 2025-01-30 11:59:24 Image size of job updated: 48380048
	43541  -  MemoryUsage of job (MB)
	44585016  -  ResidentSetSize of job (KB)
...
006 (2017572.000.000) 2025-01-30 12:04:24 Image size of job updated: 49709252
	44537  -  MemoryUsage of job (MB)
	45605496  -  ResidentSetSize of job (KB)
...
006 (2017572.000.000) 2025-01-30 12:09:24 Image size of job updated: 50866732
	45607  -  MemoryUsage of job (MB)
	46701060  -  ResidentSetSize of job (KB)
...
006 (2017572.000.000) 2025-01-30 12:14:25 Image size of job updated: 51851996
	46625  -  MemoryUsage of job (MB)
	47743792  -  ResidentSetSize of job (KB)
...
006 (2017572.000.000) 2025-01-30 12:19:25 Image size of job updated: 52546408
	47607  -  MemoryUsage of job (MB)
	48749524  -  ResidentSetSize of job (KB)
...
006 (2017572.000.000) 2025-01-30 12:24:25 Image size of job updated: 53764912
	48460  -  MemoryUsage of job (MB)
	49622664  -  ResidentSetSize of job (KB)
...
006 (2017572.000.000) 2025-01-30 12:29:26 Image size of job updated: 55058248
	49577  -  MemoryUsage of job (MB)
	50766676  -  ResidentSetSize of job (KB)
...
006 (2017572.000.000) 2025-01-30 12:34:27 Image size of job updated: 55929244
	50581  -  MemoryUsage of job (MB)
	51794172  -  ResidentSetSize of job (KB)
...
006 (2017572.000.000) 2025-01-30 12:39:27 Image size of job updated: 56723048
	51262  -  MemoryUsage of job (MB)
	52491520  -  ResidentSetSize of job (KB)
...
006 (2017572.000.000) 2025-01-30 12:44:28 Image size of job updated: 57658392
	52270  -  MemoryUsage of job (MB)
	53523760  -  ResidentSetSize of job (KB)
...
006 (2017572.000.000) 2025-01-30 12:49:29 Image size of job updated: 58723716
	53302  -  MemoryUsage of job (MB)
	54581188  -  ResidentSetSize of job (KB)
...
006 (2017572.000.000) 2025-01-30 12:54:29 Image size of job updated: 59491408
	54184  -  MemoryUsage of job (MB)
	55484128  -  ResidentSetSize of job (KB)
...
006 (2017572.000.000) 2025-01-30 12:59:29 Image size of job updated: 60667536
	55180  -  MemoryUsage of job (MB)
	56504232  -  ResidentSetSize of job (KB)
...
006 (2017572.000.000) 2025-01-30 13:04:30 Image size of job updated: 61566636
	55982  -  MemoryUsage of job (MB)
	57325216  -  ResidentSetSize of job (KB)
...
006 (2017572.000.000) 2025-01-30 13:09:30 Image size of job updated: 62767240
	57117  -  MemoryUsage of job (MB)
	58487244  -  ResidentSetSize of job (KB)
...
006 (2017572.000.000) 2025-01-30 13:14:30 Image size of job updated: 63667928
	58019  -  MemoryUsage of job (MB)
	59410724  -  ResidentSetSize of job (KB)
...
006 (2017572.000.000) 2025-01-30 13:19:31 Image size of job updated: 64892524
	58789  -  MemoryUsage of job (MB)
	60198988  -  ResidentSetSize of job (KB)
...
006 (2017572.000.000) 2025-01-30 13:24:31 Image size of job updated: 66145200
	59920  -  MemoryUsage of job (MB)
	61357800  -  ResidentSetSize of job (KB)
...
006 (2017572.000.000) 2025-01-30 13:29:31 Image size of job updated: 67261312
	60711  -  MemoryUsage of job (MB)
	62168028  -  ResidentSetSize of job (KB)
...
006 (2017572.000.000) 2025-01-30 13:34:32 Image size of job updated: 68355648
	61697  -  MemoryUsage of job (MB)
	63176724  -  ResidentSetSize of job (KB)
...
006 (2017572.000.000) 2025-01-30 13:39:33 Image size of job updated: 69030096
	62884  -  MemoryUsage of job (MB)
	64392644  -  ResidentSetSize of job (KB)
...
006 (2017572.000.000) 2025-01-30 13:43:34 Image size of job updated: 69921608
	62884  -  MemoryUsage of job (MB)
	64392644  -  ResidentSetSize of job (KB)
...
005 (2017572.000.000) 2025-01-30 13:43:34 Job terminated.
	(1) Normal termination (return value 0)
		Usr 0 02:51:16, Sys 0 00:26:51  -  Run Remote Usage
		Usr 0 00:00:00, Sys 0 00:00:00  -  Run Local Usage
		Usr 0 02:51:16, Sys 0 00:26:51  -  Total Remote Usage
		Usr 0 00:00:00, Sys 0 00:00:00  -  Total Local Usage
	0  -  Run Bytes Sent By Job
	0  -  Run Bytes Received By Job
	0  -  Total Bytes Sent By Job
	0  -  Total Bytes Received By Job
	Partitionable Resources :    Usage  Request Allocated 
	   Cpus                 :     0.69        1         1 
	   Disk (KB)            :     2           2   6681627 
	   Memory (MB)          : 62884      128192    128256 
	   xferslots            :                           0 

	Job terminated of its own accord at 2025-01-30T18:43:34Z with exit-code 0.
...
000 (2019018.000.000) 2025-02-02 20:32:43 Job submitted from host: <130.199.48.81:9618?addrs=130.199.48.81-9618&alias=rcas2062.rcf.bnl.gov&noUDP&sock=schedd_48563_ad09>
...
001 (2019018.000.000) 2025-02-02 20:42:14 Job executing on host: <130.199.150.96:9618?addrs=130.199.150.96-9618&alias=spool1577.sdcc.bnl.gov&noUDP&sock=startd_12497_3e02>
...
006 (2019018.000.000) 2025-02-02 20:42:23 Image size of job updated: 603896
	146  -  MemoryUsage of job (MB)
	149012  -  ResidentSetSize of job (KB)
...
006 (2019018.000.000) 2025-02-02 20:44:36 Image size of job updated: 4001004
	146  -  MemoryUsage of job (MB)
	149012  -  ResidentSetSize of job (KB)
...
005 (2019018.000.000) 2025-02-02 20:44:36 Job terminated.
	(1) Normal termination (return value 0)
		Usr 0 00:02:05, Sys 0 00:00:05  -  Run Remote Usage
		Usr 0 00:00:00, Sys 0 00:00:00  -  Run Local Usage
		Usr 0 00:02:05, Sys 0 00:00:05  -  Total Remote Usage
		Usr 0 00:00:00, Sys 0 00:00:00  -  Total Local Usage
	0  -  Run Bytes Sent By Job
	0  -  Run Bytes Received By Job
	0  -  Total Bytes Sent By Job
	0  -  Total Bytes Received By Job
	Partitionable Resources :    Usage  Request Allocated 
	   Cpus                 :                 1         1 
	   Disk (KB)            :        2        2   6681229 
	   Memory (MB)          :      146   128192    128256 
	   xferslots            :                           0 

	Job terminated of its own accord at 2025-02-03T01:44:36Z with exit-code 0.
...
000 (2019402.000.000) 2025-02-02 20:57:11 Job submitted from host: <130.199.48.81:9618?addrs=130.199.48.81-9618&alias=rcas2062.rcf.bnl.gov&noUDP&sock=schedd_48563_ad09>
...
001 (2019402.000.000) 2025-02-02 21:03:30 Job executing on host: <130.199.151.28:9618?addrs=130.199.151.28-9618&alias=spool1606.sdcc.bnl.gov&noUDP&sock=startd_48258_25b3>
...
006 (2019402.000.000) 2025-02-02 21:03:39 Image size of job updated: 331724
	107  -  MemoryUsage of job (MB)
	108784  -  ResidentSetSize of job (KB)
...
006 (2019402.000.000) 2025-02-02 21:06:03 Image size of job updated: 4001000
	107  -  MemoryUsage of job (MB)
	108784  -  ResidentSetSize of job (KB)
...
005 (2019402.000.000) 2025-02-02 21:06:03 Job terminated.
	(1) Normal termination (return value 0)
		Usr 0 00:02:14, Sys 0 00:00:05  -  Run Remote Usage
		Usr 0 00:00:00, Sys 0 00:00:00  -  Run Local Usage
		Usr 0 00:02:14, Sys 0 00:00:05  -  Total Remote Usage
		Usr 0 00:00:00, Sys 0 00:00:00  -  Total Local Usage
	0  -  Run Bytes Sent By Job
	0  -  Run Bytes Received By Job
	0  -  Total Bytes Sent By Job
	0  -  Total Bytes Received By Job
	Partitionable Resources :    Usage  Request Allocated 
	   Cpus                 :                 1         1 
	   Disk (KB)            :        2        2   6681240 
	   Memory (MB)          :      107   128192    128256 
	   xferslots            :                           0 

	Job terminated of its own accord at 2025-02-03T02:06:03Z with exit-code 0.
...
000 (2019786.000.000) 2025-02-02 22:34:51 Job submitted from host: <130.199.48.81:9618?addrs=130.199.48.81-9618&alias=rcas2062.rcf.bnl.gov&noUDP&sock=schedd_48563_ad09>
...
001 (2019786.000.000) 2025-02-02 22:47:39 Job executing on host: <130.199.186.15:9618?addrs=130.199.186.15-9618&alias=spool1812.sdcc.bnl.gov&noUDP&sock=startd_25324_d367>
...
006 (2019786.000.000) 2025-02-02 22:47:48 Image size of job updated: 331600
	74  -  MemoryUsage of job (MB)
	75000  -  ResidentSetSize of job (KB)
...
006 (2019786.000.000) 2025-02-02 22:50:36 Image size of job updated: 4001012
	74  -  MemoryUsage of job (MB)
	75000  -  ResidentSetSize of job (KB)
...
005 (2019786.000.000) 2025-02-02 22:50:36 Job terminated.
	(1) Normal termination (return value 0)
		Usr 0 00:02:23, Sys 0 00:00:05  -  Run Remote Usage
		Usr 0 00:00:00, Sys 0 00:00:00  -  Run Local Usage
		Usr 0 00:02:23, Sys 0 00:00:05  -  Total Remote Usage
		Usr 0 00:00:00, Sys 0 00:00:00  -  Total Local Usage
	0  -  Run Bytes Sent By Job
	0  -  Run Bytes Received By Job
	0  -  Total Bytes Sent By Job
	0  -  Total Bytes Received By Job
	Partitionable Resources :    Usage  Request Allocated 
	   Cpus                 :     0.24        1         1 
	   Disk (KB)            :     2           2   6681621 
	   Memory (MB)          :    74      128192    128256 
	   xferslots            :                           0 

	Job terminated of its own accord at 2025-02-03T03:50:36Z with exit-code 0.
...
