000 (2016882.000.000) 2025-01-28 23:07:51 Job submitted from host: <130.199.48.81:9618?addrs=130.199.48.81-9618&alias=rcas2062.rcf.bnl.gov&noUDP&sock=schedd_48563_ad09>
...
001 (2016882.000.000) 2025-01-28 23:09:29 Job executing on host: <130.199.184.221:9618?addrs=130.199.184.221-9618&alias=spool1796.sdcc.bnl.gov&noUDP&sock=startd_41359_b36c>
...
006 (2016882.000.000) 2025-01-28 23:09:37 Image size of job updated: 30812
	7  -  MemoryUsage of job (MB)
	6860  -  ResidentSetSize of job (KB)
...
006 (2016882.000.000) 2025-01-28 23:14:37 Image size of job updated: 4876252
	1339  -  MemoryUsage of job (MB)
	1370344  -  ResidentSetSize of job (KB)
...
006 (2016882.000.000) 2025-01-28 23:19:38 Image size of job updated: 6836484
	2567  -  MemoryUsage of job (MB)
	2628152  -  ResidentSetSize of job (KB)
...
006 (2016882.000.000) 2025-01-28 23:24:39 Image size of job updated: 7988072
	4028  -  MemoryUsage of job (MB)
	4124324  -  ResidentSetSize of job (KB)
...
006 (2016882.000.000) 2025-01-28 23:29:39 Image size of job updated: 9054920
	5109  -  MemoryUsage of job (MB)
	5231408  -  ResidentSetSize of job (KB)
...
006 (2016882.000.000) 2025-01-28 23:34:40 Image size of job updated: 10103532
	6283  -  MemoryUsage of job (MB)
	6433692  -  ResidentSetSize of job (KB)
...
006 (2016882.000.000) 2025-01-28 23:39:41 Image size of job updated: 10989688
	7317  -  MemoryUsage of job (MB)
	7492048  -  ResidentSetSize of job (KB)
...
006 (2016882.000.000) 2025-01-28 23:44:41 Image size of job updated: 11850700
	8202  -  MemoryUsage of job (MB)
	8398708  -  ResidentSetSize of job (KB)
...
006 (2016882.000.000) 2025-01-28 23:49:42 Image size of job updated: 13565468
	9312  -  MemoryUsage of job (MB)
	9534636  -  ResidentSetSize of job (KB)
...
006 (2016882.000.000) 2025-01-28 23:54:43 Image size of job updated: 14148288
	10376  -  MemoryUsage of job (MB)
	10624492  -  ResidentSetSize of job (KB)
...
006 (2016882.000.000) 2025-01-28 23:59:43 Image size of job updated: 15350944
	11104  -  MemoryUsage of job (MB)
	11370212  -  ResidentSetSize of job (KB)
...
006 (2016882.000.000) 2025-01-29 00:04:43 Image size of job updated: 16306316
	12136  -  MemoryUsage of job (MB)
	12426368  -  ResidentSetSize of job (KB)
...
006 (2016882.000.000) 2025-01-29 00:09:44 Image size of job updated: 16878020
	13157  -  MemoryUsage of job (MB)
	13472240  -  ResidentSetSize of job (KB)
...
006 (2016882.000.000) 2025-01-29 00:14:44 Image size of job updated: 17993256
	13868  -  MemoryUsage of job (MB)
	14200232  -  ResidentSetSize of job (KB)
...
006 (2016882.000.000) 2025-01-29 00:19:44 Image size of job updated: 18954584
	14875  -  MemoryUsage of job (MB)
	15231476  -  ResidentSetSize of job (KB)
...
006 (2016882.000.000) 2025-01-29 00:24:45 Image size of job updated: 20030132
	15777  -  MemoryUsage of job (MB)
	16155372  -  ResidentSetSize of job (KB)
...
006 (2016882.000.000) 2025-01-29 00:29:46 Image size of job updated: 21039708
	16672  -  MemoryUsage of job (MB)
	17071844  -  ResidentSetSize of job (KB)
...
006 (2016882.000.000) 2025-01-29 00:34:46 Image size of job updated: 21635264
	17394  -  MemoryUsage of job (MB)
	17810608  -  ResidentSetSize of job (KB)
...
006 (2016882.000.000) 2025-01-29 00:39:47 Image size of job updated: 22527708
	18517  -  MemoryUsage of job (MB)
	18961184  -  ResidentSetSize of job (KB)
...
006 (2016882.000.000) 2025-01-29 00:44:48 Image size of job updated: 23631972
	19386  -  MemoryUsage of job (MB)
	19850928  -  ResidentSetSize of job (KB)
...
006 (2016882.000.000) 2025-01-29 00:49:48 Image size of job updated: 24617072
	20400  -  MemoryUsage of job (MB)
	20889112  -  ResidentSetSize of job (KB)
...
006 (2016882.000.000) 2025-01-29 00:54:48 Image size of job updated: 25644020
	21281  -  MemoryUsage of job (MB)
	21791340  -  ResidentSetSize of job (KB)
...
006 (2016882.000.000) 2025-01-29 00:59:49 Image size of job updated: 26450628
	22075  -  MemoryUsage of job (MB)
	22604244  -  ResidentSetSize of job (KB)
...
006 (2016882.000.000) 2025-01-29 01:04:49 Image size of job updated: 27268408
	23020  -  MemoryUsage of job (MB)
	23572076  -  ResidentSetSize of job (KB)
...
006 (2016882.000.000) 2025-01-29 01:09:50 Image size of job updated: 28297516
	23839  -  MemoryUsage of job (MB)
	24410308  -  ResidentSetSize of job (KB)
...
006 (2016882.000.000) 2025-01-29 01:14:51 Image size of job updated: 29481380
	24879  -  MemoryUsage of job (MB)
	25476088  -  ResidentSetSize of job (KB)
...
006 (2016882.000.000) 2025-01-29 01:19:51 Image size of job updated: 30164152
	25804  -  MemoryUsage of job (MB)
	26423008  -  ResidentSetSize of job (KB)
...
006 (2016882.000.000) 2025-01-29 01:24:52 Image size of job updated: 31316196
	26782  -  MemoryUsage of job (MB)
	27424748  -  ResidentSetSize of job (KB)
...
006 (2016882.000.000) 2025-01-29 01:29:53 Image size of job updated: 31932296
	27864  -  MemoryUsage of job (MB)
	28532376  -  ResidentSetSize of job (KB)
...
006 (2016882.000.000) 2025-01-29 01:34:53 Image size of job updated: 33162244
	28725  -  MemoryUsage of job (MB)
	29413880  -  ResidentSetSize of job (KB)
...
006 (2016882.000.000) 2025-01-29 01:39:53 Image size of job updated: 34222556
	29657  -  MemoryUsage of job (MB)
	30368016  -  ResidentSetSize of job (KB)
...
006 (2016882.000.000) 2025-01-29 01:42:36 Image size of job updated: 34663836
	29657  -  MemoryUsage of job (MB)
	30368016  -  ResidentSetSize of job (KB)
...
005 (2016882.000.000) 2025-01-29 01:42:36 Job terminated.
	(1) Normal termination (return value 0)
		Usr 0 01:23:10, Sys 0 00:14:20  -  Run Remote Usage
		Usr 0 00:00:00, Sys 0 00:00:00  -  Run Local Usage
		Usr 0 01:23:10, Sys 0 00:14:20  -  Total Remote Usage
		Usr 0 00:00:00, Sys 0 00:00:00  -  Total Local Usage
	0  -  Run Bytes Sent By Job
	0  -  Run Bytes Received By Job
	0  -  Total Bytes Sent By Job
	0  -  Total Bytes Received By Job
	Partitionable Resources :    Usage  Request Allocated 
	   Cpus                 :     0.70        1         1 
	   Disk (KB)            :     2           2   6681619 
	   Memory (MB)          : 29657      128192    128256 
	   xferslots            :                           0 

	Job terminated of its own accord at 2025-01-29T06:42:36Z with exit-code 0.
...
000 (2017266.000.000) 2025-01-30 00:27:59 Job submitted from host: <130.199.48.81:9618?addrs=130.199.48.81-9618&alias=rcas2062.rcf.bnl.gov&noUDP&sock=schedd_48563_ad09>
...
001 (2017266.000.000) 2025-01-30 00:30:42 Job executing on host: <130.199.184.202:9618?addrs=130.199.184.202-9618&alias=spool1777.sdcc.bnl.gov&noUDP&sock=startd_713_c146>
...
006 (2017266.000.000) 2025-01-30 00:30:51 Image size of job updated: 157932
	86  -  MemoryUsage of job (MB)
	87912  -  ResidentSetSize of job (KB)
...
006 (2017266.000.000) 2025-01-30 00:35:51 Image size of job updated: 4885192
	1412  -  MemoryUsage of job (MB)
	1445628  -  ResidentSetSize of job (KB)
...
006 (2017266.000.000) 2025-01-30 00:40:51 Image size of job updated: 7860520
	4336  -  MemoryUsage of job (MB)
	4439820  -  ResidentSetSize of job (KB)
...
006 (2017266.000.000) 2025-01-30 00:45:52 Image size of job updated: 11091628
	7475  -  MemoryUsage of job (MB)
	7653952  -  ResidentSetSize of job (KB)
...
006 (2017266.000.000) 2025-01-30 00:50:53 Image size of job updated: 13646808
	10158  -  MemoryUsage of job (MB)
	10400784  -  ResidentSetSize of job (KB)
...
006 (2017266.000.000) 2025-01-30 00:55:53 Image size of job updated: 15852372
	12235  -  MemoryUsage of job (MB)
	12527776  -  ResidentSetSize of job (KB)
...
006 (2017266.000.000) 2025-01-30 01:00:54 Image size of job updated: 18664124
	14857  -  MemoryUsage of job (MB)
	15213216  -  ResidentSetSize of job (KB)
...
006 (2017266.000.000) 2025-01-30 01:05:55 Image size of job updated: 20750180
	17001  -  MemoryUsage of job (MB)
	17408420  -  ResidentSetSize of job (KB)
...
006 (2017266.000.000) 2025-01-30 01:10:55 Image size of job updated: 23225268
	19374  -  MemoryUsage of job (MB)
	19838404  -  ResidentSetSize of job (KB)
...
006 (2017266.000.000) 2025-01-30 01:15:55 Image size of job updated: 25715412
	21594  -  MemoryUsage of job (MB)
	22111812  -  ResidentSetSize of job (KB)
...
006 (2017266.000.000) 2025-01-30 01:20:56 Image size of job updated: 28171108
	23801  -  MemoryUsage of job (MB)
	24371312  -  ResidentSetSize of job (KB)
...
006 (2017266.000.000) 2025-01-30 01:25:56 Image size of job updated: 30340008
	26293  -  MemoryUsage of job (MB)
	26923292  -  ResidentSetSize of job (KB)
...
006 (2017266.000.000) 2025-01-30 01:30:56 Image size of job updated: 33069728
	28498  -  MemoryUsage of job (MB)
	29181084  -  ResidentSetSize of job (KB)
...
006 (2017266.000.000) 2025-01-30 01:35:57 Image size of job updated: 34706668
	30661  -  MemoryUsage of job (MB)
	31395984  -  ResidentSetSize of job (KB)
...
006 (2017266.000.000) 2025-01-30 01:40:58 Image size of job updated: 36384628
	32266  -  MemoryUsage of job (MB)
	33039668  -  ResidentSetSize of job (KB)
...
006 (2017266.000.000) 2025-01-30 01:45:58 Image size of job updated: 38010220
	33832  -  MemoryUsage of job (MB)
	34642964  -  ResidentSetSize of job (KB)
...
006 (2017266.000.000) 2025-01-30 01:50:59 Image size of job updated: 40205352
	35648  -  MemoryUsage of job (MB)
	36503432  -  ResidentSetSize of job (KB)
...
006 (2017266.000.000) 2025-01-30 01:56:00 Image size of job updated: 41762576
	37341  -  MemoryUsage of job (MB)
	38236764  -  ResidentSetSize of job (KB)
...
006 (2017266.000.000) 2025-01-30 02:01:00 Image size of job updated: 43143144
	38800  -  MemoryUsage of job (MB)
	39730640  -  ResidentSetSize of job (KB)
...
006 (2017266.000.000) 2025-01-30 02:06:00 Image size of job updated: 44866212
	39967  -  MemoryUsage of job (MB)
	40926116  -  ResidentSetSize of job (KB)
...
006 (2017266.000.000) 2025-01-30 02:11:01 Image size of job updated: 46003336
	41446  -  MemoryUsage of job (MB)
	42440292  -  ResidentSetSize of job (KB)
...
006 (2017266.000.000) 2025-01-30 02:16:01 Image size of job updated: 47419036
	42730  -  MemoryUsage of job (MB)
	43754756  -  ResidentSetSize of job (KB)
...
006 (2017266.000.000) 2025-01-30 02:21:01 Image size of job updated: 48815372
	43813  -  MemoryUsage of job (MB)
	44864284  -  ResidentSetSize of job (KB)
...
006 (2017266.000.000) 2025-01-30 02:26:02 Image size of job updated: 49922076
	44975  -  MemoryUsage of job (MB)
	46054144  -  ResidentSetSize of job (KB)
...
006 (2017266.000.000) 2025-01-30 02:31:02 Image size of job updated: 50953448
	46152  -  MemoryUsage of job (MB)
	47259512  -  ResidentSetSize of job (KB)
...
006 (2017266.000.000) 2025-01-30 02:36:02 Image size of job updated: 52225256
	47491  -  MemoryUsage of job (MB)
	48630584  -  ResidentSetSize of job (KB)
...
006 (2017266.000.000) 2025-01-30 02:41:03 Image size of job updated: 53457388
	48488  -  MemoryUsage of job (MB)
	49651160  -  ResidentSetSize of job (KB)
...
006 (2017266.000.000) 2025-01-30 02:46:04 Image size of job updated: 54074264
	49460  -  MemoryUsage of job (MB)
	50646244  -  ResidentSetSize of job (KB)
...
006 (2017266.000.000) 2025-01-30 02:51:04 Image size of job updated: 55552292
	50500  -  MemoryUsage of job (MB)
	51711944  -  ResidentSetSize of job (KB)
...
006 (2017266.000.000) 2025-01-30 02:56:05 Image size of job updated: 56778080
	51632  -  MemoryUsage of job (MB)
	52870248  -  ResidentSetSize of job (KB)
...
006 (2017266.000.000) 2025-01-30 03:01:06 Image size of job updated: 57571180
	52619  -  MemoryUsage of job (MB)
	53880940  -  ResidentSetSize of job (KB)
...
006 (2017266.000.000) 2025-01-30 03:06:06 Image size of job updated: 58496172
	53553  -  MemoryUsage of job (MB)
	54837268  -  ResidentSetSize of job (KB)
...
006 (2017266.000.000) 2025-01-30 03:11:06 Image size of job updated: 59716616
	54566  -  MemoryUsage of job (MB)
	55875024  -  ResidentSetSize of job (KB)
...
006 (2017266.000.000) 2025-01-30 03:16:07 Image size of job updated: 60477328
	55640  -  MemoryUsage of job (MB)
	56974600  -  ResidentSetSize of job (KB)
...
006 (2017266.000.000) 2025-01-30 03:21:07 Image size of job updated: 61469992
	56503  -  MemoryUsage of job (MB)
	57858152  -  ResidentSetSize of job (KB)
...
006 (2017266.000.000) 2025-01-30 03:26:07 Image size of job updated: 62645740
	57615  -  MemoryUsage of job (MB)
	58997704  -  ResidentSetSize of job (KB)
...
006 (2017266.000.000) 2025-01-30 03:31:08 Image size of job updated: 63972376
	58597  -  MemoryUsage of job (MB)
	60003320  -  ResidentSetSize of job (KB)
...
006 (2017266.000.000) 2025-01-30 03:36:08 Image size of job updated: 64880220
	59567  -  MemoryUsage of job (MB)
	60996504  -  ResidentSetSize of job (KB)
...
006 (2017266.000.000) 2025-01-30 03:41:08 Image size of job updated: 65576168
	60521  -  MemoryUsage of job (MB)
	61972684  -  ResidentSetSize of job (KB)
...
006 (2017266.000.000) 2025-01-30 03:46:09 Image size of job updated: 66308472
	61273  -  MemoryUsage of job (MB)
	62742956  -  ResidentSetSize of job (KB)
...
006 (2017266.000.000) 2025-01-30 03:51:10 Image size of job updated: 67353872
	62358  -  MemoryUsage of job (MB)
	63853856  -  ResidentSetSize of job (KB)
...
006 (2017266.000.000) 2025-01-30 03:56:10 Image size of job updated: 68739136
	63366  -  MemoryUsage of job (MB)
	64885848  -  ResidentSetSize of job (KB)
...
006 (2017266.000.000) 2025-01-30 04:01:11 Image size of job updated: 69866696
	64442  -  MemoryUsage of job (MB)
	65988440  -  ResidentSetSize of job (KB)
...
006 (2017266.000.000) 2025-01-30 04:06:12 Image size of job updated: 70911076
	65392  -  MemoryUsage of job (MB)
	66961172  -  ResidentSetSize of job (KB)
...
005 (2017266.000.000) 2025-01-30 04:06:59 Job terminated.
	(1) Normal termination (return value 0)
		Usr 0 02:35:14, Sys 0 00:22:28  -  Run Remote Usage
		Usr 0 00:00:00, Sys 0 00:00:00  -  Run Local Usage
		Usr 0 02:35:14, Sys 0 00:22:28  -  Total Remote Usage
		Usr 0 00:00:00, Sys 0 00:00:00  -  Total Local Usage
	0  -  Run Bytes Sent By Job
	0  -  Run Bytes Received By Job
	0  -  Total Bytes Sent By Job
	0  -  Total Bytes Received By Job
	Partitionable Resources :    Usage  Request Allocated 
	   Cpus                 :     0.64        1         1 
	   Disk (KB)            :     2           2   6681625 
	   Memory (MB)          : 65392      128192    128256 
	   xferslots            :                           0 

	Job terminated of its own accord at 2025-01-30T09:06:58Z with exit-code 0.
...
000 (2018712.000.000) 2025-02-02 20:32:11 Job submitted from host: <130.199.48.81:9618?addrs=130.199.48.81-9618&alias=rcas2062.rcf.bnl.gov&noUDP&sock=schedd_48563_ad09>
...
001 (2018712.000.000) 2025-02-02 20:33:56 Job executing on host: <130.199.184.199:9618?addrs=130.199.184.199-9618&alias=spool1774.sdcc.bnl.gov&noUDP&sock=startd_74915_c052>
...
006 (2018712.000.000) 2025-02-02 20:34:05 Image size of job updated: 103244
	54  -  MemoryUsage of job (MB)
	54884  -  ResidentSetSize of job (KB)
...
006 (2018712.000.000) 2025-02-02 20:36:27 Image size of job updated: 4000988
	54  -  MemoryUsage of job (MB)
	54960  -  ResidentSetSize of job (KB)
...
005 (2018712.000.000) 2025-02-02 20:36:27 Job terminated.
	(1) Normal termination (return value 0)
		Usr 0 00:02:06, Sys 0 00:00:05  -  Run Remote Usage
		Usr 0 00:00:00, Sys 0 00:00:00  -  Run Local Usage
		Usr 0 00:02:06, Sys 0 00:00:05  -  Total Remote Usage
		Usr 0 00:00:00, Sys 0 00:00:00  -  Total Local Usage
	0  -  Run Bytes Sent By Job
	0  -  Run Bytes Received By Job
	0  -  Total Bytes Sent By Job
	0  -  Total Bytes Received By Job
	Partitionable Resources :    Usage  Request Allocated 
	   Cpus                 :                 1         1 
	   Disk (KB)            :        2        2   6681626 
	   Memory (MB)          :       54   128192    128256 
	   xferslots            :                           0 

	Job terminated of its own accord at 2025-02-03T01:36:27Z with exit-code 0.
...
000 (2019096.000.000) 2025-02-02 20:56:43 Job submitted from host: <130.199.48.81:9618?addrs=130.199.48.81-9618&alias=rcas2062.rcf.bnl.gov&noUDP&sock=schedd_48563_ad09>
...
001 (2019096.000.000) 2025-02-02 20:57:25 Job executing on host: <130.199.184.153:9618?addrs=130.199.184.153-9618&alias=spool1762.sdcc.bnl.gov&noUDP&sock=startd_50639_b426>
...
006 (2019096.000.000) 2025-02-02 20:57:33 Image size of job updated: 23708
	7  -  MemoryUsage of job (MB)
	6260  -  ResidentSetSize of job (KB)
...
006 (2019096.000.000) 2025-02-02 21:00:02 Image size of job updated: 4000980
	7  -  MemoryUsage of job (MB)
	6260  -  ResidentSetSize of job (KB)
...
005 (2019096.000.000) 2025-02-02 21:00:02 Job terminated.
	(1) Normal termination (return value 0)
		Usr 0 00:02:05, Sys 0 00:00:05  -  Run Remote Usage
		Usr 0 00:00:00, Sys 0 00:00:00  -  Run Local Usage
		Usr 0 00:02:05, Sys 0 00:00:05  -  Total Remote Usage
		Usr 0 00:00:00, Sys 0 00:00:00  -  Total Local Usage
	0  -  Run Bytes Sent By Job
	0  -  Run Bytes Received By Job
	0  -  Total Bytes Sent By Job
	0  -  Total Bytes Received By Job
	Partitionable Resources :    Usage  Request Allocated 
	   Cpus                 :     0.94        1         1 
	   Disk (KB)            :     2           2   6681619 
	   Memory (MB)          :     7      128192    128256 
	   xferslots            :                           0 

	Job terminated of its own accord at 2025-02-03T02:00:02Z with exit-code 0.
...
000 (2019480.000.000) 2025-02-02 22:34:24 Job submitted from host: <130.199.48.81:9618?addrs=130.199.48.81-9618&alias=rcas2062.rcf.bnl.gov&noUDP&sock=schedd_48563_ad09>
...
001 (2019480.000.000) 2025-02-02 22:37:50 Job executing on host: <130.199.184.215:9618?addrs=130.199.184.215-9618&alias=spool1790.sdcc.bnl.gov&noUDP&sock=startd_35756_6c0e>
...
006 (2019480.000.000) 2025-02-02 22:37:59 Image size of job updated: 44524
	32  -  MemoryUsage of job (MB)
	32592  -  ResidentSetSize of job (KB)
...
006 (2019480.000.000) 2025-02-02 22:41:12 Image size of job updated: 4000984
	32  -  MemoryUsage of job (MB)
	32632  -  ResidentSetSize of job (KB)
...
005 (2019480.000.000) 2025-02-02 22:41:12 Job terminated.
	(1) Normal termination (return value 0)
		Usr 0 00:02:29, Sys 0 00:00:06  -  Run Remote Usage
		Usr 0 00:00:00, Sys 0 00:00:00  -  Run Local Usage
		Usr 0 00:02:29, Sys 0 00:00:06  -  Total Remote Usage
		Usr 0 00:00:00, Sys 0 00:00:00  -  Total Local Usage
	0  -  Run Bytes Sent By Job
	0  -  Run Bytes Received By Job
	0  -  Total Bytes Sent By Job
	0  -  Total Bytes Received By Job
	Partitionable Resources :    Usage  Request Allocated 
	   Cpus                 :                 1         1 
	   Disk (KB)            :        2        2   6681621 
	   Memory (MB)          :       32   128192    128256 
	   xferslots            :                           0 

	Job terminated of its own accord at 2025-02-03T03:41:12Z with exit-code 0.
...
