000 (2017020.000.000) 2025-01-28 23:08:02 Job submitted from host: <130.199.48.81:9618?addrs=130.199.48.81-9618&alias=rcas2062.rcf.bnl.gov&noUDP&sock=schedd_48563_ad09>
...
001 (2017020.000.000) 2025-01-29 01:23:48 Job executing on host: <130.199.186.8:9618?addrs=130.199.186.8-9618&alias=spool1805.sdcc.bnl.gov&noUDP&sock=startd_47947_b83e>
...
006 (2017020.000.000) 2025-01-29 01:23:55 Image size of job updated: 609700
	0  -  MemoryUsage of job (MB)
	0  -  ResidentSetSize of job (KB)
...
005 (2017020.000.000) 2025-01-29 01:23:55 Job terminated.
	(1) Normal termination (return value 0)
		Usr 0 00:00:03, Sys 0 00:00:01  -  Run Remote Usage
		Usr 0 00:00:00, Sys 0 00:00:00  -  Run Local Usage
		Usr 0 00:00:03, Sys 0 00:00:01  -  Total Remote Usage
		Usr 0 00:00:00, Sys 0 00:00:00  -  Total Local Usage
	0  -  Run Bytes Sent By Job
	0  -  Run Bytes Received By Job
	0  -  Total Bytes Sent By Job
	0  -  Total Bytes Received By Job
	Partitionable Resources :    Usage  Request Allocated 
	   Cpus                 :                 1         1 
	   Disk (KB)            :        2        2   6681622 
	   Memory (MB)          :        0   128192    128256 
	   xferslots            :                           0 

	Job terminated of its own accord at 2025-01-29T06:23:55Z with exit-code 0.
...
000 (2017404.000.000) 2025-01-30 00:28:15 Job submitted from host: <130.199.48.81:9618?addrs=130.199.48.81-9618&alias=rcas2062.rcf.bnl.gov&noUDP&sock=schedd_48563_ad09>
...
001 (2017404.000.000) 2025-01-30 04:22:18 Job executing on host: <130.199.186.77:9618?addrs=130.199.186.77-9618&alias=spool1840.sdcc.bnl.gov&noUDP&sock=startd_36894_95b1>
...
006 (2017404.000.000) 2025-01-30 04:22:26 Image size of job updated: 298152
	75  -  MemoryUsage of job (MB)
	76516  -  ResidentSetSize of job (KB)
...
006 (2017404.000.000) 2025-01-30 04:27:26 Image size of job updated: 5367896
	1793  -  MemoryUsage of job (MB)
	1835016  -  ResidentSetSize of job (KB)
...
006 (2017404.000.000) 2025-01-30 04:32:27 Image size of job updated: 7184480
	3231  -  MemoryUsage of job (MB)
	3307640  -  ResidentSetSize of job (KB)
...
006 (2017404.000.000) 2025-01-30 04:37:27 Image size of job updated: 8595592
	4702  -  MemoryUsage of job (MB)
	4814844  -  ResidentSetSize of job (KB)
...
006 (2017404.000.000) 2025-01-30 04:42:27 Image size of job updated: 9945940
	6061  -  MemoryUsage of job (MB)
	6205944  -  ResidentSetSize of job (KB)
...
006 (2017404.000.000) 2025-01-30 04:47:28 Image size of job updated: 11361548
	7390  -  MemoryUsage of job (MB)
	7567140  -  ResidentSetSize of job (KB)
...
006 (2017404.000.000) 2025-01-30 04:52:29 Image size of job updated: 12654012
	8781  -  MemoryUsage of job (MB)
	8991224  -  ResidentSetSize of job (KB)
...
006 (2017404.000.000) 2025-01-30 04:57:29 Image size of job updated: 13906172
	10024  -  MemoryUsage of job (MB)
	10263556  -  ResidentSetSize of job (KB)
...
006 (2017404.000.000) 2025-01-30 05:02:30 Image size of job updated: 14905580
	11023  -  MemoryUsage of job (MB)
	11287424  -  ResidentSetSize of job (KB)
...
006 (2017404.000.000) 2025-01-30 05:07:31 Image size of job updated: 16473740
	12314  -  MemoryUsage of job (MB)
	12608992  -  ResidentSetSize of job (KB)
...
006 (2017404.000.000) 2025-01-30 05:12:31 Image size of job updated: 17958756
	13743  -  MemoryUsage of job (MB)
	14072516  -  ResidentSetSize of job (KB)
...
006 (2017404.000.000) 2025-01-30 05:17:32 Image size of job updated: 19093672
	15034  -  MemoryUsage of job (MB)
	15394328  -  ResidentSetSize of job (KB)
...
006 (2017404.000.000) 2025-01-30 05:22:33 Image size of job updated: 20390672
	16515  -  MemoryUsage of job (MB)
	16910792  -  ResidentSetSize of job (KB)
...
006 (2017404.000.000) 2025-01-30 05:27:33 Image size of job updated: 21928104
	17662  -  MemoryUsage of job (MB)
	18085204  -  ResidentSetSize of job (KB)
...
006 (2017404.000.000) 2025-01-30 05:32:33 Image size of job updated: 22967640
	18962  -  MemoryUsage of job (MB)
	19416784  -  ResidentSetSize of job (KB)
...
006 (2017404.000.000) 2025-01-30 05:37:34 Image size of job updated: 24313532
	20278  -  MemoryUsage of job (MB)
	20764160  -  ResidentSetSize of job (KB)
...
006 (2017404.000.000) 2025-01-30 05:42:34 Image size of job updated: 25898952
	21643  -  MemoryUsage of job (MB)
	22162196  -  ResidentSetSize of job (KB)
...
006 (2017404.000.000) 2025-01-30 05:47:34 Image size of job updated: 27768232
	23337  -  MemoryUsage of job (MB)
	23896248  -  ResidentSetSize of job (KB)
...
006 (2017404.000.000) 2025-01-30 05:52:35 Image size of job updated: 29072512
	24965  -  MemoryUsage of job (MB)
	25563716  -  ResidentSetSize of job (KB)
...
006 (2017404.000.000) 2025-01-30 05:57:35 Image size of job updated: 30760560
	26499  -  MemoryUsage of job (MB)
	27134516  -  ResidentSetSize of job (KB)
...
006 (2017404.000.000) 2025-01-30 06:02:35 Image size of job updated: 33285436
	28652  -  MemoryUsage of job (MB)
	29338696  -  ResidentSetSize of job (KB)
...
006 (2017404.000.000) 2025-01-30 06:07:36 Image size of job updated: 34752056
	30633  -  MemoryUsage of job (MB)
	31367340  -  ResidentSetSize of job (KB)
...
006 (2017404.000.000) 2025-01-30 06:12:37 Image size of job updated: 36937800
	32239  -  MemoryUsage of job (MB)
	33012504  -  ResidentSetSize of job (KB)
...
006 (2017404.000.000) 2025-01-30 06:17:37 Image size of job updated: 38618716
	33862  -  MemoryUsage of job (MB)
	34673780  -  ResidentSetSize of job (KB)
...
006 (2017404.000.000) 2025-01-30 06:22:38 Image size of job updated: 39844676
	35566  -  MemoryUsage of job (MB)
	36419388  -  ResidentSetSize of job (KB)
...
006 (2017404.000.000) 2025-01-30 06:27:39 Image size of job updated: 42222344
	37522  -  MemoryUsage of job (MB)
	38422084  -  ResidentSetSize of job (KB)
...
006 (2017404.000.000) 2025-01-30 06:32:39 Image size of job updated: 43763404
	38682  -  MemoryUsage of job (MB)
	39609744  -  ResidentSetSize of job (KB)
...
006 (2017404.000.000) 2025-01-30 06:37:40 Image size of job updated: 45064280
	40215  -  MemoryUsage of job (MB)
	41180044  -  ResidentSetSize of job (KB)
...
006 (2017404.000.000) 2025-01-30 06:42:41 Image size of job updated: 46958644
	42086  -  MemoryUsage of job (MB)
	43095044  -  ResidentSetSize of job (KB)
...
006 (2017404.000.000) 2025-01-30 06:47:41 Image size of job updated: 48395324
	43757  -  MemoryUsage of job (MB)
	44806540  -  ResidentSetSize of job (KB)
...
006 (2017404.000.000) 2025-01-30 06:52:42 Image size of job updated: 50365440
	45382  -  MemoryUsage of job (MB)
	46470180  -  ResidentSetSize of job (KB)
...
006 (2017404.000.000) 2025-01-30 06:57:43 Image size of job updated: 52206168
	46876  -  MemoryUsage of job (MB)
	48000356  -  ResidentSetSize of job (KB)
...
006 (2017404.000.000) 2025-01-30 07:02:43 Image size of job updated: 53504904
	48701  -  MemoryUsage of job (MB)
	49869428  -  ResidentSetSize of job (KB)
...
006 (2017404.000.000) 2025-01-30 07:07:43 Image size of job updated: 55363048
	50537  -  MemoryUsage of job (MB)
	51749444  -  ResidentSetSize of job (KB)
...
006 (2017404.000.000) 2025-01-30 07:12:44 Image size of job updated: 57851636
	52405  -  MemoryUsage of job (MB)
	53662000  -  ResidentSetSize of job (KB)
...
006 (2017404.000.000) 2025-01-30 07:17:44 Image size of job updated: 59305404
	54396  -  MemoryUsage of job (MB)
	55700856  -  ResidentSetSize of job (KB)
...
006 (2017404.000.000) 2025-01-30 07:22:44 Image size of job updated: 61476676
	56272  -  MemoryUsage of job (MB)
	57622032  -  ResidentSetSize of job (KB)
...
006 (2017404.000.000) 2025-01-30 07:27:46 Image size of job updated: 63810232
	58285  -  MemoryUsage of job (MB)
	59683280  -  ResidentSetSize of job (KB)
...
006 (2017404.000.000) 2025-01-30 07:32:46 Image size of job updated: 65296248
	60232  -  MemoryUsage of job (MB)
	61677208  -  ResidentSetSize of job (KB)
...
006 (2017404.000.000) 2025-01-30 07:37:46 Image size of job updated: 67961088
	62224  -  MemoryUsage of job (MB)
	63717376  -  ResidentSetSize of job (KB)
...
006 (2017404.000.000) 2025-01-30 07:42:47 Image size of job updated: 69844024
	64574  -  MemoryUsage of job (MB)
	66123664  -  ResidentSetSize of job (KB)
...
006 (2017404.000.000) 2025-01-30 07:47:48 Image size of job updated: 72065292
	66631  -  MemoryUsage of job (MB)
	68229892  -  ResidentSetSize of job (KB)
...
006 (2017404.000.000) 2025-01-30 07:52:48 Image size of job updated: 73628888
	68320  -  MemoryUsage of job (MB)
	69959388  -  ResidentSetSize of job (KB)
...
006 (2017404.000.000) 2025-01-30 07:57:49 Image size of job updated: 75355244
	69960  -  MemoryUsage of job (MB)
	71638964  -  ResidentSetSize of job (KB)
...
006 (2017404.000.000) 2025-01-30 08:02:50 Image size of job updated: 77896772
	71926  -  MemoryUsage of job (MB)
	73651528  -  ResidentSetSize of job (KB)
...
006 (2017404.000.000) 2025-01-30 08:07:50 Image size of job updated: 79860096
	74028  -  MemoryUsage of job (MB)
	75804620  -  ResidentSetSize of job (KB)
...
006 (2017404.000.000) 2025-01-30 08:12:50 Image size of job updated: 81825996
	75903  -  MemoryUsage of job (MB)
	77724312  -  ResidentSetSize of job (KB)
...
006 (2017404.000.000) 2025-01-30 08:15:19 Image size of job updated: 82482396
	75904  -  MemoryUsage of job (MB)
	77725032  -  ResidentSetSize of job (KB)
...
005 (2017404.000.000) 2025-01-30 08:15:19 Job terminated.
	(1) Normal termination (return value 0)
		Usr 0 03:18:59, Sys 0 00:32:01  -  Run Remote Usage
		Usr 0 00:00:00, Sys 0 00:00:00  -  Run Local Usage
		Usr 0 03:18:59, Sys 0 00:32:01  -  Total Remote Usage
		Usr 0 00:00:00, Sys 0 00:00:00  -  Total Local Usage
	0  -  Run Bytes Sent By Job
	0  -  Run Bytes Received By Job
	0  -  Total Bytes Sent By Job
	0  -  Total Bytes Received By Job
	Partitionable Resources :    Usage  Request Allocated 
	   Cpus                 :     1.20        1         1 
	   Disk (KB)            :     2           2   6681620 
	   Memory (MB)          : 75904      128192    128256 
	   xferslots            :                           0 

	Job terminated of its own accord at 2025-01-30T13:15:19Z with exit-code 0.
...
000 (2018850.000.000) 2025-02-02 20:32:26 Job submitted from host: <130.199.48.81:9618?addrs=130.199.48.81-9618&alias=rcas2062.rcf.bnl.gov&noUDP&sock=schedd_48563_ad09>
...
001 (2018850.000.000) 2025-02-02 20:38:19 Job executing on host: <130.199.151.4:9618?addrs=130.199.151.4-9618&alias=spool1582.sdcc.bnl.gov&noUDP&sock=startd_39246_f689>
...
006 (2018850.000.000) 2025-02-02 20:38:27 Image size of job updated: 62448
	37  -  MemoryUsage of job (MB)
	37248  -  ResidentSetSize of job (KB)
...
006 (2018850.000.000) 2025-02-02 20:41:13 Image size of job updated: 4000984
	37  -  MemoryUsage of job (MB)
	37284  -  ResidentSetSize of job (KB)
...
005 (2018850.000.000) 2025-02-02 20:41:13 Job terminated.
	(1) Normal termination (return value 0)
		Usr 0 00:02:22, Sys 0 00:00:06  -  Run Remote Usage
		Usr 0 00:00:00, Sys 0 00:00:00  -  Run Local Usage
		Usr 0 00:02:22, Sys 0 00:00:06  -  Total Remote Usage
		Usr 0 00:00:00, Sys 0 00:00:00  -  Total Local Usage
	0  -  Run Bytes Sent By Job
	0  -  Run Bytes Received By Job
	0  -  Total Bytes Sent By Job
	0  -  Total Bytes Received By Job
	Partitionable Resources :    Usage  Request Allocated 
	   Cpus                 :                 1         1 
	   Disk (KB)            :        2        2   6681231 
	   Memory (MB)          :       37   128192    128256 
	   xferslots            :                           0 

	Job terminated of its own accord at 2025-02-03T01:41:13Z with exit-code 0.
...
000 (2019234.000.000) 2025-02-02 20:56:55 Job submitted from host: <130.199.48.81:9618?addrs=130.199.48.81-9618&alias=rcas2062.rcf.bnl.gov&noUDP&sock=schedd_48563_ad09>
...
001 (2019234.000.000) 2025-02-02 21:00:15 Job executing on host: <130.199.151.6:9618?addrs=130.199.151.6-9618&alias=spool1584.sdcc.bnl.gov&noUDP&sock=startd_2695_0870>
...
006 (2019234.000.000) 2025-02-02 21:00:24 Image size of job updated: 167912
	96  -  MemoryUsage of job (MB)
	97456  -  ResidentSetSize of job (KB)
...
006 (2019234.000.000) 2025-02-02 21:02:41 Image size of job updated: 4000984
	96  -  MemoryUsage of job (MB)
	97564  -  ResidentSetSize of job (KB)
...
005 (2019234.000.000) 2025-02-02 21:02:42 Job terminated.
	(1) Normal termination (return value 0)
		Usr 0 00:02:10, Sys 0 00:00:06  -  Run Remote Usage
		Usr 0 00:00:00, Sys 0 00:00:00  -  Run Local Usage
		Usr 0 00:02:10, Sys 0 00:00:06  -  Total Remote Usage
		Usr 0 00:00:00, Sys 0 00:00:00  -  Total Local Usage
	0  -  Run Bytes Sent By Job
	0  -  Run Bytes Received By Job
	0  -  Total Bytes Sent By Job
	0  -  Total Bytes Received By Job
	Partitionable Resources :    Usage  Request Allocated 
	   Cpus                 :     0.96        1         1 
	   Disk (KB)            :     2           2   6681224 
	   Memory (MB)          :    96      128192    128256 
	   xferslots            :                           0 

	Job terminated of its own accord at 2025-02-03T02:02:41Z with exit-code 0.
...
000 (2019618.000.000) 2025-02-02 22:34:36 Job submitted from host: <130.199.48.81:9618?addrs=130.199.48.81-9618&alias=rcas2062.rcf.bnl.gov&noUDP&sock=schedd_48563_ad09>
...
001 (2019618.000.000) 2025-02-02 22:42:23 Job executing on host: <130.199.186.86:9618?addrs=130.199.186.86-9618&alias=spool1849.sdcc.bnl.gov&noUDP&sock=startd_80704_e58c>
...
006 (2019618.000.000) 2025-02-02 22:42:32 Image size of job updated: 298144
	42  -  MemoryUsage of job (MB)
	42452  -  ResidentSetSize of job (KB)
...
006 (2019618.000.000) 2025-02-02 22:45:30 Image size of job updated: 4000984
	42  -  MemoryUsage of job (MB)
	42452  -  ResidentSetSize of job (KB)
...
005 (2019618.000.000) 2025-02-02 22:45:30 Job terminated.
	(1) Normal termination (return value 0)
		Usr 0 00:02:30, Sys 0 00:00:06  -  Run Remote Usage
		Usr 0 00:00:00, Sys 0 00:00:00  -  Run Local Usage
		Usr 0 00:02:30, Sys 0 00:00:06  -  Total Remote Usage
		Usr 0 00:00:00, Sys 0 00:00:00  -  Total Local Usage
	0  -  Run Bytes Sent By Job
	0  -  Run Bytes Received By Job
	0  -  Total Bytes Sent By Job
	0  -  Total Bytes Received By Job
	Partitionable Resources :    Usage  Request Allocated 
	   Cpus                 :     0.93        1         1 
	   Disk (KB)            :     2           2   6681564 
	   Memory (MB)          :    42      128192    128256 
	   xferslots            :                           0 

	Job terminated of its own accord at 2025-02-03T03:45:30Z with exit-code 0.
...
