000 (2017182.000.000) 2025-01-28 23:08:16 Job submitted from host: <130.199.48.81:9618?addrs=130.199.48.81-9618&alias=rcas2062.rcf.bnl.gov&noUDP&sock=schedd_48563_ad09>
...
001 (2017182.000.000) 2025-01-29 01:37:05 Job executing on host: <130.199.184.198:9618?addrs=130.199.184.198-9618&alias=spool1773.sdcc.bnl.gov&noUDP&sock=startd_12597_e416>
...
006 (2017182.000.000) 2025-01-29 01:37:13 Image size of job updated: 148076
	79  -  MemoryUsage of job (MB)
	80024  -  ResidentSetSize of job (KB)
...
006 (2017182.000.000) 2025-01-29 01:37:30 Image size of job updated: 571256
	79  -  MemoryUsage of job (MB)
	80040  -  ResidentSetSize of job (KB)
...
005 (2017182.000.000) 2025-01-29 01:37:30 Job terminated.
	(1) Normal termination (return value 0)
		Usr 0 00:00:04, Sys 0 00:00:03  -  Run Remote Usage
		Usr 0 00:00:00, Sys 0 00:00:00  -  Run Local Usage
		Usr 0 00:00:04, Sys 0 00:00:03  -  Total Remote Usage
		Usr 0 00:00:00, Sys 0 00:00:00  -  Total Local Usage
	0  -  Run Bytes Sent By Job
	0  -  Run Bytes Received By Job
	0  -  Total Bytes Sent By Job
	0  -  Total Bytes Received By Job
	Partitionable Resources :    Usage  Request Allocated 
	   Cpus                 :                 1         1 
	   Disk (KB)            :        2        2   6681627 
	   Memory (MB)          :       79   128192    128256 
	   xferslots            :                           0 

	Job terminated of its own accord at 2025-01-29T06:37:30Z with exit-code 0.
...
000 (2017566.000.000) 2025-01-30 00:28:32 Job submitted from host: <130.199.48.81:9618?addrs=130.199.48.81-9618&alias=rcas2062.rcf.bnl.gov&noUDP&sock=schedd_48563_ad09>
...
001 (2017566.000.000) 2025-01-30 08:58:27 Job executing on host: <130.199.150.67:9618?addrs=130.199.150.67-9618&alias=spool1548.sdcc.bnl.gov&noUDP&sock=startd_28485_3e0d>
...
006 (2017566.000.000) 2025-01-30 08:58:36 Image size of job updated: 24324
	7  -  MemoryUsage of job (MB)
	6776  -  ResidentSetSize of job (KB)
...
006 (2017566.000.000) 2025-01-30 09:03:37 Image size of job updated: 5162128
	1412  -  MemoryUsage of job (MB)
	1444904  -  ResidentSetSize of job (KB)
...
006 (2017566.000.000) 2025-01-30 09:08:38 Image size of job updated: 6832468
	2736  -  MemoryUsage of job (MB)
	2801096  -  ResidentSetSize of job (KB)
...
006 (2017566.000.000) 2025-01-30 09:13:38 Image size of job updated: 8074312
	4149  -  MemoryUsage of job (MB)
	4248544  -  ResidentSetSize of job (KB)
...
006 (2017566.000.000) 2025-01-30 09:18:39 Image size of job updated: 9255296
	5492  -  MemoryUsage of job (MB)
	5623776  -  ResidentSetSize of job (KB)
...
006 (2017566.000.000) 2025-01-30 09:23:40 Image size of job updated: 10790428
	6808  -  MemoryUsage of job (MB)
	6970880  -  ResidentSetSize of job (KB)
...
006 (2017566.000.000) 2025-01-30 09:28:40 Image size of job updated: 12007604
	8014  -  MemoryUsage of job (MB)
	8205532  -  ResidentSetSize of job (KB)
...
006 (2017566.000.000) 2025-01-30 09:33:40 Image size of job updated: 12982632
	8999  -  MemoryUsage of job (MB)
	9214896  -  ResidentSetSize of job (KB)
...
006 (2017566.000.000) 2025-01-30 09:38:41 Image size of job updated: 14396488
	10058  -  MemoryUsage of job (MB)
	10298376  -  ResidentSetSize of job (KB)
...
006 (2017566.000.000) 2025-01-30 09:43:41 Image size of job updated: 15364484
	11208  -  MemoryUsage of job (MB)
	11476924  -  ResidentSetSize of job (KB)
...
006 (2017566.000.000) 2025-01-30 09:48:41 Image size of job updated: 16345284
	12238  -  MemoryUsage of job (MB)
	12531312  -  ResidentSetSize of job (KB)
...
006 (2017566.000.000) 2025-01-30 09:53:42 Image size of job updated: 17278892
	13393  -  MemoryUsage of job (MB)
	13714084  -  ResidentSetSize of job (KB)
...
006 (2017566.000.000) 2025-01-30 09:58:43 Image size of job updated: 19145276
	14854  -  MemoryUsage of job (MB)
	15209744  -  ResidentSetSize of job (KB)
...
006 (2017566.000.000) 2025-01-30 10:03:43 Image size of job updated: 20647016
	16566  -  MemoryUsage of job (MB)
	16963152  -  ResidentSetSize of job (KB)
...
006 (2017566.000.000) 2025-01-30 10:09:55 Image size of job updated: 23220276
	19190  -  MemoryUsage of job (MB)
	19650332  -  ResidentSetSize of job (KB)
...
006 (2017566.000.000) 2025-01-30 10:13:45 Image size of job updated: 24645408
	20702  -  MemoryUsage of job (MB)
	21197924  -  ResidentSetSize of job (KB)
...
006 (2017566.000.000) 2025-01-30 10:18:45 Image size of job updated: 25676676
	21729  -  MemoryUsage of job (MB)
	22250052  -  ResidentSetSize of job (KB)
...
006 (2017566.000.000) 2025-01-30 10:23:47 Image size of job updated: 27040676
	22784  -  MemoryUsage of job (MB)
	23330172  -  ResidentSetSize of job (KB)
...
006 (2017566.000.000) 2025-01-30 10:28:47 Image size of job updated: 28794520
	24203  -  MemoryUsage of job (MB)
	24783372  -  ResidentSetSize of job (KB)
...
006 (2017566.000.000) 2025-01-30 10:33:47 Image size of job updated: 29987224
	25675  -  MemoryUsage of job (MB)
	26290820  -  ResidentSetSize of job (KB)
...
006 (2017566.000.000) 2025-01-30 10:38:48 Image size of job updated: 30839964
	26630  -  MemoryUsage of job (MB)
	27268824  -  ResidentSetSize of job (KB)
...
006 (2017566.000.000) 2025-01-30 10:43:48 Image size of job updated: 32530500
	27791  -  MemoryUsage of job (MB)
	28457980  -  ResidentSetSize of job (KB)
...
006 (2017566.000.000) 2025-01-30 10:48:48 Image size of job updated: 33681036
	28964  -  MemoryUsage of job (MB)
	29658144  -  ResidentSetSize of job (KB)
...
006 (2017566.000.000) 2025-01-30 10:53:49 Image size of job updated: 34551572
	30083  -  MemoryUsage of job (MB)
	30804704  -  ResidentSetSize of job (KB)
...
006 (2017566.000.000) 2025-01-30 10:58:49 Image size of job updated: 35977888
	30978  -  MemoryUsage of job (MB)
	31720948  -  ResidentSetSize of job (KB)
...
006 (2017566.000.000) 2025-01-30 11:03:49 Image size of job updated: 36611756
	31875  -  MemoryUsage of job (MB)
	32639432  -  ResidentSetSize of job (KB)
...
006 (2017566.000.000) 2025-01-30 11:08:51 Image size of job updated: 37473944
	32684  -  MemoryUsage of job (MB)
	33467848  -  ResidentSetSize of job (KB)
...
006 (2017566.000.000) 2025-01-30 11:13:51 Image size of job updated: 38450040
	33276  -  MemoryUsage of job (MB)
	34073856  -  ResidentSetSize of job (KB)
...
006 (2017566.000.000) 2025-01-30 11:18:51 Image size of job updated: 39119336
	34333  -  MemoryUsage of job (MB)
	35156820  -  ResidentSetSize of job (KB)
...
006 (2017566.000.000) 2025-01-30 11:23:52 Image size of job updated: 39910020
	35198  -  MemoryUsage of job (MB)
	36042600  -  ResidentSetSize of job (KB)
...
006 (2017566.000.000) 2025-01-30 11:28:53 Image size of job updated: 41194452
	35980  -  MemoryUsage of job (MB)
	36843128  -  ResidentSetSize of job (KB)
...
006 (2017566.000.000) 2025-01-30 11:33:53 Image size of job updated: 41870120
	37115  -  MemoryUsage of job (MB)
	38004956  -  ResidentSetSize of job (KB)
...
006 (2017566.000.000) 2025-01-30 11:38:54 Image size of job updated: 43317184
	38030  -  MemoryUsage of job (MB)
	38942472  -  ResidentSetSize of job (KB)
...
006 (2017566.000.000) 2025-01-30 11:43:55 Image size of job updated: 44191052
	39148  -  MemoryUsage of job (MB)
	40086988  -  ResidentSetSize of job (KB)
...
006 (2017566.000.000) 2025-01-30 11:48:55 Image size of job updated: 45453352
	40136  -  MemoryUsage of job (MB)
	41098976  -  ResidentSetSize of job (KB)
...
006 (2017566.000.000) 2025-01-30 11:53:55 Image size of job updated: 46089236
	41039  -  MemoryUsage of job (MB)
	42023824  -  ResidentSetSize of job (KB)
...
006 (2017566.000.000) 2025-01-30 11:58:56 Image size of job updated: 46753272
	41862  -  MemoryUsage of job (MB)
	42865708  -  ResidentSetSize of job (KB)
...
006 (2017566.000.000) 2025-01-30 12:03:56 Image size of job updated: 48107920
	42783  -  MemoryUsage of job (MB)
	43809336  -  ResidentSetSize of job (KB)
...
006 (2017566.000.000) 2025-01-30 12:08:56 Image size of job updated: 49152652
	43858  -  MemoryUsage of job (MB)
	44909736  -  ResidentSetSize of job (KB)
...
006 (2017566.000.000) 2025-01-30 12:13:57 Image size of job updated: 50032848
	44948  -  MemoryUsage of job (MB)
	46026312  -  ResidentSetSize of job (KB)
...
006 (2017566.000.000) 2025-01-30 12:18:58 Image size of job updated: 51454532
	46058  -  MemoryUsage of job (MB)
	47162536  -  ResidentSetSize of job (KB)
...
006 (2017566.000.000) 2025-01-30 12:23:58 Image size of job updated: 52428940
	47071  -  MemoryUsage of job (MB)
	48200108  -  ResidentSetSize of job (KB)
...
006 (2017566.000.000) 2025-01-30 12:28:59 Image size of job updated: 53460252
	47848  -  MemoryUsage of job (MB)
	48995824  -  ResidentSetSize of job (KB)
...
006 (2017566.000.000) 2025-01-30 12:33:59 Image size of job updated: 54769256
	48669  -  MemoryUsage of job (MB)
	49836484  -  ResidentSetSize of job (KB)
...
006 (2017566.000.000) 2025-01-30 12:38:59 Image size of job updated: 55183168
	49534  -  MemoryUsage of job (MB)
	50722124  -  ResidentSetSize of job (KB)
...
006 (2017566.000.000) 2025-01-30 12:44:00 Image size of job updated: 56074324
	50426  -  MemoryUsage of job (MB)
	51635644  -  ResidentSetSize of job (KB)
...
006 (2017566.000.000) 2025-01-30 12:49:01 Image size of job updated: 57440520
	51252  -  MemoryUsage of job (MB)
	52481756  -  ResidentSetSize of job (KB)
...
006 (2017566.000.000) 2025-01-30 12:54:01 Image size of job updated: 58212676
	52049  -  MemoryUsage of job (MB)
	53298008  -  ResidentSetSize of job (KB)
...
006 (2017566.000.000) 2025-01-30 12:59:02 Image size of job updated: 58686804
	52971  -  MemoryUsage of job (MB)
	54242220  -  ResidentSetSize of job (KB)
...
006 (2017566.000.000) 2025-01-30 13:04:03 Image size of job updated: 59565428
	53551  -  MemoryUsage of job (MB)
	54835940  -  ResidentSetSize of job (KB)
...
006 (2017566.000.000) 2025-01-30 13:09:03 Image size of job updated: 60816332
	54421  -  MemoryUsage of job (MB)
	55726848  -  ResidentSetSize of job (KB)
...
006 (2017566.000.000) 2025-01-30 13:14:04 Image size of job updated: 61790852
	55381  -  MemoryUsage of job (MB)
	56709472  -  ResidentSetSize of job (KB)
...
006 (2017566.000.000) 2025-01-30 13:19:05 Image size of job updated: 63049980
	56645  -  MemoryUsage of job (MB)
	58003540  -  ResidentSetSize of job (KB)
...
006 (2017566.000.000) 2025-01-30 13:24:05 Image size of job updated: 64837288
	58303  -  MemoryUsage of job (MB)
	59701404  -  ResidentSetSize of job (KB)
...
006 (2017566.000.000) 2025-01-30 13:29:05 Image size of job updated: 66893144
	60012  -  MemoryUsage of job (MB)
	61452028  -  ResidentSetSize of job (KB)
...
006 (2017566.000.000) 2025-01-30 13:34:06 Image size of job updated: 68307196
	61707  -  MemoryUsage of job (MB)
	63187588  -  ResidentSetSize of job (KB)
...
006 (2017566.000.000) 2025-01-30 13:39:06 Image size of job updated: 70165888
	63608  -  MemoryUsage of job (MB)
	65133632  -  ResidentSetSize of job (KB)
...
006 (2017566.000.000) 2025-01-30 13:44:06 Image size of job updated: 72235164
	65370  -  MemoryUsage of job (MB)
	66938396  -  ResidentSetSize of job (KB)
...
006 (2017566.000.000) 2025-01-30 13:49:07 Image size of job updated: 73126404
	66472  -  MemoryUsage of job (MB)
	68066656  -  ResidentSetSize of job (KB)
...
006 (2017566.000.000) 2025-01-30 13:54:08 Image size of job updated: 74339028
	67711  -  MemoryUsage of job (MB)
	69335416  -  ResidentSetSize of job (KB)
...
006 (2017566.000.000) 2025-01-30 13:55:08 Image size of job updated: 75072152
	67711  -  MemoryUsage of job (MB)
	69335416  -  ResidentSetSize of job (KB)
...
005 (2017566.000.000) 2025-01-30 13:55:08 Job terminated.
	(1) Normal termination (return value 0)
		Usr 0 03:08:10, Sys 0 00:29:37  -  Run Remote Usage
		Usr 0 00:00:00, Sys 0 00:00:00  -  Run Local Usage
		Usr 0 03:08:10, Sys 0 00:29:37  -  Total Remote Usage
		Usr 0 00:00:00, Sys 0 00:00:00  -  Total Local Usage
	0  -  Run Bytes Sent By Job
	0  -  Run Bytes Received By Job
	0  -  Total Bytes Sent By Job
	0  -  Total Bytes Received By Job
	Partitionable Resources :    Usage  Request Allocated 
	   Cpus                 :     0.83        1         1 
	   Disk (KB)            :     2           2   6681217 
	   Memory (MB)          : 67711      128192    128256 
	   xferslots            :                           0 

	Job terminated of its own accord at 2025-01-30T18:55:08Z with exit-code 0.
...
000 (2019012.000.000) 2025-02-02 20:32:42 Job submitted from host: <130.199.48.81:9618?addrs=130.199.48.81-9618&alias=rcas2062.rcf.bnl.gov&noUDP&sock=schedd_48563_ad09>
...
001 (2019012.000.000) 2025-02-02 20:42:05 Job executing on host: <130.199.151.6:9618?addrs=130.199.151.6-9618&alias=spool1584.sdcc.bnl.gov&noUDP&sock=startd_2695_0870>
...
006 (2019012.000.000) 2025-02-02 20:42:14 Image size of job updated: 229440
	126  -  MemoryUsage of job (MB)
	128348  -  ResidentSetSize of job (KB)
...
006 (2019012.000.000) 2025-02-02 20:44:36 Image size of job updated: 4001044
	126  -  MemoryUsage of job (MB)
	128544  -  ResidentSetSize of job (KB)
...
005 (2019012.000.000) 2025-02-02 20:44:36 Job terminated.
	(1) Normal termination (return value 0)
		Usr 0 00:02:14, Sys 0 00:00:05  -  Run Remote Usage
		Usr 0 00:00:00, Sys 0 00:00:00  -  Run Local Usage
		Usr 0 00:02:14, Sys 0 00:00:05  -  Total Remote Usage
		Usr 0 00:00:00, Sys 0 00:00:00  -  Total Local Usage
	0  -  Run Bytes Sent By Job
	0  -  Run Bytes Received By Job
	0  -  Total Bytes Sent By Job
	0  -  Total Bytes Received By Job
	Partitionable Resources :    Usage  Request Allocated 
	   Cpus                 :                 1         1 
	   Disk (KB)            :        2        2   6681224 
	   Memory (MB)          :      126   128192    128256 
	   xferslots            :                           0 

	Job terminated of its own accord at 2025-02-03T01:44:36Z with exit-code 0.
...
000 (2019396.000.000) 2025-02-02 20:57:10 Job submitted from host: <130.199.48.81:9618?addrs=130.199.48.81-9618&alias=rcas2062.rcf.bnl.gov&noUDP&sock=schedd_48563_ad09>
...
001 (2019396.000.000) 2025-02-02 21:03:23 Job executing on host: <130.199.151.12:9618?addrs=130.199.151.12-9618&alias=spool1590.sdcc.bnl.gov&noUDP&sock=startd_79370_b3d7>
...
006 (2019396.000.000) 2025-02-02 21:03:31 Image size of job updated: 239980
	139  -  MemoryUsage of job (MB)
	141332  -  ResidentSetSize of job (KB)
...
006 (2019396.000.000) 2025-02-02 21:05:41 Image size of job updated: 4001052
	139  -  MemoryUsage of job (MB)
	141344  -  ResidentSetSize of job (KB)
...
005 (2019396.000.000) 2025-02-02 21:05:41 Job terminated.
	(1) Normal termination (return value 0)
		Usr 0 00:02:03, Sys 0 00:00:05  -  Run Remote Usage
		Usr 0 00:00:00, Sys 0 00:00:00  -  Run Local Usage
		Usr 0 00:02:03, Sys 0 00:00:05  -  Total Remote Usage
		Usr 0 00:00:00, Sys 0 00:00:00  -  Total Local Usage
	0  -  Run Bytes Sent By Job
	0  -  Run Bytes Received By Job
	0  -  Total Bytes Sent By Job
	0  -  Total Bytes Received By Job
	Partitionable Resources :    Usage  Request Allocated 
	   Cpus                 :     0.97        1         1 
	   Disk (KB)            :     2           2   6681236 
	   Memory (MB)          :   139      128192    128256 
	   xferslots            :                           0 

	Job terminated of its own accord at 2025-02-03T02:05:41Z with exit-code 0.
...
000 (2019780.000.000) 2025-02-02 22:34:50 Job submitted from host: <130.199.48.81:9618?addrs=130.199.48.81-9618&alias=rcas2062.rcf.bnl.gov&noUDP&sock=schedd_48563_ad09>
...
001 (2019780.000.000) 2025-02-02 22:47:35 Job executing on host: <130.199.150.87:9618?addrs=130.199.150.87-9618&alias=spool1568.sdcc.bnl.gov&noUDP&sock=startd_61885_ebb5>
...
006 (2019780.000.000) 2025-02-02 22:47:43 Image size of job updated: 333324
	41  -  MemoryUsage of job (MB)
	41592  -  ResidentSetSize of job (KB)
...
006 (2019780.000.000) 2025-02-02 22:50:42 Image size of job updated: 4001044
	41  -  MemoryUsage of job (MB)
	41592  -  ResidentSetSize of job (KB)
...
005 (2019780.000.000) 2025-02-02 22:50:43 Job terminated.
	(1) Normal termination (return value 0)
		Usr 0 00:02:24, Sys 0 00:00:06  -  Run Remote Usage
		Usr 0 00:00:00, Sys 0 00:00:00  -  Run Local Usage
		Usr 0 00:02:24, Sys 0 00:00:06  -  Total Remote Usage
		Usr 0 00:00:00, Sys 0 00:00:00  -  Total Local Usage
	0  -  Run Bytes Sent By Job
	0  -  Run Bytes Received By Job
	0  -  Total Bytes Sent By Job
	0  -  Total Bytes Received By Job
	Partitionable Resources :    Usage  Request Allocated 
	   Cpus                 :                 1         1 
	   Disk (KB)            :        2        2   6681235 
	   Memory (MB)          :       41   128192    128256 
	   xferslots            :                           0 

	Job terminated of its own accord at 2025-02-03T03:50:42Z with exit-code 0.
...
