000 (2016920.000.000) 2025-01-28 23:07:54 Job submitted from host: <130.199.48.81:9618?addrs=130.199.48.81-9618&alias=rcas2062.rcf.bnl.gov&noUDP&sock=schedd_48563_ad09>
...
001 (2016920.000.000) 2025-01-28 23:10:31 Job executing on host: <130.199.186.76:9618?addrs=130.199.186.76-9618&alias=spool1839.sdcc.bnl.gov&noUDP&sock=startd_48828_8b8a>
...
006 (2016920.000.000) 2025-01-28 23:10:39 Image size of job updated: 51024
	7  -  MemoryUsage of job (MB)
	7024  -  ResidentSetSize of job (KB)
...
006 (2016920.000.000) 2025-01-28 23:15:39 Image size of job updated: 5040480
	1019  -  MemoryUsage of job (MB)
	1042920  -  ResidentSetSize of job (KB)
...
006 (2016920.000.000) 2025-01-28 23:20:40 Image size of job updated: 5982388
	1998  -  MemoryUsage of job (MB)
	2045272  -  ResidentSetSize of job (KB)
...
006 (2016920.000.000) 2025-01-28 23:25:40 Image size of job updated: 6828596
	3252  -  MemoryUsage of job (MB)
	3329756  -  ResidentSetSize of job (KB)
...
006 (2016920.000.000) 2025-01-28 23:30:40 Image size of job updated: 8173052
	4498  -  MemoryUsage of job (MB)
	4605292  -  ResidentSetSize of job (KB)
...
006 (2016920.000.000) 2025-01-28 23:35:41 Image size of job updated: 8957568
	5349  -  MemoryUsage of job (MB)
	5477336  -  ResidentSetSize of job (KB)
...
006 (2016920.000.000) 2025-01-28 23:40:42 Image size of job updated: 10008508
	6197  -  MemoryUsage of job (MB)
	6345452  -  ResidentSetSize of job (KB)
...
006 (2016920.000.000) 2025-01-28 23:45:42 Image size of job updated: 11018916
	7120  -  MemoryUsage of job (MB)
	7290432  -  ResidentSetSize of job (KB)
...
006 (2016920.000.000) 2025-01-28 23:50:43 Image size of job updated: 12001724
	8052  -  MemoryUsage of job (MB)
	8245040  -  ResidentSetSize of job (KB)
...
006 (2016920.000.000) 2025-01-28 23:55:44 Image size of job updated: 12839520
	9168  -  MemoryUsage of job (MB)
	9387712  -  ResidentSetSize of job (KB)
...
006 (2016920.000.000) 2025-01-29 00:00:44 Image size of job updated: 13835752
	10103  -  MemoryUsage of job (MB)
	10344816  -  ResidentSetSize of job (KB)
...
006 (2016920.000.000) 2025-01-29 00:05:44 Image size of job updated: 14930592
	11058  -  MemoryUsage of job (MB)
	11323196  -  ResidentSetSize of job (KB)
...
006 (2016920.000.000) 2025-01-29 00:10:45 Image size of job updated: 16011604
	11927  -  MemoryUsage of job (MB)
	12212412  -  ResidentSetSize of job (KB)
...
006 (2016920.000.000) 2025-01-29 00:15:45 Image size of job updated: 17104824
	12813  -  MemoryUsage of job (MB)
	13119704  -  ResidentSetSize of job (KB)
...
006 (2016920.000.000) 2025-01-29 00:20:45 Image size of job updated: 18184216
	13847  -  MemoryUsage of job (MB)
	14178784  -  ResidentSetSize of job (KB)
...
006 (2016920.000.000) 2025-01-29 00:25:46 Image size of job updated: 18634900
	14805  -  MemoryUsage of job (MB)
	15159368  -  ResidentSetSize of job (KB)
...
006 (2016920.000.000) 2025-01-29 00:30:46 Image size of job updated: 19729548
	15592  -  MemoryUsage of job (MB)
	15965784  -  ResidentSetSize of job (KB)
...
006 (2016920.000.000) 2025-01-29 00:35:46 Image size of job updated: 20507012
	16673  -  MemoryUsage of job (MB)
	17072828  -  ResidentSetSize of job (KB)
...
006 (2016920.000.000) 2025-01-29 00:40:47 Image size of job updated: 21720956
	17415  -  MemoryUsage of job (MB)
	17832392  -  ResidentSetSize of job (KB)
...
006 (2016920.000.000) 2025-01-29 00:45:48 Image size of job updated: 22729444
	18320  -  MemoryUsage of job (MB)
	18759200  -  ResidentSetSize of job (KB)
...
006 (2016920.000.000) 2025-01-29 00:50:48 Image size of job updated: 23444620
	19396  -  MemoryUsage of job (MB)
	19861164  -  ResidentSetSize of job (KB)
...
006 (2016920.000.000) 2025-01-29 00:55:49 Image size of job updated: 24490336
	20138  -  MemoryUsage of job (MB)
	20620300  -  ResidentSetSize of job (KB)
...
006 (2016920.000.000) 2025-01-29 01:00:50 Image size of job updated: 25574140
	21087  -  MemoryUsage of job (MB)
	21592776  -  ResidentSetSize of job (KB)
...
006 (2016920.000.000) 2025-01-29 01:05:50 Image size of job updated: 26428280
	21998  -  MemoryUsage of job (MB)
	22525732  -  ResidentSetSize of job (KB)
...
006 (2016920.000.000) 2025-01-29 01:10:50 Image size of job updated: 27309000
	22760  -  MemoryUsage of job (MB)
	23306136  -  ResidentSetSize of job (KB)
...
006 (2016920.000.000) 2025-01-29 01:15:51 Image size of job updated: 28047816
	23717  -  MemoryUsage of job (MB)
	24285976  -  ResidentSetSize of job (KB)
...
006 (2016920.000.000) 2025-01-29 01:20:51 Image size of job updated: 28968416
	24545  -  MemoryUsage of job (MB)
	25133640  -  ResidentSetSize of job (KB)
...
006 (2016920.000.000) 2025-01-29 01:25:51 Image size of job updated: 29561804
	25507  -  MemoryUsage of job (MB)
	26118712  -  ResidentSetSize of job (KB)
...
006 (2016920.000.000) 2025-01-29 01:30:52 Image size of job updated: 30625492
	26367  -  MemoryUsage of job (MB)
	26998876  -  ResidentSetSize of job (KB)
...
006 (2016920.000.000) 2025-01-29 01:35:52 Image size of job updated: 32106192
	27199  -  MemoryUsage of job (MB)
	27851540  -  ResidentSetSize of job (KB)
...
006 (2016920.000.000) 2025-01-29 01:40:52 Image size of job updated: 32334304
	28122  -  MemoryUsage of job (MB)
	28795972  -  ResidentSetSize of job (KB)
...
006 (2016920.000.000) 2025-01-29 01:45:53 Image size of job updated: 33879348
	29037  -  MemoryUsage of job (MB)
	29733432  -  ResidentSetSize of job (KB)
...
006 (2016920.000.000) 2025-01-29 01:50:54 Image size of job updated: 34576716
	29941  -  MemoryUsage of job (MB)
	30659224  -  ResidentSetSize of job (KB)
...
006 (2016920.000.000) 2025-01-29 01:55:54 Image size of job updated: 35054868
	30532  -  MemoryUsage of job (MB)
	31264572  -  ResidentSetSize of job (KB)
...
006 (2016920.000.000) 2025-01-29 02:00:55 Image size of job updated: 36227428
	31458  -  MemoryUsage of job (MB)
	32212404  -  ResidentSetSize of job (KB)
...
006 (2016920.000.000) 2025-01-29 02:05:56 Image size of job updated: 36819980
	32330  -  MemoryUsage of job (MB)
	33105516  -  ResidentSetSize of job (KB)
...
006 (2016920.000.000) 2025-01-29 02:10:56 Image size of job updated: 37918140
	33083  -  MemoryUsage of job (MB)
	33876524  -  ResidentSetSize of job (KB)
...
006 (2016920.000.000) 2025-01-29 02:15:57 Image size of job updated: 38473016
	34024  -  MemoryUsage of job (MB)
	34839908  -  ResidentSetSize of job (KB)
...
006 (2016920.000.000) 2025-01-29 02:20:58 Image size of job updated: 39733484
	34826  -  MemoryUsage of job (MB)
	35661676  -  ResidentSetSize of job (KB)
...
006 (2016920.000.000) 2025-01-29 02:25:58 Image size of job updated: 40151376
	35629  -  MemoryUsage of job (MB)
	36484068  -  ResidentSetSize of job (KB)
...
006 (2016920.000.000) 2025-01-29 02:30:58 Image size of job updated: 41058356
	36495  -  MemoryUsage of job (MB)
	37370152  -  ResidentSetSize of job (KB)
...
006 (2016920.000.000) 2025-01-29 02:35:59 Image size of job updated: 41665668
	37342  -  MemoryUsage of job (MB)
	38237824  -  ResidentSetSize of job (KB)
...
006 (2016920.000.000) 2025-01-29 02:40:59 Image size of job updated: 43011556
	38031  -  MemoryUsage of job (MB)
	38943356  -  ResidentSetSize of job (KB)
...
006 (2016920.000.000) 2025-01-29 02:45:59 Image size of job updated: 43555280
	38906  -  MemoryUsage of job (MB)
	39839336  -  ResidentSetSize of job (KB)
...
006 (2016920.000.000) 2025-01-29 02:51:01 Image size of job updated: 44666428
	40110  -  MemoryUsage of job (MB)
	41071880  -  ResidentSetSize of job (KB)
...
006 (2016920.000.000) 2025-01-29 02:53:23 Image size of job updated: 45154784
	40110  -  MemoryUsage of job (MB)
	41072456  -  ResidentSetSize of job (KB)
...
005 (2016920.000.000) 2025-01-29 02:53:23 Job terminated.
	(1) Normal termination (return value 0)
		Usr 0 01:54:05, Sys 0 00:19:38  -  Run Remote Usage
		Usr 0 00:00:00, Sys 0 00:00:00  -  Run Local Usage
		Usr 0 01:54:05, Sys 0 00:19:38  -  Total Remote Usage
		Usr 0 00:00:00, Sys 0 00:00:00  -  Total Local Usage
	0  -  Run Bytes Sent By Job
	0  -  Run Bytes Received By Job
	0  -  Total Bytes Sent By Job
	0  -  Total Bytes Received By Job
	Partitionable Resources :    Usage  Request Allocated 
	   Cpus                 :     0.87        1         1 
	   Disk (KB)            :     2           2   6681624 
	   Memory (MB)          : 40110      128192    128256 
	   xferslots            :                           0 

	Job terminated of its own accord at 2025-01-29T07:53:23Z with exit-code 0.
...
000 (2017304.000.000) 2025-01-30 00:28:03 Job submitted from host: <130.199.48.81:9618?addrs=130.199.48.81-9618&alias=rcas2062.rcf.bnl.gov&noUDP&sock=schedd_48563_ad09>
...
001 (2017304.000.000) 2025-01-30 00:35:01 Job executing on host: <130.199.151.15:9618?addrs=130.199.151.15-9618&alias=spool1593.sdcc.bnl.gov&noUDP&sock=startd_89763_f4af>
...
006 (2017304.000.000) 2025-01-30 00:35:10 Image size of job updated: 161976
	91  -  MemoryUsage of job (MB)
	93100  -  ResidentSetSize of job (KB)
...
006 (2017304.000.000) 2025-01-30 00:40:11 Image size of job updated: 4791296
	1269  -  MemoryUsage of job (MB)
	1299168  -  ResidentSetSize of job (KB)
...
006 (2017304.000.000) 2025-01-30 00:45:12 Image size of job updated: 8062872
	4373  -  MemoryUsage of job (MB)
	4477336  -  ResidentSetSize of job (KB)
...
006 (2017304.000.000) 2025-01-30 00:50:12 Image size of job updated: 10333196
	6610  -  MemoryUsage of job (MB)
	6767820  -  ResidentSetSize of job (KB)
...
006 (2017304.000.000) 2025-01-30 00:55:13 Image size of job updated: 12793140
	9173  -  MemoryUsage of job (MB)
	9392708  -  ResidentSetSize of job (KB)
...
006 (2017304.000.000) 2025-01-30 01:00:14 Image size of job updated: 15397008
	11711  -  MemoryUsage of job (MB)
	11991792  -  ResidentSetSize of job (KB)
...
006 (2017304.000.000) 2025-01-30 01:05:14 Image size of job updated: 18199684
	14148  -  MemoryUsage of job (MB)
	14486540  -  ResidentSetSize of job (KB)
...
006 (2017304.000.000) 2025-01-30 01:10:14 Image size of job updated: 20483848
	16402  -  MemoryUsage of job (MB)
	16795252  -  ResidentSetSize of job (KB)
...
006 (2017304.000.000) 2025-01-30 01:15:15 Image size of job updated: 22550596
	18575  -  MemoryUsage of job (MB)
	19020364  -  ResidentSetSize of job (KB)
...
006 (2017304.000.000) 2025-01-30 01:20:15 Image size of job updated: 24398960
	20640  -  MemoryUsage of job (MB)
	21134612  -  ResidentSetSize of job (KB)
...
006 (2017304.000.000) 2025-01-30 01:25:15 Image size of job updated: 26530352
	22346  -  MemoryUsage of job (MB)
	22881736  -  ResidentSetSize of job (KB)
...
006 (2017304.000.000) 2025-01-30 01:30:17 Image size of job updated: 28243148
	23965  -  MemoryUsage of job (MB)
	24539572  -  ResidentSetSize of job (KB)
...
006 (2017304.000.000) 2025-01-30 01:35:17 Image size of job updated: 29412308
	25152  -  MemoryUsage of job (MB)
	25755048  -  ResidentSetSize of job (KB)
...
006 (2017304.000.000) 2025-01-30 01:40:17 Image size of job updated: 30884868
	26716  -  MemoryUsage of job (MB)
	27356232  -  ResidentSetSize of job (KB)
...
006 (2017304.000.000) 2025-01-30 01:45:18 Image size of job updated: 32499820
	28360  -  MemoryUsage of job (MB)
	29040256  -  ResidentSetSize of job (KB)
...
006 (2017304.000.000) 2025-01-30 01:50:19 Image size of job updated: 33964808
	29609  -  MemoryUsage of job (MB)
	30318712  -  ResidentSetSize of job (KB)
...
006 (2017304.000.000) 2025-01-30 01:55:19 Image size of job updated: 35191840
	30937  -  MemoryUsage of job (MB)
	31679368  -  ResidentSetSize of job (KB)
...
006 (2017304.000.000) 2025-01-30 02:00:21 Image size of job updated: 36734664
	32334  -  MemoryUsage of job (MB)
	33109540  -  ResidentSetSize of job (KB)
...
006 (2017304.000.000) 2025-01-30 02:05:21 Image size of job updated: 38438060
	34245  -  MemoryUsage of job (MB)
	35066084  -  ResidentSetSize of job (KB)
...
006 (2017304.000.000) 2025-01-30 02:10:21 Image size of job updated: 39954560
	35658  -  MemoryUsage of job (MB)
	36513200  -  ResidentSetSize of job (KB)
...
006 (2017304.000.000) 2025-01-30 02:15:22 Image size of job updated: 41875716
	36989  -  MemoryUsage of job (MB)
	37876140  -  ResidentSetSize of job (KB)
...
006 (2017304.000.000) 2025-01-30 02:20:23 Image size of job updated: 43021512
	38642  -  MemoryUsage of job (MB)
	39568692  -  ResidentSetSize of job (KB)
...
006 (2017304.000.000) 2025-01-30 02:25:23 Image size of job updated: 44582204
	39668  -  MemoryUsage of job (MB)
	40619892  -  ResidentSetSize of job (KB)
...
006 (2017304.000.000) 2025-01-30 02:30:24 Image size of job updated: 45727700
	40724  -  MemoryUsage of job (MB)
	41700364  -  ResidentSetSize of job (KB)
...
006 (2017304.000.000) 2025-01-30 02:35:25 Image size of job updated: 47004744
	42131  -  MemoryUsage of job (MB)
	43141580  -  ResidentSetSize of job (KB)
...
006 (2017304.000.000) 2025-01-30 02:40:25 Image size of job updated: 48270740
	43380  -  MemoryUsage of job (MB)
	44421068  -  ResidentSetSize of job (KB)
...
006 (2017304.000.000) 2025-01-30 02:45:25 Image size of job updated: 49078572
	44615  -  MemoryUsage of job (MB)
	45685212  -  ResidentSetSize of job (KB)
...
006 (2017304.000.000) 2025-01-30 02:50:26 Image size of job updated: 50715048
	45641  -  MemoryUsage of job (MB)
	46735636  -  ResidentSetSize of job (KB)
...
006 (2017304.000.000) 2025-01-30 02:55:26 Image size of job updated: 52168564
	46919  -  MemoryUsage of job (MB)
	48044356  -  ResidentSetSize of job (KB)
...
006 (2017304.000.000) 2025-01-30 03:00:26 Image size of job updated: 53093032
	48055  -  MemoryUsage of job (MB)
	49208132  -  ResidentSetSize of job (KB)
...
006 (2017304.000.000) 2025-01-30 03:05:27 Image size of job updated: 53896320
	49151  -  MemoryUsage of job (MB)
	50330264  -  ResidentSetSize of job (KB)
...
006 (2017304.000.000) 2025-01-30 03:10:27 Image size of job updated: 55004228
	50172  -  MemoryUsage of job (MB)
	51375648  -  ResidentSetSize of job (KB)
...
006 (2017304.000.000) 2025-01-30 03:15:27 Image size of job updated: 56041500
	51250  -  MemoryUsage of job (MB)
	52479076  -  ResidentSetSize of job (KB)
...
006 (2017304.000.000) 2025-01-30 03:20:28 Image size of job updated: 57134160
	52394  -  MemoryUsage of job (MB)
	53650916  -  ResidentSetSize of job (KB)
...
006 (2017304.000.000) 2025-01-30 03:25:29 Image size of job updated: 58461400
	53707  -  MemoryUsage of job (MB)
	54995184  -  ResidentSetSize of job (KB)
...
006 (2017304.000.000) 2025-01-30 03:30:29 Image size of job updated: 59894036
	55146  -  MemoryUsage of job (MB)
	56468968  -  ResidentSetSize of job (KB)
...
006 (2017304.000.000) 2025-01-30 03:35:30 Image size of job updated: 61649360
	56448  -  MemoryUsage of job (MB)
	57802260  -  ResidentSetSize of job (KB)
...
006 (2017304.000.000) 2025-01-30 03:40:31 Image size of job updated: 62597168
	57455  -  MemoryUsage of job (MB)
	58833408  -  ResidentSetSize of job (KB)
...
006 (2017304.000.000) 2025-01-30 03:45:31 Image size of job updated: 64061988
	58926  -  MemoryUsage of job (MB)
	60339464  -  ResidentSetSize of job (KB)
...
006 (2017304.000.000) 2025-01-30 03:50:31 Image size of job updated: 65516212
	59977  -  MemoryUsage of job (MB)
	61415604  -  ResidentSetSize of job (KB)
...
006 (2017304.000.000) 2025-01-30 03:55:32 Image size of job updated: 66475876
	61231  -  MemoryUsage of job (MB)
	62700148  -  ResidentSetSize of job (KB)
...
006 (2017304.000.000) 2025-01-30 04:00:32 Image size of job updated: 67649172
	62562  -  MemoryUsage of job (MB)
	64063124  -  ResidentSetSize of job (KB)
...
006 (2017304.000.000) 2025-01-30 04:05:32 Image size of job updated: 68498352
	63546  -  MemoryUsage of job (MB)
	65070152  -  ResidentSetSize of job (KB)
...
006 (2017304.000.000) 2025-01-30 04:10:33 Image size of job updated: 70124892
	64531  -  MemoryUsage of job (MB)
	66079496  -  ResidentSetSize of job (KB)
...
006 (2017304.000.000) 2025-01-30 04:15:34 Image size of job updated: 70664264
	65394  -  MemoryUsage of job (MB)
	66962572  -  ResidentSetSize of job (KB)
...
006 (2017304.000.000) 2025-01-30 04:20:34 Image size of job updated: 71742200
	66585  -  MemoryUsage of job (MB)
	68182240  -  ResidentSetSize of job (KB)
...
006 (2017304.000.000) 2025-01-30 04:25:35 Image size of job updated: 72953284
	67592  -  MemoryUsage of job (MB)
	69214128  -  ResidentSetSize of job (KB)
...
006 (2017304.000.000) 2025-01-30 04:30:36 Image size of job updated: 74162812
	68838  -  MemoryUsage of job (MB)
	70489284  -  ResidentSetSize of job (KB)
...
006 (2017304.000.000) 2025-01-30 04:35:36 Image size of job updated: 75608132
	70132  -  MemoryUsage of job (MB)
	71815004  -  ResidentSetSize of job (KB)
...
006 (2017304.000.000) 2025-01-30 04:40:37 Image size of job updated: 76752380
	71388  -  MemoryUsage of job (MB)
	73100364  -  ResidentSetSize of job (KB)
...
006 (2017304.000.000) 2025-01-30 04:45:38 Image size of job updated: 78030040
	72563  -  MemoryUsage of job (MB)
	74304072  -  ResidentSetSize of job (KB)
...
006 (2017304.000.000) 2025-01-30 04:50:38 Image size of job updated: 79293100
	73853  -  MemoryUsage of job (MB)
	75624768  -  ResidentSetSize of job (KB)
...
005 (2017304.000.000) 2025-01-30 04:50:52 Job terminated.
	(1) Normal termination (return value 0)
		Usr 0 02:48:30, Sys 0 00:22:02  -  Run Remote Usage
		Usr 0 00:00:00, Sys 0 00:00:00  -  Run Local Usage
		Usr 0 02:48:30, Sys 0 00:22:02  -  Total Remote Usage
		Usr 0 00:00:00, Sys 0 00:00:00  -  Total Local Usage
	0  -  Run Bytes Sent By Job
	0  -  Run Bytes Received By Job
	0  -  Total Bytes Sent By Job
	0  -  Total Bytes Received By Job
	Partitionable Resources :    Usage  Request Allocated 
	   Cpus                 :     0.95        1         1 
	   Disk (KB)            :     2           2   6681231 
	   Memory (MB)          : 73853      128192    128256 
	   xferslots            :                           0 

	Job terminated of its own accord at 2025-01-30T09:50:52Z with exit-code 0.
...
000 (2018750.000.000) 2025-02-02 20:32:16 Job submitted from host: <130.199.48.81:9618?addrs=130.199.48.81-9618&alias=rcas2062.rcf.bnl.gov&noUDP&sock=schedd_48563_ad09>
...
001 (2018750.000.000) 2025-02-02 20:35:29 Job executing on host: <130.199.151.11:9618?addrs=130.199.151.11-9618&alias=spool1589.sdcc.bnl.gov&noUDP&sock=startd_1737_d68b>
...
006 (2018750.000.000) 2025-02-02 20:35:37 Image size of job updated: 298416
	84  -  MemoryUsage of job (MB)
	85272  -  ResidentSetSize of job (KB)
...
006 (2018750.000.000) 2025-02-02 20:37:56 Image size of job updated: 4001108
	84  -  MemoryUsage of job (MB)
	85288  -  ResidentSetSize of job (KB)
...
005 (2018750.000.000) 2025-02-02 20:37:56 Job terminated.
	(1) Normal termination (return value 0)
		Usr 0 00:02:07, Sys 0 00:00:05  -  Run Remote Usage
		Usr 0 00:00:00, Sys 0 00:00:00  -  Run Local Usage
		Usr 0 00:02:07, Sys 0 00:00:05  -  Total Remote Usage
		Usr 0 00:00:00, Sys 0 00:00:00  -  Total Local Usage
	0  -  Run Bytes Sent By Job
	0  -  Run Bytes Received By Job
	0  -  Total Bytes Sent By Job
	0  -  Total Bytes Received By Job
	Partitionable Resources :    Usage  Request Allocated 
	   Cpus                 :     0.96        1         1 
	   Disk (KB)            :     2           2   6681210 
	   Memory (MB)          :    84      128192    128256 
	   xferslots            :                           0 

	Job terminated of its own accord at 2025-02-03T01:37:56Z with exit-code 0.
...
000 (2019134.000.000) 2025-02-02 20:56:46 Job submitted from host: <130.199.48.81:9618?addrs=130.199.48.81-9618&alias=rcas2062.rcf.bnl.gov&noUDP&sock=schedd_48563_ad09>
...
001 (2019134.000.000) 2025-02-02 20:58:24 Job executing on host: <130.199.184.200:9618?addrs=130.199.184.200-9618&alias=spool1775.sdcc.bnl.gov&noUDP&sock=startd_15979_4053>
...
006 (2019134.000.000) 2025-02-02 20:58:32 Image size of job updated: 148056
	79  -  MemoryUsage of job (MB)
	79952  -  ResidentSetSize of job (KB)
...
006 (2019134.000.000) 2025-02-02 21:00:49 Image size of job updated: 4001096
	79  -  MemoryUsage of job (MB)
	79964  -  ResidentSetSize of job (KB)
...
005 (2019134.000.000) 2025-02-02 21:00:49 Job terminated.
	(1) Normal termination (return value 0)
		Usr 0 00:02:10, Sys 0 00:00:05  -  Run Remote Usage
		Usr 0 00:00:00, Sys 0 00:00:00  -  Run Local Usage
		Usr 0 00:02:10, Sys 0 00:00:05  -  Total Remote Usage
		Usr 0 00:00:00, Sys 0 00:00:00  -  Total Local Usage
	0  -  Run Bytes Sent By Job
	0  -  Run Bytes Received By Job
	0  -  Total Bytes Sent By Job
	0  -  Total Bytes Received By Job
	Partitionable Resources :    Usage  Request Allocated 
	   Cpus                 :                 1         1 
	   Disk (KB)            :        2        2   6681617 
	   Memory (MB)          :       79   128192    128256 
	   xferslots            :                           0 

	Job terminated of its own accord at 2025-02-03T02:00:49Z with exit-code 0.
...
000 (2019518.000.000) 2025-02-02 22:34:28 Job submitted from host: <130.199.48.81:9618?addrs=130.199.48.81-9618&alias=rcas2062.rcf.bnl.gov&noUDP&sock=schedd_48563_ad09>
...
001 (2019518.000.000) 2025-02-02 22:39:03 Job executing on host: <130.199.184.218:9618?addrs=130.199.184.218-9618&alias=spool1793.sdcc.bnl.gov&noUDP&sock=startd_43997_9835>
...
006 (2019518.000.000) 2025-02-02 22:39:11 Image size of job updated: 298276
	34  -  MemoryUsage of job (MB)
	34500  -  ResidentSetSize of job (KB)
...
006 (2019518.000.000) 2025-02-02 22:42:06 Image size of job updated: 4001092
	34  -  MemoryUsage of job (MB)
	34596  -  ResidentSetSize of job (KB)
...
005 (2019518.000.000) 2025-02-02 22:42:07 Job terminated.
	(1) Normal termination (return value 0)
		Usr 0 00:02:27, Sys 0 00:00:06  -  Run Remote Usage
		Usr 0 00:00:00, Sys 0 00:00:00  -  Run Local Usage
		Usr 0 00:02:27, Sys 0 00:00:06  -  Total Remote Usage
		Usr 0 00:00:00, Sys 0 00:00:00  -  Total Local Usage
	0  -  Run Bytes Sent By Job
	0  -  Run Bytes Received By Job
	0  -  Total Bytes Sent By Job
	0  -  Total Bytes Received By Job
	Partitionable Resources :    Usage  Request Allocated 
	   Cpus                 :                 1         1 
	   Disk (KB)            :        2        2   6681633 
	   Memory (MB)          :       34   128192    128256 
	   xferslots            :                           0 

	Job terminated of its own accord at 2025-02-03T03:42:06Z with exit-code 0.
...
