000 (2016903.000.000) 2025-01-28 23:07:53 Job submitted from host: <130.199.48.81:9618?addrs=130.199.48.81-9618&alias=rcas2062.rcf.bnl.gov&noUDP&sock=schedd_48563_ad09>
...
001 (2016903.000.000) 2025-01-28 23:10:00 Job executing on host: <130.199.151.15:9618?addrs=130.199.151.15-9618&alias=spool1593.sdcc.bnl.gov&noUDP&sock=startd_89763_f4af>
...
006 (2016903.000.000) 2025-01-28 23:10:09 Image size of job updated: 139400
	8  -  MemoryUsage of job (MB)
	7280  -  ResidentSetSize of job (KB)
...
006 (2016903.000.000) 2025-01-28 23:15:10 Image size of job updated: 5037852
	1406  -  MemoryUsage of job (MB)
	1439520  -  ResidentSetSize of job (KB)
...
006 (2016903.000.000) 2025-01-28 23:20:10 Image size of job updated: 6515052
	2441  -  MemoryUsage of job (MB)
	2499456  -  ResidentSetSize of job (KB)
...
006 (2016903.000.000) 2025-01-28 23:25:10 Image size of job updated: 7070568
	3420  -  MemoryUsage of job (MB)
	3501716  -  ResidentSetSize of job (KB)
...
006 (2016903.000.000) 2025-01-28 23:30:11 Image size of job updated: 8201688
	4472  -  MemoryUsage of job (MB)
	4578708  -  ResidentSetSize of job (KB)
...
006 (2016903.000.000) 2025-01-28 23:35:12 Image size of job updated: 9689092
	5778  -  MemoryUsage of job (MB)
	5916040  -  ResidentSetSize of job (KB)
...
006 (2016903.000.000) 2025-01-28 23:40:12 Image size of job updated: 10821076
	6784  -  MemoryUsage of job (MB)
	6946352  -  ResidentSetSize of job (KB)
...
006 (2016903.000.000) 2025-01-28 23:45:13 Image size of job updated: 11499428
	7877  -  MemoryUsage of job (MB)
	8065624  -  ResidentSetSize of job (KB)
...
006 (2016903.000.000) 2025-01-28 23:50:14 Image size of job updated: 12909600
	8713  -  MemoryUsage of job (MB)
	8922000  -  ResidentSetSize of job (KB)
...
006 (2016903.000.000) 2025-01-28 23:55:14 Image size of job updated: 14120500
	9875  -  MemoryUsage of job (MB)
	10110980  -  ResidentSetSize of job (KB)
...
006 (2016903.000.000) 2025-01-29 00:00:14 Image size of job updated: 15081540
	10965  -  MemoryUsage of job (MB)
	11227680  -  ResidentSetSize of job (KB)
...
006 (2016903.000.000) 2025-01-29 00:05:15 Image size of job updated: 15945960
	11983  -  MemoryUsage of job (MB)
	12270176  -  ResidentSetSize of job (KB)
...
006 (2016903.000.000) 2025-01-29 00:10:15 Image size of job updated: 17351128
	13141  -  MemoryUsage of job (MB)
	13455424  -  ResidentSetSize of job (KB)
...
006 (2016903.000.000) 2025-01-29 00:15:15 Image size of job updated: 18516860
	14232  -  MemoryUsage of job (MB)
	14573376  -  ResidentSetSize of job (KB)
...
006 (2016903.000.000) 2025-01-29 00:20:16 Image size of job updated: 18957208
	15197  -  MemoryUsage of job (MB)
	15561548  -  ResidentSetSize of job (KB)
...
006 (2016903.000.000) 2025-01-29 00:25:16 Image size of job updated: 20018520
	15951  -  MemoryUsage of job (MB)
	16332804  -  ResidentSetSize of job (KB)
...
006 (2016903.000.000) 2025-01-29 00:30:16 Image size of job updated: 21084764
	16805  -  MemoryUsage of job (MB)
	17207972  -  ResidentSetSize of job (KB)
...
006 (2016903.000.000) 2025-01-29 00:35:17 Image size of job updated: 22085432
	17860  -  MemoryUsage of job (MB)
	18287876  -  ResidentSetSize of job (KB)
...
006 (2016903.000.000) 2025-01-29 00:40:18 Image size of job updated: 22908640
	18661  -  MemoryUsage of job (MB)
	19107916  -  ResidentSetSize of job (KB)
...
006 (2016903.000.000) 2025-01-29 00:45:18 Image size of job updated: 23604880
	19580  -  MemoryUsage of job (MB)
	20049152  -  ResidentSetSize of job (KB)
...
006 (2016903.000.000) 2025-01-29 00:50:19 Image size of job updated: 24660720
	20540  -  MemoryUsage of job (MB)
	21032272  -  ResidentSetSize of job (KB)
...
006 (2016903.000.000) 2025-01-29 00:55:20 Image size of job updated: 25759124
	21312  -  MemoryUsage of job (MB)
	21822632  -  ResidentSetSize of job (KB)
...
006 (2016903.000.000) 2025-01-29 01:00:20 Image size of job updated: 26381804
	22196  -  MemoryUsage of job (MB)
	22728508  -  ResidentSetSize of job (KB)
...
006 (2016903.000.000) 2025-01-29 01:05:20 Image size of job updated: 27451296
	23044  -  MemoryUsage of job (MB)
	23596108  -  ResidentSetSize of job (KB)
...
006 (2016903.000.000) 2025-01-29 01:10:21 Image size of job updated: 28095240
	23977  -  MemoryUsage of job (MB)
	24552148  -  ResidentSetSize of job (KB)
...
006 (2016903.000.000) 2025-01-29 01:15:21 Image size of job updated: 29081964
	24999  -  MemoryUsage of job (MB)
	25598728  -  ResidentSetSize of job (KB)
...
006 (2016903.000.000) 2025-01-29 01:20:22 Image size of job updated: 30394364
	25962  -  MemoryUsage of job (MB)
	26584352  -  ResidentSetSize of job (KB)
...
006 (2016903.000.000) 2025-01-29 01:25:23 Image size of job updated: 31270748
	26843  -  MemoryUsage of job (MB)
	27486764  -  ResidentSetSize of job (KB)
...
006 (2016903.000.000) 2025-01-29 01:30:23 Image size of job updated: 32155860
	27822  -  MemoryUsage of job (MB)
	28488960  -  ResidentSetSize of job (KB)
...
006 (2016903.000.000) 2025-01-29 01:35:23 Image size of job updated: 33243456
	29039  -  MemoryUsage of job (MB)
	29735044  -  ResidentSetSize of job (KB)
...
006 (2016903.000.000) 2025-01-29 01:40:24 Image size of job updated: 34589108
	29890  -  MemoryUsage of job (MB)
	30606572  -  ResidentSetSize of job (KB)
...
006 (2016903.000.000) 2025-01-29 01:45:24 Image size of job updated: 35466092
	30897  -  MemoryUsage of job (MB)
	31638224  -  ResidentSetSize of job (KB)
...
006 (2016903.000.000) 2025-01-29 01:50:25 Image size of job updated: 36565684
	31927  -  MemoryUsage of job (MB)
	32692864  -  ResidentSetSize of job (KB)
...
006 (2016903.000.000) 2025-01-29 01:55:26 Image size of job updated: 37192572
	32915  -  MemoryUsage of job (MB)
	33704764  -  ResidentSetSize of job (KB)
...
006 (2016903.000.000) 2025-01-29 02:00:26 Image size of job updated: 37896988
	33677  -  MemoryUsage of job (MB)
	34484240  -  ResidentSetSize of job (KB)
...
006 (2016903.000.000) 2025-01-29 02:05:27 Image size of job updated: 39210292
	34668  -  MemoryUsage of job (MB)
	35499248  -  ResidentSetSize of job (KB)
...
006 (2016903.000.000) 2025-01-29 02:10:28 Image size of job updated: 40411492
	35667  -  MemoryUsage of job (MB)
	36522600  -  ResidentSetSize of job (KB)
...
006 (2016903.000.000) 2025-01-29 02:15:28 Image size of job updated: 41533516
	36773  -  MemoryUsage of job (MB)
	37654768  -  ResidentSetSize of job (KB)
...
006 (2016903.000.000) 2025-01-29 02:20:28 Image size of job updated: 42279884
	37892  -  MemoryUsage of job (MB)
	38800856  -  ResidentSetSize of job (KB)
...
006 (2016903.000.000) 2025-01-29 02:25:29 Image size of job updated: 43488904
	38930  -  MemoryUsage of job (MB)
	39863308  -  ResidentSetSize of job (KB)
...
006 (2016903.000.000) 2025-01-29 02:27:21 Image size of job updated: 43674092
	38930  -  MemoryUsage of job (MB)
	39863308  -  ResidentSetSize of job (KB)
...
005 (2016903.000.000) 2025-01-29 02:27:21 Job terminated.
	(1) Normal termination (return value 0)
		Usr 0 01:43:20, Sys 0 00:17:08  -  Run Remote Usage
		Usr 0 00:00:00, Sys 0 00:00:00  -  Run Local Usage
		Usr 0 01:43:20, Sys 0 00:17:08  -  Total Remote Usage
		Usr 0 00:00:00, Sys 0 00:00:00  -  Total Local Usage
	0  -  Run Bytes Sent By Job
	0  -  Run Bytes Received By Job
	0  -  Total Bytes Sent By Job
	0  -  Total Bytes Received By Job
	Partitionable Resources :    Usage  Request Allocated 
	   Cpus                 :     0.76        1         1 
	   Disk (KB)            :     2           2   6681231 
	   Memory (MB)          : 38930      128192    128256 
	   xferslots            :                           0 

	Job terminated of its own accord at 2025-01-29T07:27:21Z with exit-code 0.
...
000 (2017287.000.000) 2025-01-30 00:28:01 Job submitted from host: <130.199.48.81:9618?addrs=130.199.48.81-9618&alias=rcas2062.rcf.bnl.gov&noUDP&sock=schedd_48563_ad09>
...
001 (2017287.000.000) 2025-01-30 00:32:30 Job executing on host: <130.199.207.221:9618?addrs=130.199.207.221-9618&alias=spool1508.sdcc.bnl.gov&noUDP&sock=startd_22296_8084>
...
006 (2017287.000.000) 2025-01-30 00:32:39 Image size of job updated: 570168
	90  -  MemoryUsage of job (MB)
	91228  -  ResidentSetSize of job (KB)
...
006 (2017287.000.000) 2025-01-30 00:37:40 Image size of job updated: 5928580
	2241  -  MemoryUsage of job (MB)
	2294784  -  ResidentSetSize of job (KB)
...
006 (2017287.000.000) 2025-01-30 00:42:40 Image size of job updated: 9556904
	5321  -  MemoryUsage of job (MB)
	5448416  -  ResidentSetSize of job (KB)
...
006 (2017287.000.000) 2025-01-30 00:47:41 Image size of job updated: 12640500
	8506  -  MemoryUsage of job (MB)
	8709840  -  ResidentSetSize of job (KB)
...
006 (2017287.000.000) 2025-01-30 00:52:42 Image size of job updated: 15528720
	11378  -  MemoryUsage of job (MB)
	11650476  -  ResidentSetSize of job (KB)
...
006 (2017287.000.000) 2025-01-30 00:57:42 Image size of job updated: 18594612
	14340  -  MemoryUsage of job (MB)
	14683624  -  ResidentSetSize of job (KB)
...
006 (2017287.000.000) 2025-01-30 01:02:42 Image size of job updated: 20591364
	16793  -  MemoryUsage of job (MB)
	17195480  -  ResidentSetSize of job (KB)
...
006 (2017287.000.000) 2025-01-30 01:07:43 Image size of job updated: 23289176
	19435  -  MemoryUsage of job (MB)
	19901044  -  ResidentSetSize of job (KB)
...
006 (2017287.000.000) 2025-01-30 01:12:43 Image size of job updated: 25520844
	21394  -  MemoryUsage of job (MB)
	21907148  -  ResidentSetSize of job (KB)
...
006 (2017287.000.000) 2025-01-30 01:17:43 Image size of job updated: 27665212
	23757  -  MemoryUsage of job (MB)
	24326368  -  ResidentSetSize of job (KB)
...
006 (2017287.000.000) 2025-01-30 01:22:44 Image size of job updated: 30456952
	26009  -  MemoryUsage of job (MB)
	26632784  -  ResidentSetSize of job (KB)
...
006 (2017287.000.000) 2025-01-30 01:27:45 Image size of job updated: 32442916
	28176  -  MemoryUsage of job (MB)
	28851748  -  ResidentSetSize of job (KB)
...
006 (2017287.000.000) 2025-01-30 01:32:45 Image size of job updated: 34402260
	30269  -  MemoryUsage of job (MB)
	30994652  -  ResidentSetSize of job (KB)
...
006 (2017287.000.000) 2025-01-30 01:37:46 Image size of job updated: 36121828
	31959  -  MemoryUsage of job (MB)
	32725012  -  ResidentSetSize of job (KB)
...
006 (2017287.000.000) 2025-01-30 01:42:47 Image size of job updated: 38325376
	33659  -  MemoryUsage of job (MB)
	34466436  -  ResidentSetSize of job (KB)
...
006 (2017287.000.000) 2025-01-30 01:47:47 Image size of job updated: 39656556
	35346  -  MemoryUsage of job (MB)
	36193800  -  ResidentSetSize of job (KB)
...
006 (2017287.000.000) 2025-01-30 01:52:47 Image size of job updated: 41713628
	36875  -  MemoryUsage of job (MB)
	37759536  -  ResidentSetSize of job (KB)
...
006 (2017287.000.000) 2025-01-30 01:57:48 Image size of job updated: 42929184
	38440  -  MemoryUsage of job (MB)
	39361716  -  ResidentSetSize of job (KB)
...
006 (2017287.000.000) 2025-01-30 02:02:48 Image size of job updated: 44676056
	39953  -  MemoryUsage of job (MB)
	40911396  -  ResidentSetSize of job (KB)
...
006 (2017287.000.000) 2025-01-30 02:07:49 Image size of job updated: 45831240
	41428  -  MemoryUsage of job (MB)
	42421652  -  ResidentSetSize of job (KB)
...
006 (2017287.000.000) 2025-01-30 02:12:50 Image size of job updated: 47257640
	42465  -  MemoryUsage of job (MB)
	43483680  -  ResidentSetSize of job (KB)
...
006 (2017287.000.000) 2025-01-30 02:17:50 Image size of job updated: 48390080
	43938  -  MemoryUsage of job (MB)
	44992472  -  ResidentSetSize of job (KB)
...
006 (2017287.000.000) 2025-01-30 02:22:51 Image size of job updated: 50323272
	45728  -  MemoryUsage of job (MB)
	46825016  -  ResidentSetSize of job (KB)
...
006 (2017287.000.000) 2025-01-30 02:27:52 Image size of job updated: 51815424
	47272  -  MemoryUsage of job (MB)
	48405860  -  ResidentSetSize of job (KB)
...
006 (2017287.000.000) 2025-01-30 02:32:52 Image size of job updated: 53995520
	49058  -  MemoryUsage of job (MB)
	50234444  -  ResidentSetSize of job (KB)
...
006 (2017287.000.000) 2025-01-30 02:37:52 Image size of job updated: 55435736
	50615  -  MemoryUsage of job (MB)
	51829160  -  ResidentSetSize of job (KB)
...
006 (2017287.000.000) 2025-01-30 02:42:53 Image size of job updated: 57018772
	51793  -  MemoryUsage of job (MB)
	53035952  -  ResidentSetSize of job (KB)
...
006 (2017287.000.000) 2025-01-30 02:47:53 Image size of job updated: 57602812
	52954  -  MemoryUsage of job (MB)
	54224144  -  ResidentSetSize of job (KB)
...
006 (2017287.000.000) 2025-01-30 02:52:53 Image size of job updated: 59245100
	54011  -  MemoryUsage of job (MB)
	55306280  -  ResidentSetSize of job (KB)
...
006 (2017287.000.000) 2025-01-30 02:57:54 Image size of job updated: 60082320
	55206  -  MemoryUsage of job (MB)
	56530844  -  ResidentSetSize of job (KB)
...
006 (2017287.000.000) 2025-01-30 03:02:54 Image size of job updated: 61711812
	56429  -  MemoryUsage of job (MB)
	57783040  -  ResidentSetSize of job (KB)
...
006 (2017287.000.000) 2025-01-30 03:07:54 Image size of job updated: 62155580
	57348  -  MemoryUsage of job (MB)
	58723876  -  ResidentSetSize of job (KB)
...
006 (2017287.000.000) 2025-01-30 03:12:55 Image size of job updated: 63705752
	58670  -  MemoryUsage of job (MB)
	60077388  -  ResidentSetSize of job (KB)
...
006 (2017287.000.000) 2025-01-30 03:17:56 Image size of job updated: 64534344
	59779  -  MemoryUsage of job (MB)
	61213568  -  ResidentSetSize of job (KB)
...
006 (2017287.000.000) 2025-01-30 03:22:56 Image size of job updated: 65612004
	60749  -  MemoryUsage of job (MB)
	62206224  -  ResidentSetSize of job (KB)
...
006 (2017287.000.000) 2025-01-30 03:27:57 Image size of job updated: 67336288
	62078  -  MemoryUsage of job (MB)
	63567692  -  ResidentSetSize of job (KB)
...
006 (2017287.000.000) 2025-01-30 03:32:58 Image size of job updated: 68380008
	63060  -  MemoryUsage of job (MB)
	64573176  -  ResidentSetSize of job (KB)
...
006 (2017287.000.000) 2025-01-30 03:37:58 Image size of job updated: 69583824
	64231  -  MemoryUsage of job (MB)
	65771852  -  ResidentSetSize of job (KB)
...
006 (2017287.000.000) 2025-01-30 03:42:58 Image size of job updated: 70650372
	65477  -  MemoryUsage of job (MB)
	67048000  -  ResidentSetSize of job (KB)
...
006 (2017287.000.000) 2025-01-30 03:47:59 Image size of job updated: 71715192
	66461  -  MemoryUsage of job (MB)
	68055896  -  ResidentSetSize of job (KB)
...
006 (2017287.000.000) 2025-01-30 03:52:59 Image size of job updated: 72842640
	67769  -  MemoryUsage of job (MB)
	69395412  -  ResidentSetSize of job (KB)
...
006 (2017287.000.000) 2025-01-30 03:57:59 Image size of job updated: 73982112
	68815  -  MemoryUsage of job (MB)
	70466004  -  ResidentSetSize of job (KB)
...
006 (2017287.000.000) 2025-01-30 03:58:35 Image size of job updated: 74038608
	68815  -  MemoryUsage of job (MB)
	70466004  -  ResidentSetSize of job (KB)
...
005 (2017287.000.000) 2025-01-30 03:58:35 Job terminated.
	(1) Normal termination (return value 0)
		Usr 0 02:47:23, Sys 0 00:24:09  -  Run Remote Usage
		Usr 0 00:00:00, Sys 0 00:00:00  -  Run Local Usage
		Usr 0 02:47:23, Sys 0 00:24:09  -  Total Remote Usage
		Usr 0 00:00:00, Sys 0 00:00:00  -  Total Local Usage
	0  -  Run Bytes Sent By Job
	0  -  Run Bytes Received By Job
	0  -  Total Bytes Sent By Job
	0  -  Total Bytes Received By Job
	Partitionable Resources :    Usage  Request Allocated 
	   Cpus                 :     1.01        1         1 
	   Disk (KB)            :     2           2   6681177 
	   Memory (MB)          : 68815      128192    128256 
	   xferslots            :                           0 

	Job terminated of its own accord at 2025-01-30T08:58:35Z with exit-code 0.
...
000 (2018733.000.000) 2025-02-02 20:32:14 Job submitted from host: <130.199.48.81:9618?addrs=130.199.48.81-9618&alias=rcas2062.rcf.bnl.gov&noUDP&sock=schedd_48563_ad09>
...
001 (2018733.000.000) 2025-02-02 20:34:58 Job executing on host: <130.199.186.72:9618?addrs=130.199.186.72-9618&alias=spool1835.sdcc.bnl.gov&noUDP&sock=startd_55689_f707>
...
006 (2018733.000.000) 2025-02-02 20:35:07 Image size of job updated: 148472
	78  -  MemoryUsage of job (MB)
	79744  -  ResidentSetSize of job (KB)
...
006 (2018733.000.000) 2025-02-02 20:37:38 Image size of job updated: 4000992
	78  -  MemoryUsage of job (MB)
	79860  -  ResidentSetSize of job (KB)
...
005 (2018733.000.000) 2025-02-02 20:37:38 Job terminated.
	(1) Normal termination (return value 0)
		Usr 0 00:02:14, Sys 0 00:00:06  -  Run Remote Usage
		Usr 0 00:00:00, Sys 0 00:00:00  -  Run Local Usage
		Usr 0 00:02:14, Sys 0 00:00:06  -  Total Remote Usage
		Usr 0 00:00:00, Sys 0 00:00:00  -  Total Local Usage
	0  -  Run Bytes Sent By Job
	0  -  Run Bytes Received By Job
	0  -  Total Bytes Sent By Job
	0  -  Total Bytes Received By Job
	Partitionable Resources :    Usage  Request Allocated 
	   Cpus                 :                 1         1 
	   Disk (KB)            :        2        2   6681637 
	   Memory (MB)          :       78   128192    128256 
	   xferslots            :                           0 

	Job terminated of its own accord at 2025-02-03T01:37:38Z with exit-code 0.
...
000 (2019117.000.000) 2025-02-02 20:56:45 Job submitted from host: <130.199.48.81:9618?addrs=130.199.48.81-9618&alias=rcas2062.rcf.bnl.gov&noUDP&sock=schedd_48563_ad09>
...
001 (2019117.000.000) 2025-02-02 20:57:43 Job executing on host: <130.199.150.97:9618?addrs=130.199.150.97-9618&alias=spool1578.sdcc.bnl.gov&noUDP&sock=startd_55995_cf62>
...
006 (2019117.000.000) 2025-02-02 20:57:52 Image size of job updated: 398408
	146  -  MemoryUsage of job (MB)
	149032  -  ResidentSetSize of job (KB)
...
006 (2019117.000.000) 2025-02-02 21:00:03 Image size of job updated: 4001004
	146  -  MemoryUsage of job (MB)
	149032  -  ResidentSetSize of job (KB)
...
005 (2019117.000.000) 2025-02-02 21:00:03 Job terminated.
	(1) Normal termination (return value 0)
		Usr 0 00:02:06, Sys 0 00:00:05  -  Run Remote Usage
		Usr 0 00:00:00, Sys 0 00:00:00  -  Run Local Usage
		Usr 0 00:02:06, Sys 0 00:00:05  -  Total Remote Usage
		Usr 0 00:00:00, Sys 0 00:00:00  -  Total Local Usage
	0  -  Run Bytes Sent By Job
	0  -  Run Bytes Received By Job
	0  -  Total Bytes Sent By Job
	0  -  Total Bytes Received By Job
	Partitionable Resources :    Usage  Request Allocated 
	   Cpus                 :                 1         1 
	   Disk (KB)            :        2        2   6681175 
	   Memory (MB)          :      146   128192    128256 
	   xferslots            :                           0 

	Job terminated of its own accord at 2025-02-03T02:00:03Z with exit-code 0.
...
000 (2019501.000.000) 2025-02-02 22:34:26 Job submitted from host: <130.199.48.81:9618?addrs=130.199.48.81-9618&alias=rcas2062.rcf.bnl.gov&noUDP&sock=schedd_48563_ad09>
...
001 (2019501.000.000) 2025-02-02 22:38:32 Job executing on host: <130.199.151.6:9618?addrs=130.199.151.6-9618&alias=spool1584.sdcc.bnl.gov&noUDP&sock=startd_2695_0870>
...
006 (2019501.000.000) 2025-02-02 22:38:40 Image size of job updated: 298408
	8  -  MemoryUsage of job (MB)
	7236  -  ResidentSetSize of job (KB)
...
006 (2019501.000.000) 2025-02-02 22:41:34 Image size of job updated: 4000992
	8  -  MemoryUsage of job (MB)
	7236  -  ResidentSetSize of job (KB)
...
005 (2019501.000.000) 2025-02-02 22:41:34 Job terminated.
	(1) Normal termination (return value 0)
		Usr 0 00:02:26, Sys 0 00:00:06  -  Run Remote Usage
		Usr 0 00:00:00, Sys 0 00:00:00  -  Run Local Usage
		Usr 0 00:02:26, Sys 0 00:00:06  -  Total Remote Usage
		Usr 0 00:00:00, Sys 0 00:00:00  -  Total Local Usage
	0  -  Run Bytes Sent By Job
	0  -  Run Bytes Received By Job
	0  -  Total Bytes Sent By Job
	0  -  Total Bytes Received By Job
	Partitionable Resources :    Usage  Request Allocated 
	   Cpus                 :                 1         1 
	   Disk (KB)            :        2        2   6681224 
	   Memory (MB)          :        8   128192    128256 
	   xferslots            :                           0 

	Job terminated of its own accord at 2025-02-03T03:41:34Z with exit-code 0.
...
