000 (2016936.000.000) 2025-01-28 23:07:55 Job submitted from host: <130.199.48.81:9618?addrs=130.199.48.81-9618&alias=rcas2062.rcf.bnl.gov&noUDP&sock=schedd_48563_ad09>
...
001 (2016936.000.000) 2025-01-28 23:11:34 Job executing on host: <130.199.186.30:9618?addrs=130.199.186.30-9618&alias=spool1827.sdcc.bnl.gov&noUDP&sock=startd_65822_ee79>
...
006 (2016936.000.000) 2025-01-28 23:11:43 Image size of job updated: 13592
	8  -  MemoryUsage of job (MB)
	7520  -  ResidentSetSize of job (KB)
...
006 (2016936.000.000) 2025-01-28 23:16:44 Image size of job updated: 5161504
	1183  -  MemoryUsage of job (MB)
	1210952  -  ResidentSetSize of job (KB)
...
006 (2016936.000.000) 2025-01-28 23:21:44 Image size of job updated: 6470928
	2350  -  MemoryUsage of job (MB)
	2405488  -  ResidentSetSize of job (KB)
...
006 (2016936.000.000) 2025-01-28 23:26:44 Image size of job updated: 7646352
	3425  -  MemoryUsage of job (MB)
	3506512  -  ResidentSetSize of job (KB)
...
006 (2016936.000.000) 2025-01-28 23:31:45 Image size of job updated: 8212612
	4291  -  MemoryUsage of job (MB)
	4393192  -  ResidentSetSize of job (KB)
...
006 (2016936.000.000) 2025-01-28 23:36:46 Image size of job updated: 9216716
	5255  -  MemoryUsage of job (MB)
	5380144  -  ResidentSetSize of job (KB)
...
006 (2016936.000.000) 2025-01-28 23:41:46 Image size of job updated: 10281804
	6334  -  MemoryUsage of job (MB)
	6485492  -  ResidentSetSize of job (KB)
...
006 (2016936.000.000) 2025-01-28 23:46:47 Image size of job updated: 11157472
	7247  -  MemoryUsage of job (MB)
	7420632  -  ResidentSetSize of job (KB)
...
006 (2016936.000.000) 2025-01-28 23:51:48 Image size of job updated: 12116192
	8137  -  MemoryUsage of job (MB)
	8331932  -  ResidentSetSize of job (KB)
...
006 (2016936.000.000) 2025-01-28 23:56:48 Image size of job updated: 13146160
	9199  -  MemoryUsage of job (MB)
	9419592  -  ResidentSetSize of job (KB)
...
006 (2016936.000.000) 2025-01-29 00:01:48 Image size of job updated: 14230008
	10273  -  MemoryUsage of job (MB)
	10519484  -  ResidentSetSize of job (KB)
...
006 (2016936.000.000) 2025-01-29 00:06:49 Image size of job updated: 15421996
	11271  -  MemoryUsage of job (MB)
	11540936  -  ResidentSetSize of job (KB)
...
006 (2016936.000.000) 2025-01-29 00:11:49 Image size of job updated: 16385720
	12199  -  MemoryUsage of job (MB)
	12490800  -  ResidentSetSize of job (KB)
...
006 (2016936.000.000) 2025-01-29 00:16:49 Image size of job updated: 17112776
	13337  -  MemoryUsage of job (MB)
	13656504  -  ResidentSetSize of job (KB)
...
006 (2016936.000.000) 2025-01-29 00:21:50 Image size of job updated: 17904856
	14143  -  MemoryUsage of job (MB)
	14481460  -  ResidentSetSize of job (KB)
...
006 (2016936.000.000) 2025-01-29 00:26:50 Image size of job updated: 19160152
	14843  -  MemoryUsage of job (MB)
	15198512  -  ResidentSetSize of job (KB)
...
006 (2016936.000.000) 2025-01-29 00:31:50 Image size of job updated: 19750412
	15940  -  MemoryUsage of job (MB)
	16322424  -  ResidentSetSize of job (KB)
...
006 (2016936.000.000) 2025-01-29 00:36:51 Image size of job updated: 20914984
	16742  -  MemoryUsage of job (MB)
	17142836  -  ResidentSetSize of job (KB)
...
006 (2016936.000.000) 2025-01-29 00:41:52 Image size of job updated: 21636448
	17752  -  MemoryUsage of job (MB)
	18177528  -  ResidentSetSize of job (KB)
...
006 (2016936.000.000) 2025-01-29 00:46:52 Image size of job updated: 23032560
	18430  -  MemoryUsage of job (MB)
	18871304  -  ResidentSetSize of job (KB)
...
006 (2016936.000.000) 2025-01-29 00:51:53 Image size of job updated: 23468636
	19295  -  MemoryUsage of job (MB)
	19757064  -  ResidentSetSize of job (KB)
...
006 (2016936.000.000) 2025-01-29 00:56:54 Image size of job updated: 24515264
	19988  -  MemoryUsage of job (MB)
	20466916  -  ResidentSetSize of job (KB)
...
006 (2016936.000.000) 2025-01-29 01:01:54 Image size of job updated: 25457536
	21025  -  MemoryUsage of job (MB)
	21529316  -  ResidentSetSize of job (KB)
...
006 (2016936.000.000) 2025-01-29 01:06:55 Image size of job updated: 26012464
	21794  -  MemoryUsage of job (MB)
	22316596  -  ResidentSetSize of job (KB)
...
006 (2016936.000.000) 2025-01-29 01:11:56 Image size of job updated: 26938132
	22627  -  MemoryUsage of job (MB)
	23169468  -  ResidentSetSize of job (KB)
...
006 (2016936.000.000) 2025-01-29 01:16:56 Image size of job updated: 27879448
	23686  -  MemoryUsage of job (MB)
	24253768  -  ResidentSetSize of job (KB)
...
006 (2016936.000.000) 2025-01-29 01:21:56 Image size of job updated: 28731016
	24604  -  MemoryUsage of job (MB)
	25194424  -  ResidentSetSize of job (KB)
...
006 (2016936.000.000) 2025-01-29 01:26:57 Image size of job updated: 29943424
	25504  -  MemoryUsage of job (MB)
	26115228  -  ResidentSetSize of job (KB)
...
006 (2016936.000.000) 2025-01-29 01:31:57 Image size of job updated: 30536328
	26415  -  MemoryUsage of job (MB)
	27048012  -  ResidentSetSize of job (KB)
...
006 (2016936.000.000) 2025-01-29 01:36:57 Image size of job updated: 31661364
	27294  -  MemoryUsage of job (MB)
	27948320  -  ResidentSetSize of job (KB)
...
006 (2016936.000.000) 2025-01-29 01:41:58 Image size of job updated: 32637216
	28149  -  MemoryUsage of job (MB)
	28824508  -  ResidentSetSize of job (KB)
...
006 (2016936.000.000) 2025-01-29 01:46:58 Image size of job updated: 33776408
	29025  -  MemoryUsage of job (MB)
	29720840  -  ResidentSetSize of job (KB)
...
006 (2016936.000.000) 2025-01-29 01:51:58 Image size of job updated: 34781216
	30074  -  MemoryUsage of job (MB)
	30795184  -  ResidentSetSize of job (KB)
...
006 (2016936.000.000) 2025-01-29 01:56:59 Image size of job updated: 35686588
	31324  -  MemoryUsage of job (MB)
	32075464  -  ResidentSetSize of job (KB)
...
006 (2016936.000.000) 2025-01-29 02:02:00 Image size of job updated: 36951308
	32120  -  MemoryUsage of job (MB)
	32890844  -  ResidentSetSize of job (KB)
...
006 (2016936.000.000) 2025-01-29 02:07:00 Image size of job updated: 37708712
	33305  -  MemoryUsage of job (MB)
	34103924  -  ResidentSetSize of job (KB)
...
006 (2016936.000.000) 2025-01-29 02:12:01 Image size of job updated: 39286748
	34441  -  MemoryUsage of job (MB)
	35267340  -  ResidentSetSize of job (KB)
...
006 (2016936.000.000) 2025-01-29 02:17:02 Image size of job updated: 40008708
	35380  -  MemoryUsage of job (MB)
	36228216  -  ResidentSetSize of job (KB)
...
006 (2016936.000.000) 2025-01-29 02:22:02 Image size of job updated: 40697500
	36429  -  MemoryUsage of job (MB)
	37303000  -  ResidentSetSize of job (KB)
...
006 (2016936.000.000) 2025-01-29 02:22:45 Image size of job updated: 41026600
	36429  -  MemoryUsage of job (MB)
	37303004  -  ResidentSetSize of job (KB)
...
005 (2016936.000.000) 2025-01-29 02:22:45 Job terminated.
	(1) Normal termination (return value 0)
		Usr 0 01:39:42, Sys 0 00:17:14  -  Run Remote Usage
		Usr 0 00:00:00, Sys 0 00:00:00  -  Run Local Usage
		Usr 0 01:39:42, Sys 0 00:17:14  -  Total Remote Usage
		Usr 0 00:00:00, Sys 0 00:00:00  -  Total Local Usage
	0  -  Run Bytes Sent By Job
	0  -  Run Bytes Received By Job
	0  -  Total Bytes Sent By Job
	0  -  Total Bytes Received By Job
	Partitionable Resources :    Usage  Request Allocated 
	   Cpus                 :     0.85        1         1 
	   Disk (KB)            :     2           2   6681626 
	   Memory (MB)          : 36429      128192    128256 
	   xferslots            :                           0 

	Job terminated of its own accord at 2025-01-29T07:22:45Z with exit-code 0.
...
000 (2017320.000.000) 2025-01-30 00:28:05 Job submitted from host: <130.199.48.81:9618?addrs=130.199.48.81-9618&alias=rcas2062.rcf.bnl.gov&noUDP&sock=schedd_48563_ad09>
...
001 (2017320.000.000) 2025-01-30 00:37:01 Job executing on host: <130.199.186.74:9618?addrs=130.199.186.74-9618&alias=spool1837.sdcc.bnl.gov&noUDP&sock=startd_53209_1386>
...
006 (2017320.000.000) 2025-01-30 00:37:10 Image size of job updated: 298672
	88  -  MemoryUsage of job (MB)
	89612  -  ResidentSetSize of job (KB)
...
006 (2017320.000.000) 2025-01-30 00:42:11 Image size of job updated: 5809812
	2167  -  MemoryUsage of job (MB)
	2218772  -  ResidentSetSize of job (KB)
...
006 (2017320.000.000) 2025-01-30 00:47:11 Image size of job updated: 8451504
	5101  -  MemoryUsage of job (MB)
	5223084  -  ResidentSetSize of job (KB)
...
006 (2017320.000.000) 2025-01-30 00:52:11 Image size of job updated: 11320632
	7710  -  MemoryUsage of job (MB)
	7894772  -  ResidentSetSize of job (KB)
...
006 (2017320.000.000) 2025-01-30 00:57:13 Image size of job updated: 14754220
	10814  -  MemoryUsage of job (MB)
	11072596  -  ResidentSetSize of job (KB)
...
006 (2017320.000.000) 2025-01-30 01:02:13 Image size of job updated: 17202164
	13605  -  MemoryUsage of job (MB)
	13930704  -  ResidentSetSize of job (KB)
...
006 (2017320.000.000) 2025-01-30 01:07:13 Image size of job updated: 19870224
	16054  -  MemoryUsage of job (MB)
	16438344  -  ResidentSetSize of job (KB)
...
006 (2017320.000.000) 2025-01-30 01:12:14 Image size of job updated: 22234388
	18420  -  MemoryUsage of job (MB)
	18861192  -  ResidentSetSize of job (KB)
...
006 (2017320.000.000) 2025-01-30 01:17:15 Image size of job updated: 24921544
	20747  -  MemoryUsage of job (MB)
	21244096  -  ResidentSetSize of job (KB)
...
006 (2017320.000.000) 2025-01-30 01:22:15 Image size of job updated: 27548460
	23251  -  MemoryUsage of job (MB)
	23808008  -  ResidentSetSize of job (KB)
...
006 (2017320.000.000) 2025-01-30 01:27:16 Image size of job updated: 30321796
	25908  -  MemoryUsage of job (MB)
	26529004  -  ResidentSetSize of job (KB)
...
006 (2017320.000.000) 2025-01-30 01:32:17 Image size of job updated: 32438224
	28101  -  MemoryUsage of job (MB)
	28775036  -  ResidentSetSize of job (KB)
...
006 (2017320.000.000) 2025-01-30 01:37:17 Image size of job updated: 34613368
	30062  -  MemoryUsage of job (MB)
	30783108  -  ResidentSetSize of job (KB)
...
006 (2017320.000.000) 2025-01-30 01:42:17 Image size of job updated: 36204004
	31999  -  MemoryUsage of job (MB)
	32766876  -  ResidentSetSize of job (KB)
...
006 (2017320.000.000) 2025-01-30 01:47:18 Image size of job updated: 38292540
	33872  -  MemoryUsage of job (MB)
	34684500  -  ResidentSetSize of job (KB)
...
006 (2017320.000.000) 2025-01-30 01:52:18 Image size of job updated: 40198444
	35769  -  MemoryUsage of job (MB)
	36627388  -  ResidentSetSize of job (KB)
...
006 (2017320.000.000) 2025-01-30 01:57:18 Image size of job updated: 41584424
	37146  -  MemoryUsage of job (MB)
	38037328  -  ResidentSetSize of job (KB)
...
006 (2017320.000.000) 2025-01-30 02:02:20 Image size of job updated: 43169908
	38833  -  MemoryUsage of job (MB)
	39764732  -  ResidentSetSize of job (KB)
...
006 (2017320.000.000) 2025-01-30 02:07:20 Image size of job updated: 44555304
	40021  -  MemoryUsage of job (MB)
	40980852  -  ResidentSetSize of job (KB)
...
006 (2017320.000.000) 2025-01-30 02:12:20 Image size of job updated: 46147956
	41172  -  MemoryUsage of job (MB)
	42159832  -  ResidentSetSize of job (KB)
...
006 (2017320.000.000) 2025-01-30 02:17:21 Image size of job updated: 47557216
	42567  -  MemoryUsage of job (MB)
	43588004  -  ResidentSetSize of job (KB)
...
006 (2017320.000.000) 2025-01-30 02:22:22 Image size of job updated: 48748884
	43951  -  MemoryUsage of job (MB)
	45005552  -  ResidentSetSize of job (KB)
...
006 (2017320.000.000) 2025-01-30 02:27:22 Image size of job updated: 49994352
	45144  -  MemoryUsage of job (MB)
	46227008  -  ResidentSetSize of job (KB)
...
006 (2017320.000.000) 2025-01-30 02:32:23 Image size of job updated: 51224992
	46444  -  MemoryUsage of job (MB)
	47558380  -  ResidentSetSize of job (KB)
...
006 (2017320.000.000) 2025-01-30 02:37:24 Image size of job updated: 52680160
	47995  -  MemoryUsage of job (MB)
	49146848  -  ResidentSetSize of job (KB)
...
006 (2017320.000.000) 2025-01-30 02:42:24 Image size of job updated: 54181356
	49391  -  MemoryUsage of job (MB)
	50575848  -  ResidentSetSize of job (KB)
...
006 (2017320.000.000) 2025-01-30 02:47:24 Image size of job updated: 55696968
	50671  -  MemoryUsage of job (MB)
	51887044  -  ResidentSetSize of job (KB)
...
006 (2017320.000.000) 2025-01-30 02:52:25 Image size of job updated: 56625300
	51874  -  MemoryUsage of job (MB)
	53118692  -  ResidentSetSize of job (KB)
...
006 (2017320.000.000) 2025-01-30 02:57:25 Image size of job updated: 58008020
	53117  -  MemoryUsage of job (MB)
	54391164  -  ResidentSetSize of job (KB)
...
006 (2017320.000.000) 2025-01-30 03:02:25 Image size of job updated: 59530924
	54253  -  MemoryUsage of job (MB)
	55554968  -  ResidentSetSize of job (KB)
...
006 (2017320.000.000) 2025-01-30 03:07:27 Image size of job updated: 60513492
	55665  -  MemoryUsage of job (MB)
	57000216  -  ResidentSetSize of job (KB)
...
006 (2017320.000.000) 2025-01-30 03:12:27 Image size of job updated: 62105344
	56991  -  MemoryUsage of job (MB)
	58357796  -  ResidentSetSize of job (KB)
...
006 (2017320.000.000) 2025-01-30 03:17:27 Image size of job updated: 63658368
	58230  -  MemoryUsage of job (MB)
	59626976  -  ResidentSetSize of job (KB)
...
006 (2017320.000.000) 2025-01-30 03:22:28 Image size of job updated: 64974932
	59685  -  MemoryUsage of job (MB)
	61116844  -  ResidentSetSize of job (KB)
...
006 (2017320.000.000) 2025-01-30 03:27:29 Image size of job updated: 66411520
	60997  -  MemoryUsage of job (MB)
	62460140  -  ResidentSetSize of job (KB)
...
006 (2017320.000.000) 2025-01-30 03:32:29 Image size of job updated: 67750480
	62476  -  MemoryUsage of job (MB)
	63974828  -  ResidentSetSize of job (KB)
...
006 (2017320.000.000) 2025-01-30 03:37:30 Image size of job updated: 68854748
	63613  -  MemoryUsage of job (MB)
	65139128  -  ResidentSetSize of job (KB)
...
006 (2017320.000.000) 2025-01-30 03:42:31 Image size of job updated: 70399228
	64984  -  MemoryUsage of job (MB)
	66543020  -  ResidentSetSize of job (KB)
...
006 (2017320.000.000) 2025-01-30 03:47:31 Image size of job updated: 71498360
	66171  -  MemoryUsage of job (MB)
	67758524  -  ResidentSetSize of job (KB)
...
006 (2017320.000.000) 2025-01-30 03:48:17 Image size of job updated: 71557164
	66171  -  MemoryUsage of job (MB)
	67758524  -  ResidentSetSize of job (KB)
...
005 (2017320.000.000) 2025-01-30 03:48:17 Job terminated.
	(1) Normal termination (return value 0)
		Usr 0 02:27:19, Sys 0 00:21:11  -  Run Remote Usage
		Usr 0 00:00:00, Sys 0 00:00:00  -  Run Local Usage
		Usr 0 02:27:19, Sys 0 00:21:11  -  Total Remote Usage
		Usr 0 00:00:00, Sys 0 00:00:00  -  Total Local Usage
	0  -  Run Bytes Sent By Job
	0  -  Run Bytes Received By Job
	0  -  Total Bytes Sent By Job
	0  -  Total Bytes Received By Job
	Partitionable Resources :    Usage  Request Allocated 
	   Cpus                 :     0.61        1         1 
	   Disk (KB)            :     2           2   6681612 
	   Memory (MB)          : 66171      128192    128256 
	   xferslots            :                           0 

	Job terminated of its own accord at 2025-01-30T08:48:17Z with exit-code 0.
...
000 (2018766.000.000) 2025-02-02 20:32:17 Job submitted from host: <130.199.48.81:9618?addrs=130.199.48.81-9618&alias=rcas2062.rcf.bnl.gov&noUDP&sock=schedd_48563_ad09>
...
001 (2018766.000.000) 2025-02-02 20:36:09 Job executing on host: <130.199.184.197:9618?addrs=130.199.184.197-9618&alias=spool1772.sdcc.bnl.gov&noUDP&sock=startd_55688_a602>
...
006 (2018766.000.000) 2025-02-02 20:36:17 Image size of job updated: 215672
	120  -  MemoryUsage of job (MB)
	122540  -  ResidentSetSize of job (KB)
...
006 (2018766.000.000) 2025-02-02 20:38:31 Image size of job updated: 4000872
	120  -  MemoryUsage of job (MB)
	122540  -  ResidentSetSize of job (KB)
...
005 (2018766.000.000) 2025-02-02 20:38:31 Job terminated.
	(1) Normal termination (return value 0)
		Usr 0 00:02:05, Sys 0 00:00:06  -  Run Remote Usage
		Usr 0 00:00:00, Sys 0 00:00:00  -  Run Local Usage
		Usr 0 00:02:05, Sys 0 00:00:06  -  Total Remote Usage
		Usr 0 00:00:00, Sys 0 00:00:00  -  Total Local Usage
	0  -  Run Bytes Sent By Job
	0  -  Run Bytes Received By Job
	0  -  Total Bytes Sent By Job
	0  -  Total Bytes Received By Job
	Partitionable Resources :    Usage  Request Allocated 
	   Cpus                 :                 1         1 
	   Disk (KB)            :        2        2   6681633 
	   Memory (MB)          :      120   128192    128256 
	   xferslots            :                           0 

	Job terminated of its own accord at 2025-02-03T01:38:31Z with exit-code 0.
...
000 (2019150.000.000) 2025-02-02 20:56:48 Job submitted from host: <130.199.48.81:9618?addrs=130.199.48.81-9618&alias=rcas2062.rcf.bnl.gov&noUDP&sock=schedd_48563_ad09>
...
001 (2019150.000.000) 2025-02-02 20:58:44 Job executing on host: <130.199.151.10:9618?addrs=130.199.151.10-9618&alias=spool1588.sdcc.bnl.gov&noUDP&sock=startd_5861_0831>
...
006 (2019150.000.000) 2025-02-02 20:58:53 Image size of job updated: 146204
	74  -  MemoryUsage of job (MB)
	75436  -  ResidentSetSize of job (KB)
...
006 (2019150.000.000) 2025-02-02 21:01:20 Image size of job updated: 4000860
	74  -  MemoryUsage of job (MB)
	75452  -  ResidentSetSize of job (KB)
...
005 (2019150.000.000) 2025-02-02 21:01:20 Job terminated.
	(1) Normal termination (return value 0)
		Usr 0 00:02:16, Sys 0 00:00:06  -  Run Remote Usage
		Usr 0 00:00:00, Sys 0 00:00:00  -  Run Local Usage
		Usr 0 00:02:16, Sys 0 00:00:06  -  Total Remote Usage
		Usr 0 00:00:00, Sys 0 00:00:00  -  Total Local Usage
	0  -  Run Bytes Sent By Job
	0  -  Run Bytes Received By Job
	0  -  Total Bytes Sent By Job
	0  -  Total Bytes Received By Job
	Partitionable Resources :    Usage  Request Allocated 
	   Cpus                 :     0.97        1         1 
	   Disk (KB)            :     2           2   6681234 
	   Memory (MB)          :    74      128192    128256 
	   xferslots            :                           0 

	Job terminated of its own accord at 2025-02-03T02:01:20Z with exit-code 0.
...
000 (2019534.000.000) 2025-02-02 22:34:29 Job submitted from host: <130.199.48.81:9618?addrs=130.199.48.81-9618&alias=rcas2062.rcf.bnl.gov&noUDP&sock=schedd_48563_ad09>
...
001 (2019534.000.000) 2025-02-02 22:39:34 Job executing on host: <130.199.186.93:9618?addrs=130.199.186.93-9618&alias=spool1856.sdcc.bnl.gov&noUDP&sock=startd_8097_b2a1>
...
006 (2019534.000.000) 2025-02-02 22:39:42 Image size of job updated: 298276
	8  -  MemoryUsage of job (MB)
	7256  -  ResidentSetSize of job (KB)
...
006 (2019534.000.000) 2025-02-02 22:42:29 Image size of job updated: 4000856
	8  -  MemoryUsage of job (MB)
	7256  -  ResidentSetSize of job (KB)
...
005 (2019534.000.000) 2025-02-02 22:42:29 Job terminated.
	(1) Normal termination (return value 0)
		Usr 0 00:02:20, Sys 0 00:00:06  -  Run Remote Usage
		Usr 0 00:00:00, Sys 0 00:00:00  -  Run Local Usage
		Usr 0 00:02:20, Sys 0 00:00:06  -  Total Remote Usage
		Usr 0 00:00:00, Sys 0 00:00:00  -  Total Local Usage
	0  -  Run Bytes Sent By Job
	0  -  Run Bytes Received By Job
	0  -  Total Bytes Sent By Job
	0  -  Total Bytes Received By Job
	Partitionable Resources :    Usage  Request Allocated 
	   Cpus                 :                 1         1 
	   Disk (KB)            :        2        2   6681628 
	   Memory (MB)          :        8   128192    128256 
	   xferslots            :                           0 

	Job terminated of its own accord at 2025-02-03T03:42:29Z with exit-code 0.
...
