000 (2017129.000.000) 2025-01-28 23:08:11 Job submitted from host: <130.199.48.81:9618?addrs=130.199.48.81-9618&alias=rcas2062.rcf.bnl.gov&noUDP&sock=schedd_48563_ad09>
...
001 (2017129.000.000) 2025-01-29 01:35:07 Job executing on host: <130.199.186.80:9618?addrs=130.199.186.80-9618&alias=spool1843.sdcc.bnl.gov&noUDP&sock=startd_11487_9708>
...
006 (2017129.000.000) 2025-01-29 01:35:15 Image size of job updated: 575092
	115  -  MemoryUsage of job (MB)
	116924  -  ResidentSetSize of job (KB)
...
006 (2017129.000.000) 2025-01-29 01:35:18 Image size of job updated: 2938568
	115  -  MemoryUsage of job (MB)
	116996  -  ResidentSetSize of job (KB)
...
005 (2017129.000.000) 2025-01-29 01:35:18 Job terminated.
	(1) Normal termination (return value 0)
		Usr 0 00:00:04, Sys 0 00:00:02  -  Run Remote Usage
		Usr 0 00:00:00, Sys 0 00:00:00  -  Run Local Usage
		Usr 0 00:00:04, Sys 0 00:00:02  -  Total Remote Usage
		Usr 0 00:00:00, Sys 0 00:00:00  -  Total Local Usage
	0  -  Run Bytes Sent By Job
	0  -  Run Bytes Received By Job
	0  -  Total Bytes Sent By Job
	0  -  Total Bytes Received By Job
	Partitionable Resources :    Usage  Request Allocated 
	   Cpus                 :                 1         1 
	   Disk (KB)            :        2        2   6681630 
	   Memory (MB)          :      115   128192    128256 
	   xferslots            :                           0 

	Job terminated of its own accord at 2025-01-29T06:35:18Z with exit-code 0.
...
000 (2017513.000.000) 2025-01-30 00:28:26 Job submitted from host: <130.199.48.81:9618?addrs=130.199.48.81-9618&alias=rcas2062.rcf.bnl.gov&noUDP&sock=schedd_48563_ad09>
...
001 (2017513.000.000) 2025-01-30 07:52:04 Job executing on host: <130.199.151.8:9618?addrs=130.199.151.8-9618&alias=spool1586.sdcc.bnl.gov&noUDP&sock=startd_10002_9b31>
...
006 (2017513.000.000) 2025-01-30 07:52:13 Image size of job updated: 298416
	7  -  MemoryUsage of job (MB)
	7060  -  ResidentSetSize of job (KB)
...
006 (2017513.000.000) 2025-01-30 07:57:14 Image size of job updated: 4727872
	973  -  MemoryUsage of job (MB)
	996084  -  ResidentSetSize of job (KB)
...
006 (2017513.000.000) 2025-01-30 08:02:14 Image size of job updated: 6894688
	3319  -  MemoryUsage of job (MB)
	3398196  -  ResidentSetSize of job (KB)
...
006 (2017513.000.000) 2025-01-30 08:07:14 Image size of job updated: 8930760
	5376  -  MemoryUsage of job (MB)
	5504580  -  ResidentSetSize of job (KB)
...
006 (2017513.000.000) 2025-01-30 08:12:15 Image size of job updated: 11642896
	7533  -  MemoryUsage of job (MB)
	7713616  -  ResidentSetSize of job (KB)
...
006 (2017513.000.000) 2025-01-30 08:17:15 Image size of job updated: 13454504
	9655  -  MemoryUsage of job (MB)
	9885792  -  ResidentSetSize of job (KB)
...
006 (2017513.000.000) 2025-01-30 08:22:15 Image size of job updated: 15100316
	11479  -  MemoryUsage of job (MB)
	11753848  -  ResidentSetSize of job (KB)
...
006 (2017513.000.000) 2025-01-30 08:27:17 Image size of job updated: 17211740
	13375  -  MemoryUsage of job (MB)
	13695056  -  ResidentSetSize of job (KB)
...
006 (2017513.000.000) 2025-01-30 08:32:17 Image size of job updated: 19255600
	15253  -  MemoryUsage of job (MB)
	15618572  -  ResidentSetSize of job (KB)
...
006 (2017513.000.000) 2025-01-30 08:37:17 Image size of job updated: 20607812
	16785  -  MemoryUsage of job (MB)
	17187128  -  ResidentSetSize of job (KB)
...
006 (2017513.000.000) 2025-01-30 08:42:18 Image size of job updated: 22788264
	18593  -  MemoryUsage of job (MB)
	19038724  -  ResidentSetSize of job (KB)
...
006 (2017513.000.000) 2025-01-30 08:47:19 Image size of job updated: 24177404
	20253  -  MemoryUsage of job (MB)
	20738760  -  ResidentSetSize of job (KB)
...
006 (2017513.000.000) 2025-01-30 08:52:19 Image size of job updated: 26269664
	21952  -  MemoryUsage of job (MB)
	22478300  -  ResidentSetSize of job (KB)
...
006 (2017513.000.000) 2025-01-30 08:57:20 Image size of job updated: 27320912
	23361  -  MemoryUsage of job (MB)
	23921408  -  ResidentSetSize of job (KB)
...
006 (2017513.000.000) 2025-01-30 09:02:21 Image size of job updated: 29019976
	25039  -  MemoryUsage of job (MB)
	25639460  -  ResidentSetSize of job (KB)
...
006 (2017513.000.000) 2025-01-30 09:07:21 Image size of job updated: 31298596
	26709  -  MemoryUsage of job (MB)
	27349612  -  ResidentSetSize of job (KB)
...
006 (2017513.000.000) 2025-01-30 09:12:21 Image size of job updated: 32947928
	28152  -  MemoryUsage of job (MB)
	28827628  -  ResidentSetSize of job (KB)
...
006 (2017513.000.000) 2025-01-30 09:17:22 Image size of job updated: 33293228
	29096  -  MemoryUsage of job (MB)
	29794020  -  ResidentSetSize of job (KB)
...
006 (2017513.000.000) 2025-01-30 09:22:22 Image size of job updated: 34187224
	29933  -  MemoryUsage of job (MB)
	30650456  -  ResidentSetSize of job (KB)
...
006 (2017513.000.000) 2025-01-30 09:27:22 Image size of job updated: 35646600
	30912  -  MemoryUsage of job (MB)
	31653372  -  ResidentSetSize of job (KB)
...
006 (2017513.000.000) 2025-01-30 09:32:23 Image size of job updated: 36159836
	31706  -  MemoryUsage of job (MB)
	32466516  -  ResidentSetSize of job (KB)
...
006 (2017513.000.000) 2025-01-30 09:37:24 Image size of job updated: 37213620
	32458  -  MemoryUsage of job (MB)
	33236912  -  ResidentSetSize of job (KB)
...
006 (2017513.000.000) 2025-01-30 09:42:24 Image size of job updated: 38160148
	33367  -  MemoryUsage of job (MB)
	34167156  -  ResidentSetSize of job (KB)
...
006 (2017513.000.000) 2025-01-30 09:47:25 Image size of job updated: 38863644
	34147  -  MemoryUsage of job (MB)
	34966176  -  ResidentSetSize of job (KB)
...
006 (2017513.000.000) 2025-01-30 09:52:26 Image size of job updated: 39359348
	34980  -  MemoryUsage of job (MB)
	35819100  -  ResidentSetSize of job (KB)
...
006 (2017513.000.000) 2025-01-30 09:57:26 Image size of job updated: 40861868
	35948  -  MemoryUsage of job (MB)
	36810092  -  ResidentSetSize of job (KB)
...
006 (2017513.000.000) 2025-01-30 10:09:54 Image size of job updated: 44402820
	39973  -  MemoryUsage of job (MB)
	40931676  -  ResidentSetSize of job (KB)
...
006 (2017513.000.000) 2025-01-30 10:32:20 Image size of job updated: 48653144
	43289  -  MemoryUsage of job (MB)
	44327440  -  ResidentSetSize of job (KB)
...
006 (2017513.000.000) 2025-01-30 10:50:17 Image size of job updated: 50891932
	45952  -  MemoryUsage of job (MB)
	47054344  -  ResidentSetSize of job (KB)
...
006 (2017513.000.000) 2025-01-30 11:01:03 Image size of job updated: 53241392
	47566  -  MemoryUsage of job (MB)
	48706664  -  ResidentSetSize of job (KB)
...
006 (2017513.000.000) 2025-01-30 11:07:31 Image size of job updated: 53833932
	48546  -  MemoryUsage of job (MB)
	49711104  -  ResidentSetSize of job (KB)
...
006 (2017513.000.000) 2025-01-30 11:12:32 Image size of job updated: 54617836
	49407  -  MemoryUsage of job (MB)
	50592524  -  ResidentSetSize of job (KB)
...
006 (2017513.000.000) 2025-01-30 11:17:33 Image size of job updated: 55677096
	50067  -  MemoryUsage of job (MB)
	51268324  -  ResidentSetSize of job (KB)
...
006 (2017513.000.000) 2025-01-30 11:22:33 Image size of job updated: 56486492
	50838  -  MemoryUsage of job (MB)
	52057920  -  ResidentSetSize of job (KB)
...
006 (2017513.000.000) 2025-01-30 11:27:34 Image size of job updated: 57432128
	51668  -  MemoryUsage of job (MB)
	52907428  -  ResidentSetSize of job (KB)
...
006 (2017513.000.000) 2025-01-30 11:32:35 Image size of job updated: 57936756
	52429  -  MemoryUsage of job (MB)
	53686428  -  ResidentSetSize of job (KB)
...
006 (2017513.000.000) 2025-01-30 11:37:35 Image size of job updated: 59077988
	53342  -  MemoryUsage of job (MB)
	54621552  -  ResidentSetSize of job (KB)
...
006 (2017513.000.000) 2025-01-30 11:42:36 Image size of job updated: 59644312
	54058  -  MemoryUsage of job (MB)
	55354400  -  ResidentSetSize of job (KB)
...
006 (2017513.000.000) 2025-01-30 11:47:36 Image size of job updated: 60702056
	54684  -  MemoryUsage of job (MB)
	55995976  -  ResidentSetSize of job (KB)
...
006 (2017513.000.000) 2025-01-30 11:52:36 Image size of job updated: 61054176
	55457  -  MemoryUsage of job (MB)
	56787356  -  ResidentSetSize of job (KB)
...
006 (2017513.000.000) 2025-01-30 11:57:37 Image size of job updated: 62061860
	56181  -  MemoryUsage of job (MB)
	57529164  -  ResidentSetSize of job (KB)
...
006 (2017513.000.000) 2025-01-30 12:02:38 Image size of job updated: 63111300
	57160  -  MemoryUsage of job (MB)
	58531832  -  ResidentSetSize of job (KB)
...
006 (2017513.000.000) 2025-01-30 12:07:38 Image size of job updated: 63907500
	58054  -  MemoryUsage of job (MB)
	59446336  -  ResidentSetSize of job (KB)
...
006 (2017513.000.000) 2025-01-30 12:12:39 Image size of job updated: 64638468
	58755  -  MemoryUsage of job (MB)
	60165060  -  ResidentSetSize of job (KB)
...
006 (2017513.000.000) 2025-01-30 12:17:40 Image size of job updated: 65424608
	59734  -  MemoryUsage of job (MB)
	61167312  -  ResidentSetSize of job (KB)
...
006 (2017513.000.000) 2025-01-30 12:22:40 Image size of job updated: 66719284
	60568  -  MemoryUsage of job (MB)
	62021464  -  ResidentSetSize of job (KB)
...
006 (2017513.000.000) 2025-01-30 12:27:40 Image size of job updated: 67406676
	61424  -  MemoryUsage of job (MB)
	62897872  -  ResidentSetSize of job (KB)
...
006 (2017513.000.000) 2025-01-30 12:32:41 Image size of job updated: 68421564
	62382  -  MemoryUsage of job (MB)
	63878288  -  ResidentSetSize of job (KB)
...
006 (2017513.000.000) 2025-01-30 12:37:41 Image size of job updated: 69369620
	63296  -  MemoryUsage of job (MB)
	64814168  -  ResidentSetSize of job (KB)
...
006 (2017513.000.000) 2025-01-30 12:42:41 Image size of job updated: 70207560
	64455  -  MemoryUsage of job (MB)
	66001032  -  ResidentSetSize of job (KB)
...
006 (2017513.000.000) 2025-01-30 12:47:43 Image size of job updated: 71263412
	65179  -  MemoryUsage of job (MB)
	66742312  -  ResidentSetSize of job (KB)
...
006 (2017513.000.000) 2025-01-30 12:52:43 Image size of job updated: 72308940
	65926  -  MemoryUsage of job (MB)
	67507856  -  ResidentSetSize of job (KB)
...
006 (2017513.000.000) 2025-01-30 12:57:43 Image size of job updated: 73164208
	66858  -  MemoryUsage of job (MB)
	68462468  -  ResidentSetSize of job (KB)
...
006 (2017513.000.000) 2025-01-30 13:02:44 Image size of job updated: 73782308
	67714  -  MemoryUsage of job (MB)
	69338148  -  ResidentSetSize of job (KB)
...
006 (2017513.000.000) 2025-01-30 13:07:37 Image size of job updated: 74676876
	67714  -  MemoryUsage of job (MB)
	69338148  -  ResidentSetSize of job (KB)
...
005 (2017513.000.000) 2025-01-30 13:07:37 Job terminated.
	(1) Normal termination (return value 0)
		Usr 0 03:25:28, Sys 0 00:33:05  -  Run Remote Usage
		Usr 0 00:00:00, Sys 0 00:00:00  -  Run Local Usage
		Usr 0 03:25:28, Sys 0 00:33:05  -  Total Remote Usage
		Usr 0 00:00:00, Sys 0 00:00:00  -  Total Local Usage
	0  -  Run Bytes Sent By Job
	0  -  Run Bytes Received By Job
	0  -  Total Bytes Sent By Job
	0  -  Total Bytes Received By Job
	Partitionable Resources :    Usage  Request Allocated 
	   Cpus                 :     0.66        1         1 
	   Disk (KB)            :     2           2   6681168 
	   Memory (MB)          : 67714      128192    128256 
	   xferslots            :                           0 

	Job terminated of its own accord at 2025-01-30T18:07:37Z with exit-code 0.
...
000 (2018959.000.000) 2025-02-02 20:32:37 Job submitted from host: <130.199.48.81:9618?addrs=130.199.48.81-9618&alias=rcas2062.rcf.bnl.gov&noUDP&sock=schedd_48563_ad09>
...
001 (2018959.000.000) 2025-02-02 20:40:54 Job executing on host: <130.199.186.31:9618?addrs=130.199.186.31-9618&alias=spool1828.sdcc.bnl.gov&noUDP&sock=startd_70860_651b>
...
006 (2018959.000.000) 2025-02-02 20:41:02 Image size of job updated: 354004
	79  -  MemoryUsage of job (MB)
	79916  -  ResidentSetSize of job (KB)
...
006 (2018959.000.000) 2025-02-02 20:43:41 Image size of job updated: 4000876
	79  -  MemoryUsage of job (MB)
	79920  -  ResidentSetSize of job (KB)
...
005 (2018959.000.000) 2025-02-02 20:43:41 Job terminated.
	(1) Normal termination (return value 0)
		Usr 0 00:02:22, Sys 0 00:00:06  -  Run Remote Usage
		Usr 0 00:00:00, Sys 0 00:00:00  -  Run Local Usage
		Usr 0 00:02:22, Sys 0 00:00:06  -  Total Remote Usage
		Usr 0 00:00:00, Sys 0 00:00:00  -  Total Local Usage
	0  -  Run Bytes Sent By Job
	0  -  Run Bytes Received By Job
	0  -  Total Bytes Sent By Job
	0  -  Total Bytes Received By Job
	Partitionable Resources :    Usage  Request Allocated 
	   Cpus                 :     0.96        1         1 
	   Disk (KB)            :     2           2   6681625 
	   Memory (MB)          :    79      128192    128256 
	   xferslots            :                           0 

	Job terminated of its own accord at 2025-02-03T01:43:41Z with exit-code 0.
...
000 (2019343.000.000) 2025-02-02 20:57:05 Job submitted from host: <130.199.48.81:9618?addrs=130.199.48.81-9618&alias=rcas2062.rcf.bnl.gov&noUDP&sock=schedd_48563_ad09>
...
001 (2019343.000.000) 2025-02-02 21:02:31 Job executing on host: <130.199.186.83:9618?addrs=130.199.186.83-9618&alias=spool1846.sdcc.bnl.gov&noUDP&sock=startd_39059_c7a7>
...
006 (2019343.000.000) 2025-02-02 21:02:40 Image size of job updated: 134872
	65  -  MemoryUsage of job (MB)
	66268  -  ResidentSetSize of job (KB)
...
006 (2019343.000.000) 2025-02-02 21:05:14 Image size of job updated: 4000880
	69  -  MemoryUsage of job (MB)
	70328  -  ResidentSetSize of job (KB)
...
005 (2019343.000.000) 2025-02-02 21:05:15 Job terminated.
	(1) Normal termination (return value 0)
		Usr 0 00:02:16, Sys 0 00:00:06  -  Run Remote Usage
		Usr 0 00:00:00, Sys 0 00:00:00  -  Run Local Usage
		Usr 0 00:02:16, Sys 0 00:00:06  -  Total Remote Usage
		Usr 0 00:00:00, Sys 0 00:00:00  -  Total Local Usage
	0  -  Run Bytes Sent By Job
	0  -  Run Bytes Received By Job
	0  -  Total Bytes Sent By Job
	0  -  Total Bytes Received By Job
	Partitionable Resources :    Usage  Request Allocated 
	   Cpus                 :     0.97        1         1 
	   Disk (KB)            :     2           2   6681625 
	   Memory (MB)          :    69      128192    128256 
	   xferslots            :                           0 

	Job terminated of its own accord at 2025-02-03T02:05:14Z with exit-code 0.
...
000 (2019727.000.000) 2025-02-02 22:34:46 Job submitted from host: <130.199.48.81:9618?addrs=130.199.48.81-9618&alias=rcas2062.rcf.bnl.gov&noUDP&sock=schedd_48563_ad09>
...
001 (2019727.000.000) 2025-02-02 22:45:42 Job executing on host: <130.199.186.93:9618?addrs=130.199.186.93-9618&alias=spool1856.sdcc.bnl.gov&noUDP&sock=startd_8097_b2a1>
...
006 (2019727.000.000) 2025-02-02 22:45:51 Image size of job updated: 299068
	44  -  MemoryUsage of job (MB)
	44704  -  ResidentSetSize of job (KB)
...
006 (2019727.000.000) 2025-02-02 22:48:43 Image size of job updated: 4000868
	44  -  MemoryUsage of job (MB)
	44712  -  ResidentSetSize of job (KB)
...
005 (2019727.000.000) 2025-02-02 22:48:43 Job terminated.
	(1) Normal termination (return value 0)
		Usr 0 00:02:20, Sys 0 00:00:06  -  Run Remote Usage
		Usr 0 00:00:00, Sys 0 00:00:00  -  Run Local Usage
		Usr 0 00:02:20, Sys 0 00:00:06  -  Total Remote Usage
		Usr 0 00:00:00, Sys 0 00:00:00  -  Total Local Usage
	0  -  Run Bytes Sent By Job
	0  -  Run Bytes Received By Job
	0  -  Total Bytes Sent By Job
	0  -  Total Bytes Received By Job
	Partitionable Resources :    Usage  Request Allocated 
	   Cpus                 :     0.94        1         1 
	   Disk (KB)            :     2           2   6681628 
	   Memory (MB)          :    44      128192    128256 
	   xferslots            :                           0 

	Job terminated of its own accord at 2025-02-03T03:48:43Z with exit-code 0.
...
