000 (2016868.000.000) 2025-01-28 23:07:49 Job submitted from host: <130.199.48.81:9618?addrs=130.199.48.81-9618&alias=rcas2062.rcf.bnl.gov&noUDP&sock=schedd_48563_ad09>
...
001 (2016868.000.000) 2025-01-28 23:08:58 Job executing on host: <130.199.151.2:9618?addrs=130.199.151.2-9618&alias=spool1580.sdcc.bnl.gov&noUDP&sock=startd_93239_10e0>
...
006 (2016868.000.000) 2025-01-28 23:09:06 Image size of job updated: 12756
	7  -  MemoryUsage of job (MB)
	6396  -  ResidentSetSize of job (KB)
...
006 (2016868.000.000) 2025-01-28 23:14:06 Image size of job updated: 5134320
	1384  -  MemoryUsage of job (MB)
	1416460  -  ResidentSetSize of job (KB)
...
006 (2016868.000.000) 2025-01-28 23:19:07 Image size of job updated: 6427724
	2605  -  MemoryUsage of job (MB)
	2667204  -  ResidentSetSize of job (KB)
...
006 (2016868.000.000) 2025-01-28 23:24:08 Image size of job updated: 7600032
	3781  -  MemoryUsage of job (MB)
	3871292  -  ResidentSetSize of job (KB)
...
006 (2016868.000.000) 2025-01-28 23:29:08 Image size of job updated: 9174412
	5036  -  MemoryUsage of job (MB)
	5156528  -  ResidentSetSize of job (KB)
...
006 (2016868.000.000) 2025-01-28 23:34:09 Image size of job updated: 10142548
	6226  -  MemoryUsage of job (MB)
	6375000  -  ResidentSetSize of job (KB)
...
006 (2016868.000.000) 2025-01-28 23:39:10 Image size of job updated: 11358884
	7237  -  MemoryUsage of job (MB)
	7409844  -  ResidentSetSize of job (KB)
...
006 (2016868.000.000) 2025-01-28 23:44:10 Image size of job updated: 12237228
	8160  -  MemoryUsage of job (MB)
	8355184  -  ResidentSetSize of job (KB)
...
006 (2016868.000.000) 2025-01-28 23:49:11 Image size of job updated: 13047360
	9284  -  MemoryUsage of job (MB)
	9506272  -  ResidentSetSize of job (KB)
...
006 (2016868.000.000) 2025-01-28 23:54:12 Image size of job updated: 14614908
	10371  -  MemoryUsage of job (MB)
	10618992  -  ResidentSetSize of job (KB)
...
006 (2016868.000.000) 2025-01-28 23:59:12 Image size of job updated: 15580196
	11569  -  MemoryUsage of job (MB)
	11846196  -  ResidentSetSize of job (KB)
...
006 (2016868.000.000) 2025-01-29 00:04:13 Image size of job updated: 16859004
	12545  -  MemoryUsage of job (MB)
	12845496  -  ResidentSetSize of job (KB)
...
006 (2016868.000.000) 2025-01-29 00:09:14 Image size of job updated: 17761108
	13664  -  MemoryUsage of job (MB)
	13990916  -  ResidentSetSize of job (KB)
...
006 (2016868.000.000) 2025-01-29 00:14:14 Image size of job updated: 18669548
	14596  -  MemoryUsage of job (MB)
	14945400  -  ResidentSetSize of job (KB)
...
006 (2016868.000.000) 2025-01-29 00:19:14 Image size of job updated: 19804648
	15592  -  MemoryUsage of job (MB)
	15965888  -  ResidentSetSize of job (KB)
...
006 (2016868.000.000) 2025-01-29 00:24:15 Image size of job updated: 20786592
	16554  -  MemoryUsage of job (MB)
	16951264  -  ResidentSetSize of job (KB)
...
006 (2016868.000.000) 2025-01-29 00:29:15 Image size of job updated: 21412616
	17225  -  MemoryUsage of job (MB)
	17638000  -  ResidentSetSize of job (KB)
...
006 (2016868.000.000) 2025-01-29 00:34:15 Image size of job updated: 22612548
	18367  -  MemoryUsage of job (MB)
	18807656  -  ResidentSetSize of job (KB)
...
006 (2016868.000.000) 2025-01-29 00:39:16 Image size of job updated: 23608048
	19347  -  MemoryUsage of job (MB)
	19811272  -  ResidentSetSize of job (KB)
...
006 (2016868.000.000) 2025-01-29 00:44:16 Image size of job updated: 24241356
	19971  -  MemoryUsage of job (MB)
	20449676  -  ResidentSetSize of job (KB)
...
006 (2016868.000.000) 2025-01-29 00:49:17 Image size of job updated: 25514440
	20898  -  MemoryUsage of job (MB)
	21398672  -  ResidentSetSize of job (KB)
...
006 (2016868.000.000) 2025-01-29 00:54:18 Image size of job updated: 26207816
	21674  -  MemoryUsage of job (MB)
	22193240  -  ResidentSetSize of job (KB)
...
006 (2016868.000.000) 2025-01-29 00:59:18 Image size of job updated: 27328340
	22732  -  MemoryUsage of job (MB)
	23277208  -  ResidentSetSize of job (KB)
...
006 (2016868.000.000) 2025-01-29 01:04:19 Image size of job updated: 28192668
	23477  -  MemoryUsage of job (MB)
	24040004  -  ResidentSetSize of job (KB)
...
006 (2016868.000.000) 2025-01-29 01:09:20 Image size of job updated: 28946580
	24351  -  MemoryUsage of job (MB)
	24934800  -  ResidentSetSize of job (KB)
...
006 (2016868.000.000) 2025-01-29 01:14:20 Image size of job updated: 30023124
	25539  -  MemoryUsage of job (MB)
	26151144  -  ResidentSetSize of job (KB)
...
006 (2016868.000.000) 2025-01-29 01:19:20 Image size of job updated: 30791436
	26578  -  MemoryUsage of job (MB)
	27214920  -  ResidentSetSize of job (KB)
...
006 (2016868.000.000) 2025-01-29 01:24:21 Image size of job updated: 31740376
	27525  -  MemoryUsage of job (MB)
	28185276  -  ResidentSetSize of job (KB)
...
006 (2016868.000.000) 2025-01-29 01:29:21 Image size of job updated: 33218040
	28492  -  MemoryUsage of job (MB)
	29175764  -  ResidentSetSize of job (KB)
...
006 (2016868.000.000) 2025-01-29 01:34:21 Image size of job updated: 33895336
	29502  -  MemoryUsage of job (MB)
	30209192  -  ResidentSetSize of job (KB)
...
006 (2016868.000.000) 2025-01-29 01:39:22 Image size of job updated: 35174760
	30311  -  MemoryUsage of job (MB)
	31037956  -  ResidentSetSize of job (KB)
...
006 (2016868.000.000) 2025-01-29 01:44:23 Image size of job updated: 36187980
	31344  -  MemoryUsage of job (MB)
	32095640  -  ResidentSetSize of job (KB)
...
006 (2016868.000.000) 2025-01-29 01:49:23 Image size of job updated: 37334900
	32023  -  MemoryUsage of job (MB)
	32790844  -  ResidentSetSize of job (KB)
...
006 (2016868.000.000) 2025-01-29 01:54:24 Image size of job updated: 38344440
	32833  -  MemoryUsage of job (MB)
	33620000  -  ResidentSetSize of job (KB)
...
006 (2016868.000.000) 2025-01-29 01:59:25 Image size of job updated: 38667196
	33558  -  MemoryUsage of job (MB)
	34363364  -  ResidentSetSize of job (KB)
...
006 (2016868.000.000) 2025-01-29 02:04:13 Image size of job updated: 39688064
	33558  -  MemoryUsage of job (MB)
	34363364  -  ResidentSetSize of job (KB)
...
005 (2016868.000.000) 2025-01-29 02:04:13 Job terminated.
	(1) Normal termination (return value 0)
		Usr 0 01:36:44, Sys 0 00:17:34  -  Run Remote Usage
		Usr 0 00:00:00, Sys 0 00:00:00  -  Run Local Usage
		Usr 0 01:36:44, Sys 0 00:17:34  -  Total Remote Usage
		Usr 0 00:00:00, Sys 0 00:00:00  -  Total Local Usage
	0  -  Run Bytes Sent By Job
	0  -  Run Bytes Received By Job
	0  -  Total Bytes Sent By Job
	0  -  Total Bytes Received By Job
	Partitionable Resources :    Usage  Request Allocated 
	   Cpus                 :     0.69        1         1 
	   Disk (KB)            :     2           2   6681235 
	   Memory (MB)          : 33558      128192    128256 
	   xferslots            :                           0 

	Job terminated of its own accord at 2025-01-29T07:04:13Z with exit-code 0.
...
000 (2017252.000.000) 2025-01-30 00:27:57 Job submitted from host: <130.199.48.81:9618?addrs=130.199.48.81-9618&alias=rcas2062.rcf.bnl.gov&noUDP&sock=schedd_48563_ad09>
...
001 (2017252.000.000) 2025-01-30 00:29:51 Job executing on host: <130.199.186.79:9618?addrs=130.199.186.79-9618&alias=spool1842.sdcc.bnl.gov&noUDP&sock=startd_86178_593b>
...
006 (2017252.000.000) 2025-01-30 00:29:59 Image size of job updated: 324624
	77  -  MemoryUsage of job (MB)
	78652  -  ResidentSetSize of job (KB)
...
006 (2017252.000.000) 2025-01-30 00:34:59 Image size of job updated: 5452572
	1691  -  MemoryUsage of job (MB)
	1731256  -  ResidentSetSize of job (KB)
...
006 (2017252.000.000) 2025-01-30 00:40:00 Image size of job updated: 7613616
	4106  -  MemoryUsage of job (MB)
	4203912  -  ResidentSetSize of job (KB)
...
006 (2017252.000.000) 2025-01-30 00:45:01 Image size of job updated: 10236932
	6445  -  MemoryUsage of job (MB)
	6599304  -  ResidentSetSize of job (KB)
...
006 (2017252.000.000) 2025-01-30 00:50:01 Image size of job updated: 11839260
	8307  -  MemoryUsage of job (MB)
	8506008  -  ResidentSetSize of job (KB)
...
006 (2017252.000.000) 2025-01-30 00:55:02 Image size of job updated: 14318672
	10663  -  MemoryUsage of job (MB)
	10917940  -  ResidentSetSize of job (KB)
...
006 (2017252.000.000) 2025-01-30 01:00:03 Image size of job updated: 16526616
	12617  -  MemoryUsage of job (MB)
	12919496  -  ResidentSetSize of job (KB)
...
006 (2017252.000.000) 2025-01-30 01:05:03 Image size of job updated: 18690304
	14743  -  MemoryUsage of job (MB)
	15096768  -  ResidentSetSize of job (KB)
...
006 (2017252.000.000) 2025-01-30 01:10:03 Image size of job updated: 20541144
	16732  -  MemoryUsage of job (MB)
	17132684  -  ResidentSetSize of job (KB)
...
006 (2017252.000.000) 2025-01-30 01:15:04 Image size of job updated: 22552312
	18410  -  MemoryUsage of job (MB)
	18851200  -  ResidentSetSize of job (KB)
...
006 (2017252.000.000) 2025-01-30 01:20:04 Image size of job updated: 24102748
	19636  -  MemoryUsage of job (MB)
	20106500  -  ResidentSetSize of job (KB)
...
006 (2017252.000.000) 2025-01-30 01:25:04 Image size of job updated: 25209572
	21343  -  MemoryUsage of job (MB)
	21854796  -  ResidentSetSize of job (KB)
...
006 (2017252.000.000) 2025-01-30 01:30:05 Image size of job updated: 26782884
	22725  -  MemoryUsage of job (MB)
	23270048  -  ResidentSetSize of job (KB)
...
006 (2017252.000.000) 2025-01-30 01:35:05 Image size of job updated: 28436188
	23949  -  MemoryUsage of job (MB)
	24523640  -  ResidentSetSize of job (KB)
...
006 (2017252.000.000) 2025-01-30 01:40:05 Image size of job updated: 29266504
	25047  -  MemoryUsage of job (MB)
	25647216  -  ResidentSetSize of job (KB)
...
006 (2017252.000.000) 2025-01-30 01:45:06 Image size of job updated: 30915548
	26732  -  MemoryUsage of job (MB)
	27373444  -  ResidentSetSize of job (KB)
...
006 (2017252.000.000) 2025-01-30 01:50:07 Image size of job updated: 32012096
	27865  -  MemoryUsage of job (MB)
	28533480  -  ResidentSetSize of job (KB)
...
006 (2017252.000.000) 2025-01-30 01:55:07 Image size of job updated: 33227684
	28755  -  MemoryUsage of job (MB)
	29444616  -  ResidentSetSize of job (KB)
...
006 (2017252.000.000) 2025-01-30 02:00:08 Image size of job updated: 34145788
	29802  -  MemoryUsage of job (MB)
	30516576  -  ResidentSetSize of job (KB)
...
006 (2017252.000.000) 2025-01-30 02:05:09 Image size of job updated: 35221028
	30811  -  MemoryUsage of job (MB)
	31550032  -  ResidentSetSize of job (KB)
...
006 (2017252.000.000) 2025-01-30 02:10:09 Image size of job updated: 36903000
	32008  -  MemoryUsage of job (MB)
	32776152  -  ResidentSetSize of job (KB)
...
006 (2017252.000.000) 2025-01-30 02:15:10 Image size of job updated: 37261656
	33011  -  MemoryUsage of job (MB)
	33802392  -  ResidentSetSize of job (KB)
...
006 (2017252.000.000) 2025-01-30 02:20:11 Image size of job updated: 38387828
	33778  -  MemoryUsage of job (MB)
	34588236  -  ResidentSetSize of job (KB)
...
006 (2017252.000.000) 2025-01-30 02:25:11 Image size of job updated: 38822300
	34447  -  MemoryUsage of job (MB)
	35273044  -  ResidentSetSize of job (KB)
...
006 (2017252.000.000) 2025-01-30 02:30:11 Image size of job updated: 39552412
	35257  -  MemoryUsage of job (MB)
	36102960  -  ResidentSetSize of job (KB)
...
006 (2017252.000.000) 2025-01-30 02:35:12 Image size of job updated: 41029784
	36227  -  MemoryUsage of job (MB)
	37095604  -  ResidentSetSize of job (KB)
...
006 (2017252.000.000) 2025-01-30 02:40:12 Image size of job updated: 41459248
	37151  -  MemoryUsage of job (MB)
	38042228  -  ResidentSetSize of job (KB)
...
006 (2017252.000.000) 2025-01-30 02:45:12 Image size of job updated: 42494016
	38008  -  MemoryUsage of job (MB)
	38920188  -  ResidentSetSize of job (KB)
...
006 (2017252.000.000) 2025-01-30 02:50:13 Image size of job updated: 43962680
	38848  -  MemoryUsage of job (MB)
	39779732  -  ResidentSetSize of job (KB)
...
006 (2017252.000.000) 2025-01-30 02:55:14 Image size of job updated: 44521960
	39886  -  MemoryUsage of job (MB)
	40843056  -  ResidentSetSize of job (KB)
...
006 (2017252.000.000) 2025-01-30 03:00:14 Image size of job updated: 45500712
	40665  -  MemoryUsage of job (MB)
	41640748  -  ResidentSetSize of job (KB)
...
006 (2017252.000.000) 2025-01-30 03:05:15 Image size of job updated: 46441372
	41747  -  MemoryUsage of job (MB)
	42748848  -  ResidentSetSize of job (KB)
...
006 (2017252.000.000) 2025-01-30 03:10:15 Image size of job updated: 47103908
	42301  -  MemoryUsage of job (MB)
	43315404  -  ResidentSetSize of job (KB)
...
006 (2017252.000.000) 2025-01-30 03:15:15 Image size of job updated: 47838012
	43314  -  MemoryUsage of job (MB)
	44352824  -  ResidentSetSize of job (KB)
...
006 (2017252.000.000) 2025-01-30 03:20:16 Image size of job updated: 48798292
	43988  -  MemoryUsage of job (MB)
	45042820  -  ResidentSetSize of job (KB)
...
006 (2017252.000.000) 2025-01-30 03:25:17 Image size of job updated: 49977468
	44979  -  MemoryUsage of job (MB)
	46058364  -  ResidentSetSize of job (KB)
...
006 (2017252.000.000) 2025-01-30 03:30:17 Image size of job updated: 50666752
	45688  -  MemoryUsage of job (MB)
	46784416  -  ResidentSetSize of job (KB)
...
006 (2017252.000.000) 2025-01-30 03:35:18 Image size of job updated: 51330200
	46629  -  MemoryUsage of job (MB)
	47748040  -  ResidentSetSize of job (KB)
...
006 (2017252.000.000) 2025-01-30 03:40:19 Image size of job updated: 52192776
	47543  -  MemoryUsage of job (MB)
	48683788  -  ResidentSetSize of job (KB)
...
006 (2017252.000.000) 2025-01-30 03:45:19 Image size of job updated: 53200672
	48258  -  MemoryUsage of job (MB)
	49415472  -  ResidentSetSize of job (KB)
...
006 (2017252.000.000) 2025-01-30 03:50:19 Image size of job updated: 53863792
	49008  -  MemoryUsage of job (MB)
	50183428  -  ResidentSetSize of job (KB)
...
006 (2017252.000.000) 2025-01-30 03:55:20 Image size of job updated: 54955600
	49753  -  MemoryUsage of job (MB)
	50946340  -  ResidentSetSize of job (KB)
...
006 (2017252.000.000) 2025-01-30 04:00:20 Image size of job updated: 55685092
	50600  -  MemoryUsage of job (MB)
	51814180  -  ResidentSetSize of job (KB)
...
006 (2017252.000.000) 2025-01-30 04:05:20 Image size of job updated: 56290620
	51353  -  MemoryUsage of job (MB)
	52584772  -  ResidentSetSize of job (KB)
...
006 (2017252.000.000) 2025-01-30 04:10:21 Image size of job updated: 57233524
	52218  -  MemoryUsage of job (MB)
	53471084  -  ResidentSetSize of job (KB)
...
006 (2017252.000.000) 2025-01-30 04:15:21 Image size of job updated: 57981428
	53050  -  MemoryUsage of job (MB)
	54322420  -  ResidentSetSize of job (KB)
...
006 (2017252.000.000) 2025-01-30 04:20:21 Image size of job updated: 58891628
	53869  -  MemoryUsage of job (MB)
	55161208  -  ResidentSetSize of job (KB)
...
006 (2017252.000.000) 2025-01-30 04:25:22 Image size of job updated: 59399136
	54529  -  MemoryUsage of job (MB)
	55837232  -  ResidentSetSize of job (KB)
...
006 (2017252.000.000) 2025-01-30 04:30:23 Image size of job updated: 60662180
	55461  -  MemoryUsage of job (MB)
	56791180  -  ResidentSetSize of job (KB)
...
006 (2017252.000.000) 2025-01-30 04:35:23 Image size of job updated: 61316824
	56106  -  MemoryUsage of job (MB)
	57451776  -  ResidentSetSize of job (KB)
...
006 (2017252.000.000) 2025-01-30 04:40:24 Image size of job updated: 62525064
	57004  -  MemoryUsage of job (MB)
	58371284  -  ResidentSetSize of job (KB)
...
006 (2017252.000.000) 2025-01-30 04:45:25 Image size of job updated: 62894004
	58104  -  MemoryUsage of job (MB)
	59498040  -  ResidentSetSize of job (KB)
...
006 (2017252.000.000) 2025-01-30 04:50:25 Image size of job updated: 64248132
	58840  -  MemoryUsage of job (MB)
	60251976  -  ResidentSetSize of job (KB)
...
006 (2017252.000.000) 2025-01-30 04:55:25 Image size of job updated: 64911392
	59756  -  MemoryUsage of job (MB)
	61189776  -  ResidentSetSize of job (KB)
...
006 (2017252.000.000) 2025-01-30 05:00:26 Image size of job updated: 65984256
	60659  -  MemoryUsage of job (MB)
	62114364  -  ResidentSetSize of job (KB)
...
006 (2017252.000.000) 2025-01-30 05:05:26 Image size of job updated: 66650060
	61472  -  MemoryUsage of job (MB)
	62946336  -  ResidentSetSize of job (KB)
...
006 (2017252.000.000) 2025-01-30 05:10:26 Image size of job updated: 67713964
	62475  -  MemoryUsage of job (MB)
	63974044  -  ResidentSetSize of job (KB)
...
006 (2017252.000.000) 2025-01-30 05:15:27 Image size of job updated: 68694932
	63230  -  MemoryUsage of job (MB)
	64747056  -  ResidentSetSize of job (KB)
...
006 (2017252.000.000) 2025-01-30 05:20:27 Image size of job updated: 69633744
	64292  -  MemoryUsage of job (MB)
	65834696  -  ResidentSetSize of job (KB)
...
006 (2017252.000.000) 2025-01-30 05:25:27 Image size of job updated: 70329920
	65235  -  MemoryUsage of job (MB)
	66800492  -  ResidentSetSize of job (KB)
...
006 (2017252.000.000) 2025-01-30 05:30:29 Image size of job updated: 71805080
	66570  -  MemoryUsage of job (MB)
	68167204  -  ResidentSetSize of job (KB)
...
006 (2017252.000.000) 2025-01-30 05:35:29 Image size of job updated: 73115436
	67775  -  MemoryUsage of job (MB)
	69400928  -  ResidentSetSize of job (KB)
...
006 (2017252.000.000) 2025-01-30 05:40:29 Image size of job updated: 74403908
	68613  -  MemoryUsage of job (MB)
	70259020  -  ResidentSetSize of job (KB)
...
006 (2017252.000.000) 2025-01-30 05:45:30 Image size of job updated: 74949128
	69769  -  MemoryUsage of job (MB)
	71442532  -  ResidentSetSize of job (KB)
...
006 (2017252.000.000) 2025-01-30 05:50:07 Image size of job updated: 76452284
	69769  -  MemoryUsage of job (MB)
	71443180  -  ResidentSetSize of job (KB)
...
005 (2017252.000.000) 2025-01-30 05:50:07 Job terminated.
	(1) Normal termination (return value 0)
		Usr 0 03:29:45, Sys 0 00:31:38  -  Run Remote Usage
		Usr 0 00:00:00, Sys 0 00:00:00  -  Run Local Usage
		Usr 0 03:29:45, Sys 0 00:31:38  -  Total Remote Usage
		Usr 0 00:00:00, Sys 0 00:00:00  -  Total Local Usage
	0  -  Run Bytes Sent By Job
	0  -  Run Bytes Received By Job
	0  -  Total Bytes Sent By Job
	0  -  Total Bytes Received By Job
	Partitionable Resources :    Usage  Request Allocated 
	   Cpus                 :     0.88        1         1 
	   Disk (KB)            :     2           2   6681620 
	   Memory (MB)          : 69769      128192    128256 
	   xferslots            :                           0 

	Job terminated of its own accord at 2025-01-30T10:50:07Z with exit-code 0.
...
000 (2018698.000.000) 2025-02-02 20:32:10 Job submitted from host: <130.199.48.81:9618?addrs=130.199.48.81-9618&alias=rcas2062.rcf.bnl.gov&noUDP&sock=schedd_48563_ad09>
...
001 (2018698.000.000) 2025-02-02 20:33:55 Job executing on host: <130.199.150.66:9618?addrs=130.199.150.66-9618&alias=spool1547.sdcc.bnl.gov&noUDP&sock=startd_39523_a14a>
...
006 (2018698.000.000) 2025-02-02 20:34:04 Image size of job updated: 383588
	95  -  MemoryUsage of job (MB)
	97264  -  ResidentSetSize of job (KB)
...
006 (2018698.000.000) 2025-02-02 20:36:30 Image size of job updated: 4000924
	95  -  MemoryUsage of job (MB)
	97264  -  ResidentSetSize of job (KB)
...
005 (2018698.000.000) 2025-02-02 20:36:30 Job terminated.
	(1) Normal termination (return value 0)
		Usr 0 00:02:14, Sys 0 00:00:05  -  Run Remote Usage
		Usr 0 00:00:00, Sys 0 00:00:00  -  Run Local Usage
		Usr 0 00:02:14, Sys 0 00:00:05  -  Total Remote Usage
		Usr 0 00:00:00, Sys 0 00:00:00  -  Total Local Usage
	0  -  Run Bytes Sent By Job
	0  -  Run Bytes Received By Job
	0  -  Total Bytes Sent By Job
	0  -  Total Bytes Received By Job
	Partitionable Resources :    Usage  Request Allocated 
	   Cpus                 :                 1         1 
	   Disk (KB)            :        2        2   6681236 
	   Memory (MB)          :       95   128192    128256 
	   xferslots            :                           0 

	Job terminated of its own accord at 2025-02-03T01:36:30Z with exit-code 0.
...
000 (2019082.000.000) 2025-02-02 20:56:42 Job submitted from host: <130.199.48.81:9618?addrs=130.199.48.81-9618&alias=rcas2062.rcf.bnl.gov&noUDP&sock=schedd_48563_ad09>
...
001 (2019082.000.000) 2025-02-02 20:57:23 Job executing on host: <130.199.151.14:9618?addrs=130.199.151.14-9618&alias=spool1592.sdcc.bnl.gov&noUDP&sock=startd_20225_0e81>
...
006 (2019082.000.000) 2025-02-02 20:57:31 Image size of job updated: 180640
	107  -  MemoryUsage of job (MB)
	108784  -  ResidentSetSize of job (KB)
...
006 (2019082.000.000) 2025-02-02 20:59:43 Image size of job updated: 4000916
	107  -  MemoryUsage of job (MB)
	108784  -  ResidentSetSize of job (KB)
...
005 (2019082.000.000) 2025-02-02 20:59:43 Job terminated.
	(1) Normal termination (return value 0)
		Usr 0 00:02:06, Sys 0 00:00:05  -  Run Remote Usage
		Usr 0 00:00:00, Sys 0 00:00:00  -  Run Local Usage
		Usr 0 00:02:06, Sys 0 00:00:05  -  Total Remote Usage
		Usr 0 00:00:00, Sys 0 00:00:00  -  Total Local Usage
	0  -  Run Bytes Sent By Job
	0  -  Run Bytes Received By Job
	0  -  Total Bytes Sent By Job
	0  -  Total Bytes Received By Job
	Partitionable Resources :    Usage  Request Allocated 
	   Cpus                 :     0.97        1         1 
	   Disk (KB)            :     2           2   6681234 
	   Memory (MB)          :   107      128192    128256 
	   xferslots            :                           0 

	Job terminated of its own accord at 2025-02-03T01:59:43Z with exit-code 0.
...
000 (2019466.000.000) 2025-02-02 22:34:23 Job submitted from host: <130.199.48.81:9618?addrs=130.199.48.81-9618&alias=rcas2062.rcf.bnl.gov&noUDP&sock=schedd_48563_ad09>
...
001 (2019466.000.000) 2025-02-02 22:36:49 Job executing on host: <130.199.186.81:9618?addrs=130.199.186.81-9618&alias=spool1844.sdcc.bnl.gov&noUDP&sock=startd_45408_2883>
...
006 (2019466.000.000) 2025-02-02 22:36:58 Image size of job updated: 298276
	7  -  MemoryUsage of job (MB)
	7160  -  ResidentSetSize of job (KB)
...
006 (2019466.000.000) 2025-02-02 22:39:47 Image size of job updated: 4000916
	7  -  MemoryUsage of job (MB)
	7160  -  ResidentSetSize of job (KB)
...
005 (2019466.000.000) 2025-02-02 22:39:47 Job terminated.
	(1) Normal termination (return value 0)
		Usr 0 00:02:22, Sys 0 00:00:06  -  Run Remote Usage
		Usr 0 00:00:00, Sys 0 00:00:00  -  Run Local Usage
		Usr 0 00:02:22, Sys 0 00:00:06  -  Total Remote Usage
		Usr 0 00:00:00, Sys 0 00:00:00  -  Total Local Usage
	0  -  Run Bytes Sent By Job
	0  -  Run Bytes Received By Job
	0  -  Total Bytes Sent By Job
	0  -  Total Bytes Received By Job
	Partitionable Resources :    Usage  Request Allocated 
	   Cpus                 :                 1         1 
	   Disk (KB)            :        2        2   6681648 
	   Memory (MB)          :        7   128192    128256 
	   xferslots            :                           0 

	Job terminated of its own accord at 2025-02-03T03:39:47Z with exit-code 0.
...
