000 (2017157.000.000) 2025-01-28 23:08:14 Job submitted from host: <130.199.48.81:9618?addrs=130.199.48.81-9618&alias=rcas2062.rcf.bnl.gov&noUDP&sock=schedd_48563_ad09>
...
001 (2017157.000.000) 2025-01-29 01:36:19 Job executing on host: <130.199.186.80:9618?addrs=130.199.186.80-9618&alias=spool1843.sdcc.bnl.gov&noUDP&sock=startd_11487_9708>
...
006 (2017157.000.000) 2025-01-29 01:36:28 Image size of job updated: 215956
	119  -  MemoryUsage of job (MB)
	120908  -  ResidentSetSize of job (KB)
...
006 (2017157.000.000) 2025-01-29 01:36:32 Image size of job updated: 252424
	119  -  MemoryUsage of job (MB)
	120920  -  ResidentSetSize of job (KB)
...
005 (2017157.000.000) 2025-01-29 01:36:32 Job terminated.
	(1) Normal termination (return value 0)
		Usr 0 00:00:04, Sys 0 00:00:02  -  Run Remote Usage
		Usr 0 00:00:00, Sys 0 00:00:00  -  Run Local Usage
		Usr 0 00:00:04, Sys 0 00:00:02  -  Total Remote Usage
		Usr 0 00:00:00, Sys 0 00:00:00  -  Total Local Usage
	0  -  Run Bytes Sent By Job
	0  -  Run Bytes Received By Job
	0  -  Total Bytes Sent By Job
	0  -  Total Bytes Received By Job
	Partitionable Resources :    Usage  Request Allocated 
	   Cpus                 :        0        1         1 
	   Disk (KB)            :        2        2   6681630 
	   Memory (MB)          :      119   128192    128256 
	   xferslots            :                           0 

	Job terminated of its own accord at 2025-01-29T06:36:32Z with exit-code 0.
...
000 (2017541.000.000) 2025-01-30 00:28:29 Job submitted from host: <130.199.48.81:9618?addrs=130.199.48.81-9618&alias=rcas2062.rcf.bnl.gov&noUDP&sock=schedd_48563_ad09>
...
001 (2017541.000.000) 2025-01-30 08:20:58 Job executing on host: <130.199.150.96:9618?addrs=130.199.150.96-9618&alias=spool1577.sdcc.bnl.gov&noUDP&sock=startd_12497_3e02>
...
006 (2017541.000.000) 2025-01-30 08:21:07 Image size of job updated: 298408
	77  -  MemoryUsage of job (MB)
	78648  -  ResidentSetSize of job (KB)
...
006 (2017541.000.000) 2025-01-30 08:26:07 Image size of job updated: 4973628
	1434  -  MemoryUsage of job (MB)
	1467432  -  ResidentSetSize of job (KB)
...
006 (2017541.000.000) 2025-01-30 08:31:07 Image size of job updated: 7275964
	3657  -  MemoryUsage of job (MB)
	3744440  -  ResidentSetSize of job (KB)
...
006 (2017541.000.000) 2025-01-30 08:36:08 Image size of job updated: 9626772
	6059  -  MemoryUsage of job (MB)
	6204200  -  ResidentSetSize of job (KB)
...
006 (2017541.000.000) 2025-01-30 08:41:09 Image size of job updated: 11916300
	8175  -  MemoryUsage of job (MB)
	8370432  -  ResidentSetSize of job (KB)
...
006 (2017541.000.000) 2025-01-30 08:46:09 Image size of job updated: 14455696
	10424  -  MemoryUsage of job (MB)
	10673380  -  ResidentSetSize of job (KB)
...
006 (2017541.000.000) 2025-01-30 08:51:10 Image size of job updated: 16268712
	12527  -  MemoryUsage of job (MB)
	12827080  -  ResidentSetSize of job (KB)
...
006 (2017541.000.000) 2025-01-30 08:56:11 Image size of job updated: 18387136
	14540  -  MemoryUsage of job (MB)
	14888828  -  ResidentSetSize of job (KB)
...
006 (2017541.000.000) 2025-01-30 09:01:11 Image size of job updated: 20175248
	16152  -  MemoryUsage of job (MB)
	16538944  -  ResidentSetSize of job (KB)
...
006 (2017541.000.000) 2025-01-30 09:06:12 Image size of job updated: 21885260
	17926  -  MemoryUsage of job (MB)
	18355752  -  ResidentSetSize of job (KB)
...
006 (2017541.000.000) 2025-01-30 09:11:13 Image size of job updated: 23850244
	19730  -  MemoryUsage of job (MB)
	20202724  -  ResidentSetSize of job (KB)
...
006 (2017541.000.000) 2025-01-30 09:16:13 Image size of job updated: 25889200
	21513  -  MemoryUsage of job (MB)
	22028748  -  ResidentSetSize of job (KB)
...
006 (2017541.000.000) 2025-01-30 09:21:13 Image size of job updated: 27291580
	23323  -  MemoryUsage of job (MB)
	23882148  -  ResidentSetSize of job (KB)
...
006 (2017541.000.000) 2025-01-30 09:26:14 Image size of job updated: 28912608
	24630  -  MemoryUsage of job (MB)
	25220540  -  ResidentSetSize of job (KB)
...
006 (2017541.000.000) 2025-01-30 09:31:14 Image size of job updated: 30308900
	26208  -  MemoryUsage of job (MB)
	26836748  -  ResidentSetSize of job (KB)
...
006 (2017541.000.000) 2025-01-30 09:36:14 Image size of job updated: 32200860
	27786  -  MemoryUsage of job (MB)
	28452360  -  ResidentSetSize of job (KB)
...
006 (2017541.000.000) 2025-01-30 09:41:16 Image size of job updated: 34031560
	29642  -  MemoryUsage of job (MB)
	30353364  -  ResidentSetSize of job (KB)
...
006 (2017541.000.000) 2025-01-30 09:46:16 Image size of job updated: 35635072
	31085  -  MemoryUsage of job (MB)
	31830456  -  ResidentSetSize of job (KB)
...
006 (2017541.000.000) 2025-01-30 09:51:16 Image size of job updated: 37187836
	32804  -  MemoryUsage of job (MB)
	33590320  -  ResidentSetSize of job (KB)
...
006 (2017541.000.000) 2025-01-30 09:56:17 Image size of job updated: 38258020
	33958  -  MemoryUsage of job (MB)
	34772752  -  ResidentSetSize of job (KB)
...
006 (2017541.000.000) 2025-01-30 10:01:18 Image size of job updated: 39844420
	35265  -  MemoryUsage of job (MB)
	36111312  -  ResidentSetSize of job (KB)
...
006 (2017541.000.000) 2025-01-30 10:09:55 Image size of job updated: 43407968
	38942  -  MemoryUsage of job (MB)
	39876176  -  ResidentSetSize of job (KB)
...
006 (2017541.000.000) 2025-01-30 10:20:45 Image size of job updated: 47008524
	42459  -  MemoryUsage of job (MB)
	43477772  -  ResidentSetSize of job (KB)
...
006 (2017541.000.000) 2025-01-30 10:29:26 Image size of job updated: 49497632
	44580  -  MemoryUsage of job (MB)
	45649316  -  ResidentSetSize of job (KB)
...
006 (2017541.000.000) 2025-01-30 10:34:38 Image size of job updated: 50844556
	46174  -  MemoryUsage of job (MB)
	47281388  -  ResidentSetSize of job (KB)
...
006 (2017541.000.000) 2025-01-30 10:39:39 Image size of job updated: 52760400
	47301  -  MemoryUsage of job (MB)
	48435700  -  ResidentSetSize of job (KB)
...
006 (2017541.000.000) 2025-01-30 10:44:39 Image size of job updated: 53877244
	48500  -  MemoryUsage of job (MB)
	49663580  -  ResidentSetSize of job (KB)
...
006 (2017541.000.000) 2025-01-30 10:49:39 Image size of job updated: 55273108
	50025  -  MemoryUsage of job (MB)
	51225336  -  ResidentSetSize of job (KB)
...
006 (2017541.000.000) 2025-01-30 10:54:41 Image size of job updated: 56656264
	51343  -  MemoryUsage of job (MB)
	52575124  -  ResidentSetSize of job (KB)
...
006 (2017541.000.000) 2025-01-30 10:59:41 Image size of job updated: 57500256
	52455  -  MemoryUsage of job (MB)
	53713556  -  ResidentSetSize of job (KB)
...
006 (2017541.000.000) 2025-01-30 11:04:41 Image size of job updated: 59175988
	53559  -  MemoryUsage of job (MB)
	54844260  -  ResidentSetSize of job (KB)
...
006 (2017541.000.000) 2025-01-30 11:09:42 Image size of job updated: 60281584
	54567  -  MemoryUsage of job (MB)
	55875676  -  ResidentSetSize of job (KB)
...
006 (2017541.000.000) 2025-01-30 11:14:43 Image size of job updated: 61141160
	55835  -  MemoryUsage of job (MB)
	57174420  -  ResidentSetSize of job (KB)
...
006 (2017541.000.000) 2025-01-30 11:19:43 Image size of job updated: 61989948
	56937  -  MemoryUsage of job (MB)
	58303276  -  ResidentSetSize of job (KB)
...
006 (2017541.000.000) 2025-01-30 11:24:44 Image size of job updated: 63581204
	58167  -  MemoryUsage of job (MB)
	59562528  -  ResidentSetSize of job (KB)
...
006 (2017541.000.000) 2025-01-30 11:29:45 Image size of job updated: 64505908
	59150  -  MemoryUsage of job (MB)
	60568764  -  ResidentSetSize of job (KB)
...
006 (2017541.000.000) 2025-01-30 11:34:45 Image size of job updated: 65414116
	60015  -  MemoryUsage of job (MB)
	61455144  -  ResidentSetSize of job (KB)
...
006 (2017541.000.000) 2025-01-30 11:39:45 Image size of job updated: 66746880
	61182  -  MemoryUsage of job (MB)
	62649928  -  ResidentSetSize of job (KB)
...
006 (2017541.000.000) 2025-01-30 11:44:46 Image size of job updated: 68090472
	62179  -  MemoryUsage of job (MB)
	63670632  -  ResidentSetSize of job (KB)
...
006 (2017541.000.000) 2025-01-30 11:49:46 Image size of job updated: 69145588
	63295  -  MemoryUsage of job (MB)
	64813856  -  ResidentSetSize of job (KB)
...
006 (2017541.000.000) 2025-01-30 11:54:46 Image size of job updated: 70499092
	64480  -  MemoryUsage of job (MB)
	66026876  -  ResidentSetSize of job (KB)
...
006 (2017541.000.000) 2025-01-30 11:59:48 Image size of job updated: 71926576
	65706  -  MemoryUsage of job (MB)
	67282576  -  ResidentSetSize of job (KB)
...
006 (2017541.000.000) 2025-01-30 12:04:48 Image size of job updated: 72703112
	66746  -  MemoryUsage of job (MB)
	68346944  -  ResidentSetSize of job (KB)
...
006 (2017541.000.000) 2025-01-30 12:09:48 Image size of job updated: 73835524
	68036  -  MemoryUsage of job (MB)
	69667980  -  ResidentSetSize of job (KB)
...
006 (2017541.000.000) 2025-01-30 12:14:49 Image size of job updated: 74819280
	69050  -  MemoryUsage of job (MB)
	70706240  -  ResidentSetSize of job (KB)
...
006 (2017541.000.000) 2025-01-30 12:19:50 Image size of job updated: 76290756
	70075  -  MemoryUsage of job (MB)
	71755944  -  ResidentSetSize of job (KB)
...
006 (2017541.000.000) 2025-01-30 12:24:50 Image size of job updated: 76868324
	70901  -  MemoryUsage of job (MB)
	72602000  -  ResidentSetSize of job (KB)
...
006 (2017541.000.000) 2025-01-30 12:29:51 Image size of job updated: 78238640
	71815  -  MemoryUsage of job (MB)
	73537904  -  ResidentSetSize of job (KB)
...
006 (2017541.000.000) 2025-01-30 12:34:52 Image size of job updated: 79162204
	72886  -  MemoryUsage of job (MB)
	74634752  -  ResidentSetSize of job (KB)
...
006 (2017541.000.000) 2025-01-30 12:39:52 Image size of job updated: 79963432
	73913  -  MemoryUsage of job (MB)
	75686072  -  ResidentSetSize of job (KB)
...
006 (2017541.000.000) 2025-01-30 12:44:52 Image size of job updated: 81133712
	74954  -  MemoryUsage of job (MB)
	76752184  -  ResidentSetSize of job (KB)
...
005 (2017541.000.000) 2025-01-30 12:45:30 Job terminated.
	(1) Normal termination (return value 0)
		Usr 0 03:29:10, Sys 0 00:32:19  -  Run Remote Usage
		Usr 0 00:00:00, Sys 0 00:00:00  -  Run Local Usage
		Usr 0 03:29:10, Sys 0 00:32:19  -  Total Remote Usage
		Usr 0 00:00:00, Sys 0 00:00:00  -  Total Local Usage
	0  -  Run Bytes Sent By Job
	0  -  Run Bytes Received By Job
	0  -  Total Bytes Sent By Job
	0  -  Total Bytes Received By Job
	Partitionable Resources :    Usage  Request Allocated 
	   Cpus                 :     0.69        1         1 
	   Disk (KB)            :     2           2   6681229 
	   Memory (MB)          : 74954      128192    128256 
	   xferslots            :                           0 

	Job terminated of its own accord at 2025-01-30T17:45:29Z with exit-code 0.
...
000 (2018987.000.000) 2025-02-02 20:32:40 Job submitted from host: <130.199.48.81:9618?addrs=130.199.48.81-9618&alias=rcas2062.rcf.bnl.gov&noUDP&sock=schedd_48563_ad09>
...
001 (2018987.000.000) 2025-02-02 20:41:32 Job executing on host: <130.199.150.81:9618?addrs=130.199.150.81-9618&alias=spool1562.sdcc.bnl.gov&noUDP&sock=startd_65906_8438>
...
006 (2018987.000.000) 2025-02-02 20:41:40 Image size of job updated: 156960
	83  -  MemoryUsage of job (MB)
	84372  -  ResidentSetSize of job (KB)
...
006 (2018987.000.000) 2025-02-02 20:44:16 Image size of job updated: 4001036
	83  -  MemoryUsage of job (MB)
	84372  -  ResidentSetSize of job (KB)
...
005 (2018987.000.000) 2025-02-02 20:44:17 Job terminated.
	(1) Normal termination (return value 0)
		Usr 0 00:02:19, Sys 0 00:00:06  -  Run Remote Usage
		Usr 0 00:00:00, Sys 0 00:00:00  -  Run Local Usage
		Usr 0 00:02:19, Sys 0 00:00:06  -  Total Remote Usage
		Usr 0 00:00:00, Sys 0 00:00:00  -  Total Local Usage
	0  -  Run Bytes Sent By Job
	0  -  Run Bytes Received By Job
	0  -  Total Bytes Sent By Job
	0  -  Total Bytes Received By Job
	Partitionable Resources :    Usage  Request Allocated 
	   Cpus                 :        0        1         1 
	   Disk (KB)            :        2        2   6681161 
	   Memory (MB)          :       83   128192    128256 
	   xferslots            :                           0 

	Job terminated of its own accord at 2025-02-03T01:44:16Z with exit-code 0.
...
000 (2019371.000.000) 2025-02-02 20:57:08 Job submitted from host: <130.199.48.81:9618?addrs=130.199.48.81-9618&alias=rcas2062.rcf.bnl.gov&noUDP&sock=schedd_48563_ad09>
...
001 (2019371.000.000) 2025-02-02 21:02:53 Job executing on host: <130.199.150.70:9618?addrs=130.199.150.70-9618&alias=spool1551.sdcc.bnl.gov&noUDP&sock=startd_98235_3ca2>
...
006 (2019371.000.000) 2025-02-02 21:03:02 Image size of job updated: 298936
	135  -  MemoryUsage of job (MB)
	138024  -  ResidentSetSize of job (KB)
...
006 (2019371.000.000) 2025-02-02 21:05:02 Image size of job updated: 4001028
	135  -  MemoryUsage of job (MB)
	138064  -  ResidentSetSize of job (KB)
...
005 (2019371.000.000) 2025-02-02 21:05:02 Job terminated.
	(1) Normal termination (return value 0)
		Usr 0 00:01:54, Sys 0 00:00:05  -  Run Remote Usage
		Usr 0 00:00:00, Sys 0 00:00:00  -  Run Local Usage
		Usr 0 00:01:54, Sys 0 00:00:05  -  Total Remote Usage
		Usr 0 00:00:00, Sys 0 00:00:00  -  Total Local Usage
	0  -  Run Bytes Sent By Job
	0  -  Run Bytes Received By Job
	0  -  Total Bytes Sent By Job
	0  -  Total Bytes Received By Job
	Partitionable Resources :    Usage  Request Allocated 
	   Cpus                 :     0.96        1         1 
	   Disk (KB)            :     2           2   6681237 
	   Memory (MB)          :   135      128192    128256 
	   xferslots            :                           0 

	Job terminated of its own accord at 2025-02-03T02:05:02Z with exit-code 0.
...
000 (2019755.000.000) 2025-02-02 22:34:48 Job submitted from host: <130.199.48.81:9618?addrs=130.199.48.81-9618&alias=rcas2062.rcf.bnl.gov&noUDP&sock=schedd_48563_ad09>
...
001 (2019755.000.000) 2025-02-02 22:47:00 Job executing on host: <130.199.184.205:9618?addrs=130.199.184.205-9618&alias=spool1780.sdcc.bnl.gov&noUDP&sock=startd_62938_2e94>
...
006 (2019755.000.000) 2025-02-02 22:47:08 Image size of job updated: 13604
	8  -  MemoryUsage of job (MB)
	7272  -  ResidentSetSize of job (KB)
...
006 (2019755.000.000) 2025-02-02 22:50:20 Image size of job updated: 4001024
	8  -  MemoryUsage of job (MB)
	7272  -  ResidentSetSize of job (KB)
...
005 (2019755.000.000) 2025-02-02 22:50:21 Job terminated.
	(1) Normal termination (return value 0)
		Usr 0 00:02:23, Sys 0 00:00:06  -  Run Remote Usage
		Usr 0 00:00:00, Sys 0 00:00:00  -  Run Local Usage
		Usr 0 00:02:23, Sys 0 00:00:06  -  Total Remote Usage
		Usr 0 00:00:00, Sys 0 00:00:00  -  Total Local Usage
	0  -  Run Bytes Sent By Job
	0  -  Run Bytes Received By Job
	0  -  Total Bytes Sent By Job
	0  -  Total Bytes Received By Job
	Partitionable Resources :    Usage  Request Allocated 
	   Cpus                 :                 1         1 
	   Disk (KB)            :        2        2   6681629 
	   Memory (MB)          :        8   128192    128256 
	   xferslots            :                           0 

	Job terminated of its own accord at 2025-02-03T03:50:20Z with exit-code 0.
...
