000 (2016863.000.000) 2025-01-28 23:07:49 Job submitted from host: <130.199.48.81:9618?addrs=130.199.48.81-9618&alias=rcas2062.rcf.bnl.gov&noUDP&sock=schedd_48563_ad09>
...
001 (2016863.000.000) 2025-01-28 23:08:56 Job executing on host: <130.199.186.29:9618?addrs=130.199.186.29-9618&alias=spool1826.sdcc.bnl.gov&noUDP&sock=startd_62419_eccd>
...
006 (2016863.000.000) 2025-01-28 23:09:05 Image size of job updated: 13428
	8  -  MemoryUsage of job (MB)
	7368  -  ResidentSetSize of job (KB)
...
006 (2016863.000.000) 2025-01-28 23:14:06 Image size of job updated: 4902328
	1252  -  MemoryUsage of job (MB)
	1281684  -  ResidentSetSize of job (KB)
...
006 (2016863.000.000) 2025-01-28 23:19:07 Image size of job updated: 6489024
	2553  -  MemoryUsage of job (MB)
	2613272  -  ResidentSetSize of job (KB)
...
006 (2016863.000.000) 2025-01-28 23:24:07 Image size of job updated: 7752576
	3822  -  MemoryUsage of job (MB)
	3913344  -  ResidentSetSize of job (KB)
...
006 (2016863.000.000) 2025-01-28 23:29:08 Image size of job updated: 9055052
	5003  -  MemoryUsage of job (MB)
	5122768  -  ResidentSetSize of job (KB)
...
006 (2016863.000.000) 2025-01-28 23:34:09 Image size of job updated: 9924240
	5972  -  MemoryUsage of job (MB)
	6114856  -  ResidentSetSize of job (KB)
...
006 (2016863.000.000) 2025-01-28 23:39:09 Image size of job updated: 10763880
	7181  -  MemoryUsage of job (MB)
	7352892  -  ResidentSetSize of job (KB)
...
006 (2016863.000.000) 2025-01-28 23:44:10 Image size of job updated: 12628552
	8528  -  MemoryUsage of job (MB)
	8732164  -  ResidentSetSize of job (KB)
...
006 (2016863.000.000) 2025-01-28 23:49:11 Image size of job updated: 13738916
	9772  -  MemoryUsage of job (MB)
	10006224  -  ResidentSetSize of job (KB)
...
006 (2016863.000.000) 2025-01-28 23:54:11 Image size of job updated: 14842884
	11083  -  MemoryUsage of job (MB)
	11348100  -  ResidentSetSize of job (KB)
...
006 (2016863.000.000) 2025-01-28 23:59:11 Image size of job updated: 16003000
	12198  -  MemoryUsage of job (MB)
	12490576  -  ResidentSetSize of job (KB)
...
006 (2016863.000.000) 2025-01-29 00:04:12 Image size of job updated: 17037644
	13113  -  MemoryUsage of job (MB)
	13427488  -  ResidentSetSize of job (KB)
...
006 (2016863.000.000) 2025-01-29 00:09:12 Image size of job updated: 18095484
	13854  -  MemoryUsage of job (MB)
	14186384  -  ResidentSetSize of job (KB)
...
006 (2016863.000.000) 2025-01-29 00:14:12 Image size of job updated: 18874392
	15009  -  MemoryUsage of job (MB)
	15368208  -  ResidentSetSize of job (KB)
...
006 (2016863.000.000) 2025-01-29 00:19:13 Image size of job updated: 19870812
	16127  -  MemoryUsage of job (MB)
	16513620  -  ResidentSetSize of job (KB)
...
006 (2016863.000.000) 2025-01-29 00:24:14 Image size of job updated: 21097472
	17170  -  MemoryUsage of job (MB)
	17581916  -  ResidentSetSize of job (KB)
...
006 (2016863.000.000) 2025-01-29 00:29:14 Image size of job updated: 22308000
	18153  -  MemoryUsage of job (MB)
	18588364  -  ResidentSetSize of job (KB)
...
006 (2016863.000.000) 2025-01-29 00:34:15 Image size of job updated: 23487816
	19079  -  MemoryUsage of job (MB)
	19536352  -  ResidentSetSize of job (KB)
...
006 (2016863.000.000) 2025-01-29 00:39:16 Image size of job updated: 24217164
	20236  -  MemoryUsage of job (MB)
	20721220  -  ResidentSetSize of job (KB)
...
006 (2016863.000.000) 2025-01-29 00:44:16 Image size of job updated: 25649732
	21236  -  MemoryUsage of job (MB)
	21744816  -  ResidentSetSize of job (KB)
...
006 (2016863.000.000) 2025-01-29 00:49:16 Image size of job updated: 26474020
	22055  -  MemoryUsage of job (MB)
	22583620  -  ResidentSetSize of job (KB)
...
006 (2016863.000.000) 2025-01-29 00:54:17 Image size of job updated: 27337216
	22918  -  MemoryUsage of job (MB)
	23467088  -  ResidentSetSize of job (KB)
...
006 (2016863.000.000) 2025-01-29 00:59:17 Image size of job updated: 28597920
	24064  -  MemoryUsage of job (MB)
	24641148  -  ResidentSetSize of job (KB)
...
006 (2016863.000.000) 2025-01-29 01:04:17 Image size of job updated: 29512684
	25451  -  MemoryUsage of job (MB)
	26061736  -  ResidentSetSize of job (KB)
...
006 (2016863.000.000) 2025-01-29 01:09:18 Image size of job updated: 30633788
	26257  -  MemoryUsage of job (MB)
	26886644  -  ResidentSetSize of job (KB)
...
006 (2016863.000.000) 2025-01-29 01:14:19 Image size of job updated: 31697808
	27086  -  MemoryUsage of job (MB)
	27735092  -  ResidentSetSize of job (KB)
...
006 (2016863.000.000) 2025-01-29 01:19:19 Image size of job updated: 32697960
	28085  -  MemoryUsage of job (MB)
	28758340  -  ResidentSetSize of job (KB)
...
006 (2016863.000.000) 2025-01-29 01:24:20 Image size of job updated: 33255760
	29050  -  MemoryUsage of job (MB)
	29746824  -  ResidentSetSize of job (KB)
...
006 (2016863.000.000) 2025-01-29 01:29:21 Image size of job updated: 34470028
	29930  -  MemoryUsage of job (MB)
	30647624  -  ResidentSetSize of job (KB)
...
006 (2016863.000.000) 2025-01-29 01:34:21 Image size of job updated: 35416680
	30719  -  MemoryUsage of job (MB)
	31455420  -  ResidentSetSize of job (KB)
...
006 (2016863.000.000) 2025-01-29 01:39:22 Image size of job updated: 36262736
	31715  -  MemoryUsage of job (MB)
	32475768  -  ResidentSetSize of job (KB)
...
006 (2016863.000.000) 2025-01-29 01:44:23 Image size of job updated: 37439140
	32850  -  MemoryUsage of job (MB)
	33637556  -  ResidentSetSize of job (KB)
...
005 (2016863.000.000) 2025-01-29 01:45:26 Job terminated.
	(1) Normal termination (return value 0)
		Usr 0 01:19:21, Sys 0 00:13:14  -  Run Remote Usage
		Usr 0 00:00:00, Sys 0 00:00:00  -  Run Local Usage
		Usr 0 01:19:21, Sys 0 00:13:14  -  Total Remote Usage
		Usr 0 00:00:00, Sys 0 00:00:00  -  Total Local Usage
	0  -  Run Bytes Sent By Job
	0  -  Run Bytes Received By Job
	0  -  Total Bytes Sent By Job
	0  -  Total Bytes Received By Job
	Partitionable Resources :    Usage  Request Allocated 
	   Cpus                 :     0.62        1         1 
	   Disk (KB)            :     2           2   6681628 
	   Memory (MB)          : 32850      128192    128256 
	   xferslots            :                           0 

	Job terminated of its own accord at 2025-01-29T06:45:26Z with exit-code 0.
...
000 (2017247.000.000) 2025-01-30 00:27:57 Job submitted from host: <130.199.48.81:9618?addrs=130.199.48.81-9618&alias=rcas2062.rcf.bnl.gov&noUDP&sock=schedd_48563_ad09>
...
001 (2017247.000.000) 2025-01-30 00:28:58 Job executing on host: <130.199.151.13:9618?addrs=130.199.151.13-9618&alias=spool1591.sdcc.bnl.gov&noUDP&sock=startd_95714_5f47>
...
006 (2017247.000.000) 2025-01-30 00:29:06 Image size of job updated: 129740
	64  -  MemoryUsage of job (MB)
	64788  -  ResidentSetSize of job (KB)
...
006 (2017247.000.000) 2025-01-30 00:34:06 Image size of job updated: 5015380
	1493  -  MemoryUsage of job (MB)
	1528048  -  ResidentSetSize of job (KB)
...
006 (2017247.000.000) 2025-01-30 00:39:07 Image size of job updated: 7350648
	3828  -  MemoryUsage of job (MB)
	3919612  -  ResidentSetSize of job (KB)
...
006 (2017247.000.000) 2025-01-30 00:44:08 Image size of job updated: 10063392
	6545  -  MemoryUsage of job (MB)
	6702080  -  ResidentSetSize of job (KB)
...
006 (2017247.000.000) 2025-01-30 00:49:08 Image size of job updated: 13594884
	9399  -  MemoryUsage of job (MB)
	9624376  -  ResidentSetSize of job (KB)
...
006 (2017247.000.000) 2025-01-30 00:54:09 Image size of job updated: 15811548
	12214  -  MemoryUsage of job (MB)
	12506528  -  ResidentSetSize of job (KB)
...
006 (2017247.000.000) 2025-01-30 00:59:10 Image size of job updated: 17931836
	14059  -  MemoryUsage of job (MB)
	14395848  -  ResidentSetSize of job (KB)
...
006 (2017247.000.000) 2025-01-30 01:04:10 Image size of job updated: 20317044
	16404  -  MemoryUsage of job (MB)
	16796944  -  ResidentSetSize of job (KB)
...
006 (2017247.000.000) 2025-01-30 01:09:10 Image size of job updated: 22487772
	18619  -  MemoryUsage of job (MB)
	19065696  -  ResidentSetSize of job (KB)
...
006 (2017247.000.000) 2025-01-30 01:14:11 Image size of job updated: 24764644
	20842  -  MemoryUsage of job (MB)
	21342148  -  ResidentSetSize of job (KB)
...
006 (2017247.000.000) 2025-01-30 01:19:11 Image size of job updated: 26829616
	22808  -  MemoryUsage of job (MB)
	23355012  -  ResidentSetSize of job (KB)
...
006 (2017247.000.000) 2025-01-30 01:24:11 Image size of job updated: 29165092
	25217  -  MemoryUsage of job (MB)
	25821760  -  ResidentSetSize of job (KB)
...
006 (2017247.000.000) 2025-01-30 01:29:13 Image size of job updated: 31067980
	27021  -  MemoryUsage of job (MB)
	27669448  -  ResidentSetSize of job (KB)
...
006 (2017247.000.000) 2025-01-30 01:34:13 Image size of job updated: 32570012
	28355  -  MemoryUsage of job (MB)
	29035516  -  ResidentSetSize of job (KB)
...
006 (2017247.000.000) 2025-01-30 01:39:13 Image size of job updated: 34746044
	30195  -  MemoryUsage of job (MB)
	30918712  -  ResidentSetSize of job (KB)
...
006 (2017247.000.000) 2025-01-30 01:44:14 Image size of job updated: 35714944
	31432  -  MemoryUsage of job (MB)
	32185784  -  ResidentSetSize of job (KB)
...
006 (2017247.000.000) 2025-01-30 01:49:15 Image size of job updated: 37195168
	32581  -  MemoryUsage of job (MB)
	33361996  -  ResidentSetSize of job (KB)
...
006 (2017247.000.000) 2025-01-30 01:54:15 Image size of job updated: 38210204
	33881  -  MemoryUsage of job (MB)
	34693188  -  ResidentSetSize of job (KB)
...
006 (2017247.000.000) 2025-01-30 01:59:16 Image size of job updated: 39564980
	35226  -  MemoryUsage of job (MB)
	36070888  -  ResidentSetSize of job (KB)
...
006 (2017247.000.000) 2025-01-30 02:04:17 Image size of job updated: 41079272
	36323  -  MemoryUsage of job (MB)
	37194368  -  ResidentSetSize of job (KB)
...
006 (2017247.000.000) 2025-01-30 02:09:17 Image size of job updated: 42323800
	37331  -  MemoryUsage of job (MB)
	38226308  -  ResidentSetSize of job (KB)
...
006 (2017247.000.000) 2025-01-30 02:14:17 Image size of job updated: 43411564
	38462  -  MemoryUsage of job (MB)
	39384564  -  ResidentSetSize of job (KB)
...
006 (2017247.000.000) 2025-01-30 02:19:18 Image size of job updated: 44237404
	39771  -  MemoryUsage of job (MB)
	40725236  -  ResidentSetSize of job (KB)
...
006 (2017247.000.000) 2025-01-30 02:24:18 Image size of job updated: 45573440
	41158  -  MemoryUsage of job (MB)
	42145248  -  ResidentSetSize of job (KB)
...
006 (2017247.000.000) 2025-01-30 02:29:18 Image size of job updated: 47289740
	42251  -  MemoryUsage of job (MB)
	43264980  -  ResidentSetSize of job (KB)
...
006 (2017247.000.000) 2025-01-30 02:34:19 Image size of job updated: 48237196
	43412  -  MemoryUsage of job (MB)
	44453004  -  ResidentSetSize of job (KB)
...
006 (2017247.000.000) 2025-01-30 02:39:19 Image size of job updated: 49424336
	44571  -  MemoryUsage of job (MB)
	45639904  -  ResidentSetSize of job (KB)
...
006 (2017247.000.000) 2025-01-30 02:44:19 Image size of job updated: 50153832
	45652  -  MemoryUsage of job (MB)
	46747608  -  ResidentSetSize of job (KB)
...
006 (2017247.000.000) 2025-01-30 02:49:20 Image size of job updated: 51649556
	46713  -  MemoryUsage of job (MB)
	47833828  -  ResidentSetSize of job (KB)
...
006 (2017247.000.000) 2025-01-30 02:54:20 Image size of job updated: 52795688
	47638  -  MemoryUsage of job (MB)
	48780684  -  ResidentSetSize of job (KB)
...
006 (2017247.000.000) 2025-01-30 02:59:21 Image size of job updated: 53444392
	48760  -  MemoryUsage of job (MB)
	49929484  -  ResidentSetSize of job (KB)
...
006 (2017247.000.000) 2025-01-30 03:04:22 Image size of job updated: 54844868
	49777  -  MemoryUsage of job (MB)
	50971004  -  ResidentSetSize of job (KB)
...
006 (2017247.000.000) 2025-01-30 03:09:22 Image size of job updated: 56072716
	50959  -  MemoryUsage of job (MB)
	52181444  -  ResidentSetSize of job (KB)
...
006 (2017247.000.000) 2025-01-30 03:14:22 Image size of job updated: 57109496
	52053  -  MemoryUsage of job (MB)
	53302204  -  ResidentSetSize of job (KB)
...
006 (2017247.000.000) 2025-01-30 03:19:23 Image size of job updated: 58131856
	53388  -  MemoryUsage of job (MB)
	54668844  -  ResidentSetSize of job (KB)
...
006 (2017247.000.000) 2025-01-30 03:24:23 Image size of job updated: 59298988
	54574  -  MemoryUsage of job (MB)
	55883348  -  ResidentSetSize of job (KB)
...
006 (2017247.000.000) 2025-01-30 03:29:23 Image size of job updated: 60885480
	55606  -  MemoryUsage of job (MB)
	56939584  -  ResidentSetSize of job (KB)
...
006 (2017247.000.000) 2025-01-30 03:34:24 Image size of job updated: 61899696
	56677  -  MemoryUsage of job (MB)
	58036744  -  ResidentSetSize of job (KB)
...
006 (2017247.000.000) 2025-01-30 03:39:25 Image size of job updated: 63282900
	57978  -  MemoryUsage of job (MB)
	59369128  -  ResidentSetSize of job (KB)
...
006 (2017247.000.000) 2025-01-30 03:44:25 Image size of job updated: 64207304
	59135  -  MemoryUsage of job (MB)
	60554156  -  ResidentSetSize of job (KB)
...
006 (2017247.000.000) 2025-01-30 03:49:26 Image size of job updated: 65382392
	60278  -  MemoryUsage of job (MB)
	61723856  -  ResidentSetSize of job (KB)
...
006 (2017247.000.000) 2025-01-30 03:54:27 Image size of job updated: 67032996
	61334  -  MemoryUsage of job (MB)
	62805816  -  ResidentSetSize of job (KB)
...
006 (2017247.000.000) 2025-01-30 03:59:27 Image size of job updated: 67716668
	62677  -  MemoryUsage of job (MB)
	64180248  -  ResidentSetSize of job (KB)
...
006 (2017247.000.000) 2025-01-30 04:04:28 Image size of job updated: 69286952
	63787  -  MemoryUsage of job (MB)
	65317464  -  ResidentSetSize of job (KB)
...
006 (2017247.000.000) 2025-01-30 04:09:29 Image size of job updated: 70142736
	64897  -  MemoryUsage of job (MB)
	66454300  -  ResidentSetSize of job (KB)
...
006 (2017247.000.000) 2025-01-30 04:14:29 Image size of job updated: 71292788
	65894  -  MemoryUsage of job (MB)
	67474732  -  ResidentSetSize of job (KB)
...
006 (2017247.000.000) 2025-01-30 04:19:29 Image size of job updated: 72641856
	66845  -  MemoryUsage of job (MB)
	68448916  -  ResidentSetSize of job (KB)
...
006 (2017247.000.000) 2025-01-30 04:24:30 Image size of job updated: 73413208
	67923  -  MemoryUsage of job (MB)
	69552488  -  ResidentSetSize of job (KB)
...
006 (2017247.000.000) 2025-01-30 04:25:23 Image size of job updated: 73537412
	67923  -  MemoryUsage of job (MB)
	69552488  -  ResidentSetSize of job (KB)
...
005 (2017247.000.000) 2025-01-30 04:25:23 Job terminated.
	(1) Normal termination (return value 0)
		Usr 0 02:45:17, Sys 0 00:22:50  -  Run Remote Usage
		Usr 0 00:00:00, Sys 0 00:00:00  -  Run Local Usage
		Usr 0 02:45:17, Sys 0 00:22:50  -  Total Remote Usage
		Usr 0 00:00:00, Sys 0 00:00:00  -  Total Local Usage
	0  -  Run Bytes Sent By Job
	0  -  Run Bytes Received By Job
	0  -  Total Bytes Sent By Job
	0  -  Total Bytes Received By Job
	Partitionable Resources :    Usage  Request Allocated 
	   Cpus                 :     0.71        1         1 
	   Disk (KB)            :     2           2   6681238 
	   Memory (MB)          : 67923      128192    128256 
	   xferslots            :                           0 

	Job terminated of its own accord at 2025-01-30T09:25:23Z with exit-code 0.
...
000 (2018693.000.000) 2025-02-02 20:32:09 Job submitted from host: <130.199.48.81:9618?addrs=130.199.48.81-9618&alias=rcas2062.rcf.bnl.gov&noUDP&sock=schedd_48563_ad09>
...
001 (2018693.000.000) 2025-02-02 20:33:35 Job executing on host: <130.199.186.30:9618?addrs=130.199.186.30-9618&alias=spool1827.sdcc.bnl.gov&noUDP&sock=startd_65822_ee79>
...
006 (2018693.000.000) 2025-02-02 20:33:44 Image size of job updated: 37088
	30  -  MemoryUsage of job (MB)
	30548  -  ResidentSetSize of job (KB)
...
006 (2018693.000.000) 2025-02-02 20:36:30 Image size of job updated: 4000928
	30  -  MemoryUsage of job (MB)
	30548  -  ResidentSetSize of job (KB)
...
005 (2018693.000.000) 2025-02-02 20:36:30 Job terminated.
	(1) Normal termination (return value 0)
		Usr 0 00:02:20, Sys 0 00:00:05  -  Run Remote Usage
		Usr 0 00:00:00, Sys 0 00:00:00  -  Run Local Usage
		Usr 0 00:02:20, Sys 0 00:00:05  -  Total Remote Usage
		Usr 0 00:00:00, Sys 0 00:00:00  -  Total Local Usage
	0  -  Run Bytes Sent By Job
	0  -  Run Bytes Received By Job
	0  -  Total Bytes Sent By Job
	0  -  Total Bytes Received By Job
	Partitionable Resources :    Usage  Request Allocated 
	   Cpus                 :                 1         1 
	   Disk (KB)            :        2        2   6681626 
	   Memory (MB)          :       30   128192    128256 
	   xferslots            :                           0 

	Job terminated of its own accord at 2025-02-03T01:36:30Z with exit-code 0.
...
000 (2019077.000.000) 2025-02-02 20:56:41 Job submitted from host: <130.199.48.81:9618?addrs=130.199.48.81-9618&alias=rcas2062.rcf.bnl.gov&noUDP&sock=schedd_48563_ad09>
...
001 (2019077.000.000) 2025-02-02 20:57:23 Job executing on host: <130.199.151.8:9618?addrs=130.199.151.8-9618&alias=spool1586.sdcc.bnl.gov&noUDP&sock=startd_10002_9b31>
...
006 (2019077.000.000) 2025-02-02 20:57:31 Image size of job updated: 199000
	118  -  MemoryUsage of job (MB)
	119988  -  ResidentSetSize of job (KB)
...
006 (2019077.000.000) 2025-02-02 20:59:50 Image size of job updated: 4000924
	118  -  MemoryUsage of job (MB)
	120152  -  ResidentSetSize of job (KB)
...
005 (2019077.000.000) 2025-02-02 20:59:51 Job terminated.
	(1) Normal termination (return value 0)
		Usr 0 00:02:13, Sys 0 00:00:06  -  Run Remote Usage
		Usr 0 00:00:00, Sys 0 00:00:00  -  Run Local Usage
		Usr 0 00:02:13, Sys 0 00:00:06  -  Total Remote Usage
		Usr 0 00:00:00, Sys 0 00:00:00  -  Total Local Usage
	0  -  Run Bytes Sent By Job
	0  -  Run Bytes Received By Job
	0  -  Total Bytes Sent By Job
	0  -  Total Bytes Received By Job
	Partitionable Resources :    Usage  Request Allocated 
	   Cpus                 :                 1         1 
	   Disk (KB)            :        2        2   6681168 
	   Memory (MB)          :      118   128192    128256 
	   xferslots            :                           0 

	Job terminated of its own accord at 2025-02-03T01:59:50Z with exit-code 0.
...
000 (2019461.000.000) 2025-02-02 22:34:23 Job submitted from host: <130.199.48.81:9618?addrs=130.199.48.81-9618&alias=rcas2062.rcf.bnl.gov&noUDP&sock=schedd_48563_ad09>
...
001 (2019461.000.000) 2025-02-02 22:36:12 Job executing on host: <130.199.184.219:9618?addrs=130.199.184.219-9618&alias=spool1794.sdcc.bnl.gov&noUDP&sock=startd_9457_1edf>
...
006 (2019461.000.000) 2025-02-02 22:36:21 Image size of job updated: 298152
	37  -  MemoryUsage of job (MB)
	37776  -  ResidentSetSize of job (KB)
...
006 (2019461.000.000) 2025-02-02 22:39:16 Image size of job updated: 4000940
	37  -  MemoryUsage of job (MB)
	37776  -  ResidentSetSize of job (KB)
...
005 (2019461.000.000) 2025-02-02 22:39:16 Job terminated.
	(1) Normal termination (return value 0)
		Usr 0 00:02:28, Sys 0 00:00:06  -  Run Remote Usage
		Usr 0 00:00:00, Sys 0 00:00:00  -  Run Local Usage
		Usr 0 00:02:28, Sys 0 00:00:06  -  Total Remote Usage
		Usr 0 00:00:00, Sys 0 00:00:00  -  Total Local Usage
	0  -  Run Bytes Sent By Job
	0  -  Run Bytes Received By Job
	0  -  Total Bytes Sent By Job
	0  -  Total Bytes Received By Job
	Partitionable Resources :    Usage  Request Allocated 
	   Cpus                 :                 1         1 
	   Disk (KB)            :        2        2   6681632 
	   Memory (MB)          :       37   128192    128256 
	   xferslots            :                           0 

	Job terminated of its own accord at 2025-02-03T03:39:16Z with exit-code 0.
...
