000 (2016914.000.000) 2025-01-28 23:07:53 Job submitted from host: <130.199.48.81:9618?addrs=130.199.48.81-9618&alias=rcas2062.rcf.bnl.gov&noUDP&sock=schedd_48563_ad09>
...
001 (2016914.000.000) 2025-01-28 23:10:02 Job executing on host: <130.199.151.6:9618?addrs=130.199.151.6-9618&alias=spool1584.sdcc.bnl.gov&noUDP&sock=startd_2695_0870>
...
006 (2016914.000.000) 2025-01-28 23:10:10 Image size of job updated: 19368
	7  -  MemoryUsage of job (MB)
	6784  -  ResidentSetSize of job (KB)
...
006 (2016914.000.000) 2025-01-28 23:15:10 Image size of job updated: 5467388
	1336  -  MemoryUsage of job (MB)
	1367404  -  ResidentSetSize of job (KB)
...
006 (2016914.000.000) 2025-01-28 23:20:12 Image size of job updated: 6482428
	2352  -  MemoryUsage of job (MB)
	2408056  -  ResidentSetSize of job (KB)
...
006 (2016914.000.000) 2025-01-28 23:25:12 Image size of job updated: 7128320
	3104  -  MemoryUsage of job (MB)
	3177956  -  ResidentSetSize of job (KB)
...
006 (2016914.000.000) 2025-01-28 23:30:12 Image size of job updated: 7128320
	3406  -  MemoryUsage of job (MB)
	3487656  -  ResidentSetSize of job (KB)
...
006 (2016914.000.000) 2025-01-28 23:35:13 Image size of job updated: 7823280
	4134  -  MemoryUsage of job (MB)
	4232784  -  ResidentSetSize of job (KB)
...
006 (2016914.000.000) 2025-01-28 23:40:14 Image size of job updated: 9424124
	5286  -  MemoryUsage of job (MB)
	5412256  -  ResidentSetSize of job (KB)
...
006 (2016914.000.000) 2025-01-28 23:45:14 Image size of job updated: 10072652
	6278  -  MemoryUsage of job (MB)
	6428032  -  ResidentSetSize of job (KB)
...
006 (2016914.000.000) 2025-01-28 23:50:15 Image size of job updated: 11409976
	7275  -  MemoryUsage of job (MB)
	7449192  -  ResidentSetSize of job (KB)
...
006 (2016914.000.000) 2025-01-28 23:55:16 Image size of job updated: 12392656
	8239  -  MemoryUsage of job (MB)
	8436060  -  ResidentSetSize of job (KB)
...
006 (2016914.000.000) 2025-01-29 00:00:16 Image size of job updated: 13383808
	9238  -  MemoryUsage of job (MB)
	9459704  -  ResidentSetSize of job (KB)
...
006 (2016914.000.000) 2025-01-29 00:05:16 Image size of job updated: 13889460
	10186  -  MemoryUsage of job (MB)
	10430348  -  ResidentSetSize of job (KB)
...
006 (2016914.000.000) 2025-01-29 00:10:17 Image size of job updated: 15000952
	11116  -  MemoryUsage of job (MB)
	11382296  -  ResidentSetSize of job (KB)
...
006 (2016914.000.000) 2025-01-29 00:15:17 Image size of job updated: 15992128
	12041  -  MemoryUsage of job (MB)
	12328976  -  ResidentSetSize of job (KB)
...
006 (2016914.000.000) 2025-01-29 00:20:17 Image size of job updated: 17025396
	13133  -  MemoryUsage of job (MB)
	13447208  -  ResidentSetSize of job (KB)
...
006 (2016914.000.000) 2025-01-29 00:25:18 Image size of job updated: 18149408
	14167  -  MemoryUsage of job (MB)
	14506416  -  ResidentSetSize of job (KB)
...
006 (2016914.000.000) 2025-01-29 00:30:19 Image size of job updated: 19537520
	15067  -  MemoryUsage of job (MB)
	15428524  -  ResidentSetSize of job (KB)
...
006 (2016914.000.000) 2025-01-29 00:35:19 Image size of job updated: 20390508
	16136  -  MemoryUsage of job (MB)
	16522944  -  ResidentSetSize of job (KB)
...
006 (2016914.000.000) 2025-01-29 00:40:20 Image size of job updated: 21329696
	17160  -  MemoryUsage of job (MB)
	17570932  -  ResidentSetSize of job (KB)
...
006 (2016914.000.000) 2025-01-29 00:45:21 Image size of job updated: 21837880
	18011  -  MemoryUsage of job (MB)
	18443216  -  ResidentSetSize of job (KB)
...
006 (2016914.000.000) 2025-01-29 00:50:21 Image size of job updated: 23127800
	18894  -  MemoryUsage of job (MB)
	19347288  -  ResidentSetSize of job (KB)
...
006 (2016914.000.000) 2025-01-29 00:55:21 Image size of job updated: 24221184
	20059  -  MemoryUsage of job (MB)
	20539760  -  ResidentSetSize of job (KB)
...
006 (2016914.000.000) 2025-01-29 01:00:22 Image size of job updated: 25362032
	20833  -  MemoryUsage of job (MB)
	21332344  -  ResidentSetSize of job (KB)
...
006 (2016914.000.000) 2025-01-29 01:05:22 Image size of job updated: 25819044
	21741  -  MemoryUsage of job (MB)
	22261952  -  ResidentSetSize of job (KB)
...
006 (2016914.000.000) 2025-01-29 01:10:22 Image size of job updated: 27351172
	22851  -  MemoryUsage of job (MB)
	23398796  -  ResidentSetSize of job (KB)
...
006 (2016914.000.000) 2025-01-29 01:15:23 Image size of job updated: 27884784
	23900  -  MemoryUsage of job (MB)
	24472768  -  ResidentSetSize of job (KB)
...
006 (2016914.000.000) 2025-01-29 01:20:23 Image size of job updated: 29095800
	24981  -  MemoryUsage of job (MB)
	25580500  -  ResidentSetSize of job (KB)
...
006 (2016914.000.000) 2025-01-29 01:25:23 Image size of job updated: 30083468
	25630  -  MemoryUsage of job (MB)
	26245104  -  ResidentSetSize of job (KB)
...
006 (2016914.000.000) 2025-01-29 01:30:24 Image size of job updated: 30641320
	26570  -  MemoryUsage of job (MB)
	27207668  -  ResidentSetSize of job (KB)
...
006 (2016914.000.000) 2025-01-29 01:35:25 Image size of job updated: 31668724
	27297  -  MemoryUsage of job (MB)
	27951404  -  ResidentSetSize of job (KB)
...
006 (2016914.000.000) 2025-01-29 01:40:25 Image size of job updated: 32837152
	28188  -  MemoryUsage of job (MB)
	28863588  -  ResidentSetSize of job (KB)
...
006 (2016914.000.000) 2025-01-29 01:45:26 Image size of job updated: 33619100
	29177  -  MemoryUsage of job (MB)
	29876936  -  ResidentSetSize of job (KB)
...
006 (2016914.000.000) 2025-01-29 01:50:27 Image size of job updated: 34713352
	29971  -  MemoryUsage of job (MB)
	30689896  -  ResidentSetSize of job (KB)
...
006 (2016914.000.000) 2025-01-29 01:55:27 Image size of job updated: 35387460
	30911  -  MemoryUsage of job (MB)
	31652632  -  ResidentSetSize of job (KB)
...
006 (2016914.000.000) 2025-01-29 02:00:27 Image size of job updated: 36114052
	31829  -  MemoryUsage of job (MB)
	32592128  -  ResidentSetSize of job (KB)
...
006 (2016914.000.000) 2025-01-29 02:05:28 Image size of job updated: 37013108
	32540  -  MemoryUsage of job (MB)
	33320492  -  ResidentSetSize of job (KB)
...
006 (2016914.000.000) 2025-01-29 02:10:28 Image size of job updated: 37925272
	33449  -  MemoryUsage of job (MB)
	34251232  -  ResidentSetSize of job (KB)
...
006 (2016914.000.000) 2025-01-29 02:15:28 Image size of job updated: 38607324
	34120  -  MemoryUsage of job (MB)
	34938336  -  ResidentSetSize of job (KB)
...
006 (2016914.000.000) 2025-01-29 02:20:29 Image size of job updated: 39666264
	35050  -  MemoryUsage of job (MB)
	35890648  -  ResidentSetSize of job (KB)
...
006 (2016914.000.000) 2025-01-29 02:24:10 Image size of job updated: 40227820
	35050  -  MemoryUsage of job (MB)
	35890648  -  ResidentSetSize of job (KB)
...
005 (2016914.000.000) 2025-01-29 02:24:10 Job terminated.
	(1) Normal termination (return value 0)
		Usr 0 01:44:12, Sys 0 00:17:04  -  Run Remote Usage
		Usr 0 00:00:00, Sys 0 00:00:00  -  Run Local Usage
		Usr 0 01:44:12, Sys 0 00:17:04  -  Total Remote Usage
		Usr 0 00:00:00, Sys 0 00:00:00  -  Total Local Usage
	0  -  Run Bytes Sent By Job
	0  -  Run Bytes Received By Job
	0  -  Total Bytes Sent By Job
	0  -  Total Bytes Received By Job
	Partitionable Resources :    Usage  Request Allocated 
	   Cpus                 :     0.61        1         1 
	   Disk (KB)            :     2           2   6681224 
	   Memory (MB)          : 35050      128192    128256 
	   xferslots            :                           0 

	Job terminated of its own accord at 2025-01-29T07:24:10Z with exit-code 0.
...
000 (2017298.000.000) 2025-01-30 00:28:02 Job submitted from host: <130.199.48.81:9618?addrs=130.199.48.81-9618&alias=rcas2062.rcf.bnl.gov&noUDP&sock=schedd_48563_ad09>
...
001 (2017298.000.000) 2025-01-30 00:34:06 Job executing on host: <130.199.150.88:9618?addrs=130.199.150.88-9618&alias=spool1569.sdcc.bnl.gov&noUDP&sock=startd_33698_1751>
...
006 (2017298.000.000) 2025-01-30 00:34:15 Image size of job updated: 156520
	87  -  MemoryUsage of job (MB)
	88880  -  ResidentSetSize of job (KB)
...
006 (2017298.000.000) 2025-01-30 00:39:15 Image size of job updated: 5994364
	2433  -  MemoryUsage of job (MB)
	2490780  -  ResidentSetSize of job (KB)
...
006 (2017298.000.000) 2025-01-30 00:44:16 Image size of job updated: 6870136
	3285  -  MemoryUsage of job (MB)
	3363396  -  ResidentSetSize of job (KB)
...
006 (2017298.000.000) 2025-01-30 00:49:17 Image size of job updated: 8945920
	4819  -  MemoryUsage of job (MB)
	4934516  -  ResidentSetSize of job (KB)
...
006 (2017298.000.000) 2025-01-30 00:54:17 Image size of job updated: 11413900
	7839  -  MemoryUsage of job (MB)
	8026916  -  ResidentSetSize of job (KB)
...
006 (2017298.000.000) 2025-01-30 00:59:17 Image size of job updated: 14333416
	10641  -  MemoryUsage of job (MB)
	10895576  -  ResidentSetSize of job (KB)
...
006 (2017298.000.000) 2025-01-30 01:04:18 Image size of job updated: 17369488
	13205  -  MemoryUsage of job (MB)
	13521644  -  ResidentSetSize of job (KB)
...
006 (2017298.000.000) 2025-01-30 01:09:18 Image size of job updated: 19459052
	15543  -  MemoryUsage of job (MB)
	15915792  -  ResidentSetSize of job (KB)
...
006 (2017298.000.000) 2025-01-30 01:14:18 Image size of job updated: 21726332
	17771  -  MemoryUsage of job (MB)
	18197392  -  ResidentSetSize of job (KB)
...
006 (2017298.000.000) 2025-01-30 01:19:19 Image size of job updated: 24537732
	20469  -  MemoryUsage of job (MB)
	20959824  -  ResidentSetSize of job (KB)
...
006 (2017298.000.000) 2025-01-30 01:24:20 Image size of job updated: 26906092
	22501  -  MemoryUsage of job (MB)
	23040228  -  ResidentSetSize of job (KB)
...
006 (2017298.000.000) 2025-01-30 01:29:20 Image size of job updated: 28615716
	24688  -  MemoryUsage of job (MB)
	25280296  -  ResidentSetSize of job (KB)
...
006 (2017298.000.000) 2025-01-30 01:34:21 Image size of job updated: 30392512
	26350  -  MemoryUsage of job (MB)
	26982384  -  ResidentSetSize of job (KB)
...
006 (2017298.000.000) 2025-01-30 01:39:22 Image size of job updated: 32296160
	28049  -  MemoryUsage of job (MB)
	28721364  -  ResidentSetSize of job (KB)
...
006 (2017298.000.000) 2025-01-30 01:44:22 Image size of job updated: 33643808
	29394  -  MemoryUsage of job (MB)
	30099340  -  ResidentSetSize of job (KB)
...
006 (2017298.000.000) 2025-01-30 01:49:22 Image size of job updated: 35363612
	30897  -  MemoryUsage of job (MB)
	31638068  -  ResidentSetSize of job (KB)
...
006 (2017298.000.000) 2025-01-30 01:54:23 Image size of job updated: 36921588
	32213  -  MemoryUsage of job (MB)
	32986024  -  ResidentSetSize of job (KB)
...
006 (2017298.000.000) 2025-01-30 01:59:23 Image size of job updated: 37933940
	33462  -  MemoryUsage of job (MB)
	34264348  -  ResidentSetSize of job (KB)
...
006 (2017298.000.000) 2025-01-30 02:04:23 Image size of job updated: 39093344
	34782  -  MemoryUsage of job (MB)
	35615868  -  ResidentSetSize of job (KB)
...
006 (2017298.000.000) 2025-01-30 02:09:25 Image size of job updated: 40455216
	35814  -  MemoryUsage of job (MB)
	36673008  -  ResidentSetSize of job (KB)
...
006 (2017298.000.000) 2025-01-30 02:14:25 Image size of job updated: 42016572
	37199  -  MemoryUsage of job (MB)
	38091336  -  ResidentSetSize of job (KB)
...
006 (2017298.000.000) 2025-01-30 02:19:25 Image size of job updated: 43099708
	38566  -  MemoryUsage of job (MB)
	39490672  -  ResidentSetSize of job (KB)
...
006 (2017298.000.000) 2025-01-30 02:24:26 Image size of job updated: 44327948
	39867  -  MemoryUsage of job (MB)
	40823704  -  ResidentSetSize of job (KB)
...
006 (2017298.000.000) 2025-01-30 02:29:27 Image size of job updated: 45578940
	41167  -  MemoryUsage of job (MB)
	42154104  -  ResidentSetSize of job (KB)
...
006 (2017298.000.000) 2025-01-30 02:34:27 Image size of job updated: 47411800
	42642  -  MemoryUsage of job (MB)
	43665352  -  ResidentSetSize of job (KB)
...
006 (2017298.000.000) 2025-01-30 02:39:28 Image size of job updated: 48661528
	44065  -  MemoryUsage of job (MB)
	45121740  -  ResidentSetSize of job (KB)
...
006 (2017298.000.000) 2025-01-30 02:44:29 Image size of job updated: 50246772
	45652  -  MemoryUsage of job (MB)
	46747196  -  ResidentSetSize of job (KB)
...
006 (2017298.000.000) 2025-01-30 02:49:29 Image size of job updated: 51781840
	46777  -  MemoryUsage of job (MB)
	47898948  -  ResidentSetSize of job (KB)
...
006 (2017298.000.000) 2025-01-30 02:54:30 Image size of job updated: 53205292
	48134  -  MemoryUsage of job (MB)
	49288252  -  ResidentSetSize of job (KB)
...
006 (2017298.000.000) 2025-01-30 02:59:31 Image size of job updated: 54373408
	49479  -  MemoryUsage of job (MB)
	50666028  -  ResidentSetSize of job (KB)
...
006 (2017298.000.000) 2025-01-30 03:04:31 Image size of job updated: 55380176
	50579  -  MemoryUsage of job (MB)
	51792492  -  ResidentSetSize of job (KB)
...
006 (2017298.000.000) 2025-01-30 03:09:32 Image size of job updated: 56456848
	51574  -  MemoryUsage of job (MB)
	52811268  -  ResidentSetSize of job (KB)
...
006 (2017298.000.000) 2025-01-30 03:14:33 Image size of job updated: 57705512
	52562  -  MemoryUsage of job (MB)
	53823056  -  ResidentSetSize of job (KB)
...
006 (2017298.000.000) 2025-01-30 03:19:33 Image size of job updated: 58666964
	53476  -  MemoryUsage of job (MB)
	54758432  -  ResidentSetSize of job (KB)
...
006 (2017298.000.000) 2025-01-30 03:24:33 Image size of job updated: 59720552
	54701  -  MemoryUsage of job (MB)
	56012992  -  ResidentSetSize of job (KB)
...
006 (2017298.000.000) 2025-01-30 03:29:34 Image size of job updated: 60661480
	55701  -  MemoryUsage of job (MB)
	57037584  -  ResidentSetSize of job (KB)
...
006 (2017298.000.000) 2025-01-30 03:34:34 Image size of job updated: 61631276
	56822  -  MemoryUsage of job (MB)
	58185196  -  ResidentSetSize of job (KB)
...
006 (2017298.000.000) 2025-01-30 03:39:34 Image size of job updated: 63108072
	57944  -  MemoryUsage of job (MB)
	59333684  -  ResidentSetSize of job (KB)
...
006 (2017298.000.000) 2025-01-30 03:44:35 Image size of job updated: 64105164
	58701  -  MemoryUsage of job (MB)
	60109544  -  ResidentSetSize of job (KB)
...
006 (2017298.000.000) 2025-01-30 03:49:36 Image size of job updated: 64999772
	59605  -  MemoryUsage of job (MB)
	61035072  -  ResidentSetSize of job (KB)
...
006 (2017298.000.000) 2025-01-30 03:54:36 Image size of job updated: 65706944
	60692  -  MemoryUsage of job (MB)
	62148148  -  ResidentSetSize of job (KB)
...
006 (2017298.000.000) 2025-01-30 03:59:37 Image size of job updated: 67316212
	61811  -  MemoryUsage of job (MB)
	63293604  -  ResidentSetSize of job (KB)
...
006 (2017298.000.000) 2025-01-30 04:04:38 Image size of job updated: 68374596
	62866  -  MemoryUsage of job (MB)
	64374576  -  ResidentSetSize of job (KB)
...
006 (2017298.000.000) 2025-01-30 04:09:38 Image size of job updated: 69473992
	63923  -  MemoryUsage of job (MB)
	65456872  -  ResidentSetSize of job (KB)
...
006 (2017298.000.000) 2025-01-30 04:13:56 Image size of job updated: 70383828
	63923  -  MemoryUsage of job (MB)
	65456872  -  ResidentSetSize of job (KB)
...
005 (2017298.000.000) 2025-01-30 04:13:56 Job terminated.
	(1) Normal termination (return value 0)
		Usr 0 02:48:50, Sys 0 00:23:49  -  Run Remote Usage
		Usr 0 00:00:00, Sys 0 00:00:00  -  Run Local Usage
		Usr 0 02:48:50, Sys 0 00:23:49  -  Total Remote Usage
		Usr 0 00:00:00, Sys 0 00:00:00  -  Total Local Usage
	0  -  Run Bytes Sent By Job
	0  -  Run Bytes Received By Job
	0  -  Total Bytes Sent By Job
	0  -  Total Bytes Received By Job
	Partitionable Resources :    Usage  Request Allocated 
	   Cpus                 :     0.70        1         1 
	   Disk (KB)            :     2           2   6681235 
	   Memory (MB)          : 63923      128192    128256 
	   xferslots            :                           0 

	Job terminated of its own accord at 2025-01-30T09:13:56Z with exit-code 0.
...
000 (2018744.000.000) 2025-02-02 20:32:15 Job submitted from host: <130.199.48.81:9618?addrs=130.199.48.81-9618&alias=rcas2062.rcf.bnl.gov&noUDP&sock=schedd_48563_ad09>
...
001 (2018744.000.000) 2025-02-02 20:35:14 Job executing on host: <130.199.186.10:9618?addrs=130.199.186.10-9618&alias=spool1807.sdcc.bnl.gov&noUDP&sock=startd_68265_1c36>
...
006 (2018744.000.000) 2025-02-02 20:35:23 Image size of job updated: 49552
	33  -  MemoryUsage of job (MB)
	33604  -  ResidentSetSize of job (KB)
...
006 (2018744.000.000) 2025-02-02 20:37:44 Image size of job updated: 4000868
	33  -  MemoryUsage of job (MB)
	33604  -  ResidentSetSize of job (KB)
...
005 (2018744.000.000) 2025-02-02 20:37:44 Job terminated.
	(1) Normal termination (return value 0)
		Usr 0 00:02:05, Sys 0 00:00:05  -  Run Remote Usage
		Usr 0 00:00:00, Sys 0 00:00:00  -  Run Local Usage
		Usr 0 00:02:05, Sys 0 00:00:05  -  Total Remote Usage
		Usr 0 00:00:00, Sys 0 00:00:00  -  Total Local Usage
	0  -  Run Bytes Sent By Job
	0  -  Run Bytes Received By Job
	0  -  Total Bytes Sent By Job
	0  -  Total Bytes Received By Job
	Partitionable Resources :    Usage  Request Allocated 
	   Cpus                 :     0.97        1         1 
	   Disk (KB)            :     2           2   6681630 
	   Memory (MB)          :    33      128192    128256 
	   xferslots            :                           0 

	Job terminated of its own accord at 2025-02-03T01:37:44Z with exit-code 0.
...
000 (2019128.000.000) 2025-02-02 20:56:46 Job submitted from host: <130.199.48.81:9618?addrs=130.199.48.81-9618&alias=rcas2062.rcf.bnl.gov&noUDP&sock=schedd_48563_ad09>
...
001 (2019128.000.000) 2025-02-02 20:58:05 Job executing on host: <130.199.184.215:9618?addrs=130.199.184.215-9618&alias=spool1790.sdcc.bnl.gov&noUDP&sock=startd_35756_6c0e>
...
006 (2019128.000.000) 2025-02-02 20:58:13 Image size of job updated: 389924
	63  -  MemoryUsage of job (MB)
	64212  -  ResidentSetSize of job (KB)
...
006 (2019128.000.000) 2025-02-02 21:00:46 Image size of job updated: 4000876
	63  -  MemoryUsage of job (MB)
	64248  -  ResidentSetSize of job (KB)
...
005 (2019128.000.000) 2025-02-02 21:00:46 Job terminated.
	(1) Normal termination (return value 0)
		Usr 0 00:02:19, Sys 0 00:00:06  -  Run Remote Usage
		Usr 0 00:00:00, Sys 0 00:00:00  -  Run Local Usage
		Usr 0 00:02:19, Sys 0 00:00:06  -  Total Remote Usage
		Usr 0 00:00:00, Sys 0 00:00:00  -  Total Local Usage
	0  -  Run Bytes Sent By Job
	0  -  Run Bytes Received By Job
	0  -  Total Bytes Sent By Job
	0  -  Total Bytes Received By Job
	Partitionable Resources :    Usage  Request Allocated 
	   Cpus                 :                 1         1 
	   Disk (KB)            :        2        2   6681621 
	   Memory (MB)          :       63   128192    128256 
	   xferslots            :                           0 

	Job terminated of its own accord at 2025-02-03T02:00:46Z with exit-code 0.
...
000 (2019512.000.000) 2025-02-02 22:34:27 Job submitted from host: <130.199.48.81:9618?addrs=130.199.48.81-9618&alias=rcas2062.rcf.bnl.gov&noUDP&sock=schedd_48563_ad09>
...
001 (2019512.000.000) 2025-02-02 22:38:52 Job executing on host: <130.199.150.89:9618?addrs=130.199.150.89-9618&alias=spool1570.sdcc.bnl.gov&noUDP&sock=startd_37304_5835>
...
006 (2019512.000.000) 2025-02-02 22:39:01 Image size of job updated: 298548
	8  -  MemoryUsage of job (MB)
	7292  -  ResidentSetSize of job (KB)
...
006 (2019512.000.000) 2025-02-02 22:41:50 Image size of job updated: 4000876
	8  -  MemoryUsage of job (MB)
	7292  -  ResidentSetSize of job (KB)
...
005 (2019512.000.000) 2025-02-02 22:41:50 Job terminated.
	(1) Normal termination (return value 0)
		Usr 0 00:02:20, Sys 0 00:00:06  -  Run Remote Usage
		Usr 0 00:00:00, Sys 0 00:00:00  -  Run Local Usage
		Usr 0 00:02:20, Sys 0 00:00:06  -  Total Remote Usage
		Usr 0 00:00:00, Sys 0 00:00:00  -  Total Local Usage
	0  -  Run Bytes Sent By Job
	0  -  Run Bytes Received By Job
	0  -  Total Bytes Sent By Job
	0  -  Total Bytes Received By Job
	Partitionable Resources :    Usage  Request Allocated 
	   Cpus                 :                 1         1 
	   Disk (KB)            :        2        2   6681236 
	   Memory (MB)          :        8   128192    128256 
	   xferslots            :                           0 

	Job terminated of its own accord at 2025-02-03T03:41:50Z with exit-code 0.
...
