000 (2017054.000.000) 2025-01-28 23:08:05 Job submitted from host: <130.199.48.81:9618?addrs=130.199.48.81-9618&alias=rcas2062.rcf.bnl.gov&noUDP&sock=schedd_48563_ad09>
...
001 (2017054.000.000) 2025-01-29 01:29:34 Job executing on host: <130.199.186.69:9618?addrs=130.199.186.69-9618&alias=spool1832.sdcc.bnl.gov&noUDP&sock=startd_24966_85f7>
...
006 (2017054.000.000) 2025-01-29 01:29:42 Image size of job updated: 148104
	73  -  MemoryUsage of job (MB)
	74700  -  ResidentSetSize of job (KB)
...
006 (2017054.000.000) 2025-01-29 01:29:50 Image size of job updated: 193480
	74  -  MemoryUsage of job (MB)
	74780  -  ResidentSetSize of job (KB)
...
005 (2017054.000.000) 2025-01-29 01:29:50 Job terminated.
	(1) Normal termination (return value 0)
		Usr 0 00:00:03, Sys 0 00:00:02  -  Run Remote Usage
		Usr 0 00:00:00, Sys 0 00:00:00  -  Run Local Usage
		Usr 0 00:00:03, Sys 0 00:00:02  -  Total Remote Usage
		Usr 0 00:00:00, Sys 0 00:00:00  -  Total Local Usage
	0  -  Run Bytes Sent By Job
	0  -  Run Bytes Received By Job
	0  -  Total Bytes Sent By Job
	0  -  Total Bytes Received By Job
	Partitionable Resources :    Usage  Request Allocated 
	   Cpus                 :                 1         1 
	   Disk (KB)            :        2        2   6681558 
	   Memory (MB)          :       74   128192    128256 
	   xferslots            :                           0 

	Job terminated of its own accord at 2025-01-29T06:29:50Z with exit-code 0.
...
000 (2017438.000.000) 2025-01-30 00:28:18 Job submitted from host: <130.199.48.81:9618?addrs=130.199.48.81-9618&alias=rcas2062.rcf.bnl.gov&noUDP&sock=schedd_48563_ad09>
...
001 (2017438.000.000) 2025-01-30 04:56:53 Job executing on host: <130.199.207.224:9618?addrs=130.199.207.224-9618&alias=spool1511.sdcc.bnl.gov&noUDP&sock=startd_58964_760b>
...
006 (2017438.000.000) 2025-01-30 04:57:02 Image size of job updated: 46828
	33  -  MemoryUsage of job (MB)
	32992  -  ResidentSetSize of job (KB)
...
006 (2017438.000.000) 2025-01-30 05:02:02 Image size of job updated: 3868784
	226  -  MemoryUsage of job (MB)
	230692  -  ResidentSetSize of job (KB)
...
006 (2017438.000.000) 2025-01-30 05:07:02 Image size of job updated: 5366372
	1582  -  MemoryUsage of job (MB)
	1619400  -  ResidentSetSize of job (KB)
...
006 (2017438.000.000) 2025-01-30 05:12:03 Image size of job updated: 6627056
	2724  -  MemoryUsage of job (MB)
	2789168  -  ResidentSetSize of job (KB)
...
006 (2017438.000.000) 2025-01-30 05:17:03 Image size of job updated: 7914304
	4071  -  MemoryUsage of job (MB)
	4168260  -  ResidentSetSize of job (KB)
...
006 (2017438.000.000) 2025-01-30 05:22:03 Image size of job updated: 9385028
	5528  -  MemoryUsage of job (MB)
	5659908  -  ResidentSetSize of job (KB)
...
006 (2017438.000.000) 2025-01-30 05:27:04 Image size of job updated: 10827104
	6917  -  MemoryUsage of job (MB)
	7082528  -  ResidentSetSize of job (KB)
...
006 (2017438.000.000) 2025-01-30 05:32:05 Image size of job updated: 12283512
	8094  -  MemoryUsage of job (MB)
	8287716  -  ResidentSetSize of job (KB)
...
006 (2017438.000.000) 2025-01-30 05:37:05 Image size of job updated: 13440808
	9162  -  MemoryUsage of job (MB)
	9381168  -  ResidentSetSize of job (KB)
...
006 (2017438.000.000) 2025-01-30 05:42:06 Image size of job updated: 14752648
	10677  -  MemoryUsage of job (MB)
	10933016  -  ResidentSetSize of job (KB)
...
006 (2017438.000.000) 2025-01-30 05:47:07 Image size of job updated: 16374376
	12234  -  MemoryUsage of job (MB)
	12527400  -  ResidentSetSize of job (KB)
...
006 (2017438.000.000) 2025-01-30 05:52:07 Image size of job updated: 17688320
	13625  -  MemoryUsage of job (MB)
	13951824  -  ResidentSetSize of job (KB)
...
006 (2017438.000.000) 2025-01-30 05:57:08 Image size of job updated: 19214424
	15458  -  MemoryUsage of job (MB)
	15828208  -  ResidentSetSize of job (KB)
...
006 (2017438.000.000) 2025-01-30 06:02:09 Image size of job updated: 21464120
	17264  -  MemoryUsage of job (MB)
	17677944  -  ResidentSetSize of job (KB)
...
006 (2017438.000.000) 2025-01-30 06:07:09 Image size of job updated: 23177160
	18992  -  MemoryUsage of job (MB)
	19446848  -  ResidentSetSize of job (KB)
...
006 (2017438.000.000) 2025-01-30 06:12:09 Image size of job updated: 25052132
	21065  -  MemoryUsage of job (MB)
	21569564  -  ResidentSetSize of job (KB)
...
006 (2017438.000.000) 2025-01-30 06:17:10 Image size of job updated: 26860072
	22693  -  MemoryUsage of job (MB)
	23237388  -  ResidentSetSize of job (KB)
...
006 (2017438.000.000) 2025-01-30 06:22:10 Image size of job updated: 28531028
	24469  -  MemoryUsage of job (MB)
	25055708  -  ResidentSetSize of job (KB)
...
006 (2017438.000.000) 2025-01-30 06:27:10 Image size of job updated: 30333296
	26324  -  MemoryUsage of job (MB)
	26955260  -  ResidentSetSize of job (KB)
...
006 (2017438.000.000) 2025-01-30 06:32:11 Image size of job updated: 32540164
	27868  -  MemoryUsage of job (MB)
	28536792  -  ResidentSetSize of job (KB)
...
006 (2017438.000.000) 2025-01-30 06:37:11 Image size of job updated: 33912860
	29384  -  MemoryUsage of job (MB)
	30088208  -  ResidentSetSize of job (KB)
...
006 (2017438.000.000) 2025-01-30 06:42:11 Image size of job updated: 35065400
	30930  -  MemoryUsage of job (MB)
	31671708  -  ResidentSetSize of job (KB)
...
006 (2017438.000.000) 2025-01-30 06:47:12 Image size of job updated: 36649276
	32246  -  MemoryUsage of job (MB)
	33019868  -  ResidentSetSize of job (KB)
...
006 (2017438.000.000) 2025-01-30 06:52:12 Image size of job updated: 38128332
	33565  -  MemoryUsage of job (MB)
	34370540  -  ResidentSetSize of job (KB)
...
006 (2017438.000.000) 2025-01-30 06:57:12 Image size of job updated: 39697640
	34738  -  MemoryUsage of job (MB)
	35570704  -  ResidentSetSize of job (KB)
...
006 (2017438.000.000) 2025-01-30 07:02:13 Image size of job updated: 40238048
	36001  -  MemoryUsage of job (MB)
	36864596  -  ResidentSetSize of job (KB)
...
006 (2017438.000.000) 2025-01-30 07:07:14 Image size of job updated: 41994132
	37248  -  MemoryUsage of job (MB)
	38141808  -  ResidentSetSize of job (KB)
...
006 (2017438.000.000) 2025-01-30 07:12:14 Image size of job updated: 43186088
	38444  -  MemoryUsage of job (MB)
	39365856  -  ResidentSetSize of job (KB)
...
006 (2017438.000.000) 2025-01-30 07:17:15 Image size of job updated: 44129404
	39428  -  MemoryUsage of job (MB)
	40373880  -  ResidentSetSize of job (KB)
...
006 (2017438.000.000) 2025-01-30 07:22:16 Image size of job updated: 45758480
	40561  -  MemoryUsage of job (MB)
	41534068  -  ResidentSetSize of job (KB)
...
006 (2017438.000.000) 2025-01-30 07:27:16 Image size of job updated: 46860768
	41843  -  MemoryUsage of job (MB)
	42846384  -  ResidentSetSize of job (KB)
...
006 (2017438.000.000) 2025-01-30 07:32:17 Image size of job updated: 47338120
	42865  -  MemoryUsage of job (MB)
	43893276  -  ResidentSetSize of job (KB)
...
006 (2017438.000.000) 2025-01-30 07:37:18 Image size of job updated: 49279980
	44401  -  MemoryUsage of job (MB)
	45466016  -  ResidentSetSize of job (KB)
...
006 (2017438.000.000) 2025-01-30 07:42:18 Image size of job updated: 50860232
	46359  -  MemoryUsage of job (MB)
	47470712  -  ResidentSetSize of job (KB)
...
006 (2017438.000.000) 2025-01-30 07:47:18 Image size of job updated: 53129924
	48234  -  MemoryUsage of job (MB)
	49391292  -  ResidentSetSize of job (KB)
...
006 (2017438.000.000) 2025-01-30 07:52:19 Image size of job updated: 54704132
	50095  -  MemoryUsage of job (MB)
	51297164  -  ResidentSetSize of job (KB)
...
006 (2017438.000.000) 2025-01-30 07:57:19 Image size of job updated: 56975188
	51949  -  MemoryUsage of job (MB)
	53194976  -  ResidentSetSize of job (KB)
...
006 (2017438.000.000) 2025-01-30 08:02:19 Image size of job updated: 58738652
	53656  -  MemoryUsage of job (MB)
	54943284  -  ResidentSetSize of job (KB)
...
006 (2017438.000.000) 2025-01-30 08:07:20 Image size of job updated: 60098836
	55333  -  MemoryUsage of job (MB)
	56660632  -  ResidentSetSize of job (KB)
...
006 (2017438.000.000) 2025-01-30 08:12:21 Image size of job updated: 61787936
	57003  -  MemoryUsage of job (MB)
	58370364  -  ResidentSetSize of job (KB)
...
006 (2017438.000.000) 2025-01-30 08:17:21 Image size of job updated: 63040976
	58219  -  MemoryUsage of job (MB)
	59615332  -  ResidentSetSize of job (KB)
...
006 (2017438.000.000) 2025-01-30 08:22:22 Image size of job updated: 64863092
	59426  -  MemoryUsage of job (MB)
	60851640  -  ResidentSetSize of job (KB)
...
006 (2017438.000.000) 2025-01-30 08:27:23 Image size of job updated: 66267568
	60986  -  MemoryUsage of job (MB)
	62449080  -  ResidentSetSize of job (KB)
...
006 (2017438.000.000) 2025-01-30 08:32:23 Image size of job updated: 67533712
	62337  -  MemoryUsage of job (MB)
	63832156  -  ResidentSetSize of job (KB)
...
006 (2017438.000.000) 2025-01-30 08:37:24 Image size of job updated: 68905204
	63866  -  MemoryUsage of job (MB)
	65398220  -  ResidentSetSize of job (KB)
...
006 (2017438.000.000) 2025-01-30 08:38:51 Image size of job updated: 69235492
	63866  -  MemoryUsage of job (MB)
	65398368  -  ResidentSetSize of job (KB)
...
005 (2017438.000.000) 2025-01-30 08:38:51 Job terminated.
	(1) Normal termination (return value 0)
		Usr 0 03:00:44, Sys 0 00:27:09  -  Run Remote Usage
		Usr 0 00:00:00, Sys 0 00:00:00  -  Run Local Usage
		Usr 0 03:00:44, Sys 0 00:27:09  -  Total Remote Usage
		Usr 0 00:00:00, Sys 0 00:00:00  -  Total Local Usage
	0  -  Run Bytes Sent By Job
	0  -  Run Bytes Received By Job
	0  -  Total Bytes Sent By Job
	0  -  Total Bytes Received By Job
	Partitionable Resources :    Usage  Request Allocated 
	   Cpus                 :     0.96        1         1 
	   Disk (KB)            :     2           2   6681241 
	   Memory (MB)          : 63866      128192    128256 
	   xferslots            :                           0 

	Job terminated of its own accord at 2025-01-30T13:38:51Z with exit-code 0.
...
000 (2018884.000.000) 2025-02-02 20:32:29 Job submitted from host: <130.199.48.81:9618?addrs=130.199.48.81-9618&alias=rcas2062.rcf.bnl.gov&noUDP&sock=schedd_48563_ad09>
...
001 (2018884.000.000) 2025-02-02 20:39:16 Job executing on host: <130.199.150.92:9618?addrs=130.199.150.92-9618&alias=spool1573.sdcc.bnl.gov&noUDP&sock=startd_49429_c105>
...
006 (2018884.000.000) 2025-02-02 20:39:25 Image size of job updated: 175580
	92  -  MemoryUsage of job (MB)
	93636  -  ResidentSetSize of job (KB)
...
006 (2018884.000.000) 2025-02-02 20:41:59 Image size of job updated: 4001196
	92  -  MemoryUsage of job (MB)
	93648  -  ResidentSetSize of job (KB)
...
005 (2018884.000.000) 2025-02-02 20:42:00 Job terminated.
	(1) Normal termination (return value 0)
		Usr 0 00:02:19, Sys 0 00:00:06  -  Run Remote Usage
		Usr 0 00:00:00, Sys 0 00:00:00  -  Run Local Usage
		Usr 0 00:02:19, Sys 0 00:00:06  -  Total Remote Usage
		Usr 0 00:00:00, Sys 0 00:00:00  -  Total Local Usage
	0  -  Run Bytes Sent By Job
	0  -  Run Bytes Received By Job
	0  -  Total Bytes Sent By Job
	0  -  Total Bytes Received By Job
	Partitionable Resources :    Usage  Request Allocated 
	   Cpus                 :     0.98        1         1 
	   Disk (KB)            :     2           2   6681240 
	   Memory (MB)          :    92      128192    128256 
	   xferslots            :                           0 

	Job terminated of its own accord at 2025-02-03T01:41:59Z with exit-code 0.
...
000 (2019268.000.000) 2025-02-02 20:56:58 Job submitted from host: <130.199.48.81:9618?addrs=130.199.48.81-9618&alias=rcas2062.rcf.bnl.gov&noUDP&sock=schedd_48563_ad09>
...
001 (2019268.000.000) 2025-02-02 21:01:04 Job executing on host: <130.199.151.32:9618?addrs=130.199.151.32-9618&alias=spool1610.sdcc.bnl.gov&noUDP&sock=startd_73852_533e>
...
006 (2019268.000.000) 2025-02-02 21:01:12 Image size of job updated: 148112
	78  -  MemoryUsage of job (MB)
	78864  -  ResidentSetSize of job (KB)
...
006 (2019268.000.000) 2025-02-02 21:03:49 Image size of job updated: 4001208
	78  -  MemoryUsage of job (MB)
	78868  -  ResidentSetSize of job (KB)
...
005 (2019268.000.000) 2025-02-02 21:03:49 Job terminated.
	(1) Normal termination (return value 0)
		Usr 0 00:02:20, Sys 0 00:00:06  -  Run Remote Usage
		Usr 0 00:00:00, Sys 0 00:00:00  -  Run Local Usage
		Usr 0 00:02:20, Sys 0 00:00:06  -  Total Remote Usage
		Usr 0 00:00:00, Sys 0 00:00:00  -  Total Local Usage
	0  -  Run Bytes Sent By Job
	0  -  Run Bytes Received By Job
	0  -  Total Bytes Sent By Job
	0  -  Total Bytes Received By Job
	Partitionable Resources :    Usage  Request Allocated 
	   Cpus                 :     0.87        1         1 
	   Disk (KB)            :     2           2   6681229 
	   Memory (MB)          :    78      128192    128256 
	   xferslots            :                           0 

	Job terminated of its own accord at 2025-02-03T02:03:49Z with exit-code 0.
...
000 (2019652.000.000) 2025-02-02 22:34:39 Job submitted from host: <130.199.48.81:9618?addrs=130.199.48.81-9618&alias=rcas2062.rcf.bnl.gov&noUDP&sock=schedd_48563_ad09>
...
001 (2019652.000.000) 2025-02-02 22:44:03 Job executing on host: <130.199.184.154:9618?addrs=130.199.184.154-9618&alias=spool1763.sdcc.bnl.gov&noUDP&sock=startd_44130_aff8>
...
006 (2019652.000.000) 2025-02-02 22:44:11 Image size of job updated: 113568
	36  -  MemoryUsage of job (MB)
	36332  -  ResidentSetSize of job (KB)
...
006 (2019652.000.000) 2025-02-02 22:47:24 Image size of job updated: 4001192
	36  -  MemoryUsage of job (MB)
	36332  -  ResidentSetSize of job (KB)
...
005 (2019652.000.000) 2025-02-02 22:47:24 Job terminated.
	(1) Normal termination (return value 0)
		Usr 0 00:02:28, Sys 0 00:00:06  -  Run Remote Usage
		Usr 0 00:00:00, Sys 0 00:00:00  -  Run Local Usage
		Usr 0 00:02:28, Sys 0 00:00:06  -  Total Remote Usage
		Usr 0 00:00:00, Sys 0 00:00:00  -  Total Local Usage
	0  -  Run Bytes Sent By Job
	0  -  Run Bytes Received By Job
	0  -  Total Bytes Sent By Job
	0  -  Total Bytes Received By Job
	Partitionable Resources :    Usage  Request Allocated 
	   Cpus                 :     0.93        1         1 
	   Disk (KB)            :     2           2   6681628 
	   Memory (MB)          :    36      128192    128256 
	   xferslots            :                           0 

	Job terminated of its own accord at 2025-02-03T03:47:24Z with exit-code 0.
...
