000 (2017209.000.000) 2025-01-28 23:08:18 Job submitted from host: <130.199.48.81:9618?addrs=130.199.48.81-9618&alias=rcas2062.rcf.bnl.gov&noUDP&sock=schedd_48563_ad09>
...
001 (2017209.000.000) 2025-01-29 01:37:18 Job executing on host: <130.199.186.10:9618?addrs=130.199.186.10-9618&alias=spool1807.sdcc.bnl.gov&noUDP&sock=startd_68265_1c36>
...
006 (2017209.000.000) 2025-01-29 01:37:27 Image size of job updated: 576344
	99  -  MemoryUsage of job (MB)
	100644  -  ResidentSetSize of job (KB)
...
006 (2017209.000.000) 2025-01-29 01:37:31 Image size of job updated: 576344
	99  -  MemoryUsage of job (MB)
	100784  -  ResidentSetSize of job (KB)
...
005 (2017209.000.000) 2025-01-29 01:37:31 Job terminated.
	(1) Normal termination (return value 0)
		Usr 0 00:00:04, Sys 0 00:00:02  -  Run Remote Usage
		Usr 0 00:00:00, Sys 0 00:00:00  -  Run Local Usage
		Usr 0 00:00:04, Sys 0 00:00:02  -  Total Remote Usage
		Usr 0 00:00:00, Sys 0 00:00:00  -  Total Local Usage
	0  -  Run Bytes Sent By Job
	0  -  Run Bytes Received By Job
	0  -  Total Bytes Sent By Job
	0  -  Total Bytes Received By Job
	Partitionable Resources :    Usage  Request Allocated 
	   Cpus                 :                 1         1 
	   Disk (KB)            :        2        2   6681630 
	   Memory (MB)          :       99   128192    128256 
	   xferslots            :                           0 

	Job terminated of its own accord at 2025-01-29T06:37:31Z with exit-code 0.
...
000 (2017593.000.000) 2025-01-30 00:28:35 Job submitted from host: <130.199.48.81:9618?addrs=130.199.48.81-9618&alias=rcas2062.rcf.bnl.gov&noUDP&sock=schedd_48563_ad09>
...
001 (2017593.000.000) 2025-01-30 09:47:06 Job executing on host: <130.199.151.31:9618?addrs=130.199.151.31-9618&alias=spool1609.sdcc.bnl.gov&noUDP&sock=startd_83325_68fb>
...
006 (2017593.000.000) 2025-01-30 09:47:14 Image size of job updated: 12940
	7  -  MemoryUsage of job (MB)
	7052  -  ResidentSetSize of job (KB)
...
006 (2017593.000.000) 2025-01-30 09:52:14 Image size of job updated: 4540688
	942  -  MemoryUsage of job (MB)
	964464  -  ResidentSetSize of job (KB)
...
006 (2017593.000.000) 2025-01-30 09:57:15 Image size of job updated: 6263848
	2104  -  MemoryUsage of job (MB)
	2153628  -  ResidentSetSize of job (KB)
...
006 (2017593.000.000) 2025-01-30 10:09:54 Image size of job updated: 7250984
	6305  -  MemoryUsage of job (MB)
	6455720  -  ResidentSetSize of job (KB)
...
006 (2017593.000.000) 2025-01-30 10:32:54 Image size of job updated: 15366968
	11306  -  MemoryUsage of job (MB)
	11576600  -  ResidentSetSize of job (KB)
...
006 (2017593.000.000) 2025-01-30 10:51:18 Image size of job updated: 19426760
	15440  -  MemoryUsage of job (MB)
	15810076  -  ResidentSetSize of job (KB)
...
006 (2017593.000.000) 2025-01-30 11:02:21 Image size of job updated: 22121768
	18251  -  MemoryUsage of job (MB)
	18688404  -  ResidentSetSize of job (KB)
...
006 (2017593.000.000) 2025-01-30 11:08:58 Image size of job updated: 23993816
	19758  -  MemoryUsage of job (MB)
	20232040  -  ResidentSetSize of job (KB)
...
006 (2017593.000.000) 2025-01-30 11:13:59 Image size of job updated: 25070896
	20708  -  MemoryUsage of job (MB)
	21204324  -  ResidentSetSize of job (KB)
...
006 (2017593.000.000) 2025-01-30 11:19:00 Image size of job updated: 25778460
	21744  -  MemoryUsage of job (MB)
	22264904  -  ResidentSetSize of job (KB)
...
006 (2017593.000.000) 2025-01-30 11:24:00 Image size of job updated: 26718712
	22628  -  MemoryUsage of job (MB)
	23171064  -  ResidentSetSize of job (KB)
...
006 (2017593.000.000) 2025-01-30 11:29:01 Image size of job updated: 27675068
	23474  -  MemoryUsage of job (MB)
	24036492  -  ResidentSetSize of job (KB)
...
006 (2017593.000.000) 2025-01-30 11:34:02 Image size of job updated: 28692752
	24514  -  MemoryUsage of job (MB)
	25102012  -  ResidentSetSize of job (KB)
...
006 (2017593.000.000) 2025-01-30 11:39:02 Image size of job updated: 30080416
	25809  -  MemoryUsage of job (MB)
	26427692  -  ResidentSetSize of job (KB)
...
006 (2017593.000.000) 2025-01-30 11:44:02 Image size of job updated: 31109120
	26924  -  MemoryUsage of job (MB)
	27569160  -  ResidentSetSize of job (KB)
...
006 (2017593.000.000) 2025-01-30 11:49:03 Image size of job updated: 32197532
	27988  -  MemoryUsage of job (MB)
	28658708  -  ResidentSetSize of job (KB)
...
006 (2017593.000.000) 2025-01-30 11:54:03 Image size of job updated: 33441984
	29099  -  MemoryUsage of job (MB)
	29796840  -  ResidentSetSize of job (KB)
...
006 (2017593.000.000) 2025-01-30 11:59:03 Image size of job updated: 34528172
	30133  -  MemoryUsage of job (MB)
	30855864  -  ResidentSetSize of job (KB)
...
006 (2017593.000.000) 2025-01-30 12:04:05 Image size of job updated: 35699828
	31262  -  MemoryUsage of job (MB)
	32011952  -  ResidentSetSize of job (KB)
...
006 (2017593.000.000) 2025-01-30 12:09:05 Image size of job updated: 36556736
	32118  -  MemoryUsage of job (MB)
	32888340  -  ResidentSetSize of job (KB)
...
006 (2017593.000.000) 2025-01-30 12:14:05 Image size of job updated: 38177508
	33353  -  MemoryUsage of job (MB)
	34152948  -  ResidentSetSize of job (KB)
...
006 (2017593.000.000) 2025-01-30 12:19:06 Image size of job updated: 39402496
	34719  -  MemoryUsage of job (MB)
	35551880  -  ResidentSetSize of job (KB)
...
006 (2017593.000.000) 2025-01-30 12:24:06 Image size of job updated: 40516828
	35723  -  MemoryUsage of job (MB)
	36579444  -  ResidentSetSize of job (KB)
...
006 (2017593.000.000) 2025-01-30 12:29:06 Image size of job updated: 41733808
	36581  -  MemoryUsage of job (MB)
	37458940  -  ResidentSetSize of job (KB)
...
006 (2017593.000.000) 2025-01-30 12:34:07 Image size of job updated: 42494620
	37740  -  MemoryUsage of job (MB)
	38644868  -  ResidentSetSize of job (KB)
...
006 (2017593.000.000) 2025-01-30 12:39:08 Image size of job updated: 44058416
	38986  -  MemoryUsage of job (MB)
	39921240  -  ResidentSetSize of job (KB)
...
006 (2017593.000.000) 2025-01-30 12:44:08 Image size of job updated: 45068640
	40233  -  MemoryUsage of job (MB)
	41197884  -  ResidentSetSize of job (KB)
...
006 (2017593.000.000) 2025-01-30 12:49:09 Image size of job updated: 46408268
	41346  -  MemoryUsage of job (MB)
	42337820  -  ResidentSetSize of job (KB)
...
006 (2017593.000.000) 2025-01-30 12:54:10 Image size of job updated: 47645572
	42500  -  MemoryUsage of job (MB)
	43519328  -  ResidentSetSize of job (KB)
...
006 (2017593.000.000) 2025-01-30 12:59:10 Image size of job updated: 48620368
	43457  -  MemoryUsage of job (MB)
	44499588  -  ResidentSetSize of job (KB)
...
006 (2017593.000.000) 2025-01-30 13:04:11 Image size of job updated: 49796772
	44492  -  MemoryUsage of job (MB)
	45558976  -  ResidentSetSize of job (KB)
...
006 (2017593.000.000) 2025-01-30 13:09:12 Image size of job updated: 50873804
	45751  -  MemoryUsage of job (MB)
	46848820  -  ResidentSetSize of job (KB)
...
006 (2017593.000.000) 2025-01-30 13:14:12 Image size of job updated: 52160292
	46753  -  MemoryUsage of job (MB)
	47874632  -  ResidentSetSize of job (KB)
...
006 (2017593.000.000) 2025-01-30 13:19:12 Image size of job updated: 53679852
	48088  -  MemoryUsage of job (MB)
	49241180  -  ResidentSetSize of job (KB)
...
006 (2017593.000.000) 2025-01-30 13:24:13 Image size of job updated: 55386708
	50003  -  MemoryUsage of job (MB)
	51202532  -  ResidentSetSize of job (KB)
...
006 (2017593.000.000) 2025-01-30 13:29:13 Image size of job updated: 56945808
	51448  -  MemoryUsage of job (MB)
	52681916  -  ResidentSetSize of job (KB)
...
006 (2017593.000.000) 2025-01-30 13:34:13 Image size of job updated: 59013176
	53214  -  MemoryUsage of job (MB)
	54490132  -  ResidentSetSize of job (KB)
...
006 (2017593.000.000) 2025-01-30 13:39:14 Image size of job updated: 60360928
	54888  -  MemoryUsage of job (MB)
	56205192  -  ResidentSetSize of job (KB)
...
006 (2017593.000.000) 2025-01-30 13:44:15 Image size of job updated: 61934232
	56225  -  MemoryUsage of job (MB)
	57573692  -  ResidentSetSize of job (KB)
...
006 (2017593.000.000) 2025-01-30 13:49:15 Image size of job updated: 63217404
	57649  -  MemoryUsage of job (MB)
	59032532  -  ResidentSetSize of job (KB)
...
006 (2017593.000.000) 2025-01-30 13:54:16 Image size of job updated: 64204552
	58670  -  MemoryUsage of job (MB)
	60077356  -  ResidentSetSize of job (KB)
...
006 (2017593.000.000) 2025-01-30 13:59:17 Image size of job updated: 66058160
	59822  -  MemoryUsage of job (MB)
	61257580  -  ResidentSetSize of job (KB)
...
006 (2017593.000.000) 2025-01-30 14:04:17 Image size of job updated: 66979760
	61075  -  MemoryUsage of job (MB)
	62540520  -  ResidentSetSize of job (KB)
...
006 (2017593.000.000) 2025-01-30 14:09:18 Image size of job updated: 68539928
	62732  -  MemoryUsage of job (MB)
	64236868  -  ResidentSetSize of job (KB)
...
006 (2017593.000.000) 2025-01-30 14:14:19 Image size of job updated: 70265288
	64305  -  MemoryUsage of job (MB)
	65847336  -  ResidentSetSize of job (KB)
...
006 (2017593.000.000) 2025-01-30 14:19:19 Image size of job updated: 71956964
	66380  -  MemoryUsage of job (MB)
	67972256  -  ResidentSetSize of job (KB)
...
006 (2017593.000.000) 2025-01-30 14:24:20 Image size of job updated: 74274908
	68123  -  MemoryUsage of job (MB)
	69756980  -  ResidentSetSize of job (KB)
...
006 (2017593.000.000) 2025-01-30 14:29:21 Image size of job updated: 75976720
	69928  -  MemoryUsage of job (MB)
	71605832  -  ResidentSetSize of job (KB)
...
006 (2017593.000.000) 2025-01-30 14:31:52 Image size of job updated: 76082124
	69928  -  MemoryUsage of job (MB)
	71605832  -  ResidentSetSize of job (KB)
...
005 (2017593.000.000) 2025-01-30 14:31:52 Job terminated.
	(1) Normal termination (return value 0)
		Usr 0 03:14:03, Sys 0 00:28:11  -  Run Remote Usage
		Usr 0 00:00:00, Sys 0 00:00:00  -  Run Local Usage
		Usr 0 03:14:03, Sys 0 00:28:11  -  Total Remote Usage
		Usr 0 00:00:00, Sys 0 00:00:00  -  Total Local Usage
	0  -  Run Bytes Sent By Job
	0  -  Run Bytes Received By Job
	0  -  Total Bytes Sent By Job
	0  -  Total Bytes Received By Job
	Partitionable Resources :    Usage  Request Allocated 
	   Cpus                 :     0.97        1         1 
	   Disk (KB)            :     2           2   6681213 
	   Memory (MB)          : 69928      128192    128256 
	   xferslots            :                           0 

	Job terminated of its own accord at 2025-01-30T19:31:52Z with exit-code 0.
...
000 (2019039.000.000) 2025-02-02 20:32:45 Job submitted from host: <130.199.48.81:9618?addrs=130.199.48.81-9618&alias=rcas2062.rcf.bnl.gov&noUDP&sock=schedd_48563_ad09>
...
001 (2019039.000.000) 2025-02-02 20:42:29 Job executing on host: <130.199.151.5:9618?addrs=130.199.151.5-9618&alias=spool1583.sdcc.bnl.gov&noUDP&sock=startd_79016_aa7d>
...
006 (2019039.000.000) 2025-02-02 20:42:38 Image size of job updated: 163808
	74  -  MemoryUsage of job (MB)
	75396  -  ResidentSetSize of job (KB)
...
006 (2019039.000.000) 2025-02-02 20:45:31 Image size of job updated: 4000872
	74  -  MemoryUsage of job (MB)
	75400  -  ResidentSetSize of job (KB)
...
005 (2019039.000.000) 2025-02-02 20:45:31 Job terminated.
	(1) Normal termination (return value 0)
		Usr 0 00:02:29, Sys 0 00:00:05  -  Run Remote Usage
		Usr 0 00:00:00, Sys 0 00:00:00  -  Run Local Usage
		Usr 0 00:02:29, Sys 0 00:00:05  -  Total Remote Usage
		Usr 0 00:00:00, Sys 0 00:00:00  -  Total Local Usage
	0  -  Run Bytes Sent By Job
	0  -  Run Bytes Received By Job
	0  -  Total Bytes Sent By Job
	0  -  Total Bytes Received By Job
	Partitionable Resources :    Usage  Request Allocated 
	   Cpus                 :     0.51        1         1 
	   Disk (KB)            :     2           2   6681225 
	   Memory (MB)          :    74      128192    128256 
	   xferslots            :                           0 

	Job terminated of its own accord at 2025-02-03T01:45:31Z with exit-code 0.
...
000 (2019423.000.000) 2025-02-02 20:57:13 Job submitted from host: <130.199.48.81:9618?addrs=130.199.48.81-9618&alias=rcas2062.rcf.bnl.gov&noUDP&sock=schedd_48563_ad09>
...
001 (2019423.000.000) 2025-02-02 21:03:58 Job executing on host: <130.199.151.10:9618?addrs=130.199.151.10-9618&alias=spool1588.sdcc.bnl.gov&noUDP&sock=startd_5861_0831>
...
006 (2019423.000.000) 2025-02-02 21:04:07 Image size of job updated: 298540
	92  -  MemoryUsage of job (MB)
	93652  -  ResidentSetSize of job (KB)
...
006 (2019423.000.000) 2025-02-02 21:06:25 Image size of job updated: 4000856
	92  -  MemoryUsage of job (MB)
	93860  -  ResidentSetSize of job (KB)
...
005 (2019423.000.000) 2025-02-02 21:06:26 Job terminated.
	(1) Normal termination (return value 0)
		Usr 0 00:02:08, Sys 0 00:00:05  -  Run Remote Usage
		Usr 0 00:00:00, Sys 0 00:00:00  -  Run Local Usage
		Usr 0 00:02:08, Sys 0 00:00:05  -  Total Remote Usage
		Usr 0 00:00:00, Sys 0 00:00:00  -  Total Local Usage
	0  -  Run Bytes Sent By Job
	0  -  Run Bytes Received By Job
	0  -  Total Bytes Sent By Job
	0  -  Total Bytes Received By Job
	Partitionable Resources :    Usage  Request Allocated 
	   Cpus                 :     0.96        1         1 
	   Disk (KB)            :     2           2   6681234 
	   Memory (MB)          :    92      128192    128256 
	   xferslots            :                           0 

	Job terminated of its own accord at 2025-02-03T02:06:25Z with exit-code 0.
...
000 (2019807.000.000) 2025-02-02 22:34:53 Job submitted from host: <130.199.48.81:9618?addrs=130.199.48.81-9618&alias=rcas2062.rcf.bnl.gov&noUDP&sock=schedd_48563_ad09>
...
001 (2019807.000.000) 2025-02-02 22:48:07 Job executing on host: <130.199.184.212:9618?addrs=130.199.184.212-9618&alias=spool1787.sdcc.bnl.gov&noUDP&sock=startd_74904_4517>
...
006 (2019807.000.000) 2025-02-02 22:48:16 Image size of job updated: 64020
	41  -  MemoryUsage of job (MB)
	41588  -  ResidentSetSize of job (KB)
...
006 (2019807.000.000) 2025-02-02 22:51:11 Image size of job updated: 4000860
	41  -  MemoryUsage of job (MB)
	41588  -  ResidentSetSize of job (KB)
...
005 (2019807.000.000) 2025-02-02 22:51:11 Job terminated.
	(1) Normal termination (return value 0)
		Usr 0 00:02:16, Sys 0 00:00:04  -  Run Remote Usage
		Usr 0 00:00:00, Sys 0 00:00:00  -  Run Local Usage
		Usr 0 00:02:16, Sys 0 00:00:04  -  Total Remote Usage
		Usr 0 00:00:00, Sys 0 00:00:00  -  Total Local Usage
	0  -  Run Bytes Sent By Job
	0  -  Run Bytes Received By Job
	0  -  Total Bytes Sent By Job
	0  -  Total Bytes Received By Job
	Partitionable Resources :    Usage  Request Allocated 
	   Cpus                 :                 1         1 
	   Disk (KB)            :        2        2   6681620 
	   Memory (MB)          :       41   128192    128256 
	   xferslots            :                           0 

	Job terminated of its own accord at 2025-02-03T03:51:11Z with exit-code 0.
...
