000 (2016973.000.000) 2025-01-28 23:07:58 Job submitted from host: <130.199.48.81:9618?addrs=130.199.48.81-9618&alias=rcas2062.rcf.bnl.gov&noUDP&sock=schedd_48563_ad09>
...
001 (2016973.000.000) 2025-01-29 01:06:33 Job executing on host: <130.199.186.82:9618?addrs=130.199.186.82-9618&alias=spool1845.sdcc.bnl.gov&noUDP&sock=startd_71843_8085>
...
006 (2016973.000.000) 2025-01-29 01:06:41 Image size of job updated: 19636
	0  -  MemoryUsage of job (MB)
	0  -  ResidentSetSize of job (KB)
...
005 (2016973.000.000) 2025-01-29 01:06:41 Job terminated.
	(1) Normal termination (return value 0)
		Usr 0 00:00:03, Sys 0 00:00:01  -  Run Remote Usage
		Usr 0 00:00:00, Sys 0 00:00:00  -  Run Local Usage
		Usr 0 00:00:03, Sys 0 00:00:01  -  Total Remote Usage
		Usr 0 00:00:00, Sys 0 00:00:00  -  Total Local Usage
	0  -  Run Bytes Sent By Job
	0  -  Run Bytes Received By Job
	0  -  Total Bytes Sent By Job
	0  -  Total Bytes Received By Job
	Partitionable Resources :    Usage  Request Allocated 
	   Cpus                 :                 1         1 
	   Disk (KB)            :        2        2   6681620 
	   Memory (MB)          :        0   128192    128256 
	   xferslots            :                           0 

	Job terminated of its own accord at 2025-01-29T06:06:41Z with exit-code 0.
...
000 (2017357.000.000) 2025-01-30 00:28:09 Job submitted from host: <130.199.48.81:9618?addrs=130.199.48.81-9618&alias=rcas2062.rcf.bnl.gov&noUDP&sock=schedd_48563_ad09>
...
001 (2017357.000.000) 2025-01-30 03:23:15 Job executing on host: <130.199.184.196:9618?addrs=130.199.184.196-9618&alias=spool1771.sdcc.bnl.gov&noUDP&sock=startd_94117_f11c>
...
006 (2017357.000.000) 2025-01-30 03:23:23 Image size of job updated: 55312
	35  -  MemoryUsage of job (MB)
	35244  -  ResidentSetSize of job (KB)
...
006 (2017357.000.000) 2025-01-30 03:28:23 Image size of job updated: 5089236
	1177  -  MemoryUsage of job (MB)
	1205128  -  ResidentSetSize of job (KB)
...
006 (2017357.000.000) 2025-01-30 03:33:23 Image size of job updated: 6555320
	2522  -  MemoryUsage of job (MB)
	2581580  -  ResidentSetSize of job (KB)
...
006 (2017357.000.000) 2025-01-30 03:38:24 Image size of job updated: 7989652
	4020  -  MemoryUsage of job (MB)
	4115696  -  ResidentSetSize of job (KB)
...
006 (2017357.000.000) 2025-01-30 03:43:24 Image size of job updated: 9504324
	5539  -  MemoryUsage of job (MB)
	5671708  -  ResidentSetSize of job (KB)
...
006 (2017357.000.000) 2025-01-30 03:48:24 Image size of job updated: 10667088
	6931  -  MemoryUsage of job (MB)
	7096760  -  ResidentSetSize of job (KB)
...
006 (2017357.000.000) 2025-01-30 03:53:25 Image size of job updated: 12179340
	8131  -  MemoryUsage of job (MB)
	8325764  -  ResidentSetSize of job (KB)
...
006 (2017357.000.000) 2025-01-30 03:58:26 Image size of job updated: 13372248
	9323  -  MemoryUsage of job (MB)
	9546132  -  ResidentSetSize of job (KB)
...
006 (2017357.000.000) 2025-01-30 04:03:26 Image size of job updated: 14544876
	10569  -  MemoryUsage of job (MB)
	10822384  -  ResidentSetSize of job (KB)
...
006 (2017357.000.000) 2025-01-30 04:08:27 Image size of job updated: 15615244
	11944  -  MemoryUsage of job (MB)
	12230144  -  ResidentSetSize of job (KB)
...
006 (2017357.000.000) 2025-01-30 04:13:28 Image size of job updated: 17445588
	13222  -  MemoryUsage of job (MB)
	13538560  -  ResidentSetSize of job (KB)
...
006 (2017357.000.000) 2025-01-30 04:18:28 Image size of job updated: 18243296
	14366  -  MemoryUsage of job (MB)
	14710296  -  ResidentSetSize of job (KB)
...
006 (2017357.000.000) 2025-01-30 04:23:29 Image size of job updated: 19617788
	15709  -  MemoryUsage of job (MB)
	16085008  -  ResidentSetSize of job (KB)
...
006 (2017357.000.000) 2025-01-30 04:28:30 Image size of job updated: 20742168
	16926  -  MemoryUsage of job (MB)
	17331604  -  ResidentSetSize of job (KB)
...
006 (2017357.000.000) 2025-01-30 04:33:30 Image size of job updated: 22125644
	18016  -  MemoryUsage of job (MB)
	18448020  -  ResidentSetSize of job (KB)
...
006 (2017357.000.000) 2025-01-30 04:38:30 Image size of job updated: 23744056
	19455  -  MemoryUsage of job (MB)
	19921016  -  ResidentSetSize of job (KB)
...
006 (2017357.000.000) 2025-01-30 04:43:31 Image size of job updated: 24877788
	20515  -  MemoryUsage of job (MB)
	21006632  -  ResidentSetSize of job (KB)
...
006 (2017357.000.000) 2025-01-30 04:48:31 Image size of job updated: 26237640
	21678  -  MemoryUsage of job (MB)
	22197372  -  ResidentSetSize of job (KB)
...
006 (2017357.000.000) 2025-01-30 04:53:31 Image size of job updated: 27248736
	22942  -  MemoryUsage of job (MB)
	23491900  -  ResidentSetSize of job (KB)
...
006 (2017357.000.000) 2025-01-30 04:58:32 Image size of job updated: 28648948
	24124  -  MemoryUsage of job (MB)
	24702724  -  ResidentSetSize of job (KB)
...
006 (2017357.000.000) 2025-01-30 05:03:32 Image size of job updated: 29692212
	25282  -  MemoryUsage of job (MB)
	25888728  -  ResidentSetSize of job (KB)
...
006 (2017357.000.000) 2025-01-30 05:08:32 Image size of job updated: 30962156
	26504  -  MemoryUsage of job (MB)
	27139876  -  ResidentSetSize of job (KB)
...
006 (2017357.000.000) 2025-01-30 05:13:33 Image size of job updated: 31962964
	27591  -  MemoryUsage of job (MB)
	28252188  -  ResidentSetSize of job (KB)
...
006 (2017357.000.000) 2025-01-30 05:18:34 Image size of job updated: 33678852
	28966  -  MemoryUsage of job (MB)
	29660752  -  ResidentSetSize of job (KB)
...
006 (2017357.000.000) 2025-01-30 05:23:34 Image size of job updated: 34543748
	30002  -  MemoryUsage of job (MB)
	30721156  -  ResidentSetSize of job (KB)
...
006 (2017357.000.000) 2025-01-30 05:28:35 Image size of job updated: 35947732
	31059  -  MemoryUsage of job (MB)
	31803688  -  ResidentSetSize of job (KB)
...
006 (2017357.000.000) 2025-01-30 05:33:36 Image size of job updated: 36985284
	32260  -  MemoryUsage of job (MB)
	33033412  -  ResidentSetSize of job (KB)
...
006 (2017357.000.000) 2025-01-30 05:38:36 Image size of job updated: 38196916
	33922  -  MemoryUsage of job (MB)
	34735828  -  ResidentSetSize of job (KB)
...
006 (2017357.000.000) 2025-01-30 05:43:36 Image size of job updated: 40354752
	35533  -  MemoryUsage of job (MB)
	36385324  -  ResidentSetSize of job (KB)
...
006 (2017357.000.000) 2025-01-30 05:48:37 Image size of job updated: 41321608
	37014  -  MemoryUsage of job (MB)
	37902004  -  ResidentSetSize of job (KB)
...
006 (2017357.000.000) 2025-01-30 05:53:37 Image size of job updated: 43603436
	38606  -  MemoryUsage of job (MB)
	39532204  -  ResidentSetSize of job (KB)
...
006 (2017357.000.000) 2025-01-30 05:58:37 Image size of job updated: 45133248
	40129  -  MemoryUsage of job (MB)
	41091180  -  ResidentSetSize of job (KB)
...
006 (2017357.000.000) 2025-01-30 06:03:38 Image size of job updated: 45658968
	41267  -  MemoryUsage of job (MB)
	42257240  -  ResidentSetSize of job (KB)
...
006 (2017357.000.000) 2025-01-30 06:08:38 Image size of job updated: 47779612
	43359  -  MemoryUsage of job (MB)
	44398904  -  ResidentSetSize of job (KB)
...
006 (2017357.000.000) 2025-01-30 06:13:38 Image size of job updated: 49876232
	45036  -  MemoryUsage of job (MB)
	46116856  -  ResidentSetSize of job (KB)
...
006 (2017357.000.000) 2025-01-30 06:18:39 Image size of job updated: 51518912
	46836  -  MemoryUsage of job (MB)
	47959484  -  ResidentSetSize of job (KB)
...
006 (2017357.000.000) 2025-01-30 06:23:39 Image size of job updated: 53373840
	48310  -  MemoryUsage of job (MB)
	49468468  -  ResidentSetSize of job (KB)
...
006 (2017357.000.000) 2025-01-30 06:28:39 Image size of job updated: 55012892
	50192  -  MemoryUsage of job (MB)
	51396312  -  ResidentSetSize of job (KB)
...
006 (2017357.000.000) 2025-01-30 06:33:40 Image size of job updated: 56554628
	51888  -  MemoryUsage of job (MB)
	53132612  -  ResidentSetSize of job (KB)
...
006 (2017357.000.000) 2025-01-30 06:38:40 Image size of job updated: 58522512
	53697  -  MemoryUsage of job (MB)
	54985160  -  ResidentSetSize of job (KB)
...
006 (2017357.000.000) 2025-01-30 06:43:40 Image size of job updated: 60620380
	55522  -  MemoryUsage of job (MB)
	56854356  -  ResidentSetSize of job (KB)
...
006 (2017357.000.000) 2025-01-30 06:48:41 Image size of job updated: 61966948
	56745  -  MemoryUsage of job (MB)
	58106240  -  ResidentSetSize of job (KB)
...
006 (2017357.000.000) 2025-01-30 06:53:41 Image size of job updated: 63456956
	58094  -  MemoryUsage of job (MB)
	59487984  -  ResidentSetSize of job (KB)
...
006 (2017357.000.000) 2025-01-30 06:58:41 Image size of job updated: 64668232
	59518  -  MemoryUsage of job (MB)
	60946084  -  ResidentSetSize of job (KB)
...
006 (2017357.000.000) 2025-01-30 07:03:42 Image size of job updated: 65875004
	60837  -  MemoryUsage of job (MB)
	62296228  -  ResidentSetSize of job (KB)
...
006 (2017357.000.000) 2025-01-30 07:08:42 Image size of job updated: 67525344
	62460  -  MemoryUsage of job (MB)
	63958804  -  ResidentSetSize of job (KB)
...
006 (2017357.000.000) 2025-01-30 07:13:42 Image size of job updated: 68878040
	63612  -  MemoryUsage of job (MB)
	65138128  -  ResidentSetSize of job (KB)
...
006 (2017357.000.000) 2025-01-30 07:18:43 Image size of job updated: 70255664
	64727  -  MemoryUsage of job (MB)
	66279952  -  ResidentSetSize of job (KB)
...
006 (2017357.000.000) 2025-01-30 07:23:44 Image size of job updated: 71176508
	65701  -  MemoryUsage of job (MB)
	67277624  -  ResidentSetSize of job (KB)
...
006 (2017357.000.000) 2025-01-30 07:28:44 Image size of job updated: 72206968
	65701  -  MemoryUsage of job (MB)
	67277624  -  ResidentSetSize of job (KB)
...
005 (2017357.000.000) 2025-01-30 07:28:58 Job terminated.
	(1) Normal termination (return value 0)
		Usr 0 02:52:19, Sys 0 00:26:24  -  Run Remote Usage
		Usr 0 00:00:00, Sys 0 00:00:00  -  Run Local Usage
		Usr 0 02:52:19, Sys 0 00:26:24  -  Total Remote Usage
		Usr 0 00:00:00, Sys 0 00:00:00  -  Total Local Usage
	0  -  Run Bytes Sent By Job
	0  -  Run Bytes Received By Job
	0  -  Total Bytes Sent By Job
	0  -  Total Bytes Received By Job
	Partitionable Resources :    Usage  Request Allocated 
	   Cpus                 :     0.80        1         1 
	   Disk (KB)            :     2           2   6681549 
	   Memory (MB)          : 65701      128192    128256 
	   xferslots            :                           0 

	Job terminated of its own accord at 2025-01-30T12:28:57Z with exit-code 0.
...
000 (2018803.000.000) 2025-02-02 20:32:21 Job submitted from host: <130.199.48.81:9618?addrs=130.199.48.81-9618&alias=rcas2062.rcf.bnl.gov&noUDP&sock=schedd_48563_ad09>
...
001 (2018803.000.000) 2025-02-02 20:37:00 Job executing on host: <130.199.184.217:9618?addrs=130.199.184.217-9618&alias=spool1792.sdcc.bnl.gov&noUDP&sock=startd_72049_b2cc>
...
006 (2018803.000.000) 2025-02-02 20:37:09 Image size of job updated: 553416
	77  -  MemoryUsage of job (MB)
	78592  -  ResidentSetSize of job (KB)
...
006 (2018803.000.000) 2025-02-02 20:39:38 Image size of job updated: 4001100
	77  -  MemoryUsage of job (MB)
	78600  -  ResidentSetSize of job (KB)
...
005 (2018803.000.000) 2025-02-02 20:39:38 Job terminated.
	(1) Normal termination (return value 0)
		Usr 0 00:02:12, Sys 0 00:00:05  -  Run Remote Usage
		Usr 0 00:00:00, Sys 0 00:00:00  -  Run Local Usage
		Usr 0 00:02:12, Sys 0 00:00:05  -  Total Remote Usage
		Usr 0 00:00:00, Sys 0 00:00:00  -  Total Local Usage
	0  -  Run Bytes Sent By Job
	0  -  Run Bytes Received By Job
	0  -  Total Bytes Sent By Job
	0  -  Total Bytes Received By Job
	Partitionable Resources :    Usage  Request Allocated 
	   Cpus                 :                 1         1 
	   Disk (KB)            :        2        2   6681623 
	   Memory (MB)          :       77   128192    128256 
	   xferslots            :                           0 

	Job terminated of its own accord at 2025-02-03T01:39:38Z with exit-code 0.
...
000 (2019187.000.000) 2025-02-02 20:56:51 Job submitted from host: <130.199.48.81:9618?addrs=130.199.48.81-9618&alias=rcas2062.rcf.bnl.gov&noUDP&sock=schedd_48563_ad09>
...
001 (2019187.000.000) 2025-02-02 20:59:41 Job executing on host: <130.199.186.74:9618?addrs=130.199.186.74-9618&alias=spool1837.sdcc.bnl.gov&noUDP&sock=startd_53209_1386>
...
006 (2019187.000.000) 2025-02-02 20:59:49 Image size of job updated: 188720
	83  -  MemoryUsage of job (MB)
	84660  -  ResidentSetSize of job (KB)
...
006 (2019187.000.000) 2025-02-02 21:02:12 Image size of job updated: 4001108
	83  -  MemoryUsage of job (MB)
	84660  -  ResidentSetSize of job (KB)
...
005 (2019187.000.000) 2025-02-02 21:02:12 Job terminated.
	(1) Normal termination (return value 0)
		Usr 0 00:02:14, Sys 0 00:00:06  -  Run Remote Usage
		Usr 0 00:00:00, Sys 0 00:00:00  -  Run Local Usage
		Usr 0 00:02:14, Sys 0 00:00:06  -  Total Remote Usage
		Usr 0 00:00:00, Sys 0 00:00:00  -  Total Local Usage
	0  -  Run Bytes Sent By Job
	0  -  Run Bytes Received By Job
	0  -  Total Bytes Sent By Job
	0  -  Total Bytes Received By Job
	Partitionable Resources :    Usage  Request Allocated 
	   Cpus                 :     0.98        1         1 
	   Disk (KB)            :     2           2   6681612 
	   Memory (MB)          :    83      128192    128256 
	   xferslots            :                           0 

	Job terminated of its own accord at 2025-02-03T02:02:12Z with exit-code 0.
...
000 (2019571.000.000) 2025-02-02 22:34:32 Job submitted from host: <130.199.48.81:9618?addrs=130.199.48.81-9618&alias=rcas2062.rcf.bnl.gov&noUDP&sock=schedd_48563_ad09>
...
001 (2019571.000.000) 2025-02-02 22:41:18 Job executing on host: <130.199.150.84:9618?addrs=130.199.150.84-9618&alias=spool1565.sdcc.bnl.gov&noUDP&sock=startd_12871_9bc6>
...
006 (2019571.000.000) 2025-02-02 22:41:27 Image size of job updated: 335720
	44  -  MemoryUsage of job (MB)
	44048  -  ResidentSetSize of job (KB)
...
006 (2019571.000.000) 2025-02-02 22:44:23 Image size of job updated: 4001108
	44  -  MemoryUsage of job (MB)
	44048  -  ResidentSetSize of job (KB)
...
005 (2019571.000.000) 2025-02-02 22:44:23 Job terminated.
	(1) Normal termination (return value 0)
		Usr 0 00:02:26, Sys 0 00:00:06  -  Run Remote Usage
		Usr 0 00:00:00, Sys 0 00:00:00  -  Run Local Usage
		Usr 0 00:02:26, Sys 0 00:00:06  -  Total Remote Usage
		Usr 0 00:00:00, Sys 0 00:00:00  -  Total Local Usage
	0  -  Run Bytes Sent By Job
	0  -  Run Bytes Received By Job
	0  -  Total Bytes Sent By Job
	0  -  Total Bytes Received By Job
	Partitionable Resources :    Usage  Request Allocated 
	   Cpus                 :     0.11        1         1 
	   Disk (KB)            :     2           2   6681243 
	   Memory (MB)          :    44      128192    128256 
	   xferslots            :                           0 

	Job terminated of its own accord at 2025-02-03T03:44:23Z with exit-code 0.
...
