000 (2016942.000.000) 2025-01-28 23:07:56 Job submitted from host: <130.199.48.81:9618?addrs=130.199.48.81-9618&alias=rcas2062.rcf.bnl.gov&noUDP&sock=schedd_48563_ad09>
...
001 (2016942.000.000) 2025-01-28 23:12:05 Job executing on host: <130.199.186.74:9618?addrs=130.199.186.74-9618&alias=spool1837.sdcc.bnl.gov&noUDP&sock=startd_53209_1386>
...
006 (2016942.000.000) 2025-01-28 23:12:13 Image size of job updated: 298804
	30  -  MemoryUsage of job (MB)
	30548  -  ResidentSetSize of job (KB)
...
006 (2016942.000.000) 2025-01-28 23:17:13 Image size of job updated: 5191332
	1345  -  MemoryUsage of job (MB)
	1377180  -  ResidentSetSize of job (KB)
...
006 (2016942.000.000) 2025-01-28 23:22:14 Image size of job updated: 6576204
	2528  -  MemoryUsage of job (MB)
	2587856  -  ResidentSetSize of job (KB)
...
006 (2016942.000.000) 2025-01-28 23:27:15 Image size of job updated: 7478540
	3676  -  MemoryUsage of job (MB)
	3763208  -  ResidentSetSize of job (KB)
...
006 (2016942.000.000) 2025-01-28 23:32:15 Image size of job updated: 8843288
	4759  -  MemoryUsage of job (MB)
	4872368  -  ResidentSetSize of job (KB)
...
006 (2016942.000.000) 2025-01-28 23:37:16 Image size of job updated: 9790660
	5795  -  MemoryUsage of job (MB)
	5933144  -  ResidentSetSize of job (KB)
...
006 (2016942.000.000) 2025-01-28 23:42:17 Image size of job updated: 10835868
	7073  -  MemoryUsage of job (MB)
	7242348  -  ResidentSetSize of job (KB)
...
006 (2016942.000.000) 2025-01-28 23:47:17 Image size of job updated: 12214544
	8028  -  MemoryUsage of job (MB)
	8220520  -  ResidentSetSize of job (KB)
...
006 (2016942.000.000) 2025-01-28 23:52:17 Image size of job updated: 13082944
	8829  -  MemoryUsage of job (MB)
	9040448  -  ResidentSetSize of job (KB)
...
006 (2016942.000.000) 2025-01-28 23:57:18 Image size of job updated: 14164724
	9990  -  MemoryUsage of job (MB)
	10228944  -  ResidentSetSize of job (KB)
...
006 (2016942.000.000) 2025-01-29 00:02:18 Image size of job updated: 14983624
	10935  -  MemoryUsage of job (MB)
	11197336  -  ResidentSetSize of job (KB)
...
006 (2016942.000.000) 2025-01-29 00:07:18 Image size of job updated: 15941644
	11883  -  MemoryUsage of job (MB)
	12167280  -  ResidentSetSize of job (KB)
...
006 (2016942.000.000) 2025-01-29 00:12:19 Image size of job updated: 16738516
	12803  -  MemoryUsage of job (MB)
	13109384  -  ResidentSetSize of job (KB)
...
006 (2016942.000.000) 2025-01-29 00:17:19 Image size of job updated: 18076468
	13743  -  MemoryUsage of job (MB)
	14072008  -  ResidentSetSize of job (KB)
...
006 (2016942.000.000) 2025-01-29 00:22:20 Image size of job updated: 18741380
	14807  -  MemoryUsage of job (MB)
	15161372  -  ResidentSetSize of job (KB)
...
006 (2016942.000.000) 2025-01-29 00:27:21 Image size of job updated: 19479160
	15733  -  MemoryUsage of job (MB)
	16109964  -  ResidentSetSize of job (KB)
...
006 (2016942.000.000) 2025-01-29 00:32:21 Image size of job updated: 20780288
	16563  -  MemoryUsage of job (MB)
	16960476  -  ResidentSetSize of job (KB)
...
006 (2016942.000.000) 2025-01-29 00:37:21 Image size of job updated: 21994828
	17464  -  MemoryUsage of job (MB)
	17882396  -  ResidentSetSize of job (KB)
...
006 (2016942.000.000) 2025-01-29 00:42:22 Image size of job updated: 23187808
	18531  -  MemoryUsage of job (MB)
	18975472  -  ResidentSetSize of job (KB)
...
006 (2016942.000.000) 2025-01-29 00:47:22 Image size of job updated: 23552372
	19590  -  MemoryUsage of job (MB)
	20060008  -  ResidentSetSize of job (KB)
...
006 (2016942.000.000) 2025-01-29 00:52:22 Image size of job updated: 25024072
	20300  -  MemoryUsage of job (MB)
	20786536  -  ResidentSetSize of job (KB)
...
006 (2016942.000.000) 2025-01-29 00:57:23 Image size of job updated: 25348936
	21372  -  MemoryUsage of job (MB)
	21884540  -  ResidentSetSize of job (KB)
...
006 (2016942.000.000) 2025-01-29 01:02:23 Image size of job updated: 26475108
	22208  -  MemoryUsage of job (MB)
	22740056  -  ResidentSetSize of job (KB)
...
006 (2016942.000.000) 2025-01-29 01:07:24 Image size of job updated: 27573644
	23213  -  MemoryUsage of job (MB)
	23769612  -  ResidentSetSize of job (KB)
...
006 (2016942.000.000) 2025-01-29 01:12:25 Image size of job updated: 28282112
	24265  -  MemoryUsage of job (MB)
	24846724  -  ResidentSetSize of job (KB)
...
006 (2016942.000.000) 2025-01-29 01:17:25 Image size of job updated: 29732768
	25137  -  MemoryUsage of job (MB)
	25739616  -  ResidentSetSize of job (KB)
...
006 (2016942.000.000) 2025-01-29 01:22:26 Image size of job updated: 30612784
	26354  -  MemoryUsage of job (MB)
	26986356  -  ResidentSetSize of job (KB)
...
006 (2016942.000.000) 2025-01-29 01:27:27 Image size of job updated: 31577840
	27246  -  MemoryUsage of job (MB)
	27899600  -  ResidentSetSize of job (KB)
...
006 (2016942.000.000) 2025-01-29 01:32:27 Image size of job updated: 32987668
	28371  -  MemoryUsage of job (MB)
	29051440  -  ResidentSetSize of job (KB)
...
006 (2016942.000.000) 2025-01-29 01:37:27 Image size of job updated: 34102376
	29473  -  MemoryUsage of job (MB)
	30180184  -  ResidentSetSize of job (KB)
...
006 (2016942.000.000) 2025-01-29 01:42:28 Image size of job updated: 34785244
	30690  -  MemoryUsage of job (MB)
	31425600  -  ResidentSetSize of job (KB)
...
006 (2016942.000.000) 2025-01-29 01:47:28 Image size of job updated: 36256520
	31717  -  MemoryUsage of job (MB)
	32477444  -  ResidentSetSize of job (KB)
...
006 (2016942.000.000) 2025-01-29 01:52:28 Image size of job updated: 37188812
	32699  -  MemoryUsage of job (MB)
	33483264  -  ResidentSetSize of job (KB)
...
006 (2016942.000.000) 2025-01-29 01:57:29 Image size of job updated: 38724092
	33885  -  MemoryUsage of job (MB)
	34697268  -  ResidentSetSize of job (KB)
...
006 (2016942.000.000) 2025-01-29 02:02:30 Image size of job updated: 39182396
	34748  -  MemoryUsage of job (MB)
	35581440  -  ResidentSetSize of job (KB)
...
005 (2016942.000.000) 2025-01-29 02:02:48 Job terminated.
	(1) Normal termination (return value 0)
		Usr 0 01:26:01, Sys 0 00:13:34  -  Run Remote Usage
		Usr 0 00:00:00, Sys 0 00:00:00  -  Run Local Usage
		Usr 0 01:26:01, Sys 0 00:13:34  -  Total Remote Usage
		Usr 0 00:00:00, Sys 0 00:00:00  -  Total Local Usage
	0  -  Run Bytes Sent By Job
	0  -  Run Bytes Received By Job
	0  -  Total Bytes Sent By Job
	0  -  Total Bytes Received By Job
	Partitionable Resources :    Usage  Request Allocated 
	   Cpus                 :     0.78        1         1 
	   Disk (KB)            :     2           2   6681612 
	   Memory (MB)          : 34748      128192    128256 
	   xferslots            :                           0 

	Job terminated of its own accord at 2025-01-29T07:02:48Z with exit-code 0.
...
000 (2017326.000.000) 2025-01-30 00:28:06 Job submitted from host: <130.199.48.81:9618?addrs=130.199.48.81-9618&alias=rcas2062.rcf.bnl.gov&noUDP&sock=schedd_48563_ad09>
...
001 (2017326.000.000) 2025-01-30 00:37:51 Job executing on host: <130.199.151.19:9618?addrs=130.199.151.19-9618&alias=spool1597.sdcc.bnl.gov&noUDP&sock=startd_79764_6606>
...
006 (2017326.000.000) 2025-01-30 00:37:59 Image size of job updated: 536216
	77  -  MemoryUsage of job (MB)
	78504  -  ResidentSetSize of job (KB)
...
006 (2017326.000.000) 2025-01-30 00:42:59 Image size of job updated: 5789560
	2350  -  MemoryUsage of job (MB)
	2405408  -  ResidentSetSize of job (KB)
...
006 (2017326.000.000) 2025-01-30 00:48:00 Image size of job updated: 8397176
	4752  -  MemoryUsage of job (MB)
	4865308  -  ResidentSetSize of job (KB)
...
006 (2017326.000.000) 2025-01-30 00:53:00 Image size of job updated: 10692092
	7079  -  MemoryUsage of job (MB)
	7248680  -  ResidentSetSize of job (KB)
...
006 (2017326.000.000) 2025-01-30 00:58:00 Image size of job updated: 12364912
	8807  -  MemoryUsage of job (MB)
	9017848  -  ResidentSetSize of job (KB)
...
006 (2017326.000.000) 2025-01-30 01:03:01 Image size of job updated: 14532180
	10914  -  MemoryUsage of job (MB)
	11175152  -  ResidentSetSize of job (KB)
...
006 (2017326.000.000) 2025-01-30 01:08:02 Image size of job updated: 16411748
	12602  -  MemoryUsage of job (MB)
	12904144  -  ResidentSetSize of job (KB)
...
006 (2017326.000.000) 2025-01-30 01:13:02 Image size of job updated: 18596468
	14315  -  MemoryUsage of job (MB)
	14657668  -  ResidentSetSize of job (KB)
...
006 (2017326.000.000) 2025-01-30 01:18:03 Image size of job updated: 19872328
	15957  -  MemoryUsage of job (MB)
	16339924  -  ResidentSetSize of job (KB)
...
006 (2017326.000.000) 2025-01-30 01:23:04 Image size of job updated: 21393800
	17432  -  MemoryUsage of job (MB)
	17850368  -  ResidentSetSize of job (KB)
...
006 (2017326.000.000) 2025-01-30 01:28:04 Image size of job updated: 23239228
	19101  -  MemoryUsage of job (MB)
	19558436  -  ResidentSetSize of job (KB)
...
006 (2017326.000.000) 2025-01-30 01:33:05 Image size of job updated: 24685908
	20595  -  MemoryUsage of job (MB)
	21089084  -  ResidentSetSize of job (KB)
...
006 (2017326.000.000) 2025-01-30 01:38:06 Image size of job updated: 25923516
	21995  -  MemoryUsage of job (MB)
	22522616  -  ResidentSetSize of job (KB)
...
006 (2017326.000.000) 2025-01-30 01:43:06 Image size of job updated: 27191224
	23220  -  MemoryUsage of job (MB)
	23776356  -  ResidentSetSize of job (KB)
...
006 (2017326.000.000) 2025-01-30 01:48:06 Image size of job updated: 29068692
	24787  -  MemoryUsage of job (MB)
	25381596  -  ResidentSetSize of job (KB)
...
006 (2017326.000.000) 2025-01-30 01:53:07 Image size of job updated: 30542912
	26388  -  MemoryUsage of job (MB)
	27020568  -  ResidentSetSize of job (KB)
...
006 (2017326.000.000) 2025-01-30 01:58:07 Image size of job updated: 32281796
	28123  -  MemoryUsage of job (MB)
	28797168  -  ResidentSetSize of job (KB)
...
006 (2017326.000.000) 2025-01-30 02:03:07 Image size of job updated: 33678836
	29392  -  MemoryUsage of job (MB)
	30096440  -  ResidentSetSize of job (KB)
...
006 (2017326.000.000) 2025-01-30 02:08:08 Image size of job updated: 34817800
	30677  -  MemoryUsage of job (MB)
	31412336  -  ResidentSetSize of job (KB)
...
006 (2017326.000.000) 2025-01-30 02:13:09 Image size of job updated: 36257716
	31743  -  MemoryUsage of job (MB)
	32504700  -  ResidentSetSize of job (KB)
...
006 (2017326.000.000) 2025-01-30 02:18:09 Image size of job updated: 37513568
	32996  -  MemoryUsage of job (MB)
	33787316  -  ResidentSetSize of job (KB)
...
006 (2017326.000.000) 2025-01-30 02:23:10 Image size of job updated: 38552592
	33932  -  MemoryUsage of job (MB)
	34746264  -  ResidentSetSize of job (KB)
...
006 (2017326.000.000) 2025-01-30 02:28:11 Image size of job updated: 39423200
	34867  -  MemoryUsage of job (MB)
	35703060  -  ResidentSetSize of job (KB)
...
006 (2017326.000.000) 2025-01-30 02:33:11 Image size of job updated: 40108976
	35862  -  MemoryUsage of job (MB)
	36721972  -  ResidentSetSize of job (KB)
...
006 (2017326.000.000) 2025-01-30 02:38:12 Image size of job updated: 41252428
	36655  -  MemoryUsage of job (MB)
	37533844  -  ResidentSetSize of job (KB)
...
006 (2017326.000.000) 2025-01-30 02:43:13 Image size of job updated: 42403304
	37669  -  MemoryUsage of job (MB)
	38572848  -  ResidentSetSize of job (KB)
...
006 (2017326.000.000) 2025-01-30 02:48:13 Image size of job updated: 43556912
	38756  -  MemoryUsage of job (MB)
	39685596  -  ResidentSetSize of job (KB)
...
006 (2017326.000.000) 2025-01-30 02:53:14 Image size of job updated: 44504816
	39693  -  MemoryUsage of job (MB)
	40644676  -  ResidentSetSize of job (KB)
...
006 (2017326.000.000) 2025-01-30 02:58:15 Image size of job updated: 45427376
	40594  -  MemoryUsage of job (MB)
	41567900  -  ResidentSetSize of job (KB)
...
006 (2017326.000.000) 2025-01-30 03:03:15 Image size of job updated: 46522424
	41617  -  MemoryUsage of job (MB)
	42615120  -  ResidentSetSize of job (KB)
...
006 (2017326.000.000) 2025-01-30 03:08:16 Image size of job updated: 47425448
	42655  -  MemoryUsage of job (MB)
	43678024  -  ResidentSetSize of job (KB)
...
006 (2017326.000.000) 2025-01-30 03:13:17 Image size of job updated: 48274548
	43548  -  MemoryUsage of job (MB)
	44592916  -  ResidentSetSize of job (KB)
...
006 (2017326.000.000) 2025-01-30 03:18:17 Image size of job updated: 49359076
	44606  -  MemoryUsage of job (MB)
	45675812  -  ResidentSetSize of job (KB)
...
006 (2017326.000.000) 2025-01-30 03:23:17 Image size of job updated: 50725752
	45558  -  MemoryUsage of job (MB)
	46651304  -  ResidentSetSize of job (KB)
...
006 (2017326.000.000) 2025-01-30 03:28:18 Image size of job updated: 51307104
	46633  -  MemoryUsage of job (MB)
	47751844  -  ResidentSetSize of job (KB)
...
006 (2017326.000.000) 2025-01-30 03:33:18 Image size of job updated: 52492556
	47554  -  MemoryUsage of job (MB)
	48694652  -  ResidentSetSize of job (KB)
...
006 (2017326.000.000) 2025-01-30 03:38:18 Image size of job updated: 53582064
	48578  -  MemoryUsage of job (MB)
	49743748  -  ResidentSetSize of job (KB)
...
006 (2017326.000.000) 2025-01-30 03:43:20 Image size of job updated: 54479812
	49425  -  MemoryUsage of job (MB)
	50610484  -  ResidentSetSize of job (KB)
...
006 (2017326.000.000) 2025-01-30 03:48:20 Image size of job updated: 55129876
	50370  -  MemoryUsage of job (MB)
	51578860  -  ResidentSetSize of job (KB)
...
006 (2017326.000.000) 2025-01-30 03:53:20 Image size of job updated: 56357276
	51472  -  MemoryUsage of job (MB)
	52707140  -  ResidentSetSize of job (KB)
...
006 (2017326.000.000) 2025-01-30 03:58:21 Image size of job updated: 57421196
	52423  -  MemoryUsage of job (MB)
	53681056  -  ResidentSetSize of job (KB)
...
006 (2017326.000.000) 2025-01-30 04:03:22 Image size of job updated: 58284100
	53363  -  MemoryUsage of job (MB)
	54642904  -  ResidentSetSize of job (KB)
...
006 (2017326.000.000) 2025-01-30 04:08:22 Image size of job updated: 59188004
	54367  -  MemoryUsage of job (MB)
	55670988  -  ResidentSetSize of job (KB)
...
006 (2017326.000.000) 2025-01-30 04:13:23 Image size of job updated: 60272996
	55105  -  MemoryUsage of job (MB)
	56426972  -  ResidentSetSize of job (KB)
...
006 (2017326.000.000) 2025-01-30 04:18:24 Image size of job updated: 60994688
	56099  -  MemoryUsage of job (MB)
	57444904  -  ResidentSetSize of job (KB)
...
006 (2017326.000.000) 2025-01-30 04:23:24 Image size of job updated: 62577168
	57271  -  MemoryUsage of job (MB)
	58645208  -  ResidentSetSize of job (KB)
...
006 (2017326.000.000) 2025-01-30 04:28:24 Image size of job updated: 63547472
	58116  -  MemoryUsage of job (MB)
	59510444  -  ResidentSetSize of job (KB)
...
006 (2017326.000.000) 2025-01-30 04:33:25 Image size of job updated: 64549708
	59239  -  MemoryUsage of job (MB)
	60660160  -  ResidentSetSize of job (KB)
...
006 (2017326.000.000) 2025-01-30 04:38:25 Image size of job updated: 64918664
	60113  -  MemoryUsage of job (MB)
	61555376  -  ResidentSetSize of job (KB)
...
006 (2017326.000.000) 2025-01-30 04:43:25 Image size of job updated: 66297748
	61186  -  MemoryUsage of job (MB)
	62654288  -  ResidentSetSize of job (KB)
...
006 (2017326.000.000) 2025-01-30 04:48:27 Image size of job updated: 67569156
	62295  -  MemoryUsage of job (MB)
	63789900  -  ResidentSetSize of job (KB)
...
006 (2017326.000.000) 2025-01-30 04:53:27 Image size of job updated: 68719072
	63541  -  MemoryUsage of job (MB)
	65065484  -  ResidentSetSize of job (KB)
...
006 (2017326.000.000) 2025-01-30 04:58:27 Image size of job updated: 70108168
	64709  -  MemoryUsage of job (MB)
	66261676  -  ResidentSetSize of job (KB)
...
006 (2017326.000.000) 2025-01-30 04:59:25 Image size of job updated: 70108168
	64709  -  MemoryUsage of job (MB)
	66261820  -  ResidentSetSize of job (KB)
...
005 (2017326.000.000) 2025-01-30 04:59:25 Job terminated.
	(1) Normal termination (return value 0)
		Usr 0 03:08:08, Sys 0 00:25:30  -  Run Remote Usage
		Usr 0 00:00:00, Sys 0 00:00:00  -  Run Local Usage
		Usr 0 03:08:08, Sys 0 00:25:30  -  Total Remote Usage
		Usr 0 00:00:00, Sys 0 00:00:00  -  Total Local Usage
	0  -  Run Bytes Sent By Job
	0  -  Run Bytes Received By Job
	0  -  Total Bytes Sent By Job
	0  -  Total Bytes Received By Job
	Partitionable Resources :    Usage  Request Allocated 
	   Cpus                 :     1.02        1         1 
	   Disk (KB)            :     2           2   6681235 
	   Memory (MB)          : 64709      128192    128256 
	   xferslots            :                           0 

	Job terminated of its own accord at 2025-01-30T09:59:25Z with exit-code 0.
...
000 (2018772.000.000) 2025-02-02 20:32:18 Job submitted from host: <130.199.48.81:9618?addrs=130.199.48.81-9618&alias=rcas2062.rcf.bnl.gov&noUDP&sock=schedd_48563_ad09>
...
001 (2018772.000.000) 2025-02-02 20:36:19 Job executing on host: <130.199.184.218:9618?addrs=130.199.184.218-9618&alias=spool1793.sdcc.bnl.gov&noUDP&sock=startd_43997_9835>
...
006 (2018772.000.000) 2025-02-02 20:36:28 Image size of job updated: 147840
	73  -  MemoryUsage of job (MB)
	73756  -  ResidentSetSize of job (KB)
...
006 (2018772.000.000) 2025-02-02 20:38:55 Image size of job updated: 4000988
	73  -  MemoryUsage of job (MB)
	73840  -  ResidentSetSize of job (KB)
...
005 (2018772.000.000) 2025-02-02 20:38:56 Job terminated.
	(1) Normal termination (return value 0)
		Usr 0 00:02:12, Sys 0 00:00:05  -  Run Remote Usage
		Usr 0 00:00:00, Sys 0 00:00:00  -  Run Local Usage
		Usr 0 00:02:12, Sys 0 00:00:05  -  Total Remote Usage
		Usr 0 00:00:00, Sys 0 00:00:00  -  Total Local Usage
	0  -  Run Bytes Sent By Job
	0  -  Run Bytes Received By Job
	0  -  Total Bytes Sent By Job
	0  -  Total Bytes Received By Job
	Partitionable Resources :    Usage  Request Allocated 
	   Cpus                 :     0.97        1         1 
	   Disk (KB)            :     2           2   6681633 
	   Memory (MB)          :    73      128192    128256 
	   xferslots            :                           0 

	Job terminated of its own accord at 2025-02-03T01:38:55Z with exit-code 0.
...
000 (2019156.000.000) 2025-02-02 20:56:48 Job submitted from host: <130.199.48.81:9618?addrs=130.199.48.81-9618&alias=rcas2062.rcf.bnl.gov&noUDP&sock=schedd_48563_ad09>
...
001 (2019156.000.000) 2025-02-02 20:59:18 Job executing on host: <130.199.150.69:9618?addrs=130.199.150.69-9618&alias=spool1550.sdcc.bnl.gov&noUDP&sock=startd_69413_700d>
...
006 (2019156.000.000) 2025-02-02 20:59:27 Image size of job updated: 327076
	87  -  MemoryUsage of job (MB)
	88760  -  ResidentSetSize of job (KB)
...
006 (2019156.000.000) 2025-02-02 21:01:37 Image size of job updated: 4000992
	87  -  MemoryUsage of job (MB)
	88772  -  ResidentSetSize of job (KB)
...
005 (2019156.000.000) 2025-02-02 21:01:37 Job terminated.
	(1) Normal termination (return value 0)
		Usr 0 00:02:02, Sys 0 00:00:05  -  Run Remote Usage
		Usr 0 00:00:00, Sys 0 00:00:00  -  Run Local Usage
		Usr 0 00:02:02, Sys 0 00:00:05  -  Total Remote Usage
		Usr 0 00:00:00, Sys 0 00:00:00  -  Total Local Usage
	0  -  Run Bytes Sent By Job
	0  -  Run Bytes Received By Job
	0  -  Total Bytes Sent By Job
	0  -  Total Bytes Received By Job
	Partitionable Resources :    Usage  Request Allocated 
	   Cpus                 :     0.96        1         1 
	   Disk (KB)            :     2           2   6681237 
	   Memory (MB)          :    87      128192    128256 
	   xferslots            :                           0 

	Job terminated of its own accord at 2025-02-03T02:01:37Z with exit-code 0.
...
000 (2019540.000.000) 2025-02-02 22:34:29 Job submitted from host: <130.199.48.81:9618?addrs=130.199.48.81-9618&alias=rcas2062.rcf.bnl.gov&noUDP&sock=schedd_48563_ad09>
...
001 (2019540.000.000) 2025-02-02 22:40:15 Job executing on host: <130.199.151.27:9618?addrs=130.199.151.27-9618&alias=spool1605.sdcc.bnl.gov&noUDP&sock=startd_4829_6ac2>
...
006 (2019540.000.000) 2025-02-02 22:40:24 Image size of job updated: 38064
	8  -  MemoryUsage of job (MB)
	7284  -  ResidentSetSize of job (KB)
...
006 (2019540.000.000) 2025-02-02 22:43:23 Image size of job updated: 4000976
	8  -  MemoryUsage of job (MB)
	7284  -  ResidentSetSize of job (KB)
...
005 (2019540.000.000) 2025-02-02 22:43:23 Job terminated.
	(1) Normal termination (return value 0)
		Usr 0 00:02:24, Sys 0 00:00:06  -  Run Remote Usage
		Usr 0 00:00:00, Sys 0 00:00:00  -  Run Local Usage
		Usr 0 00:02:24, Sys 0 00:00:06  -  Total Remote Usage
		Usr 0 00:00:00, Sys 0 00:00:00  -  Total Local Usage
	0  -  Run Bytes Sent By Job
	0  -  Run Bytes Received By Job
	0  -  Total Bytes Sent By Job
	0  -  Total Bytes Received By Job
	Partitionable Resources :    Usage  Request Allocated 
	   Cpus                 :     0.95        1         1 
	   Disk (KB)            :     2           2   6681243 
	   Memory (MB)          :     8      128192    128256 
	   xferslots            :                           0 

	Job terminated of its own accord at 2025-02-03T03:43:23Z with exit-code 0.
...
