000 (2017098.000.000) 2025-01-28 23:08:09 Job submitted from host: <130.199.48.81:9618?addrs=130.199.48.81-9618&alias=rcas2062.rcf.bnl.gov&noUDP&sock=schedd_48563_ad09>
...
001 (2017098.000.000) 2025-01-29 01:33:52 Job executing on host: <130.199.151.30:9618?addrs=130.199.151.30-9618&alias=spool1608.sdcc.bnl.gov&noUDP&sock=startd_7058_de0d>
...
006 (2017098.000.000) 2025-01-29 01:34:00 Image size of job updated: 335576
	87  -  MemoryUsage of job (MB)
	88748  -  ResidentSetSize of job (KB)
...
005 (2017098.000.000) 2025-01-29 01:34:06 Job terminated.
	(1) Normal termination (return value 0)
		Usr 0 00:00:03, Sys 0 00:00:02  -  Run Remote Usage
		Usr 0 00:00:00, Sys 0 00:00:00  -  Run Local Usage
		Usr 0 00:00:03, Sys 0 00:00:02  -  Total Remote Usage
		Usr 0 00:00:00, Sys 0 00:00:00  -  Total Local Usage
	0  -  Run Bytes Sent By Job
	0  -  Run Bytes Received By Job
	0  -  Total Bytes Sent By Job
	0  -  Total Bytes Received By Job
	Partitionable Resources :    Usage  Request Allocated 
	   Cpus                 :                 1         1 
	   Disk (KB)            :        2        2   6681228 
	   Memory (MB)          :       87   128192    128256 
	   xferslots            :                           0 

	Job terminated of its own accord at 2025-01-29T06:34:06Z with exit-code 0.
...
000 (2017482.000.000) 2025-01-30 00:28:23 Job submitted from host: <130.199.48.81:9618?addrs=130.199.48.81-9618&alias=rcas2062.rcf.bnl.gov&noUDP&sock=schedd_48563_ad09>
...
001 (2017482.000.000) 2025-01-30 07:01:07 Job executing on host: <130.199.184.213:9618?addrs=130.199.184.213-9618&alias=spool1788.sdcc.bnl.gov&noUDP&sock=startd_11823_ee03>
...
006 (2017482.000.000) 2025-01-30 07:01:16 Image size of job updated: 19000
	2  -  MemoryUsage of job (MB)
	1028  -  ResidentSetSize of job (KB)
...
006 (2017482.000.000) 2025-01-30 07:06:17 Image size of job updated: 3869744
	316  -  MemoryUsage of job (MB)
	323176  -  ResidentSetSize of job (KB)
...
006 (2017482.000.000) 2025-01-30 07:11:17 Image size of job updated: 5336900
	1765  -  MemoryUsage of job (MB)
	1806600  -  ResidentSetSize of job (KB)
...
006 (2017482.000.000) 2025-01-30 07:16:18 Image size of job updated: 6702260
	3049  -  MemoryUsage of job (MB)
	3121356  -  ResidentSetSize of job (KB)
...
006 (2017482.000.000) 2025-01-30 07:21:18 Image size of job updated: 7966888
	4431  -  MemoryUsage of job (MB)
	4536468  -  ResidentSetSize of job (KB)
...
006 (2017482.000.000) 2025-01-30 07:26:18 Image size of job updated: 9427284
	5531  -  MemoryUsage of job (MB)
	5662868  -  ResidentSetSize of job (KB)
...
006 (2017482.000.000) 2025-01-30 07:31:19 Image size of job updated: 10116412
	6523  -  MemoryUsage of job (MB)
	6679536  -  ResidentSetSize of job (KB)
...
006 (2017482.000.000) 2025-01-30 07:36:20 Image size of job updated: 11674388
	7608  -  MemoryUsage of job (MB)
	7790008  -  ResidentSetSize of job (KB)
...
006 (2017482.000.000) 2025-01-30 07:41:20 Image size of job updated: 12794996
	8863  -  MemoryUsage of job (MB)
	9075576  -  ResidentSetSize of job (KB)
...
006 (2017482.000.000) 2025-01-30 07:46:21 Image size of job updated: 13686812
	9921  -  MemoryUsage of job (MB)
	10159024  -  ResidentSetSize of job (KB)
...
006 (2017482.000.000) 2025-01-30 07:51:22 Image size of job updated: 14765112
	11011  -  MemoryUsage of job (MB)
	11275120  -  ResidentSetSize of job (KB)
...
006 (2017482.000.000) 2025-01-30 07:56:22 Image size of job updated: 15799800
	11804  -  MemoryUsage of job (MB)
	12086884  -  ResidentSetSize of job (KB)
...
006 (2017482.000.000) 2025-01-30 08:01:23 Image size of job updated: 17177160
	12948  -  MemoryUsage of job (MB)
	13257956  -  ResidentSetSize of job (KB)
...
006 (2017482.000.000) 2025-01-30 08:06:24 Image size of job updated: 17981332
	13985  -  MemoryUsage of job (MB)
	14319804  -  ResidentSetSize of job (KB)
...
006 (2017482.000.000) 2025-01-30 08:11:24 Image size of job updated: 19313672
	14958  -  MemoryUsage of job (MB)
	15316472  -  ResidentSetSize of job (KB)
...
006 (2017482.000.000) 2025-01-30 08:16:24 Image size of job updated: 20134548
	16121  -  MemoryUsage of job (MB)
	16506956  -  ResidentSetSize of job (KB)
...
006 (2017482.000.000) 2025-01-30 08:21:25 Image size of job updated: 21335248
	17134  -  MemoryUsage of job (MB)
	17544444  -  ResidentSetSize of job (KB)
...
006 (2017482.000.000) 2025-01-30 08:26:25 Image size of job updated: 22340588
	18338  -  MemoryUsage of job (MB)
	18777928  -  ResidentSetSize of job (KB)
...
006 (2017482.000.000) 2025-01-30 08:31:25 Image size of job updated: 23381108
	19433  -  MemoryUsage of job (MB)
	19899328  -  ResidentSetSize of job (KB)
...
006 (2017482.000.000) 2025-01-30 08:36:26 Image size of job updated: 24486852
	20478  -  MemoryUsage of job (MB)
	20969192  -  ResidentSetSize of job (KB)
...
006 (2017482.000.000) 2025-01-30 08:41:26 Image size of job updated: 25754872
	21602  -  MemoryUsage of job (MB)
	22119644  -  ResidentSetSize of job (KB)
...
006 (2017482.000.000) 2025-01-30 08:46:26 Image size of job updated: 27327144
	22804  -  MemoryUsage of job (MB)
	23350276  -  ResidentSetSize of job (KB)
...
006 (2017482.000.000) 2025-01-30 08:51:27 Image size of job updated: 28003740
	23782  -  MemoryUsage of job (MB)
	24352024  -  ResidentSetSize of job (KB)
...
006 (2017482.000.000) 2025-01-30 08:56:27 Image size of job updated: 29378476
	24788  -  MemoryUsage of job (MB)
	25381916  -  ResidentSetSize of job (KB)
...
006 (2017482.000.000) 2025-01-30 09:01:27 Image size of job updated: 29928520
	25732  -  MemoryUsage of job (MB)
	26348788  -  ResidentSetSize of job (KB)
...
006 (2017482.000.000) 2025-01-30 09:06:28 Image size of job updated: 31002636
	26537  -  MemoryUsage of job (MB)
	27173636  -  ResidentSetSize of job (KB)
...
006 (2017482.000.000) 2025-01-30 09:11:28 Image size of job updated: 32254816
	27428  -  MemoryUsage of job (MB)
	28086084  -  ResidentSetSize of job (KB)
...
006 (2017482.000.000) 2025-01-30 09:16:28 Image size of job updated: 33076880
	28503  -  MemoryUsage of job (MB)
	29186080  -  ResidentSetSize of job (KB)
...
006 (2017482.000.000) 2025-01-30 09:21:29 Image size of job updated: 34640100
	29608  -  MemoryUsage of job (MB)
	30317892  -  ResidentSetSize of job (KB)
...
006 (2017482.000.000) 2025-01-30 09:26:30 Image size of job updated: 35388708
	30698  -  MemoryUsage of job (MB)
	31434228  -  ResidentSetSize of job (KB)
...
006 (2017482.000.000) 2025-01-30 09:31:30 Image size of job updated: 36201648
	31597  -  MemoryUsage of job (MB)
	32354828  -  ResidentSetSize of job (KB)
...
006 (2017482.000.000) 2025-01-30 09:36:31 Image size of job updated: 37036100
	32349  -  MemoryUsage of job (MB)
	33125288  -  ResidentSetSize of job (KB)
...
006 (2017482.000.000) 2025-01-30 09:41:32 Image size of job updated: 38177784
	33144  -  MemoryUsage of job (MB)
	33938752  -  ResidentSetSize of job (KB)
...
006 (2017482.000.000) 2025-01-30 09:46:32 Image size of job updated: 39333936
	34230  -  MemoryUsage of job (MB)
	35051192  -  ResidentSetSize of job (KB)
...
006 (2017482.000.000) 2025-01-30 09:51:32 Image size of job updated: 39911936
	35239  -  MemoryUsage of job (MB)
	36084280  -  ResidentSetSize of job (KB)
...
006 (2017482.000.000) 2025-01-30 09:56:33 Image size of job updated: 41079772
	36199  -  MemoryUsage of job (MB)
	37066788  -  ResidentSetSize of job (KB)
...
006 (2017482.000.000) 2025-01-30 10:01:33 Image size of job updated: 41803232
	37086  -  MemoryUsage of job (MB)
	37975664  -  ResidentSetSize of job (KB)
...
006 (2017482.000.000) 2025-01-30 10:09:55 Image size of job updated: 42079132
	40815  -  MemoryUsage of job (MB)
	41793832  -  ResidentSetSize of job (KB)
...
006 (2017482.000.000) 2025-01-30 10:20:00 Image size of job updated: 48122148
	43184  -  MemoryUsage of job (MB)
	44219412  -  ResidentSetSize of job (KB)
...
006 (2017482.000.000) 2025-01-30 10:28:04 Image size of job updated: 49756900
	44600  -  MemoryUsage of job (MB)
	45670072  -  ResidentSetSize of job (KB)
...
006 (2017482.000.000) 2025-01-30 10:33:04 Image size of job updated: 50661256
	45408  -  MemoryUsage of job (MB)
	46497076  -  ResidentSetSize of job (KB)
...
006 (2017482.000.000) 2025-01-30 10:38:05 Image size of job updated: 51913744
	46391  -  MemoryUsage of job (MB)
	47503688  -  ResidentSetSize of job (KB)
...
006 (2017482.000.000) 2025-01-30 10:43:06 Image size of job updated: 52921040
	47258  -  MemoryUsage of job (MB)
	48391320  -  ResidentSetSize of job (KB)
...
006 (2017482.000.000) 2025-01-30 10:48:06 Image size of job updated: 54079648
	48147  -  MemoryUsage of job (MB)
	49302484  -  ResidentSetSize of job (KB)
...
006 (2017482.000.000) 2025-01-30 10:53:07 Image size of job updated: 55053620
	49238  -  MemoryUsage of job (MB)
	50419528  -  ResidentSetSize of job (KB)
...
006 (2017482.000.000) 2025-01-30 10:58:08 Image size of job updated: 56043804
	50199  -  MemoryUsage of job (MB)
	51402820  -  ResidentSetSize of job (KB)
...
006 (2017482.000.000) 2025-01-30 11:03:08 Image size of job updated: 56816544
	50987  -  MemoryUsage of job (MB)
	52210368  -  ResidentSetSize of job (KB)
...
006 (2017482.000.000) 2025-01-30 11:08:09 Image size of job updated: 58019844
	52017  -  MemoryUsage of job (MB)
	53264412  -  ResidentSetSize of job (KB)
...
006 (2017482.000.000) 2025-01-30 11:13:09 Image size of job updated: 59226804
	53240  -  MemoryUsage of job (MB)
	54516748  -  ResidentSetSize of job (KB)
...
006 (2017482.000.000) 2025-01-30 11:18:09 Image size of job updated: 59693028
	54037  -  MemoryUsage of job (MB)
	55333332  -  ResidentSetSize of job (KB)
...
006 (2017482.000.000) 2025-01-30 11:23:10 Image size of job updated: 60878372
	54929  -  MemoryUsage of job (MB)
	56246688  -  ResidentSetSize of job (KB)
...
006 (2017482.000.000) 2025-01-30 11:28:11 Image size of job updated: 61836276
	55832  -  MemoryUsage of job (MB)
	57171644  -  ResidentSetSize of job (KB)
...
006 (2017482.000.000) 2025-01-30 11:33:11 Image size of job updated: 62363896
	56530  -  MemoryUsage of job (MB)
	57886252  -  ResidentSetSize of job (KB)
...
006 (2017482.000.000) 2025-01-30 11:38:12 Image size of job updated: 63825644
	57411  -  MemoryUsage of job (MB)
	58788212  -  ResidentSetSize of job (KB)
...
006 (2017482.000.000) 2025-01-30 11:40:37 Image size of job updated: 63935560
	57411  -  MemoryUsage of job (MB)
	58788212  -  ResidentSetSize of job (KB)
...
005 (2017482.000.000) 2025-01-30 11:40:37 Job terminated.
	(1) Normal termination (return value 0)
		Usr 0 02:35:41, Sys 0 00:25:33  -  Run Remote Usage
		Usr 0 00:00:00, Sys 0 00:00:00  -  Run Local Usage
		Usr 0 02:35:41, Sys 0 00:25:33  -  Total Remote Usage
		Usr 0 00:00:00, Sys 0 00:00:00  -  Total Local Usage
	0  -  Run Bytes Sent By Job
	0  -  Run Bytes Received By Job
	0  -  Total Bytes Sent By Job
	0  -  Total Bytes Received By Job
	Partitionable Resources :    Usage  Request Allocated 
	   Cpus                 :     0.72        1         1 
	   Disk (KB)            :     2           2   6681619 
	   Memory (MB)          : 57411      128192    128256 
	   xferslots            :                           0 

	Job terminated of its own accord at 2025-01-30T16:40:37Z with exit-code 0.
...
000 (2018928.000.000) 2025-02-02 20:32:34 Job submitted from host: <130.199.48.81:9618?addrs=130.199.48.81-9618&alias=rcas2062.rcf.bnl.gov&noUDP&sock=schedd_48563_ad09>
...
001 (2018928.000.000) 2025-02-02 20:39:58 Job executing on host: <130.199.186.24:9618?addrs=130.199.186.24-9618&alias=spool1821.sdcc.bnl.gov&noUDP&sock=startd_30284_9a6a>
...
006 (2018928.000.000) 2025-02-02 20:40:07 Image size of job updated: 193108
	117  -  MemoryUsage of job (MB)
	119480  -  ResidentSetSize of job (KB)
...
006 (2018928.000.000) 2025-02-02 20:42:26 Image size of job updated: 4000960
	117  -  MemoryUsage of job (MB)
	119484  -  ResidentSetSize of job (KB)
...
005 (2018928.000.000) 2025-02-02 20:42:26 Job terminated.
	(1) Normal termination (return value 0)
		Usr 0 00:02:09, Sys 0 00:00:05  -  Run Remote Usage
		Usr 0 00:00:00, Sys 0 00:00:00  -  Run Local Usage
		Usr 0 00:02:09, Sys 0 00:00:05  -  Total Remote Usage
		Usr 0 00:00:00, Sys 0 00:00:00  -  Total Local Usage
	0  -  Run Bytes Sent By Job
	0  -  Run Bytes Received By Job
	0  -  Total Bytes Sent By Job
	0  -  Total Bytes Received By Job
	Partitionable Resources :    Usage  Request Allocated 
	   Cpus                 :     0.95        1         1 
	   Disk (KB)            :     2           2   6681648 
	   Memory (MB)          :   117      128192    128256 
	   xferslots            :                           0 

	Job terminated of its own accord at 2025-02-03T01:42:26Z with exit-code 0.
...
000 (2019312.000.000) 2025-02-02 20:57:03 Job submitted from host: <130.199.48.81:9618?addrs=130.199.48.81-9618&alias=rcas2062.rcf.bnl.gov&noUDP&sock=schedd_48563_ad09>
...
001 (2019312.000.000) 2025-02-02 21:02:02 Job executing on host: <130.199.184.206:9618?addrs=130.199.184.206-9618&alias=spool1781.sdcc.bnl.gov&noUDP&sock=startd_81688_51fb>
...
006 (2019312.000.000) 2025-02-02 21:02:10 Image size of job updated: 561540
	139  -  MemoryUsage of job (MB)
	142104  -  ResidentSetSize of job (KB)
...
006 (2019312.000.000) 2025-02-02 21:04:10 Image size of job updated: 4000952
	139  -  MemoryUsage of job (MB)
	142152  -  ResidentSetSize of job (KB)
...
005 (2019312.000.000) 2025-02-02 21:04:11 Job terminated.
	(1) Normal termination (return value 0)
		Usr 0 00:01:55, Sys 0 00:00:04  -  Run Remote Usage
		Usr 0 00:00:00, Sys 0 00:00:00  -  Run Local Usage
		Usr 0 00:01:55, Sys 0 00:00:04  -  Total Remote Usage
		Usr 0 00:00:00, Sys 0 00:00:00  -  Total Local Usage
	0  -  Run Bytes Sent By Job
	0  -  Run Bytes Received By Job
	0  -  Total Bytes Sent By Job
	0  -  Total Bytes Received By Job
	Partitionable Resources :    Usage  Request Allocated 
	   Cpus                 :                 1         1 
	   Disk (KB)            :        2        2   6681630 
	   Memory (MB)          :      139   128192    128256 
	   xferslots            :                           0 

	Job terminated of its own accord at 2025-02-03T02:04:10Z with exit-code 0.
...
000 (2019696.000.000) 2025-02-02 22:34:43 Job submitted from host: <130.199.48.81:9618?addrs=130.199.48.81-9618&alias=rcas2062.rcf.bnl.gov&noUDP&sock=schedd_48563_ad09>
...
001 (2019696.000.000) 2025-02-02 22:45:02 Job executing on host: <130.199.184.198:9618?addrs=130.199.184.198-9618&alias=spool1773.sdcc.bnl.gov&noUDP&sock=startd_12597_e416>
...
006 (2019696.000.000) 2025-02-02 22:45:11 Image size of job updated: 69388
	43  -  MemoryUsage of job (MB)
	43372  -  ResidentSetSize of job (KB)
...
006 (2019696.000.000) 2025-02-02 22:48:13 Image size of job updated: 4000956
	44  -  MemoryUsage of job (MB)
	44644  -  ResidentSetSize of job (KB)
...
005 (2019696.000.000) 2025-02-02 22:48:13 Job terminated.
	(1) Normal termination (return value 0)
		Usr 0 00:02:20, Sys 0 00:00:06  -  Run Remote Usage
		Usr 0 00:00:00, Sys 0 00:00:00  -  Run Local Usage
		Usr 0 00:02:20, Sys 0 00:00:06  -  Total Remote Usage
		Usr 0 00:00:00, Sys 0 00:00:00  -  Total Local Usage
	0  -  Run Bytes Sent By Job
	0  -  Run Bytes Received By Job
	0  -  Total Bytes Sent By Job
	0  -  Total Bytes Received By Job
	Partitionable Resources :    Usage  Request Allocated 
	   Cpus                 :                 1         1 
	   Disk (KB)            :        2        2   6681627 
	   Memory (MB)          :       44   128192    128256 
	   xferslots            :                           0 

	Job terminated of its own accord at 2025-02-03T03:48:13Z with exit-code 0.
...
