000 (2017202.000.000) 2025-01-28 23:08:17 Job submitted from host: <130.199.48.81:9618?addrs=130.199.48.81-9618&alias=rcas2062.rcf.bnl.gov&noUDP&sock=schedd_48563_ad09>
...
001 (2017202.000.000) 2025-01-29 01:37:08 Job executing on host: <130.199.186.80:9618?addrs=130.199.186.80-9618&alias=spool1843.sdcc.bnl.gov&noUDP&sock=startd_11487_9708>
...
006 (2017202.000.000) 2025-01-29 01:37:17 Image size of job updated: 2933840
	137  -  MemoryUsage of job (MB)
	139496  -  ResidentSetSize of job (KB)
...
006 (2017202.000.000) 2025-01-29 01:37:18 Image size of job updated: 2936748
	137  -  MemoryUsage of job (MB)
	139508  -  ResidentSetSize of job (KB)
...
005 (2017202.000.000) 2025-01-29 01:37:18 Job terminated.
	(1) Normal termination (return value 0)
		Usr 0 00:00:03, Sys 0 00:00:01  -  Run Remote Usage
		Usr 0 00:00:00, Sys 0 00:00:00  -  Run Local Usage
		Usr 0 00:00:03, Sys 0 00:00:01  -  Total Remote Usage
		Usr 0 00:00:00, Sys 0 00:00:00  -  Total Local Usage
	0  -  Run Bytes Sent By Job
	0  -  Run Bytes Received By Job
	0  -  Total Bytes Sent By Job
	0  -  Total Bytes Received By Job
	Partitionable Resources :    Usage  Request Allocated 
	   Cpus                 :                 1         1 
	   Disk (KB)            :        2        2   6681630 
	   Memory (MB)          :      137   128192    128256 
	   xferslots            :                           0 

	Job terminated of its own accord at 2025-01-29T06:37:17Z with exit-code 0.
...
000 (2017586.000.000) 2025-01-30 00:28:34 Job submitted from host: <130.199.48.81:9618?addrs=130.199.48.81-9618&alias=rcas2062.rcf.bnl.gov&noUDP&sock=schedd_48563_ad09>
...
001 (2017586.000.000) 2025-01-30 09:39:47 Job executing on host: <130.199.151.13:9618?addrs=130.199.151.13-9618&alias=spool1591.sdcc.bnl.gov&noUDP&sock=startd_95714_5f47>
...
006 (2017586.000.000) 2025-01-30 09:39:56 Image size of job updated: 63276
	40  -  MemoryUsage of job (MB)
	40552  -  ResidentSetSize of job (KB)
...
006 (2017586.000.000) 2025-01-30 09:44:57 Image size of job updated: 5096796
	1335  -  MemoryUsage of job (MB)
	1366812  -  ResidentSetSize of job (KB)
...
006 (2017586.000.000) 2025-01-30 09:49:58 Image size of job updated: 6867928
	3190  -  MemoryUsage of job (MB)
	3266440  -  ResidentSetSize of job (KB)
...
006 (2017586.000.000) 2025-01-30 09:54:58 Image size of job updated: 8457000
	4809  -  MemoryUsage of job (MB)
	4924172  -  ResidentSetSize of job (KB)
...
006 (2017586.000.000) 2025-01-30 09:59:59 Image size of job updated: 9793704
	6188  -  MemoryUsage of job (MB)
	6335984  -  ResidentSetSize of job (KB)
...
006 (2017586.000.000) 2025-01-30 10:05:00 Image size of job updated: 12341100
	8731  -  MemoryUsage of job (MB)
	8939788  -  ResidentSetSize of job (KB)
...
006 (2017586.000.000) 2025-01-30 10:10:00 Image size of job updated: 15115764
	11512  -  MemoryUsage of job (MB)
	11787884  -  ResidentSetSize of job (KB)
...
006 (2017586.000.000) 2025-01-30 10:15:01 Image size of job updated: 17743264
	13708  -  MemoryUsage of job (MB)
	14036580  -  ResidentSetSize of job (KB)
...
006 (2017586.000.000) 2025-01-30 10:20:02 Image size of job updated: 19191536
	15359  -  MemoryUsage of job (MB)
	15727516  -  ResidentSetSize of job (KB)
...
006 (2017586.000.000) 2025-01-30 10:25:02 Image size of job updated: 20449704
	16641  -  MemoryUsage of job (MB)
	17039676  -  ResidentSetSize of job (KB)
...
006 (2017586.000.000) 2025-01-30 10:30:02 Image size of job updated: 21979540
	17738  -  MemoryUsage of job (MB)
	18163056  -  ResidentSetSize of job (KB)
...
006 (2017586.000.000) 2025-01-30 10:35:03 Image size of job updated: 23241392
	18969  -  MemoryUsage of job (MB)
	19423480  -  ResidentSetSize of job (KB)
...
006 (2017586.000.000) 2025-01-30 10:40:03 Image size of job updated: 24898928
	20385  -  MemoryUsage of job (MB)
	20874228  -  ResidentSetSize of job (KB)
...
006 (2017586.000.000) 2025-01-30 10:45:03 Image size of job updated: 26075372
	21605  -  MemoryUsage of job (MB)
	22123132  -  ResidentSetSize of job (KB)
...
006 (2017586.000.000) 2025-01-30 10:50:04 Image size of job updated: 27348436
	22846  -  MemoryUsage of job (MB)
	23394008  -  ResidentSetSize of job (KB)
...
006 (2017586.000.000) 2025-01-30 10:55:04 Image size of job updated: 28731396
	24180  -  MemoryUsage of job (MB)
	24759304  -  ResidentSetSize of job (KB)
...
006 (2017586.000.000) 2025-01-30 11:00:04 Image size of job updated: 29571928
	25169  -  MemoryUsage of job (MB)
	25772816  -  ResidentSetSize of job (KB)
...
006 (2017586.000.000) 2025-01-30 11:05:05 Image size of job updated: 30516420
	26315  -  MemoryUsage of job (MB)
	26945760  -  ResidentSetSize of job (KB)
...
006 (2017586.000.000) 2025-01-30 11:10:06 Image size of job updated: 31986860
	27343  -  MemoryUsage of job (MB)
	27998376  -  ResidentSetSize of job (KB)
...
006 (2017586.000.000) 2025-01-30 11:15:06 Image size of job updated: 32821176
	28381  -  MemoryUsage of job (MB)
	29061460  -  ResidentSetSize of job (KB)
...
006 (2017586.000.000) 2025-01-30 11:20:07 Image size of job updated: 33862588
	29542  -  MemoryUsage of job (MB)
	30250924  -  ResidentSetSize of job (KB)
...
006 (2017586.000.000) 2025-01-30 11:25:08 Image size of job updated: 35121400
	30877  -  MemoryUsage of job (MB)
	31617940  -  ResidentSetSize of job (KB)
...
006 (2017586.000.000) 2025-01-30 11:30:08 Image size of job updated: 36268500
	31915  -  MemoryUsage of job (MB)
	32680876  -  ResidentSetSize of job (KB)
...
006 (2017586.000.000) 2025-01-30 11:35:08 Image size of job updated: 37577952
	33153  -  MemoryUsage of job (MB)
	33947812  -  ResidentSetSize of job (KB)
...
006 (2017586.000.000) 2025-01-30 11:40:09 Image size of job updated: 38667372
	34243  -  MemoryUsage of job (MB)
	35064524  -  ResidentSetSize of job (KB)
...
006 (2017586.000.000) 2025-01-30 11:45:09 Image size of job updated: 39910716
	35041  -  MemoryUsage of job (MB)
	35881560  -  ResidentSetSize of job (KB)
...
006 (2017586.000.000) 2025-01-30 11:50:09 Image size of job updated: 40971432
	35908  -  MemoryUsage of job (MB)
	36768904  -  ResidentSetSize of job (KB)
...
006 (2017586.000.000) 2025-01-30 11:55:11 Image size of job updated: 41847472
	37308  -  MemoryUsage of job (MB)
	38202864  -  ResidentSetSize of job (KB)
...
006 (2017586.000.000) 2025-01-30 12:00:11 Image size of job updated: 43297624
	38634  -  MemoryUsage of job (MB)
	39561036  -  ResidentSetSize of job (KB)
...
006 (2017586.000.000) 2025-01-30 12:05:11 Image size of job updated: 44535064
	39859  -  MemoryUsage of job (MB)
	40815552  -  ResidentSetSize of job (KB)
...
006 (2017586.000.000) 2025-01-30 12:10:12 Image size of job updated: 46004508
	41237  -  MemoryUsage of job (MB)
	42226196  -  ResidentSetSize of job (KB)
...
006 (2017586.000.000) 2025-01-30 12:15:12 Image size of job updated: 47297824
	42378  -  MemoryUsage of job (MB)
	43394128  -  ResidentSetSize of job (KB)
...
006 (2017586.000.000) 2025-01-30 12:20:12 Image size of job updated: 48477164
	43880  -  MemoryUsage of job (MB)
	44932516  -  ResidentSetSize of job (KB)
...
006 (2017586.000.000) 2025-01-30 12:25:14 Image size of job updated: 49727736
	44946  -  MemoryUsage of job (MB)
	46024496  -  ResidentSetSize of job (KB)
...
006 (2017586.000.000) 2025-01-30 12:30:14 Image size of job updated: 50785120
	46271  -  MemoryUsage of job (MB)
	47380524  -  ResidentSetSize of job (KB)
...
006 (2017586.000.000) 2025-01-30 12:35:14 Image size of job updated: 52632048
	47641  -  MemoryUsage of job (MB)
	48783692  -  ResidentSetSize of job (KB)
...
006 (2017586.000.000) 2025-01-30 12:40:15 Image size of job updated: 53601044
	48733  -  MemoryUsage of job (MB)
	49901608  -  ResidentSetSize of job (KB)
...
006 (2017586.000.000) 2025-01-30 12:45:16 Image size of job updated: 55023328
	50011  -  MemoryUsage of job (MB)
	51210640  -  ResidentSetSize of job (KB)
...
006 (2017586.000.000) 2025-01-30 12:50:16 Image size of job updated: 55954356
	51221  -  MemoryUsage of job (MB)
	52449576  -  ResidentSetSize of job (KB)
...
006 (2017586.000.000) 2025-01-30 12:55:17 Image size of job updated: 57709272
	52623  -  MemoryUsage of job (MB)
	53885812  -  ResidentSetSize of job (KB)
...
006 (2017586.000.000) 2025-01-30 13:00:18 Image size of job updated: 58903176
	53673  -  MemoryUsage of job (MB)
	54960808  -  ResidentSetSize of job (KB)
...
006 (2017586.000.000) 2025-01-30 13:05:18 Image size of job updated: 60144892
	54909  -  MemoryUsage of job (MB)
	56225924  -  ResidentSetSize of job (KB)
...
006 (2017586.000.000) 2025-01-30 13:10:18 Image size of job updated: 61541888
	56234  -  MemoryUsage of job (MB)
	57583552  -  ResidentSetSize of job (KB)
...
006 (2017586.000.000) 2025-01-30 13:13:33 Image size of job updated: 61986080
	56234  -  MemoryUsage of job (MB)
	57583552  -  ResidentSetSize of job (KB)
...
005 (2017586.000.000) 2025-01-30 13:13:33 Job terminated.
	(1) Normal termination (return value 0)
		Usr 0 02:34:52, Sys 0 00:22:00  -  Run Remote Usage
		Usr 0 00:00:00, Sys 0 00:00:00  -  Run Local Usage
		Usr 0 02:34:52, Sys 0 00:22:00  -  Total Remote Usage
		Usr 0 00:00:00, Sys 0 00:00:00  -  Total Local Usage
	0  -  Run Bytes Sent By Job
	0  -  Run Bytes Received By Job
	0  -  Total Bytes Sent By Job
	0  -  Total Bytes Received By Job
	Partitionable Resources :    Usage  Request Allocated 
	   Cpus                 :     0.95        1         1 
	   Disk (KB)            :     2           2   6681238 
	   Memory (MB)          : 56234      128192    128256 
	   xferslots            :                           0 

	Job terminated of its own accord at 2025-01-30T18:13:33Z with exit-code 0.
...
000 (2019032.000.000) 2025-02-02 20:32:44 Job submitted from host: <130.199.48.81:9618?addrs=130.199.48.81-9618&alias=rcas2062.rcf.bnl.gov&noUDP&sock=schedd_48563_ad09>
...
001 (2019032.000.000) 2025-02-02 20:42:26 Job executing on host: <130.199.186.67:9618?addrs=130.199.186.67-9618&alias=spool1830.sdcc.bnl.gov&noUDP&sock=startd_13059_1bae>
...
006 (2019032.000.000) 2025-02-02 20:42:35 Image size of job updated: 2936188
	143  -  MemoryUsage of job (MB)
	145568  -  ResidentSetSize of job (KB)
...
006 (2019032.000.000) 2025-02-02 20:44:52 Image size of job updated: 4000956
	143  -  MemoryUsage of job (MB)
	145720  -  ResidentSetSize of job (KB)
...
005 (2019032.000.000) 2025-02-02 20:44:53 Job terminated.
	(1) Normal termination (return value 0)
		Usr 0 00:02:07, Sys 0 00:00:05  -  Run Remote Usage
		Usr 0 00:00:00, Sys 0 00:00:00  -  Run Local Usage
		Usr 0 00:02:07, Sys 0 00:00:05  -  Total Remote Usage
		Usr 0 00:00:00, Sys 0 00:00:00  -  Total Local Usage
	0  -  Run Bytes Sent By Job
	0  -  Run Bytes Received By Job
	0  -  Total Bytes Sent By Job
	0  -  Total Bytes Received By Job
	Partitionable Resources :    Usage  Request Allocated 
	   Cpus                 :                 1         1 
	   Disk (KB)            :        2        2   6681619 
	   Memory (MB)          :      143   128192    128256 
	   xferslots            :                           0 

	Job terminated of its own accord at 2025-02-03T01:44:52Z with exit-code 0.
...
000 (2019416.000.000) 2025-02-02 20:57:12 Job submitted from host: <130.199.48.81:9618?addrs=130.199.48.81-9618&alias=rcas2062.rcf.bnl.gov&noUDP&sock=schedd_48563_ad09>
...
001 (2019416.000.000) 2025-02-02 21:03:51 Job executing on host: <130.199.151.18:9618?addrs=130.199.151.18-9618&alias=spool1596.sdcc.bnl.gov&noUDP&sock=startd_53457_90ad>
...
006 (2019416.000.000) 2025-02-02 21:04:00 Image size of job updated: 390364
	112  -  MemoryUsage of job (MB)
	113980  -  ResidentSetSize of job (KB)
...
006 (2019416.000.000) 2025-02-02 21:06:14 Image size of job updated: 4000960
	112  -  MemoryUsage of job (MB)
	114008  -  ResidentSetSize of job (KB)
...
005 (2019416.000.000) 2025-02-02 21:06:14 Job terminated.
	(1) Normal termination (return value 0)
		Usr 0 00:02:06, Sys 0 00:00:05  -  Run Remote Usage
		Usr 0 00:00:00, Sys 0 00:00:00  -  Run Local Usage
		Usr 0 00:02:06, Sys 0 00:00:05  -  Total Remote Usage
		Usr 0 00:00:00, Sys 0 00:00:00  -  Total Local Usage
	0  -  Run Bytes Sent By Job
	0  -  Run Bytes Received By Job
	0  -  Total Bytes Sent By Job
	0  -  Total Bytes Received By Job
	Partitionable Resources :    Usage  Request Allocated 
	   Cpus                 :     0.21        1         1 
	   Disk (KB)            :     2           2   6681231 
	   Memory (MB)          :   112      128192    128256 
	   xferslots            :                           0 

	Job terminated of its own accord at 2025-02-03T02:06:14Z with exit-code 0.
...
000 (2019800.000.000) 2025-02-02 22:34:52 Job submitted from host: <130.199.48.81:9618?addrs=130.199.48.81-9618&alias=rcas2062.rcf.bnl.gov&noUDP&sock=schedd_48563_ad09>
...
001 (2019800.000.000) 2025-02-02 22:47:55 Job executing on host: <130.199.150.94:9618?addrs=130.199.150.94-9618&alias=spool1575.sdcc.bnl.gov&noUDP&sock=startd_12389_0fc4>
...
006 (2019800.000.000) 2025-02-02 22:48:04 Image size of job updated: 335564
	44  -  MemoryUsage of job (MB)
	44440  -  ResidentSetSize of job (KB)
...
006 (2019800.000.000) 2025-02-02 22:51:09 Image size of job updated: 4000960
	44  -  MemoryUsage of job (MB)
	44440  -  ResidentSetSize of job (KB)
...
005 (2019800.000.000) 2025-02-02 22:51:10 Job terminated.
	(1) Normal termination (return value 0)
		Usr 0 00:02:24, Sys 0 00:00:06  -  Run Remote Usage
		Usr 0 00:00:00, Sys 0 00:00:00  -  Run Local Usage
		Usr 0 00:02:24, Sys 0 00:00:06  -  Total Remote Usage
		Usr 0 00:00:00, Sys 0 00:00:00  -  Total Local Usage
	0  -  Run Bytes Sent By Job
	0  -  Run Bytes Received By Job
	0  -  Total Bytes Sent By Job
	0  -  Total Bytes Received By Job
	Partitionable Resources :    Usage  Request Allocated 
	   Cpus                 :                 1         1 
	   Disk (KB)            :        2        2   6681229 
	   Memory (MB)          :       44   128192    128256 
	   xferslots            :                           0 

	Job terminated of its own accord at 2025-02-03T03:51:09Z with exit-code 0.
...
