000 (2017059.000.000) 2025-01-28 23:08:05 Job submitted from host: <130.199.48.81:9618?addrs=130.199.48.81-9618&alias=rcas2062.rcf.bnl.gov&noUDP&sock=schedd_48563_ad09>
...
001 (2017059.000.000) 2025-01-29 01:30:14 Job executing on host: <130.199.186.69:9618?addrs=130.199.186.69-9618&alias=spool1832.sdcc.bnl.gov&noUDP&sock=startd_24966_85f7>
...
006 (2017059.000.000) 2025-01-29 01:30:23 Image size of job updated: 596264
	115  -  MemoryUsage of job (MB)
	117000  -  ResidentSetSize of job (KB)
...
005 (2017059.000.000) 2025-01-29 01:30:26 Job terminated.
	(1) Normal termination (return value 0)
		Usr 0 00:00:03, Sys 0 00:00:01  -  Run Remote Usage
		Usr 0 00:00:00, Sys 0 00:00:00  -  Run Local Usage
		Usr 0 00:00:03, Sys 0 00:00:01  -  Total Remote Usage
		Usr 0 00:00:00, Sys 0 00:00:00  -  Total Local Usage
	0  -  Run Bytes Sent By Job
	0  -  Run Bytes Received By Job
	0  -  Total Bytes Sent By Job
	0  -  Total Bytes Received By Job
	Partitionable Resources :    Usage  Request Allocated 
	   Cpus                 :                 1         1 
	   Disk (KB)            :        2        2   6681558 
	   Memory (MB)          :      115   128192    128256 
	   xferslots            :                           0 

	Job terminated of its own accord at 2025-01-29T06:30:26Z with exit-code 0.
...
000 (2017443.000.000) 2025-01-30 00:28:19 Job submitted from host: <130.199.48.81:9618?addrs=130.199.48.81-9618&alias=rcas2062.rcf.bnl.gov&noUDP&sock=schedd_48563_ad09>
...
001 (2017443.000.000) 2025-01-30 05:07:09 Job executing on host: <130.199.186.15:9618?addrs=130.199.186.15-9618&alias=spool1812.sdcc.bnl.gov&noUDP&sock=startd_25324_d367>
...
006 (2017443.000.000) 2025-01-30 05:07:17 Image size of job updated: 90052
	45  -  MemoryUsage of job (MB)
	45624  -  ResidentSetSize of job (KB)
...
006 (2017443.000.000) 2025-01-30 05:12:17 Image size of job updated: 4992808
	1308  -  MemoryUsage of job (MB)
	1338900  -  ResidentSetSize of job (KB)
...
006 (2017443.000.000) 2025-01-30 05:17:18 Image size of job updated: 6594224
	3081  -  MemoryUsage of job (MB)
	3154820  -  ResidentSetSize of job (KB)
...
006 (2017443.000.000) 2025-01-30 05:22:19 Image size of job updated: 8502676
	4557  -  MemoryUsage of job (MB)
	4666224  -  ResidentSetSize of job (KB)
...
006 (2017443.000.000) 2025-01-30 05:27:19 Image size of job updated: 9998724
	6411  -  MemoryUsage of job (MB)
	6563872  -  ResidentSetSize of job (KB)
...
006 (2017443.000.000) 2025-01-30 05:32:19 Image size of job updated: 11632892
	7929  -  MemoryUsage of job (MB)
	8118368  -  ResidentSetSize of job (KB)
...
006 (2017443.000.000) 2025-01-30 05:37:20 Image size of job updated: 13659488
	9955  -  MemoryUsage of job (MB)
	10193676  -  ResidentSetSize of job (KB)
...
006 (2017443.000.000) 2025-01-30 05:42:20 Image size of job updated: 15324952
	11576  -  MemoryUsage of job (MB)
	11853400  -  ResidentSetSize of job (KB)
...
006 (2017443.000.000) 2025-01-30 05:47:20 Image size of job updated: 17878948
	13413  -  MemoryUsage of job (MB)
	13734312  -  ResidentSetSize of job (KB)
...
006 (2017443.000.000) 2025-01-30 05:52:21 Image size of job updated: 19103484
	15058  -  MemoryUsage of job (MB)
	15418928  -  ResidentSetSize of job (KB)
...
006 (2017443.000.000) 2025-01-30 05:57:21 Image size of job updated: 21079148
	16975  -  MemoryUsage of job (MB)
	17381724  -  ResidentSetSize of job (KB)
...
006 (2017443.000.000) 2025-01-30 06:02:21 Image size of job updated: 23171336
	18737  -  MemoryUsage of job (MB)
	19186236  -  ResidentSetSize of job (KB)
...
006 (2017443.000.000) 2025-01-30 06:07:22 Image size of job updated: 24994928
	20631  -  MemoryUsage of job (MB)
	21125864  -  ResidentSetSize of job (KB)
...
006 (2017443.000.000) 2025-01-30 06:12:22 Image size of job updated: 26478188
	22163  -  MemoryUsage of job (MB)
	22694836  -  ResidentSetSize of job (KB)
...
006 (2017443.000.000) 2025-01-30 06:17:22 Image size of job updated: 28139000
	24172  -  MemoryUsage of job (MB)
	24751452  -  ResidentSetSize of job (KB)
...
006 (2017443.000.000) 2025-01-30 06:22:23 Image size of job updated: 30419852
	26276  -  MemoryUsage of job (MB)
	26905792  -  ResidentSetSize of job (KB)
...
006 (2017443.000.000) 2025-01-30 06:27:23 Image size of job updated: 31910908
	27455  -  MemoryUsage of job (MB)
	28113088  -  ResidentSetSize of job (KB)
...
006 (2017443.000.000) 2025-01-30 06:32:23 Image size of job updated: 33000976
	28900  -  MemoryUsage of job (MB)
	29593100  -  ResidentSetSize of job (KB)
...
006 (2017443.000.000) 2025-01-30 06:37:24 Image size of job updated: 34703408
	30086  -  MemoryUsage of job (MB)
	30807884  -  ResidentSetSize of job (KB)
...
006 (2017443.000.000) 2025-01-30 06:42:25 Image size of job updated: 35744684
	31488  -  MemoryUsage of job (MB)
	32243540  -  ResidentSetSize of job (KB)
...
006 (2017443.000.000) 2025-01-30 06:47:25 Image size of job updated: 37281284
	32812  -  MemoryUsage of job (MB)
	33599080  -  ResidentSetSize of job (KB)
...
006 (2017443.000.000) 2025-01-30 06:52:26 Image size of job updated: 38665264
	34421  -  MemoryUsage of job (MB)
	35246764  -  ResidentSetSize of job (KB)
...
006 (2017443.000.000) 2025-01-30 06:57:27 Image size of job updated: 40317108
	35642  -  MemoryUsage of job (MB)
	36496492  -  ResidentSetSize of job (KB)
...
006 (2017443.000.000) 2025-01-30 07:02:27 Image size of job updated: 41213260
	36817  -  MemoryUsage of job (MB)
	37699680  -  ResidentSetSize of job (KB)
...
006 (2017443.000.000) 2025-01-30 07:07:28 Image size of job updated: 42770792
	38483  -  MemoryUsage of job (MB)
	39406096  -  ResidentSetSize of job (KB)
...
006 (2017443.000.000) 2025-01-30 07:12:28 Image size of job updated: 44975512
	40475  -  MemoryUsage of job (MB)
	41446272  -  ResidentSetSize of job (KB)
...
006 (2017443.000.000) 2025-01-30 07:17:28 Image size of job updated: 46894504
	42508  -  MemoryUsage of job (MB)
	43527620  -  ResidentSetSize of job (KB)
...
006 (2017443.000.000) 2025-01-30 07:22:29 Image size of job updated: 48916140
	44462  -  MemoryUsage of job (MB)
	45528736  -  ResidentSetSize of job (KB)
...
006 (2017443.000.000) 2025-01-30 07:27:30 Image size of job updated: 50700884
	46277  -  MemoryUsage of job (MB)
	47387560  -  ResidentSetSize of job (KB)
...
006 (2017443.000.000) 2025-01-30 07:32:30 Image size of job updated: 52356372
	47825  -  MemoryUsage of job (MB)
	48971924  -  ResidentSetSize of job (KB)
...
006 (2017443.000.000) 2025-01-30 07:37:31 Image size of job updated: 53945984
	49328  -  MemoryUsage of job (MB)
	50511120  -  ResidentSetSize of job (KB)
...
006 (2017443.000.000) 2025-01-30 07:42:32 Image size of job updated: 55424332
	50792  -  MemoryUsage of job (MB)
	52010800  -  ResidentSetSize of job (KB)
...
006 (2017443.000.000) 2025-01-30 07:47:32 Image size of job updated: 57397540
	52503  -  MemoryUsage of job (MB)
	53762056  -  ResidentSetSize of job (KB)
...
006 (2017443.000.000) 2025-01-30 07:52:32 Image size of job updated: 59544220
	54641  -  MemoryUsage of job (MB)
	55951392  -  ResidentSetSize of job (KB)
...
006 (2017443.000.000) 2025-01-30 07:57:33 Image size of job updated: 61573632
	56877  -  MemoryUsage of job (MB)
	58241708  -  ResidentSetSize of job (KB)
...
006 (2017443.000.000) 2025-01-30 08:02:33 Image size of job updated: 63747036
	58983  -  MemoryUsage of job (MB)
	60398376  -  ResidentSetSize of job (KB)
...
006 (2017443.000.000) 2025-01-30 08:04:17 Image size of job updated: 64496472
	58983  -  MemoryUsage of job (MB)
	60398376  -  ResidentSetSize of job (KB)
...
005 (2017443.000.000) 2025-01-30 08:04:17 Job terminated.
	(1) Normal termination (return value 0)
		Usr 0 02:20:34, Sys 0 00:18:52  -  Run Remote Usage
		Usr 0 00:00:00, Sys 0 00:00:00  -  Run Local Usage
		Usr 0 02:20:34, Sys 0 00:18:52  -  Total Remote Usage
		Usr 0 00:00:00, Sys 0 00:00:00  -  Total Local Usage
	0  -  Run Bytes Sent By Job
	0  -  Run Bytes Received By Job
	0  -  Total Bytes Sent By Job
	0  -  Total Bytes Received By Job
	Partitionable Resources :    Usage  Request Allocated 
	   Cpus                 :     1.20        1         1 
	   Disk (KB)            :     2           2   6681621 
	   Memory (MB)          : 58983      128192    128256 
	   xferslots            :                           0 

	Job terminated of its own accord at 2025-01-30T13:04:17Z with exit-code 0.
...
000 (2018889.000.000) 2025-02-02 20:32:30 Job submitted from host: <130.199.48.81:9618?addrs=130.199.48.81-9618&alias=rcas2062.rcf.bnl.gov&noUDP&sock=schedd_48563_ad09>
...
001 (2018889.000.000) 2025-02-02 20:39:19 Job executing on host: <130.199.184.206:9618?addrs=130.199.184.206-9618&alias=spool1781.sdcc.bnl.gov&noUDP&sock=startd_81688_51fb>
...
006 (2018889.000.000) 2025-02-02 20:39:28 Image size of job updated: 332084
	83  -  MemoryUsage of job (MB)
	84396  -  ResidentSetSize of job (KB)
...
006 (2018889.000.000) 2025-02-02 20:41:59 Image size of job updated: 4000988
	83  -  MemoryUsage of job (MB)
	84396  -  ResidentSetSize of job (KB)
...
005 (2018889.000.000) 2025-02-02 20:42:00 Job terminated.
	(1) Normal termination (return value 0)
		Usr 0 00:02:16, Sys 0 00:00:05  -  Run Remote Usage
		Usr 0 00:00:00, Sys 0 00:00:00  -  Run Local Usage
		Usr 0 00:02:16, Sys 0 00:00:05  -  Total Remote Usage
		Usr 0 00:00:00, Sys 0 00:00:00  -  Total Local Usage
	0  -  Run Bytes Sent By Job
	0  -  Run Bytes Received By Job
	0  -  Total Bytes Sent By Job
	0  -  Total Bytes Received By Job
	Partitionable Resources :    Usage  Request Allocated 
	   Cpus                 :                 1         1 
	   Disk (KB)            :        2        2   6681630 
	   Memory (MB)          :       83   128192    128256 
	   xferslots            :                           0 

	Job terminated of its own accord at 2025-02-03T01:41:59Z with exit-code 0.
...
000 (2019273.000.000) 2025-02-02 20:56:58 Job submitted from host: <130.199.48.81:9618?addrs=130.199.48.81-9618&alias=rcas2062.rcf.bnl.gov&noUDP&sock=schedd_48563_ad09>
...
001 (2019273.000.000) 2025-02-02 21:01:05 Job executing on host: <130.199.186.82:9618?addrs=130.199.186.82-9618&alias=spool1845.sdcc.bnl.gov&noUDP&sock=startd_71843_8085>
...
006 (2019273.000.000) 2025-02-02 21:01:14 Image size of job updated: 576760
	115  -  MemoryUsage of job (MB)
	116876  -  ResidentSetSize of job (KB)
...
006 (2019273.000.000) 2025-02-02 21:03:26 Image size of job updated: 4000980
	115  -  MemoryUsage of job (MB)
	116876  -  ResidentSetSize of job (KB)
...
005 (2019273.000.000) 2025-02-02 21:03:26 Job terminated.
	(1) Normal termination (return value 0)
		Usr 0 00:02:07, Sys 0 00:00:05  -  Run Remote Usage
		Usr 0 00:00:00, Sys 0 00:00:00  -  Run Local Usage
		Usr 0 00:02:07, Sys 0 00:00:05  -  Total Remote Usage
		Usr 0 00:00:00, Sys 0 00:00:00  -  Total Local Usage
	0  -  Run Bytes Sent By Job
	0  -  Run Bytes Received By Job
	0  -  Total Bytes Sent By Job
	0  -  Total Bytes Received By Job
	Partitionable Resources :    Usage  Request Allocated 
	   Cpus                 :                 1         1 
	   Disk (KB)            :        2        2   6681620 
	   Memory (MB)          :      115   128192    128256 
	   xferslots            :                           0 

	Job terminated of its own accord at 2025-02-03T02:03:26Z with exit-code 0.
...
000 (2019657.000.000) 2025-02-02 22:34:40 Job submitted from host: <130.199.48.81:9618?addrs=130.199.48.81-9618&alias=rcas2062.rcf.bnl.gov&noUDP&sock=schedd_48563_ad09>
...
001 (2019657.000.000) 2025-02-02 22:44:08 Job executing on host: <130.199.184.159:9618?addrs=130.199.184.159-9618&alias=spool1768.sdcc.bnl.gov&noUDP&sock=startd_78083_621d>
...
006 (2019657.000.000) 2025-02-02 22:44:16 Image size of job updated: 62992
	40  -  MemoryUsage of job (MB)
	40564  -  ResidentSetSize of job (KB)
...
006 (2019657.000.000) 2025-02-02 22:47:22 Image size of job updated: 4000980
	40  -  MemoryUsage of job (MB)
	40564  -  ResidentSetSize of job (KB)
...
005 (2019657.000.000) 2025-02-02 22:47:23 Job terminated.
	(1) Normal termination (return value 0)
		Usr 0 00:02:30, Sys 0 00:00:05  -  Run Remote Usage
		Usr 0 00:00:00, Sys 0 00:00:00  -  Run Local Usage
		Usr 0 00:02:30, Sys 0 00:00:05  -  Total Remote Usage
		Usr 0 00:00:00, Sys 0 00:00:00  -  Total Local Usage
	0  -  Run Bytes Sent By Job
	0  -  Run Bytes Received By Job
	0  -  Total Bytes Sent By Job
	0  -  Total Bytes Received By Job
	Partitionable Resources :    Usage  Request Allocated 
	   Cpus                 :     0.94        1         1 
	   Disk (KB)            :     2           2   6681653 
	   Memory (MB)          :    40      128192    128256 
	   xferslots            :                           0 

	Job terminated of its own accord at 2025-02-03T03:47:22Z with exit-code 0.
...
