000 (2017186.000.000) 2025-01-28 23:08:16 Job submitted from host: <130.199.48.81:9618?addrs=130.199.48.81-9618&alias=rcas2062.rcf.bnl.gov&noUDP&sock=schedd_48563_ad09>
...
001 (2017186.000.000) 2025-01-29 01:37:05 Job executing on host: <130.199.186.21:9618?addrs=130.199.186.21-9618&alias=spool1818.sdcc.bnl.gov&noUDP&sock=startd_15937_f573>
...
006 (2017186.000.000) 2025-01-29 01:37:13 Image size of job updated: 108996
	59  -  MemoryUsage of job (MB)
	59528  -  ResidentSetSize of job (KB)
...
006 (2017186.000.000) 2025-01-29 01:37:24 Image size of job updated: 565272
	59  -  MemoryUsage of job (MB)
	59768  -  ResidentSetSize of job (KB)
...
005 (2017186.000.000) 2025-01-29 01:37:24 Job terminated.
	(1) Normal termination (return value 0)
		Usr 0 00:00:03, Sys 0 00:00:02  -  Run Remote Usage
		Usr 0 00:00:00, Sys 0 00:00:00  -  Run Local Usage
		Usr 0 00:00:03, Sys 0 00:00:02  -  Total Remote Usage
		Usr 0 00:00:00, Sys 0 00:00:00  -  Total Local Usage
	0  -  Run Bytes Sent By Job
	0  -  Run Bytes Received By Job
	0  -  Total Bytes Sent By Job
	0  -  Total Bytes Received By Job
	Partitionable Resources :    Usage  Request Allocated 
	   Cpus                 :                 1         1 
	   Disk (KB)            :        2        2   6681615 
	   Memory (MB)          :       59   128192    128256 
	   xferslots            :                           0 

	Job terminated of its own accord at 2025-01-29T06:37:24Z with exit-code 0.
...
000 (2017570.000.000) 2025-01-30 00:28:32 Job submitted from host: <130.199.48.81:9618?addrs=130.199.48.81-9618&alias=rcas2062.rcf.bnl.gov&noUDP&sock=schedd_48563_ad09>
...
001 (2017570.000.000) 2025-01-30 09:03:29 Job executing on host: <130.199.207.220:9618?addrs=130.199.207.220-9618&alias=spool1507.sdcc.bnl.gov&noUDP&sock=startd_19017_bd6b>
...
006 (2017570.000.000) 2025-01-30 09:03:38 Image size of job updated: 61540
	33  -  MemoryUsage of job (MB)
	33688  -  ResidentSetSize of job (KB)
...
006 (2017570.000.000) 2025-01-30 09:08:39 Image size of job updated: 5252784
	1717  -  MemoryUsage of job (MB)
	1757500  -  ResidentSetSize of job (KB)
...
006 (2017570.000.000) 2025-01-30 09:13:39 Image size of job updated: 7584712
	3861  -  MemoryUsage of job (MB)
	3953084  -  ResidentSetSize of job (KB)
...
006 (2017570.000.000) 2025-01-30 09:18:39 Image size of job updated: 9358760
	5448  -  MemoryUsage of job (MB)
	5578392  -  ResidentSetSize of job (KB)
...
006 (2017570.000.000) 2025-01-30 09:23:40 Image size of job updated: 11334084
	7241  -  MemoryUsage of job (MB)
	7413840  -  ResidentSetSize of job (KB)
...
006 (2017570.000.000) 2025-01-30 09:28:41 Image size of job updated: 12739332
	8658  -  MemoryUsage of job (MB)
	8865728  -  ResidentSetSize of job (KB)
...
006 (2017570.000.000) 2025-01-30 09:33:41 Image size of job updated: 14022664
	10045  -  MemoryUsage of job (MB)
	10285512  -  ResidentSetSize of job (KB)
...
006 (2017570.000.000) 2025-01-30 09:38:42 Image size of job updated: 15635620
	11649  -  MemoryUsage of job (MB)
	11928240  -  ResidentSetSize of job (KB)
...
006 (2017570.000.000) 2025-01-30 09:43:43 Image size of job updated: 17270272
	12961  -  MemoryUsage of job (MB)
	13271952  -  ResidentSetSize of job (KB)
...
006 (2017570.000.000) 2025-01-30 09:48:43 Image size of job updated: 17909756
	14138  -  MemoryUsage of job (MB)
	14476740  -  ResidentSetSize of job (KB)
...
006 (2017570.000.000) 2025-01-30 09:53:44 Image size of job updated: 19586180
	15538  -  MemoryUsage of job (MB)
	15910168  -  ResidentSetSize of job (KB)
...
006 (2017570.000.000) 2025-01-30 09:58:45 Image size of job updated: 21112068
	16912  -  MemoryUsage of job (MB)
	17317680  -  ResidentSetSize of job (KB)
...
006 (2017570.000.000) 2025-01-30 10:09:55 Image size of job updated: 24901440
	20957  -  MemoryUsage of job (MB)
	21459844  -  ResidentSetSize of job (KB)
...
006 (2017570.000.000) 2025-01-30 10:28:24 Image size of job updated: 30143852
	25696  -  MemoryUsage of job (MB)
	26312308  -  ResidentSetSize of job (KB)
...
006 (2017570.000.000) 2025-01-30 10:43:12 Image size of job updated: 33481416
	29095  -  MemoryUsage of job (MB)
	29792308  -  ResidentSetSize of job (KB)
...
006 (2017570.000.000) 2025-01-30 10:52:05 Image size of job updated: 35420380
	30875  -  MemoryUsage of job (MB)
	31615860  -  ResidentSetSize of job (KB)
...
006 (2017570.000.000) 2025-01-30 10:57:25 Image size of job updated: 36381096
	32236  -  MemoryUsage of job (MB)
	33009148  -  ResidentSetSize of job (KB)
...
006 (2017570.000.000) 2025-01-30 11:02:25 Image size of job updated: 37729656
	33086  -  MemoryUsage of job (MB)
	33879640  -  ResidentSetSize of job (KB)
...
006 (2017570.000.000) 2025-01-30 11:07:25 Image size of job updated: 38931832
	34151  -  MemoryUsage of job (MB)
	34970592  -  ResidentSetSize of job (KB)
...
006 (2017570.000.000) 2025-01-30 11:12:27 Image size of job updated: 39506796
	35016  -  MemoryUsage of job (MB)
	35855988  -  ResidentSetSize of job (KB)
...
006 (2017570.000.000) 2025-01-30 11:17:27 Image size of job updated: 40459972
	36112  -  MemoryUsage of job (MB)
	36977924  -  ResidentSetSize of job (KB)
...
006 (2017570.000.000) 2025-01-30 11:22:27 Image size of job updated: 41713236
	37108  -  MemoryUsage of job (MB)
	37997656  -  ResidentSetSize of job (KB)
...
006 (2017570.000.000) 2025-01-30 11:27:28 Image size of job updated: 42658404
	38093  -  MemoryUsage of job (MB)
	39007116  -  ResidentSetSize of job (KB)
...
006 (2017570.000.000) 2025-01-30 11:32:29 Image size of job updated: 43825088
	39061  -  MemoryUsage of job (MB)
	39998320  -  ResidentSetSize of job (KB)
...
006 (2017570.000.000) 2025-01-30 11:37:29 Image size of job updated: 44547160
	40017  -  MemoryUsage of job (MB)
	40976876  -  ResidentSetSize of job (KB)
...
006 (2017570.000.000) 2025-01-30 11:42:30 Image size of job updated: 45402416
	40955  -  MemoryUsage of job (MB)
	41937112  -  ResidentSetSize of job (KB)
...
006 (2017570.000.000) 2025-01-30 11:47:31 Image size of job updated: 46654960
	41810  -  MemoryUsage of job (MB)
	42812824  -  ResidentSetSize of job (KB)
...
006 (2017570.000.000) 2025-01-30 11:52:31 Image size of job updated: 48043572
	42933  -  MemoryUsage of job (MB)
	43962428  -  ResidentSetSize of job (KB)
...
006 (2017570.000.000) 2025-01-30 11:57:31 Image size of job updated: 48805512
	44237  -  MemoryUsage of job (MB)
	45298648  -  ResidentSetSize of job (KB)
...
006 (2017570.000.000) 2025-01-30 12:02:32 Image size of job updated: 50179280
	45188  -  MemoryUsage of job (MB)
	46271684  -  ResidentSetSize of job (KB)
...
006 (2017570.000.000) 2025-01-30 12:07:32 Image size of job updated: 51134424
	46101  -  MemoryUsage of job (MB)
	47206788  -  ResidentSetSize of job (KB)
...
006 (2017570.000.000) 2025-01-30 12:12:32 Image size of job updated: 52275820
	47013  -  MemoryUsage of job (MB)
	48141308  -  ResidentSetSize of job (KB)
...
006 (2017570.000.000) 2025-01-30 12:17:34 Image size of job updated: 52908612
	48051  -  MemoryUsage of job (MB)
	49203752  -  ResidentSetSize of job (KB)
...
006 (2017570.000.000) 2025-01-30 12:22:34 Image size of job updated: 53954240
	49119  -  MemoryUsage of job (MB)
	50297476  -  ResidentSetSize of job (KB)
...
006 (2017570.000.000) 2025-01-30 12:27:34 Image size of job updated: 55404132
	50104  -  MemoryUsage of job (MB)
	51306292  -  ResidentSetSize of job (KB)
...
006 (2017570.000.000) 2025-01-30 12:32:35 Image size of job updated: 56155600
	51034  -  MemoryUsage of job (MB)
	52257804  -  ResidentSetSize of job (KB)
...
006 (2017570.000.000) 2025-01-30 12:37:36 Image size of job updated: 57168004
	52003  -  MemoryUsage of job (MB)
	53250316  -  ResidentSetSize of job (KB)
...
006 (2017570.000.000) 2025-01-30 12:42:36 Image size of job updated: 57745948
	52800  -  MemoryUsage of job (MB)
	54066980  -  ResidentSetSize of job (KB)
...
006 (2017570.000.000) 2025-01-30 12:47:37 Image size of job updated: 58674140
	53560  -  MemoryUsage of job (MB)
	54844508  -  ResidentSetSize of job (KB)
...
006 (2017570.000.000) 2025-01-30 12:52:38 Image size of job updated: 60187036
	54748  -  MemoryUsage of job (MB)
	56061664  -  ResidentSetSize of job (KB)
...
006 (2017570.000.000) 2025-01-30 12:57:38 Image size of job updated: 60823852
	55757  -  MemoryUsage of job (MB)
	57094372  -  ResidentSetSize of job (KB)
...
006 (2017570.000.000) 2025-01-30 13:02:38 Image size of job updated: 61950440
	56757  -  MemoryUsage of job (MB)
	58119116  -  ResidentSetSize of job (KB)
...
006 (2017570.000.000) 2025-01-30 13:07:39 Image size of job updated: 62870836
	57815  -  MemoryUsage of job (MB)
	59202540  -  ResidentSetSize of job (KB)
...
006 (2017570.000.000) 2025-01-30 13:12:39 Image size of job updated: 64241016
	58708  -  MemoryUsage of job (MB)
	60116424  -  ResidentSetSize of job (KB)
...
006 (2017570.000.000) 2025-01-30 13:17:40 Image size of job updated: 65386724
	59737  -  MemoryUsage of job (MB)
	61169892  -  ResidentSetSize of job (KB)
...
006 (2017570.000.000) 2025-01-30 13:22:41 Image size of job updated: 66118316
	60771  -  MemoryUsage of job (MB)
	62229340  -  ResidentSetSize of job (KB)
...
006 (2017570.000.000) 2025-01-30 13:27:41 Image size of job updated: 67826524
	62054  -  MemoryUsage of job (MB)
	63543296  -  ResidentSetSize of job (KB)
...
006 (2017570.000.000) 2025-01-30 13:32:41 Image size of job updated: 68651992
	63022  -  MemoryUsage of job (MB)
	64533692  -  ResidentSetSize of job (KB)
...
006 (2017570.000.000) 2025-01-30 13:37:42 Image size of job updated: 69808864
	64552  -  MemoryUsage of job (MB)
	66100588  -  ResidentSetSize of job (KB)
...
006 (2017570.000.000) 2025-01-30 13:42:42 Image size of job updated: 71310172
	65899  -  MemoryUsage of job (MB)
	67480056  -  ResidentSetSize of job (KB)
...
006 (2017570.000.000) 2025-01-30 13:47:43 Image size of job updated: 72558904
	67213  -  MemoryUsage of job (MB)
	68825264  -  ResidentSetSize of job (KB)
...
006 (2017570.000.000) 2025-01-30 13:52:44 Image size of job updated: 74400200
	68697  -  MemoryUsage of job (MB)
	70345012  -  ResidentSetSize of job (KB)
...
006 (2017570.000.000) 2025-01-30 13:57:44 Image size of job updated: 75570092
	70093  -  MemoryUsage of job (MB)
	71774356  -  ResidentSetSize of job (KB)
...
006 (2017570.000.000) 2025-01-30 14:02:44 Image size of job updated: 77199596
	71750  -  MemoryUsage of job (MB)
	73471996  -  ResidentSetSize of job (KB)
...
006 (2017570.000.000) 2025-01-30 14:07:46 Image size of job updated: 79186700
	73502  -  MemoryUsage of job (MB)
	75265096  -  ResidentSetSize of job (KB)
...
006 (2017570.000.000) 2025-01-30 14:12:46 Image size of job updated: 81153364
	75522  -  MemoryUsage of job (MB)
	77334252  -  ResidentSetSize of job (KB)
...
006 (2017570.000.000) 2025-01-30 14:17:46 Image size of job updated: 83115340
	77268  -  MemoryUsage of job (MB)
	79121716  -  ResidentSetSize of job (KB)
...
006 (2017570.000.000) 2025-01-30 14:22:47 Image size of job updated: 84541832
	78511  -  MemoryUsage of job (MB)
	80394524  -  ResidentSetSize of job (KB)
...
006 (2017570.000.000) 2025-01-30 14:26:37 Image size of job updated: 85439340
	78511  -  MemoryUsage of job (MB)
	80394524  -  ResidentSetSize of job (KB)
...
005 (2017570.000.000) 2025-01-30 14:26:37 Job terminated.
	(1) Normal termination (return value 0)
		Usr 0 03:29:27, Sys 0 00:32:02  -  Run Remote Usage
		Usr 0 00:00:00, Sys 0 00:00:00  -  Run Local Usage
		Usr 0 03:29:27, Sys 0 00:32:02  -  Total Remote Usage
		Usr 0 00:00:00, Sys 0 00:00:00  -  Total Local Usage
	0  -  Run Bytes Sent By Job
	0  -  Run Bytes Received By Job
	0  -  Total Bytes Sent By Job
	0  -  Total Bytes Received By Job
	Partitionable Resources :    Usage  Request Allocated 
	   Cpus                 :     0.84        1         1 
	   Disk (KB)            :     2           2   6681174 
	   Memory (MB)          : 78511      128192    128256 
	   xferslots            :                           0 

	Job terminated of its own accord at 2025-01-30T19:26:37Z with exit-code 0.
...
000 (2019016.000.000) 2025-02-02 20:32:42 Job submitted from host: <130.199.48.81:9618?addrs=130.199.48.81-9618&alias=rcas2062.rcf.bnl.gov&noUDP&sock=schedd_48563_ad09>
...
001 (2019016.000.000) 2025-02-02 20:42:13 Job executing on host: <130.199.184.157:9618?addrs=130.199.184.157-9618&alias=spool1766.sdcc.bnl.gov&noUDP&sock=startd_29367_625e>
...
006 (2019016.000.000) 2025-02-02 20:42:22 Image size of job updated: 391340
	77  -  MemoryUsage of job (MB)
	78628  -  ResidentSetSize of job (KB)
...
006 (2019016.000.000) 2025-02-02 20:45:05 Image size of job updated: 4000960
	77  -  MemoryUsage of job (MB)
	78628  -  ResidentSetSize of job (KB)
...
005 (2019016.000.000) 2025-02-02 20:45:05 Job terminated.
	(1) Normal termination (return value 0)
		Usr 0 00:02:23, Sys 0 00:00:06  -  Run Remote Usage
		Usr 0 00:00:00, Sys 0 00:00:00  -  Run Local Usage
		Usr 0 00:02:23, Sys 0 00:00:06  -  Total Remote Usage
		Usr 0 00:00:00, Sys 0 00:00:00  -  Total Local Usage
	0  -  Run Bytes Sent By Job
	0  -  Run Bytes Received By Job
	0  -  Total Bytes Sent By Job
	0  -  Total Bytes Received By Job
	Partitionable Resources :    Usage  Request Allocated 
	   Cpus                 :                 1         1 
	   Disk (KB)            :        2        2   6681612 
	   Memory (MB)          :       77   128192    128256 
	   xferslots            :                           0 

	Job terminated of its own accord at 2025-02-03T01:45:05Z with exit-code 0.
...
000 (2019400.000.000) 2025-02-02 20:57:11 Job submitted from host: <130.199.48.81:9618?addrs=130.199.48.81-9618&alias=rcas2062.rcf.bnl.gov&noUDP&sock=schedd_48563_ad09>
...
001 (2019400.000.000) 2025-02-02 21:03:28 Job executing on host: <130.199.186.76:9618?addrs=130.199.186.76-9618&alias=spool1839.sdcc.bnl.gov&noUDP&sock=startd_48828_8b8a>
...
006 (2019400.000.000) 2025-02-02 21:03:37 Image size of job updated: 167120
	95  -  MemoryUsage of job (MB)
	96800  -  ResidentSetSize of job (KB)
...
006 (2019400.000.000) 2025-02-02 21:05:53 Image size of job updated: 4000948
	95  -  MemoryUsage of job (MB)
	96828  -  ResidentSetSize of job (KB)
...
005 (2019400.000.000) 2025-02-02 21:05:54 Job terminated.
	(1) Normal termination (return value 0)
		Usr 0 00:02:11, Sys 0 00:00:05  -  Run Remote Usage
		Usr 0 00:00:00, Sys 0 00:00:00  -  Run Local Usage
		Usr 0 00:02:11, Sys 0 00:00:05  -  Total Remote Usage
		Usr 0 00:00:00, Sys 0 00:00:00  -  Total Local Usage
	0  -  Run Bytes Sent By Job
	0  -  Run Bytes Received By Job
	0  -  Total Bytes Sent By Job
	0  -  Total Bytes Received By Job
	Partitionable Resources :    Usage  Request Allocated 
	   Cpus                 :     0.97        1         1 
	   Disk (KB)            :     2           2   6681624 
	   Memory (MB)          :    95      128192    128256 
	   xferslots            :                           0 

	Job terminated of its own accord at 2025-02-03T02:05:53Z with exit-code 0.
...
000 (2019784.000.000) 2025-02-02 22:34:51 Job submitted from host: <130.199.48.81:9618?addrs=130.199.48.81-9618&alias=rcas2062.rcf.bnl.gov&noUDP&sock=schedd_48563_ad09>
...
001 (2019784.000.000) 2025-02-02 22:47:38 Job executing on host: <130.199.186.25:9618?addrs=130.199.186.25-9618&alias=spool1822.sdcc.bnl.gov&noUDP&sock=startd_57197_3a59>
...
006 (2019784.000.000) 2025-02-02 22:47:47 Image size of job updated: 79312
	40  -  MemoryUsage of job (MB)
	40420  -  ResidentSetSize of job (KB)
...
006 (2019784.000.000) 2025-02-02 22:50:47 Image size of job updated: 4000948
	40  -  MemoryUsage of job (MB)
	40420  -  ResidentSetSize of job (KB)
...
005 (2019784.000.000) 2025-02-02 22:50:47 Job terminated.
	(1) Normal termination (return value 0)
		Usr 0 00:02:21, Sys 0 00:00:05  -  Run Remote Usage
		Usr 0 00:00:00, Sys 0 00:00:00  -  Run Local Usage
		Usr 0 00:02:21, Sys 0 00:00:05  -  Total Remote Usage
		Usr 0 00:00:00, Sys 0 00:00:00  -  Total Local Usage
	0  -  Run Bytes Sent By Job
	0  -  Run Bytes Received By Job
	0  -  Total Bytes Sent By Job
	0  -  Total Bytes Received By Job
	Partitionable Resources :    Usage  Request Allocated 
	   Cpus                 :     0.96        1         1 
	   Disk (KB)            :     2           2   6681644 
	   Memory (MB)          :    40      128192    128256 
	   xferslots            :                           0 

	Job terminated of its own accord at 2025-02-03T03:50:47Z with exit-code 0.
...
