000 (2017158.000.000) 2025-01-28 23:08:14 Job submitted from host: <130.199.48.81:9618?addrs=130.199.48.81-9618&alias=rcas2062.rcf.bnl.gov&noUDP&sock=schedd_48563_ad09>
...
001 (2017158.000.000) 2025-01-29 01:36:21 Job executing on host: <130.199.186.8:9618?addrs=130.199.186.8-9618&alias=spool1805.sdcc.bnl.gov&noUDP&sock=startd_47947_b83e>
...
006 (2017158.000.000) 2025-01-29 01:36:30 Image size of job updated: 144752
	71  -  MemoryUsage of job (MB)
	72288  -  ResidentSetSize of job (KB)
...
006 (2017158.000.000) 2025-01-29 01:36:42 Image size of job updated: 565988
	71  -  MemoryUsage of job (MB)
	72392  -  ResidentSetSize of job (KB)
...
005 (2017158.000.000) 2025-01-29 01:36:43 Job terminated.
	(1) Normal termination (return value 0)
		Usr 0 00:00:03, Sys 0 00:00:01  -  Run Remote Usage
		Usr 0 00:00:00, Sys 0 00:00:00  -  Run Local Usage
		Usr 0 00:00:03, Sys 0 00:00:01  -  Total Remote Usage
		Usr 0 00:00:00, Sys 0 00:00:00  -  Total Local Usage
	0  -  Run Bytes Sent By Job
	0  -  Run Bytes Received By Job
	0  -  Total Bytes Sent By Job
	0  -  Total Bytes Received By Job
	Partitionable Resources :    Usage  Request Allocated 
	   Cpus                 :                 1         1 
	   Disk (KB)            :        2        2   6681622 
	   Memory (MB)          :       71   128192    128256 
	   xferslots            :                           0 

	Job terminated of its own accord at 2025-01-29T06:36:42Z with exit-code 0.
...
000 (2017542.000.000) 2025-01-30 00:28:29 Job submitted from host: <130.199.48.81:9618?addrs=130.199.48.81-9618&alias=rcas2062.rcf.bnl.gov&noUDP&sock=schedd_48563_ad09>
...
001 (2017542.000.000) 2025-01-30 08:21:45 Job executing on host: <130.199.186.69:9618?addrs=130.199.186.69-9618&alias=spool1832.sdcc.bnl.gov&noUDP&sock=startd_24966_85f7>
...
006 (2017542.000.000) 2025-01-30 08:21:54 Image size of job updated: 48636
	1  -  MemoryUsage of job (MB)
	348  -  ResidentSetSize of job (KB)
...
006 (2017542.000.000) 2025-01-30 08:26:54 Image size of job updated: 3868868
	226  -  MemoryUsage of job (MB)
	230656  -  ResidentSetSize of job (KB)
...
006 (2017542.000.000) 2025-01-30 08:31:54 Image size of job updated: 5250128
	1642  -  MemoryUsage of job (MB)
	1681332  -  ResidentSetSize of job (KB)
...
006 (2017542.000.000) 2025-01-30 08:36:55 Image size of job updated: 6713708
	2730  -  MemoryUsage of job (MB)
	2794656  -  ResidentSetSize of job (KB)
...
006 (2017542.000.000) 2025-01-30 08:41:56 Image size of job updated: 7946396
	4006  -  MemoryUsage of job (MB)
	4101712  -  ResidentSetSize of job (KB)
...
006 (2017542.000.000) 2025-01-30 08:46:56 Image size of job updated: 8795072
	5305  -  MemoryUsage of job (MB)
	5432076  -  ResidentSetSize of job (KB)
...
006 (2017542.000.000) 2025-01-30 08:51:57 Image size of job updated: 10040124
	6392  -  MemoryUsage of job (MB)
	6544504  -  ResidentSetSize of job (KB)
...
006 (2017542.000.000) 2025-01-30 08:56:58 Image size of job updated: 11140416
	7344  -  MemoryUsage of job (MB)
	7519492  -  ResidentSetSize of job (KB)
...
006 (2017542.000.000) 2025-01-30 09:01:58 Image size of job updated: 12494504
	8520  -  MemoryUsage of job (MB)
	8724472  -  ResidentSetSize of job (KB)
...
006 (2017542.000.000) 2025-01-30 09:06:58 Image size of job updated: 13640976
	9745  -  MemoryUsage of job (MB)
	9978520  -  ResidentSetSize of job (KB)
...
006 (2017542.000.000) 2025-01-30 09:11:59 Image size of job updated: 14529076
	10802  -  MemoryUsage of job (MB)
	11060824  -  ResidentSetSize of job (KB)
...
006 (2017542.000.000) 2025-01-30 09:16:59 Image size of job updated: 15680728
	11981  -  MemoryUsage of job (MB)
	12267568  -  ResidentSetSize of job (KB)
...
006 (2017542.000.000) 2025-01-30 09:21:59 Image size of job updated: 16845808
	13037  -  MemoryUsage of job (MB)
	13348968  -  ResidentSetSize of job (KB)
...
006 (2017542.000.000) 2025-01-30 09:27:01 Image size of job updated: 18223012
	14091  -  MemoryUsage of job (MB)
	14429064  -  ResidentSetSize of job (KB)
...
006 (2017542.000.000) 2025-01-30 09:32:01 Image size of job updated: 19272444
	15172  -  MemoryUsage of job (MB)
	15535612  -  ResidentSetSize of job (KB)
...
006 (2017542.000.000) 2025-01-30 09:37:01 Image size of job updated: 20183744
	15852  -  MemoryUsage of job (MB)
	16231944  -  ResidentSetSize of job (KB)
...
006 (2017542.000.000) 2025-01-30 09:42:02 Image size of job updated: 21395680
	16843  -  MemoryUsage of job (MB)
	17246316  -  ResidentSetSize of job (KB)
...
006 (2017542.000.000) 2025-01-30 09:47:02 Image size of job updated: 21897444
	18117  -  MemoryUsage of job (MB)
	18551728  -  ResidentSetSize of job (KB)
...
006 (2017542.000.000) 2025-01-30 09:52:03 Image size of job updated: 23238192
	19118  -  MemoryUsage of job (MB)
	19576496  -  ResidentSetSize of job (KB)
...
006 (2017542.000.000) 2025-01-30 09:57:04 Image size of job updated: 24318796
	20208  -  MemoryUsage of job (MB)
	20692476  -  ResidentSetSize of job (KB)
...
006 (2017542.000.000) 2025-01-30 10:09:54 Image size of job updated: 25251192
	24285  -  MemoryUsage of job (MB)
	24867248  -  ResidentSetSize of job (KB)
...
006 (2017542.000.000) 2025-01-30 10:33:27 Image size of job updated: 34555936
	29695  -  MemoryUsage of job (MB)
	30407092  -  ResidentSetSize of job (KB)
...
006 (2017542.000.000) 2025-01-30 10:52:17 Image size of job updated: 38249784
	34013  -  MemoryUsage of job (MB)
	34828512  -  ResidentSetSize of job (KB)
...
006 (2017542.000.000) 2025-01-30 11:03:36 Image size of job updated: 40766180
	36134  -  MemoryUsage of job (MB)
	37000304  -  ResidentSetSize of job (KB)
...
006 (2017542.000.000) 2025-01-30 11:10:23 Image size of job updated: 42052936
	37367  -  MemoryUsage of job (MB)
	38263584  -  ResidentSetSize of job (KB)
...
006 (2017542.000.000) 2025-01-30 11:15:24 Image size of job updated: 43205532
	38264  -  MemoryUsage of job (MB)
	39181968  -  ResidentSetSize of job (KB)
...
006 (2017542.000.000) 2025-01-30 11:20:24 Image size of job updated: 44316580
	39185  -  MemoryUsage of job (MB)
	40124704  -  ResidentSetSize of job (KB)
...
006 (2017542.000.000) 2025-01-30 11:25:24 Image size of job updated: 45177752
	40202  -  MemoryUsage of job (MB)
	41166788  -  ResidentSetSize of job (KB)
...
006 (2017542.000.000) 2025-01-30 11:30:25 Image size of job updated: 45903196
	41088  -  MemoryUsage of job (MB)
	42073936  -  ResidentSetSize of job (KB)
...
006 (2017542.000.000) 2025-01-30 11:35:25 Image size of job updated: 47163224
	41915  -  MemoryUsage of job (MB)
	42920200  -  ResidentSetSize of job (KB)
...
006 (2017542.000.000) 2025-01-30 11:40:25 Image size of job updated: 47923828
	42879  -  MemoryUsage of job (MB)
	43907232  -  ResidentSetSize of job (KB)
...
006 (2017542.000.000) 2025-01-30 11:45:27 Image size of job updated: 49340592
	43963  -  MemoryUsage of job (MB)
	45017764  -  ResidentSetSize of job (KB)
...
006 (2017542.000.000) 2025-01-30 11:50:27 Image size of job updated: 50283656
	44987  -  MemoryUsage of job (MB)
	46065672  -  ResidentSetSize of job (KB)
...
006 (2017542.000.000) 2025-01-30 11:55:27 Image size of job updated: 51340312
	46081  -  MemoryUsage of job (MB)
	47186804  -  ResidentSetSize of job (KB)
...
006 (2017542.000.000) 2025-01-30 12:00:28 Image size of job updated: 52448768
	47090  -  MemoryUsage of job (MB)
	48219212  -  ResidentSetSize of job (KB)
...
006 (2017542.000.000) 2025-01-30 12:05:29 Image size of job updated: 53640424
	48090  -  MemoryUsage of job (MB)
	49243676  -  ResidentSetSize of job (KB)
...
006 (2017542.000.000) 2025-01-30 12:10:29 Image size of job updated: 54841976
	49081  -  MemoryUsage of job (MB)
	50258620  -  ResidentSetSize of job (KB)
...
006 (2017542.000.000) 2025-01-30 12:15:30 Image size of job updated: 55347852
	50022  -  MemoryUsage of job (MB)
	51222416  -  ResidentSetSize of job (KB)
...
006 (2017542.000.000) 2025-01-30 12:20:30 Image size of job updated: 56419308
	51063  -  MemoryUsage of job (MB)
	52288080  -  ResidentSetSize of job (KB)
...
006 (2017542.000.000) 2025-01-30 12:25:30 Image size of job updated: 57392788
	51900  -  MemoryUsage of job (MB)
	53145384  -  ResidentSetSize of job (KB)
...
006 (2017542.000.000) 2025-01-30 12:30:31 Image size of job updated: 58464364
	52823  -  MemoryUsage of job (MB)
	54090480  -  ResidentSetSize of job (KB)
...
006 (2017542.000.000) 2025-01-30 12:35:32 Image size of job updated: 59327468
	53781  -  MemoryUsage of job (MB)
	55070816  -  ResidentSetSize of job (KB)
...
006 (2017542.000.000) 2025-01-30 12:40:32 Image size of job updated: 60195064
	54634  -  MemoryUsage of job (MB)
	55944812  -  ResidentSetSize of job (KB)
...
006 (2017542.000.000) 2025-01-30 12:45:33 Image size of job updated: 61345728
	55421  -  MemoryUsage of job (MB)
	56750944  -  ResidentSetSize of job (KB)
...
006 (2017542.000.000) 2025-01-30 12:50:34 Image size of job updated: 62022176
	56346  -  MemoryUsage of job (MB)
	57697920  -  ResidentSetSize of job (KB)
...
006 (2017542.000.000) 2025-01-30 12:55:34 Image size of job updated: 63474972
	57336  -  MemoryUsage of job (MB)
	58711948  -  ResidentSetSize of job (KB)
...
006 (2017542.000.000) 2025-01-30 13:00:35 Image size of job updated: 64504832
	58522  -  MemoryUsage of job (MB)
	59925652  -  ResidentSetSize of job (KB)
...
006 (2017542.000.000) 2025-01-30 13:05:35 Image size of job updated: 65116320
	59297  -  MemoryUsage of job (MB)
	60719804  -  ResidentSetSize of job (KB)
...
006 (2017542.000.000) 2025-01-30 13:10:35 Image size of job updated: 66095856
	60167  -  MemoryUsage of job (MB)
	61610912  -  ResidentSetSize of job (KB)
...
006 (2017542.000.000) 2025-01-30 13:15:36 Image size of job updated: 67215676
	61145  -  MemoryUsage of job (MB)
	62611840  -  ResidentSetSize of job (KB)
...
006 (2017542.000.000) 2025-01-30 13:20:37 Image size of job updated: 68303224
	62078  -  MemoryUsage of job (MB)
	63567096  -  ResidentSetSize of job (KB)
...
006 (2017542.000.000) 2025-01-30 13:25:37 Image size of job updated: 69128572
	63318  -  MemoryUsage of job (MB)
	64837240  -  ResidentSetSize of job (KB)
...
006 (2017542.000.000) 2025-01-30 13:30:38 Image size of job updated: 70456680
	64351  -  MemoryUsage of job (MB)
	65894664  -  ResidentSetSize of job (KB)
...
006 (2017542.000.000) 2025-01-30 13:35:39 Image size of job updated: 71139628
	65309  -  MemoryUsage of job (MB)
	66876252  -  ResidentSetSize of job (KB)
...
006 (2017542.000.000) 2025-01-30 13:40:39 Image size of job updated: 72342624
	66307  -  MemoryUsage of job (MB)
	67897780  -  ResidentSetSize of job (KB)
...
006 (2017542.000.000) 2025-01-30 13:45:11 Image size of job updated: 73254880
	66307  -  MemoryUsage of job (MB)
	67897780  -  ResidentSetSize of job (KB)
...
005 (2017542.000.000) 2025-01-30 13:45:11 Job terminated.
	(1) Normal termination (return value 0)
		Usr 0 02:51:49, Sys 0 00:26:03  -  Run Remote Usage
		Usr 0 00:00:00, Sys 0 00:00:00  -  Run Local Usage
		Usr 0 02:51:49, Sys 0 00:26:03  -  Total Remote Usage
		Usr 0 00:00:00, Sys 0 00:00:00  -  Total Local Usage
	0  -  Run Bytes Sent By Job
	0  -  Run Bytes Received By Job
	0  -  Total Bytes Sent By Job
	0  -  Total Bytes Received By Job
	Partitionable Resources :    Usage  Request Allocated 
	   Cpus                 :     0.48        1         1 
	   Disk (KB)            :     2           2   6681558 
	   Memory (MB)          : 66307      128192    128256 
	   xferslots            :                           0 

	Job terminated of its own accord at 2025-01-30T18:45:11Z with exit-code 0.
...
000 (2018988.000.000) 2025-02-02 20:32:40 Job submitted from host: <130.199.48.81:9618?addrs=130.199.48.81-9618&alias=rcas2062.rcf.bnl.gov&noUDP&sock=schedd_48563_ad09>
...
001 (2018988.000.000) 2025-02-02 20:41:34 Job executing on host: <130.199.186.16:9618?addrs=130.199.186.16-9618&alias=spool1813.sdcc.bnl.gov&noUDP&sock=startd_24682_a412>
...
006 (2018988.000.000) 2025-02-02 20:41:42 Image size of job updated: 333312
	140  -  MemoryUsage of job (MB)
	142404  -  ResidentSetSize of job (KB)
...
006 (2018988.000.000) 2025-02-02 20:43:46 Image size of job updated: 4001204
	140  -  MemoryUsage of job (MB)
	142532  -  ResidentSetSize of job (KB)
...
005 (2018988.000.000) 2025-02-02 20:43:47 Job terminated.
	(1) Normal termination (return value 0)
		Usr 0 00:01:56, Sys 0 00:00:04  -  Run Remote Usage
		Usr 0 00:00:00, Sys 0 00:00:00  -  Run Local Usage
		Usr 0 00:01:56, Sys 0 00:00:04  -  Total Remote Usage
		Usr 0 00:00:00, Sys 0 00:00:00  -  Total Local Usage
	0  -  Run Bytes Sent By Job
	0  -  Run Bytes Received By Job
	0  -  Total Bytes Sent By Job
	0  -  Total Bytes Received By Job
	Partitionable Resources :    Usage  Request Allocated 
	   Cpus                 :                 1         1 
	   Disk (KB)            :        2        2   6681616 
	   Memory (MB)          :      140   128192    128256 
	   xferslots            :                           0 

	Job terminated of its own accord at 2025-02-03T01:43:46Z with exit-code 0.
...
000 (2019372.000.000) 2025-02-02 20:57:08 Job submitted from host: <130.199.48.81:9618?addrs=130.199.48.81-9618&alias=rcas2062.rcf.bnl.gov&noUDP&sock=schedd_48563_ad09>
...
001 (2019372.000.000) 2025-02-02 21:02:55 Job executing on host: <130.199.207.221:9618?addrs=130.199.207.221-9618&alias=spool1508.sdcc.bnl.gov&noUDP&sock=startd_22296_8084>
...
006 (2019372.000.000) 2025-02-02 21:03:03 Image size of job updated: 149316
	80  -  MemoryUsage of job (MB)
	81084  -  ResidentSetSize of job (KB)
...
006 (2019372.000.000) 2025-02-02 21:05:37 Image size of job updated: 4001196
	80  -  MemoryUsage of job (MB)
	81084  -  ResidentSetSize of job (KB)
...
005 (2019372.000.000) 2025-02-02 21:05:37 Job terminated.
	(1) Normal termination (return value 0)
		Usr 0 00:02:17, Sys 0 00:00:07  -  Run Remote Usage
		Usr 0 00:00:00, Sys 0 00:00:00  -  Run Local Usage
		Usr 0 00:02:17, Sys 0 00:00:07  -  Total Remote Usage
		Usr 0 00:00:00, Sys 0 00:00:00  -  Total Local Usage
	0  -  Run Bytes Sent By Job
	0  -  Run Bytes Received By Job
	0  -  Total Bytes Sent By Job
	0  -  Total Bytes Received By Job
	Partitionable Resources :    Usage  Request Allocated 
	   Cpus                 :     0.24        1         1 
	   Disk (KB)            :     2           2   6681177 
	   Memory (MB)          :    80      128192    128256 
	   xferslots            :                           0 

	Job terminated of its own accord at 2025-02-03T02:05:37Z with exit-code 0.
...
000 (2019756.000.000) 2025-02-02 22:34:48 Job submitted from host: <130.199.48.81:9618?addrs=130.199.48.81-9618&alias=rcas2062.rcf.bnl.gov&noUDP&sock=schedd_48563_ad09>
...
001 (2019756.000.000) 2025-02-02 22:47:03 Job executing on host: <130.199.184.203:9618?addrs=130.199.184.203-9618&alias=spool1778.sdcc.bnl.gov&noUDP&sock=startd_34041_a570>
...
006 (2019756.000.000) 2025-02-02 22:47:12 Image size of job updated: 75308
	44  -  MemoryUsage of job (MB)
	44720  -  ResidentSetSize of job (KB)
...
006 (2019756.000.000) 2025-02-02 22:50:07 Image size of job updated: 4001196
	44  -  MemoryUsage of job (MB)
	44720  -  ResidentSetSize of job (KB)
...
005 (2019756.000.000) 2025-02-02 22:50:08 Job terminated.
	(1) Normal termination (return value 0)
		Usr 0 00:02:19, Sys 0 00:00:06  -  Run Remote Usage
		Usr 0 00:00:00, Sys 0 00:00:00  -  Run Local Usage
		Usr 0 00:02:19, Sys 0 00:00:06  -  Total Remote Usage
		Usr 0 00:00:00, Sys 0 00:00:00  -  Total Local Usage
	0  -  Run Bytes Sent By Job
	0  -  Run Bytes Received By Job
	0  -  Total Bytes Sent By Job
	0  -  Total Bytes Received By Job
	Partitionable Resources :    Usage  Request Allocated 
	   Cpus                 :     0.94        1         1 
	   Disk (KB)            :     2           2   6681624 
	   Memory (MB)          :    44      128192    128256 
	   xferslots            :                           0 

	Job terminated of its own accord at 2025-02-03T03:50:07Z with exit-code 0.
...
