000 (2017069.000.000) 2025-01-28 23:08:06 Job submitted from host: <130.199.48.81:9618?addrs=130.199.48.81-9618&alias=rcas2062.rcf.bnl.gov&noUDP&sock=schedd_48563_ad09>
...
001 (2017069.000.000) 2025-01-29 01:31:22 Job executing on host: <130.199.186.8:9618?addrs=130.199.186.8-9618&alias=spool1805.sdcc.bnl.gov&noUDP&sock=startd_47947_b83e>
...
006 (2017069.000.000) 2025-01-29 01:31:30 Image size of job updated: 239808
	138  -  MemoryUsage of job (MB)
	140968  -  ResidentSetSize of job (KB)
...
006 (2017069.000.000) 2025-01-29 01:31:31 Image size of job updated: 239872
	138  -  MemoryUsage of job (MB)
	140968  -  ResidentSetSize of job (KB)
...
005 (2017069.000.000) 2025-01-29 01:31:31 Job terminated.
	(1) Normal termination (return value 0)
		Usr 0 00:00:03, Sys 0 00:00:01  -  Run Remote Usage
		Usr 0 00:00:00, Sys 0 00:00:00  -  Run Local Usage
		Usr 0 00:00:03, Sys 0 00:00:01  -  Total Remote Usage
		Usr 0 00:00:00, Sys 0 00:00:00  -  Total Local Usage
	0  -  Run Bytes Sent By Job
	0  -  Run Bytes Received By Job
	0  -  Total Bytes Sent By Job
	0  -  Total Bytes Received By Job
	Partitionable Resources :    Usage  Request Allocated 
	   Cpus                 :                 1         1 
	   Disk (KB)            :        2        2   6681622 
	   Memory (MB)          :      138   128192    128256 
	   xferslots            :                           0 

	Job terminated of its own accord at 2025-01-29T06:31:31Z with exit-code 0.
...
000 (2017453.000.000) 2025-01-30 00:28:20 Job submitted from host: <130.199.48.81:9618?addrs=130.199.48.81-9618&alias=rcas2062.rcf.bnl.gov&noUDP&sock=schedd_48563_ad09>
...
001 (2017453.000.000) 2025-01-30 05:33:36 Job executing on host: <130.199.186.20:9618?addrs=130.199.186.20-9618&alias=spool1817.sdcc.bnl.gov&noUDP&sock=startd_65583_4a83>
...
006 (2017453.000.000) 2025-01-30 05:33:44 Image size of job updated: 14792
	6  -  MemoryUsage of job (MB)
	5220  -  ResidentSetSize of job (KB)
...
006 (2017453.000.000) 2025-01-30 05:38:44 Image size of job updated: 5047676
	1276  -  MemoryUsage of job (MB)
	1305996  -  ResidentSetSize of job (KB)
...
006 (2017453.000.000) 2025-01-30 05:43:45 Image size of job updated: 7290372
	3277  -  MemoryUsage of job (MB)
	3354964  -  ResidentSetSize of job (KB)
...
006 (2017453.000.000) 2025-01-30 05:48:46 Image size of job updated: 8789528
	4854  -  MemoryUsage of job (MB)
	4970040  -  ResidentSetSize of job (KB)
...
006 (2017453.000.000) 2025-01-30 05:53:46 Image size of job updated: 10133256
	6399  -  MemoryUsage of job (MB)
	6552460  -  ResidentSetSize of job (KB)
...
006 (2017453.000.000) 2025-01-30 05:58:47 Image size of job updated: 11717256
	7962  -  MemoryUsage of job (MB)
	8153084  -  ResidentSetSize of job (KB)
...
006 (2017453.000.000) 2025-01-30 06:03:48 Image size of job updated: 13632384
	10000  -  MemoryUsage of job (MB)
	10239200  -  ResidentSetSize of job (KB)
...
006 (2017453.000.000) 2025-01-30 06:08:48 Image size of job updated: 15911992
	11901  -  MemoryUsage of job (MB)
	12185912  -  ResidentSetSize of job (KB)
...
006 (2017453.000.000) 2025-01-30 06:13:49 Image size of job updated: 17773676
	13707  -  MemoryUsage of job (MB)
	14035156  -  ResidentSetSize of job (KB)
...
006 (2017453.000.000) 2025-01-30 06:18:50 Image size of job updated: 19816752
	15577  -  MemoryUsage of job (MB)
	15950264  -  ResidentSetSize of job (KB)
...
006 (2017453.000.000) 2025-01-30 06:23:50 Image size of job updated: 21769624
	17624  -  MemoryUsage of job (MB)
	18046672  -  ResidentSetSize of job (KB)
...
006 (2017453.000.000) 2025-01-30 06:28:50 Image size of job updated: 23300328
	19444  -  MemoryUsage of job (MB)
	19910296  -  ResidentSetSize of job (KB)
...
006 (2017453.000.000) 2025-01-30 06:33:51 Image size of job updated: 24786892
	20789  -  MemoryUsage of job (MB)
	21287220  -  ResidentSetSize of job (KB)
...
006 (2017453.000.000) 2025-01-30 06:38:51 Image size of job updated: 26415012
	22401  -  MemoryUsage of job (MB)
	22937860  -  ResidentSetSize of job (KB)
...
006 (2017453.000.000) 2025-01-30 06:43:51 Image size of job updated: 28220504
	24180  -  MemoryUsage of job (MB)
	24760104  -  ResidentSetSize of job (KB)
...
006 (2017453.000.000) 2025-01-30 06:48:52 Image size of job updated: 30392472
	25952  -  MemoryUsage of job (MB)
	26574560  -  ResidentSetSize of job (KB)
...
006 (2017453.000.000) 2025-01-30 06:53:52 Image size of job updated: 31978532
	27887  -  MemoryUsage of job (MB)
	28556224  -  ResidentSetSize of job (KB)
...
006 (2017453.000.000) 2025-01-30 06:58:53 Image size of job updated: 34332028
	29852  -  MemoryUsage of job (MB)
	30567920  -  ResidentSetSize of job (KB)
...
006 (2017453.000.000) 2025-01-30 07:03:54 Image size of job updated: 35919160
	31620  -  MemoryUsage of job (MB)
	32377864  -  ResidentSetSize of job (KB)
...
006 (2017453.000.000) 2025-01-30 07:08:54 Image size of job updated: 38173420
	33444  -  MemoryUsage of job (MB)
	34245988  -  ResidentSetSize of job (KB)
...
006 (2017453.000.000) 2025-01-30 07:13:54 Image size of job updated: 39726516
	35587  -  MemoryUsage of job (MB)
	36440292  -  ResidentSetSize of job (KB)
...
006 (2017453.000.000) 2025-01-30 07:18:55 Image size of job updated: 42257500
	37955  -  MemoryUsage of job (MB)
	38865104  -  ResidentSetSize of job (KB)
...
006 (2017453.000.000) 2025-01-30 07:23:55 Image size of job updated: 43889604
	39621  -  MemoryUsage of job (MB)
	40570920  -  ResidentSetSize of job (KB)
...
006 (2017453.000.000) 2025-01-30 07:28:55 Image size of job updated: 46435204
	42027  -  MemoryUsage of job (MB)
	43035348  -  ResidentSetSize of job (KB)
...
006 (2017453.000.000) 2025-01-30 07:33:56 Image size of job updated: 49575180
	44469  -  MemoryUsage of job (MB)
	45535824  -  ResidentSetSize of job (KB)
...
006 (2017453.000.000) 2025-01-30 07:38:56 Image size of job updated: 51225008
	46808  -  MemoryUsage of job (MB)
	47930524  -  ResidentSetSize of job (KB)
...
006 (2017453.000.000) 2025-01-30 07:43:56 Image size of job updated: 53649876
	48649  -  MemoryUsage of job (MB)
	49816348  -  ResidentSetSize of job (KB)
...
006 (2017453.000.000) 2025-01-30 07:48:57 Image size of job updated: 55608728
	50898  -  MemoryUsage of job (MB)
	52118548  -  ResidentSetSize of job (KB)
...
006 (2017453.000.000) 2025-01-30 07:53:58 Image size of job updated: 58446968
	53535  -  MemoryUsage of job (MB)
	54819084  -  ResidentSetSize of job (KB)
...
006 (2017453.000.000) 2025-01-30 07:58:59 Image size of job updated: 60429828
	55704  -  MemoryUsage of job (MB)
	57040284  -  ResidentSetSize of job (KB)
...
006 (2017453.000.000) 2025-01-30 08:04:00 Image size of job updated: 62506428
	57674  -  MemoryUsage of job (MB)
	59057868  -  ResidentSetSize of job (KB)
...
006 (2017453.000.000) 2025-01-30 08:09:00 Image size of job updated: 64960896
	59969  -  MemoryUsage of job (MB)
	61407800  -  ResidentSetSize of job (KB)
...
006 (2017453.000.000) 2025-01-30 08:11:26 Image size of job updated: 65947056
	59969  -  MemoryUsage of job (MB)
	61407816  -  ResidentSetSize of job (KB)
...
005 (2017453.000.000) 2025-01-30 08:11:27 Job terminated.
	(1) Normal termination (return value 0)
		Usr 0 02:22:02, Sys 0 00:22:20  -  Run Remote Usage
		Usr 0 00:00:00, Sys 0 00:00:00  -  Run Local Usage
		Usr 0 02:22:02, Sys 0 00:22:20  -  Total Remote Usage
		Usr 0 00:00:00, Sys 0 00:00:00  -  Total Local Usage
	0  -  Run Bytes Sent By Job
	0  -  Run Bytes Received By Job
	0  -  Total Bytes Sent By Job
	0  -  Total Bytes Received By Job
	Partitionable Resources :    Usage  Request Allocated 
	   Cpus                 :     1.00        1         1 
	   Disk (KB)            :     2           2   6681619 
	   Memory (MB)          : 59969      128192    128256 
	   xferslots            :                           0 

	Job terminated of its own accord at 2025-01-30T13:11:26Z with exit-code 0.
...
000 (2018899.000.000) 2025-02-02 20:32:31 Job submitted from host: <130.199.48.81:9618?addrs=130.199.48.81-9618&alias=rcas2062.rcf.bnl.gov&noUDP&sock=schedd_48563_ad09>
...
001 (2018899.000.000) 2025-02-02 20:39:31 Job executing on host: <130.199.184.202:9618?addrs=130.199.184.202-9618&alias=spool1777.sdcc.bnl.gov&noUDP&sock=startd_713_c146>
...
006 (2018899.000.000) 2025-02-02 20:39:41 Image size of job updated: 152316
	83  -  MemoryUsage of job (MB)
	84896  -  ResidentSetSize of job (KB)
...
006 (2018899.000.000) 2025-02-02 20:42:16 Image size of job updated: 4001040
	83  -  MemoryUsage of job (MB)
	84924  -  ResidentSetSize of job (KB)
...
005 (2018899.000.000) 2025-02-02 20:42:17 Job terminated.
	(1) Normal termination (return value 0)
		Usr 0 00:02:21, Sys 0 00:00:05  -  Run Remote Usage
		Usr 0 00:00:00, Sys 0 00:00:00  -  Run Local Usage
		Usr 0 00:02:21, Sys 0 00:00:05  -  Total Remote Usage
		Usr 0 00:00:00, Sys 0 00:00:00  -  Total Local Usage
	0  -  Run Bytes Sent By Job
	0  -  Run Bytes Received By Job
	0  -  Total Bytes Sent By Job
	0  -  Total Bytes Received By Job
	Partitionable Resources :    Usage  Request Allocated 
	   Cpus                 :     0.94        1         1 
	   Disk (KB)            :     2           2   6681625 
	   Memory (MB)          :    83      128192    128256 
	   xferslots            :                           0 

	Job terminated of its own accord at 2025-02-03T01:42:16Z with exit-code 0.
...
000 (2019283.000.000) 2025-02-02 20:56:59 Job submitted from host: <130.199.48.81:9618?addrs=130.199.48.81-9618&alias=rcas2062.rcf.bnl.gov&noUDP&sock=schedd_48563_ad09>
...
001 (2019283.000.000) 2025-02-02 21:01:30 Job executing on host: <130.199.150.81:9618?addrs=130.199.150.81-9618&alias=spool1562.sdcc.bnl.gov&noUDP&sock=startd_65906_8438>
...
006 (2019283.000.000) 2025-02-02 21:01:39 Image size of job updated: 152144
	82  -  MemoryUsage of job (MB)
	83656  -  ResidentSetSize of job (KB)
...
006 (2019283.000.000) 2025-02-02 21:04:13 Image size of job updated: 4001032
	82  -  MemoryUsage of job (MB)
	83656  -  ResidentSetSize of job (KB)
...
005 (2019283.000.000) 2025-02-02 21:04:13 Job terminated.
	(1) Normal termination (return value 0)
		Usr 0 00:02:22, Sys 0 00:00:06  -  Run Remote Usage
		Usr 0 00:00:00, Sys 0 00:00:00  -  Run Local Usage
		Usr 0 00:02:22, Sys 0 00:00:06  -  Total Remote Usage
		Usr 0 00:00:00, Sys 0 00:00:00  -  Total Local Usage
	0  -  Run Bytes Sent By Job
	0  -  Run Bytes Received By Job
	0  -  Total Bytes Sent By Job
	0  -  Total Bytes Received By Job
	Partitionable Resources :    Usage  Request Allocated 
	   Cpus                 :        0        1         1 
	   Disk (KB)            :        2        2   6681161 
	   Memory (MB)          :       82   128192    128256 
	   xferslots            :                           0 

	Job terminated of its own accord at 2025-02-03T02:04:13Z with exit-code 0.
...
000 (2019667.000.000) 2025-02-02 22:34:41 Job submitted from host: <130.199.48.81:9618?addrs=130.199.48.81-9618&alias=rcas2062.rcf.bnl.gov&noUDP&sock=schedd_48563_ad09>
...
001 (2019667.000.000) 2025-02-02 22:44:25 Job executing on host: <130.199.151.18:9618?addrs=130.199.151.18-9618&alias=spool1596.sdcc.bnl.gov&noUDP&sock=startd_53457_90ad>
...
006 (2019667.000.000) 2025-02-02 22:44:34 Image size of job updated: 64864
	40  -  MemoryUsage of job (MB)
	40424  -  ResidentSetSize of job (KB)
...
006 (2019667.000.000) 2025-02-02 22:47:31 Image size of job updated: 4001028
	40  -  MemoryUsage of job (MB)
	40424  -  ResidentSetSize of job (KB)
...
005 (2019667.000.000) 2025-02-02 22:47:31 Job terminated.
	(1) Normal termination (return value 0)
		Usr 0 00:02:20, Sys 0 00:00:05  -  Run Remote Usage
		Usr 0 00:00:00, Sys 0 00:00:00  -  Run Local Usage
		Usr 0 00:02:20, Sys 0 00:00:05  -  Total Remote Usage
		Usr 0 00:00:00, Sys 0 00:00:00  -  Total Local Usage
	0  -  Run Bytes Sent By Job
	0  -  Run Bytes Received By Job
	0  -  Total Bytes Sent By Job
	0  -  Total Bytes Received By Job
	Partitionable Resources :    Usage  Request Allocated 
	   Cpus                 :                 1         1 
	   Disk (KB)            :        2        2   6681231 
	   Memory (MB)          :       40   128192    128256 
	   xferslots            :                           0 

	Job terminated of its own accord at 2025-02-03T03:47:31Z with exit-code 0.
...
