000 (2017121.000.000) 2025-01-28 23:08:10 Job submitted from host: <130.199.48.81:9618?addrs=130.199.48.81-9618&alias=rcas2062.rcf.bnl.gov&noUDP&sock=schedd_48563_ad09>
...
001 (2017121.000.000) 2025-01-29 01:34:46 Job executing on host: <130.199.151.7:9618?addrs=130.199.151.7-9618&alias=spool1585.sdcc.bnl.gov&noUDP&sock=startd_26810_2043>
...
006 (2017121.000.000) 2025-01-29 01:34:53 Image size of job updated: 392840
	0  -  MemoryUsage of job (MB)
	0  -  ResidentSetSize of job (KB)
...
005 (2017121.000.000) 2025-01-29 01:34:54 Job terminated.
	(1) Normal termination (return value 0)
		Usr 0 00:00:03, Sys 0 00:00:02  -  Run Remote Usage
		Usr 0 00:00:00, Sys 0 00:00:00  -  Run Local Usage
		Usr 0 00:00:03, Sys 0 00:00:02  -  Total Remote Usage
		Usr 0 00:00:00, Sys 0 00:00:00  -  Total Local Usage
	0  -  Run Bytes Sent By Job
	0  -  Run Bytes Received By Job
	0  -  Total Bytes Sent By Job
	0  -  Total Bytes Received By Job
	Partitionable Resources :    Usage  Request Allocated 
	   Cpus                 :                 1         1 
	   Disk (KB)            :        2        2   6681248 
	   Memory (MB)          :        0   128192    128256 
	   xferslots            :                           0 

	Job terminated of its own accord at 2025-01-29T06:34:53Z with exit-code 0.
...
000 (2017505.000.000) 2025-01-30 00:28:25 Job submitted from host: <130.199.48.81:9618?addrs=130.199.48.81-9618&alias=rcas2062.rcf.bnl.gov&noUDP&sock=schedd_48563_ad09>
...
001 (2017505.000.000) 2025-01-30 07:40:03 Job executing on host: <130.199.186.89:9618?addrs=130.199.186.89-9618&alias=spool1852.sdcc.bnl.gov&noUDP&sock=startd_24364_ff77>
...
006 (2017505.000.000) 2025-01-30 07:40:12 Image size of job updated: 146348
	74  -  MemoryUsage of job (MB)
	75236  -  ResidentSetSize of job (KB)
...
006 (2017505.000.000) 2025-01-30 07:45:13 Image size of job updated: 5457612
	1908  -  MemoryUsage of job (MB)
	1953576  -  ResidentSetSize of job (KB)
...
006 (2017505.000.000) 2025-01-30 07:50:13 Image size of job updated: 8253376
	4054  -  MemoryUsage of job (MB)
	4151168  -  ResidentSetSize of job (KB)
...
006 (2017505.000.000) 2025-01-30 07:55:13 Image size of job updated: 10074764
	6410  -  MemoryUsage of job (MB)
	6563804  -  ResidentSetSize of job (KB)
...
006 (2017505.000.000) 2025-01-30 08:00:15 Image size of job updated: 12232628
	8577  -  MemoryUsage of job (MB)
	8782120  -  ResidentSetSize of job (KB)
...
006 (2017505.000.000) 2025-01-30 08:05:15 Image size of job updated: 14931692
	10981  -  MemoryUsage of job (MB)
	11243816  -  ResidentSetSize of job (KB)
...
006 (2017505.000.000) 2025-01-30 08:10:15 Image size of job updated: 17526216
	13398  -  MemoryUsage of job (MB)
	13719104  -  ResidentSetSize of job (KB)
...
006 (2017505.000.000) 2025-01-30 08:15:16 Image size of job updated: 18951604
	15315  -  MemoryUsage of job (MB)
	15681796  -  ResidentSetSize of job (KB)
...
006 (2017505.000.000) 2025-01-30 08:20:17 Image size of job updated: 20592464
	16776  -  MemoryUsage of job (MB)
	17177968  -  ResidentSetSize of job (KB)
...
006 (2017505.000.000) 2025-01-30 08:25:17 Image size of job updated: 22374032
	18548  -  MemoryUsage of job (MB)
	18992740  -  ResidentSetSize of job (KB)
...
006 (2017505.000.000) 2025-01-30 08:30:18 Image size of job updated: 24631676
	20744  -  MemoryUsage of job (MB)
	21241544  -  ResidentSetSize of job (KB)
...
006 (2017505.000.000) 2025-01-30 08:35:19 Image size of job updated: 26913484
	22628  -  MemoryUsage of job (MB)
	23170412  -  ResidentSetSize of job (KB)
...
006 (2017505.000.000) 2025-01-30 08:40:19 Image size of job updated: 28499112
	24585  -  MemoryUsage of job (MB)
	25174420  -  ResidentSetSize of job (KB)
...
006 (2017505.000.000) 2025-01-30 08:45:20 Image size of job updated: 30860872
	26269  -  MemoryUsage of job (MB)
	26899276  -  ResidentSetSize of job (KB)
...
006 (2017505.000.000) 2025-01-30 08:50:21 Image size of job updated: 32115788
	28025  -  MemoryUsage of job (MB)
	28696660  -  ResidentSetSize of job (KB)
...
006 (2017505.000.000) 2025-01-30 08:55:21 Image size of job updated: 33827908
	29731  -  MemoryUsage of job (MB)
	30444296  -  ResidentSetSize of job (KB)
...
006 (2017505.000.000) 2025-01-30 09:00:22 Image size of job updated: 35821500
	31547  -  MemoryUsage of job (MB)
	32303840  -  ResidentSetSize of job (KB)
...
006 (2017505.000.000) 2025-01-30 09:05:23 Image size of job updated: 38084580
	33207  -  MemoryUsage of job (MB)
	34003492  -  ResidentSetSize of job (KB)
...
006 (2017505.000.000) 2025-01-30 09:10:23 Image size of job updated: 39696748
	35119  -  MemoryUsage of job (MB)
	35961128  -  ResidentSetSize of job (KB)
...
006 (2017505.000.000) 2025-01-30 09:15:23 Image size of job updated: 40968596
	36244  -  MemoryUsage of job (MB)
	37113020  -  ResidentSetSize of job (KB)
...
006 (2017505.000.000) 2025-01-30 09:20:24 Image size of job updated: 41779592
	37126  -  MemoryUsage of job (MB)
	38016820  -  ResidentSetSize of job (KB)
...
006 (2017505.000.000) 2025-01-30 09:25:24 Image size of job updated: 42857928
	38117  -  MemoryUsage of job (MB)
	39031452  -  ResidentSetSize of job (KB)
...
006 (2017505.000.000) 2025-01-30 09:30:24 Image size of job updated: 43761552
	39169  -  MemoryUsage of job (MB)
	40108996  -  ResidentSetSize of job (KB)
...
006 (2017505.000.000) 2025-01-30 09:35:25 Image size of job updated: 44490304
	40019  -  MemoryUsage of job (MB)
	40979036  -  ResidentSetSize of job (KB)
...
006 (2017505.000.000) 2025-01-30 09:40:26 Image size of job updated: 45663152
	40946  -  MemoryUsage of job (MB)
	41928288  -  ResidentSetSize of job (KB)
...
006 (2017505.000.000) 2025-01-30 09:45:26 Image size of job updated: 46553008
	42030  -  MemoryUsage of job (MB)
	43038000  -  ResidentSetSize of job (KB)
...
006 (2017505.000.000) 2025-01-30 09:50:27 Image size of job updated: 47807604
	42997  -  MemoryUsage of job (MB)
	44028324  -  ResidentSetSize of job (KB)
...
006 (2017505.000.000) 2025-01-30 09:55:27 Image size of job updated: 49032764
	44036  -  MemoryUsage of job (MB)
	45092620  -  ResidentSetSize of job (KB)
...
006 (2017505.000.000) 2025-01-30 10:00:27 Image size of job updated: 50426316
	45123  -  MemoryUsage of job (MB)
	46205364  -  ResidentSetSize of job (KB)
...
006 (2017505.000.000) 2025-01-30 10:09:55 Image size of job updated: 50673588
	47780  -  MemoryUsage of job (MB)
	48926060  -  ResidentSetSize of job (KB)
...
006 (2017505.000.000) 2025-01-30 10:23:14 Image size of job updated: 55364076
	50336  -  MemoryUsage of job (MB)
	51543944  -  ResidentSetSize of job (KB)
...
006 (2017505.000.000) 2025-01-30 10:33:54 Image size of job updated: 57272936
	52062  -  MemoryUsage of job (MB)
	53311300  -  ResidentSetSize of job (KB)
...
006 (2017505.000.000) 2025-01-30 10:40:18 Image size of job updated: 58770628
	53370  -  MemoryUsage of job (MB)
	54650264  -  ResidentSetSize of job (KB)
...
006 (2017505.000.000) 2025-01-30 10:45:19 Image size of job updated: 59840352
	54301  -  MemoryUsage of job (MB)
	55603864  -  ResidentSetSize of job (KB)
...
006 (2017505.000.000) 2025-01-30 10:50:19 Image size of job updated: 60420392
	55208  -  MemoryUsage of job (MB)
	56532896  -  ResidentSetSize of job (KB)
...
006 (2017505.000.000) 2025-01-30 10:55:20 Image size of job updated: 61565796
	55958  -  MemoryUsage of job (MB)
	57300872  -  ResidentSetSize of job (KB)
...
006 (2017505.000.000) 2025-01-30 11:00:21 Image size of job updated: 62495992
	56755  -  MemoryUsage of job (MB)
	58116480  -  ResidentSetSize of job (KB)
...
006 (2017505.000.000) 2025-01-30 11:05:21 Image size of job updated: 63436812
	57791  -  MemoryUsage of job (MB)
	59177880  -  ResidentSetSize of job (KB)
...
006 (2017505.000.000) 2025-01-30 11:10:21 Image size of job updated: 64075440
	58824  -  MemoryUsage of job (MB)
	60234760  -  ResidentSetSize of job (KB)
...
006 (2017505.000.000) 2025-01-30 11:15:22 Image size of job updated: 64936704
	59554  -  MemoryUsage of job (MB)
	60982712  -  ResidentSetSize of job (KB)
...
006 (2017505.000.000) 2025-01-30 11:20:22 Image size of job updated: 66021832
	60293  -  MemoryUsage of job (MB)
	61739704  -  ResidentSetSize of job (KB)
...
006 (2017505.000.000) 2025-01-30 11:25:22 Image size of job updated: 67098576
	61219  -  MemoryUsage of job (MB)
	62687696  -  ResidentSetSize of job (KB)
...
006 (2017505.000.000) 2025-01-30 11:30:23 Image size of job updated: 67533632
	62039  -  MemoryUsage of job (MB)
	63527836  -  ResidentSetSize of job (KB)
...
006 (2017505.000.000) 2025-01-30 11:32:38 Image size of job updated: 68316704
	62039  -  MemoryUsage of job (MB)
	63527836  -  ResidentSetSize of job (KB)
...
005 (2017505.000.000) 2025-01-30 11:32:38 Job terminated.
	(1) Normal termination (return value 0)
		Usr 0 02:51:42, Sys 0 00:28:20  -  Run Remote Usage
		Usr 0 00:00:00, Sys 0 00:00:00  -  Run Local Usage
		Usr 0 02:51:42, Sys 0 00:28:20  -  Total Remote Usage
		Usr 0 00:00:00, Sys 0 00:00:00  -  Total Local Usage
	0  -  Run Bytes Sent By Job
	0  -  Run Bytes Received By Job
	0  -  Total Bytes Sent By Job
	0  -  Total Bytes Received By Job
	Partitionable Resources :    Usage  Request Allocated 
	   Cpus                 :     0.63        1         1 
	   Disk (KB)            :     2           2   6681633 
	   Memory (MB)          : 62039      128192    128256 
	   xferslots            :                           0 

	Job terminated of its own accord at 2025-01-30T16:32:38Z with exit-code 0.
...
000 (2018951.000.000) 2025-02-02 20:32:36 Job submitted from host: <130.199.48.81:9618?addrs=130.199.48.81-9618&alias=rcas2062.rcf.bnl.gov&noUDP&sock=schedd_48563_ad09>
...
001 (2018951.000.000) 2025-02-02 20:40:42 Job executing on host: <130.199.150.74:9618?addrs=130.199.150.74-9618&alias=spool1555.sdcc.bnl.gov&noUDP&sock=startd_73494_05cf>
...
006 (2018951.000.000) 2025-02-02 20:40:50 Image size of job updated: 298276
	98  -  MemoryUsage of job (MB)
	99872  -  ResidentSetSize of job (KB)
...
006 (2018951.000.000) 2025-02-02 20:43:20 Image size of job updated: 4000956
	98  -  MemoryUsage of job (MB)
	99872  -  ResidentSetSize of job (KB)
...
005 (2018951.000.000) 2025-02-02 20:43:20 Job terminated.
	(1) Normal termination (return value 0)
		Usr 0 00:02:18, Sys 0 00:00:06  -  Run Remote Usage
		Usr 0 00:00:00, Sys 0 00:00:00  -  Run Local Usage
		Usr 0 00:02:18, Sys 0 00:00:06  -  Total Remote Usage
		Usr 0 00:00:00, Sys 0 00:00:00  -  Total Local Usage
	0  -  Run Bytes Sent By Job
	0  -  Run Bytes Received By Job
	0  -  Total Bytes Sent By Job
	0  -  Total Bytes Received By Job
	Partitionable Resources :    Usage  Request Allocated 
	   Cpus                 :     0.97        1         1 
	   Disk (KB)            :     2           2   6681245 
	   Memory (MB)          :    98      128192    128256 
	   xferslots            :                           0 

	Job terminated of its own accord at 2025-02-03T01:43:20Z with exit-code 0.
...
000 (2019335.000.000) 2025-02-02 20:57:05 Job submitted from host: <130.199.48.81:9618?addrs=130.199.48.81-9618&alias=rcas2062.rcf.bnl.gov&noUDP&sock=schedd_48563_ad09>
...
001 (2019335.000.000) 2025-02-02 21:02:19 Job executing on host: <130.199.184.199:9618?addrs=130.199.184.199-9618&alias=spool1774.sdcc.bnl.gov&noUDP&sock=startd_74915_c052>
...
006 (2019335.000.000) 2025-02-02 21:02:28 Image size of job updated: 575100
	137  -  MemoryUsage of job (MB)
	139728  -  ResidentSetSize of job (KB)
...
006 (2019335.000.000) 2025-02-02 21:04:48 Image size of job updated: 4000960
	137  -  MemoryUsage of job (MB)
	139728  -  ResidentSetSize of job (KB)
...
005 (2019335.000.000) 2025-02-02 21:04:49 Job terminated.
	(1) Normal termination (return value 0)
		Usr 0 00:02:13, Sys 0 00:00:06  -  Run Remote Usage
		Usr 0 00:00:00, Sys 0 00:00:00  -  Run Local Usage
		Usr 0 00:02:13, Sys 0 00:00:06  -  Total Remote Usage
		Usr 0 00:00:00, Sys 0 00:00:00  -  Total Local Usage
	0  -  Run Bytes Sent By Job
	0  -  Run Bytes Received By Job
	0  -  Total Bytes Sent By Job
	0  -  Total Bytes Received By Job
	Partitionable Resources :    Usage  Request Allocated 
	   Cpus                 :     0.98        1         1 
	   Disk (KB)            :     2           2   6681626 
	   Memory (MB)          :   137      128192    128256 
	   xferslots            :                           0 

	Job terminated of its own accord at 2025-02-03T02:04:48Z with exit-code 0.
...
000 (2019719.000.000) 2025-02-02 22:34:45 Job submitted from host: <130.199.48.81:9618?addrs=130.199.48.81-9618&alias=rcas2062.rcf.bnl.gov&noUDP&sock=schedd_48563_ad09>
...
001 (2019719.000.000) 2025-02-02 22:45:30 Job executing on host: <130.199.186.86:9618?addrs=130.199.186.86-9618&alias=spool1849.sdcc.bnl.gov&noUDP&sock=startd_80704_e58c>
...
006 (2019719.000.000) 2025-02-02 22:45:39 Image size of job updated: 214268
	42  -  MemoryUsage of job (MB)
	42864  -  ResidentSetSize of job (KB)
...
006 (2019719.000.000) 2025-02-02 22:48:48 Image size of job updated: 4000956
	42  -  MemoryUsage of job (MB)
	42876  -  ResidentSetSize of job (KB)
...
005 (2019719.000.000) 2025-02-02 22:48:48 Job terminated.
	(1) Normal termination (return value 0)
		Usr 0 00:02:23, Sys 0 00:00:06  -  Run Remote Usage
		Usr 0 00:00:00, Sys 0 00:00:00  -  Run Local Usage
		Usr 0 00:02:23, Sys 0 00:00:06  -  Total Remote Usage
		Usr 0 00:00:00, Sys 0 00:00:00  -  Total Local Usage
	0  -  Run Bytes Sent By Job
	0  -  Run Bytes Received By Job
	0  -  Total Bytes Sent By Job
	0  -  Total Bytes Received By Job
	Partitionable Resources :    Usage  Request Allocated 
	   Cpus                 :     0.95        1         1 
	   Disk (KB)            :     2           2   6681564 
	   Memory (MB)          :    42      128192    128256 
	   xferslots            :                           0 

	Job terminated of its own accord at 2025-02-03T03:48:48Z with exit-code 0.
...
