000 (2016932.000.000) 2025-01-28 23:07:55 Job submitted from host: <130.199.48.81:9618?addrs=130.199.48.81-9618&alias=rcas2062.rcf.bnl.gov&noUDP&sock=schedd_48563_ad09>
...
001 (2016932.000.000) 2025-01-28 23:11:03 Job executing on host: <130.199.151.34:9618?addrs=130.199.151.34-9618&alias=spool1612.sdcc.bnl.gov&noUDP&sock=startd_77167_7b17>
...
006 (2016932.000.000) 2025-01-28 23:11:12 Image size of job updated: 12620
	7  -  MemoryUsage of job (MB)
	6856  -  ResidentSetSize of job (KB)
...
006 (2016932.000.000) 2025-01-28 23:16:13 Image size of job updated: 5592460
	1413  -  MemoryUsage of job (MB)
	1446140  -  ResidentSetSize of job (KB)
...
006 (2016932.000.000) 2025-01-28 23:21:13 Image size of job updated: 6455176
	2283  -  MemoryUsage of job (MB)
	2337736  -  ResidentSetSize of job (KB)
...
006 (2016932.000.000) 2025-01-28 23:26:14 Image size of job updated: 7661548
	3474  -  MemoryUsage of job (MB)
	3556652  -  ResidentSetSize of job (KB)
...
006 (2016932.000.000) 2025-01-28 23:31:15 Image size of job updated: 8521560
	4907  -  MemoryUsage of job (MB)
	5024684  -  ResidentSetSize of job (KB)
...
006 (2016932.000.000) 2025-01-28 23:36:15 Image size of job updated: 9983484
	6157  -  MemoryUsage of job (MB)
	6304228  -  ResidentSetSize of job (KB)
...
006 (2016932.000.000) 2025-01-28 23:41:16 Image size of job updated: 11477648
	7245  -  MemoryUsage of job (MB)
	7418084  -  ResidentSetSize of job (KB)
...
006 (2016932.000.000) 2025-01-28 23:46:17 Image size of job updated: 12099280
	8235  -  MemoryUsage of job (MB)
	8432028  -  ResidentSetSize of job (KB)
...
006 (2016932.000.000) 2025-01-28 23:51:17 Image size of job updated: 13041088
	9016  -  MemoryUsage of job (MB)
	9231780  -  ResidentSetSize of job (KB)
...
006 (2016932.000.000) 2025-01-28 23:56:18 Image size of job updated: 14066280
	9931  -  MemoryUsage of job (MB)
	10168500  -  ResidentSetSize of job (KB)
...
006 (2016932.000.000) 2025-01-29 00:01:19 Image size of job updated: 15013524
	10988  -  MemoryUsage of job (MB)
	11251440  -  ResidentSetSize of job (KB)
...
006 (2016932.000.000) 2025-01-29 00:06:19 Image size of job updated: 16110072
	12031  -  MemoryUsage of job (MB)
	12319480  -  ResidentSetSize of job (KB)
...
006 (2016932.000.000) 2025-01-29 00:11:20 Image size of job updated: 16715244
	13063  -  MemoryUsage of job (MB)
	13376036  -  ResidentSetSize of job (KB)
...
006 (2016932.000.000) 2025-01-29 00:16:21 Image size of job updated: 17761088
	13807  -  MemoryUsage of job (MB)
	14137536  -  ResidentSetSize of job (KB)
...
006 (2016932.000.000) 2025-01-29 00:21:21 Image size of job updated: 18837768
	14680  -  MemoryUsage of job (MB)
	15031500  -  ResidentSetSize of job (KB)
...
006 (2016932.000.000) 2025-01-29 00:26:22 Image size of job updated: 19703544
	15743  -  MemoryUsage of job (MB)
	16120284  -  ResidentSetSize of job (KB)
...
006 (2016932.000.000) 2025-01-29 00:31:23 Image size of job updated: 20611988
	16665  -  MemoryUsage of job (MB)
	17064924  -  ResidentSetSize of job (KB)
...
006 (2016932.000.000) 2025-01-29 00:36:23 Image size of job updated: 21599212
	17502  -  MemoryUsage of job (MB)
	17921604  -  ResidentSetSize of job (KB)
...
006 (2016932.000.000) 2025-01-29 00:41:23 Image size of job updated: 22606036
	18274  -  MemoryUsage of job (MB)
	18711660  -  ResidentSetSize of job (KB)
...
006 (2016932.000.000) 2025-01-29 00:46:24 Image size of job updated: 23602028
	19361  -  MemoryUsage of job (MB)
	19825216  -  ResidentSetSize of job (KB)
...
006 (2016932.000.000) 2025-01-29 00:51:24 Image size of job updated: 24259496
	20196  -  MemoryUsage of job (MB)
	20680548  -  ResidentSetSize of job (KB)
...
006 (2016932.000.000) 2025-01-29 00:56:24 Image size of job updated: 25045360
	20980  -  MemoryUsage of job (MB)
	21483108  -  ResidentSetSize of job (KB)
...
006 (2016932.000.000) 2025-01-29 01:01:25 Image size of job updated: 26220432
	21729  -  MemoryUsage of job (MB)
	22249896  -  ResidentSetSize of job (KB)
...
006 (2016932.000.000) 2025-01-29 01:06:26 Image size of job updated: 26874264
	22635  -  MemoryUsage of job (MB)
	23178040  -  ResidentSetSize of job (KB)
...
006 (2016932.000.000) 2025-01-29 01:11:26 Image size of job updated: 27710052
	23426  -  MemoryUsage of job (MB)
	23988000  -  ResidentSetSize of job (KB)
...
006 (2016932.000.000) 2025-01-29 01:16:27 Image size of job updated: 28690116
	24307  -  MemoryUsage of job (MB)
	24889520  -  ResidentSetSize of job (KB)
...
006 (2016932.000.000) 2025-01-29 01:21:28 Image size of job updated: 29205452
	25153  -  MemoryUsage of job (MB)
	25755828  -  ResidentSetSize of job (KB)
...
006 (2016932.000.000) 2025-01-29 01:26:28 Image size of job updated: 30401476
	25894  -  MemoryUsage of job (MB)
	26514456  -  ResidentSetSize of job (KB)
...
006 (2016932.000.000) 2025-01-29 01:31:28 Image size of job updated: 31115188
	26630  -  MemoryUsage of job (MB)
	27268560  -  ResidentSetSize of job (KB)
...
006 (2016932.000.000) 2025-01-29 01:36:29 Image size of job updated: 32273192
	27634  -  MemoryUsage of job (MB)
	28296740  -  ResidentSetSize of job (KB)
...
006 (2016932.000.000) 2025-01-29 01:41:29 Image size of job updated: 33000180
	28457  -  MemoryUsage of job (MB)
	29139520  -  ResidentSetSize of job (KB)
...
006 (2016932.000.000) 2025-01-29 01:46:29 Image size of job updated: 34068468
	29241  -  MemoryUsage of job (MB)
	29942292  -  ResidentSetSize of job (KB)
...
006 (2016932.000.000) 2025-01-29 01:51:30 Image size of job updated: 34910268
	30234  -  MemoryUsage of job (MB)
	30958964  -  ResidentSetSize of job (KB)
...
006 (2016932.000.000) 2025-01-29 01:56:30 Image size of job updated: 35546844
	30922  -  MemoryUsage of job (MB)
	31663184  -  ResidentSetSize of job (KB)
...
006 (2016932.000.000) 2025-01-29 02:01:30 Image size of job updated: 36088828
	31851  -  MemoryUsage of job (MB)
	32615168  -  ResidentSetSize of job (KB)
...
006 (2016932.000.000) 2025-01-29 02:06:31 Image size of job updated: 37395488
	32568  -  MemoryUsage of job (MB)
	33349132  -  ResidentSetSize of job (KB)
...
006 (2016932.000.000) 2025-01-29 02:11:32 Image size of job updated: 38395644
	33795  -  MemoryUsage of job (MB)
	34605408  -  ResidentSetSize of job (KB)
...
006 (2016932.000.000) 2025-01-29 02:16:32 Image size of job updated: 39497228
	34662  -  MemoryUsage of job (MB)
	35493252  -  ResidentSetSize of job (KB)
...
006 (2016932.000.000) 2025-01-29 02:21:33 Image size of job updated: 40352220
	35838  -  MemoryUsage of job (MB)
	36697120  -  ResidentSetSize of job (KB)
...
006 (2016932.000.000) 2025-01-29 02:26:34 Image size of job updated: 41445216
	36777  -  MemoryUsage of job (MB)
	37658656  -  ResidentSetSize of job (KB)
...
006 (2016932.000.000) 2025-01-29 02:31:34 Image size of job updated: 42310436
	37885  -  MemoryUsage of job (MB)
	38794052  -  ResidentSetSize of job (KB)
...
005 (2016932.000.000) 2025-01-29 02:31:47 Job terminated.
	(1) Normal termination (return value 0)
		Usr 0 01:39:24, Sys 0 00:16:49  -  Run Remote Usage
		Usr 0 00:00:00, Sys 0 00:00:00  -  Run Local Usage
		Usr 0 01:39:24, Sys 0 00:16:49  -  Total Remote Usage
		Usr 0 00:00:00, Sys 0 00:00:00  -  Total Local Usage
	0  -  Run Bytes Sent By Job
	0  -  Run Bytes Received By Job
	0  -  Total Bytes Sent By Job
	0  -  Total Bytes Received By Job
	Partitionable Resources :    Usage  Request Allocated 
	   Cpus                 :     0.74        1         1 
	   Disk (KB)            :     2           2   6681238 
	   Memory (MB)          : 37885      128192    128256 
	   xferslots            :                           0 

	Job terminated of its own accord at 2025-01-29T07:31:46Z with exit-code 0.
...
000 (2017316.000.000) 2025-01-30 00:28:04 Job submitted from host: <130.199.48.81:9618?addrs=130.199.48.81-9618&alias=rcas2062.rcf.bnl.gov&noUDP&sock=schedd_48563_ad09>
...
001 (2017316.000.000) 2025-01-30 00:37:01 Job executing on host: <130.199.207.220:9618?addrs=130.199.207.220-9618&alias=spool1507.sdcc.bnl.gov&noUDP&sock=startd_19017_bd6b>
...
006 (2017316.000.000) 2025-01-30 00:37:10 Image size of job updated: 156352
	89  -  MemoryUsage of job (MB)
	90560  -  ResidentSetSize of job (KB)
...
006 (2017316.000.000) 2025-01-30 00:42:11 Image size of job updated: 5638496
	2034  -  MemoryUsage of job (MB)
	2082172  -  ResidentSetSize of job (KB)
...
006 (2017316.000.000) 2025-01-30 00:47:11 Image size of job updated: 8773880
	4976  -  MemoryUsage of job (MB)
	5094576  -  ResidentSetSize of job (KB)
...
006 (2017316.000.000) 2025-01-30 00:52:11 Image size of job updated: 11790712
	8191  -  MemoryUsage of job (MB)
	8386896  -  ResidentSetSize of job (KB)
...
006 (2017316.000.000) 2025-01-30 00:57:12 Image size of job updated: 14623408
	10942  -  MemoryUsage of job (MB)
	11204164  -  ResidentSetSize of job (KB)
...
006 (2017316.000.000) 2025-01-30 01:02:12 Image size of job updated: 17412380
	13652  -  MemoryUsage of job (MB)
	13978992  -  ResidentSetSize of job (KB)
...
006 (2017316.000.000) 2025-01-30 01:07:13 Image size of job updated: 20137920
	16162  -  MemoryUsage of job (MB)
	16549324  -  ResidentSetSize of job (KB)
...
006 (2017316.000.000) 2025-01-30 01:12:14 Image size of job updated: 22709716
	18876  -  MemoryUsage of job (MB)
	19328404  -  ResidentSetSize of job (KB)
...
006 (2017316.000.000) 2025-01-30 01:17:14 Image size of job updated: 24993268
	21115  -  MemoryUsage of job (MB)
	21621020  -  ResidentSetSize of job (KB)
...
006 (2017316.000.000) 2025-01-30 01:22:14 Image size of job updated: 27221048
	23196  -  MemoryUsage of job (MB)
	23751952  -  ResidentSetSize of job (KB)
...
006 (2017316.000.000) 2025-01-30 01:27:15 Image size of job updated: 29604980
	25387  -  MemoryUsage of job (MB)
	25995960  -  ResidentSetSize of job (KB)
...
006 (2017316.000.000) 2025-01-30 01:32:15 Image size of job updated: 31586256
	27144  -  MemoryUsage of job (MB)
	27794876  -  ResidentSetSize of job (KB)
...
006 (2017316.000.000) 2025-01-30 01:37:15 Image size of job updated: 33031344
	29008  -  MemoryUsage of job (MB)
	29703948  -  ResidentSetSize of job (KB)
...
006 (2017316.000.000) 2025-01-30 01:42:16 Image size of job updated: 35090340
	30878  -  MemoryUsage of job (MB)
	31618100  -  ResidentSetSize of job (KB)
...
006 (2017316.000.000) 2025-01-30 01:47:17 Image size of job updated: 36844868
	32769  -  MemoryUsage of job (MB)
	33555212  -  ResidentSetSize of job (KB)
...
006 (2017316.000.000) 2025-01-30 01:52:17 Image size of job updated: 38867692
	34379  -  MemoryUsage of job (MB)
	35203568  -  ResidentSetSize of job (KB)
...
006 (2017316.000.000) 2025-01-30 01:57:18 Image size of job updated: 40497016
	36016  -  MemoryUsage of job (MB)
	36880040  -  ResidentSetSize of job (KB)
...
006 (2017316.000.000) 2025-01-30 02:02:19 Image size of job updated: 42161676
	37682  -  MemoryUsage of job (MB)
	38586096  -  ResidentSetSize of job (KB)
...
006 (2017316.000.000) 2025-01-30 02:07:19 Image size of job updated: 43596316
	38965  -  MemoryUsage of job (MB)
	39899288  -  ResidentSetSize of job (KB)
...
006 (2017316.000.000) 2025-01-30 02:12:20 Image size of job updated: 44419872
	39833  -  MemoryUsage of job (MB)
	40788512  -  ResidentSetSize of job (KB)
...
006 (2017316.000.000) 2025-01-30 02:17:21 Image size of job updated: 45832248
	40982  -  MemoryUsage of job (MB)
	41965360  -  ResidentSetSize of job (KB)
...
006 (2017316.000.000) 2025-01-30 02:22:21 Image size of job updated: 47212360
	42342  -  MemoryUsage of job (MB)
	43357820  -  ResidentSetSize of job (KB)
...
006 (2017316.000.000) 2025-01-30 02:27:22 Image size of job updated: 47959088
	43525  -  MemoryUsage of job (MB)
	44568584  -  ResidentSetSize of job (KB)
...
006 (2017316.000.000) 2025-01-30 02:32:23 Image size of job updated: 49452480
	44589  -  MemoryUsage of job (MB)
	45658368  -  ResidentSetSize of job (KB)
...
006 (2017316.000.000) 2025-01-30 02:37:23 Image size of job updated: 50931412
	45627  -  MemoryUsage of job (MB)
	46721768  -  ResidentSetSize of job (KB)
...
006 (2017316.000.000) 2025-01-30 02:42:23 Image size of job updated: 52141764
	47243  -  MemoryUsage of job (MB)
	48376300  -  ResidentSetSize of job (KB)
...
006 (2017316.000.000) 2025-01-30 02:47:24 Image size of job updated: 53348840
	48715  -  MemoryUsage of job (MB)
	49883696  -  ResidentSetSize of job (KB)
...
006 (2017316.000.000) 2025-01-30 02:52:24 Image size of job updated: 54792744
	49924  -  MemoryUsage of job (MB)
	51121884  -  ResidentSetSize of job (KB)
...
006 (2017316.000.000) 2025-01-30 02:57:24 Image size of job updated: 55869172
	51140  -  MemoryUsage of job (MB)
	52366896  -  ResidentSetSize of job (KB)
...
006 (2017316.000.000) 2025-01-30 03:02:25 Image size of job updated: 57078576
	52296  -  MemoryUsage of job (MB)
	53550776  -  ResidentSetSize of job (KB)
...
006 (2017316.000.000) 2025-01-30 03:07:25 Image size of job updated: 58122724
	53404  -  MemoryUsage of job (MB)
	54685288  -  ResidentSetSize of job (KB)
...
006 (2017316.000.000) 2025-01-30 03:12:26 Image size of job updated: 59423444
	54448  -  MemoryUsage of job (MB)
	55754692  -  ResidentSetSize of job (KB)
...
006 (2017316.000.000) 2025-01-30 03:17:27 Image size of job updated: 60416232
	55348  -  MemoryUsage of job (MB)
	56675736  -  ResidentSetSize of job (KB)
...
006 (2017316.000.000) 2025-01-30 03:22:27 Image size of job updated: 61699856
	56266  -  MemoryUsage of job (MB)
	57615388  -  ResidentSetSize of job (KB)
...
006 (2017316.000.000) 2025-01-30 03:27:28 Image size of job updated: 62004884
	57154  -  MemoryUsage of job (MB)
	58525408  -  ResidentSetSize of job (KB)
...
006 (2017316.000.000) 2025-01-30 03:32:29 Image size of job updated: 62959488
	57920  -  MemoryUsage of job (MB)
	59309144  -  ResidentSetSize of job (KB)
...
006 (2017316.000.000) 2025-01-30 03:37:29 Image size of job updated: 64267172
	58995  -  MemoryUsage of job (MB)
	60410020  -  ResidentSetSize of job (KB)
...
006 (2017316.000.000) 2025-01-30 03:42:30 Image size of job updated: 64929580
	59582  -  MemoryUsage of job (MB)
	61011676  -  ResidentSetSize of job (KB)
...
006 (2017316.000.000) 2025-01-30 03:47:31 Image size of job updated: 65988200
	60423  -  MemoryUsage of job (MB)
	61872504  -  ResidentSetSize of job (KB)
...
006 (2017316.000.000) 2025-01-30 03:52:31 Image size of job updated: 66558380
	61404  -  MemoryUsage of job (MB)
	62877264  -  ResidentSetSize of job (KB)
...
006 (2017316.000.000) 2025-01-30 03:57:32 Image size of job updated: 67640868
	61978  -  MemoryUsage of job (MB)
	63464784  -  ResidentSetSize of job (KB)
...
006 (2017316.000.000) 2025-01-30 04:02:33 Image size of job updated: 67971920
	61978  -  MemoryUsage of job (MB)
	63464784  -  ResidentSetSize of job (KB)
...
005 (2017316.000.000) 2025-01-30 04:02:42 Job terminated.
	(1) Normal termination (return value 0)
		Usr 0 02:29:22, Sys 0 00:21:47  -  Run Remote Usage
		Usr 0 00:00:00, Sys 0 00:00:00  -  Run Local Usage
		Usr 0 02:29:22, Sys 0 00:21:47  -  Total Remote Usage
		Usr 0 00:00:00, Sys 0 00:00:00  -  Total Local Usage
	0  -  Run Bytes Sent By Job
	0  -  Run Bytes Received By Job
	0  -  Total Bytes Sent By Job
	0  -  Total Bytes Received By Job
	Partitionable Resources :    Usage  Request Allocated 
	   Cpus                 :     0.56        1         1 
	   Disk (KB)            :     2           2   6681174 
	   Memory (MB)          : 61978      128192    128256 
	   xferslots            :                           0 

	Job terminated of its own accord at 2025-01-30T09:02:42Z with exit-code 0.
...
000 (2018762.000.000) 2025-02-02 20:32:17 Job submitted from host: <130.199.48.81:9618?addrs=130.199.48.81-9618&alias=rcas2062.rcf.bnl.gov&noUDP&sock=schedd_48563_ad09>
...
001 (2018762.000.000) 2025-02-02 20:35:58 Job executing on host: <130.199.186.69:9618?addrs=130.199.186.69-9618&alias=spool1832.sdcc.bnl.gov&noUDP&sock=startd_24966_85f7>
...
006 (2018762.000.000) 2025-02-02 20:36:07 Image size of job updated: 41728
	31  -  MemoryUsage of job (MB)
	31404  -  ResidentSetSize of job (KB)
...
006 (2018762.000.000) 2025-02-02 20:38:43 Image size of job updated: 4001052
	31  -  MemoryUsage of job (MB)
	31716  -  ResidentSetSize of job (KB)
...
005 (2018762.000.000) 2025-02-02 20:38:43 Job terminated.
	(1) Normal termination (return value 0)
		Usr 0 00:02:09, Sys 0 00:00:05  -  Run Remote Usage
		Usr 0 00:00:00, Sys 0 00:00:00  -  Run Local Usage
		Usr 0 00:02:09, Sys 0 00:00:05  -  Total Remote Usage
		Usr 0 00:00:00, Sys 0 00:00:00  -  Total Local Usage
	0  -  Run Bytes Sent By Job
	0  -  Run Bytes Received By Job
	0  -  Total Bytes Sent By Job
	0  -  Total Bytes Received By Job
	Partitionable Resources :    Usage  Request Allocated 
	   Cpus                 :     0.18        1         1 
	   Disk (KB)            :     2           2   6681558 
	   Memory (MB)          :    31      128192    128256 
	   xferslots            :                           0 

	Job terminated of its own accord at 2025-02-03T01:38:43Z with exit-code 0.
...
000 (2019146.000.000) 2025-02-02 20:56:47 Job submitted from host: <130.199.48.81:9618?addrs=130.199.48.81-9618&alias=rcas2062.rcf.bnl.gov&noUDP&sock=schedd_48563_ad09>
...
001 (2019146.000.000) 2025-02-02 20:58:44 Job executing on host: <130.199.186.82:9618?addrs=130.199.186.82-9618&alias=spool1845.sdcc.bnl.gov&noUDP&sock=startd_71843_8085>
...
006 (2019146.000.000) 2025-02-02 20:58:52 Image size of job updated: 151856
	82  -  MemoryUsage of job (MB)
	83524  -  ResidentSetSize of job (KB)
...
006 (2019146.000.000) 2025-02-02 21:01:04 Image size of job updated: 4001052
	82  -  MemoryUsage of job (MB)
	83968  -  ResidentSetSize of job (KB)
...
005 (2019146.000.000) 2025-02-02 21:01:05 Job terminated.
	(1) Normal termination (return value 0)
		Usr 0 00:02:05, Sys 0 00:00:05  -  Run Remote Usage
		Usr 0 00:00:00, Sys 0 00:00:00  -  Run Local Usage
		Usr 0 00:02:05, Sys 0 00:00:05  -  Total Remote Usage
		Usr 0 00:00:00, Sys 0 00:00:00  -  Total Local Usage
	0  -  Run Bytes Sent By Job
	0  -  Run Bytes Received By Job
	0  -  Total Bytes Sent By Job
	0  -  Total Bytes Received By Job
	Partitionable Resources :    Usage  Request Allocated 
	   Cpus                 :                 1         1 
	   Disk (KB)            :        2        2   6681620 
	   Memory (MB)          :       82   128192    128256 
	   xferslots            :                           0 

	Job terminated of its own accord at 2025-02-03T02:01:04Z with exit-code 0.
...
000 (2019530.000.000) 2025-02-02 22:34:29 Job submitted from host: <130.199.48.81:9618?addrs=130.199.48.81-9618&alias=rcas2062.rcf.bnl.gov&noUDP&sock=schedd_48563_ad09>
...
001 (2019530.000.000) 2025-02-02 22:39:17 Job executing on host: <130.199.184.219:9618?addrs=130.199.184.219-9618&alias=spool1794.sdcc.bnl.gov&noUDP&sock=startd_9457_1edf>
...
006 (2019530.000.000) 2025-02-02 22:39:26 Image size of job updated: 298292
	8  -  MemoryUsage of job (MB)
	7284  -  ResidentSetSize of job (KB)
...
006 (2019530.000.000) 2025-02-02 22:42:41 Image size of job updated: 4001052
	8  -  MemoryUsage of job (MB)
	7284  -  ResidentSetSize of job (KB)
...
005 (2019530.000.000) 2025-02-02 22:42:41 Job terminated.
	(1) Normal termination (return value 0)
		Usr 0 00:02:25, Sys 0 00:00:06  -  Run Remote Usage
		Usr 0 00:00:00, Sys 0 00:00:00  -  Run Local Usage
		Usr 0 00:02:25, Sys 0 00:00:06  -  Total Remote Usage
		Usr 0 00:00:00, Sys 0 00:00:00  -  Total Local Usage
	0  -  Run Bytes Sent By Job
	0  -  Run Bytes Received By Job
	0  -  Total Bytes Sent By Job
	0  -  Total Bytes Received By Job
	Partitionable Resources :    Usage  Request Allocated 
	   Cpus                 :     0.30        1         1 
	   Disk (KB)            :     2           2   6681632 
	   Memory (MB)          :     8      128192    128256 
	   xferslots            :                           0 

	Job terminated of its own accord at 2025-02-03T03:42:41Z with exit-code 0.
...
