000 (2017034.000.000) 2025-01-28 23:08:03 Job submitted from host: <130.199.48.81:9618?addrs=130.199.48.81-9618&alias=rcas2062.rcf.bnl.gov&noUDP&sock=schedd_48563_ad09>
...
001 (2017034.000.000) 2025-01-29 01:26:10 Job executing on host: <130.199.186.8:9618?addrs=130.199.186.8-9618&alias=spool1805.sdcc.bnl.gov&noUDP&sock=startd_47947_b83e>
...
006 (2017034.000.000) 2025-01-29 01:26:18 Image size of job updated: 609700
	137  -  MemoryUsage of job (MB)
	139696  -  ResidentSetSize of job (KB)
...
006 (2017034.000.000) 2025-01-29 01:26:19 Image size of job updated: 609700
	137  -  MemoryUsage of job (MB)
	139740  -  ResidentSetSize of job (KB)
...
005 (2017034.000.000) 2025-01-29 01:26:19 Job terminated.
	(1) Normal termination (return value 0)
		Usr 0 00:00:04, Sys 0 00:00:02  -  Run Remote Usage
		Usr 0 00:00:00, Sys 0 00:00:00  -  Run Local Usage
		Usr 0 00:00:04, Sys 0 00:00:02  -  Total Remote Usage
		Usr 0 00:00:00, Sys 0 00:00:00  -  Total Local Usage
	0  -  Run Bytes Sent By Job
	0  -  Run Bytes Received By Job
	0  -  Total Bytes Sent By Job
	0  -  Total Bytes Received By Job
	Partitionable Resources :    Usage  Request Allocated 
	   Cpus                 :                 1         1 
	   Disk (KB)            :        2        2   6681622 
	   Memory (MB)          :      137   128192    128256 
	   xferslots            :                           0 

	Job terminated of its own accord at 2025-01-29T06:26:19Z with exit-code 0.
...
000 (2017418.000.000) 2025-01-30 00:28:16 Job submitted from host: <130.199.48.81:9618?addrs=130.199.48.81-9618&alias=rcas2062.rcf.bnl.gov&noUDP&sock=schedd_48563_ad09>
...
001 (2017418.000.000) 2025-01-30 04:32:38 Job executing on host: <130.199.150.96:9618?addrs=130.199.150.96-9618&alias=spool1577.sdcc.bnl.gov&noUDP&sock=startd_12497_3e02>
...
006 (2017418.000.000) 2025-01-30 04:32:47 Image size of job updated: 333860
	45  -  MemoryUsage of job (MB)
	45624  -  ResidentSetSize of job (KB)
...
006 (2017418.000.000) 2025-01-30 04:37:48 Image size of job updated: 5147200
	1419  -  MemoryUsage of job (MB)
	1452252  -  ResidentSetSize of job (KB)
...
006 (2017418.000.000) 2025-01-30 04:42:48 Image size of job updated: 7417748
	3516  -  MemoryUsage of job (MB)
	3599804  -  ResidentSetSize of job (KB)
...
006 (2017418.000.000) 2025-01-30 04:47:49 Image size of job updated: 9308492
	5323  -  MemoryUsage of job (MB)
	5450432  -  ResidentSetSize of job (KB)
...
006 (2017418.000.000) 2025-01-30 04:52:49 Image size of job updated: 10785836
	6978  -  MemoryUsage of job (MB)
	7145148  -  ResidentSetSize of job (KB)
...
006 (2017418.000.000) 2025-01-30 04:57:49 Image size of job updated: 12564012
	8716  -  MemoryUsage of job (MB)
	8924864  -  ResidentSetSize of job (KB)
...
006 (2017418.000.000) 2025-01-30 05:02:50 Image size of job updated: 14547276
	10308  -  MemoryUsage of job (MB)
	10554880  -  ResidentSetSize of job (KB)
...
006 (2017418.000.000) 2025-01-30 05:07:51 Image size of job updated: 15691960
	11839  -  MemoryUsage of job (MB)
	12122232  -  ResidentSetSize of job (KB)
...
006 (2017418.000.000) 2025-01-30 05:12:51 Image size of job updated: 17305328
	13648  -  MemoryUsage of job (MB)
	13974736  -  ResidentSetSize of job (KB)
...
006 (2017418.000.000) 2025-01-30 05:17:52 Image size of job updated: 19133624
	14808  -  MemoryUsage of job (MB)
	15162676  -  ResidentSetSize of job (KB)
...
006 (2017418.000.000) 2025-01-30 05:22:53 Image size of job updated: 20376640
	16552  -  MemoryUsage of job (MB)
	16949016  -  ResidentSetSize of job (KB)
...
006 (2017418.000.000) 2025-01-30 05:27:53 Image size of job updated: 22669660
	18024  -  MemoryUsage of job (MB)
	18456404  -  ResidentSetSize of job (KB)
...
006 (2017418.000.000) 2025-01-30 05:32:54 Image size of job updated: 24064796
	19758  -  MemoryUsage of job (MB)
	20231860  -  ResidentSetSize of job (KB)
...
006 (2017418.000.000) 2025-01-30 05:37:55 Image size of job updated: 25559044
	21646  -  MemoryUsage of job (MB)
	22164848  -  ResidentSetSize of job (KB)
...
006 (2017418.000.000) 2025-01-30 05:42:55 Image size of job updated: 27800840
	23488  -  MemoryUsage of job (MB)
	24051540  -  ResidentSetSize of job (KB)
...
006 (2017418.000.000) 2025-01-30 05:47:56 Image size of job updated: 29508692
	25198  -  MemoryUsage of job (MB)
	25802284  -  ResidentSetSize of job (KB)
...
006 (2017418.000.000) 2025-01-30 05:52:57 Image size of job updated: 31737456
	27367  -  MemoryUsage of job (MB)
	28023100  -  ResidentSetSize of job (KB)
...
006 (2017418.000.000) 2025-01-30 05:57:57 Image size of job updated: 33784056
	29231  -  MemoryUsage of job (MB)
	29931860  -  ResidentSetSize of job (KB)
...
006 (2017418.000.000) 2025-01-30 06:02:58 Image size of job updated: 35197744
	31010  -  MemoryUsage of job (MB)
	31753308  -  ResidentSetSize of job (KB)
...
006 (2017418.000.000) 2025-01-30 06:07:59 Image size of job updated: 37871856
	33085  -  MemoryUsage of job (MB)
	33878244  -  ResidentSetSize of job (KB)
...
006 (2017418.000.000) 2025-01-30 06:12:59 Image size of job updated: 39716996
	34740  -  MemoryUsage of job (MB)
	35573268  -  ResidentSetSize of job (KB)
...
006 (2017418.000.000) 2025-01-30 06:18:00 Image size of job updated: 41627032
	36911  -  MemoryUsage of job (MB)
	37796112  -  ResidentSetSize of job (KB)
...
006 (2017418.000.000) 2025-01-30 06:23:01 Image size of job updated: 43814280
	39336  -  MemoryUsage of job (MB)
	40279320  -  ResidentSetSize of job (KB)
...
006 (2017418.000.000) 2025-01-30 06:28:01 Image size of job updated: 45931720
	41420  -  MemoryUsage of job (MB)
	42413356  -  ResidentSetSize of job (KB)
...
006 (2017418.000.000) 2025-01-30 06:33:01 Image size of job updated: 48239220
	43561  -  MemoryUsage of job (MB)
	44606012  -  ResidentSetSize of job (KB)
...
006 (2017418.000.000) 2025-01-30 06:38:02 Image size of job updated: 50222996
	45394  -  MemoryUsage of job (MB)
	46483276  -  ResidentSetSize of job (KB)
...
006 (2017418.000.000) 2025-01-30 06:43:02 Image size of job updated: 52035276
	47297  -  MemoryUsage of job (MB)
	48431276  -  ResidentSetSize of job (KB)
...
006 (2017418.000.000) 2025-01-30 06:48:03 Image size of job updated: 54454040
	49535  -  MemoryUsage of job (MB)
	50723604  -  ResidentSetSize of job (KB)
...
006 (2017418.000.000) 2025-01-30 06:53:04 Image size of job updated: 56443740
	51621  -  MemoryUsage of job (MB)
	52859200  -  ResidentSetSize of job (KB)
...
006 (2017418.000.000) 2025-01-30 06:58:04 Image size of job updated: 59046772
	54090  -  MemoryUsage of job (MB)
	55388132  -  ResidentSetSize of job (KB)
...
006 (2017418.000.000) 2025-01-30 07:03:04 Image size of job updated: 61372932
	56282  -  MemoryUsage of job (MB)
	57632028  -  ResidentSetSize of job (KB)
...
006 (2017418.000.000) 2025-01-30 07:08:05 Image size of job updated: 63970952
	58606  -  MemoryUsage of job (MB)
	60012008  -  ResidentSetSize of job (KB)
...
006 (2017418.000.000) 2025-01-30 07:13:06 Image size of job updated: 65612196
	60444  -  MemoryUsage of job (MB)
	61893724  -  ResidentSetSize of job (KB)
...
006 (2017418.000.000) 2025-01-30 07:18:06 Image size of job updated: 67668392
	62346  -  MemoryUsage of job (MB)
	63841656  -  ResidentSetSize of job (KB)
...
006 (2017418.000.000) 2025-01-30 07:23:07 Image size of job updated: 69623364
	64274  -  MemoryUsage of job (MB)
	65815916  -  ResidentSetSize of job (KB)
...
006 (2017418.000.000) 2025-01-30 07:28:08 Image size of job updated: 71398232
	66055  -  MemoryUsage of job (MB)
	67639460  -  ResidentSetSize of job (KB)
...
006 (2017418.000.000) 2025-01-30 07:33:08 Image size of job updated: 73221728
	67789  -  MemoryUsage of job (MB)
	69415780  -  ResidentSetSize of job (KB)
...
006 (2017418.000.000) 2025-01-30 07:34:39 Image size of job updated: 73806128
	67789  -  MemoryUsage of job (MB)
	69415780  -  ResidentSetSize of job (KB)
...
005 (2017418.000.000) 2025-01-30 07:34:40 Job terminated.
	(1) Normal termination (return value 0)
		Usr 0 02:49:55, Sys 0 00:28:11  -  Run Remote Usage
		Usr 0 00:00:00, Sys 0 00:00:00  -  Run Local Usage
		Usr 0 02:49:55, Sys 0 00:28:11  -  Total Remote Usage
		Usr 0 00:00:00, Sys 0 00:00:00  -  Total Local Usage
	0  -  Run Bytes Sent By Job
	0  -  Run Bytes Received By Job
	0  -  Total Bytes Sent By Job
	0  -  Total Bytes Received By Job
	Partitionable Resources :    Usage  Request Allocated 
	   Cpus                 :     1.00        1         1 
	   Disk (KB)            :     2           2   6681229 
	   Memory (MB)          : 67789      128192    128256 
	   xferslots            :                           0 

	Job terminated of its own accord at 2025-01-30T12:34:39Z with exit-code 0.
...
000 (2018864.000.000) 2025-02-02 20:32:27 Job submitted from host: <130.199.48.81:9618?addrs=130.199.48.81-9618&alias=rcas2062.rcf.bnl.gov&noUDP&sock=schedd_48563_ad09>
...
001 (2018864.000.000) 2025-02-02 20:38:40 Job executing on host: <130.199.150.98:9618?addrs=130.199.150.98-9618&alias=spool1579.sdcc.bnl.gov&noUDP&sock=startd_18997_6900>
...
006 (2018864.000.000) 2025-02-02 20:38:49 Image size of job updated: 251192
	143  -  MemoryUsage of job (MB)
	145728  -  ResidentSetSize of job (KB)
...
006 (2018864.000.000) 2025-02-02 20:41:02 Image size of job updated: 4001100
	143  -  MemoryUsage of job (MB)
	145788  -  ResidentSetSize of job (KB)
...
005 (2018864.000.000) 2025-02-02 20:41:03 Job terminated.
	(1) Normal termination (return value 0)
		Usr 0 00:02:03, Sys 0 00:00:05  -  Run Remote Usage
		Usr 0 00:00:00, Sys 0 00:00:00  -  Run Local Usage
		Usr 0 00:02:03, Sys 0 00:00:05  -  Total Remote Usage
		Usr 0 00:00:00, Sys 0 00:00:00  -  Total Local Usage
	0  -  Run Bytes Sent By Job
	0  -  Run Bytes Received By Job
	0  -  Total Bytes Sent By Job
	0  -  Total Bytes Received By Job
	Partitionable Resources :    Usage  Request Allocated 
	   Cpus                 :                 1         1 
	   Disk (KB)            :        2        2   6681230 
	   Memory (MB)          :      143   128192    128256 
	   xferslots            :                           0 

	Job terminated of its own accord at 2025-02-03T01:41:02Z with exit-code 0.
...
000 (2019248.000.000) 2025-02-02 20:56:56 Job submitted from host: <130.199.48.81:9618?addrs=130.199.48.81-9618&alias=rcas2062.rcf.bnl.gov&noUDP&sock=schedd_48563_ad09>
...
001 (2019248.000.000) 2025-02-02 21:00:34 Job executing on host: <130.199.184.219:9618?addrs=130.199.184.219-9618&alias=spool1794.sdcc.bnl.gov&noUDP&sock=startd_9457_1edf>
...
006 (2019248.000.000) 2025-02-02 21:00:43 Image size of job updated: 569868
	92  -  MemoryUsage of job (MB)
	93648  -  ResidentSetSize of job (KB)
...
006 (2019248.000.000) 2025-02-02 21:03:07 Image size of job updated: 4001100
	92  -  MemoryUsage of job (MB)
	93648  -  ResidentSetSize of job (KB)
...
005 (2019248.000.000) 2025-02-02 21:03:08 Job terminated.
	(1) Normal termination (return value 0)
		Usr 0 00:02:17, Sys 0 00:00:05  -  Run Remote Usage
		Usr 0 00:00:00, Sys 0 00:00:00  -  Run Local Usage
		Usr 0 00:02:17, Sys 0 00:00:05  -  Total Remote Usage
		Usr 0 00:00:00, Sys 0 00:00:00  -  Total Local Usage
	0  -  Run Bytes Sent By Job
	0  -  Run Bytes Received By Job
	0  -  Total Bytes Sent By Job
	0  -  Total Bytes Received By Job
	Partitionable Resources :    Usage  Request Allocated 
	   Cpus                 :                 1         1 
	   Disk (KB)            :        2        2   6681632 
	   Memory (MB)          :       92   128192    128256 
	   xferslots            :                           0 

	Job terminated of its own accord at 2025-02-03T02:03:07Z with exit-code 0.
...
000 (2019632.000.000) 2025-02-02 22:34:38 Job submitted from host: <130.199.48.81:9618?addrs=130.199.48.81-9618&alias=rcas2062.rcf.bnl.gov&noUDP&sock=schedd_48563_ad09>
...
001 (2019632.000.000) 2025-02-02 22:43:02 Job executing on host: <130.199.151.33:9618?addrs=130.199.151.33-9618&alias=spool1611.sdcc.bnl.gov&noUDP&sock=startd_368_911c>
...
006 (2019632.000.000) 2025-02-02 22:43:10 Image size of job updated: 73840
	40  -  MemoryUsage of job (MB)
	39968  -  ResidentSetSize of job (KB)
...
006 (2019632.000.000) 2025-02-02 22:46:08 Image size of job updated: 4001092
	40  -  MemoryUsage of job (MB)
	39968  -  ResidentSetSize of job (KB)
...
005 (2019632.000.000) 2025-02-02 22:46:08 Job terminated.
	(1) Normal termination (return value 0)
		Usr 0 00:02:29, Sys 0 00:00:06  -  Run Remote Usage
		Usr 0 00:00:00, Sys 0 00:00:00  -  Run Local Usage
		Usr 0 00:02:29, Sys 0 00:00:06  -  Total Remote Usage
		Usr 0 00:00:00, Sys 0 00:00:00  -  Total Local Usage
	0  -  Run Bytes Sent By Job
	0  -  Run Bytes Received By Job
	0  -  Total Bytes Sent By Job
	0  -  Total Bytes Received By Job
	Partitionable Resources :    Usage  Request Allocated 
	   Cpus                 :                 1         1 
	   Disk (KB)            :        2        2   6681232 
	   Memory (MB)          :       40   128192    128256 
	   xferslots            :                           0 

	Job terminated of its own accord at 2025-02-03T03:46:08Z with exit-code 0.
...
