000 (2016912.000.000) 2025-01-28 23:07:53 Job submitted from host: <130.199.48.81:9618?addrs=130.199.48.81-9618&alias=rcas2062.rcf.bnl.gov&noUDP&sock=schedd_48563_ad09>
...
001 (2016912.000.000) 2025-01-28 23:10:02 Job executing on host: <130.199.150.92:9618?addrs=130.199.150.92-9618&alias=spool1573.sdcc.bnl.gov&noUDP&sock=startd_49429_c105>
...
006 (2016912.000.000) 2025-01-28 23:10:10 Image size of job updated: 13220
	7  -  MemoryUsage of job (MB)
	7112  -  ResidentSetSize of job (KB)
...
006 (2016912.000.000) 2025-01-28 23:15:10 Image size of job updated: 5046048
	1378  -  MemoryUsage of job (MB)
	1410324  -  ResidentSetSize of job (KB)
...
006 (2016912.000.000) 2025-01-28 23:20:11 Image size of job updated: 6354680
	2576  -  MemoryUsage of job (MB)
	2637544  -  ResidentSetSize of job (KB)
...
006 (2016912.000.000) 2025-01-28 23:25:11 Image size of job updated: 7715120
	3540  -  MemoryUsage of job (MB)
	3623940  -  ResidentSetSize of job (KB)
...
006 (2016912.000.000) 2025-01-28 23:30:11 Image size of job updated: 8605464
	4699  -  MemoryUsage of job (MB)
	4810904  -  ResidentSetSize of job (KB)
...
006 (2016912.000.000) 2025-01-28 23:35:12 Image size of job updated: 9478336
	5909  -  MemoryUsage of job (MB)
	6049812  -  ResidentSetSize of job (KB)
...
006 (2016912.000.000) 2025-01-28 23:40:12 Image size of job updated: 11093120
	7052  -  MemoryUsage of job (MB)
	7220620  -  ResidentSetSize of job (KB)
...
006 (2016912.000.000) 2025-01-28 23:45:12 Image size of job updated: 12074276
	8093  -  MemoryUsage of job (MB)
	8286524  -  ResidentSetSize of job (KB)
...
006 (2016912.000.000) 2025-01-28 23:50:13 Image size of job updated: 13028964
	9227  -  MemoryUsage of job (MB)
	9448204  -  ResidentSetSize of job (KB)
...
006 (2016912.000.000) 2025-01-28 23:55:13 Image size of job updated: 13813952
	9853  -  MemoryUsage of job (MB)
	10088632  -  ResidentSetSize of job (KB)
...
006 (2016912.000.000) 2025-01-29 00:00:13 Image size of job updated: 14765804
	10807  -  MemoryUsage of job (MB)
	11065560  -  ResidentSetSize of job (KB)
...
006 (2016912.000.000) 2025-01-29 00:05:14 Image size of job updated: 15939140
	11790  -  MemoryUsage of job (MB)
	12072416  -  ResidentSetSize of job (KB)
...
006 (2016912.000.000) 2025-01-29 00:10:14 Image size of job updated: 16982656
	12814  -  MemoryUsage of job (MB)
	13121224  -  ResidentSetSize of job (KB)
...
006 (2016912.000.000) 2025-01-29 00:15:14 Image size of job updated: 17412328
	13589  -  MemoryUsage of job (MB)
	13914652  -  ResidentSetSize of job (KB)
...
006 (2016912.000.000) 2025-01-29 00:20:15 Image size of job updated: 18247292
	14430  -  MemoryUsage of job (MB)
	14776032  -  ResidentSetSize of job (KB)
...
006 (2016912.000.000) 2025-01-29 00:25:15 Image size of job updated: 19544676
	15267  -  MemoryUsage of job (MB)
	15632816  -  ResidentSetSize of job (KB)
...
006 (2016912.000.000) 2025-01-29 00:30:15 Image size of job updated: 20511128
	16245  -  MemoryUsage of job (MB)
	16634832  -  ResidentSetSize of job (KB)
...
006 (2016912.000.000) 2025-01-29 00:35:16 Image size of job updated: 21249400
	17103  -  MemoryUsage of job (MB)
	17513156  -  ResidentSetSize of job (KB)
...
006 (2016912.000.000) 2025-01-29 00:40:17 Image size of job updated: 22445288
	18035  -  MemoryUsage of job (MB)
	18467080  -  ResidentSetSize of job (KB)
...
006 (2016912.000.000) 2025-01-29 00:45:17 Image size of job updated: 23226576
	18948  -  MemoryUsage of job (MB)
	19402388  -  ResidentSetSize of job (KB)
...
006 (2016912.000.000) 2025-01-29 00:50:18 Image size of job updated: 24087664
	19870  -  MemoryUsage of job (MB)
	20346312  -  ResidentSetSize of job (KB)
...
006 (2016912.000.000) 2025-01-29 00:55:19 Image size of job updated: 25328588
	20828  -  MemoryUsage of job (MB)
	21327800  -  ResidentSetSize of job (KB)
...
006 (2016912.000.000) 2025-01-29 01:00:19 Image size of job updated: 26159836
	21632  -  MemoryUsage of job (MB)
	22150400  -  ResidentSetSize of job (KB)
...
006 (2016912.000.000) 2025-01-29 01:05:20 Image size of job updated: 27077988
	22527  -  MemoryUsage of job (MB)
	23066996  -  ResidentSetSize of job (KB)
...
006 (2016912.000.000) 2025-01-29 01:10:21 Image size of job updated: 27867148
	23571  -  MemoryUsage of job (MB)
	24136064  -  ResidentSetSize of job (KB)
...
006 (2016912.000.000) 2025-01-29 01:15:21 Image size of job updated: 28727268
	24379  -  MemoryUsage of job (MB)
	24963432  -  ResidentSetSize of job (KB)
...
006 (2016912.000.000) 2025-01-29 01:20:21 Image size of job updated: 29656424
	25386  -  MemoryUsage of job (MB)
	25994704  -  ResidentSetSize of job (KB)
...
006 (2016912.000.000) 2025-01-29 01:25:22 Image size of job updated: 30613920
	26011  -  MemoryUsage of job (MB)
	26634664  -  ResidentSetSize of job (KB)
...
006 (2016912.000.000) 2025-01-29 01:30:22 Image size of job updated: 31106652
	26908  -  MemoryUsage of job (MB)
	27553020  -  ResidentSetSize of job (KB)
...
006 (2016912.000.000) 2025-01-29 01:35:23 Image size of job updated: 31896212
	27502  -  MemoryUsage of job (MB)
	28161956  -  ResidentSetSize of job (KB)
...
006 (2016912.000.000) 2025-01-29 01:40:24 Image size of job updated: 32979392
	28432  -  MemoryUsage of job (MB)
	29113872  -  ResidentSetSize of job (KB)
...
006 (2016912.000.000) 2025-01-29 01:45:24 Image size of job updated: 33876912
	29193  -  MemoryUsage of job (MB)
	29893064  -  ResidentSetSize of job (KB)
...
006 (2016912.000.000) 2025-01-29 01:50:24 Image size of job updated: 34989380
	30060  -  MemoryUsage of job (MB)
	30781376  -  ResidentSetSize of job (KB)
...
006 (2016912.000.000) 2025-01-29 01:55:25 Image size of job updated: 35992032
	31073  -  MemoryUsage of job (MB)
	31818208  -  ResidentSetSize of job (KB)
...
006 (2016912.000.000) 2025-01-29 01:59:26 Image size of job updated: 36471884
	31073  -  MemoryUsage of job (MB)
	31818208  -  ResidentSetSize of job (KB)
...
005 (2016912.000.000) 2025-01-29 01:59:26 Job terminated.
	(1) Normal termination (return value 0)
		Usr 0 01:26:56, Sys 0 00:15:23  -  Run Remote Usage
		Usr 0 00:00:00, Sys 0 00:00:00  -  Run Local Usage
		Usr 0 01:26:56, Sys 0 00:15:23  -  Total Remote Usage
		Usr 0 00:00:00, Sys 0 00:00:00  -  Total Local Usage
	0  -  Run Bytes Sent By Job
	0  -  Run Bytes Received By Job
	0  -  Total Bytes Sent By Job
	0  -  Total Bytes Received By Job
	Partitionable Resources :    Usage  Request Allocated 
	   Cpus                 :     0.61        1         1 
	   Disk (KB)            :     2           2   6681240 
	   Memory (MB)          : 31073      128192    128256 
	   xferslots            :                           0 

	Job terminated of its own accord at 2025-01-29T06:59:26Z with exit-code 0.
...
000 (2017296.000.000) 2025-01-30 00:28:02 Job submitted from host: <130.199.48.81:9618?addrs=130.199.48.81-9618&alias=rcas2062.rcf.bnl.gov&noUDP&sock=schedd_48563_ad09>
...
001 (2017296.000.000) 2025-01-30 00:34:06 Job executing on host: <130.199.150.93:9618?addrs=130.199.150.93-9618&alias=spool1574.sdcc.bnl.gov&noUDP&sock=startd_75147_2d23>
...
006 (2017296.000.000) 2025-01-30 00:34:15 Image size of job updated: 346716
	79  -  MemoryUsage of job (MB)
	79884  -  ResidentSetSize of job (KB)
...
006 (2017296.000.000) 2025-01-30 00:39:16 Image size of job updated: 4880396
	1381  -  MemoryUsage of job (MB)
	1413144  -  ResidentSetSize of job (KB)
...
006 (2017296.000.000) 2025-01-30 00:44:16 Image size of job updated: 7127688
	3567  -  MemoryUsage of job (MB)
	3651608  -  ResidentSetSize of job (KB)
...
006 (2017296.000.000) 2025-01-30 00:49:16 Image size of job updated: 9247188
	5614  -  MemoryUsage of job (MB)
	5748580  -  ResidentSetSize of job (KB)
...
006 (2017296.000.000) 2025-01-30 00:54:17 Image size of job updated: 11009016
	7535  -  MemoryUsage of job (MB)
	7715836  -  ResidentSetSize of job (KB)
...
006 (2017296.000.000) 2025-01-30 00:59:17 Image size of job updated: 12908616
	8987  -  MemoryUsage of job (MB)
	9201856  -  ResidentSetSize of job (KB)
...
006 (2017296.000.000) 2025-01-30 01:04:17 Image size of job updated: 13934928
	10307  -  MemoryUsage of job (MB)
	10553592  -  ResidentSetSize of job (KB)
...
006 (2017296.000.000) 2025-01-30 01:09:18 Image size of job updated: 15576320
	11909  -  MemoryUsage of job (MB)
	12194736  -  ResidentSetSize of job (KB)
...
006 (2017296.000.000) 2025-01-30 01:14:18 Image size of job updated: 17327756
	13359  -  MemoryUsage of job (MB)
	13679300  -  ResidentSetSize of job (KB)
...
006 (2017296.000.000) 2025-01-30 01:19:18 Image size of job updated: 19022496
	14776  -  MemoryUsage of job (MB)
	15130564  -  ResidentSetSize of job (KB)
...
006 (2017296.000.000) 2025-01-30 01:24:19 Image size of job updated: 20356876
	16244  -  MemoryUsage of job (MB)
	16633376  -  ResidentSetSize of job (KB)
...
006 (2017296.000.000) 2025-01-30 01:29:20 Image size of job updated: 21493424
	17421  -  MemoryUsage of job (MB)
	17838504  -  ResidentSetSize of job (KB)
...
006 (2017296.000.000) 2025-01-30 01:34:20 Image size of job updated: 22797112
	18610  -  MemoryUsage of job (MB)
	19056248  -  ResidentSetSize of job (KB)
...
006 (2017296.000.000) 2025-01-30 01:39:21 Image size of job updated: 23637020
	19648  -  MemoryUsage of job (MB)
	20119172  -  ResidentSetSize of job (KB)
...
006 (2017296.000.000) 2025-01-30 01:44:22 Image size of job updated: 24798212
	20798  -  MemoryUsage of job (MB)
	21297028  -  ResidentSetSize of job (KB)
...
006 (2017296.000.000) 2025-01-30 01:49:22 Image size of job updated: 26108080
	21836  -  MemoryUsage of job (MB)
	22359528  -  ResidentSetSize of job (KB)
...
006 (2017296.000.000) 2025-01-30 01:54:22 Image size of job updated: 27133684
	22972  -  MemoryUsage of job (MB)
	23522776  -  ResidentSetSize of job (KB)
...
006 (2017296.000.000) 2025-01-30 01:59:23 Image size of job updated: 28680764
	24225  -  MemoryUsage of job (MB)
	24805660  -  ResidentSetSize of job (KB)
...
006 (2017296.000.000) 2025-01-30 02:04:23 Image size of job updated: 29603320
	25068  -  MemoryUsage of job (MB)
	25669144  -  ResidentSetSize of job (KB)
...
006 (2017296.000.000) 2025-01-30 02:09:23 Image size of job updated: 30569716
	26120  -  MemoryUsage of job (MB)
	26746512  -  ResidentSetSize of job (KB)
...
006 (2017296.000.000) 2025-01-30 02:14:24 Image size of job updated: 31138140
	27084  -  MemoryUsage of job (MB)
	27733792  -  ResidentSetSize of job (KB)
...
006 (2017296.000.000) 2025-01-30 02:19:24 Image size of job updated: 32845920
	28136  -  MemoryUsage of job (MB)
	28810764  -  ResidentSetSize of job (KB)
...
006 (2017296.000.000) 2025-01-30 02:24:24 Image size of job updated: 33360540
	29116  -  MemoryUsage of job (MB)
	29814700  -  ResidentSetSize of job (KB)
...
006 (2017296.000.000) 2025-01-30 02:29:25 Image size of job updated: 34689116
	30217  -  MemoryUsage of job (MB)
	30941720  -  ResidentSetSize of job (KB)
...
006 (2017296.000.000) 2025-01-30 02:34:26 Image size of job updated: 35964972
	31399  -  MemoryUsage of job (MB)
	32152228  -  ResidentSetSize of job (KB)
...
006 (2017296.000.000) 2025-01-30 02:39:26 Image size of job updated: 36980588
	32427  -  MemoryUsage of job (MB)
	33204460  -  ResidentSetSize of job (KB)
...
006 (2017296.000.000) 2025-01-30 02:44:27 Image size of job updated: 37924808
	33515  -  MemoryUsage of job (MB)
	34318604  -  ResidentSetSize of job (KB)
...
006 (2017296.000.000) 2025-01-30 02:49:28 Image size of job updated: 38882416
	34535  -  MemoryUsage of job (MB)
	35363316  -  ResidentSetSize of job (KB)
...
006 (2017296.000.000) 2025-01-30 02:54:28 Image size of job updated: 39646776
	35366  -  MemoryUsage of job (MB)
	36214056  -  ResidentSetSize of job (KB)
...
006 (2017296.000.000) 2025-01-30 02:59:28 Image size of job updated: 40778736
	36165  -  MemoryUsage of job (MB)
	37032708  -  ResidentSetSize of job (KB)
...
006 (2017296.000.000) 2025-01-30 03:04:29 Image size of job updated: 41705300
	37005  -  MemoryUsage of job (MB)
	37892336  -  ResidentSetSize of job (KB)
...
006 (2017296.000.000) 2025-01-30 03:09:29 Image size of job updated: 42503912
	38018  -  MemoryUsage of job (MB)
	38929612  -  ResidentSetSize of job (KB)
...
006 (2017296.000.000) 2025-01-30 03:14:29 Image size of job updated: 43852456
	39101  -  MemoryUsage of job (MB)
	40039348  -  ResidentSetSize of job (KB)
...
006 (2017296.000.000) 2025-01-30 03:19:31 Image size of job updated: 44787688
	40056  -  MemoryUsage of job (MB)
	41016656  -  ResidentSetSize of job (KB)
...
006 (2017296.000.000) 2025-01-30 03:24:31 Image size of job updated: 45777224
	41073  -  MemoryUsage of job (MB)
	42057808  -  ResidentSetSize of job (KB)
...
006 (2017296.000.000) 2025-01-30 03:29:31 Image size of job updated: 46508504
	42020  -  MemoryUsage of job (MB)
	43028152  -  ResidentSetSize of job (KB)
...
006 (2017296.000.000) 2025-01-30 03:34:32 Image size of job updated: 48018232
	43220  -  MemoryUsage of job (MB)
	44257196  -  ResidentSetSize of job (KB)
...
006 (2017296.000.000) 2025-01-30 03:39:33 Image size of job updated: 49223532
	44308  -  MemoryUsage of job (MB)
	45371148  -  ResidentSetSize of job (KB)
...
006 (2017296.000.000) 2025-01-30 03:44:33 Image size of job updated: 49976600
	45129  -  MemoryUsage of job (MB)
	46211228  -  ResidentSetSize of job (KB)
...
006 (2017296.000.000) 2025-01-30 03:49:34 Image size of job updated: 50840292
	46115  -  MemoryUsage of job (MB)
	47221560  -  ResidentSetSize of job (KB)
...
006 (2017296.000.000) 2025-01-30 03:54:34 Image size of job updated: 51947040
	47185  -  MemoryUsage of job (MB)
	48316836  -  ResidentSetSize of job (KB)
...
006 (2017296.000.000) 2025-01-30 03:59:34 Image size of job updated: 52896712
	48242  -  MemoryUsage of job (MB)
	49399392  -  ResidentSetSize of job (KB)
...
006 (2017296.000.000) 2025-01-30 04:04:35 Image size of job updated: 54048812
	49330  -  MemoryUsage of job (MB)
	50513292  -  ResidentSetSize of job (KB)
...
006 (2017296.000.000) 2025-01-30 04:09:36 Image size of job updated: 55570912
	50369  -  MemoryUsage of job (MB)
	51577256  -  ResidentSetSize of job (KB)
...
006 (2017296.000.000) 2025-01-30 04:14:36 Image size of job updated: 56434800
	51325  -  MemoryUsage of job (MB)
	52556292  -  ResidentSetSize of job (KB)
...
006 (2017296.000.000) 2025-01-30 04:19:37 Image size of job updated: 57553436
	52159  -  MemoryUsage of job (MB)
	53410320  -  ResidentSetSize of job (KB)
...
006 (2017296.000.000) 2025-01-30 04:24:38 Image size of job updated: 58527180
	53211  -  MemoryUsage of job (MB)
	54487644  -  ResidentSetSize of job (KB)
...
006 (2017296.000.000) 2025-01-30 04:29:38 Image size of job updated: 59188056
	54519  -  MemoryUsage of job (MB)
	55826684  -  ResidentSetSize of job (KB)
...
006 (2017296.000.000) 2025-01-30 04:34:39 Image size of job updated: 60489604
	55455  -  MemoryUsage of job (MB)
	56785400  -  ResidentSetSize of job (KB)
...
006 (2017296.000.000) 2025-01-30 04:39:40 Image size of job updated: 61701616
	56288  -  MemoryUsage of job (MB)
	57638676  -  ResidentSetSize of job (KB)
...
006 (2017296.000.000) 2025-01-30 04:44:40 Image size of job updated: 62417000
	57254  -  MemoryUsage of job (MB)
	58628060  -  ResidentSetSize of job (KB)
...
006 (2017296.000.000) 2025-01-30 04:49:41 Image size of job updated: 63357716
	58205  -  MemoryUsage of job (MB)
	59601504  -  ResidentSetSize of job (KB)
...
006 (2017296.000.000) 2025-01-30 04:53:30 Image size of job updated: 64001504
	58205  -  MemoryUsage of job (MB)
	59601504  -  ResidentSetSize of job (KB)
...
005 (2017296.000.000) 2025-01-30 04:53:30 Job terminated.
	(1) Normal termination (return value 0)
		Usr 0 02:51:36, Sys 0 00:23:08  -  Run Remote Usage
		Usr 0 00:00:00, Sys 0 00:00:00  -  Run Local Usage
		Usr 0 02:51:36, Sys 0 00:23:08  -  Total Remote Usage
		Usr 0 00:00:00, Sys 0 00:00:00  -  Total Local Usage
	0  -  Run Bytes Sent By Job
	0  -  Run Bytes Received By Job
	0  -  Total Bytes Sent By Job
	0  -  Total Bytes Received By Job
	Partitionable Resources :    Usage  Request Allocated 
	   Cpus                 :     0.89        1         1 
	   Disk (KB)            :     2           2   6681162 
	   Memory (MB)          : 58205      128192    128256 
	   xferslots            :                           0 

	Job terminated of its own accord at 2025-01-30T09:53:30Z with exit-code 0.
...
000 (2018742.000.000) 2025-02-02 20:32:15 Job submitted from host: <130.199.48.81:9618?addrs=130.199.48.81-9618&alias=rcas2062.rcf.bnl.gov&noUDP&sock=schedd_48563_ad09>
...
001 (2018742.000.000) 2025-02-02 20:35:15 Job executing on host: <130.199.186.31:9618?addrs=130.199.186.31-9618&alias=spool1828.sdcc.bnl.gov&noUDP&sock=startd_70860_651b>
...
006 (2018742.000.000) 2025-02-02 20:35:23 Image size of job updated: 49816
	33  -  MemoryUsage of job (MB)
	33604  -  ResidentSetSize of job (KB)
...
006 (2018742.000.000) 2025-02-02 20:38:05 Image size of job updated: 4001116
	33  -  MemoryUsage of job (MB)
	33604  -  ResidentSetSize of job (KB)
...
005 (2018742.000.000) 2025-02-02 20:38:05 Job terminated.
	(1) Normal termination (return value 0)
		Usr 0 00:02:20, Sys 0 00:00:06  -  Run Remote Usage
		Usr 0 00:00:00, Sys 0 00:00:00  -  Run Local Usage
		Usr 0 00:02:20, Sys 0 00:00:06  -  Total Remote Usage
		Usr 0 00:00:00, Sys 0 00:00:00  -  Total Local Usage
	0  -  Run Bytes Sent By Job
	0  -  Run Bytes Received By Job
	0  -  Total Bytes Sent By Job
	0  -  Total Bytes Received By Job
	Partitionable Resources :    Usage  Request Allocated 
	   Cpus                 :     0.96        1         1 
	   Disk (KB)            :     2           2   6681625 
	   Memory (MB)          :    33      128192    128256 
	   xferslots            :                           0 

	Job terminated of its own accord at 2025-02-03T01:38:05Z with exit-code 0.
...
000 (2019126.000.000) 2025-02-02 20:56:45 Job submitted from host: <130.199.48.81:9618?addrs=130.199.48.81-9618&alias=rcas2062.rcf.bnl.gov&noUDP&sock=schedd_48563_ad09>
...
001 (2019126.000.000) 2025-02-02 20:58:05 Job executing on host: <130.199.150.70:9618?addrs=130.199.150.70-9618&alias=spool1551.sdcc.bnl.gov&noUDP&sock=startd_98235_3ca2>
...
006 (2019126.000.000) 2025-02-02 20:58:13 Image size of job updated: 553672
	137  -  MemoryUsage of job (MB)
	139512  -  ResidentSetSize of job (KB)
...
006 (2019126.000.000) 2025-02-02 21:00:27 Image size of job updated: 4001112
	137  -  MemoryUsage of job (MB)
	139516  -  ResidentSetSize of job (KB)
...
005 (2019126.000.000) 2025-02-02 21:00:27 Job terminated.
	(1) Normal termination (return value 0)
		Usr 0 00:02:09, Sys 0 00:00:06  -  Run Remote Usage
		Usr 0 00:00:00, Sys 0 00:00:00  -  Run Local Usage
		Usr 0 00:02:09, Sys 0 00:00:06  -  Total Remote Usage
		Usr 0 00:00:00, Sys 0 00:00:00  -  Total Local Usage
	0  -  Run Bytes Sent By Job
	0  -  Run Bytes Received By Job
	0  -  Total Bytes Sent By Job
	0  -  Total Bytes Received By Job
	Partitionable Resources :    Usage  Request Allocated 
	   Cpus                 :     0.96        1         1 
	   Disk (KB)            :     2           2   6681237 
	   Memory (MB)          :   137      128192    128256 
	   xferslots            :                           0 

	Job terminated of its own accord at 2025-02-03T02:00:27Z with exit-code 0.
...
000 (2019510.000.000) 2025-02-02 22:34:27 Job submitted from host: <130.199.48.81:9618?addrs=130.199.48.81-9618&alias=rcas2062.rcf.bnl.gov&noUDP&sock=schedd_48563_ad09>
...
001 (2019510.000.000) 2025-02-02 22:38:50 Job executing on host: <130.199.151.21:9618?addrs=130.199.151.21-9618&alias=spool1599.sdcc.bnl.gov&noUDP&sock=startd_65000_c767>
...
006 (2019510.000.000) 2025-02-02 22:38:59 Image size of job updated: 107716
	57  -  MemoryUsage of job (MB)
	58292  -  ResidentSetSize of job (KB)
...
006 (2019510.000.000) 2025-02-02 22:41:48 Image size of job updated: 4001112
	57  -  MemoryUsage of job (MB)
	58336  -  ResidentSetSize of job (KB)
...
005 (2019510.000.000) 2025-02-02 22:41:48 Job terminated.
	(1) Normal termination (return value 0)
		Usr 0 00:02:24, Sys 0 00:00:05  -  Run Remote Usage
		Usr 0 00:00:00, Sys 0 00:00:00  -  Run Local Usage
		Usr 0 00:02:24, Sys 0 00:00:05  -  Total Remote Usage
		Usr 0 00:00:00, Sys 0 00:00:00  -  Total Local Usage
	0  -  Run Bytes Sent By Job
	0  -  Run Bytes Received By Job
	0  -  Total Bytes Sent By Job
	0  -  Total Bytes Received By Job
	Partitionable Resources :    Usage  Request Allocated 
	   Cpus                 :     0.95        1         1 
	   Disk (KB)            :     2           2   6681177 
	   Memory (MB)          :    57      128192    128256 
	   xferslots            :                           0 

	Job terminated of its own accord at 2025-02-03T03:41:48Z with exit-code 0.
...
