000 (2016937.000.000) 2025-01-28 23:07:55 Job submitted from host: <130.199.48.81:9618?addrs=130.199.48.81-9618&alias=rcas2062.rcf.bnl.gov&noUDP&sock=schedd_48563_ad09>
...
001 (2016937.000.000) 2025-01-28 23:11:34 Job executing on host: <130.199.184.198:9618?addrs=130.199.184.198-9618&alias=spool1773.sdcc.bnl.gov&noUDP&sock=startd_12597_e416>
...
006 (2016937.000.000) 2025-01-28 23:11:42 Image size of job updated: 16280
	8  -  MemoryUsage of job (MB)
	7432  -  ResidentSetSize of job (KB)
...
006 (2016937.000.000) 2025-01-28 23:16:42 Image size of job updated: 5085644
	1001  -  MemoryUsage of job (MB)
	1024024  -  ResidentSetSize of job (KB)
...
006 (2016937.000.000) 2025-01-28 23:21:43 Image size of job updated: 6047752
	2118  -  MemoryUsage of job (MB)
	2168268  -  ResidentSetSize of job (KB)
...
006 (2016937.000.000) 2025-01-28 23:26:44 Image size of job updated: 6909588
	3333  -  MemoryUsage of job (MB)
	3412036  -  ResidentSetSize of job (KB)
...
006 (2016937.000.000) 2025-01-28 23:31:44 Image size of job updated: 8361968
	4511  -  MemoryUsage of job (MB)
	4618484  -  ResidentSetSize of job (KB)
...
006 (2016937.000.000) 2025-01-28 23:36:44 Image size of job updated: 9275652
	5738  -  MemoryUsage of job (MB)
	5875692  -  ResidentSetSize of job (KB)
...
006 (2016937.000.000) 2025-01-28 23:41:45 Image size of job updated: 10465020
	6651  -  MemoryUsage of job (MB)
	6810128  -  ResidentSetSize of job (KB)
...
006 (2016937.000.000) 2025-01-28 23:46:45 Image size of job updated: 11669348
	7795  -  MemoryUsage of job (MB)
	7981728  -  ResidentSetSize of job (KB)
...
006 (2016937.000.000) 2025-01-28 23:51:46 Image size of job updated: 12628712
	8832  -  MemoryUsage of job (MB)
	9043356  -  ResidentSetSize of job (KB)
...
006 (2016937.000.000) 2025-01-28 23:56:47 Image size of job updated: 13838552
	9937  -  MemoryUsage of job (MB)
	10175336  -  ResidentSetSize of job (KB)
...
006 (2016937.000.000) 2025-01-29 00:01:47 Image size of job updated: 15067912
	11353  -  MemoryUsage of job (MB)
	11624820  -  ResidentSetSize of job (KB)
...
006 (2016937.000.000) 2025-01-29 00:06:47 Image size of job updated: 16368448
	12457  -  MemoryUsage of job (MB)
	12755748  -  ResidentSetSize of job (KB)
...
006 (2016937.000.000) 2025-01-29 00:11:48 Image size of job updated: 17961260
	14001  -  MemoryUsage of job (MB)
	14336144  -  ResidentSetSize of job (KB)
...
006 (2016937.000.000) 2025-01-29 00:16:48 Image size of job updated: 18974356
	14940  -  MemoryUsage of job (MB)
	15297876  -  ResidentSetSize of job (KB)
...
006 (2016937.000.000) 2025-01-29 00:21:49 Image size of job updated: 20191504
	16024  -  MemoryUsage of job (MB)
	16408484  -  ResidentSetSize of job (KB)
...
006 (2016937.000.000) 2025-01-29 00:26:50 Image size of job updated: 21333712
	17016  -  MemoryUsage of job (MB)
	17424032  -  ResidentSetSize of job (KB)
...
006 (2016937.000.000) 2025-01-29 00:31:50 Image size of job updated: 22286324
	18421  -  MemoryUsage of job (MB)
	18862796  -  ResidentSetSize of job (KB)
...
006 (2016937.000.000) 2025-01-29 00:36:50 Image size of job updated: 23528216
	19349  -  MemoryUsage of job (MB)
	19812392  -  ResidentSetSize of job (KB)
...
006 (2016937.000.000) 2025-01-29 00:41:51 Image size of job updated: 24446296
	20346  -  MemoryUsage of job (MB)
	20833488  -  ResidentSetSize of job (KB)
...
006 (2016937.000.000) 2025-01-29 00:46:51 Image size of job updated: 25461764
	21429  -  MemoryUsage of job (MB)
	21943124  -  ResidentSetSize of job (KB)
...
006 (2016937.000.000) 2025-01-29 00:51:51 Image size of job updated: 26857352
	22684  -  MemoryUsage of job (MB)
	23227584  -  ResidentSetSize of job (KB)
...
006 (2016937.000.000) 2025-01-29 00:56:52 Image size of job updated: 27587560
	23625  -  MemoryUsage of job (MB)
	24191268  -  ResidentSetSize of job (KB)
...
006 (2016937.000.000) 2025-01-29 01:01:53 Image size of job updated: 29081628
	24637  -  MemoryUsage of job (MB)
	25227548  -  ResidentSetSize of job (KB)
...
006 (2016937.000.000) 2025-01-29 01:06:53 Image size of job updated: 30018608
	25727  -  MemoryUsage of job (MB)
	26343640  -  ResidentSetSize of job (KB)
...
006 (2016937.000.000) 2025-01-29 01:11:54 Image size of job updated: 31319920
	26750  -  MemoryUsage of job (MB)
	27391168  -  ResidentSetSize of job (KB)
...
006 (2016937.000.000) 2025-01-29 01:16:55 Image size of job updated: 32286956
	27917  -  MemoryUsage of job (MB)
	28586180  -  ResidentSetSize of job (KB)
...
006 (2016937.000.000) 2025-01-29 01:21:55 Image size of job updated: 33701332
	29228  -  MemoryUsage of job (MB)
	29928716  -  ResidentSetSize of job (KB)
...
006 (2016937.000.000) 2025-01-29 01:26:56 Image size of job updated: 34838512
	30525  -  MemoryUsage of job (MB)
	31257480  -  ResidentSetSize of job (KB)
...
006 (2016937.000.000) 2025-01-29 01:30:39 Image size of job updated: 35689700
	30525  -  MemoryUsage of job (MB)
	31257480  -  ResidentSetSize of job (KB)
...
005 (2016937.000.000) 2025-01-29 01:30:39 Job terminated.
	(1) Normal termination (return value 0)
		Usr 0 01:20:35, Sys 0 00:13:31  -  Run Remote Usage
		Usr 0 00:00:00, Sys 0 00:00:00  -  Run Local Usage
		Usr 0 01:20:35, Sys 0 00:13:31  -  Total Remote Usage
		Usr 0 00:00:00, Sys 0 00:00:00  -  Total Local Usage
	0  -  Run Bytes Sent By Job
	0  -  Run Bytes Received By Job
	0  -  Total Bytes Sent By Job
	0  -  Total Bytes Received By Job
	Partitionable Resources :    Usage  Request Allocated 
	   Cpus                 :     0.76        1         1 
	   Disk (KB)            :     2           2   6681627 
	   Memory (MB)          : 30525      128192    128256 
	   xferslots            :                           0 

	Job terminated of its own accord at 2025-01-29T06:30:39Z with exit-code 0.
...
000 (2017321.000.000) 2025-01-30 00:28:05 Job submitted from host: <130.199.48.81:9618?addrs=130.199.48.81-9618&alias=rcas2062.rcf.bnl.gov&noUDP&sock=schedd_48563_ad09>
...
001 (2017321.000.000) 2025-01-30 00:37:01 Job executing on host: <130.199.186.76:9618?addrs=130.199.186.76-9618&alias=spool1839.sdcc.bnl.gov&noUDP&sock=startd_48828_8b8a>
...
006 (2017321.000.000) 2025-01-30 00:37:10 Image size of job updated: 49612
	32  -  MemoryUsage of job (MB)
	32632  -  ResidentSetSize of job (KB)
...
006 (2017321.000.000) 2025-01-30 00:42:11 Image size of job updated: 5883156
	1867  -  MemoryUsage of job (MB)
	1910904  -  ResidentSetSize of job (KB)
...
006 (2017321.000.000) 2025-01-30 00:47:11 Image size of job updated: 8603964
	5148  -  MemoryUsage of job (MB)
	5271500  -  ResidentSetSize of job (KB)
...
006 (2017321.000.000) 2025-01-30 00:52:12 Image size of job updated: 11157780
	7195  -  MemoryUsage of job (MB)
	7367384  -  ResidentSetSize of job (KB)
...
006 (2017321.000.000) 2025-01-30 00:57:12 Image size of job updated: 13878152
	10046  -  MemoryUsage of job (MB)
	10286780  -  ResidentSetSize of job (KB)
...
006 (2017321.000.000) 2025-01-30 01:02:12 Image size of job updated: 15741688
	12189  -  MemoryUsage of job (MB)
	12480708  -  ResidentSetSize of job (KB)
...
006 (2017321.000.000) 2025-01-30 01:07:13 Image size of job updated: 18361892
	14523  -  MemoryUsage of job (MB)
	14870580  -  ResidentSetSize of job (KB)
...
006 (2017321.000.000) 2025-01-30 01:12:13 Image size of job updated: 20146772
	16335  -  MemoryUsage of job (MB)
	16726256  -  ResidentSetSize of job (KB)
...
006 (2017321.000.000) 2025-01-30 01:17:13 Image size of job updated: 22304972
	18459  -  MemoryUsage of job (MB)
	18901496  -  ResidentSetSize of job (KB)
...
006 (2017321.000.000) 2025-01-30 01:22:14 Image size of job updated: 24337640
	20448  -  MemoryUsage of job (MB)
	20938424  -  ResidentSetSize of job (KB)
...
006 (2017321.000.000) 2025-01-30 01:27:15 Image size of job updated: 26918372
	22790  -  MemoryUsage of job (MB)
	23336616  -  ResidentSetSize of job (KB)
...
006 (2017321.000.000) 2025-01-30 01:32:15 Image size of job updated: 28720776
	24890  -  MemoryUsage of job (MB)
	25486508  -  ResidentSetSize of job (KB)
...
006 (2017321.000.000) 2025-01-30 01:37:16 Image size of job updated: 31093388
	26804  -  MemoryUsage of job (MB)
	27447200  -  ResidentSetSize of job (KB)
...
006 (2017321.000.000) 2025-01-30 01:42:17 Image size of job updated: 33207752
	28985  -  MemoryUsage of job (MB)
	29679844  -  ResidentSetSize of job (KB)
...
006 (2017321.000.000) 2025-01-30 01:47:17 Image size of job updated: 35307972
	31153  -  MemoryUsage of job (MB)
	31900028  -  ResidentSetSize of job (KB)
...
006 (2017321.000.000) 2025-01-30 01:52:18 Image size of job updated: 37186700
	33098  -  MemoryUsage of job (MB)
	33891960  -  ResidentSetSize of job (KB)
...
006 (2017321.000.000) 2025-01-30 01:57:19 Image size of job updated: 39527732
	35275  -  MemoryUsage of job (MB)
	36120968  -  ResidentSetSize of job (KB)
...
006 (2017321.000.000) 2025-01-30 02:02:19 Image size of job updated: 41500376
	37216  -  MemoryUsage of job (MB)
	38108580  -  ResidentSetSize of job (KB)
...
006 (2017321.000.000) 2025-01-30 02:07:19 Image size of job updated: 43972292
	39402  -  MemoryUsage of job (MB)
	40346936  -  ResidentSetSize of job (KB)
...
006 (2017321.000.000) 2025-01-30 02:12:20 Image size of job updated: 45248288
	40952  -  MemoryUsage of job (MB)
	41934300  -  ResidentSetSize of job (KB)
...
006 (2017321.000.000) 2025-01-30 02:17:20 Image size of job updated: 47813888
	42945  -  MemoryUsage of job (MB)
	43975568  -  ResidentSetSize of job (KB)
...
006 (2017321.000.000) 2025-01-30 02:22:20 Image size of job updated: 49457468
	44916  -  MemoryUsage of job (MB)
	45993640  -  ResidentSetSize of job (KB)
...
006 (2017321.000.000) 2025-01-30 02:27:21 Image size of job updated: 51860832
	47055  -  MemoryUsage of job (MB)
	48183336  -  ResidentSetSize of job (KB)
...
006 (2017321.000.000) 2025-01-30 02:32:22 Image size of job updated: 54166312
	49045  -  MemoryUsage of job (MB)
	50221856  -  ResidentSetSize of job (KB)
...
006 (2017321.000.000) 2025-01-30 02:37:22 Image size of job updated: 55716400
	51063  -  MemoryUsage of job (MB)
	52288404  -  ResidentSetSize of job (KB)
...
006 (2017321.000.000) 2025-01-30 02:42:23 Image size of job updated: 58132596
	53139  -  MemoryUsage of job (MB)
	54413896  -  ResidentSetSize of job (KB)
...
006 (2017321.000.000) 2025-01-30 02:47:24 Image size of job updated: 59938932
	55174  -  MemoryUsage of job (MB)
	56498156  -  ResidentSetSize of job (KB)
...
006 (2017321.000.000) 2025-01-30 02:52:24 Image size of job updated: 61997812
	57223  -  MemoryUsage of job (MB)
	58595576  -  ResidentSetSize of job (KB)
...
006 (2017321.000.000) 2025-01-30 02:57:25 Image size of job updated: 64059012
	59186  -  MemoryUsage of job (MB)
	60605592  -  ResidentSetSize of job (KB)
...
006 (2017321.000.000) 2025-01-30 03:02:26 Image size of job updated: 65937092
	60956  -  MemoryUsage of job (MB)
	62418436  -  ResidentSetSize of job (KB)
...
006 (2017321.000.000) 2025-01-30 03:07:26 Image size of job updated: 67903076
	62946  -  MemoryUsage of job (MB)
	64456556  -  ResidentSetSize of job (KB)
...
006 (2017321.000.000) 2025-01-30 03:12:26 Image size of job updated: 70190064
	64957  -  MemoryUsage of job (MB)
	66515788  -  ResidentSetSize of job (KB)
...
006 (2017321.000.000) 2025-01-30 03:17:27 Image size of job updated: 72154444
	67083  -  MemoryUsage of job (MB)
	68692884  -  ResidentSetSize of job (KB)
...
006 (2017321.000.000) 2025-01-30 03:21:42 Image size of job updated: 73630112
	67083  -  MemoryUsage of job (MB)
	68692884  -  ResidentSetSize of job (KB)
...
005 (2017321.000.000) 2025-01-30 03:21:42 Job terminated.
	(1) Normal termination (return value 0)
		Usr 0 02:42:18, Sys 0 00:27:29  -  Run Remote Usage
		Usr 0 00:00:00, Sys 0 00:00:00  -  Run Local Usage
		Usr 0 02:42:18, Sys 0 00:27:29  -  Total Remote Usage
		Usr 0 00:00:00, Sys 0 00:00:00  -  Total Local Usage
	0  -  Run Bytes Sent By Job
	0  -  Run Bytes Received By Job
	0  -  Total Bytes Sent By Job
	0  -  Total Bytes Received By Job
	Partitionable Resources :    Usage  Request Allocated 
	   Cpus                 :     1.19        1         1 
	   Disk (KB)            :     2           2   6681624 
	   Memory (MB)          : 67083      128192    128256 
	   xferslots            :                           0 

	Job terminated of its own accord at 2025-01-30T08:21:42Z with exit-code 0.
...
000 (2018767.000.000) 2025-02-02 20:32:17 Job submitted from host: <130.199.48.81:9618?addrs=130.199.48.81-9618&alias=rcas2062.rcf.bnl.gov&noUDP&sock=schedd_48563_ad09>
...
001 (2018767.000.000) 2025-02-02 20:36:18 Job executing on host: <130.199.186.28:9618?addrs=130.199.186.28-9618&alias=spool1825.sdcc.bnl.gov&noUDP&sock=startd_62164_3881>
...
006 (2018767.000.000) 2025-02-02 20:36:26 Image size of job updated: 298144
	80  -  MemoryUsage of job (MB)
	81072  -  ResidentSetSize of job (KB)
...
006 (2018767.000.000) 2025-02-02 20:39:02 Image size of job updated: 4001088
	80  -  MemoryUsage of job (MB)
	81072  -  ResidentSetSize of job (KB)
...
005 (2018767.000.000) 2025-02-02 20:39:02 Job terminated.
	(1) Normal termination (return value 0)
		Usr 0 00:02:20, Sys 0 00:00:06  -  Run Remote Usage
		Usr 0 00:00:00, Sys 0 00:00:00  -  Run Local Usage
		Usr 0 00:02:20, Sys 0 00:00:06  -  Total Remote Usage
		Usr 0 00:00:00, Sys 0 00:00:00  -  Total Local Usage
	0  -  Run Bytes Sent By Job
	0  -  Run Bytes Received By Job
	0  -  Total Bytes Sent By Job
	0  -  Total Bytes Received By Job
	Partitionable Resources :    Usage  Request Allocated 
	   Cpus                 :     0.79        1         1 
	   Disk (KB)            :     2           2   6681629 
	   Memory (MB)          :    80      128192    128256 
	   xferslots            :                           0 

	Job terminated of its own accord at 2025-02-03T01:39:02Z with exit-code 0.
...
000 (2019151.000.000) 2025-02-02 20:56:48 Job submitted from host: <130.199.48.81:9618?addrs=130.199.48.81-9618&alias=rcas2062.rcf.bnl.gov&noUDP&sock=schedd_48563_ad09>
...
001 (2019151.000.000) 2025-02-02 20:58:44 Job executing on host: <130.199.150.78:9618?addrs=130.199.150.78-9618&alias=spool1559.sdcc.bnl.gov&noUDP&sock=startd_41793_0e6f>
...
006 (2019151.000.000) 2025-02-02 20:58:53 Image size of job updated: 571576
	146  -  MemoryUsage of job (MB)
	149028  -  ResidentSetSize of job (KB)
...
006 (2019151.000.000) 2025-02-02 21:01:12 Image size of job updated: 4001096
	146  -  MemoryUsage of job (MB)
	149028  -  ResidentSetSize of job (KB)
...
005 (2019151.000.000) 2025-02-02 21:01:12 Job terminated.
	(1) Normal termination (return value 0)
		Usr 0 00:02:13, Sys 0 00:00:05  -  Run Remote Usage
		Usr 0 00:00:00, Sys 0 00:00:00  -  Run Local Usage
		Usr 0 00:02:13, Sys 0 00:00:05  -  Total Remote Usage
		Usr 0 00:00:00, Sys 0 00:00:00  -  Total Local Usage
	0  -  Run Bytes Sent By Job
	0  -  Run Bytes Received By Job
	0  -  Total Bytes Sent By Job
	0  -  Total Bytes Received By Job
	Partitionable Resources :    Usage  Request Allocated 
	   Cpus                 :                 1         1 
	   Disk (KB)            :        2        2   6681235 
	   Memory (MB)          :      146   128192    128256 
	   xferslots            :                           0 

	Job terminated of its own accord at 2025-02-03T02:01:12Z with exit-code 0.
...
000 (2019535.000.000) 2025-02-02 22:34:29 Job submitted from host: <130.199.48.81:9618?addrs=130.199.48.81-9618&alias=rcas2062.rcf.bnl.gov&noUDP&sock=schedd_48563_ad09>
...
001 (2019535.000.000) 2025-02-02 22:39:34 Job executing on host: <130.199.186.16:9618?addrs=130.199.186.16-9618&alias=spool1813.sdcc.bnl.gov&noUDP&sock=startd_24682_a412>
...
006 (2019535.000.000) 2025-02-02 22:39:43 Image size of job updated: 45868
	32  -  MemoryUsage of job (MB)
	32432  -  ResidentSetSize of job (KB)
...
006 (2019535.000.000) 2025-02-02 22:43:04 Image size of job updated: 4001092
	32  -  MemoryUsage of job (MB)
	32432  -  ResidentSetSize of job (KB)
...
005 (2019535.000.000) 2025-02-02 22:43:05 Job terminated.
	(1) Normal termination (return value 0)
		Usr 0 00:02:31, Sys 0 00:00:06  -  Run Remote Usage
		Usr 0 00:00:00, Sys 0 00:00:00  -  Run Local Usage
		Usr 0 00:02:31, Sys 0 00:00:06  -  Total Remote Usage
		Usr 0 00:00:00, Sys 0 00:00:00  -  Total Local Usage
	0  -  Run Bytes Sent By Job
	0  -  Run Bytes Received By Job
	0  -  Total Bytes Sent By Job
	0  -  Total Bytes Received By Job
	Partitionable Resources :    Usage  Request Allocated 
	   Cpus                 :     0.10        1         1 
	   Disk (KB)            :     2           2   6681616 
	   Memory (MB)          :    32      128192    128256 
	   xferslots            :                           0 

	Job terminated of its own accord at 2025-02-03T03:43:04Z with exit-code 0.
...
