000 (2017078.000.000) 2025-01-28 23:08:07 Job submitted from host: <130.199.48.81:9618?addrs=130.199.48.81-9618&alias=rcas2062.rcf.bnl.gov&noUDP&sock=schedd_48563_ad09>
...
001 (2017078.000.000) 2025-01-29 01:32:21 Job executing on host: <130.199.186.8:9618?addrs=130.199.186.8-9618&alias=spool1805.sdcc.bnl.gov&noUDP&sock=startd_47947_b83e>
...
006 (2017078.000.000) 2025-01-29 01:32:30 Image size of job updated: 145316
	71  -  MemoryUsage of job (MB)
	72616  -  ResidentSetSize of job (KB)
...
006 (2017078.000.000) 2025-01-29 01:32:46 Image size of job updated: 566552
	72  -  MemoryUsage of job (MB)
	72768  -  ResidentSetSize of job (KB)
...
005 (2017078.000.000) 2025-01-29 01:32:46 Job terminated.
	(1) Normal termination (return value 0)
		Usr 0 00:00:04, Sys 0 00:00:01  -  Run Remote Usage
		Usr 0 00:00:00, Sys 0 00:00:00  -  Run Local Usage
		Usr 0 00:00:04, Sys 0 00:00:01  -  Total Remote Usage
		Usr 0 00:00:00, Sys 0 00:00:00  -  Total Local Usage
	0  -  Run Bytes Sent By Job
	0  -  Run Bytes Received By Job
	0  -  Total Bytes Sent By Job
	0  -  Total Bytes Received By Job
	Partitionable Resources :    Usage  Request Allocated 
	   Cpus                 :                 1         1 
	   Disk (KB)            :        2        2   6681622 
	   Memory (MB)          :       72   128192    128256 
	   xferslots            :                           0 

	Job terminated of its own accord at 2025-01-29T06:32:46Z with exit-code 0.
...
000 (2017462.000.000) 2025-01-30 00:28:21 Job submitted from host: <130.199.48.81:9618?addrs=130.199.48.81-9618&alias=rcas2062.rcf.bnl.gov&noUDP&sock=schedd_48563_ad09>
...
001 (2017462.000.000) 2025-01-30 05:50:38 Job executing on host: <130.199.207.217:9618?addrs=130.199.207.217-9618&alias=spool1504.sdcc.bnl.gov&noUDP&sock=startd_26703_430b>
...
006 (2017462.000.000) 2025-01-30 05:50:46 Image size of job updated: 324616
	40  -  MemoryUsage of job (MB)
	40428  -  ResidentSetSize of job (KB)
...
006 (2017462.000.000) 2025-01-30 05:55:46 Image size of job updated: 5233976
	1354  -  MemoryUsage of job (MB)
	1386376  -  ResidentSetSize of job (KB)
...
006 (2017462.000.000) 2025-01-30 06:00:47 Image size of job updated: 7403772
	3407  -  MemoryUsage of job (MB)
	3488356  -  ResidentSetSize of job (KB)
...
006 (2017462.000.000) 2025-01-30 06:05:48 Image size of job updated: 8946620
	5374  -  MemoryUsage of job (MB)
	5502952  -  ResidentSetSize of job (KB)
...
006 (2017462.000.000) 2025-01-30 06:10:48 Image size of job updated: 11225384
	7458  -  MemoryUsage of job (MB)
	7636544  -  ResidentSetSize of job (KB)
...
006 (2017462.000.000) 2025-01-30 06:15:49 Image size of job updated: 12797480
	8974  -  MemoryUsage of job (MB)
	9189168  -  ResidentSetSize of job (KB)
...
006 (2017462.000.000) 2025-01-30 06:20:50 Image size of job updated: 14863028
	10878  -  MemoryUsage of job (MB)
	11138836  -  ResidentSetSize of job (KB)
...
006 (2017462.000.000) 2025-01-30 06:25:50 Image size of job updated: 16947152
	12681  -  MemoryUsage of job (MB)
	12984796  -  ResidentSetSize of job (KB)
...
006 (2017462.000.000) 2025-01-30 06:30:50 Image size of job updated: 18257168
	14490  -  MemoryUsage of job (MB)
	14837100  -  ResidentSetSize of job (KB)
...
006 (2017462.000.000) 2025-01-30 06:35:51 Image size of job updated: 19929796
	16065  -  MemoryUsage of job (MB)
	16450184  -  ResidentSetSize of job (KB)
...
006 (2017462.000.000) 2025-01-30 06:40:51 Image size of job updated: 21642984
	17794  -  MemoryUsage of job (MB)
	18220624  -  ResidentSetSize of job (KB)
...
006 (2017462.000.000) 2025-01-30 06:45:51 Image size of job updated: 22999840
	19120  -  MemoryUsage of job (MB)
	19577980  -  ResidentSetSize of job (KB)
...
006 (2017462.000.000) 2025-01-30 06:50:52 Image size of job updated: 24948792
	20759  -  MemoryUsage of job (MB)
	21256844  -  ResidentSetSize of job (KB)
...
006 (2017462.000.000) 2025-01-30 06:55:52 Image size of job updated: 26641916
	22442  -  MemoryUsage of job (MB)
	22979684  -  ResidentSetSize of job (KB)
...
006 (2017462.000.000) 2025-01-30 07:00:52 Image size of job updated: 28103468
	24057  -  MemoryUsage of job (MB)
	24633804  -  ResidentSetSize of job (KB)
...
006 (2017462.000.000) 2025-01-30 07:05:53 Image size of job updated: 29717076
	25640  -  MemoryUsage of job (MB)
	26254392  -  ResidentSetSize of job (KB)
...
006 (2017462.000.000) 2025-01-30 07:10:53 Image size of job updated: 31545232
	27284  -  MemoryUsage of job (MB)
	27938268  -  ResidentSetSize of job (KB)
...
006 (2017462.000.000) 2025-01-30 07:15:53 Image size of job updated: 33160120
	28926  -  MemoryUsage of job (MB)
	29619792  -  ResidentSetSize of job (KB)
...
006 (2017462.000.000) 2025-01-30 07:20:55 Image size of job updated: 34996228
	30546  -  MemoryUsage of job (MB)
	31278608  -  ResidentSetSize of job (KB)
...
006 (2017462.000.000) 2025-01-30 07:25:55 Image size of job updated: 35222240
	31067  -  MemoryUsage of job (MB)
	31812428  -  ResidentSetSize of job (KB)
...
006 (2017462.000.000) 2025-01-30 07:30:55 Image size of job updated: 35509940
	31341  -  MemoryUsage of job (MB)
	32093044  -  ResidentSetSize of job (KB)
...
006 (2017462.000.000) 2025-01-30 07:35:56 Image size of job updated: 36370816
	32214  -  MemoryUsage of job (MB)
	32986592  -  ResidentSetSize of job (KB)
...
006 (2017462.000.000) 2025-01-30 07:40:57 Image size of job updated: 38816944
	34278  -  MemoryUsage of job (MB)
	35099816  -  ResidentSetSize of job (KB)
...
006 (2017462.000.000) 2025-01-30 07:45:57 Image size of job updated: 40995172
	36138  -  MemoryUsage of job (MB)
	37005116  -  ResidentSetSize of job (KB)
...
006 (2017462.000.000) 2025-01-30 07:50:58 Image size of job updated: 42216768
	37948  -  MemoryUsage of job (MB)
	38858236  -  ResidentSetSize of job (KB)
...
006 (2017462.000.000) 2025-01-30 07:55:59 Image size of job updated: 43655016
	39377  -  MemoryUsage of job (MB)
	40321540  -  ResidentSetSize of job (KB)
...
006 (2017462.000.000) 2025-01-30 08:00:59 Image size of job updated: 45496076
	41194  -  MemoryUsage of job (MB)
	42181688  -  ResidentSetSize of job (KB)
...
006 (2017462.000.000) 2025-01-30 08:06:00 Image size of job updated: 47223600
	42788  -  MemoryUsage of job (MB)
	43814896  -  ResidentSetSize of job (KB)
...
006 (2017462.000.000) 2025-01-30 08:11:01 Image size of job updated: 49001088
	44412  -  MemoryUsage of job (MB)
	45477788  -  ResidentSetSize of job (KB)
...
006 (2017462.000.000) 2025-01-30 08:16:01 Image size of job updated: 50788164
	46141  -  MemoryUsage of job (MB)
	47247556  -  ResidentSetSize of job (KB)
...
006 (2017462.000.000) 2025-01-30 08:21:01 Image size of job updated: 52744404
	47756  -  MemoryUsage of job (MB)
	48901512  -  ResidentSetSize of job (KB)
...
006 (2017462.000.000) 2025-01-30 08:26:02 Image size of job updated: 54254120
	49499  -  MemoryUsage of job (MB)
	50686224  -  ResidentSetSize of job (KB)
...
006 (2017462.000.000) 2025-01-30 08:31:02 Image size of job updated: 55777788
	50855  -  MemoryUsage of job (MB)
	52075356  -  ResidentSetSize of job (KB)
...
006 (2017462.000.000) 2025-01-30 08:36:02 Image size of job updated: 57230740
	52555  -  MemoryUsage of job (MB)
	53815432  -  ResidentSetSize of job (KB)
...
006 (2017462.000.000) 2025-01-30 08:41:04 Image size of job updated: 58853464
	53949  -  MemoryUsage of job (MB)
	55243200  -  ResidentSetSize of job (KB)
...
006 (2017462.000.000) 2025-01-30 08:46:04 Image size of job updated: 60211180
	55477  -  MemoryUsage of job (MB)
	56808028  -  ResidentSetSize of job (KB)
...
006 (2017462.000.000) 2025-01-30 08:51:04 Image size of job updated: 62178416
	56939  -  MemoryUsage of job (MB)
	58304840  -  ResidentSetSize of job (KB)
...
006 (2017462.000.000) 2025-01-30 08:56:05 Image size of job updated: 63170884
	58360  -  MemoryUsage of job (MB)
	59760520  -  ResidentSetSize of job (KB)
...
006 (2017462.000.000) 2025-01-30 09:01:05 Image size of job updated: 64720956
	59828  -  MemoryUsage of job (MB)
	61262968  -  ResidentSetSize of job (KB)
...
006 (2017462.000.000) 2025-01-30 09:06:05 Image size of job updated: 66789344
	61330  -  MemoryUsage of job (MB)
	62801140  -  ResidentSetSize of job (KB)
...
006 (2017462.000.000) 2025-01-30 09:11:06 Image size of job updated: 68039732
	62884  -  MemoryUsage of job (MB)
	64393096  -  ResidentSetSize of job (KB)
...
006 (2017462.000.000) 2025-01-30 09:16:07 Image size of job updated: 69006448
	64061  -  MemoryUsage of job (MB)
	65598340  -  ResidentSetSize of job (KB)
...
006 (2017462.000.000) 2025-01-30 09:21:07 Image size of job updated: 70045760
	64974  -  MemoryUsage of job (MB)
	66532628  -  ResidentSetSize of job (KB)
...
006 (2017462.000.000) 2025-01-30 09:26:08 Image size of job updated: 71452304
	65669  -  MemoryUsage of job (MB)
	67244860  -  ResidentSetSize of job (KB)
...
006 (2017462.000.000) 2025-01-30 09:31:09 Image size of job updated: 71678004
	66639  -  MemoryUsage of job (MB)
	68237484  -  ResidentSetSize of job (KB)
...
006 (2017462.000.000) 2025-01-30 09:36:09 Image size of job updated: 72864188
	67410  -  MemoryUsage of job (MB)
	69027568  -  ResidentSetSize of job (KB)
...
006 (2017462.000.000) 2025-01-30 09:41:10 Image size of job updated: 73987052
	68310  -  MemoryUsage of job (MB)
	69948704  -  ResidentSetSize of job (KB)
...
006 (2017462.000.000) 2025-01-30 09:44:01 Image size of job updated: 74471800
	68310  -  MemoryUsage of job (MB)
	69949036  -  ResidentSetSize of job (KB)
...
005 (2017462.000.000) 2025-01-30 09:44:01 Job terminated.
	(1) Normal termination (return value 0)
		Usr 0 03:19:05, Sys 0 00:28:58  -  Run Remote Usage
		Usr 0 00:00:00, Sys 0 00:00:00  -  Run Local Usage
		Usr 0 03:19:05, Sys 0 00:28:58  -  Total Remote Usage
		Usr 0 00:00:00, Sys 0 00:00:00  -  Total Local Usage
	0  -  Run Bytes Sent By Job
	0  -  Run Bytes Received By Job
	0  -  Total Bytes Sent By Job
	0  -  Total Bytes Received By Job
	Partitionable Resources :    Usage  Request Allocated 
	   Cpus                 :     0.64        1         1 
	   Disk (KB)            :     2           2   6681231 
	   Memory (MB)          : 68310      128192    128256 
	   xferslots            :                           0 

	Job terminated of its own accord at 2025-01-30T14:44:01Z with exit-code 0.
...
000 (2018908.000.000) 2025-02-02 20:32:32 Job submitted from host: <130.199.48.81:9618?addrs=130.199.48.81-9618&alias=rcas2062.rcf.bnl.gov&noUDP&sock=schedd_48563_ad09>
...
001 (2018908.000.000) 2025-02-02 20:39:42 Job executing on host: <130.199.150.90:9618?addrs=130.199.150.90-9618&alias=spool1571.sdcc.bnl.gov&noUDP&sock=startd_39549_dbd4>
...
006 (2018908.000.000) 2025-02-02 20:39:50 Image size of job updated: 22632
	7  -  MemoryUsage of job (MB)
	7052  -  ResidentSetSize of job (KB)
...
006 (2018908.000.000) 2025-02-02 20:43:02 Image size of job updated: 4031720
	7  -  MemoryUsage of job (MB)
	7052  -  ResidentSetSize of job (KB)
...
005 (2018908.000.000) 2025-02-02 20:43:02 Job terminated.
	(1) Normal termination (return value 0)
		Usr 0 00:02:21, Sys 0 00:00:05  -  Run Remote Usage
		Usr 0 00:00:00, Sys 0 00:00:00  -  Run Local Usage
		Usr 0 00:02:21, Sys 0 00:00:05  -  Total Remote Usage
		Usr 0 00:00:00, Sys 0 00:00:00  -  Total Local Usage
	0  -  Run Bytes Sent By Job
	0  -  Run Bytes Received By Job
	0  -  Total Bytes Sent By Job
	0  -  Total Bytes Received By Job
	Partitionable Resources :    Usage  Request Allocated 
	   Cpus                 :     0.95        1         1 
	   Disk (KB)            :     2           2   6681235 
	   Memory (MB)          :     7      128192    128256 
	   xferslots            :                           0 

	Job terminated of its own accord at 2025-02-03T01:43:02Z with exit-code 0.
...
000 (2019292.000.000) 2025-02-02 20:57:00 Job submitted from host: <130.199.48.81:9618?addrs=130.199.48.81-9618&alias=rcas2062.rcf.bnl.gov&noUDP&sock=schedd_48563_ad09>
...
001 (2019292.000.000) 2025-02-02 21:01:42 Job executing on host: <130.199.207.218:9618?addrs=130.199.207.218-9618&alias=spool1505.sdcc.bnl.gov&noUDP&sock=startd_85823_fedc>
...
006 (2019292.000.000) 2025-02-02 21:01:50 Image size of job updated: 154460
	86  -  MemoryUsage of job (MB)
	87944  -  ResidentSetSize of job (KB)
...
006 (2019292.000.000) 2025-02-02 21:04:05 Image size of job updated: 4000952
	86  -  MemoryUsage of job (MB)
	87944  -  ResidentSetSize of job (KB)
...
005 (2019292.000.000) 2025-02-02 21:04:05 Job terminated.
	(1) Normal termination (return value 0)
		Usr 0 00:02:04, Sys 0 00:00:05  -  Run Remote Usage
		Usr 0 00:00:00, Sys 0 00:00:00  -  Run Local Usage
		Usr 0 00:02:04, Sys 0 00:00:05  -  Total Remote Usage
		Usr 0 00:00:00, Sys 0 00:00:00  -  Total Local Usage
	0  -  Run Bytes Sent By Job
	0  -  Run Bytes Received By Job
	0  -  Total Bytes Sent By Job
	0  -  Total Bytes Received By Job
	Partitionable Resources :    Usage  Request Allocated 
	   Cpus                 :                 1         1 
	   Disk (KB)            :        2        2   6681233 
	   Memory (MB)          :       86   128192    128256 
	   xferslots            :                           0 

	Job terminated of its own accord at 2025-02-03T02:04:05Z with exit-code 0.
...
000 (2019676.000.000) 2025-02-02 22:34:41 Job submitted from host: <130.199.48.81:9618?addrs=130.199.48.81-9618&alias=rcas2062.rcf.bnl.gov&noUDP&sock=schedd_48563_ad09>
...
001 (2019676.000.000) 2025-02-02 22:44:35 Job executing on host: <130.199.184.153:9618?addrs=130.199.184.153-9618&alias=spool1762.sdcc.bnl.gov&noUDP&sock=startd_50639_b426>
...
006 (2019676.000.000) 2025-02-02 22:44:44 Image size of job updated: 145836
	74  -  MemoryUsage of job (MB)
	74880  -  ResidentSetSize of job (KB)
...
006 (2019676.000.000) 2025-02-02 22:47:40 Image size of job updated: 4031720
	74  -  MemoryUsage of job (MB)
	74884  -  ResidentSetSize of job (KB)
...
005 (2019676.000.000) 2025-02-02 22:47:40 Job terminated.
	(1) Normal termination (return value 0)
		Usr 0 00:02:28, Sys 0 00:00:06  -  Run Remote Usage
		Usr 0 00:00:00, Sys 0 00:00:00  -  Run Local Usage
		Usr 0 00:02:28, Sys 0 00:00:06  -  Total Remote Usage
		Usr 0 00:00:00, Sys 0 00:00:00  -  Total Local Usage
	0  -  Run Bytes Sent By Job
	0  -  Run Bytes Received By Job
	0  -  Total Bytes Sent By Job
	0  -  Total Bytes Received By Job
	Partitionable Resources :    Usage  Request Allocated 
	   Cpus                 :                 1         1 
	   Disk (KB)            :        2        2   6681619 
	   Memory (MB)          :       74   128192    128256 
	   xferslots            :                           0 

	Job terminated of its own accord at 2025-02-03T03:47:40Z with exit-code 0.
...
