000 (2016959.000.000) 2025-01-28 23:07:57 Job submitted from host: <130.199.48.81:9618?addrs=130.199.48.81-9618&alias=rcas2062.rcf.bnl.gov&noUDP&sock=schedd_48563_ad09>
...
001 (2016959.000.000) 2025-01-28 23:17:20 Job executing on host: <130.199.186.11:9618?addrs=130.199.186.11-9618&alias=spool1808.sdcc.bnl.gov&noUDP&sock=startd_65800_f804>
...
006 (2016959.000.000) 2025-01-28 23:17:29 Image size of job updated: 298944
	8  -  MemoryUsage of job (MB)
	7308  -  ResidentSetSize of job (KB)
...
006 (2016959.000.000) 2025-01-28 23:22:31 Image size of job updated: 5106484
	1104  -  MemoryUsage of job (MB)
	1130276  -  ResidentSetSize of job (KB)
...
006 (2016959.000.000) 2025-01-28 23:27:31 Image size of job updated: 6100724
	2127  -  MemoryUsage of job (MB)
	2177884  -  ResidentSetSize of job (KB)
...
006 (2016959.000.000) 2025-01-28 23:32:31 Image size of job updated: 7252004
	3147  -  MemoryUsage of job (MB)
	3221896  -  ResidentSetSize of job (KB)
...
006 (2016959.000.000) 2025-01-28 23:37:32 Image size of job updated: 8377652
	4278  -  MemoryUsage of job (MB)
	4380456  -  ResidentSetSize of job (KB)
...
006 (2016959.000.000) 2025-01-28 23:42:33 Image size of job updated: 9740188
	5599  -  MemoryUsage of job (MB)
	5733080  -  ResidentSetSize of job (KB)
...
006 (2016959.000.000) 2025-01-28 23:47:33 Image size of job updated: 10760456
	6613  -  MemoryUsage of job (MB)
	6771692  -  ResidentSetSize of job (KB)
...
006 (2016959.000.000) 2025-01-28 23:52:34 Image size of job updated: 11292620
	7440  -  MemoryUsage of job (MB)
	7617604  -  ResidentSetSize of job (KB)
...
006 (2016959.000.000) 2025-01-28 23:57:34 Image size of job updated: 12261120
	8367  -  MemoryUsage of job (MB)
	8567056  -  ResidentSetSize of job (KB)
...
006 (2016959.000.000) 2025-01-29 00:02:35 Image size of job updated: 13608904
	9408  -  MemoryUsage of job (MB)
	9633264  -  ResidentSetSize of job (KB)
...
006 (2016959.000.000) 2025-01-29 00:07:36 Image size of job updated: 14325688
	10358  -  MemoryUsage of job (MB)
	10605616  -  ResidentSetSize of job (KB)
...
006 (2016959.000.000) 2025-01-29 00:12:36 Image size of job updated: 15204188
	11189  -  MemoryUsage of job (MB)
	11457128  -  ResidentSetSize of job (KB)
...
006 (2016959.000.000) 2025-01-29 00:17:36 Image size of job updated: 16004744
	12041  -  MemoryUsage of job (MB)
	12329524  -  ResidentSetSize of job (KB)
...
006 (2016959.000.000) 2025-01-29 00:22:37 Image size of job updated: 17317292
	12914  -  MemoryUsage of job (MB)
	13223700  -  ResidentSetSize of job (KB)
...
006 (2016959.000.000) 2025-01-29 00:27:37 Image size of job updated: 18213196
	13814  -  MemoryUsage of job (MB)
	14144632  -  ResidentSetSize of job (KB)
...
006 (2016959.000.000) 2025-01-29 00:32:37 Image size of job updated: 18584004
	14758  -  MemoryUsage of job (MB)
	15111492  -  ResidentSetSize of job (KB)
...
006 (2016959.000.000) 2025-01-29 00:37:38 Image size of job updated: 19958220
	15669  -  MemoryUsage of job (MB)
	16044152  -  ResidentSetSize of job (KB)
...
006 (2016959.000.000) 2025-01-29 00:42:39 Image size of job updated: 20721808
	16476  -  MemoryUsage of job (MB)
	16870868  -  ResidentSetSize of job (KB)
...
006 (2016959.000.000) 2025-01-29 00:47:39 Image size of job updated: 21575024
	17408  -  MemoryUsage of job (MB)
	17825572  -  ResidentSetSize of job (KB)
...
006 (2016959.000.000) 2025-01-29 00:52:40 Image size of job updated: 22134308
	18195  -  MemoryUsage of job (MB)
	18630936  -  ResidentSetSize of job (KB)
...
006 (2016959.000.000) 2025-01-29 00:57:41 Image size of job updated: 23290164
	18818  -  MemoryUsage of job (MB)
	19269584  -  ResidentSetSize of job (KB)
...
006 (2016959.000.000) 2025-01-29 01:02:41 Image size of job updated: 23960288
	19791  -  MemoryUsage of job (MB)
	20265876  -  ResidentSetSize of job (KB)
...
006 (2016959.000.000) 2025-01-29 01:07:42 Image size of job updated: 24926384
	20419  -  MemoryUsage of job (MB)
	20908428  -  ResidentSetSize of job (KB)
...
006 (2016959.000.000) 2025-01-29 01:12:43 Image size of job updated: 25452188
	21269  -  MemoryUsage of job (MB)
	21778988  -  ResidentSetSize of job (KB)
...
006 (2016959.000.000) 2025-01-29 01:17:43 Image size of job updated: 26684076
	22006  -  MemoryUsage of job (MB)
	22533952  -  ResidentSetSize of job (KB)
...
006 (2016959.000.000) 2025-01-29 01:22:43 Image size of job updated: 27232304
	23007  -  MemoryUsage of job (MB)
	23558864  -  ResidentSetSize of job (KB)
...
006 (2016959.000.000) 2025-01-29 01:27:44 Image size of job updated: 28122028
	23958  -  MemoryUsage of job (MB)
	24532184  -  ResidentSetSize of job (KB)
...
006 (2016959.000.000) 2025-01-29 01:32:44 Image size of job updated: 29516804
	25127  -  MemoryUsage of job (MB)
	25729640  -  ResidentSetSize of job (KB)
...
006 (2016959.000.000) 2025-01-29 01:37:44 Image size of job updated: 31061684
	26459  -  MemoryUsage of job (MB)
	27093880  -  ResidentSetSize of job (KB)
...
006 (2016959.000.000) 2025-01-29 01:42:45 Image size of job updated: 31841492
	27636  -  MemoryUsage of job (MB)
	28299160  -  ResidentSetSize of job (KB)
...
006 (2016959.000.000) 2025-01-29 01:47:46 Image size of job updated: 33184776
	28577  -  MemoryUsage of job (MB)
	29262668  -  ResidentSetSize of job (KB)
...
006 (2016959.000.000) 2025-01-29 01:52:46 Image size of job updated: 34275072
	29692  -  MemoryUsage of job (MB)
	30404204  -  ResidentSetSize of job (KB)
...
006 (2016959.000.000) 2025-01-29 01:57:47 Image size of job updated: 35790288
	30865  -  MemoryUsage of job (MB)
	31605040  -  ResidentSetSize of job (KB)
...
006 (2016959.000.000) 2025-01-29 02:02:47 Image size of job updated: 36712712
	32017  -  MemoryUsage of job (MB)
	32784996  -  ResidentSetSize of job (KB)
...
006 (2016959.000.000) 2025-01-29 02:07:48 Image size of job updated: 37647760
	33246  -  MemoryUsage of job (MB)
	34043420  -  ResidentSetSize of job (KB)
...
006 (2016959.000.000) 2025-01-29 02:12:49 Image size of job updated: 39360676
	34250  -  MemoryUsage of job (MB)
	35071928  -  ResidentSetSize of job (KB)
...
006 (2016959.000.000) 2025-01-29 02:17:49 Image size of job updated: 39881356
	35396  -  MemoryUsage of job (MB)
	36244764  -  ResidentSetSize of job (KB)
...
006 (2016959.000.000) 2025-01-29 02:22:50 Image size of job updated: 41393936
	36514  -  MemoryUsage of job (MB)
	37390200  -  ResidentSetSize of job (KB)
...
006 (2016959.000.000) 2025-01-29 02:27:51 Image size of job updated: 42617160
	37602  -  MemoryUsage of job (MB)
	38503652  -  ResidentSetSize of job (KB)
...
006 (2016959.000.000) 2025-01-29 02:32:51 Image size of job updated: 43526520
	37602  -  MemoryUsage of job (MB)
	38503672  -  ResidentSetSize of job (KB)
...
005 (2016959.000.000) 2025-01-29 02:32:54 Job terminated.
	(1) Normal termination (return value 0)
		Usr 0 01:44:42, Sys 0 00:17:09  -  Run Remote Usage
		Usr 0 00:00:00, Sys 0 00:00:00  -  Run Local Usage
		Usr 0 01:44:42, Sys 0 00:17:09  -  Total Remote Usage
		Usr 0 00:00:00, Sys 0 00:00:00  -  Total Local Usage
	0  -  Run Bytes Sent By Job
	0  -  Run Bytes Received By Job
	0  -  Total Bytes Sent By Job
	0  -  Total Bytes Received By Job
	Partitionable Resources :    Usage  Request Allocated 
	   Cpus                 :     0.82        1         1 
	   Disk (KB)            :     2           2   6681625 
	   Memory (MB)          : 37602      128192    128256 
	   xferslots            :                           0 

	Job terminated of its own accord at 2025-01-29T07:32:54Z with exit-code 0.
...
000 (2017343.000.000) 2025-01-30 00:28:08 Job submitted from host: <130.199.48.81:9618?addrs=130.199.48.81-9618&alias=rcas2062.rcf.bnl.gov&noUDP&sock=schedd_48563_ad09>
...
001 (2017343.000.000) 2025-01-30 01:35:59 Job executing on host: <130.199.184.204:9618?addrs=130.199.184.204-9618&alias=spool1779.sdcc.bnl.gov&noUDP&sock=startd_79825_b44a>
...
006 (2017343.000.000) 2025-01-30 01:36:07 Image size of job updated: 298144
	36  -  MemoryUsage of job (MB)
	36612  -  ResidentSetSize of job (KB)
...
006 (2017343.000.000) 2025-01-30 01:41:07 Image size of job updated: 4369804
	405  -  MemoryUsage of job (MB)
	413904  -  ResidentSetSize of job (KB)
...
006 (2017343.000.000) 2025-01-30 01:46:08 Image size of job updated: 5742888
	2134  -  MemoryUsage of job (MB)
	2184832  -  ResidentSetSize of job (KB)
...
006 (2017343.000.000) 2025-01-30 01:51:09 Image size of job updated: 8081140
	4168  -  MemoryUsage of job (MB)
	4267952  -  ResidentSetSize of job (KB)
...
006 (2017343.000.000) 2025-01-30 01:56:09 Image size of job updated: 9708924
	6130  -  MemoryUsage of job (MB)
	6276224  -  ResidentSetSize of job (KB)
...
006 (2017343.000.000) 2025-01-30 02:01:09 Image size of job updated: 11402264
	7567  -  MemoryUsage of job (MB)
	7747940  -  ResidentSetSize of job (KB)
...
006 (2017343.000.000) 2025-01-30 02:06:10 Image size of job updated: 13162140
	9231  -  MemoryUsage of job (MB)
	9452408  -  ResidentSetSize of job (KB)
...
006 (2017343.000.000) 2025-01-30 02:11:10 Image size of job updated: 14907136
	10863  -  MemoryUsage of job (MB)
	11123588  -  ResidentSetSize of job (KB)
...
006 (2017343.000.000) 2025-01-30 02:16:10 Image size of job updated: 16203108
	12411  -  MemoryUsage of job (MB)
	12708540  -  ResidentSetSize of job (KB)
...
006 (2017343.000.000) 2025-01-30 02:21:11 Image size of job updated: 17823608
	13787  -  MemoryUsage of job (MB)
	14117816  -  ResidentSetSize of job (KB)
...
006 (2017343.000.000) 2025-01-30 02:26:11 Image size of job updated: 18897444
	15232  -  MemoryUsage of job (MB)
	15596848  -  ResidentSetSize of job (KB)
...
006 (2017343.000.000) 2025-01-30 02:31:11 Image size of job updated: 20792124
	16530  -  MemoryUsage of job (MB)
	16926676  -  ResidentSetSize of job (KB)
...
006 (2017343.000.000) 2025-01-30 02:36:12 Image size of job updated: 21883312
	17958  -  MemoryUsage of job (MB)
	18388420  -  ResidentSetSize of job (KB)
...
006 (2017343.000.000) 2025-01-30 02:41:13 Image size of job updated: 23161944
	19274  -  MemoryUsage of job (MB)
	19736272  -  ResidentSetSize of job (KB)
...
006 (2017343.000.000) 2025-01-30 02:46:13 Image size of job updated: 24714348
	20506  -  MemoryUsage of job (MB)
	20997500  -  ResidentSetSize of job (KB)
...
006 (2017343.000.000) 2025-01-30 02:51:14 Image size of job updated: 25870396
	21868  -  MemoryUsage of job (MB)
	22391816  -  ResidentSetSize of job (KB)
...
006 (2017343.000.000) 2025-01-30 02:56:15 Image size of job updated: 27309812
	22900  -  MemoryUsage of job (MB)
	23449328  -  ResidentSetSize of job (KB)
...
006 (2017343.000.000) 2025-01-30 03:01:15 Image size of job updated: 28634712
	24157  -  MemoryUsage of job (MB)
	24736100  -  ResidentSetSize of job (KB)
...
006 (2017343.000.000) 2025-01-30 03:06:15 Image size of job updated: 29916628
	25773  -  MemoryUsage of job (MB)
	26391464  -  ResidentSetSize of job (KB)
...
006 (2017343.000.000) 2025-01-30 03:11:16 Image size of job updated: 31125168
	27079  -  MemoryUsage of job (MB)
	27727972  -  ResidentSetSize of job (KB)
...
006 (2017343.000.000) 2025-01-30 03:16:16 Image size of job updated: 32257008
	28153  -  MemoryUsage of job (MB)
	28827916  -  ResidentSetSize of job (KB)
...
006 (2017343.000.000) 2025-01-30 03:21:16 Image size of job updated: 33784024
	29337  -  MemoryUsage of job (MB)
	30040540  -  ResidentSetSize of job (KB)
...
006 (2017343.000.000) 2025-01-30 03:26:17 Image size of job updated: 34906036
	30842  -  MemoryUsage of job (MB)
	31581532  -  ResidentSetSize of job (KB)
...
006 (2017343.000.000) 2025-01-30 03:31:17 Image size of job updated: 36284572
	32173  -  MemoryUsage of job (MB)
	32944464  -  ResidentSetSize of job (KB)
...
006 (2017343.000.000) 2025-01-30 03:36:17 Image size of job updated: 37603500
	33179  -  MemoryUsage of job (MB)
	33975196  -  ResidentSetSize of job (KB)
...
006 (2017343.000.000) 2025-01-30 03:41:18 Image size of job updated: 38807356
	34341  -  MemoryUsage of job (MB)
	35164640  -  ResidentSetSize of job (KB)
...
006 (2017343.000.000) 2025-01-30 03:46:18 Image size of job updated: 40185960
	35600  -  MemoryUsage of job (MB)
	36453404  -  ResidentSetSize of job (KB)
...
006 (2017343.000.000) 2025-01-30 03:51:18 Image size of job updated: 41351588
	36732  -  MemoryUsage of job (MB)
	37612804  -  ResidentSetSize of job (KB)
...
006 (2017343.000.000) 2025-01-30 03:56:19 Image size of job updated: 42764248
	37901  -  MemoryUsage of job (MB)
	38809652  -  ResidentSetSize of job (KB)
...
006 (2017343.000.000) 2025-01-30 04:01:19 Image size of job updated: 43389636
	38868  -  MemoryUsage of job (MB)
	39800780  -  ResidentSetSize of job (KB)
...
006 (2017343.000.000) 2025-01-30 04:06:19 Image size of job updated: 44917324
	40148  -  MemoryUsage of job (MB)
	41111284  -  ResidentSetSize of job (KB)
...
006 (2017343.000.000) 2025-01-30 04:11:20 Image size of job updated: 45681336
	41268  -  MemoryUsage of job (MB)
	42257836  -  ResidentSetSize of job (KB)
...
006 (2017343.000.000) 2025-01-30 04:16:21 Image size of job updated: 47152748
	42564  -  MemoryUsage of job (MB)
	43585108  -  ResidentSetSize of job (KB)
...
006 (2017343.000.000) 2025-01-30 04:21:21 Image size of job updated: 48487856
	43732  -  MemoryUsage of job (MB)
	44781236  -  ResidentSetSize of job (KB)
...
006 (2017343.000.000) 2025-01-30 04:26:22 Image size of job updated: 49615716
	44940  -  MemoryUsage of job (MB)
	46017932  -  ResidentSetSize of job (KB)
...
006 (2017343.000.000) 2025-01-30 04:31:23 Image size of job updated: 50877260
	46217  -  MemoryUsage of job (MB)
	47326192  -  ResidentSetSize of job (KB)
...
006 (2017343.000.000) 2025-01-30 04:36:23 Image size of job updated: 52540156
	47478  -  MemoryUsage of job (MB)
	48617264  -  ResidentSetSize of job (KB)
...
006 (2017343.000.000) 2025-01-30 04:41:23 Image size of job updated: 53392792
	48797  -  MemoryUsage of job (MB)
	49967196  -  ResidentSetSize of job (KB)
...
006 (2017343.000.000) 2025-01-30 04:46:24 Image size of job updated: 54967612
	49976  -  MemoryUsage of job (MB)
	51175108  -  ResidentSetSize of job (KB)
...
006 (2017343.000.000) 2025-01-30 04:51:24 Image size of job updated: 55778984
	51149  -  MemoryUsage of job (MB)
	52375620  -  ResidentSetSize of job (KB)
...
006 (2017343.000.000) 2025-01-30 04:56:24 Image size of job updated: 57473260
	52451  -  MemoryUsage of job (MB)
	53709460  -  ResidentSetSize of job (KB)
...
006 (2017343.000.000) 2025-01-30 05:01:26 Image size of job updated: 58250608
	53621  -  MemoryUsage of job (MB)
	54907828  -  ResidentSetSize of job (KB)
...
006 (2017343.000.000) 2025-01-30 05:06:26 Image size of job updated: 59646648
	54702  -  MemoryUsage of job (MB)
	56014248  -  ResidentSetSize of job (KB)
...
006 (2017343.000.000) 2025-01-30 05:11:26 Image size of job updated: 60965620
	55756  -  MemoryUsage of job (MB)
	57093204  -  ResidentSetSize of job (KB)
...
006 (2017343.000.000) 2025-01-30 05:16:27 Image size of job updated: 62075516
	57120  -  MemoryUsage of job (MB)
	58489904  -  ResidentSetSize of job (KB)
...
006 (2017343.000.000) 2025-01-30 05:21:28 Image size of job updated: 63536388
	58521  -  MemoryUsage of job (MB)
	59924812  -  ResidentSetSize of job (KB)
...
006 (2017343.000.000) 2025-01-30 05:26:28 Image size of job updated: 64827140
	59930  -  MemoryUsage of job (MB)
	61368104  -  ResidentSetSize of job (KB)
...
006 (2017343.000.000) 2025-01-30 05:31:29 Image size of job updated: 66424904
	60908  -  MemoryUsage of job (MB)
	62369136  -  ResidentSetSize of job (KB)
...
006 (2017343.000.000) 2025-01-30 05:36:30 Image size of job updated: 67440684
	62023  -  MemoryUsage of job (MB)
	63510632  -  ResidentSetSize of job (KB)
...
006 (2017343.000.000) 2025-01-30 05:41:30 Image size of job updated: 68454692
	63278  -  MemoryUsage of job (MB)
	64796352  -  ResidentSetSize of job (KB)
...
006 (2017343.000.000) 2025-01-30 05:46:30 Image size of job updated: 70045724
	64657  -  MemoryUsage of job (MB)
	66207816  -  ResidentSetSize of job (KB)
...
006 (2017343.000.000) 2025-01-30 05:51:31 Image size of job updated: 71287780
	66031  -  MemoryUsage of job (MB)
	67615204  -  ResidentSetSize of job (KB)
...
006 (2017343.000.000) 2025-01-30 05:56:31 Image size of job updated: 72660352
	67431  -  MemoryUsage of job (MB)
	69048760  -  ResidentSetSize of job (KB)
...
006 (2017343.000.000) 2025-01-30 06:01:31 Image size of job updated: 74197920
	68567  -  MemoryUsage of job (MB)
	70211700  -  ResidentSetSize of job (KB)
...
006 (2017343.000.000) 2025-01-30 06:03:34 Image size of job updated: 74351000
	68567  -  MemoryUsage of job (MB)
	70211700  -  ResidentSetSize of job (KB)
...
005 (2017343.000.000) 2025-01-30 06:03:34 Job terminated.
	(1) Normal termination (return value 0)
		Usr 0 02:43:45, Sys 0 00:23:57  -  Run Remote Usage
		Usr 0 00:00:00, Sys 0 00:00:00  -  Run Local Usage
		Usr 0 02:43:45, Sys 0 00:23:57  -  Total Remote Usage
		Usr 0 00:00:00, Sys 0 00:00:00  -  Total Local Usage
	0  -  Run Bytes Sent By Job
	0  -  Run Bytes Received By Job
	0  -  Total Bytes Sent By Job
	0  -  Total Bytes Received By Job
	Partitionable Resources :    Usage  Request Allocated 
	   Cpus                 :     1.03        1         1 
	   Disk (KB)            :     2           2   6681624 
	   Memory (MB)          : 68567      128192    128256 
	   xferslots            :                           0 

	Job terminated of its own accord at 2025-01-30T11:03:34Z with exit-code 0.
...
000 (2018789.000.000) 2025-02-02 20:32:19 Job submitted from host: <130.199.48.81:9618?addrs=130.199.48.81-9618&alias=rcas2062.rcf.bnl.gov&noUDP&sock=schedd_48563_ad09>
...
001 (2018789.000.000) 2025-02-02 20:36:43 Job executing on host: <130.199.151.19:9618?addrs=130.199.151.19-9618&alias=spool1597.sdcc.bnl.gov&noUDP&sock=startd_79764_6606>
...
006 (2018789.000.000) 2025-02-02 20:36:51 Image size of job updated: 171256
	74  -  MemoryUsage of job (MB)
	75060  -  ResidentSetSize of job (KB)
...
006 (2018789.000.000) 2025-02-02 20:39:31 Image size of job updated: 4001084
	74  -  MemoryUsage of job (MB)
	75060  -  ResidentSetSize of job (KB)
...
005 (2018789.000.000) 2025-02-02 20:39:31 Job terminated.
	(1) Normal termination (return value 0)
		Usr 0 00:02:15, Sys 0 00:00:05  -  Run Remote Usage
		Usr 0 00:00:00, Sys 0 00:00:00  -  Run Local Usage
		Usr 0 00:02:15, Sys 0 00:00:05  -  Total Remote Usage
		Usr 0 00:00:00, Sys 0 00:00:00  -  Total Local Usage
	0  -  Run Bytes Sent By Job
	0  -  Run Bytes Received By Job
	0  -  Total Bytes Sent By Job
	0  -  Total Bytes Received By Job
	Partitionable Resources :    Usage  Request Allocated 
	   Cpus                 :                 1         1 
	   Disk (KB)            :        2        2   6681235 
	   Memory (MB)          :       74   128192    128256 
	   xferslots            :                           0 

	Job terminated of its own accord at 2025-02-03T01:39:31Z with exit-code 0.
...
000 (2019173.000.000) 2025-02-02 20:56:50 Job submitted from host: <130.199.48.81:9618?addrs=130.199.48.81-9618&alias=rcas2062.rcf.bnl.gov&noUDP&sock=schedd_48563_ad09>
...
001 (2019173.000.000) 2025-02-02 20:59:29 Job executing on host: <130.199.184.211:9618?addrs=130.199.184.211-9618&alias=spool1786.sdcc.bnl.gov&noUDP&sock=startd_77954_8e6f>
...
006 (2019173.000.000) 2025-02-02 20:59:38 Image size of job updated: 250188
	144  -  MemoryUsage of job (MB)
	147152  -  ResidentSetSize of job (KB)
...
006 (2019173.000.000) 2025-02-02 21:01:49 Image size of job updated: 4001096
	144  -  MemoryUsage of job (MB)
	147152  -  ResidentSetSize of job (KB)
...
005 (2019173.000.000) 2025-02-02 21:01:49 Job terminated.
	(1) Normal termination (return value 0)
		Usr 0 00:02:07, Sys 0 00:00:05  -  Run Remote Usage
		Usr 0 00:00:00, Sys 0 00:00:00  -  Run Local Usage
		Usr 0 00:02:07, Sys 0 00:00:05  -  Total Remote Usage
		Usr 0 00:00:00, Sys 0 00:00:00  -  Total Local Usage
	0  -  Run Bytes Sent By Job
	0  -  Run Bytes Received By Job
	0  -  Total Bytes Sent By Job
	0  -  Total Bytes Received By Job
	Partitionable Resources :    Usage  Request Allocated 
	   Cpus                 :     0.98        1         1 
	   Disk (KB)            :     2           2   6681627 
	   Memory (MB)          :   144      128192    128256 
	   xferslots            :                           0 

	Job terminated of its own accord at 2025-02-03T02:01:49Z with exit-code 0.
...
000 (2019557.000.000) 2025-02-02 22:34:31 Job submitted from host: <130.199.48.81:9618?addrs=130.199.48.81-9618&alias=rcas2062.rcf.bnl.gov&noUDP&sock=schedd_48563_ad09>
...
001 (2019557.000.000) 2025-02-02 22:40:58 Job executing on host: <130.199.207.218:9618?addrs=130.199.207.218-9618&alias=spool1505.sdcc.bnl.gov&noUDP&sock=startd_85823_fedc>
...
006 (2019557.000.000) 2025-02-02 22:41:07 Image size of job updated: 64652
	40  -  MemoryUsage of job (MB)
	40540  -  ResidentSetSize of job (KB)
...
006 (2019557.000.000) 2025-02-02 22:44:13 Image size of job updated: 4001080
	40  -  MemoryUsage of job (MB)
	40680  -  ResidentSetSize of job (KB)
...
005 (2019557.000.000) 2025-02-02 22:44:14 Job terminated.
	(1) Normal termination (return value 0)
		Usr 0 00:02:24, Sys 0 00:00:06  -  Run Remote Usage
		Usr 0 00:00:00, Sys 0 00:00:00  -  Run Local Usage
		Usr 0 00:02:24, Sys 0 00:00:06  -  Total Remote Usage
		Usr 0 00:00:00, Sys 0 00:00:00  -  Total Local Usage
	0  -  Run Bytes Sent By Job
	0  -  Run Bytes Received By Job
	0  -  Total Bytes Sent By Job
	0  -  Total Bytes Received By Job
	Partitionable Resources :    Usage  Request Allocated 
	   Cpus                 :     0.10        1         1 
	   Disk (KB)            :     2           2   6681233 
	   Memory (MB)          :    40      128192    128256 
	   xferslots            :                           0 

	Job terminated of its own accord at 2025-02-03T03:44:13Z with exit-code 0.
...
