000 (2016850.000.000) 2025-01-28 23:07:48 Job submitted from host: <130.199.48.81:9618?addrs=130.199.48.81-9618&alias=rcas2062.rcf.bnl.gov&noUDP&sock=schedd_48563_ad09>
...
001 (2016850.000.000) 2025-01-28 23:08:28 Job executing on host: <130.199.151.13:9618?addrs=130.199.151.13-9618&alias=spool1591.sdcc.bnl.gov&noUDP&sock=startd_95714_5f47>
...
006 (2016850.000.000) 2025-01-28 23:08:36 Image size of job updated: 298936
	8  -  MemoryUsage of job (MB)
	7428  -  ResidentSetSize of job (KB)
...
006 (2016850.000.000) 2025-01-28 23:13:36 Image size of job updated: 5504060
	1683  -  MemoryUsage of job (MB)
	1723036  -  ResidentSetSize of job (KB)
...
006 (2016850.000.000) 2025-01-28 23:18:37 Image size of job updated: 7191444
	3055  -  MemoryUsage of job (MB)
	3127860  -  ResidentSetSize of job (KB)
...
006 (2016850.000.000) 2025-01-28 23:23:37 Image size of job updated: 9053572
	5066  -  MemoryUsage of job (MB)
	5186860  -  ResidentSetSize of job (KB)
...
006 (2016850.000.000) 2025-01-28 23:28:37 Image size of job updated: 10426128
	6544  -  MemoryUsage of job (MB)
	6700892  -  ResidentSetSize of job (KB)
...
006 (2016850.000.000) 2025-01-28 23:33:38 Image size of job updated: 11362336
	7451  -  MemoryUsage of job (MB)
	7629480  -  ResidentSetSize of job (KB)
...
006 (2016850.000.000) 2025-01-28 23:38:38 Image size of job updated: 12489096
	8582  -  MemoryUsage of job (MB)
	8787348  -  ResidentSetSize of job (KB)
...
006 (2016850.000.000) 2025-01-28 23:43:38 Image size of job updated: 13575084
	9667  -  MemoryUsage of job (MB)
	9898492  -  ResidentSetSize of job (KB)
...
006 (2016850.000.000) 2025-01-28 23:48:39 Image size of job updated: 15098376
	10802  -  MemoryUsage of job (MB)
	11060616  -  ResidentSetSize of job (KB)
...
006 (2016850.000.000) 2025-01-28 23:53:40 Image size of job updated: 15519032
	11788  -  MemoryUsage of job (MB)
	12070852  -  ResidentSetSize of job (KB)
...
006 (2016850.000.000) 2025-01-28 23:58:40 Image size of job updated: 16848172
	12858  -  MemoryUsage of job (MB)
	13165604  -  ResidentSetSize of job (KB)
...
006 (2016850.000.000) 2025-01-29 00:03:41 Image size of job updated: 18125928
	13926  -  MemoryUsage of job (MB)
	14259636  -  ResidentSetSize of job (KB)
...
006 (2016850.000.000) 2025-01-29 00:08:42 Image size of job updated: 19085116
	14906  -  MemoryUsage of job (MB)
	15263408  -  ResidentSetSize of job (KB)
...
006 (2016850.000.000) 2025-01-29 00:13:42 Image size of job updated: 19968480
	15757  -  MemoryUsage of job (MB)
	16134440  -  ResidentSetSize of job (KB)
...
006 (2016850.000.000) 2025-01-29 00:18:42 Image size of job updated: 21306764
	16931  -  MemoryUsage of job (MB)
	17336964  -  ResidentSetSize of job (KB)
...
006 (2016850.000.000) 2025-01-29 00:23:43 Image size of job updated: 21944284
	18019  -  MemoryUsage of job (MB)
	18450700  -  ResidentSetSize of job (KB)
...
006 (2016850.000.000) 2025-01-29 00:28:43 Image size of job updated: 23047024
	19168  -  MemoryUsage of job (MB)
	19627764  -  ResidentSetSize of job (KB)
...
006 (2016850.000.000) 2025-01-29 00:33:43 Image size of job updated: 24466316
	20196  -  MemoryUsage of job (MB)
	20679768  -  ResidentSetSize of job (KB)
...
006 (2016850.000.000) 2025-01-29 00:38:44 Image size of job updated: 25669236
	21226  -  MemoryUsage of job (MB)
	21735080  -  ResidentSetSize of job (KB)
...
006 (2016850.000.000) 2025-01-29 00:43:45 Image size of job updated: 26547724
	22506  -  MemoryUsage of job (MB)
	23046044  -  ResidentSetSize of job (KB)
...
006 (2016850.000.000) 2025-01-29 00:48:45 Image size of job updated: 27982752
	23641  -  MemoryUsage of job (MB)
	24208136  -  ResidentSetSize of job (KB)
...
006 (2016850.000.000) 2025-01-29 00:53:46 Image size of job updated: 29388608
	25115  -  MemoryUsage of job (MB)
	25717036  -  ResidentSetSize of job (KB)
...
006 (2016850.000.000) 2025-01-29 00:58:46 Image size of job updated: 30561592
	26325  -  MemoryUsage of job (MB)
	26956772  -  ResidentSetSize of job (KB)
...
006 (2016850.000.000) 2025-01-29 01:03:46 Image size of job updated: 31817560
	27369  -  MemoryUsage of job (MB)
	28024984  -  ResidentSetSize of job (KB)
...
006 (2016850.000.000) 2025-01-29 01:08:47 Image size of job updated: 33002828
	28580  -  MemoryUsage of job (MB)
	29265248  -  ResidentSetSize of job (KB)
...
006 (2016850.000.000) 2025-01-29 01:13:48 Image size of job updated: 34510568
	29780  -  MemoryUsage of job (MB)
	30494692  -  ResidentSetSize of job (KB)
...
006 (2016850.000.000) 2025-01-29 01:18:48 Image size of job updated: 35014000
	30788  -  MemoryUsage of job (MB)
	31526684  -  ResidentSetSize of job (KB)
...
006 (2016850.000.000) 2025-01-29 01:23:49 Image size of job updated: 36211396
	31693  -  MemoryUsage of job (MB)
	32452908  -  ResidentSetSize of job (KB)
...
006 (2016850.000.000) 2025-01-29 01:28:50 Image size of job updated: 37009008
	32389  -  MemoryUsage of job (MB)
	33165696  -  ResidentSetSize of job (KB)
...
006 (2016850.000.000) 2025-01-29 01:33:50 Image size of job updated: 38221944
	33397  -  MemoryUsage of job (MB)
	34198508  -  ResidentSetSize of job (KB)
...
006 (2016850.000.000) 2025-01-29 01:38:51 Image size of job updated: 38831632
	34473  -  MemoryUsage of job (MB)
	35300288  -  ResidentSetSize of job (KB)
...
006 (2016850.000.000) 2025-01-29 01:43:52 Image size of job updated: 40004116
	35483  -  MemoryUsage of job (MB)
	36334084  -  ResidentSetSize of job (KB)
...
006 (2016850.000.000) 2025-01-29 01:48:52 Image size of job updated: 40701248
	36379  -  MemoryUsage of job (MB)
	37251744  -  ResidentSetSize of job (KB)
...
006 (2016850.000.000) 2025-01-29 01:53:52 Image size of job updated: 42036120
	37327  -  MemoryUsage of job (MB)
	38222084  -  ResidentSetSize of job (KB)
...
006 (2016850.000.000) 2025-01-29 01:58:12 Image size of job updated: 42476712
	37327  -  MemoryUsage of job (MB)
	38222084  -  ResidentSetSize of job (KB)
...
005 (2016850.000.000) 2025-01-29 01:58:12 Job terminated.
	(1) Normal termination (return value 0)
		Usr 0 01:42:14, Sys 0 00:17:02  -  Run Remote Usage
		Usr 0 00:00:00, Sys 0 00:00:00  -  Run Local Usage
		Usr 0 01:42:14, Sys 0 00:17:02  -  Total Remote Usage
		Usr 0 00:00:00, Sys 0 00:00:00  -  Total Local Usage
	0  -  Run Bytes Sent By Job
	0  -  Run Bytes Received By Job
	0  -  Total Bytes Sent By Job
	0  -  Total Bytes Received By Job
	Partitionable Resources :    Usage  Request Allocated 
	   Cpus                 :     0.51        1         1 
	   Disk (KB)            :     2           2   6681238 
	   Memory (MB)          : 37327      128192    128256 
	   xferslots            :                           0 

	Job terminated of its own accord at 2025-01-29T06:58:12Z with exit-code 0.
...
000 (2017234.000.000) 2025-01-30 00:27:55 Job submitted from host: <130.199.48.81:9618?addrs=130.199.48.81-9618&alias=rcas2062.rcf.bnl.gov&noUDP&sock=schedd_48563_ad09>
...
001 (2017234.000.000) 2025-01-30 00:28:57 Job executing on host: <130.199.184.212:9618?addrs=130.199.184.212-9618&alias=spool1787.sdcc.bnl.gov&noUDP&sock=startd_74904_4517>
...
006 (2017234.000.000) 2025-01-30 00:29:06 Image size of job updated: 154636
	87  -  MemoryUsage of job (MB)
	88132  -  ResidentSetSize of job (KB)
...
006 (2017234.000.000) 2025-01-30 00:34:07 Image size of job updated: 5768196
	1900  -  MemoryUsage of job (MB)
	1945304  -  ResidentSetSize of job (KB)
...
006 (2017234.000.000) 2025-01-30 00:39:07 Image size of job updated: 8743744
	4980  -  MemoryUsage of job (MB)
	5098796  -  ResidentSetSize of job (KB)
...
006 (2017234.000.000) 2025-01-30 00:44:07 Image size of job updated: 11274224
	7689  -  MemoryUsage of job (MB)
	7872668  -  ResidentSetSize of job (KB)
...
006 (2017234.000.000) 2025-01-30 00:49:08 Image size of job updated: 13925640
	10185  -  MemoryUsage of job (MB)
	10428584  -  ResidentSetSize of job (KB)
...
006 (2017234.000.000) 2025-01-30 00:54:09 Image size of job updated: 16313168
	12340  -  MemoryUsage of job (MB)
	12635796  -  ResidentSetSize of job (KB)
...
006 (2017234.000.000) 2025-01-30 00:59:09 Image size of job updated: 18770860
	15000  -  MemoryUsage of job (MB)
	15359396  -  ResidentSetSize of job (KB)
...
006 (2017234.000.000) 2025-01-30 01:04:10 Image size of job updated: 21235252
	17410  -  MemoryUsage of job (MB)
	17827788  -  ResidentSetSize of job (KB)
...
006 (2017234.000.000) 2025-01-30 01:09:11 Image size of job updated: 24141340
	19963  -  MemoryUsage of job (MB)
	20441260  -  ResidentSetSize of job (KB)
...
006 (2017234.000.000) 2025-01-30 01:14:11 Image size of job updated: 26381560
	22170  -  MemoryUsage of job (MB)
	22701576  -  ResidentSetSize of job (KB)
...
006 (2017234.000.000) 2025-01-30 01:19:12 Image size of job updated: 28584332
	24594  -  MemoryUsage of job (MB)
	25183284  -  ResidentSetSize of job (KB)
...
006 (2017234.000.000) 2025-01-30 01:24:13 Image size of job updated: 30984368
	26425  -  MemoryUsage of job (MB)
	27058664  -  ResidentSetSize of job (KB)
...
006 (2017234.000.000) 2025-01-30 01:29:13 Image size of job updated: 32822880
	28593  -  MemoryUsage of job (MB)
	29278356  -  ResidentSetSize of job (KB)
...
006 (2017234.000.000) 2025-01-30 01:34:13 Image size of job updated: 34908736
	30825  -  MemoryUsage of job (MB)
	31564064  -  ResidentSetSize of job (KB)
...
006 (2017234.000.000) 2025-01-30 01:39:14 Image size of job updated: 36486304
	32345  -  MemoryUsage of job (MB)
	33120972  -  ResidentSetSize of job (KB)
...
006 (2017234.000.000) 2025-01-30 01:44:14 Image size of job updated: 38608568
	34390  -  MemoryUsage of job (MB)
	35215112  -  ResidentSetSize of job (KB)
...
006 (2017234.000.000) 2025-01-30 01:49:14 Image size of job updated: 40825104
	36164  -  MemoryUsage of job (MB)
	37031600  -  ResidentSetSize of job (KB)
...
006 (2017234.000.000) 2025-01-30 01:54:15 Image size of job updated: 42431120
	38130  -  MemoryUsage of job (MB)
	39044548  -  ResidentSetSize of job (KB)
...
006 (2017234.000.000) 2025-01-30 01:59:16 Image size of job updated: 44135144
	39874  -  MemoryUsage of job (MB)
	40830336  -  ResidentSetSize of job (KB)
...
006 (2017234.000.000) 2025-01-30 02:04:16 Image size of job updated: 46342696
	41933  -  MemoryUsage of job (MB)
	42938816  -  ResidentSetSize of job (KB)
...
006 (2017234.000.000) 2025-01-30 02:09:17 Image size of job updated: 48560424
	43732  -  MemoryUsage of job (MB)
	44780744  -  ResidentSetSize of job (KB)
...
006 (2017234.000.000) 2025-01-30 02:14:18 Image size of job updated: 50090128
	45584  -  MemoryUsage of job (MB)
	46677776  -  ResidentSetSize of job (KB)
...
006 (2017234.000.000) 2025-01-30 02:19:18 Image size of job updated: 52057328
	47494  -  MemoryUsage of job (MB)
	48633080  -  ResidentSetSize of job (KB)
...
006 (2017234.000.000) 2025-01-30 02:24:18 Image size of job updated: 54015524
	48989  -  MemoryUsage of job (MB)
	50164668  -  ResidentSetSize of job (KB)
...
006 (2017234.000.000) 2025-01-30 02:29:19 Image size of job updated: 55139400
	50503  -  MemoryUsage of job (MB)
	51714264  -  ResidentSetSize of job (KB)
...
006 (2017234.000.000) 2025-01-30 02:34:19 Image size of job updated: 57103424
	52344  -  MemoryUsage of job (MB)
	53599432  -  ResidentSetSize of job (KB)
...
006 (2017234.000.000) 2025-01-30 02:39:20 Image size of job updated: 58862384
	54143  -  MemoryUsage of job (MB)
	55442324  -  ResidentSetSize of job (KB)
...
006 (2017234.000.000) 2025-01-30 02:44:21 Image size of job updated: 60748272
	55984  -  MemoryUsage of job (MB)
	57327252  -  ResidentSetSize of job (KB)
...
006 (2017234.000.000) 2025-01-30 02:49:21 Image size of job updated: 62967048
	58007  -  MemoryUsage of job (MB)
	59398988  -  ResidentSetSize of job (KB)
...
006 (2017234.000.000) 2025-01-30 02:54:21 Image size of job updated: 64695376
	59579  -  MemoryUsage of job (MB)
	61008588  -  ResidentSetSize of job (KB)
...
006 (2017234.000.000) 2025-01-30 02:59:22 Image size of job updated: 66450880
	61337  -  MemoryUsage of job (MB)
	62808940  -  ResidentSetSize of job (KB)
...
006 (2017234.000.000) 2025-01-30 03:04:22 Image size of job updated: 68107956
	63175  -  MemoryUsage of job (MB)
	64690760  -  ResidentSetSize of job (KB)
...
006 (2017234.000.000) 2025-01-30 03:09:22 Image size of job updated: 69637864
	64774  -  MemoryUsage of job (MB)
	66328188  -  ResidentSetSize of job (KB)
...
006 (2017234.000.000) 2025-01-30 03:14:23 Image size of job updated: 71531584
	66538  -  MemoryUsage of job (MB)
	68133944  -  ResidentSetSize of job (KB)
...
006 (2017234.000.000) 2025-01-30 03:19:24 Image size of job updated: 72954016
	67945  -  MemoryUsage of job (MB)
	69575360  -  ResidentSetSize of job (KB)
...
006 (2017234.000.000) 2025-01-30 03:24:24 Image size of job updated: 74722968
	69304  -  MemoryUsage of job (MB)
	70966328  -  ResidentSetSize of job (KB)
...
006 (2017234.000.000) 2025-01-30 03:29:25 Image size of job updated: 75738664
	70493  -  MemoryUsage of job (MB)
	72184372  -  ResidentSetSize of job (KB)
...
005 (2017234.000.000) 2025-01-30 03:29:51 Job terminated.
	(1) Normal termination (return value 0)
		Usr 0 02:42:18, Sys 0 00:23:10  -  Run Remote Usage
		Usr 0 00:00:00, Sys 0 00:00:00  -  Run Local Usage
		Usr 0 02:42:18, Sys 0 00:23:10  -  Total Remote Usage
		Usr 0 00:00:00, Sys 0 00:00:00  -  Total Local Usage
	0  -  Run Bytes Sent By Job
	0  -  Run Bytes Received By Job
	0  -  Total Bytes Sent By Job
	0  -  Total Bytes Received By Job
	Partitionable Resources :    Usage  Request Allocated 
	   Cpus                 :     0.69        1         1 
	   Disk (KB)            :     2           2   6681620 
	   Memory (MB)          : 70493      128192    128256 
	   xferslots            :                           0 

	Job terminated of its own accord at 2025-01-30T08:29:51Z with exit-code 0.
...
000 (2018680.000.000) 2025-02-02 20:32:08 Job submitted from host: <130.199.48.81:9618?addrs=130.199.48.81-9618&alias=rcas2062.rcf.bnl.gov&noUDP&sock=schedd_48563_ad09>
...
001 (2018680.000.000) 2025-02-02 20:32:54 Job executing on host: <130.199.186.83:9618?addrs=130.199.186.83-9618&alias=spool1846.sdcc.bnl.gov&noUDP&sock=startd_39059_c7a7>
...
006 (2018680.000.000) 2025-02-02 20:33:03 Image size of job updated: 297684
	62  -  MemoryUsage of job (MB)
	62940  -  ResidentSetSize of job (KB)
...
006 (2018680.000.000) 2025-02-02 20:35:28 Image size of job updated: 4001012
	62  -  MemoryUsage of job (MB)
	62940  -  ResidentSetSize of job (KB)
...
005 (2018680.000.000) 2025-02-02 20:35:28 Job terminated.
	(1) Normal termination (return value 0)
		Usr 0 00:02:06, Sys 0 00:00:05  -  Run Remote Usage
		Usr 0 00:00:00, Sys 0 00:00:00  -  Run Local Usage
		Usr 0 00:02:06, Sys 0 00:00:05  -  Total Remote Usage
		Usr 0 00:00:00, Sys 0 00:00:00  -  Total Local Usage
	0  -  Run Bytes Sent By Job
	0  -  Run Bytes Received By Job
	0  -  Total Bytes Sent By Job
	0  -  Total Bytes Received By Job
	Partitionable Resources :    Usage  Request Allocated 
	   Cpus                 :     0.95        1         1 
	   Disk (KB)            :     2           2   6681625 
	   Memory (MB)          :    62      128192    128256 
	   xferslots            :                           0 

	Job terminated of its own accord at 2025-02-03T01:35:28Z with exit-code 0.
...
000 (2019064.000.000) 2025-02-02 20:56:40 Job submitted from host: <130.199.48.81:9618?addrs=130.199.48.81-9618&alias=rcas2062.rcf.bnl.gov&noUDP&sock=schedd_48563_ad09>
...
001 (2019064.000.000) 2025-02-02 20:57:01 Job executing on host: <130.199.151.33:9618?addrs=130.199.151.33-9618&alias=spool1611.sdcc.bnl.gov&noUDP&sock=startd_368_911c>
...
006 (2019064.000.000) 2025-02-02 20:57:10 Image size of job updated: 333328
	95  -  MemoryUsage of job (MB)
	96680  -  ResidentSetSize of job (KB)
...
006 (2019064.000.000) 2025-02-02 20:59:33 Image size of job updated: 4001012
	95  -  MemoryUsage of job (MB)
	96680  -  ResidentSetSize of job (KB)
...
005 (2019064.000.000) 2025-02-02 20:59:33 Job terminated.
	(1) Normal termination (return value 0)
		Usr 0 00:02:13, Sys 0 00:00:06  -  Run Remote Usage
		Usr 0 00:00:00, Sys 0 00:00:00  -  Run Local Usage
		Usr 0 00:02:13, Sys 0 00:00:06  -  Total Remote Usage
		Usr 0 00:00:00, Sys 0 00:00:00  -  Total Local Usage
	0  -  Run Bytes Sent By Job
	0  -  Run Bytes Received By Job
	0  -  Total Bytes Sent By Job
	0  -  Total Bytes Received By Job
	Partitionable Resources :    Usage  Request Allocated 
	   Cpus                 :                 1         1 
	   Disk (KB)            :        2        2   6681232 
	   Memory (MB)          :       95   128192    128256 
	   xferslots            :                           0 

	Job terminated of its own accord at 2025-02-03T01:59:33Z with exit-code 0.
...
000 (2019448.000.000) 2025-02-02 22:34:22 Job submitted from host: <130.199.48.81:9618?addrs=130.199.48.81-9618&alias=rcas2062.rcf.bnl.gov&noUDP&sock=schedd_48563_ad09>
...
001 (2019448.000.000) 2025-02-02 22:35:32 Job executing on host: <130.199.207.220:9618?addrs=130.199.207.220-9618&alias=spool1507.sdcc.bnl.gov&noUDP&sock=startd_19017_bd6b>
...
006 (2019448.000.000) 2025-02-02 22:35:41 Image size of job updated: 147568
	73  -  MemoryUsage of job (MB)
	74744  -  ResidentSetSize of job (KB)
...
006 (2019448.000.000) 2025-02-02 22:38:14 Image size of job updated: 4001024
	74  -  MemoryUsage of job (MB)
	74768  -  ResidentSetSize of job (KB)
...
005 (2019448.000.000) 2025-02-02 22:38:15 Job terminated.
	(1) Normal termination (return value 0)
		Usr 0 00:02:14, Sys 0 00:00:04  -  Run Remote Usage
		Usr 0 00:00:00, Sys 0 00:00:00  -  Run Local Usage
		Usr 0 00:02:14, Sys 0 00:00:04  -  Total Remote Usage
		Usr 0 00:00:00, Sys 0 00:00:00  -  Total Local Usage
	0  -  Run Bytes Sent By Job
	0  -  Run Bytes Received By Job
	0  -  Total Bytes Sent By Job
	0  -  Total Bytes Received By Job
	Partitionable Resources :    Usage  Request Allocated 
	   Cpus                 :     0.95        1         1 
	   Disk (KB)            :     2           2   6681174 
	   Memory (MB)          :    74      128192    128256 
	   xferslots            :                           0 

	Job terminated of its own accord at 2025-02-03T03:38:14Z with exit-code 0.
...
