000 (2016840.000.000) 2025-01-28 23:07:47 Job submitted from host: <130.199.48.81:9618?addrs=130.199.48.81-9618&alias=rcas2062.rcf.bnl.gov&noUDP&sock=schedd_48563_ad09>
...
001 (2016840.000.000) 2025-01-28 23:08:26 Job executing on host: <130.199.186.71:9618?addrs=130.199.186.71-9618&alias=spool1834.sdcc.bnl.gov&noUDP&sock=startd_78963_e463>
...
006 (2016840.000.000) 2025-01-28 23:08:35 Image size of job updated: 298548
	36  -  MemoryUsage of job (MB)
	36324  -  ResidentSetSize of job (KB)
...
006 (2016840.000.000) 2025-01-28 23:13:36 Image size of job updated: 5086616
	1419  -  MemoryUsage of job (MB)
	1452796  -  ResidentSetSize of job (KB)
...
006 (2016840.000.000) 2025-01-28 23:18:37 Image size of job updated: 6516808
	2582  -  MemoryUsage of job (MB)
	2643516  -  ResidentSetSize of job (KB)
...
006 (2016840.000.000) 2025-01-28 23:23:37 Image size of job updated: 7673832
	3690  -  MemoryUsage of job (MB)
	3777900  -  ResidentSetSize of job (KB)
...
006 (2016840.000.000) 2025-01-28 23:28:39 Image size of job updated: 8697216
	5180  -  MemoryUsage of job (MB)
	5303500  -  ResidentSetSize of job (KB)
...
006 (2016840.000.000) 2025-01-28 23:33:39 Image size of job updated: 10255736
	6181  -  MemoryUsage of job (MB)
	6328960  -  ResidentSetSize of job (KB)
...
006 (2016840.000.000) 2025-01-28 23:38:39 Image size of job updated: 10969148
	7187  -  MemoryUsage of job (MB)
	7359324  -  ResidentSetSize of job (KB)
...
006 (2016840.000.000) 2025-01-28 23:43:40 Image size of job updated: 12512676
	8334  -  MemoryUsage of job (MB)
	8533144  -  ResidentSetSize of job (KB)
...
006 (2016840.000.000) 2025-01-28 23:48:41 Image size of job updated: 13896584
	9713  -  MemoryUsage of job (MB)
	9945828  -  ResidentSetSize of job (KB)
...
006 (2016840.000.000) 2025-01-28 23:53:41 Image size of job updated: 14467720
	10617  -  MemoryUsage of job (MB)
	10871132  -  ResidentSetSize of job (KB)
...
006 (2016840.000.000) 2025-01-28 23:58:42 Image size of job updated: 15715560
	11732  -  MemoryUsage of job (MB)
	12012856  -  ResidentSetSize of job (KB)
...
006 (2016840.000.000) 2025-01-29 00:03:43 Image size of job updated: 16891896
	13151  -  MemoryUsage of job (MB)
	13466156  -  ResidentSetSize of job (KB)
...
006 (2016840.000.000) 2025-01-29 00:08:43 Image size of job updated: 18597768
	14488  -  MemoryUsage of job (MB)
	14835140  -  ResidentSetSize of job (KB)
...
006 (2016840.000.000) 2025-01-29 00:13:44 Image size of job updated: 19930348
	15722  -  MemoryUsage of job (MB)
	16098480  -  ResidentSetSize of job (KB)
...
006 (2016840.000.000) 2025-01-29 00:18:45 Image size of job updated: 21201864
	17365  -  MemoryUsage of job (MB)
	17781312  -  ResidentSetSize of job (KB)
...
006 (2016840.000.000) 2025-01-29 00:23:45 Image size of job updated: 22547092
	18500  -  MemoryUsage of job (MB)
	18943288  -  ResidentSetSize of job (KB)
...
006 (2016840.000.000) 2025-01-29 00:28:45 Image size of job updated: 24108564
	19788  -  MemoryUsage of job (MB)
	20262700  -  ResidentSetSize of job (KB)
...
006 (2016840.000.000) 2025-01-29 00:33:46 Image size of job updated: 25272540
	21096  -  MemoryUsage of job (MB)
	21601528  -  ResidentSetSize of job (KB)
...
006 (2016840.000.000) 2025-01-29 00:38:46 Image size of job updated: 26414684
	22068  -  MemoryUsage of job (MB)
	22597612  -  ResidentSetSize of job (KB)
...
006 (2016840.000.000) 2025-01-29 00:43:46 Image size of job updated: 27521896
	23271  -  MemoryUsage of job (MB)
	23829120  -  ResidentSetSize of job (KB)
...
006 (2016840.000.000) 2025-01-29 00:48:47 Image size of job updated: 28535596
	24545  -  MemoryUsage of job (MB)
	25133256  -  ResidentSetSize of job (KB)
...
006 (2016840.000.000) 2025-01-29 00:53:47 Image size of job updated: 29828364
	25798  -  MemoryUsage of job (MB)
	26416816  -  ResidentSetSize of job (KB)
...
006 (2016840.000.000) 2025-01-29 00:58:47 Image size of job updated: 31305324
	26902  -  MemoryUsage of job (MB)
	27546696  -  ResidentSetSize of job (KB)
...
006 (2016840.000.000) 2025-01-29 01:03:48 Image size of job updated: 32547420
	28045  -  MemoryUsage of job (MB)
	28717112  -  ResidentSetSize of job (KB)
...
006 (2016840.000.000) 2025-01-29 01:08:49 Image size of job updated: 33613124
	29336  -  MemoryUsage of job (MB)
	30039848  -  ResidentSetSize of job (KB)
...
006 (2016840.000.000) 2025-01-29 01:13:49 Image size of job updated: 34731936
	30409  -  MemoryUsage of job (MB)
	31138100  -  ResidentSetSize of job (KB)
...
006 (2016840.000.000) 2025-01-29 01:18:50 Image size of job updated: 36116792
	31900  -  MemoryUsage of job (MB)
	32664952  -  ResidentSetSize of job (KB)
...
006 (2016840.000.000) 2025-01-29 01:23:51 Image size of job updated: 37216696
	32959  -  MemoryUsage of job (MB)
	33749752  -  ResidentSetSize of job (KB)
...
006 (2016840.000.000) 2025-01-29 01:28:51 Image size of job updated: 38404420
	34158  -  MemoryUsage of job (MB)
	34977348  -  ResidentSetSize of job (KB)
...
006 (2016840.000.000) 2025-01-29 01:33:51 Image size of job updated: 40018016
	35232  -  MemoryUsage of job (MB)
	36076804  -  ResidentSetSize of job (KB)
...
006 (2016840.000.000) 2025-01-29 01:38:52 Image size of job updated: 41463480
	36617  -  MemoryUsage of job (MB)
	37495624  -  ResidentSetSize of job (KB)
...
006 (2016840.000.000) 2025-01-29 01:43:52 Image size of job updated: 42321376
	37965  -  MemoryUsage of job (MB)
	38875872  -  ResidentSetSize of job (KB)
...
006 (2016840.000.000) 2025-01-29 01:48:52 Image size of job updated: 44206568
	39330  -  MemoryUsage of job (MB)
	40272904  -  ResidentSetSize of job (KB)
...
006 (2016840.000.000) 2025-01-29 01:50:51 Image size of job updated: 44582036
	39331  -  MemoryUsage of job (MB)
	40274000  -  ResidentSetSize of job (KB)
...
005 (2016840.000.000) 2025-01-29 01:50:52 Job terminated.
	(1) Normal termination (return value 0)
		Usr 0 01:44:56, Sys 0 00:18:06  -  Run Remote Usage
		Usr 0 00:00:00, Sys 0 00:00:00  -  Run Local Usage
		Usr 0 01:44:56, Sys 0 00:18:06  -  Total Remote Usage
		Usr 0 00:00:00, Sys 0 00:00:00  -  Total Local Usage
	0  -  Run Bytes Sent By Job
	0  -  Run Bytes Received By Job
	0  -  Total Bytes Sent By Job
	0  -  Total Bytes Received By Job
	Partitionable Resources :    Usage  Request Allocated 
	   Cpus                 :     0.94        1         1 
	   Disk (KB)            :     2           2   6681620 
	   Memory (MB)          : 39331      128192    128256 
	   xferslots            :                           0 

	Job terminated of its own accord at 2025-01-29T06:50:51Z with exit-code 0.
...
000 (2017224.000.000) 2025-01-30 00:27:54 Job submitted from host: <130.199.48.81:9618?addrs=130.199.48.81-9618&alias=rcas2062.rcf.bnl.gov&noUDP&sock=schedd_48563_ad09>
...
001 (2017224.000.000) 2025-01-30 00:28:06 Job executing on host: <130.199.186.10:9618?addrs=130.199.186.10-9618&alias=spool1807.sdcc.bnl.gov&noUDP&sock=startd_68265_1c36>
...
006 (2017224.000.000) 2025-01-30 00:28:15 Image size of job updated: 152776
	84  -  MemoryUsage of job (MB)
	85356  -  ResidentSetSize of job (KB)
...
006 (2017224.000.000) 2025-01-30 00:33:16 Image size of job updated: 4957860
	1432  -  MemoryUsage of job (MB)
	1465712  -  ResidentSetSize of job (KB)
...
006 (2017224.000.000) 2025-01-30 00:38:17 Image size of job updated: 8284908
	4559  -  MemoryUsage of job (MB)
	4668344  -  ResidentSetSize of job (KB)
...
006 (2017224.000.000) 2025-01-30 00:43:17 Image size of job updated: 10812456
	7090  -  MemoryUsage of job (MB)
	7259956  -  ResidentSetSize of job (KB)
...
006 (2017224.000.000) 2025-01-30 00:48:18 Image size of job updated: 13858984
	10206  -  MemoryUsage of job (MB)
	10450744  -  ResidentSetSize of job (KB)
...
006 (2017224.000.000) 2025-01-30 00:53:19 Image size of job updated: 16275872
	12712  -  MemoryUsage of job (MB)
	13017032  -  ResidentSetSize of job (KB)
...
006 (2017224.000.000) 2025-01-30 00:58:19 Image size of job updated: 19202824
	15117  -  MemoryUsage of job (MB)
	15478824  -  ResidentSetSize of job (KB)
...
006 (2017224.000.000) 2025-01-30 01:03:19 Image size of job updated: 21388436
	17540  -  MemoryUsage of job (MB)
	17960668  -  ResidentSetSize of job (KB)
...
006 (2017224.000.000) 2025-01-30 01:08:20 Image size of job updated: 24323684
	20385  -  MemoryUsage of job (MB)
	20873540  -  ResidentSetSize of job (KB)
...
006 (2017224.000.000) 2025-01-30 01:13:20 Image size of job updated: 26589476
	22649  -  MemoryUsage of job (MB)
	23191804  -  ResidentSetSize of job (KB)
...
006 (2017224.000.000) 2025-01-30 01:18:20 Image size of job updated: 29136900
	25094  -  MemoryUsage of job (MB)
	25695736  -  ResidentSetSize of job (KB)
...
006 (2017224.000.000) 2025-01-30 01:23:22 Image size of job updated: 31411536
	27323  -  MemoryUsage of job (MB)
	27978352  -  ResidentSetSize of job (KB)
...
006 (2017224.000.000) 2025-01-30 01:28:22 Image size of job updated: 33588800
	29474  -  MemoryUsage of job (MB)
	30180660  -  ResidentSetSize of job (KB)
...
006 (2017224.000.000) 2025-01-30 01:33:22 Image size of job updated: 35342784
	30942  -  MemoryUsage of job (MB)
	31683616  -  ResidentSetSize of job (KB)
...
006 (2017224.000.000) 2025-01-30 01:38:24 Image size of job updated: 36637232
	32321  -  MemoryUsage of job (MB)
	33096028  -  ResidentSetSize of job (KB)
...
006 (2017224.000.000) 2025-01-30 01:43:24 Image size of job updated: 38252524
	33663  -  MemoryUsage of job (MB)
	34470420  -  ResidentSetSize of job (KB)
...
006 (2017224.000.000) 2025-01-30 01:48:24 Image size of job updated: 39452664
	35201  -  MemoryUsage of job (MB)
	36045328  -  ResidentSetSize of job (KB)
...
006 (2017224.000.000) 2025-01-30 01:53:25 Image size of job updated: 41002316
	36462  -  MemoryUsage of job (MB)
	37336712  -  ResidentSetSize of job (KB)
...
006 (2017224.000.000) 2025-01-30 01:58:26 Image size of job updated: 42581492
	37753  -  MemoryUsage of job (MB)
	38658768  -  ResidentSetSize of job (KB)
...
006 (2017224.000.000) 2025-01-30 02:03:26 Image size of job updated: 43488496
	39183  -  MemoryUsage of job (MB)
	40122832  -  ResidentSetSize of job (KB)
...
006 (2017224.000.000) 2025-01-30 02:08:27 Image size of job updated: 45131632
	40318  -  MemoryUsage of job (MB)
	41285268  -  ResidentSetSize of job (KB)
...
006 (2017224.000.000) 2025-01-30 02:13:28 Image size of job updated: 46211724
	41545  -  MemoryUsage of job (MB)
	42541612  -  ResidentSetSize of job (KB)
...
006 (2017224.000.000) 2025-01-30 02:18:28 Image size of job updated: 47697624
	42670  -  MemoryUsage of job (MB)
	43693072  -  ResidentSetSize of job (KB)
...
006 (2017224.000.000) 2025-01-30 02:23:29 Image size of job updated: 48679828
	43676  -  MemoryUsage of job (MB)
	44723936  -  ResidentSetSize of job (KB)
...
006 (2017224.000.000) 2025-01-30 02:28:30 Image size of job updated: 49643580
	44846  -  MemoryUsage of job (MB)
	45921648  -  ResidentSetSize of job (KB)
...
006 (2017224.000.000) 2025-01-30 02:33:30 Image size of job updated: 51103044
	46216  -  MemoryUsage of job (MB)
	47324880  -  ResidentSetSize of job (KB)
...
006 (2017224.000.000) 2025-01-30 02:38:31 Image size of job updated: 52080412
	47556  -  MemoryUsage of job (MB)
	48696632  -  ResidentSetSize of job (KB)
...
006 (2017224.000.000) 2025-01-30 02:43:32 Image size of job updated: 53296608
	48639  -  MemoryUsage of job (MB)
	49806252  -  ResidentSetSize of job (KB)
...
006 (2017224.000.000) 2025-01-30 02:48:32 Image size of job updated: 54888240
	49854  -  MemoryUsage of job (MB)
	51050236  -  ResidentSetSize of job (KB)
...
006 (2017224.000.000) 2025-01-30 02:53:32 Image size of job updated: 55847140
	51108  -  MemoryUsage of job (MB)
	52333692  -  ResidentSetSize of job (KB)
...
006 (2017224.000.000) 2025-01-30 02:58:33 Image size of job updated: 57548048
	52499  -  MemoryUsage of job (MB)
	53758516  -  ResidentSetSize of job (KB)
...
006 (2017224.000.000) 2025-01-30 03:03:33 Image size of job updated: 58756288
	53504  -  MemoryUsage of job (MB)
	54788096  -  ResidentSetSize of job (KB)
...
006 (2017224.000.000) 2025-01-30 03:08:34 Image size of job updated: 59747064
	54528  -  MemoryUsage of job (MB)
	55835760  -  ResidentSetSize of job (KB)
...
006 (2017224.000.000) 2025-01-30 03:13:35 Image size of job updated: 60730616
	56037  -  MemoryUsage of job (MB)
	57381492  -  ResidentSetSize of job (KB)
...
006 (2017224.000.000) 2025-01-30 03:18:35 Image size of job updated: 61923864
	57048  -  MemoryUsage of job (MB)
	58416356  -  ResidentSetSize of job (KB)
...
006 (2017224.000.000) 2025-01-30 03:23:35 Image size of job updated: 63034220
	58125  -  MemoryUsage of job (MB)
	59519460  -  ResidentSetSize of job (KB)
...
006 (2017224.000.000) 2025-01-30 03:28:36 Image size of job updated: 64298852
	59183  -  MemoryUsage of job (MB)
	60603272  -  ResidentSetSize of job (KB)
...
006 (2017224.000.000) 2025-01-30 03:33:36 Image size of job updated: 65271880
	60205  -  MemoryUsage of job (MB)
	61649332  -  ResidentSetSize of job (KB)
...
006 (2017224.000.000) 2025-01-30 03:38:36 Image size of job updated: 66631020
	61227  -  MemoryUsage of job (MB)
	62695824  -  ResidentSetSize of job (KB)
...
006 (2017224.000.000) 2025-01-30 03:43:37 Image size of job updated: 67853364
	62350  -  MemoryUsage of job (MB)
	63846000  -  ResidentSetSize of job (KB)
...
006 (2017224.000.000) 2025-01-30 03:48:38 Image size of job updated: 68524008
	63343  -  MemoryUsage of job (MB)
	64862324  -  ResidentSetSize of job (KB)
...
006 (2017224.000.000) 2025-01-30 03:53:38 Image size of job updated: 69901612
	64477  -  MemoryUsage of job (MB)
	66023988  -  ResidentSetSize of job (KB)
...
006 (2017224.000.000) 2025-01-30 03:58:39 Image size of job updated: 70830684
	65721  -  MemoryUsage of job (MB)
	67297828  -  ResidentSetSize of job (KB)
...
006 (2017224.000.000) 2025-01-30 04:03:40 Image size of job updated: 72033112
	66899  -  MemoryUsage of job (MB)
	68503612  -  ResidentSetSize of job (KB)
...
006 (2017224.000.000) 2025-01-30 04:08:40 Image size of job updated: 73388088
	67938  -  MemoryUsage of job (MB)
	69567852  -  ResidentSetSize of job (KB)
...
006 (2017224.000.000) 2025-01-30 04:13:41 Image size of job updated: 74472172
	69146  -  MemoryUsage of job (MB)
	70804508  -  ResidentSetSize of job (KB)
...
006 (2017224.000.000) 2025-01-30 04:18:42 Image size of job updated: 75465512
	70243  -  MemoryUsage of job (MB)
	71927924  -  ResidentSetSize of job (KB)
...
006 (2017224.000.000) 2025-01-30 04:23:42 Image size of job updated: 76727032
	71499  -  MemoryUsage of job (MB)
	73214708  -  ResidentSetSize of job (KB)
...
006 (2017224.000.000) 2025-01-30 04:28:42 Image size of job updated: 78080240
	72595  -  MemoryUsage of job (MB)
	74336740  -  ResidentSetSize of job (KB)
...
006 (2017224.000.000) 2025-01-30 04:33:43 Image size of job updated: 79124252
	73590  -  MemoryUsage of job (MB)
	75355336  -  ResidentSetSize of job (KB)
...
006 (2017224.000.000) 2025-01-30 04:34:41 Image size of job updated: 79124252
	73592  -  MemoryUsage of job (MB)
	75357644  -  ResidentSetSize of job (KB)
...
005 (2017224.000.000) 2025-01-30 04:34:41 Job terminated.
	(1) Normal termination (return value 0)
		Usr 0 02:57:13, Sys 0 00:24:45  -  Run Remote Usage
		Usr 0 00:00:00, Sys 0 00:00:00  -  Run Local Usage
		Usr 0 02:57:13, Sys 0 00:24:45  -  Total Remote Usage
		Usr 0 00:00:00, Sys 0 00:00:00  -  Total Local Usage
	0  -  Run Bytes Sent By Job
	0  -  Run Bytes Received By Job
	0  -  Total Bytes Sent By Job
	0  -  Total Bytes Received By Job
	Partitionable Resources :    Usage  Request Allocated 
	   Cpus                 :     0.76        1         1 
	   Disk (KB)            :     2           2   6681630 
	   Memory (MB)          : 73592      128192    128256 
	   xferslots            :                           0 

	Job terminated of its own accord at 2025-01-30T09:34:41Z with exit-code 0.
...
000 (2018670.000.000) 2025-02-02 20:32:07 Job submitted from host: <130.199.48.81:9618?addrs=130.199.48.81-9618&alias=rcas2062.rcf.bnl.gov&noUDP&sock=schedd_48563_ad09>
...
001 (2018670.000.000) 2025-02-02 20:32:14 Job executing on host: <130.199.184.219:9618?addrs=130.199.184.219-9618&alias=spool1794.sdcc.bnl.gov&noUDP&sock=startd_9457_1edf>
...
006 (2018670.000.000) 2025-02-02 20:32:23 Image size of job updated: 83420
	45  -  MemoryUsage of job (MB)
	46080  -  ResidentSetSize of job (KB)
...
006 (2018670.000.000) 2025-02-02 20:35:05 Image size of job updated: 4000968
	45  -  MemoryUsage of job (MB)
	46080  -  ResidentSetSize of job (KB)
...
005 (2018670.000.000) 2025-02-02 20:35:06 Job terminated.
	(1) Normal termination (return value 0)
		Usr 0 00:02:21, Sys 0 00:00:06  -  Run Remote Usage
		Usr 0 00:00:00, Sys 0 00:00:00  -  Run Local Usage
		Usr 0 00:02:21, Sys 0 00:00:06  -  Total Remote Usage
		Usr 0 00:00:00, Sys 0 00:00:00  -  Total Local Usage
	0  -  Run Bytes Sent By Job
	0  -  Run Bytes Received By Job
	0  -  Total Bytes Sent By Job
	0  -  Total Bytes Received By Job
	Partitionable Resources :    Usage  Request Allocated 
	   Cpus                 :                 1         1 
	   Disk (KB)            :        2        2   6681632 
	   Memory (MB)          :       45   128192    128256 
	   xferslots            :                           0 

	Job terminated of its own accord at 2025-02-03T01:35:05Z with exit-code 0.
...
000 (2019054.000.000) 2025-02-02 20:56:39 Job submitted from host: <130.199.48.81:9618?addrs=130.199.48.81-9618&alias=rcas2062.rcf.bnl.gov&noUDP&sock=schedd_48563_ad09>
...
001 (2019054.000.000) 2025-02-02 20:57:01 Job executing on host: <130.199.186.25:9618?addrs=130.199.186.25-9618&alias=spool1822.sdcc.bnl.gov&noUDP&sock=startd_57197_3a59>
...
006 (2019054.000.000) 2025-02-02 20:57:10 Image size of job updated: 298944
	44  -  MemoryUsage of job (MB)
	44676  -  ResidentSetSize of job (KB)
...
006 (2019054.000.000) 2025-02-02 20:59:53 Image size of job updated: 4000972
	44  -  MemoryUsage of job (MB)
	44676  -  ResidentSetSize of job (KB)
...
005 (2019054.000.000) 2025-02-02 20:59:54 Job terminated.
	(1) Normal termination (return value 0)
		Usr 0 00:02:19, Sys 0 00:00:05  -  Run Remote Usage
		Usr 0 00:00:00, Sys 0 00:00:00  -  Run Local Usage
		Usr 0 00:02:19, Sys 0 00:00:05  -  Total Remote Usage
		Usr 0 00:00:00, Sys 0 00:00:00  -  Total Local Usage
	0  -  Run Bytes Sent By Job
	0  -  Run Bytes Received By Job
	0  -  Total Bytes Sent By Job
	0  -  Total Bytes Received By Job
	Partitionable Resources :    Usage  Request Allocated 
	   Cpus                 :                 1         1 
	   Disk (KB)            :        2        2   6681644 
	   Memory (MB)          :       44   128192    128256 
	   xferslots            :                           0 

	Job terminated of its own accord at 2025-02-03T01:59:53Z with exit-code 0.
...
000 (2019438.000.000) 2025-02-02 22:34:21 Job submitted from host: <130.199.48.81:9618?addrs=130.199.48.81-9618&alias=rcas2062.rcf.bnl.gov&noUDP&sock=schedd_48563_ad09>
...
001 (2019438.000.000) 2025-02-02 22:35:07 Job executing on host: <130.199.186.26:9618?addrs=130.199.186.26-9618&alias=spool1823.sdcc.bnl.gov&noUDP&sock=startd_67155_cf28>
...
006 (2019438.000.000) 2025-02-02 22:35:16 Image size of job updated: 129872
	7  -  MemoryUsage of job (MB)
	6944  -  ResidentSetSize of job (KB)
...
006 (2019438.000.000) 2025-02-02 22:38:19 Image size of job updated: 4000964
	7  -  MemoryUsage of job (MB)
	6944  -  ResidentSetSize of job (KB)
...
005 (2019438.000.000) 2025-02-02 22:38:19 Job terminated.
	(1) Normal termination (return value 0)
		Usr 0 00:02:26, Sys 0 00:00:05  -  Run Remote Usage
		Usr 0 00:00:00, Sys 0 00:00:00  -  Run Local Usage
		Usr 0 00:02:26, Sys 0 00:00:05  -  Total Remote Usage
		Usr 0 00:00:00, Sys 0 00:00:00  -  Total Local Usage
	0  -  Run Bytes Sent By Job
	0  -  Run Bytes Received By Job
	0  -  Total Bytes Sent By Job
	0  -  Total Bytes Received By Job
	Partitionable Resources :    Usage  Request Allocated 
	   Cpus                 :     0.95        1         1 
	   Disk (KB)            :     2           2   6681621 
	   Memory (MB)          :     7      128192    128256 
	   xferslots            :                           0 

	Job terminated of its own accord at 2025-02-03T03:38:19Z with exit-code 0.
...
