000 (2016979.000.000) 2025-01-28 23:07:59 Job submitted from host: <130.199.48.81:9618?addrs=130.199.48.81-9618&alias=rcas2062.rcf.bnl.gov&noUDP&sock=schedd_48563_ad09>
...
001 (2016979.000.000) 2025-01-29 01:07:48 Job executing on host: <130.199.186.82:9618?addrs=130.199.186.82-9618&alias=spool1845.sdcc.bnl.gov&noUDP&sock=startd_71843_8085>
...
006 (2016979.000.000) 2025-01-29 01:07:57 Image size of job updated: 576212
	90  -  MemoryUsage of job (MB)
	91364  -  ResidentSetSize of job (KB)
...
006 (2016979.000.000) 2025-01-29 01:08:01 Image size of job updated: 576212
	90  -  MemoryUsage of job (MB)
	91372  -  ResidentSetSize of job (KB)
...
005 (2016979.000.000) 2025-01-29 01:08:01 Job terminated.
	(1) Normal termination (return value 0)
		Usr 0 00:00:04, Sys 0 00:00:02  -  Run Remote Usage
		Usr 0 00:00:00, Sys 0 00:00:00  -  Run Local Usage
		Usr 0 00:00:04, Sys 0 00:00:02  -  Total Remote Usage
		Usr 0 00:00:00, Sys 0 00:00:00  -  Total Local Usage
	0  -  Run Bytes Sent By Job
	0  -  Run Bytes Received By Job
	0  -  Total Bytes Sent By Job
	0  -  Total Bytes Received By Job
	Partitionable Resources :    Usage  Request Allocated 
	   Cpus                 :        0        1         1 
	   Disk (KB)            :        2        2   6681620 
	   Memory (MB)          :       90   128192    128256 
	   xferslots            :                           0 

	Job terminated of its own accord at 2025-01-29T06:08:01Z with exit-code 0.
...
000 (2017363.000.000) 2025-01-30 00:28:10 Job submitted from host: <130.199.48.81:9618?addrs=130.199.48.81-9618&alias=rcas2062.rcf.bnl.gov&noUDP&sock=schedd_48563_ad09>
...
001 (2017363.000.000) 2025-01-30 03:36:01 Job executing on host: <130.199.150.98:9618?addrs=130.199.150.98-9618&alias=spool1579.sdcc.bnl.gov&noUDP&sock=startd_18997_6900>
...
006 (2017363.000.000) 2025-01-30 03:36:10 Image size of job updated: 298812
	59  -  MemoryUsage of job (MB)
	59800  -  ResidentSetSize of job (KB)
...
006 (2017363.000.000) 2025-01-30 03:41:11 Image size of job updated: 3038876
	168  -  MemoryUsage of job (MB)
	171352  -  ResidentSetSize of job (KB)
...
006 (2017363.000.000) 2025-01-30 03:46:12 Image size of job updated: 4756232
	605  -  MemoryUsage of job (MB)
	619224  -  ResidentSetSize of job (KB)
...
006 (2017363.000.000) 2025-01-30 03:51:12 Image size of job updated: 5921340
	2269  -  MemoryUsage of job (MB)
	2323128  -  ResidentSetSize of job (KB)
...
006 (2017363.000.000) 2025-01-30 03:56:12 Image size of job updated: 7497020
	4015  -  MemoryUsage of job (MB)
	4110364  -  ResidentSetSize of job (KB)
...
006 (2017363.000.000) 2025-01-30 04:01:13 Image size of job updated: 9184656
	5483  -  MemoryUsage of job (MB)
	5613716  -  ResidentSetSize of job (KB)
...
006 (2017363.000.000) 2025-01-30 04:06:13 Image size of job updated: 11150920
	7057  -  MemoryUsage of job (MB)
	7225904  -  ResidentSetSize of job (KB)
...
006 (2017363.000.000) 2025-01-30 04:11:13 Image size of job updated: 12556404
	8857  -  MemoryUsage of job (MB)
	9069480  -  ResidentSetSize of job (KB)
...
006 (2017363.000.000) 2025-01-30 04:16:14 Image size of job updated: 14468252
	10426  -  MemoryUsage of job (MB)
	10675348  -  ResidentSetSize of job (KB)
...
006 (2017363.000.000) 2025-01-30 04:21:15 Image size of job updated: 15806616
	11947  -  MemoryUsage of job (MB)
	12232948  -  ResidentSetSize of job (KB)
...
006 (2017363.000.000) 2025-01-30 04:26:15 Image size of job updated: 17208964
	13347  -  MemoryUsage of job (MB)
	13667208  -  ResidentSetSize of job (KB)
...
006 (2017363.000.000) 2025-01-30 04:31:16 Image size of job updated: 19316488
	14920  -  MemoryUsage of job (MB)
	15277264  -  ResidentSetSize of job (KB)
...
006 (2017363.000.000) 2025-01-30 04:36:17 Image size of job updated: 20512252
	16604  -  MemoryUsage of job (MB)
	17001492  -  ResidentSetSize of job (KB)
...
006 (2017363.000.000) 2025-01-30 04:41:17 Image size of job updated: 22089552
	18237  -  MemoryUsage of job (MB)
	18674624  -  ResidentSetSize of job (KB)
...
006 (2017363.000.000) 2025-01-30 04:46:17 Image size of job updated: 24280548
	20116  -  MemoryUsage of job (MB)
	20598612  -  ResidentSetSize of job (KB)
...
006 (2017363.000.000) 2025-01-30 04:51:18 Image size of job updated: 26406108
	21940  -  MemoryUsage of job (MB)
	22466184  -  ResidentSetSize of job (KB)
...
006 (2017363.000.000) 2025-01-30 04:56:18 Image size of job updated: 27154352
	23085  -  MemoryUsage of job (MB)
	23638704  -  ResidentSetSize of job (KB)
...
006 (2017363.000.000) 2025-01-30 05:01:18 Image size of job updated: 28605216
	24605  -  MemoryUsage of job (MB)
	25195208  -  ResidentSetSize of job (KB)
...
006 (2017363.000.000) 2025-01-30 05:06:19 Image size of job updated: 30713968
	26192  -  MemoryUsage of job (MB)
	26819672  -  ResidentSetSize of job (KB)
...
006 (2017363.000.000) 2025-01-30 05:11:19 Image size of job updated: 32384300
	27873  -  MemoryUsage of job (MB)
	28541428  -  ResidentSetSize of job (KB)
...
006 (2017363.000.000) 2025-01-30 05:16:19 Image size of job updated: 33791044
	29528  -  MemoryUsage of job (MB)
	30236208  -  ResidentSetSize of job (KB)
...
006 (2017363.000.000) 2025-01-30 05:21:20 Image size of job updated: 35204040
	30850  -  MemoryUsage of job (MB)
	31589868  -  ResidentSetSize of job (KB)
...
006 (2017363.000.000) 2025-01-30 05:26:21 Image size of job updated: 36812496
	32498  -  MemoryUsage of job (MB)
	33277660  -  ResidentSetSize of job (KB)
...
006 (2017363.000.000) 2025-01-30 05:31:21 Image size of job updated: 38328932
	33974  -  MemoryUsage of job (MB)
	34789224  -  ResidentSetSize of job (KB)
...
006 (2017363.000.000) 2025-01-30 05:36:22 Image size of job updated: 40240240
	35770  -  MemoryUsage of job (MB)
	36627860  -  ResidentSetSize of job (KB)
...
006 (2017363.000.000) 2025-01-30 05:41:23 Image size of job updated: 41936912
	37399  -  MemoryUsage of job (MB)
	38296084  -  ResidentSetSize of job (KB)
...
006 (2017363.000.000) 2025-01-30 05:46:23 Image size of job updated: 43208716
	38886  -  MemoryUsage of job (MB)
	39818576  -  ResidentSetSize of job (KB)
...
006 (2017363.000.000) 2025-01-30 05:51:23 Image size of job updated: 45415140
	40758  -  MemoryUsage of job (MB)
	41736088  -  ResidentSetSize of job (KB)
...
006 (2017363.000.000) 2025-01-30 05:56:24 Image size of job updated: 47067696
	42717  -  MemoryUsage of job (MB)
	43741280  -  ResidentSetSize of job (KB)
...
006 (2017363.000.000) 2025-01-30 06:01:24 Image size of job updated: 49558788
	44787  -  MemoryUsage of job (MB)
	45861440  -  ResidentSetSize of job (KB)
...
006 (2017363.000.000) 2025-01-30 06:06:24 Image size of job updated: 51505840
	46598  -  MemoryUsage of job (MB)
	47715456  -  ResidentSetSize of job (KB)
...
006 (2017363.000.000) 2025-01-30 06:11:25 Image size of job updated: 52928948
	48271  -  MemoryUsage of job (MB)
	49429040  -  ResidentSetSize of job (KB)
...
006 (2017363.000.000) 2025-01-30 06:16:25 Image size of job updated: 54764712
	50171  -  MemoryUsage of job (MB)
	51374304  -  ResidentSetSize of job (KB)
...
006 (2017363.000.000) 2025-01-30 06:21:25 Image size of job updated: 57351644
	52365  -  MemoryUsage of job (MB)
	53621236  -  ResidentSetSize of job (KB)
...
006 (2017363.000.000) 2025-01-30 06:26:26 Image size of job updated: 59312764
	54407  -  MemoryUsage of job (MB)
	55712512  -  ResidentSetSize of job (KB)
...
006 (2017363.000.000) 2025-01-30 06:31:27 Image size of job updated: 61562404
	56298  -  MemoryUsage of job (MB)
	57648984  -  ResidentSetSize of job (KB)
...
006 (2017363.000.000) 2025-01-30 06:36:27 Image size of job updated: 62587264
	57619  -  MemoryUsage of job (MB)
	59001312  -  ResidentSetSize of job (KB)
...
006 (2017363.000.000) 2025-01-30 06:41:28 Image size of job updated: 64213368
	59395  -  MemoryUsage of job (MB)
	60819532  -  ResidentSetSize of job (KB)
...
006 (2017363.000.000) 2025-01-30 06:46:28 Image size of job updated: 65946832
	61164  -  MemoryUsage of job (MB)
	62631084  -  ResidentSetSize of job (KB)
...
006 (2017363.000.000) 2025-01-30 06:51:28 Image size of job updated: 67962424
	63053  -  MemoryUsage of job (MB)
	64565364  -  ResidentSetSize of job (KB)
...
006 (2017363.000.000) 2025-01-30 06:56:29 Image size of job updated: 69897800
	64717  -  MemoryUsage of job (MB)
	66269300  -  ResidentSetSize of job (KB)
...
006 (2017363.000.000) 2025-01-30 07:00:12 Image size of job updated: 71248792
	64717  -  MemoryUsage of job (MB)
	66269616  -  ResidentSetSize of job (KB)
...
005 (2017363.000.000) 2025-01-30 07:00:12 Job terminated.
	(1) Normal termination (return value 0)
		Usr 0 02:45:59, Sys 0 00:25:57  -  Run Remote Usage
		Usr 0 00:00:00, Sys 0 00:00:00  -  Run Local Usage
		Usr 0 02:45:59, Sys 0 00:25:57  -  Total Remote Usage
		Usr 0 00:00:00, Sys 0 00:00:00  -  Total Local Usage
	0  -  Run Bytes Sent By Job
	0  -  Run Bytes Received By Job
	0  -  Total Bytes Sent By Job
	0  -  Total Bytes Received By Job
	Partitionable Resources :    Usage  Request Allocated 
	   Cpus                 :     1.04        1         1 
	   Disk (KB)            :     2           2   6681230 
	   Memory (MB)          : 64717      128192    128256 
	   xferslots            :                           0 

	Job terminated of its own accord at 2025-01-30T12:00:12Z with exit-code 0.
...
000 (2018809.000.000) 2025-02-02 20:32:21 Job submitted from host: <130.199.48.81:9618?addrs=130.199.48.81-9618&alias=rcas2062.rcf.bnl.gov&noUDP&sock=schedd_48563_ad09>
...
001 (2018809.000.000) 2025-02-02 20:37:07 Job executing on host: <130.199.150.67:9618?addrs=130.199.150.67-9618&alias=spool1548.sdcc.bnl.gov&noUDP&sock=startd_28485_3e0d>
...
006 (2018809.000.000) 2025-02-02 20:37:15 Image size of job updated: 211320
	114  -  MemoryUsage of job (MB)
	116196  -  ResidentSetSize of job (KB)
...
006 (2018809.000.000) 2025-02-02 20:39:29 Image size of job updated: 4000852
	114  -  MemoryUsage of job (MB)
	116232  -  ResidentSetSize of job (KB)
...
005 (2018809.000.000) 2025-02-02 20:39:30 Job terminated.
	(1) Normal termination (return value 0)
		Usr 0 00:02:05, Sys 0 00:00:06  -  Run Remote Usage
		Usr 0 00:00:00, Sys 0 00:00:00  -  Run Local Usage
		Usr 0 00:02:05, Sys 0 00:00:06  -  Total Remote Usage
		Usr 0 00:00:00, Sys 0 00:00:00  -  Total Local Usage
	0  -  Run Bytes Sent By Job
	0  -  Run Bytes Received By Job
	0  -  Total Bytes Sent By Job
	0  -  Total Bytes Received By Job
	Partitionable Resources :    Usage  Request Allocated 
	   Cpus                 :                 1         1 
	   Disk (KB)            :        2        2   6681217 
	   Memory (MB)          :      114   128192    128256 
	   xferslots            :                           0 

	Job terminated of its own accord at 2025-02-03T01:39:29Z with exit-code 0.
...
000 (2019193.000.000) 2025-02-02 20:56:51 Job submitted from host: <130.199.48.81:9618?addrs=130.199.48.81-9618&alias=rcas2062.rcf.bnl.gov&noUDP&sock=schedd_48563_ad09>
...
001 (2019193.000.000) 2025-02-02 20:59:43 Job executing on host: <130.199.151.14:9618?addrs=130.199.151.14-9618&alias=spool1592.sdcc.bnl.gov&noUDP&sock=startd_20225_0e81>
...
006 (2019193.000.000) 2025-02-02 20:59:52 Image size of job updated: 254376
	146  -  MemoryUsage of job (MB)
	149044  -  ResidentSetSize of job (KB)
...
006 (2019193.000.000) 2025-02-02 21:02:02 Image size of job updated: 4000852
	146  -  MemoryUsage of job (MB)
	149044  -  ResidentSetSize of job (KB)
...
005 (2019193.000.000) 2025-02-02 21:02:02 Job terminated.
	(1) Normal termination (return value 0)
		Usr 0 00:02:05, Sys 0 00:00:05  -  Run Remote Usage
		Usr 0 00:00:00, Sys 0 00:00:00  -  Run Local Usage
		Usr 0 00:02:05, Sys 0 00:00:05  -  Total Remote Usage
		Usr 0 00:00:00, Sys 0 00:00:00  -  Total Local Usage
	0  -  Run Bytes Sent By Job
	0  -  Run Bytes Received By Job
	0  -  Total Bytes Sent By Job
	0  -  Total Bytes Received By Job
	Partitionable Resources :    Usage  Request Allocated 
	   Cpus                 :                 1         1 
	   Disk (KB)            :        2        2   6681234 
	   Memory (MB)          :      146   128192    128256 
	   xferslots            :                           0 

	Job terminated of its own accord at 2025-02-03T02:02:02Z with exit-code 0.
...
000 (2019577.000.000) 2025-02-02 22:34:33 Job submitted from host: <130.199.48.81:9618?addrs=130.199.48.81-9618&alias=rcas2062.rcf.bnl.gov&noUDP&sock=schedd_48563_ad09>
...
001 (2019577.000.000) 2025-02-02 22:41:30 Job executing on host: <130.199.207.220:9618?addrs=130.199.207.220-9618&alias=spool1507.sdcc.bnl.gov&noUDP&sock=startd_19017_bd6b>
...
006 (2019577.000.000) 2025-02-02 22:41:39 Image size of job updated: 12896
	7  -  MemoryUsage of job (MB)
	7072  -  ResidentSetSize of job (KB)
...
006 (2019577.000.000) 2025-02-02 22:44:37 Image size of job updated: 4000848
	7  -  MemoryUsage of job (MB)
	7076  -  ResidentSetSize of job (KB)
...
005 (2019577.000.000) 2025-02-02 22:44:37 Job terminated.
	(1) Normal termination (return value 0)
		Usr 0 00:02:18, Sys 0 00:00:05  -  Run Remote Usage
		Usr 0 00:00:00, Sys 0 00:00:00  -  Run Local Usage
		Usr 0 00:02:18, Sys 0 00:00:05  -  Total Remote Usage
		Usr 0 00:00:00, Sys 0 00:00:00  -  Total Local Usage
	0  -  Run Bytes Sent By Job
	0  -  Run Bytes Received By Job
	0  -  Total Bytes Sent By Job
	0  -  Total Bytes Received By Job
	Partitionable Resources :    Usage  Request Allocated 
	   Cpus                 :        0        1         1 
	   Disk (KB)            :        2        2   6681174 
	   Memory (MB)          :        7   128192    128256 
	   xferslots            :                           0 

	Job terminated of its own accord at 2025-02-03T03:44:37Z with exit-code 0.
...
