000 (2017195.000.000) 2025-01-28 23:08:17 Job submitted from host: <130.199.48.81:9618?addrs=130.199.48.81-9618&alias=rcas2062.rcf.bnl.gov&noUDP&sock=schedd_48563_ad09>
...
001 (2017195.000.000) 2025-01-29 01:37:05 Job executing on host: <130.199.150.68:9618?addrs=130.199.150.68-9618&alias=spool1549.sdcc.bnl.gov&noUDP&sock=startd_81798_2244>
...
006 (2017195.000.000) 2025-01-29 01:37:13 Image size of job updated: 103716
	44  -  MemoryUsage of job (MB)
	44752  -  ResidentSetSize of job (KB)
...
006 (2017195.000.000) 2025-01-29 01:37:24 Image size of job updated: 561044
	44  -  MemoryUsage of job (MB)
	44756  -  ResidentSetSize of job (KB)
...
005 (2017195.000.000) 2025-01-29 01:37:24 Job terminated.
	(1) Normal termination (return value 0)
		Usr 0 00:00:04, Sys 0 00:00:02  -  Run Remote Usage
		Usr 0 00:00:00, Sys 0 00:00:00  -  Run Local Usage
		Usr 0 00:00:04, Sys 0 00:00:02  -  Total Remote Usage
		Usr 0 00:00:00, Sys 0 00:00:00  -  Total Local Usage
	0  -  Run Bytes Sent By Job
	0  -  Run Bytes Received By Job
	0  -  Total Bytes Sent By Job
	0  -  Total Bytes Received By Job
	Partitionable Resources :    Usage  Request Allocated 
	   Cpus                 :                 1         1 
	   Disk (KB)            :        2        2   6681154 
	   Memory (MB)          :       44   128192    128256 
	   xferslots            :                           0 

	Job terminated of its own accord at 2025-01-29T06:37:24Z with exit-code 0.
...
000 (2017579.000.000) 2025-01-30 00:28:33 Job submitted from host: <130.199.48.81:9618?addrs=130.199.48.81-9618&alias=rcas2062.rcf.bnl.gov&noUDP&sock=schedd_48563_ad09>
...
001 (2017579.000.000) 2025-01-30 09:21:42 Job executing on host: <130.199.186.74:9618?addrs=130.199.186.74-9618&alias=spool1837.sdcc.bnl.gov&noUDP&sock=startd_53209_1386>
...
006 (2017579.000.000) 2025-01-30 09:21:51 Image size of job updated: 48744
	7  -  MemoryUsage of job (MB)
	6908  -  ResidentSetSize of job (KB)
...
006 (2017579.000.000) 2025-01-30 09:26:52 Image size of job updated: 4792628
	791  -  MemoryUsage of job (MB)
	809364  -  ResidentSetSize of job (KB)
...
006 (2017579.000.000) 2025-01-30 09:31:53 Image size of job updated: 5681780
	1875  -  MemoryUsage of job (MB)
	1919932  -  ResidentSetSize of job (KB)
...
006 (2017579.000.000) 2025-01-30 09:36:53 Image size of job updated: 6703212
	3160  -  MemoryUsage of job (MB)
	3235460  -  ResidentSetSize of job (KB)
...
006 (2017579.000.000) 2025-01-30 09:41:54 Image size of job updated: 7959836
	4390  -  MemoryUsage of job (MB)
	4494524  -  ResidentSetSize of job (KB)
...
006 (2017579.000.000) 2025-01-30 09:46:55 Image size of job updated: 9488472
	5522  -  MemoryUsage of job (MB)
	5654124  -  ResidentSetSize of job (KB)
...
006 (2017579.000.000) 2025-01-30 09:51:55 Image size of job updated: 10627640
	6711  -  MemoryUsage of job (MB)
	6871728  -  ResidentSetSize of job (KB)
...
006 (2017579.000.000) 2025-01-30 09:56:55 Image size of job updated: 12158068
	8072  -  MemoryUsage of job (MB)
	8265620  -  ResidentSetSize of job (KB)
...
006 (2017579.000.000) 2025-01-30 10:01:56 Image size of job updated: 13215984
	9416  -  MemoryUsage of job (MB)
	9641524  -  ResidentSetSize of job (KB)
...
006 (2017579.000.000) 2025-01-30 10:09:55 Image size of job updated: 14096520
	13684  -  MemoryUsage of job (MB)
	14011732  -  ResidentSetSize of job (KB)
...
006 (2017579.000.000) 2025-01-30 10:18:52 Image size of job updated: 20253420
	15913  -  MemoryUsage of job (MB)
	16294260  -  ResidentSetSize of job (KB)
...
006 (2017579.000.000) 2025-01-30 10:26:02 Image size of job updated: 21467552
	17385  -  MemoryUsage of job (MB)
	17801684  -  ResidentSetSize of job (KB)
...
006 (2017579.000.000) 2025-01-30 10:31:02 Image size of job updated: 22507836
	18324  -  MemoryUsage of job (MB)
	18763068  -  ResidentSetSize of job (KB)
...
006 (2017579.000.000) 2025-01-30 10:36:02 Image size of job updated: 23538328
	19552  -  MemoryUsage of job (MB)
	20020448  -  ResidentSetSize of job (KB)
...
006 (2017579.000.000) 2025-01-30 10:41:03 Image size of job updated: 24540288
	20543  -  MemoryUsage of job (MB)
	21035716  -  ResidentSetSize of job (KB)
...
006 (2017579.000.000) 2025-01-30 10:46:03 Image size of job updated: 25468860
	21381  -  MemoryUsage of job (MB)
	21893892  -  ResidentSetSize of job (KB)
...
006 (2017579.000.000) 2025-01-30 10:51:03 Image size of job updated: 26700860
	22364  -  MemoryUsage of job (MB)
	22900568  -  ResidentSetSize of job (KB)
...
006 (2017579.000.000) 2025-01-30 10:56:04 Image size of job updated: 27748544
	23402  -  MemoryUsage of job (MB)
	23963376  -  ResidentSetSize of job (KB)
...
006 (2017579.000.000) 2025-01-30 11:01:04 Image size of job updated: 28518048
	24328  -  MemoryUsage of job (MB)
	24911200  -  ResidentSetSize of job (KB)
...
006 (2017579.000.000) 2025-01-30 11:06:04 Image size of job updated: 29315004
	25248  -  MemoryUsage of job (MB)
	25853344  -  ResidentSetSize of job (KB)
...
006 (2017579.000.000) 2025-01-30 11:11:05 Image size of job updated: 30848216
	26419  -  MemoryUsage of job (MB)
	27052852  -  ResidentSetSize of job (KB)
...
006 (2017579.000.000) 2025-01-30 11:16:06 Image size of job updated: 31897212
	27720  -  MemoryUsage of job (MB)
	28385048  -  ResidentSetSize of job (KB)
...
006 (2017579.000.000) 2025-01-30 11:21:06 Image size of job updated: 33315128
	28882  -  MemoryUsage of job (MB)
	29575148  -  ResidentSetSize of job (KB)
...
006 (2017579.000.000) 2025-01-30 11:26:07 Image size of job updated: 34576844
	30229  -  MemoryUsage of job (MB)
	30954068  -  ResidentSetSize of job (KB)
...
006 (2017579.000.000) 2025-01-30 11:31:08 Image size of job updated: 35567412
	31161  -  MemoryUsage of job (MB)
	31908552  -  ResidentSetSize of job (KB)
...
006 (2017579.000.000) 2025-01-30 11:36:08 Image size of job updated: 36536796
	31904  -  MemoryUsage of job (MB)
	32668780  -  ResidentSetSize of job (KB)
...
006 (2017579.000.000) 2025-01-30 11:41:08 Image size of job updated: 37232808
	32939  -  MemoryUsage of job (MB)
	33728848  -  ResidentSetSize of job (KB)
...
006 (2017579.000.000) 2025-01-30 11:46:09 Image size of job updated: 38261000
	34001  -  MemoryUsage of job (MB)
	34816852  -  ResidentSetSize of job (KB)
...
006 (2017579.000.000) 2025-01-30 11:51:09 Image size of job updated: 39246848
	34974  -  MemoryUsage of job (MB)
	35812648  -  ResidentSetSize of job (KB)
...
006 (2017579.000.000) 2025-01-30 11:56:09 Image size of job updated: 40614396
	35837  -  MemoryUsage of job (MB)
	36696116  -  ResidentSetSize of job (KB)
...
006 (2017579.000.000) 2025-01-30 12:01:11 Image size of job updated: 41546032
	36824  -  MemoryUsage of job (MB)
	37707328  -  ResidentSetSize of job (KB)
...
006 (2017579.000.000) 2025-01-30 12:06:11 Image size of job updated: 42561940
	37722  -  MemoryUsage of job (MB)
	38626876  -  ResidentSetSize of job (KB)
...
006 (2017579.000.000) 2025-01-30 12:11:11 Image size of job updated: 43336484
	38619  -  MemoryUsage of job (MB)
	39545380  -  ResidentSetSize of job (KB)
...
006 (2017579.000.000) 2025-01-30 12:16:12 Image size of job updated: 44014636
	39410  -  MemoryUsage of job (MB)
	40355820  -  ResidentSetSize of job (KB)
...
006 (2017579.000.000) 2025-01-30 12:21:13 Image size of job updated: 45114800
	40287  -  MemoryUsage of job (MB)
	41253720  -  ResidentSetSize of job (KB)
...
006 (2017579.000.000) 2025-01-30 12:26:13 Image size of job updated: 46403388
	41423  -  MemoryUsage of job (MB)
	42416844  -  ResidentSetSize of job (KB)
...
006 (2017579.000.000) 2025-01-30 12:31:14 Image size of job updated: 46892688
	42243  -  MemoryUsage of job (MB)
	43256720  -  ResidentSetSize of job (KB)
...
006 (2017579.000.000) 2025-01-30 12:36:15 Image size of job updated: 48157496
	43367  -  MemoryUsage of job (MB)
	44407208  -  ResidentSetSize of job (KB)
...
006 (2017579.000.000) 2025-01-30 12:41:15 Image size of job updated: 48874624
	44287  -  MemoryUsage of job (MB)
	45348880  -  ResidentSetSize of job (KB)
...
006 (2017579.000.000) 2025-01-30 12:46:16 Image size of job updated: 49835612
	45154  -  MemoryUsage of job (MB)
	46236800  -  ResidentSetSize of job (KB)
...
006 (2017579.000.000) 2025-01-30 12:51:17 Image size of job updated: 50720800
	46197  -  MemoryUsage of job (MB)
	47305424  -  ResidentSetSize of job (KB)
...
006 (2017579.000.000) 2025-01-30 12:56:17 Image size of job updated: 52247140
	47211  -  MemoryUsage of job (MB)
	48343136  -  ResidentSetSize of job (KB)
...
006 (2017579.000.000) 2025-01-30 13:01:18 Image size of job updated: 53013792
	48151  -  MemoryUsage of job (MB)
	49305792  -  ResidentSetSize of job (KB)
...
006 (2017579.000.000) 2025-01-30 13:06:19 Image size of job updated: 53999332
	49012  -  MemoryUsage of job (MB)
	50187720  -  ResidentSetSize of job (KB)
...
006 (2017579.000.000) 2025-01-30 13:11:19 Image size of job updated: 54991984
	50196  -  MemoryUsage of job (MB)
	51400140  -  ResidentSetSize of job (KB)
...
006 (2017579.000.000) 2025-01-30 13:16:20 Image size of job updated: 56299184
	51378  -  MemoryUsage of job (MB)
	52610068  -  ResidentSetSize of job (KB)
...
006 (2017579.000.000) 2025-01-30 13:21:21 Image size of job updated: 57600952
	52420  -  MemoryUsage of job (MB)
	53677244  -  ResidentSetSize of job (KB)
...
006 (2017579.000.000) 2025-01-30 13:26:21 Image size of job updated: 58403212
	53449  -  MemoryUsage of job (MB)
	54731228  -  ResidentSetSize of job (KB)
...
006 (2017579.000.000) 2025-01-30 13:31:21 Image size of job updated: 59760492
	54635  -  MemoryUsage of job (MB)
	55946168  -  ResidentSetSize of job (KB)
...
006 (2017579.000.000) 2025-01-30 13:36:22 Image size of job updated: 60988548
	55827  -  MemoryUsage of job (MB)
	57166024  -  ResidentSetSize of job (KB)
...
006 (2017579.000.000) 2025-01-30 13:41:22 Image size of job updated: 62251748
	57281  -  MemoryUsage of job (MB)
	58655476  -  ResidentSetSize of job (KB)
...
006 (2017579.000.000) 2025-01-30 13:46:22 Image size of job updated: 63646408
	58436  -  MemoryUsage of job (MB)
	59837672  -  ResidentSetSize of job (KB)
...
006 (2017579.000.000) 2025-01-30 13:51:23 Image size of job updated: 64973612
	60144  -  MemoryUsage of job (MB)
	61586508  -  ResidentSetSize of job (KB)
...
006 (2017579.000.000) 2025-01-30 13:56:24 Image size of job updated: 67409376
	61951  -  MemoryUsage of job (MB)
	63437664  -  ResidentSetSize of job (KB)
...
006 (2017579.000.000) 2025-01-30 14:01:24 Image size of job updated: 68657864
	63650  -  MemoryUsage of job (MB)
	65177008  -  ResidentSetSize of job (KB)
...
006 (2017579.000.000) 2025-01-30 14:06:25 Image size of job updated: 70361664
	65237  -  MemoryUsage of job (MB)
	66801684  -  ResidentSetSize of job (KB)
...
006 (2017579.000.000) 2025-01-30 14:11:26 Image size of job updated: 72074552
	67024  -  MemoryUsage of job (MB)
	68632428  -  ResidentSetSize of job (KB)
...
006 (2017579.000.000) 2025-01-30 14:16:26 Image size of job updated: 74301780
	69189  -  MemoryUsage of job (MB)
	70848808  -  ResidentSetSize of job (KB)
...
006 (2017579.000.000) 2025-01-30 14:21:26 Image size of job updated: 76207912
	70823  -  MemoryUsage of job (MB)
	72522688  -  ResidentSetSize of job (KB)
...
006 (2017579.000.000) 2025-01-30 14:23:08 Image size of job updated: 76483072
	70823  -  MemoryUsage of job (MB)
	72522688  -  ResidentSetSize of job (KB)
...
005 (2017579.000.000) 2025-01-30 14:23:08 Job terminated.
	(1) Normal termination (return value 0)
		Usr 0 03:11:32, Sys 0 00:30:16  -  Run Remote Usage
		Usr 0 00:00:00, Sys 0 00:00:00  -  Run Local Usage
		Usr 0 03:11:32, Sys 0 00:30:16  -  Total Remote Usage
		Usr 0 00:00:00, Sys 0 00:00:00  -  Total Local Usage
	0  -  Run Bytes Sent By Job
	0  -  Run Bytes Received By Job
	0  -  Total Bytes Sent By Job
	0  -  Total Bytes Received By Job
	Partitionable Resources :    Usage  Request Allocated 
	   Cpus                 :     1.02        1         1 
	   Disk (KB)            :     2           2   6681612 
	   Memory (MB)          : 70823      128192    128256 
	   xferslots            :                           0 

	Job terminated of its own accord at 2025-01-30T19:23:08Z with exit-code 0.
...
000 (2019025.000.000) 2025-02-02 20:32:43 Job submitted from host: <130.199.48.81:9618?addrs=130.199.48.81-9618&alias=rcas2062.rcf.bnl.gov&noUDP&sock=schedd_48563_ad09>
...
001 (2019025.000.000) 2025-02-02 20:42:20 Job executing on host: <130.199.186.15:9618?addrs=130.199.186.15-9618&alias=spool1812.sdcc.bnl.gov&noUDP&sock=startd_25324_d367>
...
006 (2019025.000.000) 2025-02-02 20:42:28 Image size of job updated: 209504
	121  -  MemoryUsage of job (MB)
	123104  -  ResidentSetSize of job (KB)
...
006 (2019025.000.000) 2025-02-02 20:44:41 Image size of job updated: 4001200
	121  -  MemoryUsage of job (MB)
	123104  -  ResidentSetSize of job (KB)
...
005 (2019025.000.000) 2025-02-02 20:44:41 Job terminated.
	(1) Normal termination (return value 0)
		Usr 0 00:02:05, Sys 0 00:00:05  -  Run Remote Usage
		Usr 0 00:00:00, Sys 0 00:00:00  -  Run Local Usage
		Usr 0 00:02:05, Sys 0 00:00:05  -  Total Remote Usage
		Usr 0 00:00:00, Sys 0 00:00:00  -  Total Local Usage
	0  -  Run Bytes Sent By Job
	0  -  Run Bytes Received By Job
	0  -  Total Bytes Sent By Job
	0  -  Total Bytes Received By Job
	Partitionable Resources :    Usage  Request Allocated 
	   Cpus                 :     0.97        1         1 
	   Disk (KB)            :     2           2   6681621 
	   Memory (MB)          :   121      128192    128256 
	   xferslots            :                           0 

	Job terminated of its own accord at 2025-02-03T01:44:41Z with exit-code 0.
...
000 (2019409.000.000) 2025-02-02 20:57:11 Job submitted from host: <130.199.48.81:9618?addrs=130.199.48.81-9618&alias=rcas2062.rcf.bnl.gov&noUDP&sock=schedd_48563_ad09>
...
001 (2019409.000.000) 2025-02-02 21:03:46 Job executing on host: <130.199.150.78:9618?addrs=130.199.150.78-9618&alias=spool1559.sdcc.bnl.gov&noUDP&sock=startd_41793_0e6f>
...
006 (2019409.000.000) 2025-02-02 21:03:54 Image size of job updated: 298144
	94  -  MemoryUsage of job (MB)
	95732  -  ResidentSetSize of job (KB)
...
006 (2019409.000.000) 2025-02-02 21:06:10 Image size of job updated: 4001188
	94  -  MemoryUsage of job (MB)
	95768  -  ResidentSetSize of job (KB)
...
005 (2019409.000.000) 2025-02-02 21:06:11 Job terminated.
	(1) Normal termination (return value 0)
		Usr 0 00:02:08, Sys 0 00:00:06  -  Run Remote Usage
		Usr 0 00:00:00, Sys 0 00:00:00  -  Run Local Usage
		Usr 0 00:02:08, Sys 0 00:00:06  -  Total Remote Usage
		Usr 0 00:00:00, Sys 0 00:00:00  -  Total Local Usage
	0  -  Run Bytes Sent By Job
	0  -  Run Bytes Received By Job
	0  -  Total Bytes Sent By Job
	0  -  Total Bytes Received By Job
	Partitionable Resources :    Usage  Request Allocated 
	   Cpus                 :                 1         1 
	   Disk (KB)            :        2        2   6681235 
	   Memory (MB)          :       94   128192    128256 
	   xferslots            :                           0 

	Job terminated of its own accord at 2025-02-03T02:06:10Z with exit-code 0.
...
000 (2019793.000.000) 2025-02-02 22:34:52 Job submitted from host: <130.199.48.81:9618?addrs=130.199.48.81-9618&alias=rcas2062.rcf.bnl.gov&noUDP&sock=schedd_48563_ad09>
...
001 (2019793.000.000) 2025-02-02 22:47:48 Job executing on host: <130.199.150.77:9618?addrs=130.199.150.77-9618&alias=spool1558.sdcc.bnl.gov&noUDP&sock=startd_18961_0441>
...
006 (2019793.000.000) 2025-02-02 22:47:56 Image size of job updated: 324292
	37  -  MemoryUsage of job (MB)
	37596  -  ResidentSetSize of job (KB)
...
006 (2019793.000.000) 2025-02-02 22:50:47 Image size of job updated: 4001204
	37  -  MemoryUsage of job (MB)
	37596  -  ResidentSetSize of job (KB)
...
005 (2019793.000.000) 2025-02-02 22:50:47 Job terminated.
	(1) Normal termination (return value 0)
		Usr 0 00:02:19, Sys 0 00:00:05  -  Run Remote Usage
		Usr 0 00:00:00, Sys 0 00:00:00  -  Run Local Usage
		Usr 0 00:02:19, Sys 0 00:00:05  -  Total Remote Usage
		Usr 0 00:00:00, Sys 0 00:00:00  -  Total Local Usage
	0  -  Run Bytes Sent By Job
	0  -  Run Bytes Received By Job
	0  -  Total Bytes Sent By Job
	0  -  Total Bytes Received By Job
	Partitionable Resources :    Usage  Request Allocated 
	   Cpus                 :                 1         1 
	   Disk (KB)            :        2        2   6681238 
	   Memory (MB)          :       37   128192    128256 
	   xferslots            :                           0 

	Job terminated of its own accord at 2025-02-03T03:50:47Z with exit-code 0.
...
