000 (2017006.000.000) 2025-01-28 23:08:01 Job submitted from host: <130.199.48.81:9618?addrs=130.199.48.81-9618&alias=rcas2062.rcf.bnl.gov&noUDP&sock=schedd_48563_ad09>
...
001 (2017006.000.000) 2025-01-29 01:21:40 Job executing on host: <130.199.186.8:9618?addrs=130.199.186.8-9618&alias=spool1805.sdcc.bnl.gov&noUDP&sock=startd_47947_b83e>
...
006 (2017006.000.000) 2025-01-29 01:21:48 Image size of job updated: 563984
	126  -  MemoryUsage of job (MB)
	128768  -  ResidentSetSize of job (KB)
...
006 (2017006.000.000) 2025-01-29 01:21:50 Image size of job updated: 563984
	126  -  MemoryUsage of job (MB)
	128856  -  ResidentSetSize of job (KB)
...
005 (2017006.000.000) 2025-01-29 01:21:50 Job terminated.
	(1) Normal termination (return value 0)
		Usr 0 00:00:03, Sys 0 00:00:01  -  Run Remote Usage
		Usr 0 00:00:00, Sys 0 00:00:00  -  Run Local Usage
		Usr 0 00:00:03, Sys 0 00:00:01  -  Total Remote Usage
		Usr 0 00:00:00, Sys 0 00:00:00  -  Total Local Usage
	0  -  Run Bytes Sent By Job
	0  -  Run Bytes Received By Job
	0  -  Total Bytes Sent By Job
	0  -  Total Bytes Received By Job
	Partitionable Resources :    Usage  Request Allocated 
	   Cpus                 :                 1         1 
	   Disk (KB)            :        2        2   6681622 
	   Memory (MB)          :      126   128192    128256 
	   xferslots            :                           0 

	Job terminated of its own accord at 2025-01-29T06:21:50Z with exit-code 0.
...
000 (2017390.000.000) 2025-01-30 00:28:13 Job submitted from host: <130.199.48.81:9618?addrs=130.199.48.81-9618&alias=rcas2062.rcf.bnl.gov&noUDP&sock=schedd_48563_ad09>
...
001 (2017390.000.000) 2025-01-30 04:12:32 Job executing on host: <130.199.186.74:9618?addrs=130.199.186.74-9618&alias=spool1837.sdcc.bnl.gov&noUDP&sock=startd_53209_1386>
...
006 (2017390.000.000) 2025-01-30 04:12:41 Image size of job updated: 327948
	54  -  MemoryUsage of job (MB)
	55188  -  ResidentSetSize of job (KB)
...
006 (2017390.000.000) 2025-01-30 04:17:42 Image size of job updated: 5243540
	1368  -  MemoryUsage of job (MB)
	1400128  -  ResidentSetSize of job (KB)
...
006 (2017390.000.000) 2025-01-30 04:22:42 Image size of job updated: 6717240
	3007  -  MemoryUsage of job (MB)
	3078348  -  ResidentSetSize of job (KB)
...
006 (2017390.000.000) 2025-01-30 04:27:42 Image size of job updated: 8759040
	4717  -  MemoryUsage of job (MB)
	4829648  -  ResidentSetSize of job (KB)
...
006 (2017390.000.000) 2025-01-30 04:32:43 Image size of job updated: 10167312
	6400  -  MemoryUsage of job (MB)
	6553416  -  ResidentSetSize of job (KB)
...
006 (2017390.000.000) 2025-01-30 04:37:43 Image size of job updated: 11941984
	7962  -  MemoryUsage of job (MB)
	8152672  -  ResidentSetSize of job (KB)
...
006 (2017390.000.000) 2025-01-30 04:42:43 Image size of job updated: 13034296
	9386  -  MemoryUsage of job (MB)
	9610316  -  ResidentSetSize of job (KB)
...
006 (2017390.000.000) 2025-01-30 04:47:44 Image size of job updated: 14788300
	10934  -  MemoryUsage of job (MB)
	11196188  -  ResidentSetSize of job (KB)
...
006 (2017390.000.000) 2025-01-30 04:52:45 Image size of job updated: 16544724
	12720  -  MemoryUsage of job (MB)
	13024564  -  ResidentSetSize of job (KB)
...
006 (2017390.000.000) 2025-01-30 04:57:45 Image size of job updated: 18301056
	13984  -  MemoryUsage of job (MB)
	14319468  -  ResidentSetSize of job (KB)
...
006 (2017390.000.000) 2025-01-30 05:02:46 Image size of job updated: 19279072
	15471  -  MemoryUsage of job (MB)
	15841972  -  ResidentSetSize of job (KB)
...
006 (2017390.000.000) 2025-01-30 05:07:47 Image size of job updated: 21125300
	17128  -  MemoryUsage of job (MB)
	17538144  -  ResidentSetSize of job (KB)
...
006 (2017390.000.000) 2025-01-30 05:12:47 Image size of job updated: 22966960
	18909  -  MemoryUsage of job (MB)
	19362272  -  ResidentSetSize of job (KB)
...
006 (2017390.000.000) 2025-01-30 05:17:47 Image size of job updated: 24641048
	20502  -  MemoryUsage of job (MB)
	20993708  -  ResidentSetSize of job (KB)
...
006 (2017390.000.000) 2025-01-30 05:22:48 Image size of job updated: 26605536
	22209  -  MemoryUsage of job (MB)
	22741080  -  ResidentSetSize of job (KB)
...
006 (2017390.000.000) 2025-01-30 05:27:48 Image size of job updated: 28063120
	23963  -  MemoryUsage of job (MB)
	24537428  -  ResidentSetSize of job (KB)
...
006 (2017390.000.000) 2025-01-30 05:32:48 Image size of job updated: 29661272
	25461  -  MemoryUsage of job (MB)
	26071748  -  ResidentSetSize of job (KB)
...
006 (2017390.000.000) 2025-01-30 05:37:49 Image size of job updated: 31495812
	27170  -  MemoryUsage of job (MB)
	27821620  -  ResidentSetSize of job (KB)
...
006 (2017390.000.000) 2025-01-30 05:42:49 Image size of job updated: 33524504
	29455  -  MemoryUsage of job (MB)
	30161864  -  ResidentSetSize of job (KB)
...
006 (2017390.000.000) 2025-01-30 05:47:49 Image size of job updated: 35678004
	31156  -  MemoryUsage of job (MB)
	31902976  -  ResidentSetSize of job (KB)
...
006 (2017390.000.000) 2025-01-30 05:52:50 Image size of job updated: 37301632
	33075  -  MemoryUsage of job (MB)
	33868092  -  ResidentSetSize of job (KB)
...
006 (2017390.000.000) 2025-01-30 05:57:51 Image size of job updated: 39690180
	34849  -  MemoryUsage of job (MB)
	35684700  -  ResidentSetSize of job (KB)
...
006 (2017390.000.000) 2025-01-30 06:02:51 Image size of job updated: 41133296
	36790  -  MemoryUsage of job (MB)
	37671948  -  ResidentSetSize of job (KB)
...
006 (2017390.000.000) 2025-01-30 06:07:52 Image size of job updated: 43576760
	39056  -  MemoryUsage of job (MB)
	39993020  -  ResidentSetSize of job (KB)
...
006 (2017390.000.000) 2025-01-30 06:12:53 Image size of job updated: 45728684
	41423  -  MemoryUsage of job (MB)
	42416948  -  ResidentSetSize of job (KB)
...
006 (2017390.000.000) 2025-01-30 06:17:53 Image size of job updated: 47902024
	43458  -  MemoryUsage of job (MB)
	44500720  -  ResidentSetSize of job (KB)
...
006 (2017390.000.000) 2025-01-30 06:22:54 Image size of job updated: 49924252
	45527  -  MemoryUsage of job (MB)
	46618824  -  ResidentSetSize of job (KB)
...
006 (2017390.000.000) 2025-01-30 06:27:55 Image size of job updated: 52649684
	47625  -  MemoryUsage of job (MB)
	48767440  -  ResidentSetSize of job (KB)
...
006 (2017390.000.000) 2025-01-30 06:32:55 Image size of job updated: 54177840
	49181  -  MemoryUsage of job (MB)
	50360340  -  ResidentSetSize of job (KB)
...
006 (2017390.000.000) 2025-01-30 06:37:56 Image size of job updated: 55667228
	50670  -  MemoryUsage of job (MB)
	51885344  -  ResidentSetSize of job (KB)
...
006 (2017390.000.000) 2025-01-30 06:42:57 Image size of job updated: 57701612
	52745  -  MemoryUsage of job (MB)
	54010532  -  ResidentSetSize of job (KB)
...
006 (2017390.000.000) 2025-01-30 06:47:57 Image size of job updated: 60000308
	55010  -  MemoryUsage of job (MB)
	56330036  -  ResidentSetSize of job (KB)
...
006 (2017390.000.000) 2025-01-30 06:52:58 Image size of job updated: 62099704
	57135  -  MemoryUsage of job (MB)
	58505224  -  ResidentSetSize of job (KB)
...
006 (2017390.000.000) 2025-01-30 06:57:59 Image size of job updated: 64167528
	59302  -  MemoryUsage of job (MB)
	60725180  -  ResidentSetSize of job (KB)
...
006 (2017390.000.000) 2025-01-30 07:02:59 Image size of job updated: 66675940
	61814  -  MemoryUsage of job (MB)
	63296980  -  ResidentSetSize of job (KB)
...
006 (2017390.000.000) 2025-01-30 07:08:00 Image size of job updated: 69492176
	64131  -  MemoryUsage of job (MB)
	65670132  -  ResidentSetSize of job (KB)
...
006 (2017390.000.000) 2025-01-30 07:13:01 Image size of job updated: 70834088
	65566  -  MemoryUsage of job (MB)
	67139132  -  ResidentSetSize of job (KB)
...
006 (2017390.000.000) 2025-01-30 07:18:01 Image size of job updated: 72182456
	66621  -  MemoryUsage of job (MB)
	68219660  -  ResidentSetSize of job (KB)
...
006 (2017390.000.000) 2025-01-30 07:23:01 Image size of job updated: 73455216
	67768  -  MemoryUsage of job (MB)
	69393756  -  ResidentSetSize of job (KB)
...
006 (2017390.000.000) 2025-01-30 07:28:02 Image size of job updated: 74532048
	68833  -  MemoryUsage of job (MB)
	70484416  -  ResidentSetSize of job (KB)
...
006 (2017390.000.000) 2025-01-30 07:33:02 Image size of job updated: 75411704
	69809  -  MemoryUsage of job (MB)
	71483692  -  ResidentSetSize of job (KB)
...
006 (2017390.000.000) 2025-01-30 07:38:02 Image size of job updated: 76570064
	70933  -  MemoryUsage of job (MB)
	72635208  -  ResidentSetSize of job (KB)
...
006 (2017390.000.000) 2025-01-30 07:43:04 Image size of job updated: 77518860
	72136  -  MemoryUsage of job (MB)
	73866484  -  ResidentSetSize of job (KB)
...
006 (2017390.000.000) 2025-01-30 07:48:04 Image size of job updated: 79131592
	73279  -  MemoryUsage of job (MB)
	75037124  -  ResidentSetSize of job (KB)
...
006 (2017390.000.000) 2025-01-30 07:53:04 Image size of job updated: 80283888
	74437  -  MemoryUsage of job (MB)
	76223328  -  ResidentSetSize of job (KB)
...
006 (2017390.000.000) 2025-01-30 07:58:05 Image size of job updated: 81125516
	75829  -  MemoryUsage of job (MB)
	77648364  -  ResidentSetSize of job (KB)
...
006 (2017390.000.000) 2025-01-30 08:03:06 Image size of job updated: 82812784
	76947  -  MemoryUsage of job (MB)
	78793708  -  ResidentSetSize of job (KB)
...
006 (2017390.000.000) 2025-01-30 08:08:06 Image size of job updated: 84562588
	78430  -  MemoryUsage of job (MB)
	80311600  -  ResidentSetSize of job (KB)
...
006 (2017390.000.000) 2025-01-30 08:13:07 Image size of job updated: 85687556
	79547  -  MemoryUsage of job (MB)
	81455124  -  ResidentSetSize of job (KB)
...
006 (2017390.000.000) 2025-01-30 08:18:08 Image size of job updated: 86866680
	80849  -  MemoryUsage of job (MB)
	82789332  -  ResidentSetSize of job (KB)
...
006 (2017390.000.000) 2025-01-30 08:23:08 Image size of job updated: 88140204
	81960  -  MemoryUsage of job (MB)
	83926796  -  ResidentSetSize of job (KB)
...
005 (2017390.000.000) 2025-01-30 08:23:48 Job terminated.
	(1) Normal termination (return value 0)
		Usr 0 03:05:39, Sys 0 00:28:34  -  Run Remote Usage
		Usr 0 00:00:00, Sys 0 00:00:00  -  Run Local Usage
		Usr 0 03:05:39, Sys 0 00:28:34  -  Total Remote Usage
		Usr 0 00:00:00, Sys 0 00:00:00  -  Total Local Usage
	0  -  Run Bytes Sent By Job
	0  -  Run Bytes Received By Job
	0  -  Total Bytes Sent By Job
	0  -  Total Bytes Received By Job
	Partitionable Resources :    Usage  Request Allocated 
	   Cpus                 :     0.74        1         1 
	   Disk (KB)            :     2           2   6681612 
	   Memory (MB)          : 81960      128192    128256 
	   xferslots            :                           0 

	Job terminated of its own accord at 2025-01-30T13:23:48Z with exit-code 0.
...
000 (2018836.000.000) 2025-02-02 20:32:24 Job submitted from host: <130.199.48.81:9618?addrs=130.199.48.81-9618&alias=rcas2062.rcf.bnl.gov&noUDP&sock=schedd_48563_ad09>
...
001 (2018836.000.000) 2025-02-02 20:37:56 Job executing on host: <130.199.150.71:9618?addrs=130.199.150.71-9618&alias=spool1552.sdcc.bnl.gov&noUDP&sock=startd_82644_e1d6>
...
006 (2018836.000.000) 2025-02-02 20:38:04 Image size of job updated: 569860
	118  -  MemoryUsage of job (MB)
	120456  -  ResidentSetSize of job (KB)
...
006 (2018836.000.000) 2025-02-02 20:40:22 Image size of job updated: 4001052
	118  -  MemoryUsage of job (MB)
	120472  -  ResidentSetSize of job (KB)
...
005 (2018836.000.000) 2025-02-02 20:40:22 Job terminated.
	(1) Normal termination (return value 0)
		Usr 0 00:02:07, Sys 0 00:00:05  -  Run Remote Usage
		Usr 0 00:00:00, Sys 0 00:00:00  -  Run Local Usage
		Usr 0 00:02:07, Sys 0 00:00:05  -  Total Remote Usage
		Usr 0 00:00:00, Sys 0 00:00:00  -  Total Local Usage
	0  -  Run Bytes Sent By Job
	0  -  Run Bytes Received By Job
	0  -  Total Bytes Sent By Job
	0  -  Total Bytes Received By Job
	Partitionable Resources :    Usage  Request Allocated 
	   Cpus                 :                 1         1 
	   Disk (KB)            :        2        2   6681233 
	   Memory (MB)          :      118   128192    128256 
	   xferslots            :                           0 

	Job terminated of its own accord at 2025-02-03T01:40:22Z with exit-code 0.
...
000 (2019220.000.000) 2025-02-02 20:56:54 Job submitted from host: <130.199.48.81:9618?addrs=130.199.48.81-9618&alias=rcas2062.rcf.bnl.gov&noUDP&sock=schedd_48563_ad09>
...
001 (2019220.000.000) 2025-02-02 21:00:06 Job executing on host: <130.199.184.157:9618?addrs=130.199.184.157-9618&alias=spool1766.sdcc.bnl.gov&noUDP&sock=startd_29367_625e>
...
006 (2019220.000.000) 2025-02-02 21:00:14 Image size of job updated: 151712
	80  -  MemoryUsage of job (MB)
	81060  -  ResidentSetSize of job (KB)
...
006 (2019220.000.000) 2025-02-02 21:02:49 Image size of job updated: 4001056
	80  -  MemoryUsage of job (MB)
	81060  -  ResidentSetSize of job (KB)
...
005 (2019220.000.000) 2025-02-02 21:02:49 Job terminated.
	(1) Normal termination (return value 0)
		Usr 0 00:02:21, Sys 0 00:00:07  -  Run Remote Usage
		Usr 0 00:00:00, Sys 0 00:00:00  -  Run Local Usage
		Usr 0 00:02:21, Sys 0 00:00:07  -  Total Remote Usage
		Usr 0 00:00:00, Sys 0 00:00:00  -  Total Local Usage
	0  -  Run Bytes Sent By Job
	0  -  Run Bytes Received By Job
	0  -  Total Bytes Sent By Job
	0  -  Total Bytes Received By Job
	Partitionable Resources :    Usage  Request Allocated 
	   Cpus                 :     0.98        1         1 
	   Disk (KB)            :     2           2   6681612 
	   Memory (MB)          :    80      128192    128256 
	   xferslots            :                           0 

	Job terminated of its own accord at 2025-02-03T02:02:49Z with exit-code 0.
...
000 (2019604.000.000) 2025-02-02 22:34:35 Job submitted from host: <130.199.48.81:9618?addrs=130.199.48.81-9618&alias=rcas2062.rcf.bnl.gov&noUDP&sock=schedd_48563_ad09>
...
001 (2019604.000.000) 2025-02-02 22:42:04 Job executing on host: <130.199.186.15:9618?addrs=130.199.186.15-9618&alias=spool1812.sdcc.bnl.gov&noUDP&sock=startd_25324_d367>
...
006 (2019604.000.000) 2025-02-02 22:42:12 Image size of job updated: 148056
	77  -  MemoryUsage of job (MB)
	78448  -  ResidentSetSize of job (KB)
...
006 (2019604.000.000) 2025-02-02 22:44:48 Image size of job updated: 4001056
	77  -  MemoryUsage of job (MB)
	78448  -  ResidentSetSize of job (KB)
...
005 (2019604.000.000) 2025-02-02 22:44:49 Job terminated.
	(1) Normal termination (return value 0)
		Usr 0 00:02:20, Sys 0 00:00:05  -  Run Remote Usage
		Usr 0 00:00:00, Sys 0 00:00:00  -  Run Local Usage
		Usr 0 00:02:20, Sys 0 00:00:05  -  Total Remote Usage
		Usr 0 00:00:00, Sys 0 00:00:00  -  Total Local Usage
	0  -  Run Bytes Sent By Job
	0  -  Run Bytes Received By Job
	0  -  Total Bytes Sent By Job
	0  -  Total Bytes Received By Job
	Partitionable Resources :    Usage  Request Allocated 
	   Cpus                 :     0.92        1         1 
	   Disk (KB)            :     2           2   6681621 
	   Memory (MB)          :    77      128192    128256 
	   xferslots            :                           0 

	Job terminated of its own accord at 2025-02-03T03:44:48Z with exit-code 0.
...
