000 (2016873.000.000) 2025-01-28 23:07:50 Job submitted from host: <130.199.48.81:9618?addrs=130.199.48.81-9618&alias=rcas2062.rcf.bnl.gov&noUDP&sock=schedd_48563_ad09>
...
001 (2016873.000.000) 2025-01-28 23:08:58 Job executing on host: <130.199.151.28:9618?addrs=130.199.151.28-9618&alias=spool1606.sdcc.bnl.gov&noUDP&sock=startd_48258_25b3>
...
006 (2016873.000.000) 2025-01-28 23:09:06 Image size of job updated: 12768
	7  -  MemoryUsage of job (MB)
	6968  -  ResidentSetSize of job (KB)
...
006 (2016873.000.000) 2025-01-28 23:14:06 Image size of job updated: 4987544
	1153  -  MemoryUsage of job (MB)
	1179748  -  ResidentSetSize of job (KB)
...
006 (2016873.000.000) 2025-01-28 23:19:07 Image size of job updated: 6531336
	2307  -  MemoryUsage of job (MB)
	2362240  -  ResidentSetSize of job (KB)
...
006 (2016873.000.000) 2025-01-28 23:24:07 Image size of job updated: 7518224
	3552  -  MemoryUsage of job (MB)
	3636872  -  ResidentSetSize of job (KB)
...
006 (2016873.000.000) 2025-01-28 23:29:07 Image size of job updated: 8470420
	4831  -  MemoryUsage of job (MB)
	4946148  -  ResidentSetSize of job (KB)
...
006 (2016873.000.000) 2025-01-28 23:34:08 Image size of job updated: 9505856
	5858  -  MemoryUsage of job (MB)
	5997936  -  ResidentSetSize of job (KB)
...
006 (2016873.000.000) 2025-01-28 23:39:09 Image size of job updated: 10911060
	7004  -  MemoryUsage of job (MB)
	7171700  -  ResidentSetSize of job (KB)
...
006 (2016873.000.000) 2025-01-28 23:44:09 Image size of job updated: 12034368
	8028  -  MemoryUsage of job (MB)
	8220556  -  ResidentSetSize of job (KB)
...
006 (2016873.000.000) 2025-01-28 23:49:10 Image size of job updated: 12977620
	9338  -  MemoryUsage of job (MB)
	9561308  -  ResidentSetSize of job (KB)
...
006 (2016873.000.000) 2025-01-28 23:54:11 Image size of job updated: 14168616
	10104  -  MemoryUsage of job (MB)
	10345792  -  ResidentSetSize of job (KB)
...
006 (2016873.000.000) 2025-01-28 23:59:11 Image size of job updated: 15236360
	11047  -  MemoryUsage of job (MB)
	11311484  -  ResidentSetSize of job (KB)
...
006 (2016873.000.000) 2025-01-29 00:04:11 Image size of job updated: 16062320
	11939  -  MemoryUsage of job (MB)
	12225260  -  ResidentSetSize of job (KB)
...
006 (2016873.000.000) 2025-01-29 00:09:12 Image size of job updated: 16967292
	12897  -  MemoryUsage of job (MB)
	13205536  -  ResidentSetSize of job (KB)
...
006 (2016873.000.000) 2025-01-29 00:14:12 Image size of job updated: 17954392
	13894  -  MemoryUsage of job (MB)
	14226924  -  ResidentSetSize of job (KB)
...
006 (2016873.000.000) 2025-01-29 00:19:12 Image size of job updated: 18712392
	14830  -  MemoryUsage of job (MB)
	15185536  -  ResidentSetSize of job (KB)
...
006 (2016873.000.000) 2025-01-29 00:24:14 Image size of job updated: 20092808
	15718  -  MemoryUsage of job (MB)
	16095036  -  ResidentSetSize of job (KB)
...
006 (2016873.000.000) 2025-01-29 00:29:14 Image size of job updated: 20626280
	16830  -  MemoryUsage of job (MB)
	17233708  -  ResidentSetSize of job (KB)
...
006 (2016873.000.000) 2025-01-29 00:34:14 Image size of job updated: 21795540
	17491  -  MemoryUsage of job (MB)
	17910388  -  ResidentSetSize of job (KB)
...
006 (2016873.000.000) 2025-01-29 00:39:15 Image size of job updated: 22776924
	18353  -  MemoryUsage of job (MB)
	18793264  -  ResidentSetSize of job (KB)
...
006 (2016873.000.000) 2025-01-29 00:44:15 Image size of job updated: 23379420
	19207  -  MemoryUsage of job (MB)
	19667884  -  ResidentSetSize of job (KB)
...
006 (2016873.000.000) 2025-01-29 00:49:15 Image size of job updated: 24360824
	19929  -  MemoryUsage of job (MB)
	20406404  -  ResidentSetSize of job (KB)
...
006 (2016873.000.000) 2025-01-29 00:54:16 Image size of job updated: 25171332
	20870  -  MemoryUsage of job (MB)
	21369972  -  ResidentSetSize of job (KB)
...
006 (2016873.000.000) 2025-01-29 00:59:16 Image size of job updated: 25764648
	21782  -  MemoryUsage of job (MB)
	22303888  -  ResidentSetSize of job (KB)
...
006 (2016873.000.000) 2025-01-29 01:04:16 Image size of job updated: 26791324
	22490  -  MemoryUsage of job (MB)
	23029616  -  ResidentSetSize of job (KB)
...
006 (2016873.000.000) 2025-01-29 01:09:17 Image size of job updated: 27894364
	23576  -  MemoryUsage of job (MB)
	24141672  -  ResidentSetSize of job (KB)
...
006 (2016873.000.000) 2025-01-29 01:14:17 Image size of job updated: 28673524
	24362  -  MemoryUsage of job (MB)
	24946572  -  ResidentSetSize of job (KB)
...
006 (2016873.000.000) 2025-01-29 01:19:17 Image size of job updated: 29423532
	25277  -  MemoryUsage of job (MB)
	25883424  -  ResidentSetSize of job (KB)
...
006 (2016873.000.000) 2025-01-29 01:24:18 Image size of job updated: 30349144
	26087  -  MemoryUsage of job (MB)
	26712800  -  ResidentSetSize of job (KB)
...
006 (2016873.000.000) 2025-01-29 01:29:19 Image size of job updated: 31229236
	26964  -  MemoryUsage of job (MB)
	27610244  -  ResidentSetSize of job (KB)
...
006 (2016873.000.000) 2025-01-29 01:34:19 Image size of job updated: 32269752
	27919  -  MemoryUsage of job (MB)
	28588960  -  ResidentSetSize of job (KB)
...
006 (2016873.000.000) 2025-01-29 01:39:20 Image size of job updated: 33192484
	28647  -  MemoryUsage of job (MB)
	29333868  -  ResidentSetSize of job (KB)
...
006 (2016873.000.000) 2025-01-29 01:44:21 Image size of job updated: 33831720
	29421  -  MemoryUsage of job (MB)
	30126740  -  ResidentSetSize of job (KB)
...
006 (2016873.000.000) 2025-01-29 01:49:21 Image size of job updated: 35001312
	30214  -  MemoryUsage of job (MB)
	30938332  -  ResidentSetSize of job (KB)
...
006 (2016873.000.000) 2025-01-29 01:54:22 Image size of job updated: 35872696
	31134  -  MemoryUsage of job (MB)
	31880440  -  ResidentSetSize of job (KB)
...
006 (2016873.000.000) 2025-01-29 01:59:23 Image size of job updated: 36441276
	31941  -  MemoryUsage of job (MB)
	32707332  -  ResidentSetSize of job (KB)
...
006 (2016873.000.000) 2025-01-29 02:01:08 Image size of job updated: 36532056
	31941  -  MemoryUsage of job (MB)
	32707332  -  ResidentSetSize of job (KB)
...
005 (2016873.000.000) 2025-01-29 02:01:08 Job terminated.
	(1) Normal termination (return value 0)
		Usr 0 01:30:09, Sys 0 00:15:53  -  Run Remote Usage
		Usr 0 00:00:00, Sys 0 00:00:00  -  Run Local Usage
		Usr 0 01:30:09, Sys 0 00:15:53  -  Total Remote Usage
		Usr 0 00:00:00, Sys 0 00:00:00  -  Total Local Usage
	0  -  Run Bytes Sent By Job
	0  -  Run Bytes Received By Job
	0  -  Total Bytes Sent By Job
	0  -  Total Bytes Received By Job
	Partitionable Resources :    Usage  Request Allocated 
	   Cpus                 :     0.62        1         1 
	   Disk (KB)            :     2           2   6681240 
	   Memory (MB)          : 31941      128192    128256 
	   xferslots            :                           0 

	Job terminated of its own accord at 2025-01-29T07:01:08Z with exit-code 0.
...
000 (2017257.000.000) 2025-01-30 00:27:58 Job submitted from host: <130.199.48.81:9618?addrs=130.199.48.81-9618&alias=rcas2062.rcf.bnl.gov&noUDP&sock=schedd_48563_ad09>
...
001 (2017257.000.000) 2025-01-30 00:29:51 Job executing on host: <130.199.186.11:9618?addrs=130.199.186.11-9618&alias=spool1808.sdcc.bnl.gov&noUDP&sock=startd_65800_f804>
...
006 (2017257.000.000) 2025-01-30 00:29:59 Image size of job updated: 163868
	80  -  MemoryUsage of job (MB)
	81084  -  ResidentSetSize of job (KB)
...
006 (2017257.000.000) 2025-01-30 00:34:59 Image size of job updated: 4870220
	1346  -  MemoryUsage of job (MB)
	1377340  -  ResidentSetSize of job (KB)
...
006 (2017257.000.000) 2025-01-30 00:40:01 Image size of job updated: 8073380
	4511  -  MemoryUsage of job (MB)
	4619028  -  ResidentSetSize of job (KB)
...
006 (2017257.000.000) 2025-01-30 00:45:01 Image size of job updated: 11264080
	7256  -  MemoryUsage of job (MB)
	7429344  -  ResidentSetSize of job (KB)
...
006 (2017257.000.000) 2025-01-30 00:50:01 Image size of job updated: 13486976
	9834  -  MemoryUsage of job (MB)
	10069760  -  ResidentSetSize of job (KB)
...
006 (2017257.000.000) 2025-01-30 00:55:02 Image size of job updated: 16192336
	12068  -  MemoryUsage of job (MB)
	12356668  -  ResidentSetSize of job (KB)
...
006 (2017257.000.000) 2025-01-30 01:00:03 Image size of job updated: 18791152
	14479  -  MemoryUsage of job (MB)
	14825564  -  ResidentSetSize of job (KB)
...
006 (2017257.000.000) 2025-01-30 01:05:03 Image size of job updated: 20755640
	16871  -  MemoryUsage of job (MB)
	17275776  -  ResidentSetSize of job (KB)
...
006 (2017257.000.000) 2025-01-30 01:10:03 Image size of job updated: 22781124
	18910  -  MemoryUsage of job (MB)
	19363232  -  ResidentSetSize of job (KB)
...
006 (2017257.000.000) 2025-01-30 01:15:04 Image size of job updated: 25368484
	20877  -  MemoryUsage of job (MB)
	21377756  -  ResidentSetSize of job (KB)
...
006 (2017257.000.000) 2025-01-30 01:20:04 Image size of job updated: 27373160
	23031  -  MemoryUsage of job (MB)
	23583696  -  ResidentSetSize of job (KB)
...
006 (2017257.000.000) 2025-01-30 01:25:04 Image size of job updated: 29294060
	24839  -  MemoryUsage of job (MB)
	25435068  -  ResidentSetSize of job (KB)
...
006 (2017257.000.000) 2025-01-30 01:30:05 Image size of job updated: 30800416
	26868  -  MemoryUsage of job (MB)
	27512428  -  ResidentSetSize of job (KB)
...
006 (2017257.000.000) 2025-01-30 01:35:06 Image size of job updated: 32572604
	28500  -  MemoryUsage of job (MB)
	29183132  -  ResidentSetSize of job (KB)
...
006 (2017257.000.000) 2025-01-30 01:40:06 Image size of job updated: 34215316
	29907  -  MemoryUsage of job (MB)
	30624688  -  ResidentSetSize of job (KB)
...
006 (2017257.000.000) 2025-01-30 01:45:07 Image size of job updated: 35597348
	31386  -  MemoryUsage of job (MB)
	32138520  -  ResidentSetSize of job (KB)
...
006 (2017257.000.000) 2025-01-30 01:50:07 Image size of job updated: 37516428
	32873  -  MemoryUsage of job (MB)
	33661684  -  ResidentSetSize of job (KB)
...
006 (2017257.000.000) 2025-01-30 01:55:07 Image size of job updated: 38935852
	34433  -  MemoryUsage of job (MB)
	35258668  -  ResidentSetSize of job (KB)
...
006 (2017257.000.000) 2025-01-30 02:00:08 Image size of job updated: 40209032
	35944  -  MemoryUsage of job (MB)
	36806356  -  ResidentSetSize of job (KB)
...
006 (2017257.000.000) 2025-01-30 02:05:09 Image size of job updated: 41940856
	37535  -  MemoryUsage of job (MB)
	38435512  -  ResidentSetSize of job (KB)
...
006 (2017257.000.000) 2025-01-30 02:10:09 Image size of job updated: 43406204
	38651  -  MemoryUsage of job (MB)
	39577968  -  ResidentSetSize of job (KB)
...
006 (2017257.000.000) 2025-01-30 02:15:10 Image size of job updated: 44573008
	39909  -  MemoryUsage of job (MB)
	40866776  -  ResidentSetSize of job (KB)
...
006 (2017257.000.000) 2025-01-30 02:20:11 Image size of job updated: 45714144
	41244  -  MemoryUsage of job (MB)
	42233256  -  ResidentSetSize of job (KB)
...
006 (2017257.000.000) 2025-01-30 02:25:11 Image size of job updated: 47394744
	42527  -  MemoryUsage of job (MB)
	43547328  -  ResidentSetSize of job (KB)
...
006 (2017257.000.000) 2025-01-30 02:30:12 Image size of job updated: 48321436
	43595  -  MemoryUsage of job (MB)
	44640888  -  ResidentSetSize of job (KB)
...
006 (2017257.000.000) 2025-01-30 02:35:12 Image size of job updated: 49560356
	45040  -  MemoryUsage of job (MB)
	46120036  -  ResidentSetSize of job (KB)
...
006 (2017257.000.000) 2025-01-30 02:40:12 Image size of job updated: 50862772
	46215  -  MemoryUsage of job (MB)
	47323280  -  ResidentSetSize of job (KB)
...
006 (2017257.000.000) 2025-01-30 02:45:13 Image size of job updated: 52309200
	47221  -  MemoryUsage of job (MB)
	48353432  -  ResidentSetSize of job (KB)
...
006 (2017257.000.000) 2025-01-30 02:50:13 Image size of job updated: 53640692
	48777  -  MemoryUsage of job (MB)
	49947456  -  ResidentSetSize of job (KB)
...
006 (2017257.000.000) 2025-01-30 02:55:13 Image size of job updated: 54996264
	50023  -  MemoryUsage of job (MB)
	51223300  -  ResidentSetSize of job (KB)
...
006 (2017257.000.000) 2025-01-30 03:00:14 Image size of job updated: 56105064
	51052  -  MemoryUsage of job (MB)
	52276812  -  ResidentSetSize of job (KB)
...
006 (2017257.000.000) 2025-01-30 03:05:14 Image size of job updated: 57413076
	52540  -  MemoryUsage of job (MB)
	53800664  -  ResidentSetSize of job (KB)
...
006 (2017257.000.000) 2025-01-30 03:10:14 Image size of job updated: 59498896
	54034  -  MemoryUsage of job (MB)
	55330652  -  ResidentSetSize of job (KB)
...
006 (2017257.000.000) 2025-01-30 03:15:15 Image size of job updated: 60396036
	55401  -  MemoryUsage of job (MB)
	56730564  -  ResidentSetSize of job (KB)
...
006 (2017257.000.000) 2025-01-30 03:20:16 Image size of job updated: 61889332
	56946  -  MemoryUsage of job (MB)
	58312300  -  ResidentSetSize of job (KB)
...
006 (2017257.000.000) 2025-01-30 03:25:16 Image size of job updated: 63314892
	58532  -  MemoryUsage of job (MB)
	59936680  -  ResidentSetSize of job (KB)
...
006 (2017257.000.000) 2025-01-30 03:30:17 Image size of job updated: 64704964
	59867  -  MemoryUsage of job (MB)
	61303356  -  ResidentSetSize of job (KB)
...
006 (2017257.000.000) 2025-01-30 03:35:18 Image size of job updated: 66155308
	60858  -  MemoryUsage of job (MB)
	62318352  -  ResidentSetSize of job (KB)
...
006 (2017257.000.000) 2025-01-30 03:40:18 Image size of job updated: 67508416
	62442  -  MemoryUsage of job (MB)
	63939624  -  ResidentSetSize of job (KB)
...
006 (2017257.000.000) 2025-01-30 03:45:18 Image size of job updated: 68972688
	63704  -  MemoryUsage of job (MB)
	65232008  -  ResidentSetSize of job (KB)
...
006 (2017257.000.000) 2025-01-30 03:50:19 Image size of job updated: 70430456
	65285  -  MemoryUsage of job (MB)
	66851296  -  ResidentSetSize of job (KB)
...
006 (2017257.000.000) 2025-01-30 03:55:19 Image size of job updated: 71739072
	66485  -  MemoryUsage of job (MB)
	68080496  -  ResidentSetSize of job (KB)
...
006 (2017257.000.000) 2025-01-30 04:00:19 Image size of job updated: 72977828
	67966  -  MemoryUsage of job (MB)
	69596664  -  ResidentSetSize of job (KB)
...
006 (2017257.000.000) 2025-01-30 04:05:21 Image size of job updated: 74622184
	69356  -  MemoryUsage of job (MB)
	71019788  -  ResidentSetSize of job (KB)
...
006 (2017257.000.000) 2025-01-30 04:09:46 Image size of job updated: 75284296
	69356  -  MemoryUsage of job (MB)
	71019792  -  ResidentSetSize of job (KB)
...
005 (2017257.000.000) 2025-01-30 04:09:46 Job terminated.
	(1) Normal termination (return value 0)
		Usr 0 03:01:51, Sys 0 00:28:16  -  Run Remote Usage
		Usr 0 00:00:00, Sys 0 00:00:00  -  Run Local Usage
		Usr 0 03:01:51, Sys 0 00:28:16  -  Total Remote Usage
		Usr 0 00:00:00, Sys 0 00:00:00  -  Total Local Usage
	0  -  Run Bytes Sent By Job
	0  -  Run Bytes Received By Job
	0  -  Total Bytes Sent By Job
	0  -  Total Bytes Received By Job
	Partitionable Resources :    Usage  Request Allocated 
	   Cpus                 :     0.80        1         1 
	   Disk (KB)            :     2           2   6681625 
	   Memory (MB)          : 69356      128192    128256 
	   xferslots            :                           0 

	Job terminated of its own accord at 2025-01-30T09:09:46Z with exit-code 0.
...
000 (2018703.000.000) 2025-02-02 20:32:10 Job submitted from host: <130.199.48.81:9618?addrs=130.199.48.81-9618&alias=rcas2062.rcf.bnl.gov&noUDP&sock=schedd_48563_ad09>
...
001 (2018703.000.000) 2025-02-02 20:33:55 Job executing on host: <130.199.186.93:9618?addrs=130.199.186.93-9618&alias=spool1856.sdcc.bnl.gov&noUDP&sock=startd_8097_b2a1>
...
006 (2018703.000.000) 2025-02-02 20:34:04 Image size of job updated: 146460
	74  -  MemoryUsage of job (MB)
	75172  -  ResidentSetSize of job (KB)
...
006 (2018703.000.000) 2025-02-02 20:36:37 Image size of job updated: 4001176
	74  -  MemoryUsage of job (MB)
	75176  -  ResidentSetSize of job (KB)
...
005 (2018703.000.000) 2025-02-02 20:36:37 Job terminated.
	(1) Normal termination (return value 0)
		Usr 0 00:02:19, Sys 0 00:00:06  -  Run Remote Usage
		Usr 0 00:00:00, Sys 0 00:00:00  -  Run Local Usage
		Usr 0 00:02:19, Sys 0 00:00:06  -  Total Remote Usage
		Usr 0 00:00:00, Sys 0 00:00:00  -  Total Local Usage
	0  -  Run Bytes Sent By Job
	0  -  Run Bytes Received By Job
	0  -  Total Bytes Sent By Job
	0  -  Total Bytes Received By Job
	Partitionable Resources :    Usage  Request Allocated 
	   Cpus                 :                 1         1 
	   Disk (KB)            :        2        2   6681628 
	   Memory (MB)          :       74   128192    128256 
	   xferslots            :                           0 

	Job terminated of its own accord at 2025-02-03T01:36:37Z with exit-code 0.
...
000 (2019087.000.000) 2025-02-02 20:56:42 Job submitted from host: <130.199.48.81:9618?addrs=130.199.48.81-9618&alias=rcas2062.rcf.bnl.gov&noUDP&sock=schedd_48563_ad09>
...
001 (2019087.000.000) 2025-02-02 20:57:25 Job executing on host: <130.199.186.73:9618?addrs=130.199.186.73-9618&alias=spool1836.sdcc.bnl.gov&noUDP&sock=startd_27279_8f01>
...
006 (2019087.000.000) 2025-02-02 20:57:33 Image size of job updated: 129884
	37  -  MemoryUsage of job (MB)
	37236  -  ResidentSetSize of job (KB)
...
006 (2019087.000.000) 2025-02-02 21:00:14 Image size of job updated: 4001188
	37  -  MemoryUsage of job (MB)
	37244  -  ResidentSetSize of job (KB)
...
005 (2019087.000.000) 2025-02-02 21:00:15 Job terminated.
	(1) Normal termination (return value 0)
		Usr 0 00:02:23, Sys 0 00:00:05  -  Run Remote Usage
		Usr 0 00:00:00, Sys 0 00:00:00  -  Run Local Usage
		Usr 0 00:02:23, Sys 0 00:00:05  -  Total Remote Usage
		Usr 0 00:00:00, Sys 0 00:00:00  -  Total Local Usage
	0  -  Run Bytes Sent By Job
	0  -  Run Bytes Received By Job
	0  -  Total Bytes Sent By Job
	0  -  Total Bytes Received By Job
	Partitionable Resources :    Usage  Request Allocated 
	   Cpus                 :                 1         1 
	   Disk (KB)            :        2        2   6681609 
	   Memory (MB)          :       37   128192    128256 
	   xferslots            :                           0 

	Job terminated of its own accord at 2025-02-03T02:00:14Z with exit-code 0.
...
000 (2019471.000.000) 2025-02-02 22:34:24 Job submitted from host: <130.199.48.81:9618?addrs=130.199.48.81-9618&alias=rcas2062.rcf.bnl.gov&noUDP&sock=schedd_48563_ad09>
...
001 (2019471.000.000) 2025-02-02 22:37:29 Job executing on host: <130.199.186.10:9618?addrs=130.199.186.10-9618&alias=spool1807.sdcc.bnl.gov&noUDP&sock=startd_68265_1c36>
...
006 (2019471.000.000) 2025-02-02 22:37:39 Image size of job updated: 19900
	8  -  MemoryUsage of job (MB)
	7356  -  ResidentSetSize of job (KB)
...
006 (2019471.000.000) 2025-02-02 22:40:35 Image size of job updated: 4001176
	8  -  MemoryUsage of job (MB)
	7356  -  ResidentSetSize of job (KB)
...
005 (2019471.000.000) 2025-02-02 22:40:35 Job terminated.
	(1) Normal termination (return value 0)
		Usr 0 00:02:27, Sys 0 00:00:06  -  Run Remote Usage
		Usr 0 00:00:00, Sys 0 00:00:00  -  Run Local Usage
		Usr 0 00:02:27, Sys 0 00:00:06  -  Total Remote Usage
		Usr 0 00:00:00, Sys 0 00:00:00  -  Total Local Usage
	0  -  Run Bytes Sent By Job
	0  -  Run Bytes Received By Job
	0  -  Total Bytes Sent By Job
	0  -  Total Bytes Received By Job
	Partitionable Resources :    Usage  Request Allocated 
	   Cpus                 :                 1         1 
	   Disk (KB)            :        2        2   6681630 
	   Memory (MB)          :        8   128192    128256 
	   xferslots            :                           0 

	Job terminated of its own accord at 2025-02-03T03:40:35Z with exit-code 0.
...
