000 (2021237.000.000) 2025-02-03 14:06:01 Job submitted from host: <130.199.48.81:9618?addrs=130.199.48.81-9618&alias=rcas2062.rcf.bnl.gov&noUDP&sock=schedd_48563_ad09>
...
001 (2021237.000.000) 2025-02-03 14:06:26 Job executing on host: <130.199.150.66:9618?addrs=130.199.150.66-9618&alias=spool1547.sdcc.bnl.gov&noUDP&sock=startd_39523_a14a>
...
006 (2021237.000.000) 2025-02-03 14:06:35 Image size of job updated: 399648
	239  -  MemoryUsage of job (MB)
	244460  -  ResidentSetSize of job (KB)
...
006 (2021237.000.000) 2025-02-03 14:11:36 Image size of job updated: 4254440
	1442  -  MemoryUsage of job (MB)
	1476588  -  ResidentSetSize of job (KB)
...
006 (2021237.000.000) 2025-02-03 14:16:37 Image size of job updated: 8125620
	4629  -  MemoryUsage of job (MB)
	4739732  -  ResidentSetSize of job (KB)
...
006 (2021237.000.000) 2025-02-03 14:21:37 Image size of job updated: 8131076
	4653  -  MemoryUsage of job (MB)
	4763748  -  ResidentSetSize of job (KB)
...
006 (2021237.000.000) 2025-02-03 14:26:37 Image size of job updated: 8136404
	4662  -  MemoryUsage of job (MB)
	4773056  -  ResidentSetSize of job (KB)
...
006 (2021237.000.000) 2025-02-03 14:31:38 Image size of job updated: 8141444
	4665  -  MemoryUsage of job (MB)
	4776192  -  ResidentSetSize of job (KB)
...
006 (2021237.000.000) 2025-02-03 14:41:38 Image size of job updated: 8141444
	4667  -  MemoryUsage of job (MB)
	4777988  -  ResidentSetSize of job (KB)
...
006 (2021237.000.000) 2025-02-03 14:51:40 Image size of job updated: 8141444
	4670  -  MemoryUsage of job (MB)
	4781292  -  ResidentSetSize of job (KB)
...
006 (2021237.000.000) 2025-02-03 14:56:40 Image size of job updated: 8145236
	4672  -  MemoryUsage of job (MB)
	4783852  -  ResidentSetSize of job (KB)
...
006 (2021237.000.000) 2025-02-03 15:01:41 Image size of job updated: 8145716
	4672  -  MemoryUsage of job (MB)
	4783852  -  ResidentSetSize of job (KB)
...
006 (2021237.000.000) 2025-02-03 15:15:31 Image size of job updated: 8148548
	4672  -  MemoryUsage of job (MB)
	4783852  -  ResidentSetSize of job (KB)
...
004 (2021237.000.000) 2025-02-03 15:15:31 Job was evicted.
	(0) CPU times
		Usr 0 01:07:05, Sys 0 00:00:42  -  Run Remote Usage
		Usr 0 00:00:00, Sys 0 00:00:00  -  Run Local Usage
	0  -  Run Bytes Sent By Job
	0  -  Run Bytes Received By Job
	Partitionable Resources :    Usage  Request Allocated 
	   Cpus                 :     0.99        1         1 
	   Disk (KB)            :     2           2   6681236 
	   Memory (MB)          :  4672      128192    128256 
	   xferslots            :                           0 
...
009 (2021237.000.000) 2025-02-03 15:15:31 Job was aborted.
	via condor_rm (by user sgross)

	Job terminated by <130.199.48.81:6021> at 2025-02-03T20:15:31Z (using method 1: DEACTIVATE_CLAIM).
...
000 (2021239.000.000) 2025-02-03 15:15:55 Job submitted from host: <130.199.48.81:9618?addrs=130.199.48.81-9618&alias=rcas2062.rcf.bnl.gov&noUDP&sock=schedd_48563_ad09>
...
001 (2021239.000.000) 2025-02-03 15:16:10 Job executing on host: <130.199.207.220:9618?addrs=130.199.207.220-9618&alias=spool1507.sdcc.bnl.gov&noUDP&sock=startd_19017_bd6b>
...
006 (2021239.000.000) 2025-02-03 15:16:18 Image size of job updated: 56580
	35  -  MemoryUsage of job (MB)
	35432  -  ResidentSetSize of job (KB)
...
006 (2021239.000.000) 2025-02-03 15:19:06 Image size of job updated: 3999584
	35  -  MemoryUsage of job (MB)
	35432  -  ResidentSetSize of job (KB)
...
005 (2021239.000.000) 2025-02-03 15:19:07 Job terminated.
	(1) Normal termination (return value 0)
		Usr 0 00:02:09, Sys 0 00:00:06  -  Run Remote Usage
		Usr 0 00:00:00, Sys 0 00:00:00  -  Run Local Usage
		Usr 0 00:02:09, Sys 0 00:00:06  -  Total Remote Usage
		Usr 0 00:00:00, Sys 0 00:00:00  -  Total Local Usage
	0  -  Run Bytes Sent By Job
	0  -  Run Bytes Received By Job
	0  -  Total Bytes Sent By Job
	0  -  Total Bytes Received By Job
	Partitionable Resources :    Usage  Request Allocated 
	   Cpus                 :     0.21        1         1 
	   Disk (KB)            :     2           2   6681174 
	   Memory (MB)          :    35      128192    128256 
	   xferslots            :                           0 

	Job terminated of its own accord at 2025-02-03T20:19:06Z with exit-code 0.
...
