000 (2017190.000.000) 2025-01-28 23:08:16 Job submitted from host: <130.199.48.81:9618?addrs=130.199.48.81-9618&alias=rcas2062.rcf.bnl.gov&noUDP&sock=schedd_48563_ad09>
...
001 (2017190.000.000) 2025-01-29 01:37:03 Job executing on host: <130.199.186.10:9618?addrs=130.199.186.10-9618&alias=spool1807.sdcc.bnl.gov&noUDP&sock=startd_68265_1c36>
...
006 (2017190.000.000) 2025-01-29 01:37:12 Image size of job updated: 562984
	88  -  MemoryUsage of job (MB)
	89616  -  ResidentSetSize of job (KB)
...
006 (2017190.000.000) 2025-01-29 01:37:17 Image size of job updated: 562984
	88  -  MemoryUsage of job (MB)
	89648  -  ResidentSetSize of job (KB)
...
005 (2017190.000.000) 2025-01-29 01:37:18 Job terminated.
	(1) Normal termination (return value 0)
		Usr 0 00:00:03, Sys 0 00:00:02  -  Run Remote Usage
		Usr 0 00:00:00, Sys 0 00:00:00  -  Run Local Usage
		Usr 0 00:00:03, Sys 0 00:00:02  -  Total Remote Usage
		Usr 0 00:00:00, Sys 0 00:00:00  -  Total Local Usage
	0  -  Run Bytes Sent By Job
	0  -  Run Bytes Received By Job
	0  -  Total Bytes Sent By Job
	0  -  Total Bytes Received By Job
	Partitionable Resources :    Usage  Request Allocated 
	   Cpus                 :                 1         1 
	   Disk (KB)            :        2        2   6681630 
	   Memory (MB)          :       88   128192    128256 
	   xferslots            :                           0 

	Job terminated of its own accord at 2025-01-29T06:37:17Z with exit-code 0.
...
000 (2017574.000.000) 2025-01-30 00:28:33 Job submitted from host: <130.199.48.81:9618?addrs=130.199.48.81-9618&alias=rcas2062.rcf.bnl.gov&noUDP&sock=schedd_48563_ad09>
...
001 (2017574.000.000) 2025-01-30 09:10:25 Job executing on host: <130.199.150.87:9618?addrs=130.199.150.87-9618&alias=spool1568.sdcc.bnl.gov&noUDP&sock=startd_61885_ebb5>
...
006 (2017574.000.000) 2025-01-30 09:10:33 Image size of job updated: 42836
	32  -  MemoryUsage of job (MB)
	32576  -  ResidentSetSize of job (KB)
...
006 (2017574.000.000) 2025-01-30 09:15:34 Image size of job updated: 5066860
	1180  -  MemoryUsage of job (MB)
	1208236  -  ResidentSetSize of job (KB)
...
006 (2017574.000.000) 2025-01-30 09:20:35 Image size of job updated: 6198480
	2488  -  MemoryUsage of job (MB)
	2547156  -  ResidentSetSize of job (KB)
...
006 (2017574.000.000) 2025-01-30 09:25:35 Image size of job updated: 7560608
	3601  -  MemoryUsage of job (MB)
	3686724  -  ResidentSetSize of job (KB)
...
006 (2017574.000.000) 2025-01-30 09:30:35 Image size of job updated: 8665488
	5055  -  MemoryUsage of job (MB)
	5175352  -  ResidentSetSize of job (KB)
...
006 (2017574.000.000) 2025-01-30 09:35:36 Image size of job updated: 9848588
	6157  -  MemoryUsage of job (MB)
	6304644  -  ResidentSetSize of job (KB)
...
006 (2017574.000.000) 2025-01-30 09:40:36 Image size of job updated: 10895344
	7148  -  MemoryUsage of job (MB)
	7319136  -  ResidentSetSize of job (KB)
...
006 (2017574.000.000) 2025-01-30 09:45:37 Image size of job updated: 12248948
	8151  -  MemoryUsage of job (MB)
	8345860  -  ResidentSetSize of job (KB)
...
006 (2017574.000.000) 2025-01-30 09:50:38 Image size of job updated: 13585084
	9353  -  MemoryUsage of job (MB)
	9577240  -  ResidentSetSize of job (KB)
...
006 (2017574.000.000) 2025-01-30 09:55:38 Image size of job updated: 14436180
	10534  -  MemoryUsage of job (MB)
	10786612  -  ResidentSetSize of job (KB)
...
006 (2017574.000.000) 2025-01-30 10:00:38 Image size of job updated: 15625532
	11506  -  MemoryUsage of job (MB)
	11781876  -  ResidentSetSize of job (KB)
...
006 (2017574.000.000) 2025-01-30 10:09:55 Image size of job updated: 15824448
	14758  -  MemoryUsage of job (MB)
	15111360  -  ResidentSetSize of job (KB)
...
006 (2017574.000.000) 2025-01-30 10:22:44 Image size of job updated: 21802952
	17854  -  MemoryUsage of job (MB)
	18282452  -  ResidentSetSize of job (KB)
...
006 (2017574.000.000) 2025-01-30 10:32:59 Image size of job updated: 24369812
	20312  -  MemoryUsage of job (MB)
	20798824  -  ResidentSetSize of job (KB)
...
006 (2017574.000.000) 2025-01-30 10:39:09 Image size of job updated: 26072332
	21541  -  MemoryUsage of job (MB)
	22056980  -  ResidentSetSize of job (KB)
...
006 (2017574.000.000) 2025-01-30 10:44:09 Image size of job updated: 27187236
	22639  -  MemoryUsage of job (MB)
	23181584  -  ResidentSetSize of job (KB)
...
006 (2017574.000.000) 2025-01-30 10:49:09 Image size of job updated: 28093260
	23736  -  MemoryUsage of job (MB)
	24304724  -  ResidentSetSize of job (KB)
...
006 (2017574.000.000) 2025-01-30 10:54:10 Image size of job updated: 29167240
	24824  -  MemoryUsage of job (MB)
	25419140  -  ResidentSetSize of job (KB)
...
006 (2017574.000.000) 2025-01-30 10:59:10 Image size of job updated: 30083896
	25967  -  MemoryUsage of job (MB)
	26589624  -  ResidentSetSize of job (KB)
...
006 (2017574.000.000) 2025-01-30 11:04:10 Image size of job updated: 30963092
	26882  -  MemoryUsage of job (MB)
	27526396  -  ResidentSetSize of job (KB)
...
006 (2017574.000.000) 2025-01-30 11:09:11 Image size of job updated: 32591880
	28024  -  MemoryUsage of job (MB)
	28696024  -  ResidentSetSize of job (KB)
...
006 (2017574.000.000) 2025-01-30 11:14:12 Image size of job updated: 33267956
	29237  -  MemoryUsage of job (MB)
	29937904  -  ResidentSetSize of job (KB)
...
006 (2017574.000.000) 2025-01-30 11:19:12 Image size of job updated: 34801420
	30158  -  MemoryUsage of job (MB)
	30881252  -  ResidentSetSize of job (KB)
...
006 (2017574.000.000) 2025-01-30 11:24:13 Image size of job updated: 35881700
	31235  -  MemoryUsage of job (MB)
	31983628  -  ResidentSetSize of job (KB)
...
006 (2017574.000.000) 2025-01-30 11:29:14 Image size of job updated: 36602344
	32034  -  MemoryUsage of job (MB)
	32802620  -  ResidentSetSize of job (KB)
...
006 (2017574.000.000) 2025-01-30 11:34:14 Image size of job updated: 37870748
	33260  -  MemoryUsage of job (MB)
	34058168  -  ResidentSetSize of job (KB)
...
006 (2017574.000.000) 2025-01-30 11:39:14 Image size of job updated: 38733828
	34413  -  MemoryUsage of job (MB)
	35238312  -  ResidentSetSize of job (KB)
...
006 (2017574.000.000) 2025-01-30 11:44:15 Image size of job updated: 39743120
	35283  -  MemoryUsage of job (MB)
	36129032  -  ResidentSetSize of job (KB)
...
006 (2017574.000.000) 2025-01-30 11:49:15 Image size of job updated: 40744264
	36281  -  MemoryUsage of job (MB)
	37151656  -  ResidentSetSize of job (KB)
...
006 (2017574.000.000) 2025-01-30 11:54:15 Image size of job updated: 42368144
	37445  -  MemoryUsage of job (MB)
	38343352  -  ResidentSetSize of job (KB)
...
006 (2017574.000.000) 2025-01-30 11:59:17 Image size of job updated: 42816596
	38311  -  MemoryUsage of job (MB)
	39229544  -  ResidentSetSize of job (KB)
...
006 (2017574.000.000) 2025-01-30 12:04:17 Image size of job updated: 43945156
	39337  -  MemoryUsage of job (MB)
	40281020  -  ResidentSetSize of job (KB)
...
006 (2017574.000.000) 2025-01-30 12:09:17 Image size of job updated: 44961276
	40258  -  MemoryUsage of job (MB)
	41223416  -  ResidentSetSize of job (KB)
...
006 (2017574.000.000) 2025-01-30 12:14:18 Image size of job updated: 45697060
	41054  -  MemoryUsage of job (MB)
	42038320  -  ResidentSetSize of job (KB)
...
006 (2017574.000.000) 2025-01-30 12:19:19 Image size of job updated: 47037988
	42114  -  MemoryUsage of job (MB)
	43124660  -  ResidentSetSize of job (KB)
...
006 (2017574.000.000) 2025-01-30 12:24:19 Image size of job updated: 48162192
	43288  -  MemoryUsage of job (MB)
	44326424  -  ResidentSetSize of job (KB)
...
006 (2017574.000.000) 2025-01-30 12:29:20 Image size of job updated: 49322920
	44323  -  MemoryUsage of job (MB)
	45385888  -  ResidentSetSize of job (KB)
...
006 (2017574.000.000) 2025-01-30 12:34:21 Image size of job updated: 50477768
	45276  -  MemoryUsage of job (MB)
	46362560  -  ResidentSetSize of job (KB)
...
006 (2017574.000.000) 2025-01-30 12:39:21 Image size of job updated: 51177232
	46222  -  MemoryUsage of job (MB)
	47330732  -  ResidentSetSize of job (KB)
...
006 (2017574.000.000) 2025-01-30 12:44:21 Image size of job updated: 52497688
	47166  -  MemoryUsage of job (MB)
	48297216  -  ResidentSetSize of job (KB)
...
006 (2017574.000.000) 2025-01-30 12:49:22 Image size of job updated: 53253360
	48272  -  MemoryUsage of job (MB)
	49429516  -  ResidentSetSize of job (KB)
...
006 (2017574.000.000) 2025-01-30 12:54:22 Image size of job updated: 54408792
	49237  -  MemoryUsage of job (MB)
	50418144  -  ResidentSetSize of job (KB)
...
006 (2017574.000.000) 2025-01-30 12:59:22 Image size of job updated: 55134704
	50035  -  MemoryUsage of job (MB)
	51235320  -  ResidentSetSize of job (KB)
...
006 (2017574.000.000) 2025-01-30 13:04:24 Image size of job updated: 55920792
	50826  -  MemoryUsage of job (MB)
	52045048  -  ResidentSetSize of job (KB)
...
006 (2017574.000.000) 2025-01-30 13:09:24 Image size of job updated: 56880364
	51983  -  MemoryUsage of job (MB)
	53229940  -  ResidentSetSize of job (KB)
...
006 (2017574.000.000) 2025-01-30 13:14:24 Image size of job updated: 58603880
	53533  -  MemoryUsage of job (MB)
	54817136  -  ResidentSetSize of job (KB)
...
006 (2017574.000.000) 2025-01-30 13:19:25 Image size of job updated: 59926508
	54952  -  MemoryUsage of job (MB)
	56270452  -  ResidentSetSize of job (KB)
...
006 (2017574.000.000) 2025-01-30 13:24:26 Image size of job updated: 61707948
	56521  -  MemoryUsage of job (MB)
	57876648  -  ResidentSetSize of job (KB)
...
006 (2017574.000.000) 2025-01-30 13:29:26 Image size of job updated: 63246056
	58157  -  MemoryUsage of job (MB)
	59552576  -  ResidentSetSize of job (KB)
...
006 (2017574.000.000) 2025-01-30 13:34:27 Image size of job updated: 64882868
	59627  -  MemoryUsage of job (MB)
	61057168  -  ResidentSetSize of job (KB)
...
006 (2017574.000.000) 2025-01-30 13:39:28 Image size of job updated: 66559472
	61106  -  MemoryUsage of job (MB)
	62572072  -  ResidentSetSize of job (KB)
...
006 (2017574.000.000) 2025-01-30 13:44:28 Image size of job updated: 67894648
	62310  -  MemoryUsage of job (MB)
	63804844  -  ResidentSetSize of job (KB)
...
006 (2017574.000.000) 2025-01-30 13:49:29 Image size of job updated: 69127564
	63830  -  MemoryUsage of job (MB)
	65361656  -  ResidentSetSize of job (KB)
...
006 (2017574.000.000) 2025-01-30 13:54:30 Image size of job updated: 70588676
	65288  -  MemoryUsage of job (MB)
	66854860  -  ResidentSetSize of job (KB)
...
006 (2017574.000.000) 2025-01-30 13:59:30 Image size of job updated: 72132864
	66764  -  MemoryUsage of job (MB)
	68366100  -  ResidentSetSize of job (KB)
...
006 (2017574.000.000) 2025-01-30 14:04:30 Image size of job updated: 73761032
	68124  -  MemoryUsage of job (MB)
	69758528  -  ResidentSetSize of job (KB)
...
006 (2017574.000.000) 2025-01-30 14:09:31 Image size of job updated: 74990792
	69525  -  MemoryUsage of job (MB)
	71192628  -  ResidentSetSize of job (KB)
...
006 (2017574.000.000) 2025-01-30 14:14:31 Image size of job updated: 76672880
	70982  -  MemoryUsage of job (MB)
	72685400  -  ResidentSetSize of job (KB)
...
006 (2017574.000.000) 2025-01-30 14:19:31 Image size of job updated: 78191100
	72440  -  MemoryUsage of job (MB)
	74178208  -  ResidentSetSize of job (KB)
...
006 (2017574.000.000) 2025-01-30 14:22:47 Image size of job updated: 79340604
	72440  -  MemoryUsage of job (MB)
	74178280  -  ResidentSetSize of job (KB)
...
005 (2017574.000.000) 2025-01-30 14:22:47 Job terminated.
	(1) Normal termination (return value 0)
		Usr 0 03:23:48, Sys 0 00:31:18  -  Run Remote Usage
		Usr 0 00:00:00, Sys 0 00:00:00  -  Run Local Usage
		Usr 0 03:23:48, Sys 0 00:31:18  -  Total Remote Usage
		Usr 0 00:00:00, Sys 0 00:00:00  -  Total Local Usage
	0  -  Run Bytes Sent By Job
	0  -  Run Bytes Received By Job
	0  -  Total Bytes Sent By Job
	0  -  Total Bytes Received By Job
	Partitionable Resources :    Usage  Request Allocated 
	   Cpus                 :     1.03        1         1 
	   Disk (KB)            :     2           2   6681235 
	   Memory (MB)          : 72440      128192    128256 
	   xferslots            :                           0 

	Job terminated of its own accord at 2025-01-30T19:22:46Z with exit-code 0.
...
000 (2019020.000.000) 2025-02-02 20:32:43 Job submitted from host: <130.199.48.81:9618?addrs=130.199.48.81-9618&alias=rcas2062.rcf.bnl.gov&noUDP&sock=schedd_48563_ad09>
...
001 (2019020.000.000) 2025-02-02 20:42:15 Job executing on host: <130.199.184.203:9618?addrs=130.199.184.203-9618&alias=spool1778.sdcc.bnl.gov&noUDP&sock=startd_34041_a570>
...
006 (2019020.000.000) 2025-02-02 20:42:24 Image size of job updated: 563848
	77  -  MemoryUsage of job (MB)
	78352  -  ResidentSetSize of job (KB)
...
006 (2019020.000.000) 2025-02-02 20:44:59 Image size of job updated: 4000848
	77  -  MemoryUsage of job (MB)
	78408  -  ResidentSetSize of job (KB)
...
005 (2019020.000.000) 2025-02-02 20:44:59 Job terminated.
	(1) Normal termination (return value 0)
		Usr 0 00:02:14, Sys 0 00:00:05  -  Run Remote Usage
		Usr 0 00:00:00, Sys 0 00:00:00  -  Run Local Usage
		Usr 0 00:02:14, Sys 0 00:00:05  -  Total Remote Usage
		Usr 0 00:00:00, Sys 0 00:00:00  -  Total Local Usage
	0  -  Run Bytes Sent By Job
	0  -  Run Bytes Received By Job
	0  -  Total Bytes Sent By Job
	0  -  Total Bytes Received By Job
	Partitionable Resources :    Usage  Request Allocated 
	   Cpus                 :     0.95        1         1 
	   Disk (KB)            :     2           2   6681624 
	   Memory (MB)          :    77      128192    128256 
	   xferslots            :                           0 

	Job terminated of its own accord at 2025-02-03T01:44:58Z with exit-code 0.
...
000 (2019404.000.000) 2025-02-02 20:57:11 Job submitted from host: <130.199.48.81:9618?addrs=130.199.48.81-9618&alias=rcas2062.rcf.bnl.gov&noUDP&sock=schedd_48563_ad09>
...
001 (2019404.000.000) 2025-02-02 21:03:32 Job executing on host: <130.199.186.20:9618?addrs=130.199.186.20-9618&alias=spool1817.sdcc.bnl.gov&noUDP&sock=startd_65583_4a83>
...
006 (2019404.000.000) 2025-02-02 21:03:41 Image size of job updated: 563984
	79  -  MemoryUsage of job (MB)
	79948  -  ResidentSetSize of job (KB)
...
006 (2019404.000.000) 2025-02-02 21:06:16 Image size of job updated: 4000852
	79  -  MemoryUsage of job (MB)
	79956  -  ResidentSetSize of job (KB)
...
005 (2019404.000.000) 2025-02-02 21:06:16 Job terminated.
	(1) Normal termination (return value 0)
		Usr 0 00:02:16, Sys 0 00:00:05  -  Run Remote Usage
		Usr 0 00:00:00, Sys 0 00:00:00  -  Run Local Usage
		Usr 0 00:02:16, Sys 0 00:00:05  -  Total Remote Usage
		Usr 0 00:00:00, Sys 0 00:00:00  -  Total Local Usage
	0  -  Run Bytes Sent By Job
	0  -  Run Bytes Received By Job
	0  -  Total Bytes Sent By Job
	0  -  Total Bytes Received By Job
	Partitionable Resources :    Usage  Request Allocated 
	   Cpus                 :                 1         1 
	   Disk (KB)            :        2        2   6681619 
	   Memory (MB)          :       79   128192    128256 
	   xferslots            :                           0 

	Job terminated of its own accord at 2025-02-03T02:06:16Z with exit-code 0.
...
000 (2019788.000.000) 2025-02-02 22:34:51 Job submitted from host: <130.199.48.81:9618?addrs=130.199.48.81-9618&alias=rcas2062.rcf.bnl.gov&noUDP&sock=schedd_48563_ad09>
...
001 (2019788.000.000) 2025-02-02 22:47:41 Job executing on host: <130.199.184.153:9618?addrs=130.199.184.153-9618&alias=spool1762.sdcc.bnl.gov&noUDP&sock=startd_50639_b426>
...
006 (2019788.000.000) 2025-02-02 22:47:50 Image size of job updated: 146940
	75  -  MemoryUsage of job (MB)
	76636  -  ResidentSetSize of job (KB)
...
006 (2019788.000.000) 2025-02-02 22:50:45 Image size of job updated: 4000848
	75  -  MemoryUsage of job (MB)
	76648  -  ResidentSetSize of job (KB)
...
005 (2019788.000.000) 2025-02-02 22:50:45 Job terminated.
	(1) Normal termination (return value 0)
		Usr 0 00:02:31, Sys 0 00:00:05  -  Run Remote Usage
		Usr 0 00:00:00, Sys 0 00:00:00  -  Run Local Usage
		Usr 0 00:02:31, Sys 0 00:00:05  -  Total Remote Usage
		Usr 0 00:00:00, Sys 0 00:00:00  -  Total Local Usage
	0  -  Run Bytes Sent By Job
	0  -  Run Bytes Received By Job
	0  -  Total Bytes Sent By Job
	0  -  Total Bytes Received By Job
	Partitionable Resources :    Usage  Request Allocated 
	   Cpus                 :     0.31        1         1 
	   Disk (KB)            :     2           2   6681619 
	   Memory (MB)          :    75      128192    128256 
	   xferslots            :                           0 

	Job terminated of its own accord at 2025-02-03T03:50:45Z with exit-code 0.
...
