000 (2016842.000.000) 2025-01-28 23:07:47 Job submitted from host: <130.199.48.81:9618?addrs=130.199.48.81-9618&alias=rcas2062.rcf.bnl.gov&noUDP&sock=schedd_48563_ad09>
...
001 (2016842.000.000) 2025-01-28 23:08:26 Job executing on host: <130.199.184.204:9618?addrs=130.199.184.204-9618&alias=spool1779.sdcc.bnl.gov&noUDP&sock=startd_79825_b44a>
...
006 (2016842.000.000) 2025-01-28 23:08:35 Image size of job updated: 48636
	6  -  MemoryUsage of job (MB)
	5740  -  ResidentSetSize of job (KB)
...
006 (2016842.000.000) 2025-01-28 23:13:36 Image size of job updated: 5223424
	1249  -  MemoryUsage of job (MB)
	1278384  -  ResidentSetSize of job (KB)
...
006 (2016842.000.000) 2025-01-28 23:18:37 Image size of job updated: 6620200
	2489  -  MemoryUsage of job (MB)
	2547888  -  ResidentSetSize of job (KB)
...
006 (2016842.000.000) 2025-01-28 23:23:37 Image size of job updated: 7815196
	3922  -  MemoryUsage of job (MB)
	4015772  -  ResidentSetSize of job (KB)
...
006 (2016842.000.000) 2025-01-28 23:28:38 Image size of job updated: 9111332
	5551  -  MemoryUsage of job (MB)
	5683444  -  ResidentSetSize of job (KB)
...
006 (2016842.000.000) 2025-01-28 23:33:39 Image size of job updated: 10607792
	6841  -  MemoryUsage of job (MB)
	7004324  -  ResidentSetSize of job (KB)
...
006 (2016842.000.000) 2025-01-28 23:38:39 Image size of job updated: 11840608
	8258  -  MemoryUsage of job (MB)
	8455344  -  ResidentSetSize of job (KB)
...
006 (2016842.000.000) 2025-01-28 23:43:39 Image size of job updated: 13231372
	9151  -  MemoryUsage of job (MB)
	9370572  -  ResidentSetSize of job (KB)
...
006 (2016842.000.000) 2025-01-28 23:48:40 Image size of job updated: 14006960
	10034  -  MemoryUsage of job (MB)
	10273948  -  ResidentSetSize of job (KB)
...
006 (2016842.000.000) 2025-01-28 23:53:40 Image size of job updated: 15116192
	11170  -  MemoryUsage of job (MB)
	11437260  -  ResidentSetSize of job (KB)
...
006 (2016842.000.000) 2025-01-28 23:58:40 Image size of job updated: 15992888
	12117  -  MemoryUsage of job (MB)
	12406916  -  ResidentSetSize of job (KB)
...
006 (2016842.000.000) 2025-01-29 00:03:41 Image size of job updated: 16859636
	12980  -  MemoryUsage of job (MB)
	13290940  -  ResidentSetSize of job (KB)
...
006 (2016842.000.000) 2025-01-29 00:08:42 Image size of job updated: 17832916
	13950  -  MemoryUsage of job (MB)
	14284704  -  ResidentSetSize of job (KB)
...
006 (2016842.000.000) 2025-01-29 00:13:42 Image size of job updated: 19316324
	15040  -  MemoryUsage of job (MB)
	15400636  -  ResidentSetSize of job (KB)
...
006 (2016842.000.000) 2025-01-29 00:18:43 Image size of job updated: 19994932
	15989  -  MemoryUsage of job (MB)
	16372716  -  ResidentSetSize of job (KB)
...
006 (2016842.000.000) 2025-01-29 00:23:44 Image size of job updated: 21026132
	17035  -  MemoryUsage of job (MB)
	17443348  -  ResidentSetSize of job (KB)
...
006 (2016842.000.000) 2025-01-29 00:28:44 Image size of job updated: 22024764
	17991  -  MemoryUsage of job (MB)
	18422216  -  ResidentSetSize of job (KB)
...
006 (2016842.000.000) 2025-01-29 00:33:45 Image size of job updated: 22923384
	18867  -  MemoryUsage of job (MB)
	19319660  -  ResidentSetSize of job (KB)
...
006 (2016842.000.000) 2025-01-29 00:38:46 Image size of job updated: 24061008
	19703  -  MemoryUsage of job (MB)
	20175048  -  ResidentSetSize of job (KB)
...
006 (2016842.000.000) 2025-01-29 00:43:46 Image size of job updated: 24782860
	20753  -  MemoryUsage of job (MB)
	21250156  -  ResidentSetSize of job (KB)
...
006 (2016842.000.000) 2025-01-29 00:48:46 Image size of job updated: 25917900
	21577  -  MemoryUsage of job (MB)
	22093840  -  ResidentSetSize of job (KB)
...
006 (2016842.000.000) 2025-01-29 00:53:47 Image size of job updated: 26940028
	22365  -  MemoryUsage of job (MB)
	22901308  -  ResidentSetSize of job (KB)
...
006 (2016842.000.000) 2025-01-29 00:58:47 Image size of job updated: 27759532
	23604  -  MemoryUsage of job (MB)
	24169748  -  ResidentSetSize of job (KB)
...
006 (2016842.000.000) 2025-01-29 01:03:47 Image size of job updated: 28718296
	24565  -  MemoryUsage of job (MB)
	25154272  -  ResidentSetSize of job (KB)
...
006 (2016842.000.000) 2025-01-29 01:08:48 Image size of job updated: 29718924
	25502  -  MemoryUsage of job (MB)
	26113068  -  ResidentSetSize of job (KB)
...
006 (2016842.000.000) 2025-01-29 01:13:48 Image size of job updated: 31002944
	26574  -  MemoryUsage of job (MB)
	27211484  -  ResidentSetSize of job (KB)
...
006 (2016842.000.000) 2025-01-29 01:18:48 Image size of job updated: 32248296
	27773  -  MemoryUsage of job (MB)
	28439224  -  ResidentSetSize of job (KB)
...
006 (2016842.000.000) 2025-01-29 01:23:49 Image size of job updated: 33603244
	28994  -  MemoryUsage of job (MB)
	29689288  -  ResidentSetSize of job (KB)
...
006 (2016842.000.000) 2025-01-29 01:28:49 Image size of job updated: 34564528
	30123  -  MemoryUsage of job (MB)
	30845452  -  ResidentSetSize of job (KB)
...
006 (2016842.000.000) 2025-01-29 01:33:50 Image size of job updated: 35741512
	31216  -  MemoryUsage of job (MB)
	31964808  -  ResidentSetSize of job (KB)
...
006 (2016842.000.000) 2025-01-29 01:38:50 Image size of job updated: 37019820
	32431  -  MemoryUsage of job (MB)
	33208804  -  ResidentSetSize of job (KB)
...
006 (2016842.000.000) 2025-01-29 01:43:50 Image size of job updated: 37529992
	33408  -  MemoryUsage of job (MB)
	34208884  -  ResidentSetSize of job (KB)
...
006 (2016842.000.000) 2025-01-29 01:48:51 Image size of job updated: 39098256
	34409  -  MemoryUsage of job (MB)
	35234696  -  ResidentSetSize of job (KB)
...
006 (2016842.000.000) 2025-01-29 01:52:27 Image size of job updated: 39358228
	34409  -  MemoryUsage of job (MB)
	35234704  -  ResidentSetSize of job (KB)
...
005 (2016842.000.000) 2025-01-29 01:52:28 Job terminated.
	(1) Normal termination (return value 0)
		Usr 0 01:30:38, Sys 0 00:14:08  -  Run Remote Usage
		Usr 0 00:00:00, Sys 0 00:00:00  -  Run Local Usage
		Usr 0 01:30:38, Sys 0 00:14:08  -  Total Remote Usage
		Usr 0 00:00:00, Sys 0 00:00:00  -  Total Local Usage
	0  -  Run Bytes Sent By Job
	0  -  Run Bytes Received By Job
	0  -  Total Bytes Sent By Job
	0  -  Total Bytes Received By Job
	Partitionable Resources :    Usage  Request Allocated 
	   Cpus                 :     0.73        1         1 
	   Disk (KB)            :     2           2   6681624 
	   Memory (MB)          : 34409      128192    128256 
	   xferslots            :                           0 

	Job terminated of its own accord at 2025-01-29T06:52:27Z with exit-code 0.
...
000 (2017226.000.000) 2025-01-30 00:27:54 Job submitted from host: <130.199.48.81:9618?addrs=130.199.48.81-9618&alias=rcas2062.rcf.bnl.gov&noUDP&sock=schedd_48563_ad09>
...
001 (2017226.000.000) 2025-01-30 00:28:07 Job executing on host: <130.199.184.218:9618?addrs=130.199.184.218-9618&alias=spool1793.sdcc.bnl.gov&noUDP&sock=startd_43997_9835>
...
006 (2017226.000.000) 2025-01-30 00:28:16 Image size of job updated: 74292
	40  -  MemoryUsage of job (MB)
	40016  -  ResidentSetSize of job (KB)
...
006 (2017226.000.000) 2025-01-30 00:33:17 Image size of job updated: 6398884
	2827  -  MemoryUsage of job (MB)
	2894568  -  ResidentSetSize of job (KB)
...
006 (2017226.000.000) 2025-01-30 00:38:17 Image size of job updated: 9560324
	5982  -  MemoryUsage of job (MB)
	6124640  -  ResidentSetSize of job (KB)
...
006 (2017226.000.000) 2025-01-30 00:43:17 Image size of job updated: 12582792
	8841  -  MemoryUsage of job (MB)
	9052720  -  ResidentSetSize of job (KB)
...
006 (2017226.000.000) 2025-01-30 00:48:18 Image size of job updated: 15750404
	11683  -  MemoryUsage of job (MB)
	11963012  -  ResidentSetSize of job (KB)
...
006 (2017226.000.000) 2025-01-30 00:53:18 Image size of job updated: 18301772
	14355  -  MemoryUsage of job (MB)
	14698712  -  ResidentSetSize of job (KB)
...
006 (2017226.000.000) 2025-01-30 00:58:18 Image size of job updated: 20640644
	17015  -  MemoryUsage of job (MB)
	17423140  -  ResidentSetSize of job (KB)
...
006 (2017226.000.000) 2025-01-30 01:03:19 Image size of job updated: 23369804
	19533  -  MemoryUsage of job (MB)
	20000992  -  ResidentSetSize of job (KB)
...
006 (2017226.000.000) 2025-01-30 01:08:20 Image size of job updated: 26185604
	22278  -  MemoryUsage of job (MB)
	22811864  -  ResidentSetSize of job (KB)
...
006 (2017226.000.000) 2025-01-30 01:13:20 Image size of job updated: 28566504
	24572  -  MemoryUsage of job (MB)
	25161632  -  ResidentSetSize of job (KB)
...
006 (2017226.000.000) 2025-01-30 01:18:21 Image size of job updated: 31482940
	27057  -  MemoryUsage of job (MB)
	27705700  -  ResidentSetSize of job (KB)
...
006 (2017226.000.000) 2025-01-30 01:23:22 Image size of job updated: 33629648
	29203  -  MemoryUsage of job (MB)
	29903364  -  ResidentSetSize of job (KB)
...
006 (2017226.000.000) 2025-01-30 01:28:22 Image size of job updated: 35370328
	30885  -  MemoryUsage of job (MB)
	31625312  -  ResidentSetSize of job (KB)
...
006 (2017226.000.000) 2025-01-30 01:33:22 Image size of job updated: 36643828
	32460  -  MemoryUsage of job (MB)
	33238984  -  ResidentSetSize of job (KB)
...
006 (2017226.000.000) 2025-01-30 01:38:23 Image size of job updated: 38428688
	33955  -  MemoryUsage of job (MB)
	34769600  -  ResidentSetSize of job (KB)
...
006 (2017226.000.000) 2025-01-30 01:43:23 Image size of job updated: 39518136
	35291  -  MemoryUsage of job (MB)
	36137120  -  ResidentSetSize of job (KB)
...
006 (2017226.000.000) 2025-01-30 01:48:23 Image size of job updated: 41393800
	36649  -  MemoryUsage of job (MB)
	37527596  -  ResidentSetSize of job (KB)
...
006 (2017226.000.000) 2025-01-30 01:53:24 Image size of job updated: 42670844
	38371  -  MemoryUsage of job (MB)
	39291752  -  ResidentSetSize of job (KB)
...
006 (2017226.000.000) 2025-01-30 01:58:25 Image size of job updated: 44303692
	39587  -  MemoryUsage of job (MB)
	40536992  -  ResidentSetSize of job (KB)
...
006 (2017226.000.000) 2025-01-30 02:03:25 Image size of job updated: 46010776
	41037  -  MemoryUsage of job (MB)
	42021496  -  ResidentSetSize of job (KB)
...
006 (2017226.000.000) 2025-01-30 02:08:26 Image size of job updated: 47001060
	42227  -  MemoryUsage of job (MB)
	43239840  -  ResidentSetSize of job (KB)
...
006 (2017226.000.000) 2025-01-30 02:13:27 Image size of job updated: 48006736
	43478  -  MemoryUsage of job (MB)
	44521452  -  ResidentSetSize of job (KB)
...
006 (2017226.000.000) 2025-01-30 02:18:27 Image size of job updated: 49928904
	44902  -  MemoryUsage of job (MB)
	45979252  -  ResidentSetSize of job (KB)
...
006 (2017226.000.000) 2025-01-30 02:23:28 Image size of job updated: 50779984
	46208  -  MemoryUsage of job (MB)
	47316188  -  ResidentSetSize of job (KB)
...
006 (2017226.000.000) 2025-01-30 02:28:29 Image size of job updated: 52576256
	47612  -  MemoryUsage of job (MB)
	48754460  -  ResidentSetSize of job (KB)
...
006 (2017226.000.000) 2025-01-30 02:33:29 Image size of job updated: 54181564
	49310  -  MemoryUsage of job (MB)
	50493296  -  ResidentSetSize of job (KB)
...
006 (2017226.000.000) 2025-01-30 02:38:29 Image size of job updated: 55290608
	50617  -  MemoryUsage of job (MB)
	51831684  -  ResidentSetSize of job (KB)
...
006 (2017226.000.000) 2025-01-30 02:43:30 Image size of job updated: 56896112
	52118  -  MemoryUsage of job (MB)
	53368792  -  ResidentSetSize of job (KB)
...
006 (2017226.000.000) 2025-01-30 02:48:30 Image size of job updated: 58624376
	53453  -  MemoryUsage of job (MB)
	54734992  -  ResidentSetSize of job (KB)
...
006 (2017226.000.000) 2025-01-30 02:53:30 Image size of job updated: 59705888
	54883  -  MemoryUsage of job (MB)
	56200040  -  ResidentSetSize of job (KB)
...
006 (2017226.000.000) 2025-01-30 02:58:31 Image size of job updated: 61566004
	55987  -  MemoryUsage of job (MB)
	57329760  -  ResidentSetSize of job (KB)
...
006 (2017226.000.000) 2025-01-30 03:03:31 Image size of job updated: 62355016
	57511  -  MemoryUsage of job (MB)
	58890828  -  ResidentSetSize of job (KB)
...
006 (2017226.000.000) 2025-01-30 03:08:31 Image size of job updated: 63840768
	58768  -  MemoryUsage of job (MB)
	60177616  -  ResidentSetSize of job (KB)
...
006 (2017226.000.000) 2025-01-30 03:13:32 Image size of job updated: 65201132
	59875  -  MemoryUsage of job (MB)
	61311068  -  ResidentSetSize of job (KB)
...
006 (2017226.000.000) 2025-01-30 03:18:33 Image size of job updated: 66170708
	61309  -  MemoryUsage of job (MB)
	62779984  -  ResidentSetSize of job (KB)
...
006 (2017226.000.000) 2025-01-30 03:23:33 Image size of job updated: 67541892
	62586  -  MemoryUsage of job (MB)
	64087292  -  ResidentSetSize of job (KB)
...
006 (2017226.000.000) 2025-01-30 03:28:34 Image size of job updated: 69005192
	63935  -  MemoryUsage of job (MB)
	65468468  -  ResidentSetSize of job (KB)
...
006 (2017226.000.000) 2025-01-30 03:33:35 Image size of job updated: 70443244
	65056  -  MemoryUsage of job (MB)
	66617340  -  ResidentSetSize of job (KB)
...
006 (2017226.000.000) 2025-01-30 03:38:35 Image size of job updated: 71806724
	66014  -  MemoryUsage of job (MB)
	67597512  -  ResidentSetSize of job (KB)
...
006 (2017226.000.000) 2025-01-30 03:43:36 Image size of job updated: 72977680
	67477  -  MemoryUsage of job (MB)
	69095824  -  ResidentSetSize of job (KB)
...
006 (2017226.000.000) 2025-01-30 03:48:37 Image size of job updated: 74165492
	69030  -  MemoryUsage of job (MB)
	70685796  -  ResidentSetSize of job (KB)
...
006 (2017226.000.000) 2025-01-30 03:53:37 Image size of job updated: 75634560
	70203  -  MemoryUsage of job (MB)
	71887224  -  ResidentSetSize of job (KB)
...
006 (2017226.000.000) 2025-01-30 03:58:37 Image size of job updated: 76904956
	71369  -  MemoryUsage of job (MB)
	73081748  -  ResidentSetSize of job (KB)
...
006 (2017226.000.000) 2025-01-30 03:59:34 Image size of job updated: 76915216
	71369  -  MemoryUsage of job (MB)
	73081748  -  ResidentSetSize of job (KB)
...
005 (2017226.000.000) 2025-01-30 03:59:35 Job terminated.
	(1) Normal termination (return value 0)
		Usr 0 02:41:08, Sys 0 00:23:13  -  Run Remote Usage
		Usr 0 00:00:00, Sys 0 00:00:00  -  Run Local Usage
		Usr 0 02:41:08, Sys 0 00:23:13  -  Total Remote Usage
		Usr 0 00:00:00, Sys 0 00:00:00  -  Total Local Usage
	0  -  Run Bytes Sent By Job
	0  -  Run Bytes Received By Job
	0  -  Total Bytes Sent By Job
	0  -  Total Bytes Received By Job
	Partitionable Resources :    Usage  Request Allocated 
	   Cpus                 :     0.79        1         1 
	   Disk (KB)            :     2           2   6681633 
	   Memory (MB)          : 71369      128192    128256 
	   xferslots            :                           0 

	Job terminated of its own accord at 2025-01-30T08:59:34Z with exit-code 0.
...
000 (2018672.000.000) 2025-02-02 20:32:07 Job submitted from host: <130.199.48.81:9618?addrs=130.199.48.81-9618&alias=rcas2062.rcf.bnl.gov&noUDP&sock=schedd_48563_ad09>
...
001 (2018672.000.000) 2025-02-02 20:32:14 Job executing on host: <130.199.186.16:9618?addrs=130.199.186.16-9618&alias=spool1813.sdcc.bnl.gov&noUDP&sock=startd_24682_a412>
...
006 (2018672.000.000) 2025-02-02 20:32:23 Image size of job updated: 148484
	75  -  MemoryUsage of job (MB)
	76524  -  ResidentSetSize of job (KB)
...
006 (2018672.000.000) 2025-02-02 20:34:40 Image size of job updated: 4001052
	75  -  MemoryUsage of job (MB)
	76540  -  ResidentSetSize of job (KB)
...
005 (2018672.000.000) 2025-02-02 20:34:41 Job terminated.
	(1) Normal termination (return value 0)
		Usr 0 00:02:03, Sys 0 00:00:05  -  Run Remote Usage
		Usr 0 00:00:00, Sys 0 00:00:00  -  Run Local Usage
		Usr 0 00:02:03, Sys 0 00:00:05  -  Total Remote Usage
		Usr 0 00:00:00, Sys 0 00:00:00  -  Total Local Usage
	0  -  Run Bytes Sent By Job
	0  -  Run Bytes Received By Job
	0  -  Total Bytes Sent By Job
	0  -  Total Bytes Received By Job
	Partitionable Resources :    Usage  Request Allocated 
	   Cpus                 :                 1         1 
	   Disk (KB)            :        2        2   6681616 
	   Memory (MB)          :       75   128192    128256 
	   xferslots            :                           0 

	Job terminated of its own accord at 2025-02-03T01:34:40Z with exit-code 0.
...
000 (2019056.000.000) 2025-02-02 20:56:39 Job submitted from host: <130.199.48.81:9618?addrs=130.199.48.81-9618&alias=rcas2062.rcf.bnl.gov&noUDP&sock=schedd_48563_ad09>
...
001 (2019056.000.000) 2025-02-02 20:57:01 Job executing on host: <130.199.150.85:9618?addrs=130.199.150.85-9618&alias=spool1566.sdcc.bnl.gov&noUDP&sock=startd_49547_1978>
...
006 (2019056.000.000) 2025-02-02 20:57:10 Image size of job updated: 262820
	147  -  MemoryUsage of job (MB)
	150004  -  ResidentSetSize of job (KB)
...
006 (2019056.000.000) 2025-02-02 20:59:21 Image size of job updated: 4001056
	147  -  MemoryUsage of job (MB)
	150004  -  ResidentSetSize of job (KB)
...
005 (2019056.000.000) 2025-02-02 20:59:21 Job terminated.
	(1) Normal termination (return value 0)
		Usr 0 00:02:06, Sys 0 00:00:05  -  Run Remote Usage
		Usr 0 00:00:00, Sys 0 00:00:00  -  Run Local Usage
		Usr 0 00:02:06, Sys 0 00:00:05  -  Total Remote Usage
		Usr 0 00:00:00, Sys 0 00:00:00  -  Total Local Usage
	0  -  Run Bytes Sent By Job
	0  -  Run Bytes Received By Job
	0  -  Total Bytes Sent By Job
	0  -  Total Bytes Received By Job
	Partitionable Resources :    Usage  Request Allocated 
	   Cpus                 :                 1         1 
	   Disk (KB)            :        2        2   6681221 
	   Memory (MB)          :      147   128192    128256 
	   xferslots            :                           0 

	Job terminated of its own accord at 2025-02-03T01:59:21Z with exit-code 0.
...
000 (2019440.000.000) 2025-02-02 22:34:21 Job submitted from host: <130.199.48.81:9618?addrs=130.199.48.81-9618&alias=rcas2062.rcf.bnl.gov&noUDP&sock=schedd_48563_ad09>
...
001 (2019440.000.000) 2025-02-02 22:35:28 Job executing on host: <130.199.207.216:9618?addrs=130.199.207.216-9618&alias=spool1503.sdcc.bnl.gov&noUDP&sock=startd_26617_0b41>
...
006 (2019440.000.000) 2025-02-02 22:35:37 Image size of job updated: 298408
	7  -  MemoryUsage of job (MB)
	6800  -  ResidentSetSize of job (KB)
...
006 (2019440.000.000) 2025-02-02 22:38:32 Image size of job updated: 4001044
	7  -  MemoryUsage of job (MB)
	6800  -  ResidentSetSize of job (KB)
...
005 (2019440.000.000) 2025-02-02 22:38:33 Job terminated.
	(1) Normal termination (return value 0)
		Usr 0 00:02:28, Sys 0 00:00:06  -  Run Remote Usage
		Usr 0 00:00:00, Sys 0 00:00:00  -  Run Local Usage
		Usr 0 00:02:28, Sys 0 00:00:06  -  Total Remote Usage
		Usr 0 00:00:00, Sys 0 00:00:00  -  Total Local Usage
	0  -  Run Bytes Sent By Job
	0  -  Run Bytes Received By Job
	0  -  Total Bytes Sent By Job
	0  -  Total Bytes Received By Job
	Partitionable Resources :    Usage  Request Allocated 
	   Cpus                 :     0.96        1         1 
	   Disk (KB)            :     2           2   6681235 
	   Memory (MB)          :     7      128192    128256 
	   xferslots            :                           0 

	Job terminated of its own accord at 2025-02-03T03:38:32Z with exit-code 0.
...
