000 (2016915.000.000) 2025-01-28 23:07:54 Job submitted from host: <130.199.48.81:9618?addrs=130.199.48.81-9618&alias=rcas2062.rcf.bnl.gov&noUDP&sock=schedd_48563_ad09>
...
001 (2016915.000.000) 2025-01-28 23:10:02 Job executing on host: <130.199.151.31:9618?addrs=130.199.151.31-9618&alias=spool1609.sdcc.bnl.gov&noUDP&sock=startd_83325_68fb>
...
006 (2016915.000.000) 2025-01-28 23:10:10 Image size of job updated: 129732
	7  -  MemoryUsage of job (MB)
	6580  -  ResidentSetSize of job (KB)
...
006 (2016915.000.000) 2025-01-28 23:15:10 Image size of job updated: 5195908
	1246  -  MemoryUsage of job (MB)
	1275460  -  ResidentSetSize of job (KB)
...
006 (2016915.000.000) 2025-01-28 23:20:11 Image size of job updated: 6238264
	2296  -  MemoryUsage of job (MB)
	2350268  -  ResidentSetSize of job (KB)
...
006 (2016915.000.000) 2025-01-28 23:25:11 Image size of job updated: 7580904
	3566  -  MemoryUsage of job (MB)
	3650684  -  ResidentSetSize of job (KB)
...
006 (2016915.000.000) 2025-01-28 23:30:12 Image size of job updated: 8694148
	4813  -  MemoryUsage of job (MB)
	4928120  -  ResidentSetSize of job (KB)
...
006 (2016915.000.000) 2025-01-28 23:35:13 Image size of job updated: 9602360
	5964  -  MemoryUsage of job (MB)
	6107020  -  ResidentSetSize of job (KB)
...
006 (2016915.000.000) 2025-01-28 23:40:13 Image size of job updated: 10955520
	7214  -  MemoryUsage of job (MB)
	7386792  -  ResidentSetSize of job (KB)
...
006 (2016915.000.000) 2025-01-28 23:45:13 Image size of job updated: 11967760
	8029  -  MemoryUsage of job (MB)
	8221676  -  ResidentSetSize of job (KB)
...
006 (2016915.000.000) 2025-01-28 23:50:14 Image size of job updated: 13132240
	9246  -  MemoryUsage of job (MB)
	9467264  -  ResidentSetSize of job (KB)
...
006 (2016915.000.000) 2025-01-28 23:55:14 Image size of job updated: 14436072
	10479  -  MemoryUsage of job (MB)
	10729812  -  ResidentSetSize of job (KB)
...
006 (2016915.000.000) 2025-01-29 00:00:14 Image size of job updated: 15714840
	11629  -  MemoryUsage of job (MB)
	11907372  -  ResidentSetSize of job (KB)
...
006 (2016915.000.000) 2025-01-29 00:05:16 Image size of job updated: 16713184
	12585  -  MemoryUsage of job (MB)
	12886576  -  ResidentSetSize of job (KB)
...
006 (2016915.000.000) 2025-01-29 00:10:16 Image size of job updated: 17505552
	13563  -  MemoryUsage of job (MB)
	13888284  -  ResidentSetSize of job (KB)
...
006 (2016915.000.000) 2025-01-29 00:15:16 Image size of job updated: 18938244
	14652  -  MemoryUsage of job (MB)
	15003216  -  ResidentSetSize of job (KB)
...
006 (2016915.000.000) 2025-01-29 00:20:17 Image size of job updated: 19481868
	15688  -  MemoryUsage of job (MB)
	16063664  -  ResidentSetSize of job (KB)
...
006 (2016915.000.000) 2025-01-29 00:25:18 Image size of job updated: 20656796
	16474  -  MemoryUsage of job (MB)
	16868744  -  ResidentSetSize of job (KB)
...
006 (2016915.000.000) 2025-01-29 00:30:18 Image size of job updated: 21792888
	17517  -  MemoryUsage of job (MB)
	17937036  -  ResidentSetSize of job (KB)
...
006 (2016915.000.000) 2025-01-29 00:35:19 Image size of job updated: 22970296
	18563  -  MemoryUsage of job (MB)
	19007732  -  ResidentSetSize of job (KB)
...
006 (2016915.000.000) 2025-01-29 00:40:20 Image size of job updated: 23386388
	19283  -  MemoryUsage of job (MB)
	19745128  -  ResidentSetSize of job (KB)
...
006 (2016915.000.000) 2025-01-29 00:45:20 Image size of job updated: 24636716
	20227  -  MemoryUsage of job (MB)
	20712012  -  ResidentSetSize of job (KB)
...
006 (2016915.000.000) 2025-01-29 00:50:20 Image size of job updated: 25196792
	21099  -  MemoryUsage of job (MB)
	21604720  -  ResidentSetSize of job (KB)
...
006 (2016915.000.000) 2025-01-29 00:55:21 Image size of job updated: 25997760
	21902  -  MemoryUsage of job (MB)
	22427364  -  ResidentSetSize of job (KB)
...
006 (2016915.000.000) 2025-01-29 01:00:21 Image size of job updated: 26878900
	22711  -  MemoryUsage of job (MB)
	23255052  -  ResidentSetSize of job (KB)
...
006 (2016915.000.000) 2025-01-29 01:05:22 Image size of job updated: 27412328
	23430  -  MemoryUsage of job (MB)
	23991916  -  ResidentSetSize of job (KB)
...
006 (2016915.000.000) 2025-01-29 01:10:23 Image size of job updated: 28690048
	24258  -  MemoryUsage of job (MB)
	24839244  -  ResidentSetSize of job (KB)
...
006 (2016915.000.000) 2025-01-29 01:15:23 Image size of job updated: 29371932
	25192  -  MemoryUsage of job (MB)
	25796052  -  ResidentSetSize of job (KB)
...
006 (2016915.000.000) 2025-01-29 01:20:24 Image size of job updated: 30332812
	25894  -  MemoryUsage of job (MB)
	26514460  -  ResidentSetSize of job (KB)
...
006 (2016915.000.000) 2025-01-29 01:25:25 Image size of job updated: 31244540
	26627  -  MemoryUsage of job (MB)
	27266040  -  ResidentSetSize of job (KB)
...
006 (2016915.000.000) 2025-01-29 01:30:25 Image size of job updated: 32072668
	27637  -  MemoryUsage of job (MB)
	28299748  -  ResidentSetSize of job (KB)
...
006 (2016915.000.000) 2025-01-29 01:35:25 Image size of job updated: 32877544
	28624  -  MemoryUsage of job (MB)
	29310924  -  ResidentSetSize of job (KB)
...
006 (2016915.000.000) 2025-01-29 01:40:26 Image size of job updated: 34132492
	29404  -  MemoryUsage of job (MB)
	30109292  -  ResidentSetSize of job (KB)
...
006 (2016915.000.000) 2025-01-29 01:45:26 Image size of job updated: 34937736
	30212  -  MemoryUsage of job (MB)
	30936920  -  ResidentSetSize of job (KB)
...
006 (2016915.000.000) 2025-01-29 01:50:26 Image size of job updated: 35549468
	31256  -  MemoryUsage of job (MB)
	32005188  -  ResidentSetSize of job (KB)
...
006 (2016915.000.000) 2025-01-29 01:55:27 Image size of job updated: 36480728
	31773  -  MemoryUsage of job (MB)
	32535200  -  ResidentSetSize of job (KB)
...
006 (2016915.000.000) 2025-01-29 02:00:28 Image size of job updated: 37154772
	32469  -  MemoryUsage of job (MB)
	33247896  -  ResidentSetSize of job (KB)
...
006 (2016915.000.000) 2025-01-29 02:05:28 Image size of job updated: 38094584
	33407  -  MemoryUsage of job (MB)
	34208580  -  ResidentSetSize of job (KB)
...
006 (2016915.000.000) 2025-01-29 02:10:29 Image size of job updated: 38946256
	33992  -  MemoryUsage of job (MB)
	34807520  -  ResidentSetSize of job (KB)
...
006 (2016915.000.000) 2025-01-29 02:15:30 Image size of job updated: 39927064
	34837  -  MemoryUsage of job (MB)
	35672492  -  ResidentSetSize of job (KB)
...
006 (2016915.000.000) 2025-01-29 02:16:32 Image size of job updated: 39927064
	34837  -  MemoryUsage of job (MB)
	35672596  -  ResidentSetSize of job (KB)
...
005 (2016915.000.000) 2025-01-29 02:16:32 Job terminated.
	(1) Normal termination (return value 0)
		Usr 0 01:41:48, Sys 0 00:17:58  -  Run Remote Usage
		Usr 0 00:00:00, Sys 0 00:00:00  -  Run Local Usage
		Usr 0 01:41:48, Sys 0 00:17:58  -  Total Remote Usage
		Usr 0 00:00:00, Sys 0 00:00:00  -  Total Local Usage
	0  -  Run Bytes Sent By Job
	0  -  Run Bytes Received By Job
	0  -  Total Bytes Sent By Job
	0  -  Total Bytes Received By Job
	Partitionable Resources :    Usage  Request Allocated 
	   Cpus                 :     0.92        1         1 
	   Disk (KB)            :     2           2   6681213 
	   Memory (MB)          : 34837      128192    128256 
	   xferslots            :                           0 

	Job terminated of its own accord at 2025-01-29T07:16:32Z with exit-code 0.
...
000 (2017299.000.000) 2025-01-30 00:28:02 Job submitted from host: <130.199.48.81:9618?addrs=130.199.48.81-9618&alias=rcas2062.rcf.bnl.gov&noUDP&sock=schedd_48563_ad09>
...
001 (2017299.000.000) 2025-01-30 00:34:06 Job executing on host: <130.199.150.98:9618?addrs=130.199.150.98-9618&alias=spool1579.sdcc.bnl.gov&noUDP&sock=startd_18997_6900>
...
006 (2017299.000.000) 2025-01-30 00:34:15 Image size of job updated: 324616
	80  -  MemoryUsage of job (MB)
	81060  -  ResidentSetSize of job (KB)
...
006 (2017299.000.000) 2025-01-30 00:39:16 Image size of job updated: 6357656
	2774  -  MemoryUsage of job (MB)
	2840560  -  ResidentSetSize of job (KB)
...
006 (2017299.000.000) 2025-01-30 00:44:16 Image size of job updated: 9406244
	6015  -  MemoryUsage of job (MB)
	6158388  -  ResidentSetSize of job (KB)
...
006 (2017299.000.000) 2025-01-30 00:49:16 Image size of job updated: 12274672
	8589  -  MemoryUsage of job (MB)
	8794288  -  ResidentSetSize of job (KB)
...
006 (2017299.000.000) 2025-01-30 00:54:18 Image size of job updated: 15196948
	11544  -  MemoryUsage of job (MB)
	11820092  -  ResidentSetSize of job (KB)
...
006 (2017299.000.000) 2025-01-30 00:59:18 Image size of job updated: 18172380
	14494  -  MemoryUsage of job (MB)
	14841564  -  ResidentSetSize of job (KB)
...
006 (2017299.000.000) 2025-01-30 01:04:18 Image size of job updated: 20798428
	16973  -  MemoryUsage of job (MB)
	17379680  -  ResidentSetSize of job (KB)
...
006 (2017299.000.000) 2025-01-30 01:09:19 Image size of job updated: 23255152
	19253  -  MemoryUsage of job (MB)
	19714624  -  ResidentSetSize of job (KB)
...
006 (2017299.000.000) 2025-01-30 01:14:20 Image size of job updated: 25836960
	21908  -  MemoryUsage of job (MB)
	22433028  -  ResidentSetSize of job (KB)
...
006 (2017299.000.000) 2025-01-30 01:19:20 Image size of job updated: 28050364
	24004  -  MemoryUsage of job (MB)
	24579968  -  ResidentSetSize of job (KB)
...
006 (2017299.000.000) 2025-01-30 01:24:21 Image size of job updated: 30254768
	26334  -  MemoryUsage of job (MB)
	26965472  -  ResidentSetSize of job (KB)
...
006 (2017299.000.000) 2025-01-30 01:29:22 Image size of job updated: 32865768
	28786  -  MemoryUsage of job (MB)
	29475888  -  ResidentSetSize of job (KB)
...
006 (2017299.000.000) 2025-01-30 01:34:22 Image size of job updated: 35197492
	30770  -  MemoryUsage of job (MB)
	31508124  -  ResidentSetSize of job (KB)
...
006 (2017299.000.000) 2025-01-30 01:39:23 Image size of job updated: 36789464
	32569  -  MemoryUsage of job (MB)
	33350432  -  ResidentSetSize of job (KB)
...
006 (2017299.000.000) 2025-01-30 01:44:24 Image size of job updated: 38681592
	34596  -  MemoryUsage of job (MB)
	35425400  -  ResidentSetSize of job (KB)
...
006 (2017299.000.000) 2025-01-30 01:49:24 Image size of job updated: 40562680
	36294  -  MemoryUsage of job (MB)
	37165052  -  ResidentSetSize of job (KB)
...
006 (2017299.000.000) 2025-01-30 01:54:25 Image size of job updated: 42469492
	38166  -  MemoryUsage of job (MB)
	39081192  -  ResidentSetSize of job (KB)
...
006 (2017299.000.000) 2025-01-30 01:59:26 Image size of job updated: 44285736
	39714  -  MemoryUsage of job (MB)
	40666652  -  ResidentSetSize of job (KB)
...
006 (2017299.000.000) 2025-01-30 02:04:26 Image size of job updated: 46129972
	41251  -  MemoryUsage of job (MB)
	42240820  -  ResidentSetSize of job (KB)
...
006 (2017299.000.000) 2025-01-30 02:09:27 Image size of job updated: 48176224
	43002  -  MemoryUsage of job (MB)
	44033400  -  ResidentSetSize of job (KB)
...
006 (2017299.000.000) 2025-01-30 02:14:28 Image size of job updated: 49472300
	44615  -  MemoryUsage of job (MB)
	45685008  -  ResidentSetSize of job (KB)
...
006 (2017299.000.000) 2025-01-30 02:19:28 Image size of job updated: 50553032
	46047  -  MemoryUsage of job (MB)
	47152096  -  ResidentSetSize of job (KB)
...
006 (2017299.000.000) 2025-01-30 02:24:28 Image size of job updated: 52339496
	47563  -  MemoryUsage of job (MB)
	48703632  -  ResidentSetSize of job (KB)
...
006 (2017299.000.000) 2025-01-30 02:29:29 Image size of job updated: 53534824
	48810  -  MemoryUsage of job (MB)
	49981204  -  ResidentSetSize of job (KB)
...
006 (2017299.000.000) 2025-01-30 02:34:29 Image size of job updated: 55089192
	50428  -  MemoryUsage of job (MB)
	51637412  -  ResidentSetSize of job (KB)
...
006 (2017299.000.000) 2025-01-30 02:39:29 Image size of job updated: 57155216
	51897  -  MemoryUsage of job (MB)
	53141864  -  ResidentSetSize of job (KB)
...
006 (2017299.000.000) 2025-01-30 02:44:31 Image size of job updated: 58138836
	53364  -  MemoryUsage of job (MB)
	54643904  -  ResidentSetSize of job (KB)
...
006 (2017299.000.000) 2025-01-30 02:49:31 Image size of job updated: 59188972
	54464  -  MemoryUsage of job (MB)
	55770900  -  ResidentSetSize of job (KB)
...
006 (2017299.000.000) 2025-01-30 02:54:31 Image size of job updated: 60677716
	55895  -  MemoryUsage of job (MB)
	57236012  -  ResidentSetSize of job (KB)
...
006 (2017299.000.000) 2025-01-30 02:59:32 Image size of job updated: 62045020
	57241  -  MemoryUsage of job (MB)
	58614312  -  ResidentSetSize of job (KB)
...
006 (2017299.000.000) 2025-01-30 03:04:33 Image size of job updated: 63348336
	58546  -  MemoryUsage of job (MB)
	59950556  -  ResidentSetSize of job (KB)
...
006 (2017299.000.000) 2025-01-30 03:09:33 Image size of job updated: 64884868
	59952  -  MemoryUsage of job (MB)
	61390068  -  ResidentSetSize of job (KB)
...
006 (2017299.000.000) 2025-01-30 03:14:34 Image size of job updated: 66700800
	61435  -  MemoryUsage of job (MB)
	62908632  -  ResidentSetSize of job (KB)
...
006 (2017299.000.000) 2025-01-30 03:19:35 Image size of job updated: 67879140
	62834  -  MemoryUsage of job (MB)
	64341280  -  ResidentSetSize of job (KB)
...
006 (2017299.000.000) 2025-01-30 03:24:35 Image size of job updated: 69344348
	63957  -  MemoryUsage of job (MB)
	65491860  -  ResidentSetSize of job (KB)
...
006 (2017299.000.000) 2025-01-30 03:29:35 Image size of job updated: 70507084
	65410  -  MemoryUsage of job (MB)
	66979012  -  ResidentSetSize of job (KB)
...
006 (2017299.000.000) 2025-01-30 03:30:31 Image size of job updated: 70820004
	65410  -  MemoryUsage of job (MB)
	66979012  -  ResidentSetSize of job (KB)
...
005 (2017299.000.000) 2025-01-30 03:30:32 Job terminated.
	(1) Normal termination (return value 0)
		Usr 0 02:33:51, Sys 0 00:23:35  -  Run Remote Usage
		Usr 0 00:00:00, Sys 0 00:00:00  -  Run Local Usage
		Usr 0 02:33:51, Sys 0 00:23:35  -  Total Remote Usage
		Usr 0 00:00:00, Sys 0 00:00:00  -  Total Local Usage
	0  -  Run Bytes Sent By Job
	0  -  Run Bytes Received By Job
	0  -  Total Bytes Sent By Job
	0  -  Total Bytes Received By Job
	Partitionable Resources :    Usage  Request Allocated 
	   Cpus                 :     0.99        1         1 
	   Disk (KB)            :     2           2   6681230 
	   Memory (MB)          : 65410      128192    128256 
	   xferslots            :                           0 

	Job terminated of its own accord at 2025-01-30T08:30:31Z with exit-code 0.
...
000 (2018745.000.000) 2025-02-02 20:32:15 Job submitted from host: <130.199.48.81:9618?addrs=130.199.48.81-9618&alias=rcas2062.rcf.bnl.gov&noUDP&sock=schedd_48563_ad09>
...
001 (2018745.000.000) 2025-02-02 20:35:15 Job executing on host: <130.199.184.158:9618?addrs=130.199.184.158-9618&alias=spool1767.sdcc.bnl.gov&noUDP&sock=startd_62920_7c34>
...
006 (2018745.000.000) 2025-02-02 20:35:23 Image size of job updated: 106012
	57  -  MemoryUsage of job (MB)
	57788  -  ResidentSetSize of job (KB)
...
006 (2018745.000.000) 2025-02-02 20:37:54 Image size of job updated: 4001012
	57  -  MemoryUsage of job (MB)
	57984  -  ResidentSetSize of job (KB)
...
005 (2018745.000.000) 2025-02-02 20:37:54 Job terminated.
	(1) Normal termination (return value 0)
		Usr 0 00:02:14, Sys 0 00:00:05  -  Run Remote Usage
		Usr 0 00:00:00, Sys 0 00:00:00  -  Run Local Usage
		Usr 0 00:02:14, Sys 0 00:00:05  -  Total Remote Usage
		Usr 0 00:00:00, Sys 0 00:00:00  -  Total Local Usage
	0  -  Run Bytes Sent By Job
	0  -  Run Bytes Received By Job
	0  -  Total Bytes Sent By Job
	0  -  Total Bytes Received By Job
	Partitionable Resources :    Usage  Request Allocated 
	   Cpus                 :     0.96        1         1 
	   Disk (KB)            :     2           2   6681619 
	   Memory (MB)          :    57      128192    128256 
	   xferslots            :                           0 

	Job terminated of its own accord at 2025-02-03T01:37:54Z with exit-code 0.
...
000 (2019129.000.000) 2025-02-02 20:56:46 Job submitted from host: <130.199.48.81:9618?addrs=130.199.48.81-9618&alias=rcas2062.rcf.bnl.gov&noUDP&sock=schedd_48563_ad09>
...
001 (2019129.000.000) 2025-02-02 20:58:05 Job executing on host: <130.199.184.219:9618?addrs=130.199.184.219-9618&alias=spool1794.sdcc.bnl.gov&noUDP&sock=startd_9457_1edf>
...
006 (2019129.000.000) 2025-02-02 20:58:13 Image size of job updated: 147244
	75  -  MemoryUsage of job (MB)
	75840  -  ResidentSetSize of job (KB)
...
006 (2019129.000.000) 2025-02-02 21:00:34 Image size of job updated: 4001016
	75  -  MemoryUsage of job (MB)
	75840  -  ResidentSetSize of job (KB)
...
005 (2019129.000.000) 2025-02-02 21:00:34 Job terminated.
	(1) Normal termination (return value 0)
		Usr 0 00:02:13, Sys 0 00:00:06  -  Run Remote Usage
		Usr 0 00:00:00, Sys 0 00:00:00  -  Run Local Usage
		Usr 0 00:02:13, Sys 0 00:00:06  -  Total Remote Usage
		Usr 0 00:00:00, Sys 0 00:00:00  -  Total Local Usage
	0  -  Run Bytes Sent By Job
	0  -  Run Bytes Received By Job
	0  -  Total Bytes Sent By Job
	0  -  Total Bytes Received By Job
	Partitionable Resources :    Usage  Request Allocated 
	   Cpus                 :     0.98        1         1 
	   Disk (KB)            :     2           2   6681632 
	   Memory (MB)          :    75      128192    128256 
	   xferslots            :                           0 

	Job terminated of its own accord at 2025-02-03T02:00:34Z with exit-code 0.
...
000 (2019513.000.000) 2025-02-02 22:34:27 Job submitted from host: <130.199.48.81:9618?addrs=130.199.48.81-9618&alias=rcas2062.rcf.bnl.gov&noUDP&sock=schedd_48563_ad09>
...
001 (2019513.000.000) 2025-02-02 22:38:52 Job executing on host: <130.199.186.74:9618?addrs=130.199.186.74-9618&alias=spool1837.sdcc.bnl.gov&noUDP&sock=startd_53209_1386>
...
006 (2019513.000.000) 2025-02-02 22:39:01 Image size of job updated: 298812
	8  -  MemoryUsage of job (MB)
	7192  -  ResidentSetSize of job (KB)
...
006 (2019513.000.000) 2025-02-02 22:42:22 Image size of job updated: 4001016
	8  -  MemoryUsage of job (MB)
	7192  -  ResidentSetSize of job (KB)
...
005 (2019513.000.000) 2025-02-02 22:42:23 Job terminated.
	(1) Normal termination (return value 0)
		Usr 0 00:02:24, Sys 0 00:00:06  -  Run Remote Usage
		Usr 0 00:00:00, Sys 0 00:00:00  -  Run Local Usage
		Usr 0 00:02:24, Sys 0 00:00:06  -  Total Remote Usage
		Usr 0 00:00:00, Sys 0 00:00:00  -  Total Local Usage
	0  -  Run Bytes Sent By Job
	0  -  Run Bytes Received By Job
	0  -  Total Bytes Sent By Job
	0  -  Total Bytes Received By Job
	Partitionable Resources :    Usage  Request Allocated 
	   Cpus                 :     0.95        1         1 
	   Disk (KB)            :     2           2   6681612 
	   Memory (MB)          :     8      128192    128256 
	   xferslots            :                           0 

	Job terminated of its own accord at 2025-02-03T03:42:22Z with exit-code 0.
...
