000 (2017142.000.000) 2025-01-28 23:08:12 Job submitted from host: <130.199.48.81:9618?addrs=130.199.48.81-9618&alias=rcas2062.rcf.bnl.gov&noUDP&sock=schedd_48563_ad09>
...
001 (2017142.000.000) 2025-01-29 01:35:37 Job executing on host: <130.199.186.13:9618?addrs=130.199.186.13-9618&alias=spool1810.sdcc.bnl.gov&noUDP&sock=startd_72567_a38e>
...
006 (2017142.000.000) 2025-01-29 01:35:46 Image size of job updated: 566416
	79  -  MemoryUsage of job (MB)
	80080  -  ResidentSetSize of job (KB)
...
006 (2017142.000.000) 2025-01-29 01:35:59 Image size of job updated: 2920052
	79  -  MemoryUsage of job (MB)
	80080  -  ResidentSetSize of job (KB)
...
005 (2017142.000.000) 2025-01-29 01:35:59 Job terminated.
	(1) Normal termination (return value 0)
		Usr 0 00:00:03, Sys 0 00:00:02  -  Run Remote Usage
		Usr 0 00:00:00, Sys 0 00:00:00  -  Run Local Usage
		Usr 0 00:00:03, Sys 0 00:00:02  -  Total Remote Usage
		Usr 0 00:00:00, Sys 0 00:00:00  -  Total Local Usage
	0  -  Run Bytes Sent By Job
	0  -  Run Bytes Received By Job
	0  -  Total Bytes Sent By Job
	0  -  Total Bytes Received By Job
	Partitionable Resources :    Usage  Request Allocated 
	   Cpus                 :                 1         1 
	   Disk (KB)            :        2        2   6681629 
	   Memory (MB)          :       79   128192    128256 
	   xferslots            :                           0 

	Job terminated of its own accord at 2025-01-29T06:35:59Z with exit-code 0.
...
000 (2017526.000.000) 2025-01-30 00:28:28 Job submitted from host: <130.199.48.81:9618?addrs=130.199.48.81-9618&alias=rcas2062.rcf.bnl.gov&noUDP&sock=schedd_48563_ad09>
...
001 (2017526.000.000) 2025-01-30 08:06:53 Job executing on host: <130.199.186.30:9618?addrs=130.199.186.30-9618&alias=spool1827.sdcc.bnl.gov&noUDP&sock=startd_65822_ee79>
...
006 (2017526.000.000) 2025-01-30 08:07:02 Image size of job updated: 298548
	79  -  MemoryUsage of job (MB)
	79976  -  ResidentSetSize of job (KB)
...
006 (2017526.000.000) 2025-01-30 08:12:03 Image size of job updated: 4567440
	766  -  MemoryUsage of job (MB)
	784220  -  ResidentSetSize of job (KB)
...
006 (2017526.000.000) 2025-01-30 08:17:04 Image size of job updated: 6872080
	2911  -  MemoryUsage of job (MB)
	2980508  -  ResidentSetSize of job (KB)
...
006 (2017526.000.000) 2025-01-30 08:22:04 Image size of job updated: 8802356
	5206  -  MemoryUsage of job (MB)
	5330304  -  ResidentSetSize of job (KB)
...
006 (2017526.000.000) 2025-01-30 08:27:05 Image size of job updated: 11450280
	7519  -  MemoryUsage of job (MB)
	7698720  -  ResidentSetSize of job (KB)
...
006 (2017526.000.000) 2025-01-30 08:32:06 Image size of job updated: 13462960
	9432  -  MemoryUsage of job (MB)
	9657484  -  ResidentSetSize of job (KB)
...
006 (2017526.000.000) 2025-01-30 08:37:06 Image size of job updated: 15070052
	11335  -  MemoryUsage of job (MB)
	11606800  -  ResidentSetSize of job (KB)
...
006 (2017526.000.000) 2025-01-30 08:42:06 Image size of job updated: 17150852
	13403  -  MemoryUsage of job (MB)
	13723828  -  ResidentSetSize of job (KB)
...
006 (2017526.000.000) 2025-01-30 08:47:07 Image size of job updated: 19407804
	15223  -  MemoryUsage of job (MB)
	15587972  -  ResidentSetSize of job (KB)
...
006 (2017526.000.000) 2025-01-30 08:52:07 Image size of job updated: 21189000
	17163  -  MemoryUsage of job (MB)
	17574104  -  ResidentSetSize of job (KB)
...
006 (2017526.000.000) 2025-01-30 08:57:08 Image size of job updated: 23179728
	18878  -  MemoryUsage of job (MB)
	19330580  -  ResidentSetSize of job (KB)
...
006 (2017526.000.000) 2025-01-30 09:02:09 Image size of job updated: 25007148
	20681  -  MemoryUsage of job (MB)
	21177280  -  ResidentSetSize of job (KB)
...
006 (2017526.000.000) 2025-01-30 09:07:09 Image size of job updated: 26413472
	22246  -  MemoryUsage of job (MB)
	22779144  -  ResidentSetSize of job (KB)
...
006 (2017526.000.000) 2025-01-30 09:12:09 Image size of job updated: 27990308
	23754  -  MemoryUsage of job (MB)
	24323132  -  ResidentSetSize of job (KB)
...
006 (2017526.000.000) 2025-01-30 09:17:10 Image size of job updated: 29266256
	25276  -  MemoryUsage of job (MB)
	25882580  -  ResidentSetSize of job (KB)
...
006 (2017526.000.000) 2025-01-30 09:22:10 Image size of job updated: 30913992
	26575  -  MemoryUsage of job (MB)
	27212504  -  ResidentSetSize of job (KB)
...
006 (2017526.000.000) 2025-01-30 09:27:10 Image size of job updated: 31982460
	27904  -  MemoryUsage of job (MB)
	28572796  -  ResidentSetSize of job (KB)
...
006 (2017526.000.000) 2025-01-30 09:32:11 Image size of job updated: 33456004
	29183  -  MemoryUsage of job (MB)
	29882832  -  ResidentSetSize of job (KB)
...
006 (2017526.000.000) 2025-01-30 09:37:12 Image size of job updated: 35044972
	30618  -  MemoryUsage of job (MB)
	31352632  -  ResidentSetSize of job (KB)
...
006 (2017526.000.000) 2025-01-30 09:42:12 Image size of job updated: 36230076
	32078  -  MemoryUsage of job (MB)
	32847512  -  ResidentSetSize of job (KB)
...
006 (2017526.000.000) 2025-01-30 09:47:13 Image size of job updated: 37736884
	33411  -  MemoryUsage of job (MB)
	34212452  -  ResidentSetSize of job (KB)
...
006 (2017526.000.000) 2025-01-30 09:52:13 Image size of job updated: 39352620
	34801  -  MemoryUsage of job (MB)
	35635780  -  ResidentSetSize of job (KB)
...
006 (2017526.000.000) 2025-01-30 09:57:13 Image size of job updated: 40604952
	36023  -  MemoryUsage of job (MB)
	36886584  -  ResidentSetSize of job (KB)
...
006 (2017526.000.000) 2025-01-30 10:09:54 Image size of job updated: 44638416
	40197  -  MemoryUsage of job (MB)
	41161484  -  ResidentSetSize of job (KB)
...
006 (2017526.000.000) 2025-01-30 10:32:56 Image size of job updated: 51617824
	47100  -  MemoryUsage of job (MB)
	48229412  -  ResidentSetSize of job (KB)
...
006 (2017526.000.000) 2025-01-30 10:51:21 Image size of job updated: 56669344
	51727  -  MemoryUsage of job (MB)
	52968376  -  ResidentSetSize of job (KB)
...
006 (2017526.000.000) 2025-01-30 11:02:24 Image size of job updated: 58828116
	53611  -  MemoryUsage of job (MB)
	54896832  -  ResidentSetSize of job (KB)
...
006 (2017526.000.000) 2025-01-30 11:09:02 Image size of job updated: 59716012
	54908  -  MemoryUsage of job (MB)
	56225772  -  ResidentSetSize of job (KB)
...
006 (2017526.000.000) 2025-01-30 11:14:03 Image size of job updated: 61015832
	55734  -  MemoryUsage of job (MB)
	57070680  -  ResidentSetSize of job (KB)
...
006 (2017526.000.000) 2025-01-30 11:19:03 Image size of job updated: 61774576
	56704  -  MemoryUsage of job (MB)
	58064556  -  ResidentSetSize of job (KB)
...
006 (2017526.000.000) 2025-01-30 11:24:03 Image size of job updated: 62631272
	57462  -  MemoryUsage of job (MB)
	58840468  -  ResidentSetSize of job (KB)
...
006 (2017526.000.000) 2025-01-30 11:29:04 Image size of job updated: 63494704
	58461  -  MemoryUsage of job (MB)
	59864060  -  ResidentSetSize of job (KB)
...
006 (2017526.000.000) 2025-01-30 11:34:04 Image size of job updated: 64207836
	59189  -  MemoryUsage of job (MB)
	60608848  -  ResidentSetSize of job (KB)
...
006 (2017526.000.000) 2025-01-30 11:39:04 Image size of job updated: 65685436
	60126  -  MemoryUsage of job (MB)
	61568104  -  ResidentSetSize of job (KB)
...
006 (2017526.000.000) 2025-01-30 11:44:05 Image size of job updated: 66064644
	60940  -  MemoryUsage of job (MB)
	62401928  -  ResidentSetSize of job (KB)
...
006 (2017526.000.000) 2025-01-30 11:49:06 Image size of job updated: 67007628
	61760  -  MemoryUsage of job (MB)
	63241244  -  ResidentSetSize of job (KB)
...
006 (2017526.000.000) 2025-01-30 11:54:06 Image size of job updated: 67793392
	62427  -  MemoryUsage of job (MB)
	63925244  -  ResidentSetSize of job (KB)
...
006 (2017526.000.000) 2025-01-30 11:59:07 Image size of job updated: 68627972
	63272  -  MemoryUsage of job (MB)
	64790340  -  ResidentSetSize of job (KB)
...
006 (2017526.000.000) 2025-01-30 12:04:08 Image size of job updated: 69319036
	64274  -  MemoryUsage of job (MB)
	65815980  -  ResidentSetSize of job (KB)
...
006 (2017526.000.000) 2025-01-30 12:09:08 Image size of job updated: 70603184
	65126  -  MemoryUsage of job (MB)
	66688088  -  ResidentSetSize of job (KB)
...
006 (2017526.000.000) 2025-01-30 12:14:08 Image size of job updated: 71422224
	66049  -  MemoryUsage of job (MB)
	67633880  -  ResidentSetSize of job (KB)
...
006 (2017526.000.000) 2025-01-30 12:19:09 Image size of job updated: 72044928
	66921  -  MemoryUsage of job (MB)
	68526672  -  ResidentSetSize of job (KB)
...
006 (2017526.000.000) 2025-01-30 12:24:09 Image size of job updated: 73106360
	67612  -  MemoryUsage of job (MB)
	69234280  -  ResidentSetSize of job (KB)
...
006 (2017526.000.000) 2025-01-30 12:29:09 Image size of job updated: 74042544
	68433  -  MemoryUsage of job (MB)
	70074808  -  ResidentSetSize of job (KB)
...
005 (2017526.000.000) 2025-01-30 12:29:51 Job terminated.
	(1) Normal termination (return value 0)
		Usr 0 03:14:18, Sys 0 00:31:04  -  Run Remote Usage
		Usr 0 00:00:00, Sys 0 00:00:00  -  Run Local Usage
		Usr 0 03:14:18, Sys 0 00:31:04  -  Total Remote Usage
		Usr 0 00:00:00, Sys 0 00:00:00  -  Total Local Usage
	0  -  Run Bytes Sent By Job
	0  -  Run Bytes Received By Job
	0  -  Total Bytes Sent By Job
	0  -  Total Bytes Received By Job
	Partitionable Resources :    Usage  Request Allocated 
	   Cpus                 :     0.63        1         1 
	   Disk (KB)            :     2           2   6681626 
	   Memory (MB)          : 68433      128192    128256 
	   xferslots            :                           0 

	Job terminated of its own accord at 2025-01-30T17:29:50Z with exit-code 0.
...
000 (2018972.000.000) 2025-02-02 20:32:38 Job submitted from host: <130.199.48.81:9618?addrs=130.199.48.81-9618&alias=rcas2062.rcf.bnl.gov&noUDP&sock=schedd_48563_ad09>
...
001 (2018972.000.000) 2025-02-02 20:41:14 Job executing on host: <130.199.151.15:9618?addrs=130.199.151.15-9618&alias=spool1593.sdcc.bnl.gov&noUDP&sock=startd_89763_f4af>
...
006 (2018972.000.000) 2025-02-02 20:41:22 Image size of job updated: 570016
	84  -  MemoryUsage of job (MB)
	85612  -  ResidentSetSize of job (KB)
...
006 (2018972.000.000) 2025-02-02 20:43:45 Image size of job updated: 4000860
	84  -  MemoryUsage of job (MB)
	85620  -  ResidentSetSize of job (KB)
...
005 (2018972.000.000) 2025-02-02 20:43:45 Job terminated.
	(1) Normal termination (return value 0)
		Usr 0 00:02:08, Sys 0 00:00:05  -  Run Remote Usage
		Usr 0 00:00:00, Sys 0 00:00:00  -  Run Local Usage
		Usr 0 00:02:08, Sys 0 00:00:05  -  Total Remote Usage
		Usr 0 00:00:00, Sys 0 00:00:00  -  Total Local Usage
	0  -  Run Bytes Sent By Job
	0  -  Run Bytes Received By Job
	0  -  Total Bytes Sent By Job
	0  -  Total Bytes Received By Job
	Partitionable Resources :    Usage  Request Allocated 
	   Cpus                 :                 1         1 
	   Disk (KB)            :        2        2   6681231 
	   Memory (MB)          :       84   128192    128256 
	   xferslots            :                           0 

	Job terminated of its own accord at 2025-02-03T01:43:45Z with exit-code 0.
...
000 (2019356.000.000) 2025-02-02 20:57:07 Job submitted from host: <130.199.48.81:9618?addrs=130.199.48.81-9618&alias=rcas2062.rcf.bnl.gov&noUDP&sock=schedd_48563_ad09>
...
001 (2019356.000.000) 2025-02-02 21:02:42 Job executing on host: <130.199.151.6:9618?addrs=130.199.151.6-9618&alias=spool1584.sdcc.bnl.gov&noUDP&sock=startd_2695_0870>
...
006 (2019356.000.000) 2025-02-02 21:02:51 Image size of job updated: 298408
	75  -  MemoryUsage of job (MB)
	76132  -  ResidentSetSize of job (KB)
...
006 (2019356.000.000) 2025-02-02 21:05:12 Image size of job updated: 4000852
	75  -  MemoryUsage of job (MB)
	76476  -  ResidentSetSize of job (KB)
...
005 (2019356.000.000) 2025-02-02 21:05:12 Job terminated.
	(1) Normal termination (return value 0)
		Usr 0 00:02:10, Sys 0 00:00:05  -  Run Remote Usage
		Usr 0 00:00:00, Sys 0 00:00:00  -  Run Local Usage
		Usr 0 00:02:10, Sys 0 00:00:05  -  Total Remote Usage
		Usr 0 00:00:00, Sys 0 00:00:00  -  Total Local Usage
	0  -  Run Bytes Sent By Job
	0  -  Run Bytes Received By Job
	0  -  Total Bytes Sent By Job
	0  -  Total Bytes Received By Job
	Partitionable Resources :    Usage  Request Allocated 
	   Cpus                 :                 1         1 
	   Disk (KB)            :        2        2   6681224 
	   Memory (MB)          :       75   128192    128256 
	   xferslots            :                           0 

	Job terminated of its own accord at 2025-02-03T02:05:12Z with exit-code 0.
...
000 (2019740.000.000) 2025-02-02 22:34:47 Job submitted from host: <130.199.48.81:9618?addrs=130.199.48.81-9618&alias=rcas2062.rcf.bnl.gov&noUDP&sock=schedd_48563_ad09>
...
001 (2019740.000.000) 2025-02-02 22:46:27 Job executing on host: <130.199.184.158:9618?addrs=130.199.184.158-9618&alias=spool1767.sdcc.bnl.gov&noUDP&sock=startd_62920_7c34>
...
006 (2019740.000.000) 2025-02-02 22:46:36 Image size of job updated: 148488
	77  -  MemoryUsage of job (MB)
	78736  -  ResidentSetSize of job (KB)
...
006 (2019740.000.000) 2025-02-02 22:49:13 Image size of job updated: 4000848
	77  -  MemoryUsage of job (MB)
	78744  -  ResidentSetSize of job (KB)
...
005 (2019740.000.000) 2025-02-02 22:49:13 Job terminated.
	(1) Normal termination (return value 0)
		Usr 0 00:02:14, Sys 0 00:00:05  -  Run Remote Usage
		Usr 0 00:00:00, Sys 0 00:00:00  -  Run Local Usage
		Usr 0 00:02:14, Sys 0 00:00:05  -  Total Remote Usage
		Usr 0 00:00:00, Sys 0 00:00:00  -  Total Local Usage
	0  -  Run Bytes Sent By Job
	0  -  Run Bytes Received By Job
	0  -  Total Bytes Sent By Job
	0  -  Total Bytes Received By Job
	Partitionable Resources :    Usage  Request Allocated 
	   Cpus                 :     0.95        1         1 
	   Disk (KB)            :     2           2   6681619 
	   Memory (MB)          :    77      128192    128256 
	   xferslots            :                           0 

	Job terminated of its own accord at 2025-02-03T03:49:13Z with exit-code 0.
...
