000 (2017148.000.000) 2025-01-28 23:08:13 Job submitted from host: <130.199.48.81:9618?addrs=130.199.48.81-9618&alias=rcas2062.rcf.bnl.gov&noUDP&sock=schedd_48563_ad09>
...
001 (2017148.000.000) 2025-01-29 01:35:55 Job executing on host: <130.199.151.7:9618?addrs=130.199.151.7-9618&alias=spool1585.sdcc.bnl.gov&noUDP&sock=startd_26810_2043>
...
006 (2017148.000.000) 2025-01-29 01:36:04 Image size of job updated: 2938580
	0  -  MemoryUsage of job (MB)
	0  -  ResidentSetSize of job (KB)
...
005 (2017148.000.000) 2025-01-29 01:36:05 Job terminated.
	(1) Normal termination (return value 0)
		Usr 0 00:00:04, Sys 0 00:00:01  -  Run Remote Usage
		Usr 0 00:00:00, Sys 0 00:00:00  -  Run Local Usage
		Usr 0 00:00:04, Sys 0 00:00:01  -  Total Remote Usage
		Usr 0 00:00:00, Sys 0 00:00:00  -  Total Local Usage
	0  -  Run Bytes Sent By Job
	0  -  Run Bytes Received By Job
	0  -  Total Bytes Sent By Job
	0  -  Total Bytes Received By Job
	Partitionable Resources :    Usage  Request Allocated 
	   Cpus                 :                 1         1 
	   Disk (KB)            :        2        2   6681248 
	   Memory (MB)          :        0   128192    128256 
	   xferslots            :                           0 

	Job terminated of its own accord at 2025-01-29T06:36:04Z with exit-code 0.
...
000 (2017532.000.000) 2025-01-30 00:28:28 Job submitted from host: <130.199.48.81:9618?addrs=130.199.48.81-9618&alias=rcas2062.rcf.bnl.gov&noUDP&sock=schedd_48563_ad09>
...
001 (2017532.000.000) 2025-01-30 08:09:46 Job executing on host: <130.199.150.89:9618?addrs=130.199.150.89-9618&alias=spool1570.sdcc.bnl.gov&noUDP&sock=startd_37304_5835>
...
006 (2017532.000.000) 2025-01-30 08:09:55 Image size of job updated: 375280
	119  -  MemoryUsage of job (MB)
	121020  -  ResidentSetSize of job (KB)
...
006 (2017532.000.000) 2025-01-30 08:14:56 Image size of job updated: 6207512
	2759  -  MemoryUsage of job (MB)
	2825156  -  ResidentSetSize of job (KB)
...
006 (2017532.000.000) 2025-01-30 08:19:56 Image size of job updated: 9944936
	6033  -  MemoryUsage of job (MB)
	6177192  -  ResidentSetSize of job (KB)
...
006 (2017532.000.000) 2025-01-30 08:24:56 Image size of job updated: 13263972
	9124  -  MemoryUsage of job (MB)
	9342172  -  ResidentSetSize of job (KB)
...
006 (2017532.000.000) 2025-01-30 08:29:57 Image size of job updated: 15902128
	12449  -  MemoryUsage of job (MB)
	12746812  -  ResidentSetSize of job (KB)
...
006 (2017532.000.000) 2025-01-30 08:34:57 Image size of job updated: 19579208
	15371  -  MemoryUsage of job (MB)
	15739644  -  ResidentSetSize of job (KB)
...
006 (2017532.000.000) 2025-01-30 08:39:57 Image size of job updated: 22414504
	18299  -  MemoryUsage of job (MB)
	18737972  -  ResidentSetSize of job (KB)
...
006 (2017532.000.000) 2025-01-30 08:44:58 Image size of job updated: 25435888
	21227  -  MemoryUsage of job (MB)
	21736320  -  ResidentSetSize of job (KB)
...
006 (2017532.000.000) 2025-01-30 08:49:59 Image size of job updated: 28196036
	24145  -  MemoryUsage of job (MB)
	24724332  -  ResidentSetSize of job (KB)
...
006 (2017532.000.000) 2025-01-30 08:54:59 Image size of job updated: 31505624
	27431  -  MemoryUsage of job (MB)
	28088956  -  ResidentSetSize of job (KB)
...
006 (2017532.000.000) 2025-01-30 09:00:00 Image size of job updated: 34449132
	30147  -  MemoryUsage of job (MB)
	30869620  -  ResidentSetSize of job (KB)
...
006 (2017532.000.000) 2025-01-30 09:05:01 Image size of job updated: 37249036
	33057  -  MemoryUsage of job (MB)
	33850252  -  ResidentSetSize of job (KB)
...
006 (2017532.000.000) 2025-01-30 09:10:01 Image size of job updated: 40258604
	35647  -  MemoryUsage of job (MB)
	36501904  -  ResidentSetSize of job (KB)
...
006 (2017532.000.000) 2025-01-30 09:15:01 Image size of job updated: 41745936
	37498  -  MemoryUsage of job (MB)
	38397232  -  ResidentSetSize of job (KB)
...
006 (2017532.000.000) 2025-01-30 09:20:02 Image size of job updated: 43265360
	38893  -  MemoryUsage of job (MB)
	39826340  -  ResidentSetSize of job (KB)
...
006 (2017532.000.000) 2025-01-30 09:25:02 Image size of job updated: 44540016
	39880  -  MemoryUsage of job (MB)
	40837108  -  ResidentSetSize of job (KB)
...
006 (2017532.000.000) 2025-01-30 09:30:02 Image size of job updated: 45277160
	40892  -  MemoryUsage of job (MB)
	41873064  -  ResidentSetSize of job (KB)
...
006 (2017532.000.000) 2025-01-30 09:35:03 Image size of job updated: 46741828
	41912  -  MemoryUsage of job (MB)
	42917292  -  ResidentSetSize of job (KB)
...
006 (2017532.000.000) 2025-01-30 09:40:04 Image size of job updated: 47782044
	42977  -  MemoryUsage of job (MB)
	44007760  -  ResidentSetSize of job (KB)
...
006 (2017532.000.000) 2025-01-30 09:45:04 Image size of job updated: 48563876
	44072  -  MemoryUsage of job (MB)
	45129196  -  ResidentSetSize of job (KB)
...
006 (2017532.000.000) 2025-01-30 09:50:05 Image size of job updated: 49604408
	44982  -  MemoryUsage of job (MB)
	46060592  -  ResidentSetSize of job (KB)
...
006 (2017532.000.000) 2025-01-30 09:55:06 Image size of job updated: 50768212
	45961  -  MemoryUsage of job (MB)
	47063260  -  ResidentSetSize of job (KB)
...
006 (2017532.000.000) 2025-01-30 10:00:06 Image size of job updated: 51778208
	46914  -  MemoryUsage of job (MB)
	48039852  -  ResidentSetSize of job (KB)
...
006 (2017532.000.000) 2025-01-30 10:09:55 Image size of job updated: 52024204
	50146  -  MemoryUsage of job (MB)
	51349028  -  ResidentSetSize of job (KB)
...
006 (2017532.000.000) 2025-01-30 10:24:17 Image size of job updated: 58169288
	52976  -  MemoryUsage of job (MB)
	54246440  -  ResidentSetSize of job (KB)
...
006 (2017532.000.000) 2025-01-30 10:35:47 Image size of job updated: 60799876
	54455  -  MemoryUsage of job (MB)
	55761816  -  ResidentSetSize of job (KB)
...
006 (2017532.000.000) 2025-01-30 10:42:42 Image size of job updated: 61997816
	55560  -  MemoryUsage of job (MB)
	56892704  -  ResidentSetSize of job (KB)
...
006 (2017532.000.000) 2025-01-30 10:47:42 Image size of job updated: 62965524
	56199  -  MemoryUsage of job (MB)
	57546916  -  ResidentSetSize of job (KB)
...
006 (2017532.000.000) 2025-01-30 10:52:43 Image size of job updated: 63850084
	57093  -  MemoryUsage of job (MB)
	58463216  -  ResidentSetSize of job (KB)
...
006 (2017532.000.000) 2025-01-30 10:57:44 Image size of job updated: 64574784
	58161  -  MemoryUsage of job (MB)
	59556000  -  ResidentSetSize of job (KB)
...
006 (2017532.000.000) 2025-01-30 11:02:44 Image size of job updated: 65571932
	58755  -  MemoryUsage of job (MB)
	60165032  -  ResidentSetSize of job (KB)
...
006 (2017532.000.000) 2025-01-30 11:07:44 Image size of job updated: 66602480
	59345  -  MemoryUsage of job (MB)
	60768508  -  ResidentSetSize of job (KB)
...
006 (2017532.000.000) 2025-01-30 11:12:45 Image size of job updated: 67661484
	59991  -  MemoryUsage of job (MB)
	61430080  -  ResidentSetSize of job (KB)
...
006 (2017532.000.000) 2025-01-30 11:17:45 Image size of job updated: 68230824
	60614  -  MemoryUsage of job (MB)
	62067928  -  ResidentSetSize of job (KB)
...
006 (2017532.000.000) 2025-01-30 11:22:45 Image size of job updated: 69045220
	61384  -  MemoryUsage of job (MB)
	62856704  -  ResidentSetSize of job (KB)
...
006 (2017532.000.000) 2025-01-30 11:27:47 Image size of job updated: 70186780
	61915  -  MemoryUsage of job (MB)
	63400260  -  ResidentSetSize of job (KB)
...
006 (2017532.000.000) 2025-01-30 11:32:47 Image size of job updated: 71198840
	62479  -  MemoryUsage of job (MB)
	63977804  -  ResidentSetSize of job (KB)
...
006 (2017532.000.000) 2025-01-30 11:37:47 Image size of job updated: 71840160
	63427  -  MemoryUsage of job (MB)
	64948764  -  ResidentSetSize of job (KB)
...
006 (2017532.000.000) 2025-01-30 11:42:48 Image size of job updated: 72802404
	63834  -  MemoryUsage of job (MB)
	65365264  -  ResidentSetSize of job (KB)
...
006 (2017532.000.000) 2025-01-30 11:47:48 Image size of job updated: 73869996
	64850  -  MemoryUsage of job (MB)
	66405900  -  ResidentSetSize of job (KB)
...
006 (2017532.000.000) 2025-01-30 11:52:48 Image size of job updated: 74582012
	65320  -  MemoryUsage of job (MB)
	66886872  -  ResidentSetSize of job (KB)
...
006 (2017532.000.000) 2025-01-30 11:57:50 Image size of job updated: 75212752
	66168  -  MemoryUsage of job (MB)
	67755924  -  ResidentSetSize of job (KB)
...
006 (2017532.000.000) 2025-01-30 12:02:50 Image size of job updated: 76238448
	67264  -  MemoryUsage of job (MB)
	68878084  -  ResidentSetSize of job (KB)
...
006 (2017532.000.000) 2025-01-30 12:04:09 Image size of job updated: 76512292
	67264  -  MemoryUsage of job (MB)
	68878084  -  ResidentSetSize of job (KB)
...
005 (2017532.000.000) 2025-01-30 12:04:09 Job terminated.
	(1) Normal termination (return value 0)
		Usr 0 02:38:23, Sys 0 00:25:05  -  Run Remote Usage
		Usr 0 00:00:00, Sys 0 00:00:00  -  Run Local Usage
		Usr 0 02:38:23, Sys 0 00:25:05  -  Total Remote Usage
		Usr 0 00:00:00, Sys 0 00:00:00  -  Total Local Usage
	0  -  Run Bytes Sent By Job
	0  -  Run Bytes Received By Job
	0  -  Total Bytes Sent By Job
	0  -  Total Bytes Received By Job
	Partitionable Resources :    Usage  Request Allocated 
	   Cpus                 :     0.64        1         1 
	   Disk (KB)            :     2           2   6681236 
	   Memory (MB)          : 67264      128192    128256 
	   xferslots            :                           0 

	Job terminated of its own accord at 2025-01-30T17:04:09Z with exit-code 0.
...
000 (2018978.000.000) 2025-02-02 20:32:39 Job submitted from host: <130.199.48.81:9618?addrs=130.199.48.81-9618&alias=rcas2062.rcf.bnl.gov&noUDP&sock=schedd_48563_ad09>
...
001 (2018978.000.000) 2025-02-02 20:41:21 Job executing on host: <130.199.150.84:9618?addrs=130.199.150.84-9618&alias=spool1565.sdcc.bnl.gov&noUDP&sock=startd_12871_9bc6>
...
006 (2018978.000.000) 2025-02-02 20:41:30 Image size of job updated: 214268
	89  -  MemoryUsage of job (MB)
	91020  -  ResidentSetSize of job (KB)
...
006 (2018978.000.000) 2025-02-02 20:44:03 Image size of job updated: 4001280
	89  -  MemoryUsage of job (MB)
	91036  -  ResidentSetSize of job (KB)
...
005 (2018978.000.000) 2025-02-02 20:44:03 Job terminated.
	(1) Normal termination (return value 0)
		Usr 0 00:02:19, Sys 0 00:00:05  -  Run Remote Usage
		Usr 0 00:00:00, Sys 0 00:00:00  -  Run Local Usage
		Usr 0 00:02:19, Sys 0 00:00:05  -  Total Remote Usage
		Usr 0 00:00:00, Sys 0 00:00:00  -  Total Local Usage
	0  -  Run Bytes Sent By Job
	0  -  Run Bytes Received By Job
	0  -  Total Bytes Sent By Job
	0  -  Total Bytes Received By Job
	Partitionable Resources :    Usage  Request Allocated 
	   Cpus                 :     0.10        1         1 
	   Disk (KB)            :     2           2   6681243 
	   Memory (MB)          :    89      128192    128256 
	   xferslots            :                           0 

	Job terminated of its own accord at 2025-02-03T01:44:03Z with exit-code 0.
...
000 (2019362.000.000) 2025-02-02 20:57:07 Job submitted from host: <130.199.48.81:9618?addrs=130.199.48.81-9618&alias=rcas2062.rcf.bnl.gov&noUDP&sock=schedd_48563_ad09>
...
001 (2019362.000.000) 2025-02-02 21:02:46 Job executing on host: <130.199.184.210:9618?addrs=130.199.184.210-9618&alias=spool1785.sdcc.bnl.gov&noUDP&sock=startd_68296_ebdb>
...
006 (2019362.000.000) 2025-02-02 21:02:55 Image size of job updated: 298144
	87  -  MemoryUsage of job (MB)
	88852  -  ResidentSetSize of job (KB)
...
006 (2019362.000.000) 2025-02-02 21:05:24 Image size of job updated: 4001284
	87  -  MemoryUsage of job (MB)
	88864  -  ResidentSetSize of job (KB)
...
005 (2019362.000.000) 2025-02-02 21:05:24 Job terminated.
	(1) Normal termination (return value 0)
		Usr 0 00:02:19, Sys 0 00:00:07  -  Run Remote Usage
		Usr 0 00:00:00, Sys 0 00:00:00  -  Run Local Usage
		Usr 0 00:02:19, Sys 0 00:00:07  -  Total Remote Usage
		Usr 0 00:00:00, Sys 0 00:00:00  -  Total Local Usage
	0  -  Run Bytes Sent By Job
	0  -  Run Bytes Received By Job
	0  -  Total Bytes Sent By Job
	0  -  Total Bytes Received By Job
	Partitionable Resources :    Usage  Request Allocated 
	   Cpus                 :     0.96        1         1 
	   Disk (KB)            :     2           2   6681653 
	   Memory (MB)          :    87      128192    128256 
	   xferslots            :                           0 

	Job terminated of its own accord at 2025-02-03T02:05:24Z with exit-code 0.
...
000 (2019746.000.000) 2025-02-02 22:34:47 Job submitted from host: <130.199.48.81:9618?addrs=130.199.48.81-9618&alias=rcas2062.rcf.bnl.gov&noUDP&sock=schedd_48563_ad09>
...
001 (2019746.000.000) 2025-02-02 22:46:39 Job executing on host: <130.199.151.27:9618?addrs=130.199.151.27-9618&alias=spool1605.sdcc.bnl.gov&noUDP&sock=startd_4829_6ac2>
...
006 (2019746.000.000) 2025-02-02 22:46:48 Image size of job updated: 63560
	33  -  MemoryUsage of job (MB)
	32988  -  ResidentSetSize of job (KB)
...
006 (2019746.000.000) 2025-02-02 22:49:50 Image size of job updated: 4001292
	33  -  MemoryUsage of job (MB)
	32988  -  ResidentSetSize of job (KB)
...
005 (2019746.000.000) 2025-02-02 22:49:50 Job terminated.
	(1) Normal termination (return value 0)
		Usr 0 00:02:26, Sys 0 00:00:05  -  Run Remote Usage
		Usr 0 00:00:00, Sys 0 00:00:00  -  Run Local Usage
		Usr 0 00:02:26, Sys 0 00:00:05  -  Total Remote Usage
		Usr 0 00:00:00, Sys 0 00:00:00  -  Total Local Usage
	0  -  Run Bytes Sent By Job
	0  -  Run Bytes Received By Job
	0  -  Total Bytes Sent By Job
	0  -  Total Bytes Received By Job
	Partitionable Resources :    Usage  Request Allocated 
	   Cpus                 :                 1         1 
	   Disk (KB)            :        2        2   6681243 
	   Memory (MB)          :       33   128192    128256 
	   xferslots            :                           0 

	Job terminated of its own accord at 2025-02-03T03:49:50Z with exit-code 0.
...
