000 (2016918.000.000) 2025-01-28 23:07:54 Job submitted from host: <130.199.48.81:9618?addrs=130.199.48.81-9618&alias=rcas2062.rcf.bnl.gov&noUDP&sock=schedd_48563_ad09>
...
001 (2016918.000.000) 2025-01-28 23:10:31 Job executing on host: <130.199.184.203:9618?addrs=130.199.184.203-9618&alias=spool1778.sdcc.bnl.gov&noUDP&sock=startd_34041_a570>
...
006 (2016918.000.000) 2025-01-28 23:10:39 Image size of job updated: 51024
	7  -  MemoryUsage of job (MB)
	7164  -  ResidentSetSize of job (KB)
...
006 (2016918.000.000) 2025-01-28 23:15:39 Image size of job updated: 5028820
	975  -  MemoryUsage of job (MB)
	998184  -  ResidentSetSize of job (KB)
...
006 (2016918.000.000) 2025-01-28 23:20:40 Image size of job updated: 6222000
	2023  -  MemoryUsage of job (MB)
	2070616  -  ResidentSetSize of job (KB)
...
006 (2016918.000.000) 2025-01-28 23:25:40 Image size of job updated: 7155128
	3507  -  MemoryUsage of job (MB)
	3590840  -  ResidentSetSize of job (KB)
...
006 (2016918.000.000) 2025-01-28 23:30:40 Image size of job updated: 8538720
	4910  -  MemoryUsage of job (MB)
	5027816  -  ResidentSetSize of job (KB)
...
006 (2016918.000.000) 2025-01-28 23:35:41 Image size of job updated: 9807384
	5861  -  MemoryUsage of job (MB)
	6001444  -  ResidentSetSize of job (KB)
...
006 (2016918.000.000) 2025-01-28 23:40:42 Image size of job updated: 10646668
	6822  -  MemoryUsage of job (MB)
	6985672  -  ResidentSetSize of job (KB)
...
006 (2016918.000.000) 2025-01-28 23:45:42 Image size of job updated: 12106328
	7896  -  MemoryUsage of job (MB)
	8085036  -  ResidentSetSize of job (KB)
...
006 (2016918.000.000) 2025-01-28 23:50:43 Image size of job updated: 12563260
	8734  -  MemoryUsage of job (MB)
	8942788  -  ResidentSetSize of job (KB)
...
006 (2016918.000.000) 2025-01-28 23:55:44 Image size of job updated: 13746672
	9653  -  MemoryUsage of job (MB)
	9884424  -  ResidentSetSize of job (KB)
...
006 (2016918.000.000) 2025-01-29 00:00:44 Image size of job updated: 14698276
	10591  -  MemoryUsage of job (MB)
	10844448  -  ResidentSetSize of job (KB)
...
006 (2016918.000.000) 2025-01-29 00:05:44 Image size of job updated: 15479024
	11767  -  MemoryUsage of job (MB)
	12048408  -  ResidentSetSize of job (KB)
...
006 (2016918.000.000) 2025-01-29 00:10:45 Image size of job updated: 16580956
	12506  -  MemoryUsage of job (MB)
	12805952  -  ResidentSetSize of job (KB)
...
006 (2016918.000.000) 2025-01-29 00:15:45 Image size of job updated: 17772336
	13397  -  MemoryUsage of job (MB)
	13717648  -  ResidentSetSize of job (KB)
...
006 (2016918.000.000) 2025-01-29 00:20:45 Image size of job updated: 18807432
	14372  -  MemoryUsage of job (MB)
	14716856  -  ResidentSetSize of job (KB)
...
006 (2016918.000.000) 2025-01-29 00:25:46 Image size of job updated: 19617912
	15333  -  MemoryUsage of job (MB)
	15700080  -  ResidentSetSize of job (KB)
...
006 (2016918.000.000) 2025-01-29 00:30:47 Image size of job updated: 20549708
	16270  -  MemoryUsage of job (MB)
	16660276  -  ResidentSetSize of job (KB)
...
006 (2016918.000.000) 2025-01-29 00:35:47 Image size of job updated: 20841472
	16849  -  MemoryUsage of job (MB)
	17253176  -  ResidentSetSize of job (KB)
...
006 (2016918.000.000) 2025-01-29 00:40:48 Image size of job updated: 22223624
	17821  -  MemoryUsage of job (MB)
	18248076  -  ResidentSetSize of job (KB)
...
006 (2016918.000.000) 2025-01-29 00:45:49 Image size of job updated: 22618204
	18729  -  MemoryUsage of job (MB)
	19177504  -  ResidentSetSize of job (KB)
...
006 (2016918.000.000) 2025-01-29 00:50:49 Image size of job updated: 24054916
	19602  -  MemoryUsage of job (MB)
	20072224  -  ResidentSetSize of job (KB)
...
006 (2016918.000.000) 2025-01-29 00:55:50 Image size of job updated: 24698464
	20679  -  MemoryUsage of job (MB)
	21175152  -  ResidentSetSize of job (KB)
...
006 (2016918.000.000) 2025-01-29 01:00:50 Image size of job updated: 25555632
	21477  -  MemoryUsage of job (MB)
	21992124  -  ResidentSetSize of job (KB)
...
006 (2016918.000.000) 2025-01-29 01:05:50 Image size of job updated: 26496252
	22523  -  MemoryUsage of job (MB)
	23062956  -  ResidentSetSize of job (KB)
...
006 (2016918.000.000) 2025-01-29 01:10:51 Image size of job updated: 27836960
	23247  -  MemoryUsage of job (MB)
	23804792  -  ResidentSetSize of job (KB)
...
006 (2016918.000.000) 2025-01-29 01:15:52 Image size of job updated: 28553800
	24058  -  MemoryUsage of job (MB)
	24634908  -  ResidentSetSize of job (KB)
...
006 (2016918.000.000) 2025-01-29 01:20:52 Image size of job updated: 29096716
	24983  -  MemoryUsage of job (MB)
	25582496  -  ResidentSetSize of job (KB)
...
006 (2016918.000.000) 2025-01-29 01:25:53 Image size of job updated: 30815192
	26067  -  MemoryUsage of job (MB)
	26691920  -  ResidentSetSize of job (KB)
...
006 (2016918.000.000) 2025-01-29 01:30:54 Image size of job updated: 31494376
	27090  -  MemoryUsage of job (MB)
	27739936  -  ResidentSetSize of job (KB)
...
006 (2016918.000.000) 2025-01-29 01:35:54 Image size of job updated: 32355644
	27788  -  MemoryUsage of job (MB)
	28454512  -  ResidentSetSize of job (KB)
...
006 (2016918.000.000) 2025-01-29 01:40:55 Image size of job updated: 33200592
	28778  -  MemoryUsage of job (MB)
	29468316  -  ResidentSetSize of job (KB)
...
006 (2016918.000.000) 2025-01-29 01:45:56 Image size of job updated: 34369632
	29466  -  MemoryUsage of job (MB)
	30172316  -  ResidentSetSize of job (KB)
...
006 (2016918.000.000) 2025-01-29 01:50:56 Image size of job updated: 35220876
	30267  -  MemoryUsage of job (MB)
	30993120  -  ResidentSetSize of job (KB)
...
006 (2016918.000.000) 2025-01-29 01:55:56 Image size of job updated: 35827172
	31251  -  MemoryUsage of job (MB)
	32000132  -  ResidentSetSize of job (KB)
...
006 (2016918.000.000) 2025-01-29 02:00:57 Image size of job updated: 36606528
	31925  -  MemoryUsage of job (MB)
	32690788  -  ResidentSetSize of job (KB)
...
006 (2016918.000.000) 2025-01-29 02:05:57 Image size of job updated: 37351476
	32900  -  MemoryUsage of job (MB)
	33689584  -  ResidentSetSize of job (KB)
...
006 (2016918.000.000) 2025-01-29 02:10:57 Image size of job updated: 38301688
	33591  -  MemoryUsage of job (MB)
	34396364  -  ResidentSetSize of job (KB)
...
006 (2016918.000.000) 2025-01-29 02:15:58 Image size of job updated: 39165468
	34523  -  MemoryUsage of job (MB)
	35350788  -  ResidentSetSize of job (KB)
...
006 (2016918.000.000) 2025-01-29 02:17:18 Image size of job updated: 39228588
	34524  -  MemoryUsage of job (MB)
	35351584  -  ResidentSetSize of job (KB)
...
005 (2016918.000.000) 2025-01-29 02:17:18 Job terminated.
	(1) Normal termination (return value 0)
		Usr 0 01:31:24, Sys 0 00:15:24  -  Run Remote Usage
		Usr 0 00:00:00, Sys 0 00:00:00  -  Run Local Usage
		Usr 0 01:31:24, Sys 0 00:15:24  -  Total Remote Usage
		Usr 0 00:00:00, Sys 0 00:00:00  -  Total Local Usage
	0  -  Run Bytes Sent By Job
	0  -  Run Bytes Received By Job
	0  -  Total Bytes Sent By Job
	0  -  Total Bytes Received By Job
	Partitionable Resources :    Usage  Request Allocated 
	   Cpus                 :     0.49        1         1 
	   Disk (KB)            :     2           2   6681624 
	   Memory (MB)          : 34524      128192    128256 
	   xferslots            :                           0 

	Job terminated of its own accord at 2025-01-29T07:17:18Z with exit-code 0.
...
000 (2017302.000.000) 2025-01-30 00:28:03 Job submitted from host: <130.199.48.81:9618?addrs=130.199.48.81-9618&alias=rcas2062.rcf.bnl.gov&noUDP&sock=schedd_48563_ad09>
...
001 (2017302.000.000) 2025-01-30 00:35:01 Job executing on host: <130.199.150.82:9618?addrs=130.199.150.82-9618&alias=spool1563.sdcc.bnl.gov&noUDP&sock=startd_75880_295c>
...
006 (2017302.000.000) 2025-01-30 00:35:10 Image size of job updated: 559988
	79  -  MemoryUsage of job (MB)
	80072  -  ResidentSetSize of job (KB)
...
006 (2017302.000.000) 2025-01-30 00:40:11 Image size of job updated: 4658556
	1262  -  MemoryUsage of job (MB)
	1291440  -  ResidentSetSize of job (KB)
...
006 (2017302.000.000) 2025-01-30 00:45:11 Image size of job updated: 7485640
	3661  -  MemoryUsage of job (MB)
	3748744  -  ResidentSetSize of job (KB)
...
006 (2017302.000.000) 2025-01-30 00:50:12 Image size of job updated: 9633568
	6177  -  MemoryUsage of job (MB)
	6324720  -  ResidentSetSize of job (KB)
...
006 (2017302.000.000) 2025-01-30 00:55:13 Image size of job updated: 12371772
	8423  -  MemoryUsage of job (MB)
	8624264  -  ResidentSetSize of job (KB)
...
006 (2017302.000.000) 2025-01-30 01:00:13 Image size of job updated: 13637784
	9975  -  MemoryUsage of job (MB)
	10214356  -  ResidentSetSize of job (KB)
...
006 (2017302.000.000) 2025-01-30 01:05:13 Image size of job updated: 15414412
	11767  -  MemoryUsage of job (MB)
	12049204  -  ResidentSetSize of job (KB)
...
006 (2017302.000.000) 2025-01-30 01:10:14 Image size of job updated: 16975720
	13088  -  MemoryUsage of job (MB)
	13401552  -  ResidentSetSize of job (KB)
...
006 (2017302.000.000) 2025-01-30 01:15:14 Image size of job updated: 18754700
	14671  -  MemoryUsage of job (MB)
	15022844  -  ResidentSetSize of job (KB)
...
006 (2017302.000.000) 2025-01-30 01:20:14 Image size of job updated: 19936860
	16010  -  MemoryUsage of job (MB)
	16393788  -  ResidentSetSize of job (KB)
...
006 (2017302.000.000) 2025-01-30 01:25:15 Image size of job updated: 21102176
	17067  -  MemoryUsage of job (MB)
	17476144  -  ResidentSetSize of job (KB)
...
006 (2017302.000.000) 2025-01-30 01:30:15 Image size of job updated: 22788952
	18537  -  MemoryUsage of job (MB)
	18981732  -  ResidentSetSize of job (KB)
...
006 (2017302.000.000) 2025-01-30 01:35:15 Image size of job updated: 23901132
	19829  -  MemoryUsage of job (MB)
	20304356  -  ResidentSetSize of job (KB)
...
006 (2017302.000.000) 2025-01-30 01:40:16 Image size of job updated: 25332824
	21314  -  MemoryUsage of job (MB)
	21825284  -  ResidentSetSize of job (KB)
...
006 (2017302.000.000) 2025-01-30 01:45:17 Image size of job updated: 27167388
	22749  -  MemoryUsage of job (MB)
	23293976  -  ResidentSetSize of job (KB)
...
006 (2017302.000.000) 2025-01-30 01:50:17 Image size of job updated: 28808548
	24299  -  MemoryUsage of job (MB)
	24882104  -  ResidentSetSize of job (KB)
...
006 (2017302.000.000) 2025-01-30 01:55:18 Image size of job updated: 30139020
	25981  -  MemoryUsage of job (MB)
	26603748  -  ResidentSetSize of job (KB)
...
006 (2017302.000.000) 2025-01-30 02:00:19 Image size of job updated: 31987416
	27573  -  MemoryUsage of job (MB)
	28233900  -  ResidentSetSize of job (KB)
...
006 (2017302.000.000) 2025-01-30 02:05:19 Image size of job updated: 33067924
	28968  -  MemoryUsage of job (MB)
	29662780  -  ResidentSetSize of job (KB)
...
006 (2017302.000.000) 2025-01-30 02:10:20 Image size of job updated: 34622948
	30284  -  MemoryUsage of job (MB)
	31010060  -  ResidentSetSize of job (KB)
...
006 (2017302.000.000) 2025-01-30 02:15:21 Image size of job updated: 36127476
	31506  -  MemoryUsage of job (MB)
	32261432  -  ResidentSetSize of job (KB)
...
006 (2017302.000.000) 2025-01-30 02:20:21 Image size of job updated: 37174360
	32525  -  MemoryUsage of job (MB)
	33305044  -  ResidentSetSize of job (KB)
...
006 (2017302.000.000) 2025-01-30 02:25:21 Image size of job updated: 38298948
	33719  -  MemoryUsage of job (MB)
	34527324  -  ResidentSetSize of job (KB)
...
006 (2017302.000.000) 2025-01-30 02:30:22 Image size of job updated: 39757216
	34802  -  MemoryUsage of job (MB)
	35637044  -  ResidentSetSize of job (KB)
...
006 (2017302.000.000) 2025-01-30 02:35:22 Image size of job updated: 40630796
	35978  -  MemoryUsage of job (MB)
	36841180  -  ResidentSetSize of job (KB)
...
006 (2017302.000.000) 2025-01-30 02:40:22 Image size of job updated: 41655756
	37106  -  MemoryUsage of job (MB)
	37995980  -  ResidentSetSize of job (KB)
...
006 (2017302.000.000) 2025-01-30 02:45:23 Image size of job updated: 42955892
	38294  -  MemoryUsage of job (MB)
	39212748  -  ResidentSetSize of job (KB)
...
006 (2017302.000.000) 2025-01-30 02:50:24 Image size of job updated: 43792860
	39172  -  MemoryUsage of job (MB)
	40111536  -  ResidentSetSize of job (KB)
...
006 (2017302.000.000) 2025-01-30 02:55:24 Image size of job updated: 45040508
	40180  -  MemoryUsage of job (MB)
	41143384  -  ResidentSetSize of job (KB)
...
006 (2017302.000.000) 2025-01-30 03:00:25 Image size of job updated: 46082500
	41016  -  MemoryUsage of job (MB)
	41999404  -  ResidentSetSize of job (KB)
...
006 (2017302.000.000) 2025-01-30 03:05:26 Image size of job updated: 46561636
	41938  -  MemoryUsage of job (MB)
	42943824  -  ResidentSetSize of job (KB)
...
006 (2017302.000.000) 2025-01-30 03:10:26 Image size of job updated: 47589456
	42934  -  MemoryUsage of job (MB)
	43964344  -  ResidentSetSize of job (KB)
...
006 (2017302.000.000) 2025-01-30 03:15:27 Image size of job updated: 48583436
	44038  -  MemoryUsage of job (MB)
	45093964  -  ResidentSetSize of job (KB)
...
006 (2017302.000.000) 2025-01-30 03:20:28 Image size of job updated: 49493136
	44852  -  MemoryUsage of job (MB)
	45927616  -  ResidentSetSize of job (KB)
...
006 (2017302.000.000) 2025-01-30 03:25:28 Image size of job updated: 50626124
	45724  -  MemoryUsage of job (MB)
	46821148  -  ResidentSetSize of job (KB)
...
006 (2017302.000.000) 2025-01-30 03:30:28 Image size of job updated: 51625736
	46650  -  MemoryUsage of job (MB)
	47769248  -  ResidentSetSize of job (KB)
...
006 (2017302.000.000) 2025-01-30 03:35:29 Image size of job updated: 52663508
	47805  -  MemoryUsage of job (MB)
	48951308  -  ResidentSetSize of job (KB)
...
006 (2017302.000.000) 2025-01-30 03:40:29 Image size of job updated: 53435504
	48746  -  MemoryUsage of job (MB)
	49915060  -  ResidentSetSize of job (KB)
...
006 (2017302.000.000) 2025-01-30 03:45:29 Image size of job updated: 54482944
	49830  -  MemoryUsage of job (MB)
	51025136  -  ResidentSetSize of job (KB)
...
006 (2017302.000.000) 2025-01-30 03:50:30 Image size of job updated: 55689700
	50601  -  MemoryUsage of job (MB)
	51814656  -  ResidentSetSize of job (KB)
...
006 (2017302.000.000) 2025-01-30 03:55:30 Image size of job updated: 56902312
	51633  -  MemoryUsage of job (MB)
	52871728  -  ResidentSetSize of job (KB)
...
006 (2017302.000.000) 2025-01-30 04:00:30 Image size of job updated: 58194828
	52639  -  MemoryUsage of job (MB)
	53901632  -  ResidentSetSize of job (KB)
...
006 (2017302.000.000) 2025-01-30 04:05:31 Image size of job updated: 58843956
	53772  -  MemoryUsage of job (MB)
	55062320  -  ResidentSetSize of job (KB)
...
006 (2017302.000.000) 2025-01-30 04:10:31 Image size of job updated: 59907752
	54801  -  MemoryUsage of job (MB)
	56115720  -  ResidentSetSize of job (KB)
...
006 (2017302.000.000) 2025-01-30 04:15:31 Image size of job updated: 61227120
	55762  -  MemoryUsage of job (MB)
	57099788  -  ResidentSetSize of job (KB)
...
006 (2017302.000.000) 2025-01-30 04:20:32 Image size of job updated: 62039496
	56675  -  MemoryUsage of job (MB)
	58034560  -  ResidentSetSize of job (KB)
...
006 (2017302.000.000) 2025-01-30 04:25:32 Image size of job updated: 63323200
	57686  -  MemoryUsage of job (MB)
	59069836  -  ResidentSetSize of job (KB)
...
006 (2017302.000.000) 2025-01-30 04:30:32 Image size of job updated: 64036648
	58699  -  MemoryUsage of job (MB)
	60107076  -  ResidentSetSize of job (KB)
...
006 (2017302.000.000) 2025-01-30 04:35:34 Image size of job updated: 64868996
	59720  -  MemoryUsage of job (MB)
	61152272  -  ResidentSetSize of job (KB)
...
006 (2017302.000.000) 2025-01-30 04:40:34 Image size of job updated: 66327980
	60790  -  MemoryUsage of job (MB)
	62247972  -  ResidentSetSize of job (KB)
...
006 (2017302.000.000) 2025-01-30 04:43:22 Image size of job updated: 66734016
	60790  -  MemoryUsage of job (MB)
	62247972  -  ResidentSetSize of job (KB)
...
005 (2017302.000.000) 2025-01-30 04:43:22 Job terminated.
	(1) Normal termination (return value 0)
		Usr 0 02:59:27, Sys 0 00:25:23  -  Run Remote Usage
		Usr 0 00:00:00, Sys 0 00:00:00  -  Run Local Usage
		Usr 0 02:59:27, Sys 0 00:25:23  -  Total Remote Usage
		Usr 0 00:00:00, Sys 0 00:00:00  -  Total Local Usage
	0  -  Run Bytes Sent By Job
	0  -  Run Bytes Received By Job
	0  -  Total Bytes Sent By Job
	0  -  Total Bytes Received By Job
	Partitionable Resources :    Usage  Request Allocated 
	   Cpus                 :     0.81        1         1 
	   Disk (KB)            :     2           2   6681231 
	   Memory (MB)          : 60790      128192    128256 
	   xferslots            :                           0 

	Job terminated of its own accord at 2025-01-30T09:43:22Z with exit-code 0.
...
000 (2018748.000.000) 2025-02-02 20:32:15 Job submitted from host: <130.199.48.81:9618?addrs=130.199.48.81-9618&alias=rcas2062.rcf.bnl.gov&noUDP&sock=schedd_48563_ad09>
...
001 (2018748.000.000) 2025-02-02 20:35:27 Job executing on host: <130.199.150.71:9618?addrs=130.199.150.71-9618&alias=spool1552.sdcc.bnl.gov&noUDP&sock=startd_82644_e1d6>
...
006 (2018748.000.000) 2025-02-02 20:35:36 Image size of job updated: 181076
	107  -  MemoryUsage of job (MB)
	108788  -  ResidentSetSize of job (KB)
...
006 (2018748.000.000) 2025-02-02 20:37:55 Image size of job updated: 4001244
	107  -  MemoryUsage of job (MB)
	108788  -  ResidentSetSize of job (KB)
...
005 (2018748.000.000) 2025-02-02 20:37:55 Job terminated.
	(1) Normal termination (return value 0)
		Usr 0 00:02:07, Sys 0 00:00:05  -  Run Remote Usage
		Usr 0 00:00:00, Sys 0 00:00:00  -  Run Local Usage
		Usr 0 00:02:07, Sys 0 00:00:05  -  Total Remote Usage
		Usr 0 00:00:00, Sys 0 00:00:00  -  Total Local Usage
	0  -  Run Bytes Sent By Job
	0  -  Run Bytes Received By Job
	0  -  Total Bytes Sent By Job
	0  -  Total Bytes Received By Job
	Partitionable Resources :    Usage  Request Allocated 
	   Cpus                 :     0.96        1         1 
	   Disk (KB)            :     2           2   6681233 
	   Memory (MB)          :   107      128192    128256 
	   xferslots            :                           0 

	Job terminated of its own accord at 2025-02-03T01:37:55Z with exit-code 0.
...
000 (2019132.000.000) 2025-02-02 20:56:46 Job submitted from host: <130.199.48.81:9618?addrs=130.199.48.81-9618&alias=rcas2062.rcf.bnl.gov&noUDP&sock=schedd_48563_ad09>
...
001 (2019132.000.000) 2025-02-02 20:58:24 Job executing on host: <130.199.151.32:9618?addrs=130.199.151.32-9618&alias=spool1610.sdcc.bnl.gov&noUDP&sock=startd_73852_533e>
...
006 (2019132.000.000) 2025-02-02 20:58:32 Image size of job updated: 374952
	78  -  MemoryUsage of job (MB)
	78860  -  ResidentSetSize of job (KB)
...
006 (2019132.000.000) 2025-02-02 21:01:03 Image size of job updated: 4001228
	78  -  MemoryUsage of job (MB)
	78860  -  ResidentSetSize of job (KB)
...
005 (2019132.000.000) 2025-02-02 21:01:03 Job terminated.
	(1) Normal termination (return value 0)
		Usr 0 00:02:19, Sys 0 00:00:06  -  Run Remote Usage
		Usr 0 00:00:00, Sys 0 00:00:00  -  Run Local Usage
		Usr 0 00:02:19, Sys 0 00:00:06  -  Total Remote Usage
		Usr 0 00:00:00, Sys 0 00:00:00  -  Total Local Usage
	0  -  Run Bytes Sent By Job
	0  -  Run Bytes Received By Job
	0  -  Total Bytes Sent By Job
	0  -  Total Bytes Received By Job
	Partitionable Resources :    Usage  Request Allocated 
	   Cpus                 :                 1         1 
	   Disk (KB)            :        2        2   6681229 
	   Memory (MB)          :       78   128192    128256 
	   xferslots            :                           0 

	Job terminated of its own accord at 2025-02-03T02:01:03Z with exit-code 0.
...
000 (2019516.000.000) 2025-02-02 22:34:27 Job submitted from host: <130.199.48.81:9618?addrs=130.199.48.81-9618&alias=rcas2062.rcf.bnl.gov&noUDP&sock=schedd_48563_ad09>
...
001 (2019516.000.000) 2025-02-02 22:38:57 Job executing on host: <130.199.151.15:9618?addrs=130.199.151.15-9618&alias=spool1593.sdcc.bnl.gov&noUDP&sock=startd_89763_f4af>
...
006 (2019516.000.000) 2025-02-02 22:39:05 Image size of job updated: 52120
	32  -  MemoryUsage of job (MB)
	32588  -  ResidentSetSize of job (KB)
...
006 (2019516.000.000) 2025-02-02 22:42:12 Image size of job updated: 4001228
	32  -  MemoryUsage of job (MB)
	32588  -  ResidentSetSize of job (KB)
...
005 (2019516.000.000) 2025-02-02 22:42:12 Job terminated.
	(1) Normal termination (return value 0)
		Usr 0 00:02:26, Sys 0 00:00:06  -  Run Remote Usage
		Usr 0 00:00:00, Sys 0 00:00:00  -  Run Local Usage
		Usr 0 00:02:26, Sys 0 00:00:06  -  Total Remote Usage
		Usr 0 00:00:00, Sys 0 00:00:00  -  Total Local Usage
	0  -  Run Bytes Sent By Job
	0  -  Run Bytes Received By Job
	0  -  Total Bytes Sent By Job
	0  -  Total Bytes Received By Job
	Partitionable Resources :    Usage  Request Allocated 
	   Cpus                 :     0.96        1         1 
	   Disk (KB)            :     2           2   6681231 
	   Memory (MB)          :    32      128192    128256 
	   xferslots            :                           0 

	Job terminated of its own accord at 2025-02-03T03:42:12Z with exit-code 0.
...
