000 (2016947.000.000) 2025-01-28 23:07:56 Job submitted from host: <130.199.48.81:9618?addrs=130.199.48.81-9618&alias=rcas2062.rcf.bnl.gov&noUDP&sock=schedd_48563_ad09>
...
001 (2016947.000.000) 2025-01-28 23:12:39 Job executing on host: <130.199.150.87:9618?addrs=130.199.150.87-9618&alias=spool1568.sdcc.bnl.gov&noUDP&sock=startd_61885_ebb5>
...
006 (2016947.000.000) 2025-01-28 23:12:47 Image size of job updated: 29928
	7  -  MemoryUsage of job (MB)
	7144  -  ResidentSetSize of job (KB)
...
006 (2016947.000.000) 2025-01-28 23:17:47 Image size of job updated: 4975464
	1291  -  MemoryUsage of job (MB)
	1321020  -  ResidentSetSize of job (KB)
...
006 (2016947.000.000) 2025-01-28 23:22:48 Image size of job updated: 5974472
	2350  -  MemoryUsage of job (MB)
	2405476  -  ResidentSetSize of job (KB)
...
006 (2016947.000.000) 2025-01-28 23:27:49 Image size of job updated: 6899636
	3382  -  MemoryUsage of job (MB)
	3462520  -  ResidentSetSize of job (KB)
...
006 (2016947.000.000) 2025-01-28 23:32:49 Image size of job updated: 8569024
	4353  -  MemoryUsage of job (MB)
	4457340  -  ResidentSetSize of job (KB)
...
006 (2016947.000.000) 2025-01-28 23:37:49 Image size of job updated: 9339416
	5398  -  MemoryUsage of job (MB)
	5527216  -  ResidentSetSize of job (KB)
...
006 (2016947.000.000) 2025-01-28 23:42:50 Image size of job updated: 10493920
	6406  -  MemoryUsage of job (MB)
	6559072  -  ResidentSetSize of job (KB)
...
006 (2016947.000.000) 2025-01-28 23:47:50 Image size of job updated: 11522856
	7444  -  MemoryUsage of job (MB)
	7622424  -  ResidentSetSize of job (KB)
...
006 (2016947.000.000) 2025-01-28 23:52:51 Image size of job updated: 12170308
	8505  -  MemoryUsage of job (MB)
	8709036  -  ResidentSetSize of job (KB)
...
006 (2016947.000.000) 2025-01-28 23:57:52 Image size of job updated: 13635380
	9542  -  MemoryUsage of job (MB)
	9770136  -  ResidentSetSize of job (KB)
...
006 (2016947.000.000) 2025-01-29 00:02:52 Image size of job updated: 14414920
	10477  -  MemoryUsage of job (MB)
	10727444  -  ResidentSetSize of job (KB)
...
006 (2016947.000.000) 2025-01-29 00:07:52 Image size of job updated: 15602540
	11440  -  MemoryUsage of job (MB)
	11713912  -  ResidentSetSize of job (KB)
...
006 (2016947.000.000) 2025-01-29 00:12:53 Image size of job updated: 16279024
	12318  -  MemoryUsage of job (MB)
	12612732  -  ResidentSetSize of job (KB)
...
006 (2016947.000.000) 2025-01-29 00:17:53 Image size of job updated: 17107168
	13083  -  MemoryUsage of job (MB)
	13396576  -  ResidentSetSize of job (KB)
...
006 (2016947.000.000) 2025-01-29 00:22:53 Image size of job updated: 18417072
	14112  -  MemoryUsage of job (MB)
	14450184  -  ResidentSetSize of job (KB)
...
006 (2016947.000.000) 2025-01-29 00:27:55 Image size of job updated: 18997760
	15202  -  MemoryUsage of job (MB)
	15566764  -  ResidentSetSize of job (KB)
...
006 (2016947.000.000) 2025-01-29 00:32:55 Image size of job updated: 19856684
	16053  -  MemoryUsage of job (MB)
	16437512  -  ResidentSetSize of job (KB)
...
006 (2016947.000.000) 2025-01-29 00:37:55 Image size of job updated: 21173468
	16956  -  MemoryUsage of job (MB)
	17362824  -  ResidentSetSize of job (KB)
...
006 (2016947.000.000) 2025-01-29 00:42:56 Image size of job updated: 21765908
	17814  -  MemoryUsage of job (MB)
	18240632  -  ResidentSetSize of job (KB)
...
006 (2016947.000.000) 2025-01-29 00:47:56 Image size of job updated: 23002072
	18795  -  MemoryUsage of job (MB)
	19245460  -  ResidentSetSize of job (KB)
...
006 (2016947.000.000) 2025-01-29 00:52:56 Image size of job updated: 24294492
	19753  -  MemoryUsage of job (MB)
	20226488  -  ResidentSetSize of job (KB)
...
006 (2016947.000.000) 2025-01-29 00:57:58 Image size of job updated: 24807884
	20711  -  MemoryUsage of job (MB)
	21207868  -  ResidentSetSize of job (KB)
...
006 (2016947.000.000) 2025-01-29 01:02:58 Image size of job updated: 25821020
	21618  -  MemoryUsage of job (MB)
	22135816  -  ResidentSetSize of job (KB)
...
006 (2016947.000.000) 2025-01-29 01:07:58 Image size of job updated: 26791472
	22266  -  MemoryUsage of job (MB)
	22800380  -  ResidentSetSize of job (KB)
...
006 (2016947.000.000) 2025-01-29 01:12:59 Image size of job updated: 27299864
	23095  -  MemoryUsage of job (MB)
	23648400  -  ResidentSetSize of job (KB)
...
006 (2016947.000.000) 2025-01-29 01:18:00 Image size of job updated: 28331704
	23941  -  MemoryUsage of job (MB)
	24514736  -  ResidentSetSize of job (KB)
...
006 (2016947.000.000) 2025-01-29 01:23:00 Image size of job updated: 29109472
	24660  -  MemoryUsage of job (MB)
	25251680  -  ResidentSetSize of job (KB)
...
006 (2016947.000.000) 2025-01-29 01:28:01 Image size of job updated: 29894636
	25579  -  MemoryUsage of job (MB)
	26192548  -  ResidentSetSize of job (KB)
...
006 (2016947.000.000) 2025-01-29 01:33:02 Image size of job updated: 30609780
	26460  -  MemoryUsage of job (MB)
	27094676  -  ResidentSetSize of job (KB)
...
006 (2016947.000.000) 2025-01-29 01:38:02 Image size of job updated: 31791824
	27182  -  MemoryUsage of job (MB)
	27833912  -  ResidentSetSize of job (KB)
...
006 (2016947.000.000) 2025-01-29 01:43:02 Image size of job updated: 32594324
	28242  -  MemoryUsage of job (MB)
	28918916  -  ResidentSetSize of job (KB)
...
006 (2016947.000.000) 2025-01-29 01:48:03 Image size of job updated: 33751012
	29182  -  MemoryUsage of job (MB)
	29881672  -  ResidentSetSize of job (KB)
...
006 (2016947.000.000) 2025-01-29 01:53:03 Image size of job updated: 34475016
	29885  -  MemoryUsage of job (MB)
	30602060  -  ResidentSetSize of job (KB)
...
006 (2016947.000.000) 2025-01-29 01:58:03 Image size of job updated: 35388092
	30775  -  MemoryUsage of job (MB)
	31513028  -  ResidentSetSize of job (KB)
...
006 (2016947.000.000) 2025-01-29 02:03:04 Image size of job updated: 36461948
	31812  -  MemoryUsage of job (MB)
	32574520  -  ResidentSetSize of job (KB)
...
006 (2016947.000.000) 2025-01-29 02:08:05 Image size of job updated: 37274716
	33017  -  MemoryUsage of job (MB)
	33808464  -  ResidentSetSize of job (KB)
...
006 (2016947.000.000) 2025-01-29 02:13:05 Image size of job updated: 38684432
	33777  -  MemoryUsage of job (MB)
	34587428  -  ResidentSetSize of job (KB)
...
006 (2016947.000.000) 2025-01-29 02:18:06 Image size of job updated: 39392752
	34737  -  MemoryUsage of job (MB)
	35570356  -  ResidentSetSize of job (KB)
...
006 (2016947.000.000) 2025-01-29 02:23:07 Image size of job updated: 40333716
	35742  -  MemoryUsage of job (MB)
	36599348  -  ResidentSetSize of job (KB)
...
006 (2016947.000.000) 2025-01-29 02:28:07 Image size of job updated: 41777280
	36902  -  MemoryUsage of job (MB)
	37786992  -  ResidentSetSize of job (KB)
...
006 (2016947.000.000) 2025-01-29 02:33:08 Image size of job updated: 42446932
	37964  -  MemoryUsage of job (MB)
	38874364  -  ResidentSetSize of job (KB)
...
006 (2016947.000.000) 2025-01-29 02:34:12 Image size of job updated: 42889836
	37964  -  MemoryUsage of job (MB)
	38874396  -  ResidentSetSize of job (KB)
...
005 (2016947.000.000) 2025-01-29 02:34:12 Job terminated.
	(1) Normal termination (return value 0)
		Usr 0 01:44:20, Sys 0 00:17:35  -  Run Remote Usage
		Usr 0 00:00:00, Sys 0 00:00:00  -  Run Local Usage
		Usr 0 01:44:20, Sys 0 00:17:35  -  Total Remote Usage
		Usr 0 00:00:00, Sys 0 00:00:00  -  Total Local Usage
	0  -  Run Bytes Sent By Job
	0  -  Run Bytes Received By Job
	0  -  Total Bytes Sent By Job
	0  -  Total Bytes Received By Job
	Partitionable Resources :    Usage  Request Allocated 
	   Cpus                 :     0.79        1         1 
	   Disk (KB)            :     2           2   6681235 
	   Memory (MB)          : 37964      128192    128256 
	   xferslots            :                           0 

	Job terminated of its own accord at 2025-01-29T07:34:12Z with exit-code 0.
...
000 (2017331.000.000) 2025-01-30 00:28:06 Job submitted from host: <130.199.48.81:9618?addrs=130.199.48.81-9618&alias=rcas2062.rcf.bnl.gov&noUDP&sock=schedd_48563_ad09>
...
001 (2017331.000.000) 2025-01-30 00:38:36 Job executing on host: <130.199.150.86:9618?addrs=130.199.150.86-9618&alias=spool1567.sdcc.bnl.gov&noUDP&sock=startd_50649_de5b>
...
006 (2017331.000.000) 2025-01-30 00:38:44 Image size of job updated: 111440
	54  -  MemoryUsage of job (MB)
	54276  -  ResidentSetSize of job (KB)
...
006 (2017331.000.000) 2025-01-30 00:43:44 Image size of job updated: 6420672
	2401  -  MemoryUsage of job (MB)
	2458456  -  ResidentSetSize of job (KB)
...
006 (2017331.000.000) 2025-01-30 00:48:45 Image size of job updated: 8782760
	5236  -  MemoryUsage of job (MB)
	5361268  -  ResidentSetSize of job (KB)
...
006 (2017331.000.000) 2025-01-30 00:53:46 Image size of job updated: 11722176
	8268  -  MemoryUsage of job (MB)
	8466316  -  ResidentSetSize of job (KB)
...
006 (2017331.000.000) 2025-01-30 00:58:46 Image size of job updated: 14841916
	11351  -  MemoryUsage of job (MB)
	11623168  -  ResidentSetSize of job (KB)
...
006 (2017331.000.000) 2025-01-30 01:03:47 Image size of job updated: 17590720
	14019  -  MemoryUsage of job (MB)
	14354612  -  ResidentSetSize of job (KB)
...
006 (2017331.000.000) 2025-01-30 01:08:48 Image size of job updated: 20466248
	16651  -  MemoryUsage of job (MB)
	17050300  -  ResidentSetSize of job (KB)
...
006 (2017331.000.000) 2025-01-30 01:13:48 Image size of job updated: 22784700
	18909  -  MemoryUsage of job (MB)
	19361908  -  ResidentSetSize of job (KB)
...
006 (2017331.000.000) 2025-01-30 01:18:48 Image size of job updated: 25557536
	21668  -  MemoryUsage of job (MB)
	22187432  -  ResidentSetSize of job (KB)
...
006 (2017331.000.000) 2025-01-30 01:23:49 Image size of job updated: 28189156
	23908  -  MemoryUsage of job (MB)
	24481372  -  ResidentSetSize of job (KB)
...
006 (2017331.000.000) 2025-01-30 01:28:50 Image size of job updated: 30778896
	26209  -  MemoryUsage of job (MB)
	26837444  -  ResidentSetSize of job (KB)
...
006 (2017331.000.000) 2025-01-30 01:33:50 Image size of job updated: 32453032
	28483  -  MemoryUsage of job (MB)
	29166048  -  ResidentSetSize of job (KB)
...
006 (2017331.000.000) 2025-01-30 01:38:51 Image size of job updated: 34476876
	30350  -  MemoryUsage of job (MB)
	31078216  -  ResidentSetSize of job (KB)
...
006 (2017331.000.000) 2025-01-30 01:43:51 Image size of job updated: 36742860
	32138  -  MemoryUsage of job (MB)
	32908612  -  ResidentSetSize of job (KB)
...
006 (2017331.000.000) 2025-01-30 01:48:51 Image size of job updated: 38202932
	33697  -  MemoryUsage of job (MB)
	34505668  -  ResidentSetSize of job (KB)
...
006 (2017331.000.000) 2025-01-30 01:53:52 Image size of job updated: 39495080
	35156  -  MemoryUsage of job (MB)
	35998896  -  ResidentSetSize of job (KB)
...
006 (2017331.000.000) 2025-01-30 01:58:53 Image size of job updated: 41646756
	36967  -  MemoryUsage of job (MB)
	37853344  -  ResidentSetSize of job (KB)
...
006 (2017331.000.000) 2025-01-30 02:03:53 Image size of job updated: 43247808
	38481  -  MemoryUsage of job (MB)
	39404344  -  ResidentSetSize of job (KB)
...
006 (2017331.000.000) 2025-01-30 02:08:54 Image size of job updated: 44515460
	39889  -  MemoryUsage of job (MB)
	40846192  -  ResidentSetSize of job (KB)
...
006 (2017331.000.000) 2025-01-30 02:13:55 Image size of job updated: 46340692
	41232  -  MemoryUsage of job (MB)
	42221368  -  ResidentSetSize of job (KB)
...
006 (2017331.000.000) 2025-01-30 02:18:55 Image size of job updated: 47300964
	42434  -  MemoryUsage of job (MB)
	43451904  -  ResidentSetSize of job (KB)
...
006 (2017331.000.000) 2025-01-30 02:23:55 Image size of job updated: 48658864
	43845  -  MemoryUsage of job (MB)
	44896764  -  ResidentSetSize of job (KB)
...
006 (2017331.000.000) 2025-01-30 02:28:56 Image size of job updated: 49832264
	45039  -  MemoryUsage of job (MB)
	46119192  -  ResidentSetSize of job (KB)
...
006 (2017331.000.000) 2025-01-30 02:33:56 Image size of job updated: 51896136
	46607  -  MemoryUsage of job (MB)
	47725104  -  ResidentSetSize of job (KB)
...
006 (2017331.000.000) 2025-01-30 02:38:56 Image size of job updated: 53134180
	48006  -  MemoryUsage of job (MB)
	49157564  -  ResidentSetSize of job (KB)
...
006 (2017331.000.000) 2025-01-30 02:43:57 Image size of job updated: 54461680
	49452  -  MemoryUsage of job (MB)
	50638036  -  ResidentSetSize of job (KB)
...
006 (2017331.000.000) 2025-01-30 02:48:57 Image size of job updated: 55739620
	50757  -  MemoryUsage of job (MB)
	51974648  -  ResidentSetSize of job (KB)
...
006 (2017331.000.000) 2025-01-30 02:53:57 Image size of job updated: 57078504
	52223  -  MemoryUsage of job (MB)
	53475592  -  ResidentSetSize of job (KB)
...
006 (2017331.000.000) 2025-01-30 02:58:58 Image size of job updated: 58571104
	53756  -  MemoryUsage of job (MB)
	55045372  -  ResidentSetSize of job (KB)
...
006 (2017331.000.000) 2025-01-30 03:03:59 Image size of job updated: 59917184
	54971  -  MemoryUsage of job (MB)
	56290032  -  ResidentSetSize of job (KB)
...
006 (2017331.000.000) 2025-01-30 03:08:59 Image size of job updated: 61701432
	56123  -  MemoryUsage of job (MB)
	57469000  -  ResidentSetSize of job (KB)
...
006 (2017331.000.000) 2025-01-30 03:14:00 Image size of job updated: 62891208
	57246  -  MemoryUsage of job (MB)
	58619108  -  ResidentSetSize of job (KB)
...
006 (2017331.000.000) 2025-01-30 03:19:01 Image size of job updated: 63374488
	58334  -  MemoryUsage of job (MB)
	59733536  -  ResidentSetSize of job (KB)
...
006 (2017331.000.000) 2025-01-30 03:24:01 Image size of job updated: 64939392
	59388  -  MemoryUsage of job (MB)
	60813252  -  ResidentSetSize of job (KB)
...
006 (2017331.000.000) 2025-01-30 03:29:01 Image size of job updated: 65482664
	60366  -  MemoryUsage of job (MB)
	61814532  -  ResidentSetSize of job (KB)
...
006 (2017331.000.000) 2025-01-30 03:34:02 Image size of job updated: 66678200
	61353  -  MemoryUsage of job (MB)
	62825088  -  ResidentSetSize of job (KB)
...
006 (2017331.000.000) 2025-01-30 03:39:02 Image size of job updated: 67702208
	62136  -  MemoryUsage of job (MB)
	63627152  -  ResidentSetSize of job (KB)
...
006 (2017331.000.000) 2025-01-30 03:44:02 Image size of job updated: 68273476
	62955  -  MemoryUsage of job (MB)
	64465124  -  ResidentSetSize of job (KB)
...
006 (2017331.000.000) 2025-01-30 03:49:04 Image size of job updated: 69404472
	63749  -  MemoryUsage of job (MB)
	65278472  -  ResidentSetSize of job (KB)
...
006 (2017331.000.000) 2025-01-30 03:54:04 Image size of job updated: 70030360
	64549  -  MemoryUsage of job (MB)
	66097168  -  ResidentSetSize of job (KB)
...
006 (2017331.000.000) 2025-01-30 03:59:04 Image size of job updated: 71067736
	65584  -  MemoryUsage of job (MB)
	67157256  -  ResidentSetSize of job (KB)
...
006 (2017331.000.000) 2025-01-30 04:04:05 Image size of job updated: 71673988
	66290  -  MemoryUsage of job (MB)
	67880016  -  ResidentSetSize of job (KB)
...
006 (2017331.000.000) 2025-01-30 04:09:06 Image size of job updated: 73128872
	67252  -  MemoryUsage of job (MB)
	68865772  -  ResidentSetSize of job (KB)
...
006 (2017331.000.000) 2025-01-30 04:14:06 Image size of job updated: 73696636
	68137  -  MemoryUsage of job (MB)
	69771732  -  ResidentSetSize of job (KB)
...
006 (2017331.000.000) 2025-01-30 04:19:07 Image size of job updated: 75024348
	69154  -  MemoryUsage of job (MB)
	70813248  -  ResidentSetSize of job (KB)
...
006 (2017331.000.000) 2025-01-30 04:24:08 Image size of job updated: 75884680
	69818  -  MemoryUsage of job (MB)
	71493064  -  ResidentSetSize of job (KB)
...
006 (2017331.000.000) 2025-01-30 04:29:08 Image size of job updated: 76806252
	70770  -  MemoryUsage of job (MB)
	72467960  -  ResidentSetSize of job (KB)
...
006 (2017331.000.000) 2025-01-30 04:34:08 Image size of job updated: 77288724
	71386  -  MemoryUsage of job (MB)
	73098712  -  ResidentSetSize of job (KB)
...
006 (2017331.000.000) 2025-01-30 04:39:09 Image size of job updated: 78440960
	72184  -  MemoryUsage of job (MB)
	73915764  -  ResidentSetSize of job (KB)
...
006 (2017331.000.000) 2025-01-30 04:44:09 Image size of job updated: 79409316
	73196  -  MemoryUsage of job (MB)
	74952312  -  ResidentSetSize of job (KB)
...
006 (2017331.000.000) 2025-01-30 04:45:56 Image size of job updated: 79409316
	73196  -  MemoryUsage of job (MB)
	74952380  -  ResidentSetSize of job (KB)
...
005 (2017331.000.000) 2025-01-30 04:45:56 Job terminated.
	(1) Normal termination (return value 0)
		Usr 0 02:45:53, Sys 0 00:24:03  -  Run Remote Usage
		Usr 0 00:00:00, Sys 0 00:00:00  -  Run Local Usage
		Usr 0 02:45:53, Sys 0 00:24:03  -  Total Remote Usage
		Usr 0 00:00:00, Sys 0 00:00:00  -  Total Local Usage
	0  -  Run Bytes Sent By Job
	0  -  Run Bytes Received By Job
	0  -  Total Bytes Sent By Job
	0  -  Total Bytes Received By Job
	Partitionable Resources :    Usage  Request Allocated 
	   Cpus                 :     0.82        1         1 
	   Disk (KB)            :     2           2   6681231 
	   Memory (MB)          : 73196      128192    128256 
	   xferslots            :                           0 

	Job terminated of its own accord at 2025-01-30T09:45:56Z with exit-code 0.
...
000 (2018777.000.000) 2025-02-02 20:32:18 Job submitted from host: <130.199.48.81:9618?addrs=130.199.48.81-9618&alias=rcas2062.rcf.bnl.gov&noUDP&sock=schedd_48563_ad09>
...
001 (2018777.000.000) 2025-02-02 20:36:25 Job executing on host: <130.199.150.92:9618?addrs=130.199.150.92-9618&alias=spool1573.sdcc.bnl.gov&noUDP&sock=startd_49429_c105>
...
006 (2018777.000.000) 2025-02-02 20:36:34 Image size of job updated: 161516
	79  -  MemoryUsage of job (MB)
	80056  -  ResidentSetSize of job (KB)
...
006 (2018777.000.000) 2025-02-02 20:39:16 Image size of job updated: 4001104
	79  -  MemoryUsage of job (MB)
	80056  -  ResidentSetSize of job (KB)
...
005 (2018777.000.000) 2025-02-02 20:39:16 Job terminated.
	(1) Normal termination (return value 0)
		Usr 0 00:02:19, Sys 0 00:00:06  -  Run Remote Usage
		Usr 0 00:00:00, Sys 0 00:00:00  -  Run Local Usage
		Usr 0 00:02:19, Sys 0 00:00:06  -  Total Remote Usage
		Usr 0 00:00:00, Sys 0 00:00:00  -  Total Local Usage
	0  -  Run Bytes Sent By Job
	0  -  Run Bytes Received By Job
	0  -  Total Bytes Sent By Job
	0  -  Total Bytes Received By Job
	Partitionable Resources :    Usage  Request Allocated 
	   Cpus                 :     0.21        1         1 
	   Disk (KB)            :     2           2   6681240 
	   Memory (MB)          :    79      128192    128256 
	   xferslots            :                           0 

	Job terminated of its own accord at 2025-02-03T01:39:16Z with exit-code 0.
...
000 (2019161.000.000) 2025-02-02 20:56:49 Job submitted from host: <130.199.48.81:9618?addrs=130.199.48.81-9618&alias=rcas2062.rcf.bnl.gov&noUDP&sock=schedd_48563_ad09>
...
001 (2019161.000.000) 2025-02-02 20:59:21 Job executing on host: <130.199.150.85:9618?addrs=130.199.150.85-9618&alias=spool1566.sdcc.bnl.gov&noUDP&sock=startd_49547_1978>
...
006 (2019161.000.000) 2025-02-02 20:59:30 Image size of job updated: 195520
	119  -  MemoryUsage of job (MB)
	121496  -  ResidentSetSize of job (KB)
...
006 (2019161.000.000) 2025-02-02 21:01:40 Image size of job updated: 4001100
	119  -  MemoryUsage of job (MB)
	121496  -  ResidentSetSize of job (KB)
...
005 (2019161.000.000) 2025-02-02 21:01:40 Job terminated.
	(1) Normal termination (return value 0)
		Usr 0 00:02:04, Sys 0 00:00:05  -  Run Remote Usage
		Usr 0 00:00:00, Sys 0 00:00:00  -  Run Local Usage
		Usr 0 00:02:04, Sys 0 00:00:05  -  Total Remote Usage
		Usr 0 00:00:00, Sys 0 00:00:00  -  Total Local Usage
	0  -  Run Bytes Sent By Job
	0  -  Run Bytes Received By Job
	0  -  Total Bytes Sent By Job
	0  -  Total Bytes Received By Job
	Partitionable Resources :    Usage  Request Allocated 
	   Cpus                 :     0.97        1         1 
	   Disk (KB)            :     2           2   6681221 
	   Memory (MB)          :   119      128192    128256 
	   xferslots            :                           0 

	Job terminated of its own accord at 2025-02-03T02:01:40Z with exit-code 0.
...
000 (2019545.000.000) 2025-02-02 22:34:30 Job submitted from host: <130.199.48.81:9618?addrs=130.199.48.81-9618&alias=rcas2062.rcf.bnl.gov&noUDP&sock=schedd_48563_ad09>
...
001 (2019545.000.000) 2025-02-02 22:40:37 Job executing on host: <130.199.186.12:9618?addrs=130.199.186.12-9618&alias=spool1809.sdcc.bnl.gov&noUDP&sock=startd_7910_83be>
...
006 (2019545.000.000) 2025-02-02 22:40:45 Image size of job updated: 15908
	8  -  MemoryUsage of job (MB)
	7240  -  ResidentSetSize of job (KB)
...
006 (2019545.000.000) 2025-02-02 22:43:38 Image size of job updated: 4001096
	8  -  MemoryUsage of job (MB)
	7240  -  ResidentSetSize of job (KB)
...
005 (2019545.000.000) 2025-02-02 22:43:38 Job terminated.
	(1) Normal termination (return value 0)
		Usr 0 00:02:22, Sys 0 00:00:06  -  Run Remote Usage
		Usr 0 00:00:00, Sys 0 00:00:00  -  Run Local Usage
		Usr 0 00:02:22, Sys 0 00:00:06  -  Total Remote Usage
		Usr 0 00:00:00, Sys 0 00:00:00  -  Total Local Usage
	0  -  Run Bytes Sent By Job
	0  -  Run Bytes Received By Job
	0  -  Total Bytes Sent By Job
	0  -  Total Bytes Received By Job
	Partitionable Resources :    Usage  Request Allocated 
	   Cpus                 :     0.96        1         1 
	   Disk (KB)            :     2           2   6681627 
	   Memory (MB)          :     8      128192    128256 
	   xferslots            :                           0 

	Job terminated of its own accord at 2025-02-03T03:43:38Z with exit-code 0.
...
