000 (2016975.000.000) 2025-01-28 23:07:58 Job submitted from host: <130.199.48.81:9618?addrs=130.199.48.81-9618&alias=rcas2062.rcf.bnl.gov&noUDP&sock=schedd_48563_ad09>
...
001 (2016975.000.000) 2025-01-29 01:06:53 Job executing on host: <130.199.186.82:9618?addrs=130.199.186.82-9618&alias=spool1845.sdcc.bnl.gov&noUDP&sock=startd_71843_8085>
...
006 (2016975.000.000) 2025-01-29 01:07:02 Image size of job updated: 299200
	44  -  MemoryUsage of job (MB)
	44772  -  ResidentSetSize of job (KB)
...
006 (2016975.000.000) 2025-01-29 01:07:09 Image size of job updated: 299200
	44  -  MemoryUsage of job (MB)
	44780  -  ResidentSetSize of job (KB)
...
005 (2016975.000.000) 2025-01-29 01:07:09 Job terminated.
	(1) Normal termination (return value 0)
		Usr 0 00:00:04, Sys 0 00:00:01  -  Run Remote Usage
		Usr 0 00:00:00, Sys 0 00:00:00  -  Run Local Usage
		Usr 0 00:00:04, Sys 0 00:00:01  -  Total Remote Usage
		Usr 0 00:00:00, Sys 0 00:00:00  -  Total Local Usage
	0  -  Run Bytes Sent By Job
	0  -  Run Bytes Received By Job
	0  -  Total Bytes Sent By Job
	0  -  Total Bytes Received By Job
	Partitionable Resources :    Usage  Request Allocated 
	   Cpus                 :                 1         1 
	   Disk (KB)            :        2        2   6681620 
	   Memory (MB)          :       44   128192    128256 
	   xferslots            :                           0 

	Job terminated of its own accord at 2025-01-29T06:07:09Z with exit-code 0.
...
000 (2017359.000.000) 2025-01-30 00:28:10 Job submitted from host: <130.199.48.81:9618?addrs=130.199.48.81-9618&alias=rcas2062.rcf.bnl.gov&noUDP&sock=schedd_48563_ad09>
...
001 (2017359.000.000) 2025-01-30 03:34:06 Job executing on host: <130.199.184.212:9618?addrs=130.199.184.212-9618&alias=spool1787.sdcc.bnl.gov&noUDP&sock=startd_74904_4517>
...
006 (2017359.000.000) 2025-01-30 03:34:14 Image size of job updated: 298416
	8  -  MemoryUsage of job (MB)
	7236  -  ResidentSetSize of job (KB)
...
006 (2017359.000.000) 2025-01-30 03:39:14 Image size of job updated: 4717384
	374  -  MemoryUsage of job (MB)
	382068  -  ResidentSetSize of job (KB)
...
006 (2017359.000.000) 2025-01-30 03:44:15 Image size of job updated: 6053612
	1914  -  MemoryUsage of job (MB)
	1959640  -  ResidentSetSize of job (KB)
...
006 (2017359.000.000) 2025-01-30 03:49:15 Image size of job updated: 7588668
	3606  -  MemoryUsage of job (MB)
	3691704  -  ResidentSetSize of job (KB)
...
006 (2017359.000.000) 2025-01-30 03:54:16 Image size of job updated: 8401792
	4757  -  MemoryUsage of job (MB)
	4871116  -  ResidentSetSize of job (KB)
...
006 (2017359.000.000) 2025-01-30 03:59:17 Image size of job updated: 9980864
	6374  -  MemoryUsage of job (MB)
	6526672  -  ResidentSetSize of job (KB)
...
006 (2017359.000.000) 2025-01-30 04:04:17 Image size of job updated: 11331652
	7393  -  MemoryUsage of job (MB)
	7569928  -  ResidentSetSize of job (KB)
...
006 (2017359.000.000) 2025-01-30 04:09:17 Image size of job updated: 12843496
	8910  -  MemoryUsage of job (MB)
	9123788  -  ResidentSetSize of job (KB)
...
006 (2017359.000.000) 2025-01-30 04:14:18 Image size of job updated: 13924532
	9988  -  MemoryUsage of job (MB)
	10227492  -  ResidentSetSize of job (KB)
...
006 (2017359.000.000) 2025-01-30 04:19:18 Image size of job updated: 15302816
	11471  -  MemoryUsage of job (MB)
	11745864  -  ResidentSetSize of job (KB)
...
006 (2017359.000.000) 2025-01-30 04:24:18 Image size of job updated: 16783056
	12850  -  MemoryUsage of job (MB)
	13157772  -  ResidentSetSize of job (KB)
...
006 (2017359.000.000) 2025-01-30 04:29:19 Image size of job updated: 18960360
	14407  -  MemoryUsage of job (MB)
	14752404  -  ResidentSetSize of job (KB)
...
006 (2017359.000.000) 2025-01-30 04:34:20 Image size of job updated: 19796692
	15920  -  MemoryUsage of job (MB)
	16301068  -  ResidentSetSize of job (KB)
...
006 (2017359.000.000) 2025-01-30 04:39:20 Image size of job updated: 21004944
	16871  -  MemoryUsage of job (MB)
	17275624  -  ResidentSetSize of job (KB)
...
006 (2017359.000.000) 2025-01-30 04:44:21 Image size of job updated: 22198252
	18342  -  MemoryUsage of job (MB)
	18781944  -  ResidentSetSize of job (KB)
...
006 (2017359.000.000) 2025-01-30 04:49:22 Image size of job updated: 23701008
	19492  -  MemoryUsage of job (MB)
	19959780  -  ResidentSetSize of job (KB)
...
006 (2017359.000.000) 2025-01-30 04:54:22 Image size of job updated: 25335816
	21198  -  MemoryUsage of job (MB)
	21706592  -  ResidentSetSize of job (KB)
...
006 (2017359.000.000) 2025-01-30 04:59:22 Image size of job updated: 26708692
	22868  -  MemoryUsage of job (MB)
	23416740  -  ResidentSetSize of job (KB)
...
006 (2017359.000.000) 2025-01-30 05:04:23 Image size of job updated: 28749236
	24340  -  MemoryUsage of job (MB)
	24923508  -  ResidentSetSize of job (KB)
...
006 (2017359.000.000) 2025-01-30 05:09:23 Image size of job updated: 29596008
	25361  -  MemoryUsage of job (MB)
	25969116  -  ResidentSetSize of job (KB)
...
006 (2017359.000.000) 2025-01-30 05:14:23 Image size of job updated: 31620100
	26967  -  MemoryUsage of job (MB)
	27614056  -  ResidentSetSize of job (KB)
...
006 (2017359.000.000) 2025-01-30 05:19:25 Image size of job updated: 32978168
	28608  -  MemoryUsage of job (MB)
	29293676  -  ResidentSetSize of job (KB)
...
006 (2017359.000.000) 2025-01-30 05:24:25 Image size of job updated: 34409988
	29996  -  MemoryUsage of job (MB)
	30715180  -  ResidentSetSize of job (KB)
...
006 (2017359.000.000) 2025-01-30 05:29:25 Image size of job updated: 36079872
	31362  -  MemoryUsage of job (MB)
	32114312  -  ResidentSetSize of job (KB)
...
006 (2017359.000.000) 2025-01-30 05:34:26 Image size of job updated: 37458836
	32794  -  MemoryUsage of job (MB)
	33580512  -  ResidentSetSize of job (KB)
...
006 (2017359.000.000) 2025-01-30 05:39:27 Image size of job updated: 39204800
	34497  -  MemoryUsage of job (MB)
	35324776  -  ResidentSetSize of job (KB)
...
006 (2017359.000.000) 2025-01-30 05:44:27 Image size of job updated: 40789232
	36396  -  MemoryUsage of job (MB)
	37268604  -  ResidentSetSize of job (KB)
...
006 (2017359.000.000) 2025-01-30 05:49:28 Image size of job updated: 42922064
	38408  -  MemoryUsage of job (MB)
	39329572  -  ResidentSetSize of job (KB)
...
006 (2017359.000.000) 2025-01-30 05:54:29 Image size of job updated: 44897376
	40530  -  MemoryUsage of job (MB)
	41502656  -  ResidentSetSize of job (KB)
...
006 (2017359.000.000) 2025-01-30 05:59:29 Image size of job updated: 47424752
	42600  -  MemoryUsage of job (MB)
	43621604  -  ResidentSetSize of job (KB)
...
006 (2017359.000.000) 2025-01-30 06:04:29 Image size of job updated: 49087764
	44727  -  MemoryUsage of job (MB)
	45799752  -  ResidentSetSize of job (KB)
...
006 (2017359.000.000) 2025-01-30 06:09:30 Image size of job updated: 51277776
	46887  -  MemoryUsage of job (MB)
	48011332  -  ResidentSetSize of job (KB)
...
006 (2017359.000.000) 2025-01-30 06:14:30 Image size of job updated: 53560616
	48856  -  MemoryUsage of job (MB)
	50027580  -  ResidentSetSize of job (KB)
...
006 (2017359.000.000) 2025-01-30 06:19:30 Image size of job updated: 55487584
	50919  -  MemoryUsage of job (MB)
	52140600  -  ResidentSetSize of job (KB)
...
006 (2017359.000.000) 2025-01-30 06:24:31 Image size of job updated: 58106664
	52992  -  MemoryUsage of job (MB)
	54263020  -  ResidentSetSize of job (KB)
...
006 (2017359.000.000) 2025-01-30 06:29:31 Image size of job updated: 59174416
	54168  -  MemoryUsage of job (MB)
	55467140  -  ResidentSetSize of job (KB)
...
006 (2017359.000.000) 2025-01-30 06:34:31 Image size of job updated: 60658868
	55692  -  MemoryUsage of job (MB)
	57027764  -  ResidentSetSize of job (KB)
...
006 (2017359.000.000) 2025-01-30 06:39:32 Image size of job updated: 62163044
	56969  -  MemoryUsage of job (MB)
	58335708  -  ResidentSetSize of job (KB)
...
006 (2017359.000.000) 2025-01-30 06:44:32 Image size of job updated: 63703436
	58412  -  MemoryUsage of job (MB)
	59813040  -  ResidentSetSize of job (KB)
...
006 (2017359.000.000) 2025-01-30 06:49:32 Image size of job updated: 64681436
	59855  -  MemoryUsage of job (MB)
	61291216  -  ResidentSetSize of job (KB)
...
006 (2017359.000.000) 2025-01-30 06:54:33 Image size of job updated: 66087604
	61021  -  MemoryUsage of job (MB)
	62484840  -  ResidentSetSize of job (KB)
...
006 (2017359.000.000) 2025-01-30 06:59:33 Image size of job updated: 67742288
	62638  -  MemoryUsage of job (MB)
	64141112  -  ResidentSetSize of job (KB)
...
006 (2017359.000.000) 2025-01-30 07:02:22 Image size of job updated: 68816400
	62638  -  MemoryUsage of job (MB)
	64141112  -  ResidentSetSize of job (KB)
...
005 (2017359.000.000) 2025-01-30 07:02:22 Job terminated.
	(1) Normal termination (return value 0)
		Usr 0 02:31:27, Sys 0 00:20:57  -  Run Remote Usage
		Usr 0 00:00:00, Sys 0 00:00:00  -  Run Local Usage
		Usr 0 02:31:27, Sys 0 00:20:57  -  Total Remote Usage
		Usr 0 00:00:00, Sys 0 00:00:00  -  Total Local Usage
	0  -  Run Bytes Sent By Job
	0  -  Run Bytes Received By Job
	0  -  Total Bytes Sent By Job
	0  -  Total Bytes Received By Job
	Partitionable Resources :    Usage  Request Allocated 
	   Cpus                 :     0.87        1         1 
	   Disk (KB)            :     2           2   6681620 
	   Memory (MB)          : 62638      128192    128256 
	   xferslots            :                           0 

	Job terminated of its own accord at 2025-01-30T12:02:22Z with exit-code 0.
...
000 (2018805.000.000) 2025-02-02 20:32:21 Job submitted from host: <130.199.48.81:9618?addrs=130.199.48.81-9618&alias=rcas2062.rcf.bnl.gov&noUDP&sock=schedd_48563_ad09>
...
001 (2018805.000.000) 2025-02-02 20:36:59 Job executing on host: <130.199.150.97:9618?addrs=130.199.150.97-9618&alias=spool1578.sdcc.bnl.gov&noUDP&sock=startd_55995_cf62>
...
006 (2018805.000.000) 2025-02-02 20:37:08 Image size of job updated: 154572
	82  -  MemoryUsage of job (MB)
	83532  -  ResidentSetSize of job (KB)
...
006 (2018805.000.000) 2025-02-02 20:39:30 Image size of job updated: 4001020
	82  -  MemoryUsage of job (MB)
	83532  -  ResidentSetSize of job (KB)
...
005 (2018805.000.000) 2025-02-02 20:39:30 Job terminated.
	(1) Normal termination (return value 0)
		Usr 0 00:02:10, Sys 0 00:00:05  -  Run Remote Usage
		Usr 0 00:00:00, Sys 0 00:00:00  -  Run Local Usage
		Usr 0 00:02:10, Sys 0 00:00:05  -  Total Remote Usage
		Usr 0 00:00:00, Sys 0 00:00:00  -  Total Local Usage
	0  -  Run Bytes Sent By Job
	0  -  Run Bytes Received By Job
	0  -  Total Bytes Sent By Job
	0  -  Total Bytes Received By Job
	Partitionable Resources :    Usage  Request Allocated 
	   Cpus                 :                 1         1 
	   Disk (KB)            :        2        2   6681175 
	   Memory (MB)          :       82   128192    128256 
	   xferslots            :                           0 

	Job terminated of its own accord at 2025-02-03T01:39:30Z with exit-code 0.
...
000 (2019189.000.000) 2025-02-02 20:56:51 Job submitted from host: <130.199.48.81:9618?addrs=130.199.48.81-9618&alias=rcas2062.rcf.bnl.gov&noUDP&sock=schedd_48563_ad09>
...
001 (2019189.000.000) 2025-02-02 20:59:43 Job executing on host: <130.199.184.206:9618?addrs=130.199.184.206-9618&alias=spool1781.sdcc.bnl.gov&noUDP&sock=startd_81688_51fb>
...
006 (2019189.000.000) 2025-02-02 20:59:51 Image size of job updated: 571248
	95  -  MemoryUsage of job (MB)
	96788  -  ResidentSetSize of job (KB)
...
006 (2019189.000.000) 2025-02-02 21:02:01 Image size of job updated: 4001016
	95  -  MemoryUsage of job (MB)
	96824  -  ResidentSetSize of job (KB)
...
005 (2019189.000.000) 2025-02-02 21:02:01 Job terminated.
	(1) Normal termination (return value 0)
		Usr 0 00:02:03, Sys 0 00:00:04  -  Run Remote Usage
		Usr 0 00:00:00, Sys 0 00:00:00  -  Run Local Usage
		Usr 0 00:02:03, Sys 0 00:00:04  -  Total Remote Usage
		Usr 0 00:00:00, Sys 0 00:00:00  -  Total Local Usage
	0  -  Run Bytes Sent By Job
	0  -  Run Bytes Received By Job
	0  -  Total Bytes Sent By Job
	0  -  Total Bytes Received By Job
	Partitionable Resources :    Usage  Request Allocated 
	   Cpus                 :                 1         1 
	   Disk (KB)            :        2        2   6681630 
	   Memory (MB)          :       95   128192    128256 
	   xferslots            :                           0 

	Job terminated of its own accord at 2025-02-03T02:02:01Z with exit-code 0.
...
000 (2019573.000.000) 2025-02-02 22:34:32 Job submitted from host: <130.199.48.81:9618?addrs=130.199.48.81-9618&alias=rcas2062.rcf.bnl.gov&noUDP&sock=schedd_48563_ad09>
...
001 (2019573.000.000) 2025-02-02 22:41:21 Job executing on host: <130.199.186.67:9618?addrs=130.199.186.67-9618&alias=spool1830.sdcc.bnl.gov&noUDP&sock=startd_13059_1bae>
...
006 (2019573.000.000) 2025-02-02 22:41:30 Image size of job updated: 64036
	41  -  MemoryUsage of job (MB)
	41056  -  ResidentSetSize of job (KB)
...
006 (2019573.000.000) 2025-02-02 22:44:24 Image size of job updated: 4001016
	41  -  MemoryUsage of job (MB)
	41056  -  ResidentSetSize of job (KB)
...
005 (2019573.000.000) 2025-02-02 22:44:24 Job terminated.
	(1) Normal termination (return value 0)
		Usr 0 00:02:20, Sys 0 00:00:05  -  Run Remote Usage
		Usr 0 00:00:00, Sys 0 00:00:00  -  Run Local Usage
		Usr 0 00:02:20, Sys 0 00:00:05  -  Total Remote Usage
		Usr 0 00:00:00, Sys 0 00:00:00  -  Total Local Usage
	0  -  Run Bytes Sent By Job
	0  -  Run Bytes Received By Job
	0  -  Total Bytes Sent By Job
	0  -  Total Bytes Received By Job
	Partitionable Resources :    Usage  Request Allocated 
	   Cpus                 :                 1         1 
	   Disk (KB)            :        2        2   6681619 
	   Memory (MB)          :       41   128192    128256 
	   xferslots            :                           0 

	Job terminated of its own accord at 2025-02-03T03:44:24Z with exit-code 0.
...
