000 (2017168.000.000) 2025-01-28 23:08:14 Job submitted from host: <130.199.48.81:9618?addrs=130.199.48.81-9618&alias=rcas2062.rcf.bnl.gov&noUDP&sock=schedd_48563_ad09>
...
001 (2017168.000.000) 2025-01-29 01:36:47 Job executing on host: <130.199.186.80:9618?addrs=130.199.186.80-9618&alias=spool1843.sdcc.bnl.gov&noUDP&sock=startd_11487_9708>
...
006 (2017168.000.000) 2025-01-29 01:36:55 Image size of job updated: 391964
	115  -  MemoryUsage of job (MB)
	116872  -  ResidentSetSize of job (KB)
...
005 (2017168.000.000) 2025-01-29 01:36:58 Job terminated.
	(1) Normal termination (return value 0)
		Usr 0 00:00:04, Sys 0 00:00:01  -  Run Remote Usage
		Usr 0 00:00:00, Sys 0 00:00:00  -  Run Local Usage
		Usr 0 00:00:04, Sys 0 00:00:01  -  Total Remote Usage
		Usr 0 00:00:00, Sys 0 00:00:00  -  Total Local Usage
	0  -  Run Bytes Sent By Job
	0  -  Run Bytes Received By Job
	0  -  Total Bytes Sent By Job
	0  -  Total Bytes Received By Job
	Partitionable Resources :    Usage  Request Allocated 
	   Cpus                 :                 1         1 
	   Disk (KB)            :        2        2   6681630 
	   Memory (MB)          :      115   128192    128256 
	   xferslots            :                           0 

	Job terminated of its own accord at 2025-01-29T06:36:58Z with exit-code 0.
...
000 (2017552.000.000) 2025-01-30 00:28:30 Job submitted from host: <130.199.48.81:9618?addrs=130.199.48.81-9618&alias=rcas2062.rcf.bnl.gov&noUDP&sock=schedd_48563_ad09>
...
001 (2017552.000.000) 2025-01-30 08:32:46 Job executing on host: <130.199.184.220:9618?addrs=130.199.184.220-9618&alias=spool1795.sdcc.bnl.gov&noUDP&sock=startd_74149_5269>
...
006 (2017552.000.000) 2025-01-30 08:32:55 Image size of job updated: 329344
	40  -  MemoryUsage of job (MB)
	40556  -  ResidentSetSize of job (KB)
...
006 (2017552.000.000) 2025-01-30 08:37:56 Image size of job updated: 4403360
	727  -  MemoryUsage of job (MB)
	743836  -  ResidentSetSize of job (KB)
...
006 (2017552.000.000) 2025-01-30 08:42:56 Image size of job updated: 6051084
	2394  -  MemoryUsage of job (MB)
	2451076  -  ResidentSetSize of job (KB)
...
006 (2017552.000.000) 2025-01-30 08:47:56 Image size of job updated: 7764792
	4221  -  MemoryUsage of job (MB)
	4321316  -  ResidentSetSize of job (KB)
...
006 (2017552.000.000) 2025-01-30 08:52:57 Image size of job updated: 9391244
	5670  -  MemoryUsage of job (MB)
	5805304  -  ResidentSetSize of job (KB)
...
006 (2017552.000.000) 2025-01-30 08:57:57 Image size of job updated: 11236768
	6924  -  MemoryUsage of job (MB)
	7090084  -  ResidentSetSize of job (KB)
...
006 (2017552.000.000) 2025-01-30 09:02:57 Image size of job updated: 12411644
	8438  -  MemoryUsage of job (MB)
	8640204  -  ResidentSetSize of job (KB)
...
006 (2017552.000.000) 2025-01-30 09:07:58 Image size of job updated: 14114296
	10055  -  MemoryUsage of job (MB)
	10295888  -  ResidentSetSize of job (KB)
...
006 (2017552.000.000) 2025-01-30 09:12:59 Image size of job updated: 15119820
	11314  -  MemoryUsage of job (MB)
	11584692  -  ResidentSetSize of job (KB)
...
006 (2017552.000.000) 2025-01-30 09:17:59 Image size of job updated: 16259088
	12593  -  MemoryUsage of job (MB)
	12894232  -  ResidentSetSize of job (KB)
...
006 (2017552.000.000) 2025-01-30 09:23:00 Image size of job updated: 17894544
	13746  -  MemoryUsage of job (MB)
	14075556  -  ResidentSetSize of job (KB)
...
006 (2017552.000.000) 2025-01-30 09:28:00 Image size of job updated: 19165236
	14902  -  MemoryUsage of job (MB)
	15259384  -  ResidentSetSize of job (KB)
...
006 (2017552.000.000) 2025-01-30 09:33:00 Image size of job updated: 20065364
	16242  -  MemoryUsage of job (MB)
	16631696  -  ResidentSetSize of job (KB)
...
006 (2017552.000.000) 2025-01-30 09:38:01 Image size of job updated: 22107640
	17668  -  MemoryUsage of job (MB)
	18091532  -  ResidentSetSize of job (KB)
...
006 (2017552.000.000) 2025-01-30 09:43:02 Image size of job updated: 23184940
	19211  -  MemoryUsage of job (MB)
	19671920  -  ResidentSetSize of job (KB)
...
006 (2017552.000.000) 2025-01-30 09:48:02 Image size of job updated: 25078884
	20750  -  MemoryUsage of job (MB)
	21247372  -  ResidentSetSize of job (KB)
...
006 (2017552.000.000) 2025-01-30 09:53:03 Image size of job updated: 26648456
	22180  -  MemoryUsage of job (MB)
	22712016  -  ResidentSetSize of job (KB)
...
006 (2017552.000.000) 2025-01-30 09:58:04 Image size of job updated: 27752260
	23160  -  MemoryUsage of job (MB)
	23715168  -  ResidentSetSize of job (KB)
...
006 (2017552.000.000) 2025-01-30 10:09:55 Image size of job updated: 31301360
	27235  -  MemoryUsage of job (MB)
	27888024  -  ResidentSetSize of job (KB)
...
006 (2017552.000.000) 2025-01-30 10:30:27 Image size of job updated: 35979564
	31510  -  MemoryUsage of job (MB)
	32266012  -  ResidentSetSize of job (KB)
...
006 (2017552.000.000) 2025-01-30 10:46:53 Image size of job updated: 39066632
	34536  -  MemoryUsage of job (MB)
	35364140  -  ResidentSetSize of job (KB)
...
006 (2017552.000.000) 2025-01-30 10:56:45 Image size of job updated: 41146608
	36408  -  MemoryUsage of job (MB)
	37281072  -  ResidentSetSize of job (KB)
...
006 (2017552.000.000) 2025-01-30 11:02:40 Image size of job updated: 42050584
	37515  -  MemoryUsage of job (MB)
	38414944  -  ResidentSetSize of job (KB)
...
006 (2017552.000.000) 2025-01-30 11:07:41 Image size of job updated: 42903360
	38381  -  MemoryUsage of job (MB)
	39301468  -  ResidentSetSize of job (KB)
...
006 (2017552.000.000) 2025-01-30 11:12:42 Image size of job updated: 43971804
	39251  -  MemoryUsage of job (MB)
	40192464  -  ResidentSetSize of job (KB)
...
006 (2017552.000.000) 2025-01-30 11:17:42 Image size of job updated: 44914772
	40034  -  MemoryUsage of job (MB)
	40994384  -  ResidentSetSize of job (KB)
...
006 (2017552.000.000) 2025-01-30 11:22:42 Image size of job updated: 45910844
	40913  -  MemoryUsage of job (MB)
	41894172  -  ResidentSetSize of job (KB)
...
006 (2017552.000.000) 2025-01-30 11:27:43 Image size of job updated: 46262880
	41741  -  MemoryUsage of job (MB)
	42742700  -  ResidentSetSize of job (KB)
...
006 (2017552.000.000) 2025-01-30 11:32:43 Image size of job updated: 47191512
	42434  -  MemoryUsage of job (MB)
	43451992  -  ResidentSetSize of job (KB)
...
006 (2017552.000.000) 2025-01-30 11:37:43 Image size of job updated: 48520968
	43494  -  MemoryUsage of job (MB)
	44537744  -  ResidentSetSize of job (KB)
...
006 (2017552.000.000) 2025-01-30 11:42:44 Image size of job updated: 49696280
	44596  -  MemoryUsage of job (MB)
	45666228  -  ResidentSetSize of job (KB)
...
006 (2017552.000.000) 2025-01-30 11:47:45 Image size of job updated: 50287276
	45826  -  MemoryUsage of job (MB)
	46925732  -  ResidentSetSize of job (KB)
...
006 (2017552.000.000) 2025-01-30 11:52:45 Image size of job updated: 51541156
	46962  -  MemoryUsage of job (MB)
	48088608  -  ResidentSetSize of job (KB)
...
006 (2017552.000.000) 2025-01-30 11:57:46 Image size of job updated: 52830060
	48148  -  MemoryUsage of job (MB)
	49302792  -  ResidentSetSize of job (KB)
...
006 (2017552.000.000) 2025-01-30 12:02:47 Image size of job updated: 54240420
	49604  -  MemoryUsage of job (MB)
	50794448  -  ResidentSetSize of job (KB)
...
006 (2017552.000.000) 2025-01-30 12:07:47 Image size of job updated: 55555284
	50728  -  MemoryUsage of job (MB)
	51944956  -  ResidentSetSize of job (KB)
...
006 (2017552.000.000) 2025-01-30 12:12:47 Image size of job updated: 57058616
	51954  -  MemoryUsage of job (MB)
	53200392  -  ResidentSetSize of job (KB)
...
006 (2017552.000.000) 2025-01-30 12:17:47 Image size of job updated: 58127940
	53398  -  MemoryUsage of job (MB)
	54679180  -  ResidentSetSize of job (KB)
...
006 (2017552.000.000) 2025-01-30 12:22:47 Image size of job updated: 59756448
	54525  -  MemoryUsage of job (MB)
	55833324  -  ResidentSetSize of job (KB)
...
006 (2017552.000.000) 2025-01-30 12:27:48 Image size of job updated: 61126308
	55800  -  MemoryUsage of job (MB)
	57138904  -  ResidentSetSize of job (KB)
...
006 (2017552.000.000) 2025-01-30 12:32:49 Image size of job updated: 61931688
	56736  -  MemoryUsage of job (MB)
	58097524  -  ResidentSetSize of job (KB)
...
006 (2017552.000.000) 2025-01-30 12:37:49 Image size of job updated: 63115500
	58042  -  MemoryUsage of job (MB)
	59434216  -  ResidentSetSize of job (KB)
...
006 (2017552.000.000) 2025-01-30 12:42:50 Image size of job updated: 64012244
	59095  -  MemoryUsage of job (MB)
	60512884  -  ResidentSetSize of job (KB)
...
006 (2017552.000.000) 2025-01-30 12:47:51 Image size of job updated: 65503708
	60371  -  MemoryUsage of job (MB)
	61819324  -  ResidentSetSize of job (KB)
...
006 (2017552.000.000) 2025-01-30 12:52:51 Image size of job updated: 66656592
	61325  -  MemoryUsage of job (MB)
	62795860  -  ResidentSetSize of job (KB)
...
006 (2017552.000.000) 2025-01-30 12:57:52 Image size of job updated: 67695060
	62643  -  MemoryUsage of job (MB)
	64146212  -  ResidentSetSize of job (KB)
...
006 (2017552.000.000) 2025-01-30 13:02:53 Image size of job updated: 69243852
	64002  -  MemoryUsage of job (MB)
	65537512  -  ResidentSetSize of job (KB)
...
006 (2017552.000.000) 2025-01-30 13:07:53 Image size of job updated: 70973968
	65391  -  MemoryUsage of job (MB)
	66960368  -  ResidentSetSize of job (KB)
...
006 (2017552.000.000) 2025-01-30 13:12:53 Image size of job updated: 72154240
	66810  -  MemoryUsage of job (MB)
	68412720  -  ResidentSetSize of job (KB)
...
006 (2017552.000.000) 2025-01-30 13:17:49 Image size of job updated: 73469156
	66810  -  MemoryUsage of job (MB)
	68412720  -  ResidentSetSize of job (KB)
...
005 (2017552.000.000) 2025-01-30 13:17:49 Job terminated.
	(1) Normal termination (return value 0)
		Usr 0 03:05:37, Sys 0 00:28:29  -  Run Remote Usage
		Usr 0 00:00:00, Sys 0 00:00:00  -  Run Local Usage
		Usr 0 03:05:37, Sys 0 00:28:29  -  Total Remote Usage
		Usr 0 00:00:00, Sys 0 00:00:00  -  Total Local Usage
	0  -  Run Bytes Sent By Job
	0  -  Run Bytes Received By Job
	0  -  Total Bytes Sent By Job
	0  -  Total Bytes Received By Job
	Partitionable Resources :    Usage  Request Allocated 
	   Cpus                 :     0.98        1         1 
	   Disk (KB)            :     2           2   6681625 
	   Memory (MB)          : 66810      128192    128256 
	   xferslots            :                           0 

	Job terminated of its own accord at 2025-01-30T18:17:49Z with exit-code 0.
...
000 (2018998.000.000) 2025-02-02 20:32:41 Job submitted from host: <130.199.48.81:9618?addrs=130.199.48.81-9618&alias=rcas2062.rcf.bnl.gov&noUDP&sock=schedd_48563_ad09>
...
001 (2018998.000.000) 2025-02-02 20:41:48 Job executing on host: <130.199.186.22:9618?addrs=130.199.186.22-9618&alias=spool1819.sdcc.bnl.gov&noUDP&sock=startd_21241_9b9b>
...
006 (2018998.000.000) 2025-02-02 20:41:56 Image size of job updated: 702044
	146  -  MemoryUsage of job (MB)
	149028  -  ResidentSetSize of job (KB)
...
006 (2018998.000.000) 2025-02-02 20:44:11 Image size of job updated: 4000972
	146  -  MemoryUsage of job (MB)
	149028  -  ResidentSetSize of job (KB)
...
005 (2018998.000.000) 2025-02-02 20:44:12 Job terminated.
	(1) Normal termination (return value 0)
		Usr 0 00:02:09, Sys 0 00:00:05  -  Run Remote Usage
		Usr 0 00:00:00, Sys 0 00:00:00  -  Run Local Usage
		Usr 0 00:02:09, Sys 0 00:00:05  -  Total Remote Usage
		Usr 0 00:00:00, Sys 0 00:00:00  -  Total Local Usage
	0  -  Run Bytes Sent By Job
	0  -  Run Bytes Received By Job
	0  -  Total Bytes Sent By Job
	0  -  Total Bytes Received By Job
	Partitionable Resources :    Usage  Request Allocated 
	   Cpus                 :                 1         1 
	   Disk (KB)            :        2        2   6681624 
	   Memory (MB)          :      146   128192    128256 
	   xferslots            :                           0 

	Job terminated of its own accord at 2025-02-03T01:44:11Z with exit-code 0.
...
000 (2019382.000.000) 2025-02-02 20:57:09 Job submitted from host: <130.199.48.81:9618?addrs=130.199.48.81-9618&alias=rcas2062.rcf.bnl.gov&noUDP&sock=schedd_48563_ad09>
...
001 (2019382.000.000) 2025-02-02 21:03:05 Job executing on host: <130.199.207.219:9618?addrs=130.199.207.219-9618&alias=spool1506.sdcc.bnl.gov&noUDP&sock=startd_27518_32f8>
...
006 (2019382.000.000) 2025-02-02 21:03:13 Image size of job updated: 174628
	100  -  MemoryUsage of job (MB)
	101932  -  ResidentSetSize of job (KB)
...
006 (2019382.000.000) 2025-02-02 21:05:25 Image size of job updated: 4000972
	100  -  MemoryUsage of job (MB)
	102056  -  ResidentSetSize of job (KB)
...
005 (2019382.000.000) 2025-02-02 21:05:25 Job terminated.
	(1) Normal termination (return value 0)
		Usr 0 00:02:06, Sys 0 00:00:05  -  Run Remote Usage
		Usr 0 00:00:00, Sys 0 00:00:00  -  Run Local Usage
		Usr 0 00:02:06, Sys 0 00:00:05  -  Total Remote Usage
		Usr 0 00:00:00, Sys 0 00:00:00  -  Total Local Usage
	0  -  Run Bytes Sent By Job
	0  -  Run Bytes Received By Job
	0  -  Total Bytes Sent By Job
	0  -  Total Bytes Received By Job
	Partitionable Resources :    Usage  Request Allocated 
	   Cpus                 :                 1         1 
	   Disk (KB)            :        2        2   6681236 
	   Memory (MB)          :      100   128192    128256 
	   xferslots            :                           0 

	Job terminated of its own accord at 2025-02-03T02:05:25Z with exit-code 0.
...
000 (2019766.000.000) 2025-02-02 22:34:49 Job submitted from host: <130.199.48.81:9618?addrs=130.199.48.81-9618&alias=rcas2062.rcf.bnl.gov&noUDP&sock=schedd_48563_ad09>
...
001 (2019766.000.000) 2025-02-02 22:47:23 Job executing on host: <130.199.151.32:9618?addrs=130.199.151.32-9618&alias=spool1610.sdcc.bnl.gov&noUDP&sock=startd_73852_533e>
...
006 (2019766.000.000) 2025-02-02 22:47:31 Image size of job updated: 116080
	63  -  MemoryUsage of job (MB)
	64380  -  ResidentSetSize of job (KB)
...
006 (2019766.000.000) 2025-02-02 22:50:22 Image size of job updated: 4000964
	63  -  MemoryUsage of job (MB)
	64380  -  ResidentSetSize of job (KB)
...
005 (2019766.000.000) 2025-02-02 22:50:22 Job terminated.
	(1) Normal termination (return value 0)
		Usr 0 00:02:24, Sys 0 00:00:05  -  Run Remote Usage
		Usr 0 00:00:00, Sys 0 00:00:00  -  Run Local Usage
		Usr 0 00:02:24, Sys 0 00:00:05  -  Total Remote Usage
		Usr 0 00:00:00, Sys 0 00:00:00  -  Total Local Usage
	0  -  Run Bytes Sent By Job
	0  -  Run Bytes Received By Job
	0  -  Total Bytes Sent By Job
	0  -  Total Bytes Received By Job
	Partitionable Resources :    Usage  Request Allocated 
	   Cpus                 :                 1         1 
	   Disk (KB)            :        2        2   6681229 
	   Memory (MB)          :       63   128192    128256 
	   xferslots            :                           0 

	Job terminated of its own accord at 2025-02-03T03:50:22Z with exit-code 0.
...
