000 (2016946.000.000) 2025-01-28 23:07:56 Job submitted from host: <130.199.48.81:9618?addrs=130.199.48.81-9618&alias=rcas2062.rcf.bnl.gov&noUDP&sock=schedd_48563_ad09>
...
001 (2016946.000.000) 2025-01-28 23:12:39 Job executing on host: <130.199.207.225:9618?addrs=130.199.207.225-9618&alias=spool1512.sdcc.bnl.gov&noUDP&sock=startd_8017_60f7>
...
006 (2016946.000.000) 2025-01-28 23:12:47 Image size of job updated: 13488
	7  -  MemoryUsage of job (MB)
	6968  -  ResidentSetSize of job (KB)
...
006 (2016946.000.000) 2025-01-28 23:17:47 Image size of job updated: 5028872
	1285  -  MemoryUsage of job (MB)
	1314960  -  ResidentSetSize of job (KB)
...
006 (2016946.000.000) 2025-01-28 23:22:49 Image size of job updated: 6454916
	2377  -  MemoryUsage of job (MB)
	2433408  -  ResidentSetSize of job (KB)
...
006 (2016946.000.000) 2025-01-28 23:27:49 Image size of job updated: 7554516
	3555  -  MemoryUsage of job (MB)
	3639384  -  ResidentSetSize of job (KB)
...
006 (2016946.000.000) 2025-01-28 23:32:49 Image size of job updated: 8445912
	4523  -  MemoryUsage of job (MB)
	4630700  -  ResidentSetSize of job (KB)
...
006 (2016946.000.000) 2025-01-28 23:37:50 Image size of job updated: 9593476
	5502  -  MemoryUsage of job (MB)
	5633084  -  ResidentSetSize of job (KB)
...
006 (2016946.000.000) 2025-01-28 23:42:51 Image size of job updated: 10514588
	6579  -  MemoryUsage of job (MB)
	6736084  -  ResidentSetSize of job (KB)
...
006 (2016946.000.000) 2025-01-28 23:47:51 Image size of job updated: 11424884
	7770  -  MemoryUsage of job (MB)
	7955732  -  ResidentSetSize of job (KB)
...
006 (2016946.000.000) 2025-01-28 23:52:52 Image size of job updated: 12667232
	8772  -  MemoryUsage of job (MB)
	8981808  -  ResidentSetSize of job (KB)
...
006 (2016946.000.000) 2025-01-28 23:57:53 Image size of job updated: 13442516
	9855  -  MemoryUsage of job (MB)
	10091272  -  ResidentSetSize of job (KB)
...
006 (2016946.000.000) 2025-01-29 00:02:53 Image size of job updated: 15242760
	10737  -  MemoryUsage of job (MB)
	10994472  -  ResidentSetSize of job (KB)
...
006 (2016946.000.000) 2025-01-29 00:07:53 Image size of job updated: 15564524
	11844  -  MemoryUsage of job (MB)
	12127912  -  ResidentSetSize of job (KB)
...
006 (2016946.000.000) 2025-01-29 00:12:54 Image size of job updated: 16645508
	12806  -  MemoryUsage of job (MB)
	13112852  -  ResidentSetSize of job (KB)
...
006 (2016946.000.000) 2025-01-29 00:17:54 Image size of job updated: 17734048
	13803  -  MemoryUsage of job (MB)
	14134152  -  ResidentSetSize of job (KB)
...
006 (2016946.000.000) 2025-01-29 00:22:55 Image size of job updated: 18856600
	14511  -  MemoryUsage of job (MB)
	14858936  -  ResidentSetSize of job (KB)
...
006 (2016946.000.000) 2025-01-29 00:27:56 Image size of job updated: 19626944
	15490  -  MemoryUsage of job (MB)
	15861648  -  ResidentSetSize of job (KB)
...
006 (2016946.000.000) 2025-01-29 00:32:56 Image size of job updated: 21007476
	16482  -  MemoryUsage of job (MB)
	16877392  -  ResidentSetSize of job (KB)
...
006 (2016946.000.000) 2025-01-29 00:37:57 Image size of job updated: 21931592
	17501  -  MemoryUsage of job (MB)
	17920744  -  ResidentSetSize of job (KB)
...
006 (2016946.000.000) 2025-01-29 00:42:58 Image size of job updated: 22294140
	18427  -  MemoryUsage of job (MB)
	18868668  -  ResidentSetSize of job (KB)
...
006 (2016946.000.000) 2025-01-29 00:47:58 Image size of job updated: 24661928
	19948  -  MemoryUsage of job (MB)
	20425872  -  ResidentSetSize of job (KB)
...
006 (2016946.000.000) 2025-01-29 00:52:58 Image size of job updated: 25744176
	21557  -  MemoryUsage of job (MB)
	22074108  -  ResidentSetSize of job (KB)
...
006 (2016946.000.000) 2025-01-29 00:57:59 Image size of job updated: 27421956
	22874  -  MemoryUsage of job (MB)
	23422520  -  ResidentSetSize of job (KB)
...
006 (2016946.000.000) 2025-01-29 01:02:59 Image size of job updated: 28090808
	24053  -  MemoryUsage of job (MB)
	24629624  -  ResidentSetSize of job (KB)
...
006 (2016946.000.000) 2025-01-29 01:07:59 Image size of job updated: 29702380
	25427  -  MemoryUsage of job (MB)
	26036480  -  ResidentSetSize of job (KB)
...
006 (2016946.000.000) 2025-01-29 01:13:00 Image size of job updated: 31073328
	26619  -  MemoryUsage of job (MB)
	27256880  -  ResidentSetSize of job (KB)
...
006 (2016946.000.000) 2025-01-29 01:18:00 Image size of job updated: 32572696
	27953  -  MemoryUsage of job (MB)
	28623112  -  ResidentSetSize of job (KB)
...
006 (2016946.000.000) 2025-01-29 01:23:00 Image size of job updated: 33469832
	29218  -  MemoryUsage of job (MB)
	29918332  -  ResidentSetSize of job (KB)
...
006 (2016946.000.000) 2025-01-29 01:28:01 Image size of job updated: 34942884
	30732  -  MemoryUsage of job (MB)
	31468820  -  ResidentSetSize of job (KB)
...
006 (2016946.000.000) 2025-01-29 01:33:02 Image size of job updated: 36936404
	32064  -  MemoryUsage of job (MB)
	32832572  -  ResidentSetSize of job (KB)
...
006 (2016946.000.000) 2025-01-29 01:38:02 Image size of job updated: 38200156
	33444  -  MemoryUsage of job (MB)
	34246128  -  ResidentSetSize of job (KB)
...
006 (2016946.000.000) 2025-01-29 01:42:18 Image size of job updated: 38968100
	33444  -  MemoryUsage of job (MB)
	34246128  -  ResidentSetSize of job (KB)
...
005 (2016946.000.000) 2025-01-29 01:42:18 Job terminated.
	(1) Normal termination (return value 0)
		Usr 0 01:33:42, Sys 0 00:15:46  -  Run Remote Usage
		Usr 0 00:00:00, Sys 0 00:00:00  -  Run Local Usage
		Usr 0 01:33:42, Sys 0 00:15:46  -  Total Remote Usage
		Usr 0 00:00:00, Sys 0 00:00:00  -  Total Local Usage
	0  -  Run Bytes Sent By Job
	0  -  Run Bytes Received By Job
	0  -  Total Bytes Sent By Job
	0  -  Total Bytes Received By Job
	Partitionable Resources :    Usage  Request Allocated 
	   Cpus                 :     0.83        1         1 
	   Disk (KB)            :     2           2   6681236 
	   Memory (MB)          : 33444      128192    128256 
	   xferslots            :                           0 

	Job terminated of its own accord at 2025-01-29T06:42:18Z with exit-code 0.
...
000 (2017330.000.000) 2025-01-30 00:28:06 Job submitted from host: <130.199.48.81:9618?addrs=130.199.48.81-9618&alias=rcas2062.rcf.bnl.gov&noUDP&sock=schedd_48563_ad09>
...
001 (2017330.000.000) 2025-01-30 00:38:36 Job executing on host: <130.199.186.27:9618?addrs=130.199.186.27-9618&alias=spool1824.sdcc.bnl.gov&noUDP&sock=startd_21686_71d9>
...
006 (2017330.000.000) 2025-01-30 00:38:44 Image size of job updated: 148652
	77  -  MemoryUsage of job (MB)
	78652  -  ResidentSetSize of job (KB)
...
006 (2017330.000.000) 2025-01-30 00:43:44 Image size of job updated: 5717480
	2299  -  MemoryUsage of job (MB)
	2353312  -  ResidentSetSize of job (KB)
...
006 (2017330.000.000) 2025-01-30 00:48:45 Image size of job updated: 8505564
	4523  -  MemoryUsage of job (MB)
	4631324  -  ResidentSetSize of job (KB)
...
006 (2017330.000.000) 2025-01-30 00:53:46 Image size of job updated: 10676720
	7082  -  MemoryUsage of job (MB)
	7251572  -  ResidentSetSize of job (KB)
...
006 (2017330.000.000) 2025-01-30 00:58:46 Image size of job updated: 13557692
	9781  -  MemoryUsage of job (MB)
	10014972  -  ResidentSetSize of job (KB)
...
006 (2017330.000.000) 2025-01-30 01:03:47 Image size of job updated: 15569964
	11874  -  MemoryUsage of job (MB)
	12158556  -  ResidentSetSize of job (KB)
...
006 (2017330.000.000) 2025-01-30 01:08:48 Image size of job updated: 17978752
	14032  -  MemoryUsage of job (MB)
	14367844  -  ResidentSetSize of job (KB)
...
006 (2017330.000.000) 2025-01-30 01:13:48 Image size of job updated: 19403396
	15617  -  MemoryUsage of job (MB)
	15990848  -  ResidentSetSize of job (KB)
...
006 (2017330.000.000) 2025-01-30 01:18:48 Image size of job updated: 21646932
	17898  -  MemoryUsage of job (MB)
	18326764  -  ResidentSetSize of job (KB)
...
006 (2017330.000.000) 2025-01-30 01:23:49 Image size of job updated: 23830648
	19950  -  MemoryUsage of job (MB)
	20427948  -  ResidentSetSize of job (KB)
...
006 (2017330.000.000) 2025-01-30 01:28:49 Image size of job updated: 26102208
	22164  -  MemoryUsage of job (MB)
	22695768  -  ResidentSetSize of job (KB)
...
006 (2017330.000.000) 2025-01-30 01:33:49 Image size of job updated: 28992140
	24425  -  MemoryUsage of job (MB)
	25010600  -  ResidentSetSize of job (KB)
...
006 (2017330.000.000) 2025-01-30 01:38:50 Image size of job updated: 30270420
	26011  -  MemoryUsage of job (MB)
	26635112  -  ResidentSetSize of job (KB)
...
006 (2017330.000.000) 2025-01-30 01:43:50 Image size of job updated: 32405708
	27953  -  MemoryUsage of job (MB)
	28623672  -  ResidentSetSize of job (KB)
...
006 (2017330.000.000) 2025-01-30 01:48:51 Image size of job updated: 34245272
	29816  -  MemoryUsage of job (MB)
	30530892  -  ResidentSetSize of job (KB)
...
006 (2017330.000.000) 2025-01-30 01:53:52 Image size of job updated: 36047916
	31705  -  MemoryUsage of job (MB)
	32465184  -  ResidentSetSize of job (KB)
...
006 (2017330.000.000) 2025-01-30 01:58:52 Image size of job updated: 37505784
	33062  -  MemoryUsage of job (MB)
	33854772  -  ResidentSetSize of job (KB)
...
006 (2017330.000.000) 2025-01-30 02:03:52 Image size of job updated: 38755960
	34365  -  MemoryUsage of job (MB)
	35189512  -  ResidentSetSize of job (KB)
...
006 (2017330.000.000) 2025-01-30 02:08:53 Image size of job updated: 40294292
	35547  -  MemoryUsage of job (MB)
	36399560  -  ResidentSetSize of job (KB)
...
006 (2017330.000.000) 2025-01-30 02:13:53 Image size of job updated: 41503988
	37032  -  MemoryUsage of job (MB)
	37919888  -  ResidentSetSize of job (KB)
...
006 (2017330.000.000) 2025-01-30 02:18:54 Image size of job updated: 42737040
	38237  -  MemoryUsage of job (MB)
	39154608  -  ResidentSetSize of job (KB)
...
006 (2017330.000.000) 2025-01-30 02:23:55 Image size of job updated: 44150092
	39438  -  MemoryUsage of job (MB)
	40384484  -  ResidentSetSize of job (KB)
...
006 (2017330.000.000) 2025-01-30 02:28:55 Image size of job updated: 45806288
	40721  -  MemoryUsage of job (MB)
	41697416  -  ResidentSetSize of job (KB)
...
006 (2017330.000.000) 2025-01-30 02:33:56 Image size of job updated: 46268432
	41902  -  MemoryUsage of job (MB)
	42906784  -  ResidentSetSize of job (KB)
...
006 (2017330.000.000) 2025-01-30 02:38:57 Image size of job updated: 47636032
	43197  -  MemoryUsage of job (MB)
	44233468  -  ResidentSetSize of job (KB)
...
006 (2017330.000.000) 2025-01-30 02:43:57 Image size of job updated: 49257600
	44772  -  MemoryUsage of job (MB)
	45845572  -  ResidentSetSize of job (KB)
...
006 (2017330.000.000) 2025-01-30 02:48:58 Image size of job updated: 51332716
	46425  -  MemoryUsage of job (MB)
	47539156  -  ResidentSetSize of job (KB)
...
006 (2017330.000.000) 2025-01-30 02:53:59 Image size of job updated: 52887280
	47844  -  MemoryUsage of job (MB)
	48991308  -  ResidentSetSize of job (KB)
...
006 (2017330.000.000) 2025-01-30 02:58:59 Image size of job updated: 54021192
	48781  -  MemoryUsage of job (MB)
	49951176  -  ResidentSetSize of job (KB)
...
006 (2017330.000.000) 2025-01-30 03:03:59 Image size of job updated: 54983632
	49923  -  MemoryUsage of job (MB)
	51120268  -  ResidentSetSize of job (KB)
...
006 (2017330.000.000) 2025-01-30 03:09:00 Image size of job updated: 56020560
	51258  -  MemoryUsage of job (MB)
	52487904  -  ResidentSetSize of job (KB)
...
006 (2017330.000.000) 2025-01-30 03:14:00 Image size of job updated: 57397076
	52316  -  MemoryUsage of job (MB)
	53570840  -  ResidentSetSize of job (KB)
...
006 (2017330.000.000) 2025-01-30 03:19:00 Image size of job updated: 58273860
	53601  -  MemoryUsage of job (MB)
	54886712  -  ResidentSetSize of job (KB)
...
006 (2017330.000.000) 2025-01-30 03:24:01 Image size of job updated: 60098936
	54857  -  MemoryUsage of job (MB)
	56173232  -  ResidentSetSize of job (KB)
...
006 (2017330.000.000) 2025-01-30 03:29:02 Image size of job updated: 61241692
	56206  -  MemoryUsage of job (MB)
	57554412  -  ResidentSetSize of job (KB)
...
006 (2017330.000.000) 2025-01-30 03:34:02 Image size of job updated: 62331872
	57191  -  MemoryUsage of job (MB)
	58563540  -  ResidentSetSize of job (KB)
...
006 (2017330.000.000) 2025-01-30 03:39:03 Image size of job updated: 63464628
	58529  -  MemoryUsage of job (MB)
	59932676  -  ResidentSetSize of job (KB)
...
006 (2017330.000.000) 2025-01-30 03:44:04 Image size of job updated: 64788896
	59690  -  MemoryUsage of job (MB)
	61121860  -  ResidentSetSize of job (KB)
...
006 (2017330.000.000) 2025-01-30 03:49:04 Image size of job updated: 66285836
	60925  -  MemoryUsage of job (MB)
	62386352  -  ResidentSetSize of job (KB)
...
006 (2017330.000.000) 2025-01-30 03:54:05 Image size of job updated: 67268468
	62147  -  MemoryUsage of job (MB)
	63638248  -  ResidentSetSize of job (KB)
...
006 (2017330.000.000) 2025-01-30 03:59:06 Image size of job updated: 68293680
	63352  -  MemoryUsage of job (MB)
	64871928  -  ResidentSetSize of job (KB)
...
006 (2017330.000.000) 2025-01-30 04:04:06 Image size of job updated: 69935192
	64450  -  MemoryUsage of job (MB)
	65996404  -  ResidentSetSize of job (KB)
...
006 (2017330.000.000) 2025-01-30 04:06:15 Image size of job updated: 69987560
	64450  -  MemoryUsage of job (MB)
	65996404  -  ResidentSetSize of job (KB)
...
005 (2017330.000.000) 2025-01-30 04:06:15 Job terminated.
	(1) Normal termination (return value 0)
		Usr 0 02:33:27, Sys 0 00:20:03  -  Run Remote Usage
		Usr 0 00:00:00, Sys 0 00:00:00  -  Run Local Usage
		Usr 0 02:33:27, Sys 0 00:20:03  -  Total Remote Usage
		Usr 0 00:00:00, Sys 0 00:00:00  -  Total Local Usage
	0  -  Run Bytes Sent By Job
	0  -  Run Bytes Received By Job
	0  -  Total Bytes Sent By Job
	0  -  Total Bytes Received By Job
	Partitionable Resources :    Usage  Request Allocated 
	   Cpus                 :     0.68        1         1 
	   Disk (KB)            :     2           2   6681631 
	   Memory (MB)          : 64450      128192    128256 
	   xferslots            :                           0 

	Job terminated of its own accord at 2025-01-30T09:06:15Z with exit-code 0.
...
000 (2018776.000.000) 2025-02-02 20:32:18 Job submitted from host: <130.199.48.81:9618?addrs=130.199.48.81-9618&alias=rcas2062.rcf.bnl.gov&noUDP&sock=schedd_48563_ad09>
...
001 (2018776.000.000) 2025-02-02 20:36:24 Job executing on host: <130.199.186.81:9618?addrs=130.199.186.81-9618&alias=spool1844.sdcc.bnl.gov&noUDP&sock=startd_45408_2883>
...
006 (2018776.000.000) 2025-02-02 20:36:33 Image size of job updated: 187876
	80  -  MemoryUsage of job (MB)
	81056  -  ResidentSetSize of job (KB)
...
006 (2018776.000.000) 2025-02-02 20:39:06 Image size of job updated: 4001224
	80  -  MemoryUsage of job (MB)
	81056  -  ResidentSetSize of job (KB)
...
005 (2018776.000.000) 2025-02-02 20:39:06 Job terminated.
	(1) Normal termination (return value 0)
		Usr 0 00:02:17, Sys 0 00:00:06  -  Run Remote Usage
		Usr 0 00:00:00, Sys 0 00:00:00  -  Run Local Usage
		Usr 0 00:02:17, Sys 0 00:00:06  -  Total Remote Usage
		Usr 0 00:00:00, Sys 0 00:00:00  -  Total Local Usage
	0  -  Run Bytes Sent By Job
	0  -  Run Bytes Received By Job
	0  -  Total Bytes Sent By Job
	0  -  Total Bytes Received By Job
	Partitionable Resources :    Usage  Request Allocated 
	   Cpus                 :     0.20        1         1 
	   Disk (KB)            :     2           2   6681648 
	   Memory (MB)          :    80      128192    128256 
	   xferslots            :                           0 

	Job terminated of its own accord at 2025-02-03T01:39:06Z with exit-code 0.
...
000 (2019160.000.000) 2025-02-02 20:56:48 Job submitted from host: <130.199.48.81:9618?addrs=130.199.48.81-9618&alias=rcas2062.rcf.bnl.gov&noUDP&sock=schedd_48563_ad09>
...
001 (2019160.000.000) 2025-02-02 20:59:21 Job executing on host: <130.199.150.87:9618?addrs=130.199.150.87-9618&alias=spool1568.sdcc.bnl.gov&noUDP&sock=startd_61885_ebb5>
...
006 (2019160.000.000) 2025-02-02 20:59:30 Image size of job updated: 567408
	127  -  MemoryUsage of job (MB)
	129116  -  ResidentSetSize of job (KB)
...
006 (2019160.000.000) 2025-02-02 21:01:39 Image size of job updated: 4001216
	127  -  MemoryUsage of job (MB)
	129148  -  ResidentSetSize of job (KB)
...
005 (2019160.000.000) 2025-02-02 21:01:40 Job terminated.
	(1) Normal termination (return value 0)
		Usr 0 00:02:03, Sys 0 00:00:05  -  Run Remote Usage
		Usr 0 00:00:00, Sys 0 00:00:00  -  Run Local Usage
		Usr 0 00:02:03, Sys 0 00:00:05  -  Total Remote Usage
		Usr 0 00:00:00, Sys 0 00:00:00  -  Total Local Usage
	0  -  Run Bytes Sent By Job
	0  -  Run Bytes Received By Job
	0  -  Total Bytes Sent By Job
	0  -  Total Bytes Received By Job
	Partitionable Resources :    Usage  Request Allocated 
	   Cpus                 :     0.96        1         1 
	   Disk (KB)            :     2           2   6681235 
	   Memory (MB)          :   127      128192    128256 
	   xferslots            :                           0 

	Job terminated of its own accord at 2025-02-03T02:01:39Z with exit-code 0.
...
000 (2019544.000.000) 2025-02-02 22:34:30 Job submitted from host: <130.199.48.81:9618?addrs=130.199.48.81-9618&alias=rcas2062.rcf.bnl.gov&noUDP&sock=schedd_48563_ad09>
...
001 (2019544.000.000) 2025-02-02 22:40:37 Job executing on host: <130.199.186.10:9618?addrs=130.199.186.10-9618&alias=spool1807.sdcc.bnl.gov&noUDP&sock=startd_68265_1c36>
...
006 (2019544.000.000) 2025-02-02 22:40:45 Image size of job updated: 19292
	7  -  MemoryUsage of job (MB)
	6884  -  ResidentSetSize of job (KB)
...
006 (2019544.000.000) 2025-02-02 22:43:56 Image size of job updated: 4001220
	7  -  MemoryUsage of job (MB)
	6884  -  ResidentSetSize of job (KB)
...
005 (2019544.000.000) 2025-02-02 22:43:56 Job terminated.
	(1) Normal termination (return value 0)
		Usr 0 00:02:18, Sys 0 00:00:06  -  Run Remote Usage
		Usr 0 00:00:00, Sys 0 00:00:00  -  Run Local Usage
		Usr 0 00:02:18, Sys 0 00:00:06  -  Total Remote Usage
		Usr 0 00:00:00, Sys 0 00:00:00  -  Total Local Usage
	0  -  Run Bytes Sent By Job
	0  -  Run Bytes Received By Job
	0  -  Total Bytes Sent By Job
	0  -  Total Bytes Received By Job
	Partitionable Resources :    Usage  Request Allocated 
	   Cpus                 :     0.28        1         1 
	   Disk (KB)            :     2           2   6681630 
	   Memory (MB)          :     7      128192    128256 
	   xferslots            :                           0 

	Job terminated of its own accord at 2025-02-03T03:43:56Z with exit-code 0.
...
