000 (2017041.000.000) 2025-01-28 23:08:04 Job submitted from host: <130.199.48.81:9618?addrs=130.199.48.81-9618&alias=rcas2062.rcf.bnl.gov&noUDP&sock=schedd_48563_ad09>
...
001 (2017041.000.000) 2025-01-29 01:27:14 Job executing on host: <130.199.186.8:9618?addrs=130.199.186.8-9618&alias=spool1805.sdcc.bnl.gov&noUDP&sock=startd_47947_b83e>
...
006 (2017041.000.000) 2025-01-29 01:27:23 Image size of job updated: 381740
	92  -  MemoryUsage of job (MB)
	93860  -  ResidentSetSize of job (KB)
...
006 (2017041.000.000) 2025-01-29 01:27:28 Image size of job updated: 2933580
	92  -  MemoryUsage of job (MB)
	93864  -  ResidentSetSize of job (KB)
...
005 (2017041.000.000) 2025-01-29 01:27:28 Job terminated.
	(1) Normal termination (return value 0)
		Usr 0 00:00:03, Sys 0 00:00:02  -  Run Remote Usage
		Usr 0 00:00:00, Sys 0 00:00:00  -  Run Local Usage
		Usr 0 00:00:03, Sys 0 00:00:02  -  Total Remote Usage
		Usr 0 00:00:00, Sys 0 00:00:00  -  Total Local Usage
	0  -  Run Bytes Sent By Job
	0  -  Run Bytes Received By Job
	0  -  Total Bytes Sent By Job
	0  -  Total Bytes Received By Job
	Partitionable Resources :    Usage  Request Allocated 
	   Cpus                 :                 1         1 
	   Disk (KB)            :        2        2   6681622 
	   Memory (MB)          :       92   128192    128256 
	   xferslots            :                           0 

	Job terminated of its own accord at 2025-01-29T06:27:28Z with exit-code 0.
...
000 (2017425.000.000) 2025-01-30 00:28:17 Job submitted from host: <130.199.48.81:9618?addrs=130.199.48.81-9618&alias=rcas2062.rcf.bnl.gov&noUDP&sock=schedd_48563_ad09>
...
001 (2017425.000.000) 2025-01-30 04:43:39 Job executing on host: <130.199.150.90:9618?addrs=130.199.150.90-9618&alias=spool1571.sdcc.bnl.gov&noUDP&sock=startd_39549_dbd4>
...
006 (2017425.000.000) 2025-01-30 04:43:47 Image size of job updated: 298144
	8  -  MemoryUsage of job (MB)
	7300  -  ResidentSetSize of job (KB)
...
006 (2017425.000.000) 2025-01-30 04:48:47 Image size of job updated: 5213276
	1257  -  MemoryUsage of job (MB)
	1286988  -  ResidentSetSize of job (KB)
...
006 (2017425.000.000) 2025-01-30 04:53:48 Image size of job updated: 6070180
	2368  -  MemoryUsage of job (MB)
	2424136  -  ResidentSetSize of job (KB)
...
006 (2017425.000.000) 2025-01-30 04:58:49 Image size of job updated: 7540056
	3682  -  MemoryUsage of job (MB)
	3770156  -  ResidentSetSize of job (KB)
...
006 (2017425.000.000) 2025-01-30 05:03:49 Image size of job updated: 8738976
	5233  -  MemoryUsage of job (MB)
	5357708  -  ResidentSetSize of job (KB)
...
006 (2017425.000.000) 2025-01-30 05:08:50 Image size of job updated: 10568744
	6319  -  MemoryUsage of job (MB)
	6470392  -  ResidentSetSize of job (KB)
...
006 (2017425.000.000) 2025-01-30 05:13:51 Image size of job updated: 11526636
	7525  -  MemoryUsage of job (MB)
	7705048  -  ResidentSetSize of job (KB)
...
006 (2017425.000.000) 2025-01-30 05:18:51 Image size of job updated: 12938728
	8886  -  MemoryUsage of job (MB)
	9098916  -  ResidentSetSize of job (KB)
...
006 (2017425.000.000) 2025-01-30 05:23:51 Image size of job updated: 14182172
	9999  -  MemoryUsage of job (MB)
	10238976  -  ResidentSetSize of job (KB)
...
006 (2017425.000.000) 2025-01-30 05:28:52 Image size of job updated: 15192716
	10902  -  MemoryUsage of job (MB)
	11163284  -  ResidentSetSize of job (KB)
...
006 (2017425.000.000) 2025-01-30 05:33:52 Image size of job updated: 16224492
	11913  -  MemoryUsage of job (MB)
	12198860  -  ResidentSetSize of job (KB)
...
006 (2017425.000.000) 2025-01-30 05:38:52 Image size of job updated: 17427352
	13354  -  MemoryUsage of job (MB)
	13673704  -  ResidentSetSize of job (KB)
...
006 (2017425.000.000) 2025-01-30 05:43:53 Image size of job updated: 18812316
	14702  -  MemoryUsage of job (MB)
	15054484  -  ResidentSetSize of job (KB)
...
006 (2017425.000.000) 2025-01-30 05:48:53 Image size of job updated: 19924548
	16066  -  MemoryUsage of job (MB)
	16450652  -  ResidentSetSize of job (KB)
...
006 (2017425.000.000) 2025-01-30 05:53:53 Image size of job updated: 21960980
	17762  -  MemoryUsage of job (MB)
	18187572  -  ResidentSetSize of job (KB)
...
006 (2017425.000.000) 2025-01-30 05:58:54 Image size of job updated: 24209972
	19813  -  MemoryUsage of job (MB)
	20287712  -  ResidentSetSize of job (KB)
...
006 (2017425.000.000) 2025-01-30 06:03:55 Image size of job updated: 25535820
	21353  -  MemoryUsage of job (MB)
	21864980  -  ResidentSetSize of job (KB)
...
006 (2017425.000.000) 2025-01-30 06:08:55 Image size of job updated: 27046408
	23094  -  MemoryUsage of job (MB)
	23647992  -  ResidentSetSize of job (KB)
...
006 (2017425.000.000) 2025-01-30 06:13:56 Image size of job updated: 29168292
	24739  -  MemoryUsage of job (MB)
	25332692  -  ResidentSetSize of job (KB)
...
006 (2017425.000.000) 2025-01-30 06:18:57 Image size of job updated: 30674048
	26580  -  MemoryUsage of job (MB)
	27217012  -  ResidentSetSize of job (KB)
...
006 (2017425.000.000) 2025-01-30 06:23:57 Image size of job updated: 32407580
	28233  -  MemoryUsage of job (MB)
	28910076  -  ResidentSetSize of job (KB)
...
006 (2017425.000.000) 2025-01-30 06:28:59 Image size of job updated: 34077688
	29882  -  MemoryUsage of job (MB)
	30598744  -  ResidentSetSize of job (KB)
...
006 (2017425.000.000) 2025-01-30 06:33:59 Image size of job updated: 35953372
	31459  -  MemoryUsage of job (MB)
	32213780  -  ResidentSetSize of job (KB)
...
006 (2017425.000.000) 2025-01-30 06:38:59 Image size of job updated: 37882524
	33109  -  MemoryUsage of job (MB)
	33902972  -  ResidentSetSize of job (KB)
...
006 (2017425.000.000) 2025-01-30 06:44:00 Image size of job updated: 38987668
	34379  -  MemoryUsage of job (MB)
	35203832  -  ResidentSetSize of job (KB)
...
006 (2017425.000.000) 2025-01-30 06:49:01 Image size of job updated: 40251776
	35848  -  MemoryUsage of job (MB)
	36708352  -  ResidentSetSize of job (KB)
...
006 (2017425.000.000) 2025-01-30 06:54:01 Image size of job updated: 41876344
	37264  -  MemoryUsage of job (MB)
	38158292  -  ResidentSetSize of job (KB)
...
006 (2017425.000.000) 2025-01-30 06:59:02 Image size of job updated: 43251960
	38732  -  MemoryUsage of job (MB)
	39660796  -  ResidentSetSize of job (KB)
...
006 (2017425.000.000) 2025-01-30 07:04:03 Image size of job updated: 44730212
	39895  -  MemoryUsage of job (MB)
	40852464  -  ResidentSetSize of job (KB)
...
006 (2017425.000.000) 2025-01-30 07:09:03 Image size of job updated: 46540028
	41568  -  MemoryUsage of job (MB)
	42565120  -  ResidentSetSize of job (KB)
...
006 (2017425.000.000) 2025-01-30 07:14:04 Image size of job updated: 47490112
	43087  -  MemoryUsage of job (MB)
	44120340  -  ResidentSetSize of job (KB)
...
006 (2017425.000.000) 2025-01-30 07:19:05 Image size of job updated: 49417108
	44648  -  MemoryUsage of job (MB)
	45719196  -  ResidentSetSize of job (KB)
...
006 (2017425.000.000) 2025-01-30 07:24:05 Image size of job updated: 51438352
	46645  -  MemoryUsage of job (MB)
	47764044  -  ResidentSetSize of job (KB)
...
006 (2017425.000.000) 2025-01-30 07:29:05 Image size of job updated: 52873388
	48208  -  MemoryUsage of job (MB)
	49363976  -  ResidentSetSize of job (KB)
...
006 (2017425.000.000) 2025-01-30 07:34:06 Image size of job updated: 54802456
	49902  -  MemoryUsage of job (MB)
	51099552  -  ResidentSetSize of job (KB)
...
006 (2017425.000.000) 2025-01-30 07:39:06 Image size of job updated: 56695652
	51719  -  MemoryUsage of job (MB)
	52959548  -  ResidentSetSize of job (KB)
...
006 (2017425.000.000) 2025-01-30 07:44:06 Image size of job updated: 58316276
	53369  -  MemoryUsage of job (MB)
	54649012  -  ResidentSetSize of job (KB)
...
006 (2017425.000.000) 2025-01-30 07:49:07 Image size of job updated: 60649196
	55495  -  MemoryUsage of job (MB)
	56826740  -  ResidentSetSize of job (KB)
...
006 (2017425.000.000) 2025-01-30 07:54:07 Image size of job updated: 62533116
	57697  -  MemoryUsage of job (MB)
	59081092  -  ResidentSetSize of job (KB)
...
006 (2017425.000.000) 2025-01-30 07:59:07 Image size of job updated: 65100640
	59869  -  MemoryUsage of job (MB)
	61304928  -  ResidentSetSize of job (KB)
...
006 (2017425.000.000) 2025-01-30 08:04:08 Image size of job updated: 66349128
	61534  -  MemoryUsage of job (MB)
	63009960  -  ResidentSetSize of job (KB)
...
006 (2017425.000.000) 2025-01-30 08:09:08 Image size of job updated: 68837116
	61534  -  MemoryUsage of job (MB)
	63010316  -  ResidentSetSize of job (KB)
...
005 (2017425.000.000) 2025-01-30 08:09:11 Job terminated.
	(1) Normal termination (return value 0)
		Usr 0 02:48:25, Sys 0 00:25:40  -  Run Remote Usage
		Usr 0 00:00:00, Sys 0 00:00:00  -  Run Local Usage
		Usr 0 02:48:25, Sys 0 00:25:40  -  Total Remote Usage
		Usr 0 00:00:00, Sys 0 00:00:00  -  Total Local Usage
	0  -  Run Bytes Sent By Job
	0  -  Run Bytes Received By Job
	0  -  Total Bytes Sent By Job
	0  -  Total Bytes Received By Job
	Partitionable Resources :    Usage  Request Allocated 
	   Cpus                 :     1.01        1         1 
	   Disk (KB)            :     2           2   6681235 
	   Memory (MB)          : 61534      128192    128256 
	   xferslots            :                           0 

	Job terminated of its own accord at 2025-01-30T13:09:11Z with exit-code 0.
...
000 (2018871.000.000) 2025-02-02 20:32:28 Job submitted from host: <130.199.48.81:9618?addrs=130.199.48.81-9618&alias=rcas2062.rcf.bnl.gov&noUDP&sock=schedd_48563_ad09>
...
001 (2018871.000.000) 2025-02-02 20:38:56 Job executing on host: <130.199.184.218:9618?addrs=130.199.184.218-9618&alias=spool1793.sdcc.bnl.gov&noUDP&sock=startd_43997_9835>
...
006 (2018871.000.000) 2025-02-02 20:39:04 Image size of job updated: 574692
	88  -  MemoryUsage of job (MB)
	89492  -  ResidentSetSize of job (KB)
...
006 (2018871.000.000) 2025-02-02 20:41:25 Image size of job updated: 4001052
	88  -  MemoryUsage of job (MB)
	89492  -  ResidentSetSize of job (KB)
...
005 (2018871.000.000) 2025-02-02 20:41:26 Job terminated.
	(1) Normal termination (return value 0)
		Usr 0 00:02:09, Sys 0 00:00:06  -  Run Remote Usage
		Usr 0 00:00:00, Sys 0 00:00:00  -  Run Local Usage
		Usr 0 00:02:09, Sys 0 00:00:06  -  Total Remote Usage
		Usr 0 00:00:00, Sys 0 00:00:00  -  Total Local Usage
	0  -  Run Bytes Sent By Job
	0  -  Run Bytes Received By Job
	0  -  Total Bytes Sent By Job
	0  -  Total Bytes Received By Job
	Partitionable Resources :    Usage  Request Allocated 
	   Cpus                 :                 1         1 
	   Disk (KB)            :        2        2   6681633 
	   Memory (MB)          :       88   128192    128256 
	   xferslots            :                           0 

	Job terminated of its own accord at 2025-02-03T01:41:25Z with exit-code 0.
...
000 (2019255.000.000) 2025-02-02 20:56:57 Job submitted from host: <130.199.48.81:9618?addrs=130.199.48.81-9618&alias=rcas2062.rcf.bnl.gov&noUDP&sock=schedd_48563_ad09>
...
001 (2019255.000.000) 2025-02-02 21:00:45 Job executing on host: <130.199.186.91:9618?addrs=130.199.186.91-9618&alias=spool1854.sdcc.bnl.gov&noUDP&sock=startd_48676_7062>
...
006 (2019255.000.000) 2025-02-02 21:00:54 Image size of job updated: 151352
	83  -  MemoryUsage of job (MB)
	84448  -  ResidentSetSize of job (KB)
...
006 (2019255.000.000) 2025-02-02 21:03:03 Image size of job updated: 4001056
	83  -  MemoryUsage of job (MB)
	84460  -  ResidentSetSize of job (KB)
...
005 (2019255.000.000) 2025-02-02 21:03:04 Job terminated.
	(1) Normal termination (return value 0)
		Usr 0 00:02:01, Sys 0 00:00:05  -  Run Remote Usage
		Usr 0 00:00:00, Sys 0 00:00:00  -  Run Local Usage
		Usr 0 00:02:01, Sys 0 00:00:05  -  Total Remote Usage
		Usr 0 00:00:00, Sys 0 00:00:00  -  Total Local Usage
	0  -  Run Bytes Sent By Job
	0  -  Run Bytes Received By Job
	0  -  Total Bytes Sent By Job
	0  -  Total Bytes Received By Job
	Partitionable Resources :    Usage  Request Allocated 
	   Cpus                 :     0.96        1         1 
	   Disk (KB)            :     2           2   6681632 
	   Memory (MB)          :    83      128192    128256 
	   xferslots            :                           0 

	Job terminated of its own accord at 2025-02-03T02:03:03Z with exit-code 0.
...
000 (2019639.000.000) 2025-02-02 22:34:38 Job submitted from host: <130.199.48.81:9618?addrs=130.199.48.81-9618&alias=rcas2062.rcf.bnl.gov&noUDP&sock=schedd_48563_ad09>
...
001 (2019639.000.000) 2025-02-02 22:43:34 Job executing on host: <130.199.186.91:9618?addrs=130.199.186.91-9618&alias=spool1854.sdcc.bnl.gov&noUDP&sock=startd_48676_7062>
...
006 (2019639.000.000) 2025-02-02 22:43:43 Image size of job updated: 79060
	40  -  MemoryUsage of job (MB)
	40352  -  ResidentSetSize of job (KB)
...
006 (2019639.000.000) 2025-02-02 22:46:58 Image size of job updated: 4001052
	40  -  MemoryUsage of job (MB)
	40352  -  ResidentSetSize of job (KB)
...
005 (2019639.000.000) 2025-02-02 22:46:58 Job terminated.
	(1) Normal termination (return value 0)
		Usr 0 00:02:25, Sys 0 00:00:05  -  Run Remote Usage
		Usr 0 00:00:00, Sys 0 00:00:00  -  Run Local Usage
		Usr 0 00:02:25, Sys 0 00:00:05  -  Total Remote Usage
		Usr 0 00:00:00, Sys 0 00:00:00  -  Total Local Usage
	0  -  Run Bytes Sent By Job
	0  -  Run Bytes Received By Job
	0  -  Total Bytes Sent By Job
	0  -  Total Bytes Received By Job
	Partitionable Resources :    Usage  Request Allocated 
	   Cpus                 :     0.93        1         1 
	   Disk (KB)            :     2           2   6681632 
	   Memory (MB)          :    40      128192    128256 
	   xferslots            :                           0 

	Job terminated of its own accord at 2025-02-03T03:46:58Z with exit-code 0.
...
