000 (2017087.000.000) 2025-01-28 23:08:08 Job submitted from host: <130.199.48.81:9618?addrs=130.199.48.81-9618&alias=rcas2062.rcf.bnl.gov&noUDP&sock=schedd_48563_ad09>
...
001 (2017087.000.000) 2025-01-29 01:33:14 Job executing on host: <130.199.186.69:9618?addrs=130.199.186.69-9618&alias=spool1832.sdcc.bnl.gov&noUDP&sock=startd_24966_85f7>
...
006 (2017087.000.000) 2025-01-29 01:33:22 Image size of job updated: 321924
	59  -  MemoryUsage of job (MB)
	59812  -  ResidentSetSize of job (KB)
...
006 (2017087.000.000) 2025-01-29 01:33:38 Image size of job updated: 598860
	59  -  MemoryUsage of job (MB)
	59812  -  ResidentSetSize of job (KB)
...
005 (2017087.000.000) 2025-01-29 01:33:38 Job terminated.
	(1) Normal termination (return value 0)
		Usr 0 00:00:04, Sys 0 00:00:01  -  Run Remote Usage
		Usr 0 00:00:00, Sys 0 00:00:00  -  Run Local Usage
		Usr 0 00:00:04, Sys 0 00:00:01  -  Total Remote Usage
		Usr 0 00:00:00, Sys 0 00:00:00  -  Total Local Usage
	0  -  Run Bytes Sent By Job
	0  -  Run Bytes Received By Job
	0  -  Total Bytes Sent By Job
	0  -  Total Bytes Received By Job
	Partitionable Resources :    Usage  Request Allocated 
	   Cpus                 :                 1         1 
	   Disk (KB)            :        2        2   6681558 
	   Memory (MB)          :       59   128192    128256 
	   xferslots            :                           0 

	Job terminated of its own accord at 2025-01-29T06:33:38Z with exit-code 0.
...
000 (2017471.000.000) 2025-01-30 00:28:21 Job submitted from host: <130.199.48.81:9618?addrs=130.199.48.81-9618&alias=rcas2062.rcf.bnl.gov&noUDP&sock=schedd_48563_ad09>
...
001 (2017471.000.000) 2025-01-30 06:31:54 Job executing on host: <130.199.186.71:9618?addrs=130.199.186.71-9618&alias=spool1834.sdcc.bnl.gov&noUDP&sock=startd_78963_e463>
...
006 (2017471.000.000) 2025-01-30 06:32:03 Image size of job updated: 63628
	37  -  MemoryUsage of job (MB)
	37596  -  ResidentSetSize of job (KB)
...
006 (2017471.000.000) 2025-01-30 06:37:04 Image size of job updated: 5346244
	1487  -  MemoryUsage of job (MB)
	1522612  -  ResidentSetSize of job (KB)
...
006 (2017471.000.000) 2025-01-30 06:42:04 Image size of job updated: 7062352
	3428  -  MemoryUsage of job (MB)
	3509636  -  ResidentSetSize of job (KB)
...
006 (2017471.000.000) 2025-01-30 06:47:05 Image size of job updated: 9398944
	5674  -  MemoryUsage of job (MB)
	5809852  -  ResidentSetSize of job (KB)
...
006 (2017471.000.000) 2025-01-30 06:52:06 Image size of job updated: 11227348
	7637  -  MemoryUsage of job (MB)
	7820276  -  ResidentSetSize of job (KB)
...
006 (2017471.000.000) 2025-01-30 06:57:06 Image size of job updated: 13342968
	9425  -  MemoryUsage of job (MB)
	9650980  -  ResidentSetSize of job (KB)
...
006 (2017471.000.000) 2025-01-30 07:02:06 Image size of job updated: 15224040
	11263  -  MemoryUsage of job (MB)
	11532336  -  ResidentSetSize of job (KB)
...
006 (2017471.000.000) 2025-01-30 07:07:07 Image size of job updated: 16756576
	12836  -  MemoryUsage of job (MB)
	13143780  -  ResidentSetSize of job (KB)
...
006 (2017471.000.000) 2025-01-30 07:12:07 Image size of job updated: 18433528
	14695  -  MemoryUsage of job (MB)
	15046968  -  ResidentSetSize of job (KB)
...
006 (2017471.000.000) 2025-01-30 07:17:07 Image size of job updated: 20476400
	16433  -  MemoryUsage of job (MB)
	16826800  -  ResidentSetSize of job (KB)
...
006 (2017471.000.000) 2025-01-30 07:22:08 Image size of job updated: 21924104
	18160  -  MemoryUsage of job (MB)
	18595572  -  ResidentSetSize of job (KB)
...
006 (2017471.000.000) 2025-01-30 07:27:08 Image size of job updated: 23969172
	19758  -  MemoryUsage of job (MB)
	20231608  -  ResidentSetSize of job (KB)
...
006 (2017471.000.000) 2025-01-30 07:32:08 Image size of job updated: 25437492
	21310  -  MemoryUsage of job (MB)
	21820812  -  ResidentSetSize of job (KB)
...
006 (2017471.000.000) 2025-01-30 07:37:09 Image size of job updated: 27732660
	23192  -  MemoryUsage of job (MB)
	23748392  -  ResidentSetSize of job (KB)
...
006 (2017471.000.000) 2025-01-30 07:42:10 Image size of job updated: 29558780
	24979  -  MemoryUsage of job (MB)
	25577860  -  ResidentSetSize of job (KB)
...
006 (2017471.000.000) 2025-01-30 07:47:10 Image size of job updated: 30837860
	26584  -  MemoryUsage of job (MB)
	27221736  -  ResidentSetSize of job (KB)
...
006 (2017471.000.000) 2025-01-30 07:52:11 Image size of job updated: 32418732
	28368  -  MemoryUsage of job (MB)
	29048268  -  ResidentSetSize of job (KB)
...
006 (2017471.000.000) 2025-01-30 07:57:12 Image size of job updated: 34407748
	30223  -  MemoryUsage of job (MB)
	30948176  -  ResidentSetSize of job (KB)
...
006 (2017471.000.000) 2025-01-30 08:02:12 Image size of job updated: 36176448
	32136  -  MemoryUsage of job (MB)
	32906244  -  ResidentSetSize of job (KB)
...
006 (2017471.000.000) 2025-01-30 08:07:14 Image size of job updated: 38190612
	33977  -  MemoryUsage of job (MB)
	34791980  -  ResidentSetSize of job (KB)
...
006 (2017471.000.000) 2025-01-30 08:12:14 Image size of job updated: 40048120
	35794  -  MemoryUsage of job (MB)
	36652500  -  ResidentSetSize of job (KB)
...
006 (2017471.000.000) 2025-01-30 08:17:14 Image size of job updated: 42230224
	37802  -  MemoryUsage of job (MB)
	38708296  -  ResidentSetSize of job (KB)
...
006 (2017471.000.000) 2025-01-30 08:22:15 Image size of job updated: 44163848
	39812  -  MemoryUsage of job (MB)
	40766552  -  ResidentSetSize of job (KB)
...
006 (2017471.000.000) 2025-01-30 08:27:16 Image size of job updated: 46175960
	41879  -  MemoryUsage of job (MB)
	42883152  -  ResidentSetSize of job (KB)
...
006 (2017471.000.000) 2025-01-30 08:32:16 Image size of job updated: 48334524
	43605  -  MemoryUsage of job (MB)
	44650960  -  ResidentSetSize of job (KB)
...
006 (2017471.000.000) 2025-01-30 08:37:16 Image size of job updated: 49717328
	45236  -  MemoryUsage of job (MB)
	46321412  -  ResidentSetSize of job (KB)
...
006 (2017471.000.000) 2025-01-30 08:42:17 Image size of job updated: 52057312
	47277  -  MemoryUsage of job (MB)
	48411596  -  ResidentSetSize of job (KB)
...
006 (2017471.000.000) 2025-01-30 08:47:17 Image size of job updated: 54063320
	48928  -  MemoryUsage of job (MB)
	50101560  -  ResidentSetSize of job (KB)
...
006 (2017471.000.000) 2025-01-30 08:52:17 Image size of job updated: 55762636
	50564  -  MemoryUsage of job (MB)
	51776900  -  ResidentSetSize of job (KB)
...
006 (2017471.000.000) 2025-01-30 08:57:18 Image size of job updated: 56888904
	52249  -  MemoryUsage of job (MB)
	53502964  -  ResidentSetSize of job (KB)
...
006 (2017471.000.000) 2025-01-30 09:02:18 Image size of job updated: 58869700
	54034  -  MemoryUsage of job (MB)
	55330428  -  ResidentSetSize of job (KB)
...
006 (2017471.000.000) 2025-01-30 09:07:18 Image size of job updated: 60290204
	55489  -  MemoryUsage of job (MB)
	56820124  -  ResidentSetSize of job (KB)
...
006 (2017471.000.000) 2025-01-30 09:12:19 Image size of job updated: 61993512
	56874  -  MemoryUsage of job (MB)
	58238604  -  ResidentSetSize of job (KB)
...
006 (2017471.000.000) 2025-01-30 09:17:20 Image size of job updated: 63314584
	58344  -  MemoryUsage of job (MB)
	59744024  -  ResidentSetSize of job (KB)
...
006 (2017471.000.000) 2025-01-30 09:22:20 Image size of job updated: 64317620
	59340  -  MemoryUsage of job (MB)
	60763228  -  ResidentSetSize of job (KB)
...
006 (2017471.000.000) 2025-01-30 09:27:21 Image size of job updated: 65506164
	60633  -  MemoryUsage of job (MB)
	62087708  -  ResidentSetSize of job (KB)
...
006 (2017471.000.000) 2025-01-30 09:32:22 Image size of job updated: 66835252
	61954  -  MemoryUsage of job (MB)
	63440488  -  ResidentSetSize of job (KB)
...
006 (2017471.000.000) 2025-01-30 09:37:22 Image size of job updated: 68290784
	63350  -  MemoryUsage of job (MB)
	64869696  -  ResidentSetSize of job (KB)
...
006 (2017471.000.000) 2025-01-30 09:40:16 Image size of job updated: 69133512
	63350  -  MemoryUsage of job (MB)
	64869696  -  ResidentSetSize of job (KB)
...
005 (2017471.000.000) 2025-01-30 09:40:16 Job terminated.
	(1) Normal termination (return value 0)
		Usr 0 02:52:50, Sys 0 00:27:50  -  Run Remote Usage
		Usr 0 00:00:00, Sys 0 00:00:00  -  Run Local Usage
		Usr 0 02:52:50, Sys 0 00:27:50  -  Total Remote Usage
		Usr 0 00:00:00, Sys 0 00:00:00  -  Total Local Usage
	0  -  Run Bytes Sent By Job
	0  -  Run Bytes Received By Job
	0  -  Total Bytes Sent By Job
	0  -  Total Bytes Received By Job
	Partitionable Resources :    Usage  Request Allocated 
	   Cpus                 :     0.74        1         1 
	   Disk (KB)            :     2           2   6681620 
	   Memory (MB)          : 63350      128192    128256 
	   xferslots            :                           0 

	Job terminated of its own accord at 2025-01-30T14:40:16Z with exit-code 0.
...
000 (2018917.000.000) 2025-02-02 20:32:33 Job submitted from host: <130.199.48.81:9618?addrs=130.199.48.81-9618&alias=rcas2062.rcf.bnl.gov&noUDP&sock=schedd_48563_ad09>
...
001 (2018917.000.000) 2025-02-02 20:39:51 Job executing on host: <130.199.207.221:9618?addrs=130.199.207.221-9618&alias=spool1508.sdcc.bnl.gov&noUDP&sock=startd_22296_8084>
...
006 (2018917.000.000) 2025-02-02 20:39:59 Image size of job updated: 161900
	74  -  MemoryUsage of job (MB)
	75264  -  ResidentSetSize of job (KB)
...
006 (2018917.000.000) 2025-02-02 20:42:49 Image size of job updated: 4000904
	74  -  MemoryUsage of job (MB)
	75264  -  ResidentSetSize of job (KB)
...
005 (2018917.000.000) 2025-02-02 20:42:49 Job terminated.
	(1) Normal termination (return value 0)
		Usr 0 00:02:23, Sys 0 00:00:06  -  Run Remote Usage
		Usr 0 00:00:00, Sys 0 00:00:00  -  Run Local Usage
		Usr 0 00:02:23, Sys 0 00:00:06  -  Total Remote Usage
		Usr 0 00:00:00, Sys 0 00:00:00  -  Total Local Usage
	0  -  Run Bytes Sent By Job
	0  -  Run Bytes Received By Job
	0  -  Total Bytes Sent By Job
	0  -  Total Bytes Received By Job
	Partitionable Resources :    Usage  Request Allocated 
	   Cpus                 :                 1         1 
	   Disk (KB)            :        2        2   6681177 
	   Memory (MB)          :       74   128192    128256 
	   xferslots            :                           0 

	Job terminated of its own accord at 2025-02-03T01:42:49Z with exit-code 0.
...
000 (2019301.000.000) 2025-02-02 20:57:02 Job submitted from host: <130.199.48.81:9618?addrs=130.199.48.81-9618&alias=rcas2062.rcf.bnl.gov&noUDP&sock=schedd_48563_ad09>
...
001 (2019301.000.000) 2025-02-02 21:01:53 Job executing on host: <130.199.150.80:9618?addrs=130.199.150.80-9618&alias=spool1561.sdcc.bnl.gov&noUDP&sock=startd_23998_29dd>
...
006 (2019301.000.000) 2025-02-02 21:02:01 Image size of job updated: 151216
	82  -  MemoryUsage of job (MB)
	83648  -  ResidentSetSize of job (KB)
...
006 (2019301.000.000) 2025-02-02 21:04:26 Image size of job updated: 4000900
	82  -  MemoryUsage of job (MB)
	83648  -  ResidentSetSize of job (KB)
...
005 (2019301.000.000) 2025-02-02 21:04:26 Job terminated.
	(1) Normal termination (return value 0)
		Usr 0 00:02:11, Sys 0 00:00:05  -  Run Remote Usage
		Usr 0 00:00:00, Sys 0 00:00:00  -  Run Local Usage
		Usr 0 00:02:11, Sys 0 00:00:05  -  Total Remote Usage
		Usr 0 00:00:00, Sys 0 00:00:00  -  Total Local Usage
	0  -  Run Bytes Sent By Job
	0  -  Run Bytes Received By Job
	0  -  Total Bytes Sent By Job
	0  -  Total Bytes Received By Job
	Partitionable Resources :    Usage  Request Allocated 
	   Cpus                 :                 1         1 
	   Disk (KB)            :        2        2   6681245 
	   Memory (MB)          :       82   128192    128256 
	   xferslots            :                           0 

	Job terminated of its own accord at 2025-02-03T02:04:26Z with exit-code 0.
...
000 (2019685.000.000) 2025-02-02 22:34:42 Job submitted from host: <130.199.48.81:9618?addrs=130.199.48.81-9618&alias=rcas2062.rcf.bnl.gov&noUDP&sock=schedd_48563_ad09>
...
001 (2019685.000.000) 2025-02-02 22:44:46 Job executing on host: <130.199.150.94:9618?addrs=130.199.150.94-9618&alias=spool1575.sdcc.bnl.gov&noUDP&sock=startd_12389_0fc4>
...
006 (2019685.000.000) 2025-02-02 22:44:54 Image size of job updated: 16968
	8  -  MemoryUsage of job (MB)
	7176  -  ResidentSetSize of job (KB)
...
006 (2019685.000.000) 2025-02-02 22:47:55 Image size of job updated: 4000896
	8  -  MemoryUsage of job (MB)
	7176  -  ResidentSetSize of job (KB)
...
005 (2019685.000.000) 2025-02-02 22:47:55 Job terminated.
	(1) Normal termination (return value 0)
		Usr 0 00:02:24, Sys 0 00:00:05  -  Run Remote Usage
		Usr 0 00:00:00, Sys 0 00:00:00  -  Run Local Usage
		Usr 0 00:02:24, Sys 0 00:00:05  -  Total Remote Usage
		Usr 0 00:00:00, Sys 0 00:00:00  -  Total Local Usage
	0  -  Run Bytes Sent By Job
	0  -  Run Bytes Received By Job
	0  -  Total Bytes Sent By Job
	0  -  Total Bytes Received By Job
	Partitionable Resources :    Usage  Request Allocated 
	   Cpus                 :     0.94        1         1 
	   Disk (KB)            :     2           2   6681229 
	   Memory (MB)          :     8      128192    128256 
	   xferslots            :                           0 

	Job terminated of its own accord at 2025-02-03T03:47:55Z with exit-code 0.
...
