000 (2017082.000.000) 2025-01-28 23:08:07 Job submitted from host: <130.199.48.81:9618?addrs=130.199.48.81-9618&alias=rcas2062.rcf.bnl.gov&noUDP&sock=schedd_48563_ad09>
...
001 (2017082.000.000) 2025-01-29 01:33:08 Job executing on host: <130.199.186.8:9618?addrs=130.199.186.8-9618&alias=spool1805.sdcc.bnl.gov&noUDP&sock=startd_47947_b83e>
...
006 (2017082.000.000) 2025-01-29 01:33:16 Image size of job updated: 147436
	76  -  MemoryUsage of job (MB)
	77484  -  ResidentSetSize of job (KB)
...
006 (2017082.000.000) 2025-01-29 01:33:28 Image size of job updated: 589924
	76  -  MemoryUsage of job (MB)
	77484  -  ResidentSetSize of job (KB)
...
005 (2017082.000.000) 2025-01-29 01:33:28 Job terminated.
	(1) Normal termination (return value 0)
		Usr 0 00:00:04, Sys 0 00:00:01  -  Run Remote Usage
		Usr 0 00:00:00, Sys 0 00:00:00  -  Run Local Usage
		Usr 0 00:00:04, Sys 0 00:00:01  -  Total Remote Usage
		Usr 0 00:00:00, Sys 0 00:00:00  -  Total Local Usage
	0  -  Run Bytes Sent By Job
	0  -  Run Bytes Received By Job
	0  -  Total Bytes Sent By Job
	0  -  Total Bytes Received By Job
	Partitionable Resources :    Usage  Request Allocated 
	   Cpus                 :                 1         1 
	   Disk (KB)            :        2        2   6681622 
	   Memory (MB)          :       76   128192    128256 
	   xferslots            :                           0 

	Job terminated of its own accord at 2025-01-29T06:33:28Z with exit-code 0.
...
000 (2017466.000.000) 2025-01-30 00:28:21 Job submitted from host: <130.199.48.81:9618?addrs=130.199.48.81-9618&alias=rcas2062.rcf.bnl.gov&noUDP&sock=schedd_48563_ad09>
...
001 (2017466.000.000) 2025-01-30 06:23:16 Job executing on host: <130.199.150.69:9618?addrs=130.199.150.69-9618&alias=spool1550.sdcc.bnl.gov&noUDP&sock=startd_69413_700d>
...
006 (2017466.000.000) 2025-01-30 06:23:24 Image size of job updated: 114424
	62  -  MemoryUsage of job (MB)
	62936  -  ResidentSetSize of job (KB)
...
006 (2017466.000.000) 2025-01-30 06:28:24 Image size of job updated: 5826200
	1821  -  MemoryUsage of job (MB)
	1864460  -  ResidentSetSize of job (KB)
...
006 (2017466.000.000) 2025-01-30 06:33:25 Image size of job updated: 7899020
	3999  -  MemoryUsage of job (MB)
	4094304  -  ResidentSetSize of job (KB)
...
006 (2017466.000.000) 2025-01-30 06:38:25 Image size of job updated: 9993416
	6025  -  MemoryUsage of job (MB)
	6169404  -  ResidentSetSize of job (KB)
...
006 (2017466.000.000) 2025-01-30 06:43:25 Image size of job updated: 11652808
	8021  -  MemoryUsage of job (MB)
	8213172  -  ResidentSetSize of job (KB)
...
006 (2017466.000.000) 2025-01-30 06:48:26 Image size of job updated: 13926040
	10264  -  MemoryUsage of job (MB)
	10510204  -  ResidentSetSize of job (KB)
...
006 (2017466.000.000) 2025-01-30 06:53:26 Image size of job updated: 16425452
	12502  -  MemoryUsage of job (MB)
	12801584  -  ResidentSetSize of job (KB)
...
006 (2017466.000.000) 2025-01-30 06:58:26 Image size of job updated: 18415284
	14731  -  MemoryUsage of job (MB)
	15083900  -  ResidentSetSize of job (KB)
...
006 (2017466.000.000) 2025-01-30 07:03:27 Image size of job updated: 20611552
	16794  -  MemoryUsage of job (MB)
	17197052  -  ResidentSetSize of job (KB)
...
006 (2017466.000.000) 2025-01-30 07:08:27 Image size of job updated: 22556264
	18628  -  MemoryUsage of job (MB)
	19074784  -  ResidentSetSize of job (KB)
...
006 (2017466.000.000) 2025-01-30 07:13:27 Image size of job updated: 24187084
	20011  -  MemoryUsage of job (MB)
	20490436  -  ResidentSetSize of job (KB)
...
006 (2017466.000.000) 2025-01-30 07:18:28 Image size of job updated: 25504800
	21059  -  MemoryUsage of job (MB)
	21563460  -  ResidentSetSize of job (KB)
...
006 (2017466.000.000) 2025-01-30 07:23:29 Image size of job updated: 26680416
	22173  -  MemoryUsage of job (MB)
	22705104  -  ResidentSetSize of job (KB)
...
006 (2017466.000.000) 2025-01-30 07:28:29 Image size of job updated: 27724016
	23235  -  MemoryUsage of job (MB)
	23792048  -  ResidentSetSize of job (KB)
...
006 (2017466.000.000) 2025-01-30 07:33:30 Image size of job updated: 28599348
	24466  -  MemoryUsage of job (MB)
	25052268  -  ResidentSetSize of job (KB)
...
006 (2017466.000.000) 2025-01-30 07:38:31 Image size of job updated: 30392068
	25638  -  MemoryUsage of job (MB)
	26253224  -  ResidentSetSize of job (KB)
...
006 (2017466.000.000) 2025-01-30 07:43:31 Image size of job updated: 31149444
	26857  -  MemoryUsage of job (MB)
	27501028  -  ResidentSetSize of job (KB)
...
006 (2017466.000.000) 2025-01-30 07:48:32 Image size of job updated: 32681028
	27966  -  MemoryUsage of job (MB)
	28636276  -  ResidentSetSize of job (KB)
...
006 (2017466.000.000) 2025-01-30 07:53:33 Image size of job updated: 33767744
	29564  -  MemoryUsage of job (MB)
	30272568  -  ResidentSetSize of job (KB)
...
006 (2017466.000.000) 2025-01-30 07:58:33 Image size of job updated: 34970124
	30764  -  MemoryUsage of job (MB)
	31501776  -  ResidentSetSize of job (KB)
...
006 (2017466.000.000) 2025-01-30 08:03:34 Image size of job updated: 36572644
	32098  -  MemoryUsage of job (MB)
	32867620  -  ResidentSetSize of job (KB)
...
006 (2017466.000.000) 2025-01-30 08:08:35 Image size of job updated: 37977544
	33472  -  MemoryUsage of job (MB)
	34274888  -  ResidentSetSize of job (KB)
...
006 (2017466.000.000) 2025-01-30 08:13:35 Image size of job updated: 39130800
	34561  -  MemoryUsage of job (MB)
	35390192  -  ResidentSetSize of job (KB)
...
006 (2017466.000.000) 2025-01-30 08:18:35 Image size of job updated: 40205596
	35664  -  MemoryUsage of job (MB)
	36519232  -  ResidentSetSize of job (KB)
...
006 (2017466.000.000) 2025-01-30 08:23:36 Image size of job updated: 41547252
	36953  -  MemoryUsage of job (MB)
	37838940  -  ResidentSetSize of job (KB)
...
006 (2017466.000.000) 2025-01-30 08:28:36 Image size of job updated: 42379380
	37898  -  MemoryUsage of job (MB)
	38807464  -  ResidentSetSize of job (KB)
...
006 (2017466.000.000) 2025-01-30 08:33:36 Image size of job updated: 43974392
	39102  -  MemoryUsage of job (MB)
	40039576  -  ResidentSetSize of job (KB)
...
006 (2017466.000.000) 2025-01-30 08:38:37 Image size of job updated: 45172412
	40184  -  MemoryUsage of job (MB)
	41147460  -  ResidentSetSize of job (KB)
...
006 (2017466.000.000) 2025-01-30 08:43:38 Image size of job updated: 46096576
	41260  -  MemoryUsage of job (MB)
	42249472  -  ResidentSetSize of job (KB)
...
006 (2017466.000.000) 2025-01-30 08:48:38 Image size of job updated: 46742740
	42217  -  MemoryUsage of job (MB)
	43230008  -  ResidentSetSize of job (KB)
...
006 (2017466.000.000) 2025-01-30 08:53:39 Image size of job updated: 47834528
	42910  -  MemoryUsage of job (MB)
	43939408  -  ResidentSetSize of job (KB)
...
006 (2017466.000.000) 2025-01-30 08:58:40 Image size of job updated: 48987484
	43862  -  MemoryUsage of job (MB)
	44913996  -  ResidentSetSize of job (KB)
...
006 (2017466.000.000) 2025-01-30 09:03:40 Image size of job updated: 49767132
	44839  -  MemoryUsage of job (MB)
	45914652  -  ResidentSetSize of job (KB)
...
006 (2017466.000.000) 2025-01-30 09:08:40 Image size of job updated: 51143792
	46109  -  MemoryUsage of job (MB)
	47215284  -  ResidentSetSize of job (KB)
...
006 (2017466.000.000) 2025-01-30 09:13:41 Image size of job updated: 52273252
	46948  -  MemoryUsage of job (MB)
	48074552  -  ResidentSetSize of job (KB)
...
006 (2017466.000.000) 2025-01-30 09:18:41 Image size of job updated: 53002476
	47682  -  MemoryUsage of job (MB)
	48825612  -  ResidentSetSize of job (KB)
...
006 (2017466.000.000) 2025-01-30 09:23:41 Image size of job updated: 54049572
	48590  -  MemoryUsage of job (MB)
	49755260  -  ResidentSetSize of job (KB)
...
006 (2017466.000.000) 2025-01-30 09:28:43 Image size of job updated: 54801976
	49370  -  MemoryUsage of job (MB)
	50554632  -  ResidentSetSize of job (KB)
...
006 (2017466.000.000) 2025-01-30 09:33:43 Image size of job updated: 56255720
	50577  -  MemoryUsage of job (MB)
	51790576  -  ResidentSetSize of job (KB)
...
006 (2017466.000.000) 2025-01-30 09:38:43 Image size of job updated: 58050720
	51567  -  MemoryUsage of job (MB)
	52803868  -  ResidentSetSize of job (KB)
...
006 (2017466.000.000) 2025-01-30 09:43:44 Image size of job updated: 59271224
	52594  -  MemoryUsage of job (MB)
	53855360  -  ResidentSetSize of job (KB)
...
006 (2017466.000.000) 2025-01-30 09:48:44 Image size of job updated: 60197656
	53620  -  MemoryUsage of job (MB)
	54906112  -  ResidentSetSize of job (KB)
...
006 (2017466.000.000) 2025-01-30 09:53:44 Image size of job updated: 61263452
	54409  -  MemoryUsage of job (MB)
	55714060  -  ResidentSetSize of job (KB)
...
006 (2017466.000.000) 2025-01-30 09:58:45 Image size of job updated: 62280228
	55492  -  MemoryUsage of job (MB)
	56823500  -  ResidentSetSize of job (KB)
...
006 (2017466.000.000) 2025-01-30 10:09:54 Image size of job updated: 63352952
	55492  -  MemoryUsage of job (MB)
	56823500  -  ResidentSetSize of job (KB)
...
005 (2017466.000.000) 2025-01-30 10:09:56 Job terminated.
	(1) Normal termination (return value 0)
		Usr 0 02:29:50, Sys 0 00:23:39  -  Run Remote Usage
		Usr 0 00:00:00, Sys 0 00:00:00  -  Run Local Usage
		Usr 0 02:29:50, Sys 0 00:23:39  -  Total Remote Usage
		Usr 0 00:00:00, Sys 0 00:00:00  -  Total Local Usage
	0  -  Run Bytes Sent By Job
	0  -  Run Bytes Received By Job
	0  -  Total Bytes Sent By Job
	0  -  Total Bytes Received By Job
	Partitionable Resources :    Usage  Request Allocated 
	   Cpus                 :     0.87        1         1 
	   Disk (KB)            :     2           2   6681237 
	   Memory (MB)          : 55492      128192    128256 
	   xferslots            :                           0 

	Job terminated of its own accord at 2025-01-30T15:09:55Z with exit-code 0.
...
000 (2018912.000.000) 2025-02-02 20:32:32 Job submitted from host: <130.199.48.81:9618?addrs=130.199.48.81-9618&alias=rcas2062.rcf.bnl.gov&noUDP&sock=schedd_48563_ad09>
...
001 (2018912.000.000) 2025-02-02 20:39:45 Job executing on host: <130.199.150.89:9618?addrs=130.199.150.89-9618&alias=spool1570.sdcc.bnl.gov&noUDP&sock=startd_37304_5835>
...
006 (2018912.000.000) 2025-02-02 20:39:53 Image size of job updated: 333596
	74  -  MemoryUsage of job (MB)
	75120  -  ResidentSetSize of job (KB)
...
006 (2018912.000.000) 2025-02-02 20:42:37 Image size of job updated: 4001244
	74  -  MemoryUsage of job (MB)
	75120  -  ResidentSetSize of job (KB)
...
005 (2018912.000.000) 2025-02-02 20:42:37 Job terminated.
	(1) Normal termination (return value 0)
		Usr 0 00:02:18, Sys 0 00:00:06  -  Run Remote Usage
		Usr 0 00:00:00, Sys 0 00:00:00  -  Run Local Usage
		Usr 0 00:02:18, Sys 0 00:00:06  -  Total Remote Usage
		Usr 0 00:00:00, Sys 0 00:00:00  -  Total Local Usage
	0  -  Run Bytes Sent By Job
	0  -  Run Bytes Received By Job
	0  -  Total Bytes Sent By Job
	0  -  Total Bytes Received By Job
	Partitionable Resources :    Usage  Request Allocated 
	   Cpus                 :     0.96        1         1 
	   Disk (KB)            :     2           2   6681236 
	   Memory (MB)          :    74      128192    128256 
	   xferslots            :                           0 

	Job terminated of its own accord at 2025-02-03T01:42:37Z with exit-code 0.
...
000 (2019296.000.000) 2025-02-02 20:57:01 Job submitted from host: <130.199.48.81:9618?addrs=130.199.48.81-9618&alias=rcas2062.rcf.bnl.gov&noUDP&sock=schedd_48563_ad09>
...
001 (2019296.000.000) 2025-02-02 21:01:50 Job executing on host: <130.199.186.89:9618?addrs=130.199.186.89-9618&alias=spool1852.sdcc.bnl.gov&noUDP&sock=startd_24364_ff77>
...
006 (2019296.000.000) 2025-02-02 21:01:58 Image size of job updated: 390364
	106  -  MemoryUsage of job (MB)
	108080  -  ResidentSetSize of job (KB)
...
006 (2019296.000.000) 2025-02-02 21:04:04 Image size of job updated: 4001240
	106  -  MemoryUsage of job (MB)
	108164  -  ResidentSetSize of job (KB)
...
005 (2019296.000.000) 2025-02-02 21:04:05 Job terminated.
	(1) Normal termination (return value 0)
		Usr 0 00:02:01, Sys 0 00:00:05  -  Run Remote Usage
		Usr 0 00:00:00, Sys 0 00:00:00  -  Run Local Usage
		Usr 0 00:02:01, Sys 0 00:00:05  -  Total Remote Usage
		Usr 0 00:00:00, Sys 0 00:00:00  -  Total Local Usage
	0  -  Run Bytes Sent By Job
	0  -  Run Bytes Received By Job
	0  -  Total Bytes Sent By Job
	0  -  Total Bytes Received By Job
	Partitionable Resources :    Usage  Request Allocated 
	   Cpus                 :                 1         1 
	   Disk (KB)            :        2        2   6681633 
	   Memory (MB)          :      106   128192    128256 
	   xferslots            :                           0 

	Job terminated of its own accord at 2025-02-03T02:04:04Z with exit-code 0.
...
000 (2019680.000.000) 2025-02-02 22:34:42 Job submitted from host: <130.199.48.81:9618?addrs=130.199.48.81-9618&alias=rcas2062.rcf.bnl.gov&noUDP&sock=schedd_48563_ad09>
...
001 (2019680.000.000) 2025-02-02 22:44:39 Job executing on host: <130.199.150.77:9618?addrs=130.199.150.77-9618&alias=spool1558.sdcc.bnl.gov&noUDP&sock=startd_18961_0441>
...
006 (2019680.000.000) 2025-02-02 22:44:47 Image size of job updated: 62076
	36  -  MemoryUsage of job (MB)
	36716  -  ResidentSetSize of job (KB)
...
006 (2019680.000.000) 2025-02-02 22:47:47 Image size of job updated: 4001240
	36  -  MemoryUsage of job (MB)
	36716  -  ResidentSetSize of job (KB)
...
005 (2019680.000.000) 2025-02-02 22:47:47 Job terminated.
	(1) Normal termination (return value 0)
		Usr 0 00:02:29, Sys 0 00:00:05  -  Run Remote Usage
		Usr 0 00:00:00, Sys 0 00:00:00  -  Run Local Usage
		Usr 0 00:02:29, Sys 0 00:00:05  -  Total Remote Usage
		Usr 0 00:00:00, Sys 0 00:00:00  -  Total Local Usage
	0  -  Run Bytes Sent By Job
	0  -  Run Bytes Received By Job
	0  -  Total Bytes Sent By Job
	0  -  Total Bytes Received By Job
	Partitionable Resources :    Usage  Request Allocated 
	   Cpus                 :     0.96        1         1 
	   Disk (KB)            :     2           2   6681238 
	   Memory (MB)          :    36      128192    128256 
	   xferslots            :                           0 

	Job terminated of its own accord at 2025-02-03T03:47:47Z with exit-code 0.
...
