000 (2016995.000.000) 2025-01-28 23:08:00 Job submitted from host: <130.199.48.81:9618?addrs=130.199.48.81-9618&alias=rcas2062.rcf.bnl.gov&noUDP&sock=schedd_48563_ad09>
...
001 (2016995.000.000) 2025-01-29 01:19:37 Job executing on host: <130.199.186.8:9618?addrs=130.199.186.8-9618&alias=spool1805.sdcc.bnl.gov&noUDP&sock=startd_47947_b83e>
...
006 (2016995.000.000) 2025-01-29 01:19:43 Image size of job updated: 180872
	0  -  MemoryUsage of job (MB)
	0  -  ResidentSetSize of job (KB)
...
005 (2016995.000.000) 2025-01-29 01:19:43 Job terminated.
	(1) Normal termination (return value 0)
		Usr 0 00:00:04, Sys 0 00:00:02  -  Run Remote Usage
		Usr 0 00:00:00, Sys 0 00:00:00  -  Run Local Usage
		Usr 0 00:00:04, Sys 0 00:00:02  -  Total Remote Usage
		Usr 0 00:00:00, Sys 0 00:00:00  -  Total Local Usage
	0  -  Run Bytes Sent By Job
	0  -  Run Bytes Received By Job
	0  -  Total Bytes Sent By Job
	0  -  Total Bytes Received By Job
	Partitionable Resources :    Usage  Request Allocated 
	   Cpus                 :                 1         1 
	   Disk (KB)            :        2        2   6681622 
	   Memory (MB)          :        0   128192    128256 
	   xferslots            :                           0 

	Job terminated of its own accord at 2025-01-29T06:19:43Z with exit-code 0.
...
000 (2017379.000.000) 2025-01-30 00:28:12 Job submitted from host: <130.199.48.81:9618?addrs=130.199.48.81-9618&alias=rcas2062.rcf.bnl.gov&noUDP&sock=schedd_48563_ad09>
...
001 (2017379.000.000) 2025-01-30 03:49:52 Job executing on host: <130.199.151.2:9618?addrs=130.199.151.2-9618&alias=spool1580.sdcc.bnl.gov&noUDP&sock=startd_93239_10e0>
...
006 (2017379.000.000) 2025-01-30 03:50:00 Image size of job updated: 63492
	37  -  MemoryUsage of job (MB)
	37596  -  ResidentSetSize of job (KB)
...
006 (2017379.000.000) 2025-01-30 03:55:00 Image size of job updated: 4384048
	652  -  MemoryUsage of job (MB)
	667300  -  ResidentSetSize of job (KB)
...
006 (2017379.000.000) 2025-01-30 04:00:01 Image size of job updated: 6087852
	2101  -  MemoryUsage of job (MB)
	2150540  -  ResidentSetSize of job (KB)
...
006 (2017379.000.000) 2025-01-30 04:05:02 Image size of job updated: 7695760
	3747  -  MemoryUsage of job (MB)
	3836804  -  ResidentSetSize of job (KB)
...
006 (2017379.000.000) 2025-01-30 04:10:02 Image size of job updated: 8880364
	5314  -  MemoryUsage of job (MB)
	5441064  -  ResidentSetSize of job (KB)
...
006 (2017379.000.000) 2025-01-30 04:15:03 Image size of job updated: 10212948
	6454  -  MemoryUsage of job (MB)
	6608384  -  ResidentSetSize of job (KB)
...
006 (2017379.000.000) 2025-01-30 04:20:04 Image size of job updated: 11674468
	7691  -  MemoryUsage of job (MB)
	7875004  -  ResidentSetSize of job (KB)
...
006 (2017379.000.000) 2025-01-30 04:25:04 Image size of job updated: 13365044
	9169  -  MemoryUsage of job (MB)
	9388208  -  ResidentSetSize of job (KB)
...
006 (2017379.000.000) 2025-01-30 04:30:04 Image size of job updated: 14539916
	10689  -  MemoryUsage of job (MB)
	10945456  -  ResidentSetSize of job (KB)
...
006 (2017379.000.000) 2025-01-30 04:35:05 Image size of job updated: 16332392
	12117  -  MemoryUsage of job (MB)
	12407200  -  ResidentSetSize of job (KB)
...
006 (2017379.000.000) 2025-01-30 04:40:05 Image size of job updated: 17499100
	13435  -  MemoryUsage of job (MB)
	13756608  -  ResidentSetSize of job (KB)
...
006 (2017379.000.000) 2025-01-30 04:45:05 Image size of job updated: 18822900
	14965  -  MemoryUsage of job (MB)
	15323572  -  ResidentSetSize of job (KB)
...
006 (2017379.000.000) 2025-01-30 04:50:06 Image size of job updated: 20275280
	16473  -  MemoryUsage of job (MB)
	16868272  -  ResidentSetSize of job (KB)
...
006 (2017379.000.000) 2025-01-30 04:55:07 Image size of job updated: 21525124
	17640  -  MemoryUsage of job (MB)
	18062752  -  ResidentSetSize of job (KB)
...
006 (2017379.000.000) 2025-01-30 05:00:07 Image size of job updated: 22829212
	18692  -  MemoryUsage of job (MB)
	19140236  -  ResidentSetSize of job (KB)
...
006 (2017379.000.000) 2025-01-30 05:05:08 Image size of job updated: 24078384
	20102  -  MemoryUsage of job (MB)
	20583868  -  ResidentSetSize of job (KB)
...
006 (2017379.000.000) 2025-01-30 05:10:09 Image size of job updated: 25885492
	21465  -  MemoryUsage of job (MB)
	21980024  -  ResidentSetSize of job (KB)
...
006 (2017379.000.000) 2025-01-30 05:15:09 Image size of job updated: 27307460
	22986  -  MemoryUsage of job (MB)
	23537172  -  ResidentSetSize of job (KB)
...
006 (2017379.000.000) 2025-01-30 05:20:10 Image size of job updated: 29116896
	24556  -  MemoryUsage of job (MB)
	25144640  -  ResidentSetSize of job (KB)
...
006 (2017379.000.000) 2025-01-30 05:25:11 Image size of job updated: 30130024
	25767  -  MemoryUsage of job (MB)
	26384788  -  ResidentSetSize of job (KB)
...
006 (2017379.000.000) 2025-01-30 05:30:11 Image size of job updated: 31497088
	27329  -  MemoryUsage of job (MB)
	27984540  -  ResidentSetSize of job (KB)
...
006 (2017379.000.000) 2025-01-30 05:35:11 Image size of job updated: 33165064
	28825  -  MemoryUsage of job (MB)
	29516532  -  ResidentSetSize of job (KB)
...
006 (2017379.000.000) 2025-01-30 05:40:12 Image size of job updated: 35153736
	30206  -  MemoryUsage of job (MB)
	30930896  -  ResidentSetSize of job (KB)
...
006 (2017379.000.000) 2025-01-30 05:45:12 Image size of job updated: 36346352
	31983  -  MemoryUsage of job (MB)
	32749936  -  ResidentSetSize of job (KB)
...
006 (2017379.000.000) 2025-01-30 05:50:12 Image size of job updated: 38182768
	33613  -  MemoryUsage of job (MB)
	34419216  -  ResidentSetSize of job (KB)
...
006 (2017379.000.000) 2025-01-30 05:55:13 Image size of job updated: 40084332
	35301  -  MemoryUsage of job (MB)
	36147260  -  ResidentSetSize of job (KB)
...
006 (2017379.000.000) 2025-01-30 06:00:13 Image size of job updated: 41143852
	36836  -  MemoryUsage of job (MB)
	37719944  -  ResidentSetSize of job (KB)
...
006 (2017379.000.000) 2025-01-30 06:05:14 Image size of job updated: 42889528
	38414  -  MemoryUsage of job (MB)
	39335656  -  ResidentSetSize of job (KB)
...
006 (2017379.000.000) 2025-01-30 06:10:15 Image size of job updated: 44600584
	40294  -  MemoryUsage of job (MB)
	41260992  -  ResidentSetSize of job (KB)
...
006 (2017379.000.000) 2025-01-30 06:15:15 Image size of job updated: 46831760
	42080  -  MemoryUsage of job (MB)
	43089252  -  ResidentSetSize of job (KB)
...
006 (2017379.000.000) 2025-01-30 06:20:16 Image size of job updated: 48367320
	43795  -  MemoryUsage of job (MB)
	44845340  -  ResidentSetSize of job (KB)
...
006 (2017379.000.000) 2025-01-30 06:25:17 Image size of job updated: 50732336
	46075  -  MemoryUsage of job (MB)
	47180692  -  ResidentSetSize of job (KB)
...
006 (2017379.000.000) 2025-01-30 06:30:17 Image size of job updated: 53115552
	48123  -  MemoryUsage of job (MB)
	49277904  -  ResidentSetSize of job (KB)
...
006 (2017379.000.000) 2025-01-30 06:35:18 Image size of job updated: 54716440
	49667  -  MemoryUsage of job (MB)
	50858128  -  ResidentSetSize of job (KB)
...
006 (2017379.000.000) 2025-01-30 06:40:19 Image size of job updated: 56177044
	51250  -  MemoryUsage of job (MB)
	52479852  -  ResidentSetSize of job (KB)
...
006 (2017379.000.000) 2025-01-30 06:45:19 Image size of job updated: 58430944
	52971  -  MemoryUsage of job (MB)
	54241360  -  ResidentSetSize of job (KB)
...
006 (2017379.000.000) 2025-01-30 06:50:20 Image size of job updated: 59244640
	54413  -  MemoryUsage of job (MB)
	55718060  -  ResidentSetSize of job (KB)
...
006 (2017379.000.000) 2025-01-30 06:55:21 Image size of job updated: 60936868
	55883  -  MemoryUsage of job (MB)
	57223964  -  ResidentSetSize of job (KB)
...
006 (2017379.000.000) 2025-01-30 07:00:21 Image size of job updated: 62450076
	57468  -  MemoryUsage of job (MB)
	58847040  -  ResidentSetSize of job (KB)
...
006 (2017379.000.000) 2025-01-30 07:05:22 Image size of job updated: 64008672
	59033  -  MemoryUsage of job (MB)
	60449044  -  ResidentSetSize of job (KB)
...
006 (2017379.000.000) 2025-01-30 07:10:23 Image size of job updated: 65947944
	60626  -  MemoryUsage of job (MB)
	62080476  -  ResidentSetSize of job (KB)
...
006 (2017379.000.000) 2025-01-30 07:15:09 Image size of job updated: 66911472
	60626  -  MemoryUsage of job (MB)
	62080516  -  ResidentSetSize of job (KB)
...
005 (2017379.000.000) 2025-01-30 07:15:09 Job terminated.
	(1) Normal termination (return value 0)
		Usr 0 02:42:33, Sys 0 00:24:33  -  Run Remote Usage
		Usr 0 00:00:00, Sys 0 00:00:00  -  Run Local Usage
		Usr 0 02:42:33, Sys 0 00:24:33  -  Total Remote Usage
		Usr 0 00:00:00, Sys 0 00:00:00  -  Total Local Usage
	0  -  Run Bytes Sent By Job
	0  -  Run Bytes Received By Job
	0  -  Total Bytes Sent By Job
	0  -  Total Bytes Received By Job
	Partitionable Resources :    Usage  Request Allocated 
	   Cpus                 :     0.55        1         1 
	   Disk (KB)            :     2           2   6681235 
	   Memory (MB)          : 60626      128192    128256 
	   xferslots            :                           0 

	Job terminated of its own accord at 2025-01-30T12:15:09Z with exit-code 0.
...
000 (2018825.000.000) 2025-02-02 20:32:23 Job submitted from host: <130.199.48.81:9618?addrs=130.199.48.81-9618&alias=rcas2062.rcf.bnl.gov&noUDP&sock=schedd_48563_ad09>
...
001 (2018825.000.000) 2025-02-02 20:37:39 Job executing on host: <130.199.186.72:9618?addrs=130.199.186.72-9618&alias=spool1835.sdcc.bnl.gov&noUDP&sock=startd_55689_f707>
...
006 (2018825.000.000) 2025-02-02 20:37:47 Image size of job updated: 151484
	83  -  MemoryUsage of job (MB)
	84000  -  ResidentSetSize of job (KB)
...
006 (2018825.000.000) 2025-02-02 20:40:19 Image size of job updated: 4001028
	83  -  MemoryUsage of job (MB)
	84008  -  ResidentSetSize of job (KB)
...
005 (2018825.000.000) 2025-02-02 20:40:19 Job terminated.
	(1) Normal termination (return value 0)
		Usr 0 00:02:18, Sys 0 00:00:05  -  Run Remote Usage
		Usr 0 00:00:00, Sys 0 00:00:00  -  Run Local Usage
		Usr 0 00:02:18, Sys 0 00:00:05  -  Total Remote Usage
		Usr 0 00:00:00, Sys 0 00:00:00  -  Total Local Usage
	0  -  Run Bytes Sent By Job
	0  -  Run Bytes Received By Job
	0  -  Total Bytes Sent By Job
	0  -  Total Bytes Received By Job
	Partitionable Resources :    Usage  Request Allocated 
	   Cpus                 :     0.93        1         1 
	   Disk (KB)            :     2           2   6681637 
	   Memory (MB)          :    83      128192    128256 
	   xferslots            :                           0 

	Job terminated of its own accord at 2025-02-03T01:40:19Z with exit-code 0.
...
000 (2019209.000.000) 2025-02-02 20:56:53 Job submitted from host: <130.199.48.81:9618?addrs=130.199.48.81-9618&alias=rcas2062.rcf.bnl.gov&noUDP&sock=schedd_48563_ad09>
...
001 (2019209.000.000) 2025-02-02 21:00:02 Job executing on host: <130.199.186.27:9618?addrs=130.199.186.27-9618&alias=spool1824.sdcc.bnl.gov&noUDP&sock=startd_21686_71d9>
...
006 (2019209.000.000) 2025-02-02 21:00:11 Image size of job updated: 567408
	83  -  MemoryUsage of job (MB)
	84132  -  ResidentSetSize of job (KB)
...
006 (2019209.000.000) 2025-02-02 21:02:37 Image size of job updated: 4001024
	83  -  MemoryUsage of job (MB)
	84132  -  ResidentSetSize of job (KB)
...
005 (2019209.000.000) 2025-02-02 21:02:37 Job terminated.
	(1) Normal termination (return value 0)
		Usr 0 00:02:15, Sys 0 00:00:05  -  Run Remote Usage
		Usr 0 00:00:00, Sys 0 00:00:00  -  Run Local Usage
		Usr 0 00:02:15, Sys 0 00:00:05  -  Total Remote Usage
		Usr 0 00:00:00, Sys 0 00:00:00  -  Total Local Usage
	0  -  Run Bytes Sent By Job
	0  -  Run Bytes Received By Job
	0  -  Total Bytes Sent By Job
	0  -  Total Bytes Received By Job
	Partitionable Resources :    Usage  Request Allocated 
	   Cpus                 :                 1         1 
	   Disk (KB)            :        2        2   6681631 
	   Memory (MB)          :       83   128192    128256 
	   xferslots            :                           0 

	Job terminated of its own accord at 2025-02-03T02:02:37Z with exit-code 0.
...
000 (2019593.000.000) 2025-02-02 22:34:34 Job submitted from host: <130.199.48.81:9618?addrs=130.199.48.81-9618&alias=rcas2062.rcf.bnl.gov&noUDP&sock=schedd_48563_ad09>
...
001 (2019593.000.000) 2025-02-02 22:41:49 Job executing on host: <130.199.150.74:9618?addrs=130.199.150.74-9618&alias=spool1555.sdcc.bnl.gov&noUDP&sock=startd_73494_05cf>
...
006 (2019593.000.000) 2025-02-02 22:41:57 Image size of job updated: 18664
	8  -  MemoryUsage of job (MB)
	7336  -  ResidentSetSize of job (KB)
...
006 (2019593.000.000) 2025-02-02 22:44:50 Image size of job updated: 4001028
	8  -  MemoryUsage of job (MB)
	7336  -  ResidentSetSize of job (KB)
...
005 (2019593.000.000) 2025-02-02 22:44:50 Job terminated.
	(1) Normal termination (return value 0)
		Usr 0 00:02:20, Sys 0 00:00:05  -  Run Remote Usage
		Usr 0 00:00:00, Sys 0 00:00:00  -  Run Local Usage
		Usr 0 00:02:20, Sys 0 00:00:05  -  Total Remote Usage
		Usr 0 00:00:00, Sys 0 00:00:00  -  Total Local Usage
	0  -  Run Bytes Sent By Job
	0  -  Run Bytes Received By Job
	0  -  Total Bytes Sent By Job
	0  -  Total Bytes Received By Job
	Partitionable Resources :    Usage  Request Allocated 
	   Cpus                 :                 1         1 
	   Disk (KB)            :        2        2   6681245 
	   Memory (MB)          :        8   128192    128256 
	   xferslots            :                           0 

	Job terminated of its own accord at 2025-02-03T03:44:50Z with exit-code 0.
...
