000 (2017095.000.000) 2025-01-28 23:08:08 Job submitted from host: <130.199.48.81:9618?addrs=130.199.48.81-9618&alias=rcas2062.rcf.bnl.gov&noUDP&sock=schedd_48563_ad09>
...
001 (2017095.000.000) 2025-01-29 01:33:46 Job executing on host: <130.199.186.80:9618?addrs=130.199.186.80-9618&alias=spool1843.sdcc.bnl.gov&noUDP&sock=startd_11487_9708>
...
006 (2017095.000.000) 2025-01-29 01:33:55 Image size of job updated: 2919656
	135  -  MemoryUsage of job (MB)
	138184  -  ResidentSetSize of job (KB)
...
006 (2017095.000.000) 2025-01-29 01:33:56 Image size of job updated: 2919656
	136  -  MemoryUsage of job (MB)
	138256  -  ResidentSetSize of job (KB)
...
005 (2017095.000.000) 2025-01-29 01:33:57 Job terminated.
	(1) Normal termination (return value 0)
		Usr 0 00:00:04, Sys 0 00:00:02  -  Run Remote Usage
		Usr 0 00:00:00, Sys 0 00:00:00  -  Run Local Usage
		Usr 0 00:00:04, Sys 0 00:00:02  -  Total Remote Usage
		Usr 0 00:00:00, Sys 0 00:00:00  -  Total Local Usage
	0  -  Run Bytes Sent By Job
	0  -  Run Bytes Received By Job
	0  -  Total Bytes Sent By Job
	0  -  Total Bytes Received By Job
	Partitionable Resources :    Usage  Request Allocated 
	   Cpus                 :                 1         1 
	   Disk (KB)            :        2        2   6681630 
	   Memory (MB)          :      136   128192    128256 
	   xferslots            :                           0 

	Job terminated of its own accord at 2025-01-29T06:33:56Z with exit-code 0.
...
000 (2017479.000.000) 2025-01-30 00:28:22 Job submitted from host: <130.199.48.81:9618?addrs=130.199.48.81-9618&alias=rcas2062.rcf.bnl.gov&noUDP&sock=schedd_48563_ad09>
...
001 (2017479.000.000) 2025-01-30 07:01:06 Job executing on host: <130.199.186.18:9618?addrs=130.199.186.18-9618&alias=spool1815.sdcc.bnl.gov&noUDP&sock=startd_39127_4d11>
...
006 (2017479.000.000) 2025-01-30 07:01:16 Image size of job updated: 73920
	44  -  MemoryUsage of job (MB)
	44728  -  ResidentSetSize of job (KB)
...
006 (2017479.000.000) 2025-01-30 07:06:16 Image size of job updated: 5099484
	943  -  MemoryUsage of job (MB)
	965132  -  ResidentSetSize of job (KB)
...
006 (2017479.000.000) 2025-01-30 07:11:16 Image size of job updated: 6260724
	2709  -  MemoryUsage of job (MB)
	2773504  -  ResidentSetSize of job (KB)
...
006 (2017479.000.000) 2025-01-30 07:16:17 Image size of job updated: 8243388
	4299  -  MemoryUsage of job (MB)
	4401992  -  ResidentSetSize of job (KB)
...
006 (2017479.000.000) 2025-01-30 07:21:18 Image size of job updated: 9927260
	5916  -  MemoryUsage of job (MB)
	6057216  -  ResidentSetSize of job (KB)
...
006 (2017479.000.000) 2025-01-30 07:26:18 Image size of job updated: 11700032
	7611  -  MemoryUsage of job (MB)
	7793188  -  ResidentSetSize of job (KB)
...
006 (2017479.000.000) 2025-01-30 07:31:19 Image size of job updated: 12627196
	8965  -  MemoryUsage of job (MB)
	9179936  -  ResidentSetSize of job (KB)
...
006 (2017479.000.000) 2025-01-30 07:36:20 Image size of job updated: 14307052
	10192  -  MemoryUsage of job (MB)
	10436148  -  ResidentSetSize of job (KB)
...
006 (2017479.000.000) 2025-01-30 07:41:20 Image size of job updated: 15361556
	11688  -  MemoryUsage of job (MB)
	11967952  -  ResidentSetSize of job (KB)
...
006 (2017479.000.000) 2025-01-30 07:46:20 Image size of job updated: 17417004
	13398  -  MemoryUsage of job (MB)
	13719004  -  ResidentSetSize of job (KB)
...
006 (2017479.000.000) 2025-01-30 07:51:21 Image size of job updated: 19073932
	14829  -  MemoryUsage of job (MB)
	15184052  -  ResidentSetSize of job (KB)
...
006 (2017479.000.000) 2025-01-30 07:56:21 Image size of job updated: 20774956
	16582  -  MemoryUsage of job (MB)
	16979292  -  ResidentSetSize of job (KB)
...
006 (2017479.000.000) 2025-01-30 08:01:21 Image size of job updated: 22758776
	18560  -  MemoryUsage of job (MB)
	19004540  -  ResidentSetSize of job (KB)
...
006 (2017479.000.000) 2025-01-30 08:06:22 Image size of job updated: 23726460
	19890  -  MemoryUsage of job (MB)
	20367048  -  ResidentSetSize of job (KB)
...
006 (2017479.000.000) 2025-01-30 08:11:23 Image size of job updated: 25710664
	21739  -  MemoryUsage of job (MB)
	22260232  -  ResidentSetSize of job (KB)
...
006 (2017479.000.000) 2025-01-30 08:16:23 Image size of job updated: 27245864
	23293  -  MemoryUsage of job (MB)
	23851948  -  ResidentSetSize of job (KB)
...
006 (2017479.000.000) 2025-01-30 08:21:24 Image size of job updated: 29363580
	25019  -  MemoryUsage of job (MB)
	25619052  -  ResidentSetSize of job (KB)
...
006 (2017479.000.000) 2025-01-30 08:26:25 Image size of job updated: 31363172
	26987  -  MemoryUsage of job (MB)
	27634200  -  ResidentSetSize of job (KB)
...
006 (2017479.000.000) 2025-01-30 08:31:25 Image size of job updated: 33183116
	28571  -  MemoryUsage of job (MB)
	29256120  -  ResidentSetSize of job (KB)
...
006 (2017479.000.000) 2025-01-30 08:36:26 Image size of job updated: 34510832
	30052  -  MemoryUsage of job (MB)
	30773156  -  ResidentSetSize of job (KB)
...
006 (2017479.000.000) 2025-01-30 08:41:27 Image size of job updated: 35695108
	31438  -  MemoryUsage of job (MB)
	32192004  -  ResidentSetSize of job (KB)
...
006 (2017479.000.000) 2025-01-30 08:46:27 Image size of job updated: 37337988
	32551  -  MemoryUsage of job (MB)
	33332032  -  ResidentSetSize of job (KB)
...
006 (2017479.000.000) 2025-01-30 08:51:27 Image size of job updated: 38218712
	33994  -  MemoryUsage of job (MB)
	34808868  -  ResidentSetSize of job (KB)
...
006 (2017479.000.000) 2025-01-30 08:56:28 Image size of job updated: 39822096
	35386  -  MemoryUsage of job (MB)
	36234528  -  ResidentSetSize of job (KB)
...
006 (2017479.000.000) 2025-01-30 09:01:28 Image size of job updated: 41144300
	36568  -  MemoryUsage of job (MB)
	37445232  -  ResidentSetSize of job (KB)
...
006 (2017479.000.000) 2025-01-30 09:06:28 Image size of job updated: 43028020
	38199  -  MemoryUsage of job (MB)
	39115528  -  ResidentSetSize of job (KB)
...
006 (2017479.000.000) 2025-01-30 09:11:29 Image size of job updated: 44042912
	39722  -  MemoryUsage of job (MB)
	40675216  -  ResidentSetSize of job (KB)
...
006 (2017479.000.000) 2025-01-30 09:16:30 Image size of job updated: 45769140
	41189  -  MemoryUsage of job (MB)
	42176960  -  ResidentSetSize of job (KB)
...
006 (2017479.000.000) 2025-01-30 09:21:30 Image size of job updated: 47074792
	42450  -  MemoryUsage of job (MB)
	43468636  -  ResidentSetSize of job (KB)
...
006 (2017479.000.000) 2025-01-30 09:26:31 Image size of job updated: 48181124
	43731  -  MemoryUsage of job (MB)
	44780124  -  ResidentSetSize of job (KB)
...
006 (2017479.000.000) 2025-01-30 09:31:32 Image size of job updated: 49511400
	44795  -  MemoryUsage of job (MB)
	45869728  -  ResidentSetSize of job (KB)
...
006 (2017479.000.000) 2025-01-30 09:36:32 Image size of job updated: 50938620
	45900  -  MemoryUsage of job (MB)
	47001348  -  ResidentSetSize of job (KB)
...
006 (2017479.000.000) 2025-01-30 09:41:33 Image size of job updated: 51703996
	47062  -  MemoryUsage of job (MB)
	48190700  -  ResidentSetSize of job (KB)
...
006 (2017479.000.000) 2025-01-30 09:46:34 Image size of job updated: 53460064
	48490  -  MemoryUsage of job (MB)
	49653064  -  ResidentSetSize of job (KB)
...
006 (2017479.000.000) 2025-01-30 09:51:34 Image size of job updated: 54271788
	49445  -  MemoryUsage of job (MB)
	50631412  -  ResidentSetSize of job (KB)
...
006 (2017479.000.000) 2025-01-30 09:56:34 Image size of job updated: 55241708
	50627  -  MemoryUsage of job (MB)
	51841472  -  ResidentSetSize of job (KB)
...
006 (2017479.000.000) 2025-01-30 10:01:35 Image size of job updated: 56831168
	51702  -  MemoryUsage of job (MB)
	52942768  -  ResidentSetSize of job (KB)
...
006 (2017479.000.000) 2025-01-30 10:09:55 Image size of job updated: 56898860
	54772  -  MemoryUsage of job (MB)
	56086036  -  ResidentSetSize of job (KB)
...
006 (2017479.000.000) 2025-01-30 10:19:55 Image size of job updated: 62182124
	57303  -  MemoryUsage of job (MB)
	58677864  -  ResidentSetSize of job (KB)
...
006 (2017479.000.000) 2025-01-30 10:27:55 Image size of job updated: 64103772
	58936  -  MemoryUsage of job (MB)
	60349456  -  ResidentSetSize of job (KB)
...
006 (2017479.000.000) 2025-01-30 10:32:55 Image size of job updated: 65308612
	59979  -  MemoryUsage of job (MB)
	61417496  -  ResidentSetSize of job (KB)
...
006 (2017479.000.000) 2025-01-30 10:37:56 Image size of job updated: 66537000
	61198  -  MemoryUsage of job (MB)
	62666200  -  ResidentSetSize of job (KB)
...
006 (2017479.000.000) 2025-01-30 10:42:57 Image size of job updated: 67322148
	62134  -  MemoryUsage of job (MB)
	63624340  -  ResidentSetSize of job (KB)
...
006 (2017479.000.000) 2025-01-30 10:47:57 Image size of job updated: 68593372
	63303  -  MemoryUsage of job (MB)
	64822248  -  ResidentSetSize of job (KB)
...
006 (2017479.000.000) 2025-01-30 10:52:58 Image size of job updated: 69740020
	64543  -  MemoryUsage of job (MB)
	66091248  -  ResidentSetSize of job (KB)
...
006 (2017479.000.000) 2025-01-30 10:57:59 Image size of job updated: 70768624
	65564  -  MemoryUsage of job (MB)
	67136636  -  ResidentSetSize of job (KB)
...
006 (2017479.000.000) 2025-01-30 11:02:59 Image size of job updated: 72144100
	66695  -  MemoryUsage of job (MB)
	68295656  -  ResidentSetSize of job (KB)
...
006 (2017479.000.000) 2025-01-30 11:08:00 Image size of job updated: 73318768
	67679  -  MemoryUsage of job (MB)
	69302612  -  ResidentSetSize of job (KB)
...
006 (2017479.000.000) 2025-01-30 11:13:01 Image size of job updated: 74498004
	68849  -  MemoryUsage of job (MB)
	70501076  -  ResidentSetSize of job (KB)
...
006 (2017479.000.000) 2025-01-30 11:18:01 Image size of job updated: 75382016
	69950  -  MemoryUsage of job (MB)
	71627980  -  ResidentSetSize of job (KB)
...
006 (2017479.000.000) 2025-01-30 11:23:01 Image size of job updated: 76759300
	71169  -  MemoryUsage of job (MB)
	72876828  -  ResidentSetSize of job (KB)
...
006 (2017479.000.000) 2025-01-30 11:28:02 Image size of job updated: 77805800
	72457  -  MemoryUsage of job (MB)
	74195164  -  ResidentSetSize of job (KB)
...
006 (2017479.000.000) 2025-01-30 11:33:02 Image size of job updated: 78864844
	73494  -  MemoryUsage of job (MB)
	75257508  -  ResidentSetSize of job (KB)
...
006 (2017479.000.000) 2025-01-30 11:38:02 Image size of job updated: 79920896
	74472  -  MemoryUsage of job (MB)
	76258980  -  ResidentSetSize of job (KB)
...
006 (2017479.000.000) 2025-01-30 11:43:03 Image size of job updated: 81237136
	75515  -  MemoryUsage of job (MB)
	77327192  -  ResidentSetSize of job (KB)
...
006 (2017479.000.000) 2025-01-30 11:48:04 Image size of job updated: 81876300
	76693  -  MemoryUsage of job (MB)
	78533268  -  ResidentSetSize of job (KB)
...
006 (2017479.000.000) 2025-01-30 11:53:04 Image size of job updated: 83384148
	78036  -  MemoryUsage of job (MB)
	79908204  -  ResidentSetSize of job (KB)
...
006 (2017479.000.000) 2025-01-30 11:58:05 Image size of job updated: 84521888
	79102  -  MemoryUsage of job (MB)
	81000212  -  ResidentSetSize of job (KB)
...
006 (2017479.000.000) 2025-01-30 12:03:06 Image size of job updated: 85317468
	79781  -  MemoryUsage of job (MB)
	81695160  -  ResidentSetSize of job (KB)
...
006 (2017479.000.000) 2025-01-30 12:08:06 Image size of job updated: 86497564
	80811  -  MemoryUsage of job (MB)
	82749892  -  ResidentSetSize of job (KB)
...
006 (2017479.000.000) 2025-01-30 12:13:06 Image size of job updated: 87357172
	81728  -  MemoryUsage of job (MB)
	83688664  -  ResidentSetSize of job (KB)
...
006 (2017479.000.000) 2025-01-30 12:18:07 Image size of job updated: 88225196
	82837  -  MemoryUsage of job (MB)
	84824104  -  ResidentSetSize of job (KB)
...
006 (2017479.000.000) 2025-01-30 12:19:05 Image size of job updated: 88360136
	82837  -  MemoryUsage of job (MB)
	84824104  -  ResidentSetSize of job (KB)
...
005 (2017479.000.000) 2025-01-30 12:19:05 Job terminated.
	(1) Normal termination (return value 0)
		Usr 0 04:06:56, Sys 0 00:34:50  -  Run Remote Usage
		Usr 0 00:00:00, Sys 0 00:00:00  -  Run Local Usage
		Usr 0 04:06:56, Sys 0 00:34:50  -  Total Remote Usage
		Usr 0 00:00:00, Sys 0 00:00:00  -  Total Local Usage
	0  -  Run Bytes Sent By Job
	0  -  Run Bytes Received By Job
	0  -  Total Bytes Sent By Job
	0  -  Total Bytes Received By Job
	Partitionable Resources :    Usage  Request Allocated 
	   Cpus                 :     0.80        1         1 
	   Disk (KB)            :     2           2   6681631 
	   Memory (MB)          : 82837      128192    128256 
	   xferslots            :                           0 

	Job terminated of its own accord at 2025-01-30T17:19:05Z with exit-code 0.
...
000 (2018925.000.000) 2025-02-02 20:32:34 Job submitted from host: <130.199.48.81:9618?addrs=130.199.48.81-9618&alias=rcas2062.rcf.bnl.gov&noUDP&sock=schedd_48563_ad09>
...
001 (2018925.000.000) 2025-02-02 20:39:56 Job executing on host: <130.199.186.20:9618?addrs=130.199.186.20-9618&alias=spool1817.sdcc.bnl.gov&noUDP&sock=startd_65583_4a83>
...
006 (2018925.000.000) 2025-02-02 20:40:05 Image size of job updated: 152696
	84  -  MemoryUsage of job (MB)
	85288  -  ResidentSetSize of job (KB)
...
006 (2018925.000.000) 2025-02-02 20:42:43 Image size of job updated: 4000832
	84  -  MemoryUsage of job (MB)
	85296  -  ResidentSetSize of job (KB)
...
005 (2018925.000.000) 2025-02-02 20:42:43 Job terminated.
	(1) Normal termination (return value 0)
		Usr 0 00:02:22, Sys 0 00:00:05  -  Run Remote Usage
		Usr 0 00:00:00, Sys 0 00:00:00  -  Run Local Usage
		Usr 0 00:02:22, Sys 0 00:00:05  -  Total Remote Usage
		Usr 0 00:00:00, Sys 0 00:00:00  -  Total Local Usage
	0  -  Run Bytes Sent By Job
	0  -  Run Bytes Received By Job
	0  -  Total Bytes Sent By Job
	0  -  Total Bytes Received By Job
	Partitionable Resources :    Usage  Request Allocated 
	   Cpus                 :     0.97        1         1 
	   Disk (KB)            :     2           2   6681619 
	   Memory (MB)          :    84      128192    128256 
	   xferslots            :                           0 

	Job terminated of its own accord at 2025-02-03T01:42:43Z with exit-code 0.
...
000 (2019309.000.000) 2025-02-02 20:57:02 Job submitted from host: <130.199.48.81:9618?addrs=130.199.48.81-9618&alias=rcas2062.rcf.bnl.gov&noUDP&sock=schedd_48563_ad09>
...
001 (2019309.000.000) 2025-02-02 21:02:00 Job executing on host: <130.199.186.93:9618?addrs=130.199.186.93-9618&alias=spool1856.sdcc.bnl.gov&noUDP&sock=startd_8097_b2a1>
...
006 (2019309.000.000) 2025-02-02 21:02:09 Image size of job updated: 335576
	147  -  MemoryUsage of job (MB)
	150052  -  ResidentSetSize of job (KB)
...
006 (2019309.000.000) 2025-02-02 21:04:12 Image size of job updated: 4000832
	147  -  MemoryUsage of job (MB)
	150052  -  ResidentSetSize of job (KB)
...
005 (2019309.000.000) 2025-02-02 21:04:12 Job terminated.
	(1) Normal termination (return value 0)
		Usr 0 00:02:00, Sys 0 00:00:05  -  Run Remote Usage
		Usr 0 00:00:00, Sys 0 00:00:00  -  Run Local Usage
		Usr 0 00:02:00, Sys 0 00:00:05  -  Total Remote Usage
		Usr 0 00:00:00, Sys 0 00:00:00  -  Total Local Usage
	0  -  Run Bytes Sent By Job
	0  -  Run Bytes Received By Job
	0  -  Total Bytes Sent By Job
	0  -  Total Bytes Received By Job
	Partitionable Resources :    Usage  Request Allocated 
	   Cpus                 :     0.97        1         1 
	   Disk (KB)            :     2           2   6681628 
	   Memory (MB)          :   147      128192    128256 
	   xferslots            :                           0 

	Job terminated of its own accord at 2025-02-03T02:04:12Z with exit-code 0.
...
000 (2019693.000.000) 2025-02-02 22:34:43 Job submitted from host: <130.199.48.81:9618?addrs=130.199.48.81-9618&alias=rcas2062.rcf.bnl.gov&noUDP&sock=schedd_48563_ad09>
...
001 (2019693.000.000) 2025-02-02 22:44:51 Job executing on host: <130.199.186.95:9618?addrs=130.199.186.95-9618&alias=spool1858.sdcc.bnl.gov&noUDP&sock=startd_27449_5c89>
...
006 (2019693.000.000) 2025-02-02 22:45:00 Image size of job updated: 324124
	40  -  MemoryUsage of job (MB)
	40420  -  ResidentSetSize of job (KB)
...
006 (2019693.000.000) 2025-02-02 22:48:06 Image size of job updated: 4000840
	40  -  MemoryUsage of job (MB)
	40420  -  ResidentSetSize of job (KB)
...
005 (2019693.000.000) 2025-02-02 22:48:06 Job terminated.
	(1) Normal termination (return value 0)
		Usr 0 00:02:24, Sys 0 00:00:06  -  Run Remote Usage
		Usr 0 00:00:00, Sys 0 00:00:00  -  Run Local Usage
		Usr 0 00:02:24, Sys 0 00:00:06  -  Total Remote Usage
		Usr 0 00:00:00, Sys 0 00:00:00  -  Total Local Usage
	0  -  Run Bytes Sent By Job
	0  -  Run Bytes Received By Job
	0  -  Total Bytes Sent By Job
	0  -  Total Bytes Received By Job
	Partitionable Resources :    Usage  Request Allocated 
	   Cpus                 :                 1         1 
	   Disk (KB)            :        2        2   6681612 
	   Memory (MB)          :       40   128192    128256 
	   xferslots            :                           0 

	Job terminated of its own accord at 2025-02-03T03:48:06Z with exit-code 0.
...
