000 (2016970.000.000) 2025-01-28 23:07:58 Job submitted from host: <130.199.48.81:9618?addrs=130.199.48.81-9618&alias=rcas2062.rcf.bnl.gov&noUDP&sock=schedd_48563_ad09>
...
001 (2016970.000.000) 2025-01-29 01:05:49 Job executing on host: <130.199.186.82:9618?addrs=130.199.186.82-9618&alias=spool1845.sdcc.bnl.gov&noUDP&sock=startd_71843_8085>
...
006 (2016970.000.000) 2025-01-29 01:05:57 Image size of job updated: 585468
	132  -  MemoryUsage of job (MB)
	134228  -  ResidentSetSize of job (KB)
...
006 (2016970.000.000) 2025-01-29 01:05:58 Image size of job updated: 585468
	132  -  MemoryUsage of job (MB)
	134424  -  ResidentSetSize of job (KB)
...
005 (2016970.000.000) 2025-01-29 01:05:58 Job terminated.
	(1) Normal termination (return value 0)
		Usr 0 00:00:03, Sys 0 00:00:01  -  Run Remote Usage
		Usr 0 00:00:00, Sys 0 00:00:00  -  Run Local Usage
		Usr 0 00:00:03, Sys 0 00:00:01  -  Total Remote Usage
		Usr 0 00:00:00, Sys 0 00:00:00  -  Total Local Usage
	0  -  Run Bytes Sent By Job
	0  -  Run Bytes Received By Job
	0  -  Total Bytes Sent By Job
	0  -  Total Bytes Received By Job
	Partitionable Resources :    Usage  Request Allocated 
	   Cpus                 :                 1         1 
	   Disk (KB)            :        2        2   6681620 
	   Memory (MB)          :      132   128192    128256 
	   xferslots            :                           0 

	Job terminated of its own accord at 2025-01-29T06:05:58Z with exit-code 0.
...
000 (2017354.000.000) 2025-01-30 00:28:09 Job submitted from host: <130.199.48.81:9618?addrs=130.199.48.81-9618&alias=rcas2062.rcf.bnl.gov&noUDP&sock=schedd_48563_ad09>
...
001 (2017354.000.000) 2025-01-30 03:23:15 Job executing on host: <130.199.186.76:9618?addrs=130.199.186.76-9618&alias=spool1839.sdcc.bnl.gov&noUDP&sock=startd_48828_8b8a>
...
006 (2017354.000.000) 2025-01-30 03:23:23 Image size of job updated: 146952
	75  -  MemoryUsage of job (MB)
	76528  -  ResidentSetSize of job (KB)
...
006 (2017354.000.000) 2025-01-30 03:28:23 Image size of job updated: 5961708
	2447  -  MemoryUsage of job (MB)
	2504908  -  ResidentSetSize of job (KB)
...
006 (2017354.000.000) 2025-01-30 03:33:23 Image size of job updated: 8890372
	5193  -  MemoryUsage of job (MB)
	5316992  -  ResidentSetSize of job (KB)
...
006 (2017354.000.000) 2025-01-30 03:38:24 Image size of job updated: 11710172
	7639  -  MemoryUsage of job (MB)
	7821540  -  ResidentSetSize of job (KB)
...
006 (2017354.000.000) 2025-01-30 03:43:24 Image size of job updated: 13863980
	10358  -  MemoryUsage of job (MB)
	10606572  -  ResidentSetSize of job (KB)
...
006 (2017354.000.000) 2025-01-30 03:48:24 Image size of job updated: 16593032
	12402  -  MemoryUsage of job (MB)
	12699148  -  ResidentSetSize of job (KB)
...
006 (2017354.000.000) 2025-01-30 03:53:26 Image size of job updated: 18682712
	14628  -  MemoryUsage of job (MB)
	14978244  -  ResidentSetSize of job (KB)
...
006 (2017354.000.000) 2025-01-30 03:58:26 Image size of job updated: 20662612
	16738  -  MemoryUsage of job (MB)
	17139656  -  ResidentSetSize of job (KB)
...
006 (2017354.000.000) 2025-01-30 04:03:26 Image size of job updated: 22627856
	18200  -  MemoryUsage of job (MB)
	18636524  -  ResidentSetSize of job (KB)
...
006 (2017354.000.000) 2025-01-30 04:08:27 Image size of job updated: 23824772
	19705  -  MemoryUsage of job (MB)
	20177768  -  ResidentSetSize of job (KB)
...
006 (2017354.000.000) 2025-01-30 04:13:28 Image size of job updated: 24967988
	20973  -  MemoryUsage of job (MB)
	21475520  -  ResidentSetSize of job (KB)
...
006 (2017354.000.000) 2025-01-30 04:18:28 Image size of job updated: 26358488
	22109  -  MemoryUsage of job (MB)
	22638800  -  ResidentSetSize of job (KB)
...
006 (2017354.000.000) 2025-01-30 04:23:29 Image size of job updated: 27757836
	23279  -  MemoryUsage of job (MB)
	23836880  -  ResidentSetSize of job (KB)
...
006 (2017354.000.000) 2025-01-30 04:28:30 Image size of job updated: 29199876
	25033  -  MemoryUsage of job (MB)
	25633688  -  ResidentSetSize of job (KB)
...
006 (2017354.000.000) 2025-01-30 04:33:30 Image size of job updated: 30662520
	26131  -  MemoryUsage of job (MB)
	26757484  -  ResidentSetSize of job (KB)
...
006 (2017354.000.000) 2025-01-30 04:38:30 Image size of job updated: 31634740
	27647  -  MemoryUsage of job (MB)
	28309844  -  ResidentSetSize of job (KB)
...
006 (2017354.000.000) 2025-01-30 04:43:31 Image size of job updated: 32707620
	28612  -  MemoryUsage of job (MB)
	29297836  -  ResidentSetSize of job (KB)
...
006 (2017354.000.000) 2025-01-30 04:48:31 Image size of job updated: 33998416
	29797  -  MemoryUsage of job (MB)
	30511276  -  ResidentSetSize of job (KB)
...
006 (2017354.000.000) 2025-01-30 04:53:31 Image size of job updated: 35108216
	30957  -  MemoryUsage of job (MB)
	31699956  -  ResidentSetSize of job (KB)
...
006 (2017354.000.000) 2025-01-30 04:58:32 Image size of job updated: 36704376
	32338  -  MemoryUsage of job (MB)
	33113296  -  ResidentSetSize of job (KB)
...
006 (2017354.000.000) 2025-01-30 05:03:33 Image size of job updated: 38057120
	33663  -  MemoryUsage of job (MB)
	34470824  -  ResidentSetSize of job (KB)
...
006 (2017354.000.000) 2025-01-30 05:08:33 Image size of job updated: 39221968
	34794  -  MemoryUsage of job (MB)
	35628260  -  ResidentSetSize of job (KB)
...
006 (2017354.000.000) 2025-01-30 05:13:34 Image size of job updated: 40429228
	35895  -  MemoryUsage of job (MB)
	36755980  -  ResidentSetSize of job (KB)
...
006 (2017354.000.000) 2025-01-30 05:18:35 Image size of job updated: 41572528
	37138  -  MemoryUsage of job (MB)
	38028600  -  ResidentSetSize of job (KB)
...
006 (2017354.000.000) 2025-01-30 05:23:35 Image size of job updated: 43212416
	38401  -  MemoryUsage of job (MB)
	39322188  -  ResidentSetSize of job (KB)
...
006 (2017354.000.000) 2025-01-30 05:28:36 Image size of job updated: 44501040
	39485  -  MemoryUsage of job (MB)
	40432104  -  ResidentSetSize of job (KB)
...
006 (2017354.000.000) 2025-01-30 05:33:37 Image size of job updated: 45357600
	40655  -  MemoryUsage of job (MB)
	41630148  -  ResidentSetSize of job (KB)
...
006 (2017354.000.000) 2025-01-30 05:38:37 Image size of job updated: 46903492
	42200  -  MemoryUsage of job (MB)
	43212448  -  ResidentSetSize of job (KB)
...
006 (2017354.000.000) 2025-01-30 05:43:38 Image size of job updated: 48123016
	43592  -  MemoryUsage of job (MB)
	44638084  -  ResidentSetSize of job (KB)
...
006 (2017354.000.000) 2025-01-30 05:48:39 Image size of job updated: 49787956
	45354  -  MemoryUsage of job (MB)
	46442428  -  ResidentSetSize of job (KB)
...
006 (2017354.000.000) 2025-01-30 05:53:39 Image size of job updated: 51855356
	46863  -  MemoryUsage of job (MB)
	47986912  -  ResidentSetSize of job (KB)
...
006 (2017354.000.000) 2025-01-30 05:58:39 Image size of job updated: 53046672
	48474  -  MemoryUsage of job (MB)
	49636860  -  ResidentSetSize of job (KB)
...
006 (2017354.000.000) 2025-01-30 06:03:40 Image size of job updated: 54654164
	50079  -  MemoryUsage of job (MB)
	51280328  -  ResidentSetSize of job (KB)
...
006 (2017354.000.000) 2025-01-30 06:08:40 Image size of job updated: 56509272
	51735  -  MemoryUsage of job (MB)
	52975804  -  ResidentSetSize of job (KB)
...
006 (2017354.000.000) 2025-01-30 06:13:40 Image size of job updated: 58051588
	53450  -  MemoryUsage of job (MB)
	54732180  -  ResidentSetSize of job (KB)
...
006 (2017354.000.000) 2025-01-30 06:18:41 Image size of job updated: 60339076
	54919  -  MemoryUsage of job (MB)
	56236532  -  ResidentSetSize of job (KB)
...
006 (2017354.000.000) 2025-01-30 06:23:41 Image size of job updated: 61645512
	56560  -  MemoryUsage of job (MB)
	57917436  -  ResidentSetSize of job (KB)
...
006 (2017354.000.000) 2025-01-30 06:28:41 Image size of job updated: 63186708
	58406  -  MemoryUsage of job (MB)
	59807736  -  ResidentSetSize of job (KB)
...
006 (2017354.000.000) 2025-01-30 06:33:42 Image size of job updated: 64678252
	59874  -  MemoryUsage of job (MB)
	61310840  -  ResidentSetSize of job (KB)
...
006 (2017354.000.000) 2025-01-30 06:38:42 Image size of job updated: 67244644
	61562  -  MemoryUsage of job (MB)
	63039464  -  ResidentSetSize of job (KB)
...
006 (2017354.000.000) 2025-01-30 06:43:42 Image size of job updated: 68459032
	63207  -  MemoryUsage of job (MB)
	64723424  -  ResidentSetSize of job (KB)
...
006 (2017354.000.000) 2025-01-30 06:48:43 Image size of job updated: 69905500
	64915  -  MemoryUsage of job (MB)
	66472340  -  ResidentSetSize of job (KB)
...
006 (2017354.000.000) 2025-01-30 06:53:43 Image size of job updated: 71520460
	66556  -  MemoryUsage of job (MB)
	68152776  -  ResidentSetSize of job (KB)
...
006 (2017354.000.000) 2025-01-30 06:58:43 Image size of job updated: 73213184
	68114  -  MemoryUsage of job (MB)
	69747976  -  ResidentSetSize of job (KB)
...
006 (2017354.000.000) 2025-01-30 07:03:44 Image size of job updated: 75267728
	69626  -  MemoryUsage of job (MB)
	71296740  -  ResidentSetSize of job (KB)
...
006 (2017354.000.000) 2025-01-30 07:08:44 Image size of job updated: 76514420
	71225  -  MemoryUsage of job (MB)
	72934188  -  ResidentSetSize of job (KB)
...
006 (2017354.000.000) 2025-01-30 07:13:45 Image size of job updated: 77722904
	72124  -  MemoryUsage of job (MB)
	73854464  -  ResidentSetSize of job (KB)
...
006 (2017354.000.000) 2025-01-30 07:18:46 Image size of job updated: 78663848
	72891  -  MemoryUsage of job (MB)
	74639500  -  ResidentSetSize of job (KB)
...
006 (2017354.000.000) 2025-01-30 07:23:46 Image size of job updated: 79006132
	73731  -  MemoryUsage of job (MB)
	75500516  -  ResidentSetSize of job (KB)
...
006 (2017354.000.000) 2025-01-30 07:28:46 Image size of job updated: 80065296
	74593  -  MemoryUsage of job (MB)
	76382276  -  ResidentSetSize of job (KB)
...
006 (2017354.000.000) 2025-01-30 07:33:47 Image size of job updated: 81411856
	75536  -  MemoryUsage of job (MB)
	77348324  -  ResidentSetSize of job (KB)
...
006 (2017354.000.000) 2025-01-30 07:38:47 Image size of job updated: 82262000
	76503  -  MemoryUsage of job (MB)
	78338448  -  ResidentSetSize of job (KB)
...
006 (2017354.000.000) 2025-01-30 07:43:47 Image size of job updated: 82786028
	77499  -  MemoryUsage of job (MB)
	79357972  -  ResidentSetSize of job (KB)
...
006 (2017354.000.000) 2025-01-30 07:48:48 Image size of job updated: 83769380
	78402  -  MemoryUsage of job (MB)
	80283312  -  ResidentSetSize of job (KB)
...
006 (2017354.000.000) 2025-01-30 07:53:48 Image size of job updated: 84928144
	79208  -  MemoryUsage of job (MB)
	81108740  -  ResidentSetSize of job (KB)
...
006 (2017354.000.000) 2025-01-30 07:58:12 Image size of job updated: 85678320
	79208  -  MemoryUsage of job (MB)
	81108740  -  ResidentSetSize of job (KB)
...
005 (2017354.000.000) 2025-01-30 07:58:12 Job terminated.
	(1) Normal termination (return value 0)
		Usr 0 03:42:25, Sys 0 00:34:55  -  Run Remote Usage
		Usr 0 00:00:00, Sys 0 00:00:00  -  Run Local Usage
		Usr 0 03:42:25, Sys 0 00:34:55  -  Total Remote Usage
		Usr 0 00:00:00, Sys 0 00:00:00  -  Total Local Usage
	0  -  Run Bytes Sent By Job
	0  -  Run Bytes Received By Job
	0  -  Total Bytes Sent By Job
	0  -  Total Bytes Received By Job
	Partitionable Resources :    Usage  Request Allocated 
	   Cpus                 :     0.75        1         1 
	   Disk (KB)            :     2           2   6681624 
	   Memory (MB)          : 79208      128192    128256 
	   xferslots            :                           0 

	Job terminated of its own accord at 2025-01-30T12:58:12Z with exit-code 0.
...
000 (2018800.000.000) 2025-02-02 20:32:20 Job submitted from host: <130.199.48.81:9618?addrs=130.199.48.81-9618&alias=rcas2062.rcf.bnl.gov&noUDP&sock=schedd_48563_ad09>
...
001 (2018800.000.000) 2025-02-02 20:36:58 Job executing on host: <130.199.186.16:9618?addrs=130.199.186.16-9618&alias=spool1813.sdcc.bnl.gov&noUDP&sock=startd_24682_a412>
...
006 (2018800.000.000) 2025-02-02 20:37:07 Image size of job updated: 2935516
	146  -  MemoryUsage of job (MB)
	149044  -  ResidentSetSize of job (KB)
...
006 (2018800.000.000) 2025-02-02 20:39:17 Image size of job updated: 4001008
	146  -  MemoryUsage of job (MB)
	149044  -  ResidentSetSize of job (KB)
...
005 (2018800.000.000) 2025-02-02 20:39:17 Job terminated.
	(1) Normal termination (return value 0)
		Usr 0 00:02:02, Sys 0 00:00:05  -  Run Remote Usage
		Usr 0 00:00:00, Sys 0 00:00:00  -  Run Local Usage
		Usr 0 00:02:02, Sys 0 00:00:05  -  Total Remote Usage
		Usr 0 00:00:00, Sys 0 00:00:00  -  Total Local Usage
	0  -  Run Bytes Sent By Job
	0  -  Run Bytes Received By Job
	0  -  Total Bytes Sent By Job
	0  -  Total Bytes Received By Job
	Partitionable Resources :    Usage  Request Allocated 
	   Cpus                 :                 1         1 
	   Disk (KB)            :        2        2   6681616 
	   Memory (MB)          :      146   128192    128256 
	   xferslots            :                           0 

	Job terminated of its own accord at 2025-02-03T01:39:17Z with exit-code 0.
...
000 (2019184.000.000) 2025-02-02 20:56:50 Job submitted from host: <130.199.48.81:9618?addrs=130.199.48.81-9618&alias=rcas2062.rcf.bnl.gov&noUDP&sock=schedd_48563_ad09>
...
001 (2019184.000.000) 2025-02-02 20:59:37 Job executing on host: <130.199.186.21:9618?addrs=130.199.186.21-9618&alias=spool1818.sdcc.bnl.gov&noUDP&sock=startd_15937_f573>
...
006 (2019184.000.000) 2025-02-02 20:59:46 Image size of job updated: 152540
	84  -  MemoryUsage of job (MB)
	85152  -  ResidentSetSize of job (KB)
...
006 (2019184.000.000) 2025-02-02 21:02:01 Image size of job updated: 4001008
	84  -  MemoryUsage of job (MB)
	85160  -  ResidentSetSize of job (KB)
...
005 (2019184.000.000) 2025-02-02 21:02:01 Job terminated.
	(1) Normal termination (return value 0)
		Usr 0 00:02:05, Sys 0 00:00:05  -  Run Remote Usage
		Usr 0 00:00:00, Sys 0 00:00:00  -  Run Local Usage
		Usr 0 00:02:05, Sys 0 00:00:05  -  Total Remote Usage
		Usr 0 00:00:00, Sys 0 00:00:00  -  Total Local Usage
	0  -  Run Bytes Sent By Job
	0  -  Run Bytes Received By Job
	0  -  Total Bytes Sent By Job
	0  -  Total Bytes Received By Job
	Partitionable Resources :    Usage  Request Allocated 
	   Cpus                 :     0.97        1         1 
	   Disk (KB)            :     2           2   6681615 
	   Memory (MB)          :    84      128192    128256 
	   xferslots            :                           0 

	Job terminated of its own accord at 2025-02-03T02:02:01Z with exit-code 0.
...
000 (2019568.000.000) 2025-02-02 22:34:32 Job submitted from host: <130.199.48.81:9618?addrs=130.199.48.81-9618&alias=rcas2062.rcf.bnl.gov&noUDP&sock=schedd_48563_ad09>
...
001 (2019568.000.000) 2025-02-02 22:41:15 Job executing on host: <130.199.184.204:9618?addrs=130.199.184.204-9618&alias=spool1779.sdcc.bnl.gov&noUDP&sock=startd_79825_b44a>
...
006 (2019568.000.000) 2025-02-02 22:41:24 Image size of job updated: 54708
	35  -  MemoryUsage of job (MB)
	34884  -  ResidentSetSize of job (KB)
...
006 (2019568.000.000) 2025-02-02 22:44:26 Image size of job updated: 4001008
	35  -  MemoryUsage of job (MB)
	35064  -  ResidentSetSize of job (KB)
...
005 (2019568.000.000) 2025-02-02 22:44:26 Job terminated.
	(1) Normal termination (return value 0)
		Usr 0 00:02:23, Sys 0 00:00:06  -  Run Remote Usage
		Usr 0 00:00:00, Sys 0 00:00:00  -  Run Local Usage
		Usr 0 00:02:23, Sys 0 00:00:06  -  Total Remote Usage
		Usr 0 00:00:00, Sys 0 00:00:00  -  Total Local Usage
	0  -  Run Bytes Sent By Job
	0  -  Run Bytes Received By Job
	0  -  Total Bytes Sent By Job
	0  -  Total Bytes Received By Job
	Partitionable Resources :    Usage  Request Allocated 
	   Cpus                 :     0.28        1         1 
	   Disk (KB)            :     2           2   6681624 
	   Memory (MB)          :    35      128192    128256 
	   xferslots            :                           0 

	Job terminated of its own accord at 2025-02-03T03:44:26Z with exit-code 0.
...
