000 (2017160.000.000) 2025-01-28 23:08:14 Job submitted from host: <130.199.48.81:9618?addrs=130.199.48.81-9618&alias=rcas2062.rcf.bnl.gov&noUDP&sock=schedd_48563_ad09>
...
001 (2017160.000.000) 2025-01-29 01:36:23 Job executing on host: <130.199.151.7:9618?addrs=130.199.151.7-9618&alias=spool1585.sdcc.bnl.gov&noUDP&sock=startd_26810_2043>
...
006 (2017160.000.000) 2025-01-29 01:36:32 Image size of job updated: 2919648
	137  -  MemoryUsage of job (MB)
	140012  -  ResidentSetSize of job (KB)
...
006 (2017160.000.000) 2025-01-29 01:36:33 Image size of job updated: 2943012
	137  -  MemoryUsage of job (MB)
	140012  -  ResidentSetSize of job (KB)
...
005 (2017160.000.000) 2025-01-29 01:36:33 Job terminated.
	(1) Normal termination (return value 0)
		Usr 0 00:00:04, Sys 0 00:00:01  -  Run Remote Usage
		Usr 0 00:00:00, Sys 0 00:00:00  -  Run Local Usage
		Usr 0 00:00:04, Sys 0 00:00:01  -  Total Remote Usage
		Usr 0 00:00:00, Sys 0 00:00:00  -  Total Local Usage
	0  -  Run Bytes Sent By Job
	0  -  Run Bytes Received By Job
	0  -  Total Bytes Sent By Job
	0  -  Total Bytes Received By Job
	Partitionable Resources :    Usage  Request Allocated 
	   Cpus                 :                 1         1 
	   Disk (KB)            :        2        2   6681248 
	   Memory (MB)          :      137   128192    128256 
	   xferslots            :                           0 

	Job terminated of its own accord at 2025-01-29T06:36:32Z with exit-code 0.
...
000 (2017544.000.000) 2025-01-30 00:28:29 Job submitted from host: <130.199.48.81:9618?addrs=130.199.48.81-9618&alias=rcas2062.rcf.bnl.gov&noUDP&sock=schedd_48563_ad09>
...
001 (2017544.000.000) 2025-01-30 08:22:24 Job executing on host: <130.199.151.29:9618?addrs=130.199.151.29-9618&alias=spool1607.sdcc.bnl.gov&noUDP&sock=startd_96452_f09b>
...
006 (2017544.000.000) 2025-01-30 08:22:32 Image size of job updated: 148452
	79  -  MemoryUsage of job (MB)
	80172  -  ResidentSetSize of job (KB)
...
006 (2017544.000.000) 2025-01-30 08:27:32 Image size of job updated: 5082316
	356  -  MemoryUsage of job (MB)
	363928  -  ResidentSetSize of job (KB)
...
006 (2017544.000.000) 2025-01-30 08:32:33 Image size of job updated: 6481844
	2861  -  MemoryUsage of job (MB)
	2928856  -  ResidentSetSize of job (KB)
...
006 (2017544.000.000) 2025-01-30 08:37:33 Image size of job updated: 8672100
	5112  -  MemoryUsage of job (MB)
	5234264  -  ResidentSetSize of job (KB)
...
006 (2017544.000.000) 2025-01-30 08:42:33 Image size of job updated: 11185208
	7257  -  MemoryUsage of job (MB)
	7431160  -  ResidentSetSize of job (KB)
...
006 (2017544.000.000) 2025-01-30 08:47:34 Image size of job updated: 13542724
	9696  -  MemoryUsage of job (MB)
	9928628  -  ResidentSetSize of job (KB)
...
006 (2017544.000.000) 2025-01-30 08:52:34 Image size of job updated: 15878156
	11714  -  MemoryUsage of job (MB)
	11994932  -  ResidentSetSize of job (KB)
...
006 (2017544.000.000) 2025-01-30 08:57:34 Image size of job updated: 17858136
	14063  -  MemoryUsage of job (MB)
	14399632  -  ResidentSetSize of job (KB)
...
006 (2017544.000.000) 2025-01-30 09:02:35 Image size of job updated: 20193240
	16331  -  MemoryUsage of job (MB)
	16722744  -  ResidentSetSize of job (KB)
...
006 (2017544.000.000) 2025-01-30 09:07:35 Image size of job updated: 22145696
	18318  -  MemoryUsage of job (MB)
	18757164  -  ResidentSetSize of job (KB)
...
006 (2017544.000.000) 2025-01-30 09:12:35 Image size of job updated: 24247220
	20330  -  MemoryUsage of job (MB)
	20817456  -  ResidentSetSize of job (KB)
...
006 (2017544.000.000) 2025-01-30 09:17:36 Image size of job updated: 25922372
	21797  -  MemoryUsage of job (MB)
	22320064  -  ResidentSetSize of job (KB)
...
006 (2017544.000.000) 2025-01-30 09:22:37 Image size of job updated: 27631536
	23592  -  MemoryUsage of job (MB)
	24157916  -  ResidentSetSize of job (KB)
...
006 (2017544.000.000) 2025-01-30 09:27:37 Image size of job updated: 29784912
	25236  -  MemoryUsage of job (MB)
	25840860  -  ResidentSetSize of job (KB)
...
006 (2017544.000.000) 2025-01-30 09:32:38 Image size of job updated: 31035844
	26918  -  MemoryUsage of job (MB)
	27563020  -  ResidentSetSize of job (KB)
...
006 (2017544.000.000) 2025-01-30 09:37:39 Image size of job updated: 32693604
	28555  -  MemoryUsage of job (MB)
	29240196  -  ResidentSetSize of job (KB)
...
006 (2017544.000.000) 2025-01-30 09:42:39 Image size of job updated: 34947400
	30164  -  MemoryUsage of job (MB)
	30887280  -  ResidentSetSize of job (KB)
...
006 (2017544.000.000) 2025-01-30 09:47:39 Image size of job updated: 36228684
	31753  -  MemoryUsage of job (MB)
	32515024  -  ResidentSetSize of job (KB)
...
006 (2017544.000.000) 2025-01-30 09:52:40 Image size of job updated: 37917908
	33496  -  MemoryUsage of job (MB)
	34299724  -  ResidentSetSize of job (KB)
...
006 (2017544.000.000) 2025-01-30 09:57:40 Image size of job updated: 39587288
	35351  -  MemoryUsage of job (MB)
	36199196  -  ResidentSetSize of job (KB)
...
006 (2017544.000.000) 2025-01-30 10:09:54 Image size of job updated: 41403196
	40408  -  MemoryUsage of job (MB)
	41377360  -  ResidentSetSize of job (KB)
...
006 (2017544.000.000) 2025-01-30 10:31:38 Image size of job updated: 53410840
	48465  -  MemoryUsage of job (MB)
	49627660  -  ResidentSetSize of job (KB)
...
006 (2017544.000.000) 2025-01-30 10:49:01 Image size of job updated: 58442408
	53405  -  MemoryUsage of job (MB)
	54686168  -  ResidentSetSize of job (KB)
...
006 (2017544.000.000) 2025-01-30 10:59:27 Image size of job updated: 61583896
	56424  -  MemoryUsage of job (MB)
	57777600  -  ResidentSetSize of job (KB)
...
006 (2017544.000.000) 2025-01-30 11:05:42 Image size of job updated: 63377524
	58076  -  MemoryUsage of job (MB)
	59469484  -  ResidentSetSize of job (KB)
...
006 (2017544.000.000) 2025-01-30 11:10:42 Image size of job updated: 64363088
	59111  -  MemoryUsage of job (MB)
	60529336  -  ResidentSetSize of job (KB)
...
006 (2017544.000.000) 2025-01-30 11:15:43 Image size of job updated: 65956712
	60785  -  MemoryUsage of job (MB)
	62243140  -  ResidentSetSize of job (KB)
...
006 (2017544.000.000) 2025-01-30 11:20:43 Image size of job updated: 67740544
	62465  -  MemoryUsage of job (MB)
	63964004  -  ResidentSetSize of job (KB)
...
006 (2017544.000.000) 2025-01-30 11:25:43 Image size of job updated: 69243980
	63679  -  MemoryUsage of job (MB)
	65207176  -  ResidentSetSize of job (KB)
...
006 (2017544.000.000) 2025-01-30 11:30:44 Image size of job updated: 70342996
	65230  -  MemoryUsage of job (MB)
	66795288  -  ResidentSetSize of job (KB)
...
006 (2017544.000.000) 2025-01-30 11:35:45 Image size of job updated: 72042772
	66728  -  MemoryUsage of job (MB)
	68329200  -  ResidentSetSize of job (KB)
...
006 (2017544.000.000) 2025-01-30 11:40:45 Image size of job updated: 73672892
	68027  -  MemoryUsage of job (MB)
	69659136  -  ResidentSetSize of job (KB)
...
006 (2017544.000.000) 2025-01-30 11:45:46 Image size of job updated: 74819792
	69550  -  MemoryUsage of job (MB)
	71218304  -  ResidentSetSize of job (KB)
...
006 (2017544.000.000) 2025-01-30 11:50:47 Image size of job updated: 76075484
	70345  -  MemoryUsage of job (MB)
	72032536  -  ResidentSetSize of job (KB)
...
006 (2017544.000.000) 2025-01-30 11:55:47 Image size of job updated: 77472888
	71399  -  MemoryUsage of job (MB)
	73112300  -  ResidentSetSize of job (KB)
...
006 (2017544.000.000) 2025-01-30 12:00:47 Image size of job updated: 78098944
	72599  -  MemoryUsage of job (MB)
	74340608  -  ResidentSetSize of job (KB)
...
006 (2017544.000.000) 2025-01-30 12:05:48 Image size of job updated: 80000720
	73924  -  MemoryUsage of job (MB)
	75697920  -  ResidentSetSize of job (KB)
...
006 (2017544.000.000) 2025-01-30 12:10:48 Image size of job updated: 81181956
	75207  -  MemoryUsage of job (MB)
	77011000  -  ResidentSetSize of job (KB)
...
006 (2017544.000.000) 2025-01-30 12:14:24 Image size of job updated: 82013500
	75207  -  MemoryUsage of job (MB)
	77011000  -  ResidentSetSize of job (KB)
...
005 (2017544.000.000) 2025-01-30 12:14:24 Job terminated.
	(1) Normal termination (return value 0)
		Usr 0 03:15:10, Sys 0 00:29:02  -  Run Remote Usage
		Usr 0 00:00:00, Sys 0 00:00:00  -  Run Local Usage
		Usr 0 03:15:10, Sys 0 00:29:02  -  Total Remote Usage
		Usr 0 00:00:00, Sys 0 00:00:00  -  Total Local Usage
	0  -  Run Bytes Sent By Job
	0  -  Run Bytes Received By Job
	0  -  Total Bytes Sent By Job
	0  -  Total Bytes Received By Job
	Partitionable Resources :    Usage  Request Allocated 
	   Cpus                 :     0.85        1         1 
	   Disk (KB)            :     2           2   6681240 
	   Memory (MB)          : 75207      128192    128256 
	   xferslots            :                           0 

	Job terminated of its own accord at 2025-01-30T17:14:24Z with exit-code 0.
...
000 (2018990.000.000) 2025-02-02 20:32:40 Job submitted from host: <130.199.48.81:9618?addrs=130.199.48.81-9618&alias=rcas2062.rcf.bnl.gov&noUDP&sock=schedd_48563_ad09>
...
001 (2018990.000.000) 2025-02-02 20:41:35 Job executing on host: <130.199.186.8:9618?addrs=130.199.186.8-9618&alias=spool1805.sdcc.bnl.gov&noUDP&sock=startd_47947_b83e>
...
006 (2018990.000.000) 2025-02-02 20:41:44 Image size of job updated: 298276
	92  -  MemoryUsage of job (MB)
	93640  -  ResidentSetSize of job (KB)
...
006 (2018990.000.000) 2025-02-02 20:43:57 Image size of job updated: 4000924
	92  -  MemoryUsage of job (MB)
	93644  -  ResidentSetSize of job (KB)
...
005 (2018990.000.000) 2025-02-02 20:43:58 Job terminated.
	(1) Normal termination (return value 0)
		Usr 0 00:02:01, Sys 0 00:00:05  -  Run Remote Usage
		Usr 0 00:00:00, Sys 0 00:00:00  -  Run Local Usage
		Usr 0 00:02:01, Sys 0 00:00:05  -  Total Remote Usage
		Usr 0 00:00:00, Sys 0 00:00:00  -  Total Local Usage
	0  -  Run Bytes Sent By Job
	0  -  Run Bytes Received By Job
	0  -  Total Bytes Sent By Job
	0  -  Total Bytes Received By Job
	Partitionable Resources :    Usage  Request Allocated 
	   Cpus                 :     0.95        1         1 
	   Disk (KB)            :     2           2   6681622 
	   Memory (MB)          :    92      128192    128256 
	   xferslots            :                           0 

	Job terminated of its own accord at 2025-02-03T01:43:57Z with exit-code 0.
...
000 (2019374.000.000) 2025-02-02 20:57:08 Job submitted from host: <130.199.48.81:9618?addrs=130.199.48.81-9618&alias=rcas2062.rcf.bnl.gov&noUDP&sock=schedd_48563_ad09>
...
001 (2019374.000.000) 2025-02-02 21:02:57 Job executing on host: <130.199.186.26:9618?addrs=130.199.186.26-9618&alias=spool1823.sdcc.bnl.gov&noUDP&sock=startd_67155_cf28>
...
006 (2019374.000.000) 2025-02-02 21:03:06 Image size of job updated: 227816
	129  -  MemoryUsage of job (MB)
	131448  -  ResidentSetSize of job (KB)
...
006 (2019374.000.000) 2025-02-02 21:05:24 Image size of job updated: 4000932
	129  -  MemoryUsage of job (MB)
	131508  -  ResidentSetSize of job (KB)
...
005 (2019374.000.000) 2025-02-02 21:05:24 Job terminated.
	(1) Normal termination (return value 0)
		Usr 0 00:02:12, Sys 0 00:00:05  -  Run Remote Usage
		Usr 0 00:00:00, Sys 0 00:00:00  -  Run Local Usage
		Usr 0 00:02:12, Sys 0 00:00:05  -  Total Remote Usage
		Usr 0 00:00:00, Sys 0 00:00:00  -  Total Local Usage
	0  -  Run Bytes Sent By Job
	0  -  Run Bytes Received By Job
	0  -  Total Bytes Sent By Job
	0  -  Total Bytes Received By Job
	Partitionable Resources :    Usage  Request Allocated 
	   Cpus                 :                 1         1 
	   Disk (KB)            :        2        2   6681621 
	   Memory (MB)          :      129   128192    128256 
	   xferslots            :                           0 

	Job terminated of its own accord at 2025-02-03T02:05:24Z with exit-code 0.
...
000 (2019758.000.000) 2025-02-02 22:34:49 Job submitted from host: <130.199.48.81:9618?addrs=130.199.48.81-9618&alias=rcas2062.rcf.bnl.gov&noUDP&sock=schedd_48563_ad09>
...
001 (2019758.000.000) 2025-02-02 22:47:05 Job executing on host: <130.199.151.26:9618?addrs=130.199.151.26-9618&alias=spool1604.sdcc.bnl.gov&noUDP&sock=startd_96373_eff7>
...
006 (2019758.000.000) 2025-02-02 22:47:14 Image size of job updated: 299076
	41  -  MemoryUsage of job (MB)
	41244  -  ResidentSetSize of job (KB)
...
006 (2019758.000.000) 2025-02-02 22:50:14 Image size of job updated: 4000932
	41  -  MemoryUsage of job (MB)
	41300  -  ResidentSetSize of job (KB)
...
005 (2019758.000.000) 2025-02-02 22:50:14 Job terminated.
	(1) Normal termination (return value 0)
		Usr 0 00:02:21, Sys 0 00:00:05  -  Run Remote Usage
		Usr 0 00:00:00, Sys 0 00:00:00  -  Run Local Usage
		Usr 0 00:02:21, Sys 0 00:00:05  -  Total Remote Usage
		Usr 0 00:00:00, Sys 0 00:00:00  -  Total Local Usage
	0  -  Run Bytes Sent By Job
	0  -  Run Bytes Received By Job
	0  -  Total Bytes Sent By Job
	0  -  Total Bytes Received By Job
	Partitionable Resources :    Usage  Request Allocated 
	   Cpus                 :                 1         1 
	   Disk (KB)            :        2        2   6681225 
	   Memory (MB)          :       41   128192    128256 
	   xferslots            :                           0 

	Job terminated of its own accord at 2025-02-03T03:50:14Z with exit-code 0.
...
