000 (2017130.000.000) 2025-01-28 23:08:11 Job submitted from host: <130.199.48.81:9618?addrs=130.199.48.81-9618&alias=rcas2062.rcf.bnl.gov&noUDP&sock=schedd_48563_ad09>
...
001 (2017130.000.000) 2025-01-29 01:35:09 Job executing on host: <130.199.151.30:9618?addrs=130.199.151.30-9618&alias=spool1608.sdcc.bnl.gov&noUDP&sock=startd_7058_de0d>
...
006 (2017130.000.000) 2025-01-29 01:35:18 Image size of job updated: 561312
	88  -  MemoryUsage of job (MB)
	89336  -  ResidentSetSize of job (KB)
...
006 (2017130.000.000) 2025-01-29 01:35:24 Image size of job updated: 561312
	88  -  MemoryUsage of job (MB)
	89340  -  ResidentSetSize of job (KB)
...
005 (2017130.000.000) 2025-01-29 01:35:24 Job terminated.
	(1) Normal termination (return value 0)
		Usr 0 00:00:04, Sys 0 00:00:01  -  Run Remote Usage
		Usr 0 00:00:00, Sys 0 00:00:00  -  Run Local Usage
		Usr 0 00:00:04, Sys 0 00:00:01  -  Total Remote Usage
		Usr 0 00:00:00, Sys 0 00:00:00  -  Total Local Usage
	0  -  Run Bytes Sent By Job
	0  -  Run Bytes Received By Job
	0  -  Total Bytes Sent By Job
	0  -  Total Bytes Received By Job
	Partitionable Resources :    Usage  Request Allocated 
	   Cpus                 :                 1         1 
	   Disk (KB)            :        2        2   6681228 
	   Memory (MB)          :       88   128192    128256 
	   xferslots            :                           0 

	Job terminated of its own accord at 2025-01-29T06:35:24Z with exit-code 0.
...
000 (2017514.000.000) 2025-01-30 00:28:26 Job submitted from host: <130.199.48.81:9618?addrs=130.199.48.81-9618&alias=rcas2062.rcf.bnl.gov&noUDP&sock=schedd_48563_ad09>
...
001 (2017514.000.000) 2025-01-30 07:52:04 Job executing on host: <130.199.207.225:9618?addrs=130.199.207.225-9618&alias=spool1512.sdcc.bnl.gov&noUDP&sock=startd_8017_60f7>
...
006 (2017514.000.000) 2025-01-30 07:52:13 Image size of job updated: 45500
	32  -  MemoryUsage of job (MB)
	32584  -  ResidentSetSize of job (KB)
...
006 (2017514.000.000) 2025-01-30 07:57:14 Image size of job updated: 4830544
	853  -  MemoryUsage of job (MB)
	872456  -  ResidentSetSize of job (KB)
...
006 (2017514.000.000) 2025-01-30 08:02:14 Image size of job updated: 5720524
	1693  -  MemoryUsage of job (MB)
	1733368  -  ResidentSetSize of job (KB)
...
006 (2017514.000.000) 2025-01-30 08:07:14 Image size of job updated: 7040612
	3473  -  MemoryUsage of job (MB)
	3555644  -  ResidentSetSize of job (KB)
...
006 (2017514.000.000) 2025-01-30 08:12:15 Image size of job updated: 8498700
	4897  -  MemoryUsage of job (MB)
	5014512  -  ResidentSetSize of job (KB)
...
006 (2017514.000.000) 2025-01-30 08:17:16 Image size of job updated: 10569928
	6503  -  MemoryUsage of job (MB)
	6658604  -  ResidentSetSize of job (KB)
...
006 (2017514.000.000) 2025-01-30 08:22:16 Image size of job updated: 11438452
	7875  -  MemoryUsage of job (MB)
	8063608  -  ResidentSetSize of job (KB)
...
006 (2017514.000.000) 2025-01-30 08:27:17 Image size of job updated: 13308200
	9335  -  MemoryUsage of job (MB)
	9558388  -  ResidentSetSize of job (KB)
...
006 (2017514.000.000) 2025-01-30 08:32:18 Image size of job updated: 14917136
	10945  -  MemoryUsage of job (MB)
	11206964  -  ResidentSetSize of job (KB)
...
006 (2017514.000.000) 2025-01-30 08:37:18 Image size of job updated: 16314252
	12259  -  MemoryUsage of job (MB)
	12552404  -  ResidentSetSize of job (KB)
...
006 (2017514.000.000) 2025-01-30 08:42:18 Image size of job updated: 17345708
	13361  -  MemoryUsage of job (MB)
	13681584  -  ResidentSetSize of job (KB)
...
006 (2017514.000.000) 2025-01-30 08:47:19 Image size of job updated: 18680188
	14642  -  MemoryUsage of job (MB)
	14993380  -  ResidentSetSize of job (KB)
...
006 (2017514.000.000) 2025-01-30 08:52:19 Image size of job updated: 19600224
	15804  -  MemoryUsage of job (MB)
	16183048  -  ResidentSetSize of job (KB)
...
006 (2017514.000.000) 2025-01-30 08:57:19 Image size of job updated: 21540276
	17086  -  MemoryUsage of job (MB)
	17495636  -  ResidentSetSize of job (KB)
...
006 (2017514.000.000) 2025-01-30 09:02:20 Image size of job updated: 22446200
	18381  -  MemoryUsage of job (MB)
	18821152  -  ResidentSetSize of job (KB)
...
006 (2017514.000.000) 2025-01-30 09:07:20 Image size of job updated: 23681668
	19516  -  MemoryUsage of job (MB)
	19983484  -  ResidentSetSize of job (KB)
...
006 (2017514.000.000) 2025-01-30 09:12:20 Image size of job updated: 24618732
	20478  -  MemoryUsage of job (MB)
	20968764  -  ResidentSetSize of job (KB)
...
006 (2017514.000.000) 2025-01-30 09:17:21 Image size of job updated: 25610800
	21171  -  MemoryUsage of job (MB)
	21678636  -  ResidentSetSize of job (KB)
...
006 (2017514.000.000) 2025-01-30 09:22:21 Image size of job updated: 26143168
	22039  -  MemoryUsage of job (MB)
	22567440  -  ResidentSetSize of job (KB)
...
006 (2017514.000.000) 2025-01-30 09:27:21 Image size of job updated: 27005092
	22817  -  MemoryUsage of job (MB)
	23363952  -  ResidentSetSize of job (KB)
...
006 (2017514.000.000) 2025-01-30 09:32:22 Image size of job updated: 28074004
	23696  -  MemoryUsage of job (MB)
	24264428  -  ResidentSetSize of job (KB)
...
006 (2017514.000.000) 2025-01-30 09:37:23 Image size of job updated: 28815776
	24588  -  MemoryUsage of job (MB)
	25177156  -  ResidentSetSize of job (KB)
...
006 (2017514.000.000) 2025-01-30 09:42:23 Image size of job updated: 29854532
	25447  -  MemoryUsage of job (MB)
	26057660  -  ResidentSetSize of job (KB)
...
006 (2017514.000.000) 2025-01-30 09:47:24 Image size of job updated: 30581852
	26247  -  MemoryUsage of job (MB)
	26876616  -  ResidentSetSize of job (KB)
...
006 (2017514.000.000) 2025-01-30 09:52:25 Image size of job updated: 31650992
	27209  -  MemoryUsage of job (MB)
	27861984  -  ResidentSetSize of job (KB)
...
006 (2017514.000.000) 2025-01-30 09:57:25 Image size of job updated: 32623980
	28120  -  MemoryUsage of job (MB)
	28794600  -  ResidentSetSize of job (KB)
...
006 (2017514.000.000) 2025-01-30 10:09:54 Image size of job updated: 33467948
	31192  -  MemoryUsage of job (MB)
	31940320  -  ResidentSetSize of job (KB)
...
006 (2017514.000.000) 2025-01-30 10:32:23 Image size of job updated: 39402496
	34906  -  MemoryUsage of job (MB)
	35743676  -  ResidentSetSize of job (KB)
...
006 (2017514.000.000) 2025-01-30 10:50:23 Image size of job updated: 42583564
	37771  -  MemoryUsage of job (MB)
	38677216  -  ResidentSetSize of job (KB)
...
006 (2017514.000.000) 2025-01-30 11:01:11 Image size of job updated: 43896064
	39364  -  MemoryUsage of job (MB)
	40308272  -  ResidentSetSize of job (KB)
...
006 (2017514.000.000) 2025-01-30 11:07:40 Image size of job updated: 45043588
	40202  -  MemoryUsage of job (MB)
	41166428  -  ResidentSetSize of job (KB)
...
006 (2017514.000.000) 2025-01-30 11:12:41 Image size of job updated: 45713264
	41129  -  MemoryUsage of job (MB)
	42115156  -  ResidentSetSize of job (KB)
...
006 (2017514.000.000) 2025-01-30 11:17:41 Image size of job updated: 46529024
	41749  -  MemoryUsage of job (MB)
	42750440  -  ResidentSetSize of job (KB)
...
006 (2017514.000.000) 2025-01-30 11:22:41 Image size of job updated: 47627440
	42714  -  MemoryUsage of job (MB)
	43738768  -  ResidentSetSize of job (KB)
...
006 (2017514.000.000) 2025-01-30 11:27:42 Image size of job updated: 48114640
	43538  -  MemoryUsage of job (MB)
	44581932  -  ResidentSetSize of job (KB)
...
006 (2017514.000.000) 2025-01-30 11:32:43 Image size of job updated: 49025496
	44187  -  MemoryUsage of job (MB)
	45246932  -  ResidentSetSize of job (KB)
...
006 (2017514.000.000) 2025-01-30 11:37:43 Image size of job updated: 49720156
	44945  -  MemoryUsage of job (MB)
	46023208  -  ResidentSetSize of job (KB)
...
006 (2017514.000.000) 2025-01-30 11:42:45 Image size of job updated: 50388340
	45703  -  MemoryUsage of job (MB)
	46799472  -  ResidentSetSize of job (KB)
...
006 (2017514.000.000) 2025-01-30 11:47:45 Image size of job updated: 51339480
	46313  -  MemoryUsage of job (MB)
	47423768  -  ResidentSetSize of job (KB)
...
006 (2017514.000.000) 2025-01-30 11:52:45 Image size of job updated: 51949844
	47004  -  MemoryUsage of job (MB)
	48131740  -  ResidentSetSize of job (KB)
...
006 (2017514.000.000) 2025-01-30 11:57:46 Image size of job updated: 52894080
	47957  -  MemoryUsage of job (MB)
	49107172  -  ResidentSetSize of job (KB)
...
006 (2017514.000.000) 2025-01-30 12:02:47 Image size of job updated: 53687268
	48595  -  MemoryUsage of job (MB)
	49760684  -  ResidentSetSize of job (KB)
...
006 (2017514.000.000) 2025-01-30 12:07:47 Image size of job updated: 54363160
	49537  -  MemoryUsage of job (MB)
	50725364  -  ResidentSetSize of job (KB)
...
006 (2017514.000.000) 2025-01-30 12:12:48 Image size of job updated: 55405360
	50274  -  MemoryUsage of job (MB)
	51480572  -  ResidentSetSize of job (KB)
...
006 (2017514.000.000) 2025-01-30 12:17:49 Image size of job updated: 56328664
	51176  -  MemoryUsage of job (MB)
	52403296  -  ResidentSetSize of job (KB)
...
006 (2017514.000.000) 2025-01-30 12:22:49 Image size of job updated: 56832432
	51860  -  MemoryUsage of job (MB)
	53103800  -  ResidentSetSize of job (KB)
...
006 (2017514.000.000) 2025-01-30 12:27:49 Image size of job updated: 57401396
	52733  -  MemoryUsage of job (MB)
	53998228  -  ResidentSetSize of job (KB)
...
006 (2017514.000.000) 2025-01-30 12:32:50 Image size of job updated: 58644752
	53474  -  MemoryUsage of job (MB)
	54757332  -  ResidentSetSize of job (KB)
...
006 (2017514.000.000) 2025-01-30 12:37:50 Image size of job updated: 59367540
	54366  -  MemoryUsage of job (MB)
	55670712  -  ResidentSetSize of job (KB)
...
006 (2017514.000.000) 2025-01-30 12:42:50 Image size of job updated: 60105372
	55188  -  MemoryUsage of job (MB)
	56511752  -  ResidentSetSize of job (KB)
...
006 (2017514.000.000) 2025-01-30 12:47:52 Image size of job updated: 61427280
	56015  -  MemoryUsage of job (MB)
	57358924  -  ResidentSetSize of job (KB)
...
006 (2017514.000.000) 2025-01-30 12:52:52 Image size of job updated: 62032704
	56864  -  MemoryUsage of job (MB)
	58227960  -  ResidentSetSize of job (KB)
...
006 (2017514.000.000) 2025-01-30 12:57:52 Image size of job updated: 63111912
	57642  -  MemoryUsage of job (MB)
	59025084  -  ResidentSetSize of job (KB)
...
006 (2017514.000.000) 2025-01-30 13:02:54 Image size of job updated: 63821568
	58416  -  MemoryUsage of job (MB)
	59817772  -  ResidentSetSize of job (KB)
...
006 (2017514.000.000) 2025-01-30 13:07:54 Image size of job updated: 64644656
	59203  -  MemoryUsage of job (MB)
	60623468  -  ResidentSetSize of job (KB)
...
006 (2017514.000.000) 2025-01-30 13:12:54 Image size of job updated: 65221140
	60153  -  MemoryUsage of job (MB)
	61596428  -  ResidentSetSize of job (KB)
...
006 (2017514.000.000) 2025-01-30 13:17:55 Image size of job updated: 66006928
	61021  -  MemoryUsage of job (MB)
	62484704  -  ResidentSetSize of job (KB)
...
006 (2017514.000.000) 2025-01-30 13:22:56 Image size of job updated: 66985264
	61864  -  MemoryUsage of job (MB)
	63347788  -  ResidentSetSize of job (KB)
...
006 (2017514.000.000) 2025-01-30 13:27:56 Image size of job updated: 68096692
	62658  -  MemoryUsage of job (MB)
	64161456  -  ResidentSetSize of job (KB)
...
006 (2017514.000.000) 2025-01-30 13:32:57 Image size of job updated: 68956584
	63599  -  MemoryUsage of job (MB)
	65124768  -  ResidentSetSize of job (KB)
...
006 (2017514.000.000) 2025-01-30 13:37:58 Image size of job updated: 69988072
	64411  -  MemoryUsage of job (MB)
	65955976  -  ResidentSetSize of job (KB)
...
006 (2017514.000.000) 2025-01-30 13:42:58 Image size of job updated: 70629984
	65143  -  MemoryUsage of job (MB)
	66705692  -  ResidentSetSize of job (KB)
...
006 (2017514.000.000) 2025-01-30 13:47:58 Image size of job updated: 71079288
	65941  -  MemoryUsage of job (MB)
	67523220  -  ResidentSetSize of job (KB)
...
006 (2017514.000.000) 2025-01-30 13:52:59 Image size of job updated: 72070312
	66780  -  MemoryUsage of job (MB)
	68381996  -  ResidentSetSize of job (KB)
...
006 (2017514.000.000) 2025-01-30 13:57:59 Image size of job updated: 73247868
	67606  -  MemoryUsage of job (MB)
	69228108  -  ResidentSetSize of job (KB)
...
006 (2017514.000.000) 2025-01-30 14:02:59 Image size of job updated: 74257040
	68606  -  MemoryUsage of job (MB)
	70252016  -  ResidentSetSize of job (KB)
...
006 (2017514.000.000) 2025-01-30 14:08:00 Image size of job updated: 75008840
	69271  -  MemoryUsage of job (MB)
	70932928  -  ResidentSetSize of job (KB)
...
006 (2017514.000.000) 2025-01-30 14:13:00 Image size of job updated: 75584940
	70162  -  MemoryUsage of job (MB)
	71845816  -  ResidentSetSize of job (KB)
...
006 (2017514.000.000) 2025-01-30 14:18:00 Image size of job updated: 76481140
	71099  -  MemoryUsage of job (MB)
	72804536  -  ResidentSetSize of job (KB)
...
006 (2017514.000.000) 2025-01-30 14:19:41 Image size of job updated: 76754872
	71099  -  MemoryUsage of job (MB)
	72804536  -  ResidentSetSize of job (KB)
...
005 (2017514.000.000) 2025-01-30 14:19:41 Job terminated.
	(1) Normal termination (return value 0)
		Usr 0 03:31:20, Sys 0 00:34:14  -  Run Remote Usage
		Usr 0 00:00:00, Sys 0 00:00:00  -  Run Local Usage
		Usr 0 03:31:20, Sys 0 00:34:14  -  Total Remote Usage
		Usr 0 00:00:00, Sys 0 00:00:00  -  Total Local Usage
	0  -  Run Bytes Sent By Job
	0  -  Run Bytes Received By Job
	0  -  Total Bytes Sent By Job
	0  -  Total Bytes Received By Job
	Partitionable Resources :    Usage  Request Allocated 
	   Cpus                 :     0.38        1         1 
	   Disk (KB)            :     2           2   6681236 
	   Memory (MB)          : 71099      128192    128256 
	   xferslots            :                           0 

	Job terminated of its own accord at 2025-01-30T19:19:41Z with exit-code 0.
...
000 (2018960.000.000) 2025-02-02 20:32:37 Job submitted from host: <130.199.48.81:9618?addrs=130.199.48.81-9618&alias=rcas2062.rcf.bnl.gov&noUDP&sock=schedd_48563_ad09>
...
001 (2018960.000.000) 2025-02-02 20:40:58 Job executing on host: <130.199.151.32:9618?addrs=130.199.151.32-9618&alias=spool1610.sdcc.bnl.gov&noUDP&sock=startd_73852_533e>
...
006 (2018960.000.000) 2025-02-02 20:41:07 Image size of job updated: 553424
	74  -  MemoryUsage of job (MB)
	75060  -  ResidentSetSize of job (KB)
...
006 (2018960.000.000) 2025-02-02 20:43:50 Image size of job updated: 4000960
	74  -  MemoryUsage of job (MB)
	75060  -  ResidentSetSize of job (KB)
...
005 (2018960.000.000) 2025-02-02 20:43:50 Job terminated.
	(1) Normal termination (return value 0)
		Usr 0 00:02:19, Sys 0 00:00:06  -  Run Remote Usage
		Usr 0 00:00:00, Sys 0 00:00:00  -  Run Local Usage
		Usr 0 00:02:19, Sys 0 00:00:06  -  Total Remote Usage
		Usr 0 00:00:00, Sys 0 00:00:00  -  Total Local Usage
	0  -  Run Bytes Sent By Job
	0  -  Run Bytes Received By Job
	0  -  Total Bytes Sent By Job
	0  -  Total Bytes Received By Job
	Partitionable Resources :    Usage  Request Allocated 
	   Cpus                 :     0.32        1         1 
	   Disk (KB)            :     2           2   6681229 
	   Memory (MB)          :    74      128192    128256 
	   xferslots            :                           0 

	Job terminated of its own accord at 2025-02-03T01:43:50Z with exit-code 0.
...
000 (2019344.000.000) 2025-02-02 20:57:06 Job submitted from host: <130.199.48.81:9618?addrs=130.199.48.81-9618&alias=rcas2062.rcf.bnl.gov&noUDP&sock=schedd_48563_ad09>
...
001 (2019344.000.000) 2025-02-02 21:02:32 Job executing on host: <130.199.150.90:9618?addrs=130.199.150.90-9618&alias=spool1571.sdcc.bnl.gov&noUDP&sock=startd_39549_dbd4>
...
006 (2019344.000.000) 2025-02-02 21:02:41 Image size of job updated: 586500
	95  -  MemoryUsage of job (MB)
	96884  -  ResidentSetSize of job (KB)
...
006 (2019344.000.000) 2025-02-02 21:05:08 Image size of job updated: 4000960
	95  -  MemoryUsage of job (MB)
	96884  -  ResidentSetSize of job (KB)
...
005 (2019344.000.000) 2025-02-02 21:05:08 Job terminated.
	(1) Normal termination (return value 0)
		Usr 0 00:02:16, Sys 0 00:00:06  -  Run Remote Usage
		Usr 0 00:00:00, Sys 0 00:00:00  -  Run Local Usage
		Usr 0 00:02:16, Sys 0 00:00:06  -  Total Remote Usage
		Usr 0 00:00:00, Sys 0 00:00:00  -  Total Local Usage
	0  -  Run Bytes Sent By Job
	0  -  Run Bytes Received By Job
	0  -  Total Bytes Sent By Job
	0  -  Total Bytes Received By Job
	Partitionable Resources :    Usage  Request Allocated 
	   Cpus                 :                 1         1 
	   Disk (KB)            :        2        2   6681235 
	   Memory (MB)          :       95   128192    128256 
	   xferslots            :                           0 

	Job terminated of its own accord at 2025-02-03T02:05:08Z with exit-code 0.
...
000 (2019728.000.000) 2025-02-02 22:34:46 Job submitted from host: <130.199.48.81:9618?addrs=130.199.48.81-9618&alias=rcas2062.rcf.bnl.gov&noUDP&sock=schedd_48563_ad09>
...
001 (2019728.000.000) 2025-02-02 22:45:48 Job executing on host: <130.199.184.211:9618?addrs=130.199.184.211-9618&alias=spool1786.sdcc.bnl.gov&noUDP&sock=startd_77954_8e6f>
...
006 (2019728.000.000) 2025-02-02 22:45:56 Image size of job updated: 298936
	8  -  MemoryUsage of job (MB)
	7496  -  ResidentSetSize of job (KB)
...
006 (2019728.000.000) 2025-02-02 22:49:02 Image size of job updated: 4000956
	8  -  MemoryUsage of job (MB)
	7496  -  ResidentSetSize of job (KB)
...
005 (2019728.000.000) 2025-02-02 22:49:02 Job terminated.
	(1) Normal termination (return value 0)
		Usr 0 00:02:27, Sys 0 00:00:06  -  Run Remote Usage
		Usr 0 00:00:00, Sys 0 00:00:00  -  Run Local Usage
		Usr 0 00:02:27, Sys 0 00:00:06  -  Total Remote Usage
		Usr 0 00:00:00, Sys 0 00:00:00  -  Total Local Usage
	0  -  Run Bytes Sent By Job
	0  -  Run Bytes Received By Job
	0  -  Total Bytes Sent By Job
	0  -  Total Bytes Received By Job
	Partitionable Resources :    Usage  Request Allocated 
	   Cpus                 :     0.76        1         1 
	   Disk (KB)            :     2           2   6681627 
	   Memory (MB)          :     8      128192    128256 
	   xferslots            :                           0 

	Job terminated of its own accord at 2025-02-03T03:49:02Z with exit-code 0.
...
