000 (2016958.000.000) 2025-01-28 23:07:57 Job submitted from host: <130.199.48.81:9618?addrs=130.199.48.81-9618&alias=rcas2062.rcf.bnl.gov&noUDP&sock=schedd_48563_ad09>
...
001 (2016958.000.000) 2025-01-28 23:17:20 Job executing on host: <130.199.186.24:9618?addrs=130.199.186.24-9618&alias=spool1821.sdcc.bnl.gov&noUDP&sock=startd_30284_9a6a>
...
006 (2016958.000.000) 2025-01-28 23:17:29 Image size of job updated: 13132
	8  -  MemoryUsage of job (MB)
	7240  -  ResidentSetSize of job (KB)
...
006 (2016958.000.000) 2025-01-28 23:22:30 Image size of job updated: 5105800
	1246  -  MemoryUsage of job (MB)
	1274932  -  ResidentSetSize of job (KB)
...
006 (2016958.000.000) 2025-01-28 23:27:31 Image size of job updated: 6080736
	2246  -  MemoryUsage of job (MB)
	2299704  -  ResidentSetSize of job (KB)
...
006 (2016958.000.000) 2025-01-28 23:32:31 Image size of job updated: 6927660
	3298  -  MemoryUsage of job (MB)
	3376884  -  ResidentSetSize of job (KB)
...
006 (2016958.000.000) 2025-01-28 23:37:31 Image size of job updated: 8281588
	4342  -  MemoryUsage of job (MB)
	4445996  -  ResidentSetSize of job (KB)
...
006 (2016958.000.000) 2025-01-28 23:42:32 Image size of job updated: 9102580
	5238  -  MemoryUsage of job (MB)
	5363120  -  ResidentSetSize of job (KB)
...
006 (2016958.000.000) 2025-01-28 23:47:32 Image size of job updated: 9742948
	5983  -  MemoryUsage of job (MB)
	6125948  -  ResidentSetSize of job (KB)
...
006 (2016958.000.000) 2025-01-28 23:52:33 Image size of job updated: 10884236
	7094  -  MemoryUsage of job (MB)
	7263568  -  ResidentSetSize of job (KB)
...
006 (2016958.000.000) 2025-01-28 23:57:34 Image size of job updated: 12299640
	8175  -  MemoryUsage of job (MB)
	8370792  -  ResidentSetSize of job (KB)
...
006 (2016958.000.000) 2025-01-29 00:02:34 Image size of job updated: 13057252
	9314  -  MemoryUsage of job (MB)
	9537352  -  ResidentSetSize of job (KB)
...
006 (2016958.000.000) 2025-01-29 00:07:35 Image size of job updated: 13880528
	10127  -  MemoryUsage of job (MB)
	10369596  -  ResidentSetSize of job (KB)
...
006 (2016958.000.000) 2025-01-29 00:12:35 Image size of job updated: 15206396
	10966  -  MemoryUsage of job (MB)
	11228384  -  ResidentSetSize of job (KB)
...
006 (2016958.000.000) 2025-01-29 00:17:35 Image size of job updated: 16098084
	11845  -  MemoryUsage of job (MB)
	12129244  -  ResidentSetSize of job (KB)
...
006 (2016958.000.000) 2025-01-29 00:22:36 Image size of job updated: 16776692
	12860  -  MemoryUsage of job (MB)
	13167852  -  ResidentSetSize of job (KB)
...
006 (2016958.000.000) 2025-01-29 00:27:36 Image size of job updated: 17952004
	13671  -  MemoryUsage of job (MB)
	13998144  -  ResidentSetSize of job (KB)
...
006 (2016958.000.000) 2025-01-29 00:32:37 Image size of job updated: 18750628
	14746  -  MemoryUsage of job (MB)
	15099628  -  ResidentSetSize of job (KB)
...
006 (2016958.000.000) 2025-01-29 00:37:38 Image size of job updated: 19482748
	15489  -  MemoryUsage of job (MB)
	15859916  -  ResidentSetSize of job (KB)
...
006 (2016958.000.000) 2025-01-29 00:42:38 Image size of job updated: 20233728
	16281  -  MemoryUsage of job (MB)
	16671588  -  ResidentSetSize of job (KB)
...
006 (2016958.000.000) 2025-01-29 00:47:38 Image size of job updated: 21356792
	17228  -  MemoryUsage of job (MB)
	17641156  -  ResidentSetSize of job (KB)
...
006 (2016958.000.000) 2025-01-29 00:52:39 Image size of job updated: 22044484
	18153  -  MemoryUsage of job (MB)
	18588420  -  ResidentSetSize of job (KB)
...
006 (2016958.000.000) 2025-01-29 00:57:39 Image size of job updated: 23212588
	18805  -  MemoryUsage of job (MB)
	19256116  -  ResidentSetSize of job (KB)
...
006 (2016958.000.000) 2025-01-29 01:02:39 Image size of job updated: 23853320
	19688  -  MemoryUsage of job (MB)
	20159680  -  ResidentSetSize of job (KB)
...
006 (2016958.000.000) 2025-01-29 01:07:40 Image size of job updated: 24748168
	20435  -  MemoryUsage of job (MB)
	20925100  -  ResidentSetSize of job (KB)
...
006 (2016958.000.000) 2025-01-29 01:12:41 Image size of job updated: 25291808
	21211  -  MemoryUsage of job (MB)
	21719268  -  ResidentSetSize of job (KB)
...
006 (2016958.000.000) 2025-01-29 01:17:41 Image size of job updated: 26077080
	21857  -  MemoryUsage of job (MB)
	22381324  -  ResidentSetSize of job (KB)
...
006 (2016958.000.000) 2025-01-29 01:22:42 Image size of job updated: 27177292
	22644  -  MemoryUsage of job (MB)
	23187224  -  ResidentSetSize of job (KB)
...
006 (2016958.000.000) 2025-01-29 01:27:43 Image size of job updated: 27807908
	23594  -  MemoryUsage of job (MB)
	24159996  -  ResidentSetSize of job (KB)
...
006 (2016958.000.000) 2025-01-29 01:32:43 Image size of job updated: 28993384
	24352  -  MemoryUsage of job (MB)
	24935900  -  ResidentSetSize of job (KB)
...
006 (2016958.000.000) 2025-01-29 01:37:44 Image size of job updated: 29477332
	25170  -  MemoryUsage of job (MB)
	25773688  -  ResidentSetSize of job (KB)
...
006 (2016958.000.000) 2025-01-29 01:42:45 Image size of job updated: 30392304
	25837  -  MemoryUsage of job (MB)
	26456596  -  ResidentSetSize of job (KB)
...
006 (2016958.000.000) 2025-01-29 01:47:45 Image size of job updated: 31211272
	26719  -  MemoryUsage of job (MB)
	27359876  -  ResidentSetSize of job (KB)
...
006 (2016958.000.000) 2025-01-29 01:52:45 Image size of job updated: 32045352
	27599  -  MemoryUsage of job (MB)
	28261068  -  ResidentSetSize of job (KB)
...
006 (2016958.000.000) 2025-01-29 01:57:46 Image size of job updated: 33082884
	28356  -  MemoryUsage of job (MB)
	29036224  -  ResidentSetSize of job (KB)
...
006 (2016958.000.000) 2025-01-29 02:02:46 Image size of job updated: 33463348
	29331  -  MemoryUsage of job (MB)
	30034292  -  ResidentSetSize of job (KB)
...
006 (2016958.000.000) 2025-01-29 02:07:46 Image size of job updated: 34623824
	30366  -  MemoryUsage of job (MB)
	31094764  -  ResidentSetSize of job (KB)
...
006 (2016958.000.000) 2025-01-29 02:12:47 Image size of job updated: 35682984
	31225  -  MemoryUsage of job (MB)
	31974092  -  ResidentSetSize of job (KB)
...
006 (2016958.000.000) 2025-01-29 02:17:47 Image size of job updated: 36406128
	31898  -  MemoryUsage of job (MB)
	32663004  -  ResidentSetSize of job (KB)
...
006 (2016958.000.000) 2025-01-29 02:22:47 Image size of job updated: 37221140
	32755  -  MemoryUsage of job (MB)
	33541052  -  ResidentSetSize of job (KB)
...
006 (2016958.000.000) 2025-01-29 02:27:48 Image size of job updated: 37958324
	33532  -  MemoryUsage of job (MB)
	34335816  -  ResidentSetSize of job (KB)
...
006 (2016958.000.000) 2025-01-29 02:32:49 Image size of job updated: 39162796
	34238  -  MemoryUsage of job (MB)
	35059328  -  ResidentSetSize of job (KB)
...
006 (2016958.000.000) 2025-01-29 02:37:49 Image size of job updated: 39558104
	35168  -  MemoryUsage of job (MB)
	36012000  -  ResidentSetSize of job (KB)
...
006 (2016958.000.000) 2025-01-29 02:42:50 Image size of job updated: 40350160
	35776  -  MemoryUsage of job (MB)
	36634416  -  ResidentSetSize of job (KB)
...
006 (2016958.000.000) 2025-01-29 02:47:50 Image size of job updated: 41225824
	36627  -  MemoryUsage of job (MB)
	37505756  -  ResidentSetSize of job (KB)
...
006 (2016958.000.000) 2025-01-29 02:52:51 Image size of job updated: 42147852
	37462  -  MemoryUsage of job (MB)
	38360520  -  ResidentSetSize of job (KB)
...
006 (2016958.000.000) 2025-01-29 02:57:52 Image size of job updated: 43006036
	38113  -  MemoryUsage of job (MB)
	39027436  -  ResidentSetSize of job (KB)
...
006 (2016958.000.000) 2025-01-29 03:02:52 Image size of job updated: 43589116
	39077  -  MemoryUsage of job (MB)
	40014740  -  ResidentSetSize of job (KB)
...
006 (2016958.000.000) 2025-01-29 03:07:53 Image size of job updated: 44406752
	39772  -  MemoryUsage of job (MB)
	40725808  -  ResidentSetSize of job (KB)
...
006 (2016958.000.000) 2025-01-29 03:12:54 Image size of job updated: 45359260
	40594  -  MemoryUsage of job (MB)
	41567296  -  ResidentSetSize of job (KB)
...
006 (2016958.000.000) 2025-01-29 03:17:54 Image size of job updated: 46231192
	41300  -  MemoryUsage of job (MB)
	42290528  -  ResidentSetSize of job (KB)
...
006 (2016958.000.000) 2025-01-29 03:22:55 Image size of job updated: 46724212
	42244  -  MemoryUsage of job (MB)
	43257272  -  ResidentSetSize of job (KB)
...
006 (2016958.000.000) 2025-01-29 03:26:51 Image size of job updated: 47401940
	42245  -  MemoryUsage of job (MB)
	43257988  -  ResidentSetSize of job (KB)
...
005 (2016958.000.000) 2025-01-29 03:26:51 Job terminated.
	(1) Normal termination (return value 0)
		Usr 0 02:00:19, Sys 0 00:21:16  -  Run Remote Usage
		Usr 0 00:00:00, Sys 0 00:00:00  -  Run Local Usage
		Usr 0 02:00:19, Sys 0 00:21:16  -  Total Remote Usage
		Usr 0 00:00:00, Sys 0 00:00:00  -  Total Local Usage
	0  -  Run Bytes Sent By Job
	0  -  Run Bytes Received By Job
	0  -  Total Bytes Sent By Job
	0  -  Total Bytes Received By Job
	Partitionable Resources :    Usage  Request Allocated 
	   Cpus                 :     0.57        1         1 
	   Disk (KB)            :     2           2   6681648 
	   Memory (MB)          : 42245      128192    128256 
	   xferslots            :                           0 

	Job terminated of its own accord at 2025-01-29T08:26:51Z with exit-code 0.
...
000 (2017342.000.000) 2025-01-30 00:28:08 Job submitted from host: <130.199.48.81:9618?addrs=130.199.48.81-9618&alias=rcas2062.rcf.bnl.gov&noUDP&sock=schedd_48563_ad09>
...
001 (2017342.000.000) 2025-01-30 01:35:59 Job executing on host: <130.199.186.71:9618?addrs=130.199.186.71-9618&alias=spool1834.sdcc.bnl.gov&noUDP&sock=startd_78963_e463>
...
006 (2017342.000.000) 2025-01-30 01:36:07 Image size of job updated: 37784
	30  -  MemoryUsage of job (MB)
	30544  -  ResidentSetSize of job (KB)
...
006 (2017342.000.000) 2025-01-30 01:41:07 Image size of job updated: 5109884
	1294  -  MemoryUsage of job (MB)
	1324504  -  ResidentSetSize of job (KB)
...
006 (2017342.000.000) 2025-01-30 01:46:08 Image size of job updated: 6833912
	3296  -  MemoryUsage of job (MB)
	3374332  -  ResidentSetSize of job (KB)
...
006 (2017342.000.000) 2025-01-30 01:51:08 Image size of job updated: 8444032
	4925  -  MemoryUsage of job (MB)
	5042488  -  ResidentSetSize of job (KB)
...
006 (2017342.000.000) 2025-01-30 01:56:08 Image size of job updated: 10092236
	6060  -  MemoryUsage of job (MB)
	6204680  -  ResidentSetSize of job (KB)
...
006 (2017342.000.000) 2025-01-30 02:01:09 Image size of job updated: 11494700
	7644  -  MemoryUsage of job (MB)
	7826552  -  ResidentSetSize of job (KB)
...
006 (2017342.000.000) 2025-01-30 02:06:09 Image size of job updated: 13479896
	9315  -  MemoryUsage of job (MB)
	9538032  -  ResidentSetSize of job (KB)
...
006 (2017342.000.000) 2025-01-30 02:11:09 Image size of job updated: 14535400
	10726  -  MemoryUsage of job (MB)
	10982544  -  ResidentSetSize of job (KB)
...
006 (2017342.000.000) 2025-01-30 02:16:10 Image size of job updated: 16037604
	12115  -  MemoryUsage of job (MB)
	12404760  -  ResidentSetSize of job (KB)
...
006 (2017342.000.000) 2025-01-30 02:21:11 Image size of job updated: 17416344
	13544  -  MemoryUsage of job (MB)
	13868776  -  ResidentSetSize of job (KB)
...
006 (2017342.000.000) 2025-01-30 02:26:11 Image size of job updated: 18713660
	14794  -  MemoryUsage of job (MB)
	15148252  -  ResidentSetSize of job (KB)
...
006 (2017342.000.000) 2025-01-30 02:31:12 Image size of job updated: 20757496
	16331  -  MemoryUsage of job (MB)
	16722656  -  ResidentSetSize of job (KB)
...
006 (2017342.000.000) 2025-01-30 02:36:13 Image size of job updated: 21872220
	17760  -  MemoryUsage of job (MB)
	18185932  -  ResidentSetSize of job (KB)
...
006 (2017342.000.000) 2025-01-30 02:41:13 Image size of job updated: 23164476
	18882  -  MemoryUsage of job (MB)
	19334560  -  ResidentSetSize of job (KB)
...
006 (2017342.000.000) 2025-01-30 02:46:13 Image size of job updated: 24286092
	20039  -  MemoryUsage of job (MB)
	20519440  -  ResidentSetSize of job (KB)
...
006 (2017342.000.000) 2025-01-30 02:51:14 Image size of job updated: 25225932
	21208  -  MemoryUsage of job (MB)
	21716140  -  ResidentSetSize of job (KB)
...
006 (2017342.000.000) 2025-01-30 02:56:14 Image size of job updated: 26301180
	21979  -  MemoryUsage of job (MB)
	22505540  -  ResidentSetSize of job (KB)
...
006 (2017342.000.000) 2025-01-30 03:01:15 Image size of job updated: 27283232
	23178  -  MemoryUsage of job (MB)
	23733472  -  ResidentSetSize of job (KB)
...
006 (2017342.000.000) 2025-01-30 03:06:16 Image size of job updated: 28424628
	23977  -  MemoryUsage of job (MB)
	24551480  -  ResidentSetSize of job (KB)
...
006 (2017342.000.000) 2025-01-30 03:11:16 Image size of job updated: 29428084
	25185  -  MemoryUsage of job (MB)
	25789428  -  ResidentSetSize of job (KB)
...
006 (2017342.000.000) 2025-01-30 03:16:16 Image size of job updated: 30670580
	26240  -  MemoryUsage of job (MB)
	26869188  -  ResidentSetSize of job (KB)
...
006 (2017342.000.000) 2025-01-30 03:21:17 Image size of job updated: 31588612
	27291  -  MemoryUsage of job (MB)
	27945372  -  ResidentSetSize of job (KB)
...
006 (2017342.000.000) 2025-01-30 03:26:17 Image size of job updated: 32739240
	28355  -  MemoryUsage of job (MB)
	29034704  -  ResidentSetSize of job (KB)
...
006 (2017342.000.000) 2025-01-30 03:31:17 Image size of job updated: 34293336
	29552  -  MemoryUsage of job (MB)
	30260344  -  ResidentSetSize of job (KB)
...
006 (2017342.000.000) 2025-01-30 03:36:18 Image size of job updated: 35316764
	30878  -  MemoryUsage of job (MB)
	31619028  -  ResidentSetSize of job (KB)
...
006 (2017342.000.000) 2025-01-30 03:41:18 Image size of job updated: 36373876
	31849  -  MemoryUsage of job (MB)
	32612412  -  ResidentSetSize of job (KB)
...
006 (2017342.000.000) 2025-01-30 03:46:18 Image size of job updated: 37449176
	32890  -  MemoryUsage of job (MB)
	33679276  -  ResidentSetSize of job (KB)
...
006 (2017342.000.000) 2025-01-30 03:51:19 Image size of job updated: 38649000
	34016  -  MemoryUsage of job (MB)
	34831684  -  ResidentSetSize of job (KB)
...
006 (2017342.000.000) 2025-01-30 03:56:20 Image size of job updated: 39460116
	35208  -  MemoryUsage of job (MB)
	36052288  -  ResidentSetSize of job (KB)
...
006 (2017342.000.000) 2025-01-30 04:01:20 Image size of job updated: 40943668
	36291  -  MemoryUsage of job (MB)
	37161360  -  ResidentSetSize of job (KB)
...
006 (2017342.000.000) 2025-01-30 04:06:21 Image size of job updated: 41932904
	37216  -  MemoryUsage of job (MB)
	38108224  -  ResidentSetSize of job (KB)
...
006 (2017342.000.000) 2025-01-30 04:11:22 Image size of job updated: 42718724
	38202  -  MemoryUsage of job (MB)
	39118464  -  ResidentSetSize of job (KB)
...
006 (2017342.000.000) 2025-01-30 04:16:22 Image size of job updated: 43834368
	39321  -  MemoryUsage of job (MB)
	40263992  -  ResidentSetSize of job (KB)
...
006 (2017342.000.000) 2025-01-30 04:21:22 Image size of job updated: 44984944
	40334  -  MemoryUsage of job (MB)
	41301240  -  ResidentSetSize of job (KB)
...
006 (2017342.000.000) 2025-01-30 04:26:23 Image size of job updated: 46130772
	41255  -  MemoryUsage of job (MB)
	42244672  -  ResidentSetSize of job (KB)
...
006 (2017342.000.000) 2025-01-30 04:31:23 Image size of job updated: 47235132
	42592  -  MemoryUsage of job (MB)
	43613392  -  ResidentSetSize of job (KB)
...
006 (2017342.000.000) 2025-01-30 04:36:23 Image size of job updated: 48440536
	43709  -  MemoryUsage of job (MB)
	44757940  -  ResidentSetSize of job (KB)
...
006 (2017342.000.000) 2025-01-30 04:41:25 Image size of job updated: 49850400
	45063  -  MemoryUsage of job (MB)
	46144380  -  ResidentSetSize of job (KB)
...
006 (2017342.000.000) 2025-01-30 04:46:25 Image size of job updated: 51514200
	46783  -  MemoryUsage of job (MB)
	47905460  -  ResidentSetSize of job (KB)
...
006 (2017342.000.000) 2025-01-30 04:51:25 Image size of job updated: 53296328
	48209  -  MemoryUsage of job (MB)
	49365700  -  ResidentSetSize of job (KB)
...
006 (2017342.000.000) 2025-01-30 04:56:26 Image size of job updated: 54517276
	49650  -  MemoryUsage of job (MB)
	50841408  -  ResidentSetSize of job (KB)
...
006 (2017342.000.000) 2025-01-30 05:01:26 Image size of job updated: 55869464
	50984  -  MemoryUsage of job (MB)
	52207468  -  ResidentSetSize of job (KB)
...
006 (2017342.000.000) 2025-01-30 05:06:26 Image size of job updated: 58101068
	52802  -  MemoryUsage of job (MB)
	54068280  -  ResidentSetSize of job (KB)
...
006 (2017342.000.000) 2025-01-30 05:11:27 Image size of job updated: 59650428
	54282  -  MemoryUsage of job (MB)
	55584560  -  ResidentSetSize of job (KB)
...
006 (2017342.000.000) 2025-01-30 05:16:27 Image size of job updated: 60640644
	55638  -  MemoryUsage of job (MB)
	56972556  -  ResidentSetSize of job (KB)
...
006 (2017342.000.000) 2025-01-30 05:21:28 Image size of job updated: 61616988
	56759  -  MemoryUsage of job (MB)
	58121044  -  ResidentSetSize of job (KB)
...
006 (2017342.000.000) 2025-01-30 05:26:29 Image size of job updated: 62839248
	57882  -  MemoryUsage of job (MB)
	59270664  -  ResidentSetSize of job (KB)
...
006 (2017342.000.000) 2025-01-30 05:31:29 Image size of job updated: 64377716
	59013  -  MemoryUsage of job (MB)
	60428608  -  ResidentSetSize of job (KB)
...
006 (2017342.000.000) 2025-01-30 05:36:29 Image size of job updated: 65455580
	60536  -  MemoryUsage of job (MB)
	61988712  -  ResidentSetSize of job (KB)
...
006 (2017342.000.000) 2025-01-30 05:41:30 Image size of job updated: 67442048
	62172  -  MemoryUsage of job (MB)
	63663708  -  ResidentSetSize of job (KB)
...
006 (2017342.000.000) 2025-01-30 05:46:30 Image size of job updated: 69254712
	64335  -  MemoryUsage of job (MB)
	65878676  -  ResidentSetSize of job (KB)
...
006 (2017342.000.000) 2025-01-30 05:51:31 Image size of job updated: 71174108
	66270  -  MemoryUsage of job (MB)
	67860168  -  ResidentSetSize of job (KB)
...
006 (2017342.000.000) 2025-01-30 05:56:31 Image size of job updated: 73118660
	68091  -  MemoryUsage of job (MB)
	69724432  -  ResidentSetSize of job (KB)
...
006 (2017342.000.000) 2025-01-30 06:01:32 Image size of job updated: 74975456
	69816  -  MemoryUsage of job (MB)
	71490972  -  ResidentSetSize of job (KB)
...
006 (2017342.000.000) 2025-01-30 06:06:33 Image size of job updated: 76828704
	71769  -  MemoryUsage of job (MB)
	73491416  -  ResidentSetSize of job (KB)
...
006 (2017342.000.000) 2025-01-30 06:11:33 Image size of job updated: 79204236
	73285  -  MemoryUsage of job (MB)
	75042940  -  ResidentSetSize of job (KB)
...
006 (2017342.000.000) 2025-01-30 06:16:33 Image size of job updated: 80855284
	75324  -  MemoryUsage of job (MB)
	77131620  -  ResidentSetSize of job (KB)
...
006 (2017342.000.000) 2025-01-30 06:21:34 Image size of job updated: 82160300
	76737  -  MemoryUsage of job (MB)
	78577932  -  ResidentSetSize of job (KB)
...
006 (2017342.000.000) 2025-01-30 06:26:34 Image size of job updated: 83932832
	76738  -  MemoryUsage of job (MB)
	78579184  -  ResidentSetSize of job (KB)
...
005 (2017342.000.000) 2025-01-30 06:26:45 Job terminated.
	(1) Normal termination (return value 0)
		Usr 0 03:21:28, Sys 0 00:29:09  -  Run Remote Usage
		Usr 0 00:00:00, Sys 0 00:00:00  -  Run Local Usage
		Usr 0 03:21:28, Sys 0 00:29:09  -  Total Remote Usage
		Usr 0 00:00:00, Sys 0 00:00:00  -  Total Local Usage
	0  -  Run Bytes Sent By Job
	0  -  Run Bytes Received By Job
	0  -  Total Bytes Sent By Job
	0  -  Total Bytes Received By Job
	Partitionable Resources :    Usage  Request Allocated 
	   Cpus                 :     1.25        1         1 
	   Disk (KB)            :     2           2   6681620 
	   Memory (MB)          : 76738      128192    128256 
	   xferslots            :                           0 

	Job terminated of its own accord at 2025-01-30T11:26:45Z with exit-code 0.
...
000 (2018788.000.000) 2025-02-02 20:32:19 Job submitted from host: <130.199.48.81:9618?addrs=130.199.48.81-9618&alias=rcas2062.rcf.bnl.gov&noUDP&sock=schedd_48563_ad09>
...
001 (2018788.000.000) 2025-02-02 20:36:41 Job executing on host: <130.199.184.196:9618?addrs=130.199.184.196-9618&alias=spool1771.sdcc.bnl.gov&noUDP&sock=startd_94117_f11c>
...
006 (2018788.000.000) 2025-02-02 20:36:49 Image size of job updated: 117324
	63  -  MemoryUsage of job (MB)
	64336  -  ResidentSetSize of job (KB)
...
006 (2018788.000.000) 2025-02-02 20:39:11 Image size of job updated: 4000952
	63  -  MemoryUsage of job (MB)
	64336  -  ResidentSetSize of job (KB)
...
005 (2018788.000.000) 2025-02-02 20:39:11 Job terminated.
	(1) Normal termination (return value 0)
		Usr 0 00:02:02, Sys 0 00:00:05  -  Run Remote Usage
		Usr 0 00:00:00, Sys 0 00:00:00  -  Run Local Usage
		Usr 0 00:02:02, Sys 0 00:00:05  -  Total Remote Usage
		Usr 0 00:00:00, Sys 0 00:00:00  -  Total Local Usage
	0  -  Run Bytes Sent By Job
	0  -  Run Bytes Received By Job
	0  -  Total Bytes Sent By Job
	0  -  Total Bytes Received By Job
	Partitionable Resources :    Usage  Request Allocated 
	   Cpus                 :        0        1         1 
	   Disk (KB)            :        2        2   6681549 
	   Memory (MB)          :       63   128192    128256 
	   xferslots            :                           0 

	Job terminated of its own accord at 2025-02-03T01:39:11Z with exit-code 0.
...
000 (2019172.000.000) 2025-02-02 20:56:49 Job submitted from host: <130.199.48.81:9618?addrs=130.199.48.81-9618&alias=rcas2062.rcf.bnl.gov&noUDP&sock=schedd_48563_ad09>
...
001 (2019172.000.000) 2025-02-02 20:59:29 Job executing on host: <130.199.150.80:9618?addrs=130.199.150.80-9618&alias=spool1561.sdcc.bnl.gov&noUDP&sock=startd_23998_29dd>
...
006 (2019172.000.000) 2025-02-02 20:59:38 Image size of job updated: 571248
	119  -  MemoryUsage of job (MB)
	121152  -  ResidentSetSize of job (KB)
...
006 (2019172.000.000) 2025-02-02 21:01:52 Image size of job updated: 4000956
	119  -  MemoryUsage of job (MB)
	121172  -  ResidentSetSize of job (KB)
...
005 (2019172.000.000) 2025-02-02 21:01:53 Job terminated.
	(1) Normal termination (return value 0)
		Usr 0 00:02:07, Sys 0 00:00:06  -  Run Remote Usage
		Usr 0 00:00:00, Sys 0 00:00:00  -  Run Local Usage
		Usr 0 00:02:07, Sys 0 00:00:06  -  Total Remote Usage
		Usr 0 00:00:00, Sys 0 00:00:00  -  Total Local Usage
	0  -  Run Bytes Sent By Job
	0  -  Run Bytes Received By Job
	0  -  Total Bytes Sent By Job
	0  -  Total Bytes Received By Job
	Partitionable Resources :    Usage  Request Allocated 
	   Cpus                 :     0.96        1         1 
	   Disk (KB)            :     2           2   6681245 
	   Memory (MB)          :   119      128192    128256 
	   xferslots            :                           0 

	Job terminated of its own accord at 2025-02-03T02:01:52Z with exit-code 0.
...
000 (2019556.000.000) 2025-02-02 22:34:31 Job submitted from host: <130.199.48.81:9618?addrs=130.199.48.81-9618&alias=rcas2062.rcf.bnl.gov&noUDP&sock=schedd_48563_ad09>
...
001 (2019556.000.000) 2025-02-02 22:40:58 Job executing on host: <130.199.186.76:9618?addrs=130.199.186.76-9618&alias=spool1839.sdcc.bnl.gov&noUDP&sock=startd_48828_8b8a>
...
006 (2019556.000.000) 2025-02-02 22:41:07 Image size of job updated: 125440
	37  -  MemoryUsage of job (MB)
	37592  -  ResidentSetSize of job (KB)
...
006 (2019556.000.000) 2025-02-02 22:44:05 Image size of job updated: 4000960
	37  -  MemoryUsage of job (MB)
	37592  -  ResidentSetSize of job (KB)
...
005 (2019556.000.000) 2025-02-02 22:44:06 Job terminated.
	(1) Normal termination (return value 0)
		Usr 0 00:02:24, Sys 0 00:00:06  -  Run Remote Usage
		Usr 0 00:00:00, Sys 0 00:00:00  -  Run Local Usage
		Usr 0 00:02:24, Sys 0 00:00:06  -  Total Remote Usage
		Usr 0 00:00:00, Sys 0 00:00:00  -  Total Local Usage
	0  -  Run Bytes Sent By Job
	0  -  Run Bytes Received By Job
	0  -  Total Bytes Sent By Job
	0  -  Total Bytes Received By Job
	Partitionable Resources :    Usage  Request Allocated 
	   Cpus                 :                 1         1 
	   Disk (KB)            :        2        2   6681624 
	   Memory (MB)          :       37   128192    128256 
	   xferslots            :                           0 

	Job terminated of its own accord at 2025-02-03T03:44:05Z with exit-code 0.
...
