000 (2017164.000.000) 2025-01-28 23:08:14 Job submitted from host: <130.199.48.81:9618?addrs=130.199.48.81-9618&alias=rcas2062.rcf.bnl.gov&noUDP&sock=schedd_48563_ad09>
...
001 (2017164.000.000) 2025-01-29 01:36:34 Job executing on host: <130.199.151.30:9618?addrs=130.199.151.30-9618&alias=spool1608.sdcc.bnl.gov&noUDP&sock=startd_7058_de0d>
...
006 (2017164.000.000) 2025-01-29 01:36:43 Image size of job updated: 154744
	77  -  MemoryUsage of job (MB)
	78696  -  ResidentSetSize of job (KB)
...
006 (2017164.000.000) 2025-01-29 01:36:57 Image size of job updated: 570808
	77  -  MemoryUsage of job (MB)
	78696  -  ResidentSetSize of job (KB)
...
005 (2017164.000.000) 2025-01-29 01:36:57 Job terminated.
	(1) Normal termination (return value 0)
		Usr 0 00:00:04, Sys 0 00:00:02  -  Run Remote Usage
		Usr 0 00:00:00, Sys 0 00:00:00  -  Run Local Usage
		Usr 0 00:00:04, Sys 0 00:00:02  -  Total Remote Usage
		Usr 0 00:00:00, Sys 0 00:00:00  -  Total Local Usage
	0  -  Run Bytes Sent By Job
	0  -  Run Bytes Received By Job
	0  -  Total Bytes Sent By Job
	0  -  Total Bytes Received By Job
	Partitionable Resources :    Usage  Request Allocated 
	   Cpus                 :                 1         1 
	   Disk (KB)            :        2        2   6681228 
	   Memory (MB)          :       77   128192    128256 
	   xferslots            :                           0 

	Job terminated of its own accord at 2025-01-29T06:36:57Z with exit-code 0.
...
000 (2017548.000.000) 2025-01-30 00:28:30 Job submitted from host: <130.199.48.81:9618?addrs=130.199.48.81-9618&alias=rcas2062.rcf.bnl.gov&noUDP&sock=schedd_48563_ad09>
...
001 (2017548.000.000) 2025-01-30 08:32:07 Job executing on host: <130.199.151.6:9618?addrs=130.199.151.6-9618&alias=spool1584.sdcc.bnl.gov&noUDP&sock=startd_2695_0870>
...
006 (2017548.000.000) 2025-01-30 08:32:16 Image size of job updated: 80080
	40  -  MemoryUsage of job (MB)
	40348  -  ResidentSetSize of job (KB)
...
006 (2017548.000.000) 2025-01-30 08:37:16 Image size of job updated: 4950096
	1370  -  MemoryUsage of job (MB)
	1402480  -  ResidentSetSize of job (KB)
...
006 (2017548.000.000) 2025-01-30 08:42:16 Image size of job updated: 6568908
	2904  -  MemoryUsage of job (MB)
	2973324  -  ResidentSetSize of job (KB)
...
006 (2017548.000.000) 2025-01-30 08:47:17 Image size of job updated: 8693856
	4591  -  MemoryUsage of job (MB)
	4700592  -  ResidentSetSize of job (KB)
...
006 (2017548.000.000) 2025-01-30 08:52:18 Image size of job updated: 10070760
	6104  -  MemoryUsage of job (MB)
	6250064  -  ResidentSetSize of job (KB)
...
006 (2017548.000.000) 2025-01-30 08:57:18 Image size of job updated: 11320264
	7699  -  MemoryUsage of job (MB)
	7883728  -  ResidentSetSize of job (KB)
...
006 (2017548.000.000) 2025-01-30 09:02:19 Image size of job updated: 13584648
	10052  -  MemoryUsage of job (MB)
	10293228  -  ResidentSetSize of job (KB)
...
006 (2017548.000.000) 2025-01-30 09:07:20 Image size of job updated: 15901324
	11875  -  MemoryUsage of job (MB)
	12159088  -  ResidentSetSize of job (KB)
...
006 (2017548.000.000) 2025-01-30 09:12:20 Image size of job updated: 17780172
	13656  -  MemoryUsage of job (MB)
	13983316  -  ResidentSetSize of job (KB)
...
006 (2017548.000.000) 2025-01-30 09:17:20 Image size of job updated: 19584416
	15771  -  MemoryUsage of job (MB)
	16149000  -  ResidentSetSize of job (KB)
...
006 (2017548.000.000) 2025-01-30 09:22:21 Image size of job updated: 21597712
	17767  -  MemoryUsage of job (MB)
	18193104  -  ResidentSetSize of job (KB)
...
006 (2017548.000.000) 2025-01-30 09:27:21 Image size of job updated: 24001996
	19853  -  MemoryUsage of job (MB)
	20328840  -  ResidentSetSize of job (KB)
...
006 (2017548.000.000) 2025-01-30 09:32:21 Image size of job updated: 26266740
	22229  -  MemoryUsage of job (MB)
	22762388  -  ResidentSetSize of job (KB)
...
006 (2017548.000.000) 2025-01-30 09:37:22 Image size of job updated: 28487088
	24113  -  MemoryUsage of job (MB)
	24691148  -  ResidentSetSize of job (KB)
...
006 (2017548.000.000) 2025-01-30 09:42:22 Image size of job updated: 30124720
	25921  -  MemoryUsage of job (MB)
	26542168  -  ResidentSetSize of job (KB)
...
006 (2017548.000.000) 2025-01-30 09:47:22 Image size of job updated: 31685912
	27603  -  MemoryUsage of job (MB)
	28264652  -  ResidentSetSize of job (KB)
...
006 (2017548.000.000) 2025-01-30 09:52:23 Image size of job updated: 33663536
	29252  -  MemoryUsage of job (MB)
	29953112  -  ResidentSetSize of job (KB)
...
006 (2017548.000.000) 2025-01-30 09:57:24 Image size of job updated: 35416636
	30836  -  MemoryUsage of job (MB)
	31575076  -  ResidentSetSize of job (KB)
...
006 (2017548.000.000) 2025-01-30 10:02:24 Image size of job updated: 36612460
	32179  -  MemoryUsage of job (MB)
	32951288  -  ResidentSetSize of job (KB)
...
006 (2017548.000.000) 2025-01-30 10:09:55 Image size of job updated: 39512700
	35235  -  MemoryUsage of job (MB)
	36080592  -  ResidentSetSize of job (KB)
...
006 (2017548.000.000) 2025-01-30 10:17:24 Image size of job updated: 41997264
	37487  -  MemoryUsage of job (MB)
	38386276  -  ResidentSetSize of job (KB)
...
006 (2017548.000.000) 2025-01-30 10:23:23 Image size of job updated: 43929552
	39004  -  MemoryUsage of job (MB)
	39940080  -  ResidentSetSize of job (KB)
...
006 (2017548.000.000) 2025-01-30 10:28:23 Image size of job updated: 44966344
	40223  -  MemoryUsage of job (MB)
	41187668  -  ResidentSetSize of job (KB)
...
006 (2017548.000.000) 2025-01-30 10:33:23 Image size of job updated: 46110736
	41313  -  MemoryUsage of job (MB)
	42303500  -  ResidentSetSize of job (KB)
...
006 (2017548.000.000) 2025-01-30 10:38:24 Image size of job updated: 47012148
	42168  -  MemoryUsage of job (MB)
	43179864  -  ResidentSetSize of job (KB)
...
006 (2017548.000.000) 2025-01-30 10:43:24 Image size of job updated: 48355620
	43277  -  MemoryUsage of job (MB)
	44315524  -  ResidentSetSize of job (KB)
...
006 (2017548.000.000) 2025-01-30 10:48:25 Image size of job updated: 49435312
	44347  -  MemoryUsage of job (MB)
	45410928  -  ResidentSetSize of job (KB)
...
006 (2017548.000.000) 2025-01-30 10:53:26 Image size of job updated: 49994656
	45362  -  MemoryUsage of job (MB)
	46449940  -  ResidentSetSize of job (KB)
...
006 (2017548.000.000) 2025-01-30 10:58:26 Image size of job updated: 51181936
	46341  -  MemoryUsage of job (MB)
	47452864  -  ResidentSetSize of job (KB)
...
006 (2017548.000.000) 2025-01-30 11:03:26 Image size of job updated: 51919688
	47127  -  MemoryUsage of job (MB)
	48257972  -  ResidentSetSize of job (KB)
...
006 (2017548.000.000) 2025-01-30 11:08:27 Image size of job updated: 53051000
	47968  -  MemoryUsage of job (MB)
	49118900  -  ResidentSetSize of job (KB)
...
006 (2017548.000.000) 2025-01-30 11:13:27 Image size of job updated: 54302052
	49050  -  MemoryUsage of job (MB)
	50226192  -  ResidentSetSize of job (KB)
...
006 (2017548.000.000) 2025-01-30 11:18:27 Image size of job updated: 54630896
	49858  -  MemoryUsage of job (MB)
	51053676  -  ResidentSetSize of job (KB)
...
006 (2017548.000.000) 2025-01-30 11:23:29 Image size of job updated: 55718580
	50534  -  MemoryUsage of job (MB)
	51746528  -  ResidentSetSize of job (KB)
...
006 (2017548.000.000) 2025-01-30 11:28:29 Image size of job updated: 56797436
	51315  -  MemoryUsage of job (MB)
	52546340  -  ResidentSetSize of job (KB)
...
006 (2017548.000.000) 2025-01-30 11:33:29 Image size of job updated: 57803540
	52373  -  MemoryUsage of job (MB)
	53629268  -  ResidentSetSize of job (KB)
...
006 (2017548.000.000) 2025-01-30 11:38:30 Image size of job updated: 58817380
	53163  -  MemoryUsage of job (MB)
	54437920  -  ResidentSetSize of job (KB)
...
006 (2017548.000.000) 2025-01-30 11:43:30 Image size of job updated: 59597728
	54098  -  MemoryUsage of job (MB)
	55395684  -  ResidentSetSize of job (KB)
...
006 (2017548.000.000) 2025-01-30 11:48:30 Image size of job updated: 60601040
	55084  -  MemoryUsage of job (MB)
	56405124  -  ResidentSetSize of job (KB)
...
006 (2017548.000.000) 2025-01-30 11:53:32 Image size of job updated: 61710096
	55960  -  MemoryUsage of job (MB)
	57302872  -  ResidentSetSize of job (KB)
...
006 (2017548.000.000) 2025-01-30 11:58:32 Image size of job updated: 62579496
	57071  -  MemoryUsage of job (MB)
	58440372  -  ResidentSetSize of job (KB)
...
006 (2017548.000.000) 2025-01-30 12:03:32 Image size of job updated: 63630080
	57866  -  MemoryUsage of job (MB)
	59253864  -  ResidentSetSize of job (KB)
...
006 (2017548.000.000) 2025-01-30 12:08:33 Image size of job updated: 64478080
	58757  -  MemoryUsage of job (MB)
	60166568  -  ResidentSetSize of job (KB)
...
006 (2017548.000.000) 2025-01-30 12:13:34 Image size of job updated: 65538048
	59647  -  MemoryUsage of job (MB)
	61077828  -  ResidentSetSize of job (KB)
...
006 (2017548.000.000) 2025-01-30 12:18:34 Image size of job updated: 66437452
	60658  -  MemoryUsage of job (MB)
	62113148  -  ResidentSetSize of job (KB)
...
005 (2017548.000.000) 2025-01-30 12:19:38 Job terminated.
	(1) Normal termination (return value 0)
		Usr 0 02:44:28, Sys 0 00:26:36  -  Run Remote Usage
		Usr 0 00:00:00, Sys 0 00:00:00  -  Run Local Usage
		Usr 0 02:44:28, Sys 0 00:26:36  -  Total Remote Usage
		Usr 0 00:00:00, Sys 0 00:00:00  -  Total Local Usage
	0  -  Run Bytes Sent By Job
	0  -  Run Bytes Received By Job
	0  -  Total Bytes Sent By Job
	0  -  Total Bytes Received By Job
	Partitionable Resources :    Usage  Request Allocated 
	   Cpus                 :     0.75        1         1 
	   Disk (KB)            :     2           2   6681224 
	   Memory (MB)          : 60658      128192    128256 
	   xferslots            :                           0 

	Job terminated of its own accord at 2025-01-30T17:19:38Z with exit-code 0.
...
000 (2018994.000.000) 2025-02-02 20:32:40 Job submitted from host: <130.199.48.81:9618?addrs=130.199.48.81-9618&alias=rcas2062.rcf.bnl.gov&noUDP&sock=schedd_48563_ad09>
...
001 (2018994.000.000) 2025-02-02 20:41:45 Job executing on host: <130.199.186.28:9618?addrs=130.199.186.28-9618&alias=spool1825.sdcc.bnl.gov&noUDP&sock=startd_62164_3881>
...
006 (2018994.000.000) 2025-02-02 20:41:54 Image size of job updated: 332140
	92  -  MemoryUsage of job (MB)
	93656  -  ResidentSetSize of job (KB)
...
006 (2018994.000.000) 2025-02-02 20:44:24 Image size of job updated: 4001016
	92  -  MemoryUsage of job (MB)
	93696  -  ResidentSetSize of job (KB)
...
005 (2018994.000.000) 2025-02-02 20:44:24 Job terminated.
	(1) Normal termination (return value 0)
		Usr 0 00:02:16, Sys 0 00:00:06  -  Run Remote Usage
		Usr 0 00:00:00, Sys 0 00:00:00  -  Run Local Usage
		Usr 0 00:02:16, Sys 0 00:00:06  -  Total Remote Usage
		Usr 0 00:00:00, Sys 0 00:00:00  -  Total Local Usage
	0  -  Run Bytes Sent By Job
	0  -  Run Bytes Received By Job
	0  -  Total Bytes Sent By Job
	0  -  Total Bytes Received By Job
	Partitionable Resources :    Usage  Request Allocated 
	   Cpus                 :     0.40        1         1 
	   Disk (KB)            :     2           2   6681629 
	   Memory (MB)          :    92      128192    128256 
	   xferslots            :                           0 

	Job terminated of its own accord at 2025-02-03T01:44:24Z with exit-code 0.
...
000 (2019378.000.000) 2025-02-02 20:57:09 Job submitted from host: <130.199.48.81:9618?addrs=130.199.48.81-9618&alias=rcas2062.rcf.bnl.gov&noUDP&sock=schedd_48563_ad09>
...
001 (2019378.000.000) 2025-02-02 21:03:00 Job executing on host: <130.199.150.93:9618?addrs=130.199.150.93-9618&alias=spool1574.sdcc.bnl.gov&noUDP&sock=startd_75147_2d23>
...
006 (2019378.000.000) 2025-02-02 21:03:09 Image size of job updated: 298408
	128  -  MemoryUsage of job (MB)
	130752  -  ResidentSetSize of job (KB)
...
006 (2019378.000.000) 2025-02-02 21:05:21 Image size of job updated: 4001012
	128  -  MemoryUsage of job (MB)
	130784  -  ResidentSetSize of job (KB)
...
005 (2019378.000.000) 2025-02-02 21:05:21 Job terminated.
	(1) Normal termination (return value 0)
		Usr 0 00:02:07, Sys 0 00:00:06  -  Run Remote Usage
		Usr 0 00:00:00, Sys 0 00:00:00  -  Run Local Usage
		Usr 0 00:02:07, Sys 0 00:00:06  -  Total Remote Usage
		Usr 0 00:00:00, Sys 0 00:00:00  -  Total Local Usage
	0  -  Run Bytes Sent By Job
	0  -  Run Bytes Received By Job
	0  -  Total Bytes Sent By Job
	0  -  Total Bytes Received By Job
	Partitionable Resources :    Usage  Request Allocated 
	   Cpus                 :     0.97        1         1 
	   Disk (KB)            :     2           2   6681162 
	   Memory (MB)          :   128      128192    128256 
	   xferslots            :                           0 

	Job terminated of its own accord at 2025-02-03T02:05:21Z with exit-code 0.
...
000 (2019762.000.000) 2025-02-02 22:34:49 Job submitted from host: <130.199.48.81:9618?addrs=130.199.48.81-9618&alias=rcas2062.rcf.bnl.gov&noUDP&sock=schedd_48563_ad09>
...
001 (2019762.000.000) 2025-02-02 22:47:09 Job executing on host: <130.199.186.77:9618?addrs=130.199.186.77-9618&alias=spool1840.sdcc.bnl.gov&noUDP&sock=startd_36894_95b1>
...
006 (2019762.000.000) 2025-02-02 22:47:18 Image size of job updated: 298408
	40  -  MemoryUsage of job (MB)
	40356  -  ResidentSetSize of job (KB)
...
006 (2019762.000.000) 2025-02-02 22:50:10 Image size of job updated: 4001012
	40  -  MemoryUsage of job (MB)
	40356  -  ResidentSetSize of job (KB)
...
005 (2019762.000.000) 2025-02-02 22:50:10 Job terminated.
	(1) Normal termination (return value 0)
		Usr 0 00:02:23, Sys 0 00:00:06  -  Run Remote Usage
		Usr 0 00:00:00, Sys 0 00:00:00  -  Run Local Usage
		Usr 0 00:02:23, Sys 0 00:00:06  -  Total Remote Usage
		Usr 0 00:00:00, Sys 0 00:00:00  -  Total Local Usage
	0  -  Run Bytes Sent By Job
	0  -  Run Bytes Received By Job
	0  -  Total Bytes Sent By Job
	0  -  Total Bytes Received By Job
	Partitionable Resources :    Usage  Request Allocated 
	   Cpus                 :        0        1         1 
	   Disk (KB)            :        2        2   6681620 
	   Memory (MB)          :       40   128192    128256 
	   xferslots            :                           0 

	Job terminated of its own accord at 2025-02-03T03:50:10Z with exit-code 0.
...
