000 (2016948.000.000) 2025-01-28 23:07:56 Job submitted from host: <130.199.48.81:9618?addrs=130.199.48.81-9618&alias=rcas2062.rcf.bnl.gov&noUDP&sock=schedd_48563_ad09>
...
001 (2016948.000.000) 2025-01-28 23:12:39 Job executing on host: <130.199.186.72:9618?addrs=130.199.186.72-9618&alias=spool1835.sdcc.bnl.gov&noUDP&sock=startd_55689_f707>
...
006 (2016948.000.000) 2025-01-28 23:12:47 Image size of job updated: 13360
	8  -  MemoryUsage of job (MB)
	7324  -  ResidentSetSize of job (KB)
...
006 (2016948.000.000) 2025-01-28 23:17:47 Image size of job updated: 5116464
	1255  -  MemoryUsage of job (MB)
	1284488  -  ResidentSetSize of job (KB)
...
006 (2016948.000.000) 2025-01-28 23:22:48 Image size of job updated: 6368200
	2308  -  MemoryUsage of job (MB)
	2363044  -  ResidentSetSize of job (KB)
...
006 (2016948.000.000) 2025-01-28 23:27:48 Image size of job updated: 7058464
	3363  -  MemoryUsage of job (MB)
	3443332  -  ResidentSetSize of job (KB)
...
006 (2016948.000.000) 2025-01-28 23:32:48 Image size of job updated: 8407160
	4422  -  MemoryUsage of job (MB)
	4527572  -  ResidentSetSize of job (KB)
...
006 (2016948.000.000) 2025-01-28 23:37:50 Image size of job updated: 9394548
	5546  -  MemoryUsage of job (MB)
	5679000  -  ResidentSetSize of job (KB)
...
006 (2016948.000.000) 2025-01-28 23:42:50 Image size of job updated: 10342612
	6585  -  MemoryUsage of job (MB)
	6742148  -  ResidentSetSize of job (KB)
...
006 (2016948.000.000) 2025-01-28 23:47:50 Image size of job updated: 11523288
	7485  -  MemoryUsage of job (MB)
	7663972  -  ResidentSetSize of job (KB)
...
006 (2016948.000.000) 2025-01-28 23:52:51 Image size of job updated: 12504492
	8641  -  MemoryUsage of job (MB)
	8848168  -  ResidentSetSize of job (KB)
...
006 (2016948.000.000) 2025-01-28 23:57:52 Image size of job updated: 13828792
	9740  -  MemoryUsage of job (MB)
	9973132  -  ResidentSetSize of job (KB)
...
006 (2016948.000.000) 2025-01-29 00:02:52 Image size of job updated: 14727272
	10489  -  MemoryUsage of job (MB)
	10740184  -  ResidentSetSize of job (KB)
...
006 (2016948.000.000) 2025-01-29 00:07:53 Image size of job updated: 15685800
	11627  -  MemoryUsage of job (MB)
	11905996  -  ResidentSetSize of job (KB)
...
006 (2016948.000.000) 2025-01-29 00:12:54 Image size of job updated: 16610692
	12654  -  MemoryUsage of job (MB)
	12957204  -  ResidentSetSize of job (KB)
...
006 (2016948.000.000) 2025-01-29 00:17:54 Image size of job updated: 17708176
	13453  -  MemoryUsage of job (MB)
	13775132  -  ResidentSetSize of job (KB)
...
006 (2016948.000.000) 2025-01-29 00:22:54 Image size of job updated: 18834868
	14437  -  MemoryUsage of job (MB)
	14783076  -  ResidentSetSize of job (KB)
...
006 (2016948.000.000) 2025-01-29 00:27:55 Image size of job updated: 19366024
	15480  -  MemoryUsage of job (MB)
	15850724  -  ResidentSetSize of job (KB)
...
006 (2016948.000.000) 2025-01-29 00:32:55 Image size of job updated: 20685324
	16444  -  MemoryUsage of job (MB)
	16838352  -  ResidentSetSize of job (KB)
...
006 (2016948.000.000) 2025-01-29 00:37:55 Image size of job updated: 21621492
	17320  -  MemoryUsage of job (MB)
	17734904  -  ResidentSetSize of job (KB)
...
006 (2016948.000.000) 2025-01-29 00:42:56 Image size of job updated: 22446072
	18289  -  MemoryUsage of job (MB)
	18727584  -  ResidentSetSize of job (KB)
...
006 (2016948.000.000) 2025-01-29 00:47:57 Image size of job updated: 23307796
	18872  -  MemoryUsage of job (MB)
	19324580  -  ResidentSetSize of job (KB)
...
006 (2016948.000.000) 2025-01-29 00:52:57 Image size of job updated: 24434872
	19913  -  MemoryUsage of job (MB)
	20390552  -  ResidentSetSize of job (KB)
...
006 (2016948.000.000) 2025-01-29 00:57:58 Image size of job updated: 25396636
	21278  -  MemoryUsage of job (MB)
	21788268  -  ResidentSetSize of job (KB)
...
006 (2016948.000.000) 2025-01-29 01:02:59 Image size of job updated: 26373476
	22484  -  MemoryUsage of job (MB)
	23023000  -  ResidentSetSize of job (KB)
...
006 (2016948.000.000) 2025-01-29 01:07:59 Image size of job updated: 28101600
	23691  -  MemoryUsage of job (MB)
	24258968  -  ResidentSetSize of job (KB)
...
006 (2016948.000.000) 2025-01-29 01:12:59 Image size of job updated: 29133512
	25027  -  MemoryUsage of job (MB)
	25626760  -  ResidentSetSize of job (KB)
...
006 (2016948.000.000) 2025-01-29 01:18:00 Image size of job updated: 30315600
	26091  -  MemoryUsage of job (MB)
	26716520  -  ResidentSetSize of job (KB)
...
006 (2016948.000.000) 2025-01-29 01:23:00 Image size of job updated: 31421392
	27330  -  MemoryUsage of job (MB)
	27984980  -  ResidentSetSize of job (KB)
...
006 (2016948.000.000) 2025-01-29 01:28:00 Image size of job updated: 32881908
	28487  -  MemoryUsage of job (MB)
	29170108  -  ResidentSetSize of job (KB)
...
006 (2016948.000.000) 2025-01-29 01:33:01 Image size of job updated: 33989156
	29453  -  MemoryUsage of job (MB)
	30159640  -  ResidentSetSize of job (KB)
...
006 (2016948.000.000) 2025-01-29 01:38:01 Image size of job updated: 35308532
	30816  -  MemoryUsage of job (MB)
	31555044  -  ResidentSetSize of job (KB)
...
006 (2016948.000.000) 2025-01-29 01:43:02 Image size of job updated: 36508040
	32035  -  MemoryUsage of job (MB)
	32803052  -  ResidentSetSize of job (KB)
...
006 (2016948.000.000) 2025-01-29 01:48:03 Image size of job updated: 38218784
	33517  -  MemoryUsage of job (MB)
	34320512  -  ResidentSetSize of job (KB)
...
006 (2016948.000.000) 2025-01-29 01:53:03 Image size of job updated: 39604744
	35023  -  MemoryUsage of job (MB)
	35863472  -  ResidentSetSize of job (KB)
...
006 (2016948.000.000) 2025-01-29 01:58:03 Image size of job updated: 40638728
	36145  -  MemoryUsage of job (MB)
	37011848  -  ResidentSetSize of job (KB)
...
006 (2016948.000.000) 2025-01-29 02:03:04 Image size of job updated: 41830892
	37132  -  MemoryUsage of job (MB)
	38022856  -  ResidentSetSize of job (KB)
...
006 (2016948.000.000) 2025-01-29 02:08:04 Image size of job updated: 42799652
	38311  -  MemoryUsage of job (MB)
	39230412  -  ResidentSetSize of job (KB)
...
006 (2016948.000.000) 2025-01-29 02:13:04 Image size of job updated: 44005540
	39347  -  MemoryUsage of job (MB)
	40290944  -  ResidentSetSize of job (KB)
...
006 (2016948.000.000) 2025-01-29 02:18:06 Image size of job updated: 45068148
	40646  -  MemoryUsage of job (MB)
	41621452  -  ResidentSetSize of job (KB)
...
006 (2016948.000.000) 2025-01-29 02:23:06 Image size of job updated: 46679148
	41711  -  MemoryUsage of job (MB)
	42711224  -  ResidentSetSize of job (KB)
...
006 (2016948.000.000) 2025-01-29 02:28:06 Image size of job updated: 47771916
	41711  -  MemoryUsage of job (MB)
	42711224  -  ResidentSetSize of job (KB)
...
005 (2016948.000.000) 2025-01-29 02:28:16 Job terminated.
	(1) Normal termination (return value 0)
		Usr 0 01:56:04, Sys 0 00:18:57  -  Run Remote Usage
		Usr 0 00:00:00, Sys 0 00:00:00  -  Run Local Usage
		Usr 0 01:56:04, Sys 0 00:18:57  -  Total Remote Usage
		Usr 0 00:00:00, Sys 0 00:00:00  -  Total Local Usage
	0  -  Run Bytes Sent By Job
	0  -  Run Bytes Received By Job
	0  -  Total Bytes Sent By Job
	0  -  Total Bytes Received By Job
	Partitionable Resources :    Usage  Request Allocated 
	   Cpus                 :     0.91        1         1 
	   Disk (KB)            :     2           2   6681637 
	   Memory (MB)          : 41711      128192    128256 
	   xferslots            :                           0 

	Job terminated of its own accord at 2025-01-29T07:28:16Z with exit-code 0.
...
000 (2017332.000.000) 2025-01-30 00:28:07 Job submitted from host: <130.199.48.81:9618?addrs=130.199.48.81-9618&alias=rcas2062.rcf.bnl.gov&noUDP&sock=schedd_48563_ad09>
...
001 (2017332.000.000) 2025-01-30 00:38:36 Job executing on host: <130.199.184.154:9618?addrs=130.199.184.154-9618&alias=spool1763.sdcc.bnl.gov&noUDP&sock=startd_44130_aff8>
...
006 (2017332.000.000) 2025-01-30 00:38:44 Image size of job updated: 565280
	82  -  MemoryUsage of job (MB)
	83824  -  ResidentSetSize of job (KB)
...
006 (2017332.000.000) 2025-01-30 00:43:44 Image size of job updated: 6013704
	2126  -  MemoryUsage of job (MB)
	2176856  -  ResidentSetSize of job (KB)
...
006 (2017332.000.000) 2025-01-30 00:48:45 Image size of job updated: 8529960
	4820  -  MemoryUsage of job (MB)
	4935280  -  ResidentSetSize of job (KB)
...
006 (2017332.000.000) 2025-01-30 00:53:46 Image size of job updated: 11577244
	7795  -  MemoryUsage of job (MB)
	7981200  -  ResidentSetSize of job (KB)
...
006 (2017332.000.000) 2025-01-30 00:58:46 Image size of job updated: 13986772
	10405  -  MemoryUsage of job (MB)
	10654044  -  ResidentSetSize of job (KB)
...
006 (2017332.000.000) 2025-01-30 01:03:46 Image size of job updated: 16513096
	12824  -  MemoryUsage of job (MB)
	13131476  -  ResidentSetSize of job (KB)
...
006 (2017332.000.000) 2025-01-30 01:08:47 Image size of job updated: 19161464
	15197  -  MemoryUsage of job (MB)
	15560896  -  ResidentSetSize of job (KB)
...
006 (2017332.000.000) 2025-01-30 01:13:47 Image size of job updated: 21234068
	17525  -  MemoryUsage of job (MB)
	17944904  -  ResidentSetSize of job (KB)
...
006 (2017332.000.000) 2025-01-30 01:18:47 Image size of job updated: 23176964
	19299  -  MemoryUsage of job (MB)
	19761172  -  ResidentSetSize of job (KB)
...
006 (2017332.000.000) 2025-01-30 01:23:48 Image size of job updated: 25175928
	21290  -  MemoryUsage of job (MB)
	21800436  -  ResidentSetSize of job (KB)
...
006 (2017332.000.000) 2025-01-30 01:28:48 Image size of job updated: 27192056
	23172  -  MemoryUsage of job (MB)
	23727164  -  ResidentSetSize of job (KB)
...
006 (2017332.000.000) 2025-01-30 01:33:48 Image size of job updated: 29624868
	25244  -  MemoryUsage of job (MB)
	25848920  -  ResidentSetSize of job (KB)
...
006 (2017332.000.000) 2025-01-30 01:38:49 Image size of job updated: 31171888
	27097  -  MemoryUsage of job (MB)
	27747044  -  ResidentSetSize of job (KB)
...
006 (2017332.000.000) 2025-01-30 01:43:49 Image size of job updated: 32989280
	28655  -  MemoryUsage of job (MB)
	29342060  -  ResidentSetSize of job (KB)
...
006 (2017332.000.000) 2025-01-30 01:48:49 Image size of job updated: 34593056
	30338  -  MemoryUsage of job (MB)
	31065368  -  ResidentSetSize of job (KB)
...
006 (2017332.000.000) 2025-01-30 01:53:50 Image size of job updated: 36222152
	31840  -  MemoryUsage of job (MB)
	32603912  -  ResidentSetSize of job (KB)
...
006 (2017332.000.000) 2025-01-30 01:58:50 Image size of job updated: 37616328
	33354  -  MemoryUsage of job (MB)
	34154176  -  ResidentSetSize of job (KB)
...
006 (2017332.000.000) 2025-01-30 02:03:50 Image size of job updated: 39295360
	34671  -  MemoryUsage of job (MB)
	35502528  -  ResidentSetSize of job (KB)
...
006 (2017332.000.000) 2025-01-30 02:08:51 Image size of job updated: 40382836
	36133  -  MemoryUsage of job (MB)
	36999880  -  ResidentSetSize of job (KB)
...
006 (2017332.000.000) 2025-01-30 02:13:51 Image size of job updated: 41582452
	37322  -  MemoryUsage of job (MB)
	38217588  -  ResidentSetSize of job (KB)
...
006 (2017332.000.000) 2025-01-30 02:18:51 Image size of job updated: 43554092
	38804  -  MemoryUsage of job (MB)
	39735208  -  ResidentSetSize of job (KB)
...
006 (2017332.000.000) 2025-01-30 02:23:52 Image size of job updated: 44485876
	40204  -  MemoryUsage of job (MB)
	41167900  -  ResidentSetSize of job (KB)
...
006 (2017332.000.000) 2025-01-30 02:28:53 Image size of job updated: 46000264
	41644  -  MemoryUsage of job (MB)
	42643256  -  ResidentSetSize of job (KB)
...
006 (2017332.000.000) 2025-01-30 02:33:53 Image size of job updated: 47400392
	42967  -  MemoryUsage of job (MB)
	43997616  -  ResidentSetSize of job (KB)
...
006 (2017332.000.000) 2025-01-30 02:38:54 Image size of job updated: 48839560
	44281  -  MemoryUsage of job (MB)
	45343172  -  ResidentSetSize of job (KB)
...
006 (2017332.000.000) 2025-01-30 02:43:55 Image size of job updated: 50670360
	45669  -  MemoryUsage of job (MB)
	46764076  -  ResidentSetSize of job (KB)
...
006 (2017332.000.000) 2025-01-30 02:48:55 Image size of job updated: 51650240
	46818  -  MemoryUsage of job (MB)
	47940976  -  ResidentSetSize of job (KB)
...
006 (2017332.000.000) 2025-01-30 02:53:55 Image size of job updated: 52905004
	48161  -  MemoryUsage of job (MB)
	49315884  -  ResidentSetSize of job (KB)
...
006 (2017332.000.000) 2025-01-30 02:58:56 Image size of job updated: 54140236
	49525  -  MemoryUsage of job (MB)
	50713240  -  ResidentSetSize of job (KB)
...
006 (2017332.000.000) 2025-01-30 03:03:56 Image size of job updated: 55311920
	50529  -  MemoryUsage of job (MB)
	51740752  -  ResidentSetSize of job (KB)
...
006 (2017332.000.000) 2025-01-30 03:08:56 Image size of job updated: 56819360
	51685  -  MemoryUsage of job (MB)
	52925440  -  ResidentSetSize of job (KB)
...
006 (2017332.000.000) 2025-01-30 03:13:57 Image size of job updated: 57851428
	53142  -  MemoryUsage of job (MB)
	54416532  -  ResidentSetSize of job (KB)
...
006 (2017332.000.000) 2025-01-30 03:18:58 Image size of job updated: 59543012
	54415  -  MemoryUsage of job (MB)
	55720344  -  ResidentSetSize of job (KB)
...
006 (2017332.000.000) 2025-01-30 03:23:58 Image size of job updated: 61000764
	55868  -  MemoryUsage of job (MB)
	57207972  -  ResidentSetSize of job (KB)
...
006 (2017332.000.000) 2025-01-30 03:28:59 Image size of job updated: 62331268
	57433  -  MemoryUsage of job (MB)
	58811132  -  ResidentSetSize of job (KB)
...
006 (2017332.000.000) 2025-01-30 03:34:00 Image size of job updated: 63391304
	58365  -  MemoryUsage of job (MB)
	59765596  -  ResidentSetSize of job (KB)
...
006 (2017332.000.000) 2025-01-30 03:39:00 Image size of job updated: 64600196
	59555  -  MemoryUsage of job (MB)
	60983436  -  ResidentSetSize of job (KB)
...
006 (2017332.000.000) 2025-01-30 03:44:01 Image size of job updated: 66120800
	61063  -  MemoryUsage of job (MB)
	62527864  -  ResidentSetSize of job (KB)
...
006 (2017332.000.000) 2025-01-30 03:49:02 Image size of job updated: 67512700
	62412  -  MemoryUsage of job (MB)
	63909636  -  ResidentSetSize of job (KB)
...
006 (2017332.000.000) 2025-01-30 03:54:02 Image size of job updated: 68945368
	63767  -  MemoryUsage of job (MB)
	65297024  -  ResidentSetSize of job (KB)
...
006 (2017332.000.000) 2025-01-30 03:59:02 Image size of job updated: 70092440
	65099  -  MemoryUsage of job (MB)
	66660576  -  ResidentSetSize of job (KB)
...
006 (2017332.000.000) 2025-01-30 04:04:04 Image size of job updated: 71479620
	66246  -  MemoryUsage of job (MB)
	67835064  -  ResidentSetSize of job (KB)
...
006 (2017332.000.000) 2025-01-30 04:09:04 Image size of job updated: 72572092
	67573  -  MemoryUsage of job (MB)
	69194176  -  ResidentSetSize of job (KB)
...
006 (2017332.000.000) 2025-01-30 04:14:04 Image size of job updated: 74426404
	68653  -  MemoryUsage of job (MB)
	70300092  -  ResidentSetSize of job (KB)
...
006 (2017332.000.000) 2025-01-30 04:19:05 Image size of job updated: 75089264
	69993  -  MemoryUsage of job (MB)
	71672076  -  ResidentSetSize of job (KB)
...
006 (2017332.000.000) 2025-01-30 04:24:05 Image size of job updated: 76732108
	71192  -  MemoryUsage of job (MB)
	72900480  -  ResidentSetSize of job (KB)
...
006 (2017332.000.000) 2025-01-30 04:29:05 Image size of job updated: 77853576
	72472  -  MemoryUsage of job (MB)
	74210624  -  ResidentSetSize of job (KB)
...
006 (2017332.000.000) 2025-01-30 04:30:47 Image size of job updated: 78226624
	72472  -  MemoryUsage of job (MB)
	74210624  -  ResidentSetSize of job (KB)
...
005 (2017332.000.000) 2025-01-30 04:30:47 Job terminated.
	(1) Normal termination (return value 0)
		Usr 0 03:06:02, Sys 0 00:28:01  -  Run Remote Usage
		Usr 0 00:00:00, Sys 0 00:00:00  -  Run Local Usage
		Usr 0 03:06:02, Sys 0 00:28:01  -  Total Remote Usage
		Usr 0 00:00:00, Sys 0 00:00:00  -  Total Local Usage
	0  -  Run Bytes Sent By Job
	0  -  Run Bytes Received By Job
	0  -  Total Bytes Sent By Job
	0  -  Total Bytes Received By Job
	Partitionable Resources :    Usage  Request Allocated 
	   Cpus                 :     0.88        1         1 
	   Disk (KB)            :     2           2   6681628 
	   Memory (MB)          : 72472      128192    128256 
	   xferslots            :                           0 

	Job terminated of its own accord at 2025-01-30T09:30:47Z with exit-code 0.
...
000 (2018778.000.000) 2025-02-02 20:32:18 Job submitted from host: <130.199.48.81:9618?addrs=130.199.48.81-9618&alias=rcas2062.rcf.bnl.gov&noUDP&sock=schedd_48563_ad09>
...
001 (2018778.000.000) 2025-02-02 20:36:27 Job executing on host: <130.199.184.205:9618?addrs=130.199.184.205-9618&alias=spool1780.sdcc.bnl.gov&noUDP&sock=startd_62938_2e94>
...
006 (2018778.000.000) 2025-02-02 20:36:35 Image size of job updated: 157496
	89  -  MemoryUsage of job (MB)
	90676  -  ResidentSetSize of job (KB)
...
006 (2018778.000.000) 2025-02-02 20:39:05 Image size of job updated: 4001144
	89  -  MemoryUsage of job (MB)
	90704  -  ResidentSetSize of job (KB)
...
005 (2018778.000.000) 2025-02-02 20:39:06 Job terminated.
	(1) Normal termination (return value 0)
		Usr 0 00:02:17, Sys 0 00:00:05  -  Run Remote Usage
		Usr 0 00:00:00, Sys 0 00:00:00  -  Run Local Usage
		Usr 0 00:02:17, Sys 0 00:00:05  -  Total Remote Usage
		Usr 0 00:00:00, Sys 0 00:00:00  -  Total Local Usage
	0  -  Run Bytes Sent By Job
	0  -  Run Bytes Received By Job
	0  -  Total Bytes Sent By Job
	0  -  Total Bytes Received By Job
	Partitionable Resources :    Usage  Request Allocated 
	   Cpus                 :                 1         1 
	   Disk (KB)            :        2        2   6681629 
	   Memory (MB)          :       89   128192    128256 
	   xferslots            :                           0 

	Job terminated of its own accord at 2025-02-03T01:39:05Z with exit-code 0.
...
000 (2019162.000.000) 2025-02-02 20:56:49 Job submitted from host: <130.199.48.81:9618?addrs=130.199.48.81-9618&alias=rcas2062.rcf.bnl.gov&noUDP&sock=schedd_48563_ad09>
...
001 (2019162.000.000) 2025-02-02 20:59:23 Job executing on host: <130.199.186.29:9618?addrs=130.199.186.29-9618&alias=spool1826.sdcc.bnl.gov&noUDP&sock=startd_62419_eccd>
...
006 (2019162.000.000) 2025-02-02 20:59:31 Image size of job updated: 177388
	103  -  MemoryUsage of job (MB)
	104964  -  ResidentSetSize of job (KB)
...
006 (2019162.000.000) 2025-02-02 21:01:41 Image size of job updated: 4001136
	103  -  MemoryUsage of job (MB)
	104976  -  ResidentSetSize of job (KB)
...
005 (2019162.000.000) 2025-02-02 21:01:41 Job terminated.
	(1) Normal termination (return value 0)
		Usr 0 00:02:05, Sys 0 00:00:04  -  Run Remote Usage
		Usr 0 00:00:00, Sys 0 00:00:00  -  Run Local Usage
		Usr 0 00:02:05, Sys 0 00:00:04  -  Total Remote Usage
		Usr 0 00:00:00, Sys 0 00:00:00  -  Total Local Usage
	0  -  Run Bytes Sent By Job
	0  -  Run Bytes Received By Job
	0  -  Total Bytes Sent By Job
	0  -  Total Bytes Received By Job
	Partitionable Resources :    Usage  Request Allocated 
	   Cpus                 :     0.98        1         1 
	   Disk (KB)            :     2           2   6681628 
	   Memory (MB)          :   103      128192    128256 
	   xferslots            :                           0 

	Job terminated of its own accord at 2025-02-03T02:01:41Z with exit-code 0.
...
000 (2019546.000.000) 2025-02-02 22:34:30 Job submitted from host: <130.199.48.81:9618?addrs=130.199.48.81-9618&alias=rcas2062.rcf.bnl.gov&noUDP&sock=schedd_48563_ad09>
...
001 (2019546.000.000) 2025-02-02 22:40:37 Job executing on host: <130.199.184.154:9618?addrs=130.199.184.154-9618&alias=spool1763.sdcc.bnl.gov&noUDP&sock=startd_44130_aff8>
...
006 (2019546.000.000) 2025-02-02 22:40:45 Image size of job updated: 67360
	8  -  MemoryUsage of job (MB)
	7236  -  ResidentSetSize of job (KB)
...
006 (2019546.000.000) 2025-02-02 22:44:02 Image size of job updated: 4001144
	8  -  MemoryUsage of job (MB)
	7236  -  ResidentSetSize of job (KB)
...
005 (2019546.000.000) 2025-02-02 22:44:02 Job terminated.
	(1) Normal termination (return value 0)
		Usr 0 00:02:31, Sys 0 00:00:06  -  Run Remote Usage
		Usr 0 00:00:00, Sys 0 00:00:00  -  Run Local Usage
		Usr 0 00:02:31, Sys 0 00:00:06  -  Total Remote Usage
		Usr 0 00:00:00, Sys 0 00:00:00  -  Total Local Usage
	0  -  Run Bytes Sent By Job
	0  -  Run Bytes Received By Job
	0  -  Total Bytes Sent By Job
	0  -  Total Bytes Received By Job
	Partitionable Resources :    Usage  Request Allocated 
	   Cpus                 :     0.92        1         1 
	   Disk (KB)            :     2           2   6681628 
	   Memory (MB)          :     8      128192    128256 
	   xferslots            :                           0 

	Job terminated of its own accord at 2025-02-03T03:44:02Z with exit-code 0.
...
