000 (2016962.000.000) 2025-01-28 23:07:57 Job submitted from host: <130.199.48.81:9618?addrs=130.199.48.81-9618&alias=rcas2062.rcf.bnl.gov&noUDP&sock=schedd_48563_ad09>
...
001 (2016962.000.000) 2025-01-29 01:03:27 Job executing on host: <130.199.186.82:9618?addrs=130.199.186.82-9618&alias=spool1845.sdcc.bnl.gov&noUDP&sock=startd_71843_8085>
...
006 (2016962.000.000) 2025-01-29 01:03:36 Image size of job updated: 44528
	32  -  MemoryUsage of job (MB)
	32232  -  ResidentSetSize of job (KB)
...
006 (2016962.000.000) 2025-01-29 01:04:05 Image size of job updated: 597160
	32  -  MemoryUsage of job (MB)
	32232  -  ResidentSetSize of job (KB)
...
005 (2016962.000.000) 2025-01-29 01:04:05 Job terminated.
	(1) Normal termination (return value 0)
		Usr 0 00:00:03, Sys 0 00:00:01  -  Run Remote Usage
		Usr 0 00:00:00, Sys 0 00:00:00  -  Run Local Usage
		Usr 0 00:00:03, Sys 0 00:00:01  -  Total Remote Usage
		Usr 0 00:00:00, Sys 0 00:00:00  -  Total Local Usage
	0  -  Run Bytes Sent By Job
	0  -  Run Bytes Received By Job
	0  -  Total Bytes Sent By Job
	0  -  Total Bytes Received By Job
	Partitionable Resources :    Usage  Request Allocated 
	   Cpus                 :                 1         1 
	   Disk (KB)            :        2        2   6681620 
	   Memory (MB)          :       32   128192    128256 
	   xferslots            :                           0 

	Job terminated of its own accord at 2025-01-29T06:04:05Z with exit-code 0.
...
000 (2017346.000.000) 2025-01-30 00:28:08 Job submitted from host: <130.199.48.81:9618?addrs=130.199.48.81-9618&alias=rcas2062.rcf.bnl.gov&noUDP&sock=schedd_48563_ad09>
...
001 (2017346.000.000) 2025-01-30 02:55:42 Job executing on host: <130.199.184.208:9618?addrs=130.199.184.208-9618&alias=spool1783.sdcc.bnl.gov&noUDP&sock=startd_90378_9875>
...
006 (2017346.000.000) 2025-01-30 02:55:50 Image size of job updated: 147188
	75  -  MemoryUsage of job (MB)
	75852  -  ResidentSetSize of job (KB)
...
006 (2017346.000.000) 2025-01-30 03:00:50 Image size of job updated: 5327956
	1726  -  MemoryUsage of job (MB)
	1766740  -  ResidentSetSize of job (KB)
...
006 (2017346.000.000) 2025-01-30 03:05:50 Image size of job updated: 7941168
	4054  -  MemoryUsage of job (MB)
	4150448  -  ResidentSetSize of job (KB)
...
006 (2017346.000.000) 2025-01-30 03:10:51 Image size of job updated: 10141844
	6526  -  MemoryUsage of job (MB)
	6681792  -  ResidentSetSize of job (KB)
...
006 (2017346.000.000) 2025-01-30 03:15:51 Image size of job updated: 12334872
	8421  -  MemoryUsage of job (MB)
	8622844  -  ResidentSetSize of job (KB)
...
006 (2017346.000.000) 2025-01-30 03:20:51 Image size of job updated: 14202680
	10489  -  MemoryUsage of job (MB)
	10740560  -  ResidentSetSize of job (KB)
...
006 (2017346.000.000) 2025-01-30 03:25:52 Image size of job updated: 16216748
	12509  -  MemoryUsage of job (MB)
	12808288  -  ResidentSetSize of job (KB)
...
006 (2017346.000.000) 2025-01-30 03:30:53 Image size of job updated: 18739932
	14442  -  MemoryUsage of job (MB)
	14788184  -  ResidentSetSize of job (KB)
...
006 (2017346.000.000) 2025-01-30 03:35:53 Image size of job updated: 21171892
	16732  -  MemoryUsage of job (MB)
	17133556  -  ResidentSetSize of job (KB)
...
006 (2017346.000.000) 2025-01-30 03:40:54 Image size of job updated: 22643416
	18782  -  MemoryUsage of job (MB)
	19232188  -  ResidentSetSize of job (KB)
...
006 (2017346.000.000) 2025-01-30 03:45:55 Image size of job updated: 24801672
	20470  -  MemoryUsage of job (MB)
	20960868  -  ResidentSetSize of job (KB)
...
006 (2017346.000.000) 2025-01-30 03:50:55 Image size of job updated: 26063376
	22139  -  MemoryUsage of job (MB)
	22670204  -  ResidentSetSize of job (KB)
...
006 (2017346.000.000) 2025-01-30 03:55:56 Image size of job updated: 28489260
	24246  -  MemoryUsage of job (MB)
	24827216  -  ResidentSetSize of job (KB)
...
006 (2017346.000.000) 2025-01-30 04:00:57 Image size of job updated: 30609576
	26224  -  MemoryUsage of job (MB)
	26853280  -  ResidentSetSize of job (KB)
...
006 (2017346.000.000) 2025-01-30 04:05:57 Image size of job updated: 32685184
	28548  -  MemoryUsage of job (MB)
	29232552  -  ResidentSetSize of job (KB)
...
006 (2017346.000.000) 2025-01-30 04:10:57 Image size of job updated: 34681988
	30410  -  MemoryUsage of job (MB)
	31138948  -  ResidentSetSize of job (KB)
...
006 (2017346.000.000) 2025-01-30 04:15:58 Image size of job updated: 36700556
	32288  -  MemoryUsage of job (MB)
	33062880  -  ResidentSetSize of job (KB)
...
006 (2017346.000.000) 2025-01-30 04:20:58 Image size of job updated: 38671072
	34414  -  MemoryUsage of job (MB)
	35239204  -  ResidentSetSize of job (KB)
...
006 (2017346.000.000) 2025-01-30 04:25:58 Image size of job updated: 40476740
	36245  -  MemoryUsage of job (MB)
	37114132  -  ResidentSetSize of job (KB)
...
006 (2017346.000.000) 2025-01-30 04:30:59 Image size of job updated: 42441012
	38163  -  MemoryUsage of job (MB)
	39078228  -  ResidentSetSize of job (KB)
...
006 (2017346.000.000) 2025-01-30 04:36:00 Image size of job updated: 44187448
	39829  -  MemoryUsage of job (MB)
	40784128  -  ResidentSetSize of job (KB)
...
006 (2017346.000.000) 2025-01-30 04:41:00 Image size of job updated: 46221288
	41776  -  MemoryUsage of job (MB)
	42778044  -  ResidentSetSize of job (KB)
...
006 (2017346.000.000) 2025-01-30 04:46:01 Image size of job updated: 48059120
	43647  -  MemoryUsage of job (MB)
	44694408  -  ResidentSetSize of job (KB)
...
006 (2017346.000.000) 2025-01-30 04:51:02 Image size of job updated: 50263672
	45540  -  MemoryUsage of job (MB)
	46632072  -  ResidentSetSize of job (KB)
...
006 (2017346.000.000) 2025-01-30 04:56:02 Image size of job updated: 52271388
	47414  -  MemoryUsage of job (MB)
	48551528  -  ResidentSetSize of job (KB)
...
006 (2017346.000.000) 2025-01-30 05:01:03 Image size of job updated: 54062268
	49298  -  MemoryUsage of job (MB)
	50480972  -  ResidentSetSize of job (KB)
...
006 (2017346.000.000) 2025-01-30 05:06:04 Image size of job updated: 55799852
	50971  -  MemoryUsage of job (MB)
	52193912  -  ResidentSetSize of job (KB)
...
006 (2017346.000.000) 2025-01-30 05:11:04 Image size of job updated: 57264940
	52346  -  MemoryUsage of job (MB)
	53601532  -  ResidentSetSize of job (KB)
...
006 (2017346.000.000) 2025-01-30 05:16:04 Image size of job updated: 58950640
	53965  -  MemoryUsage of job (MB)
	55259976  -  ResidentSetSize of job (KB)
...
006 (2017346.000.000) 2025-01-30 05:21:05 Image size of job updated: 60245396
	55503  -  MemoryUsage of job (MB)
	56834984  -  ResidentSetSize of job (KB)
...
006 (2017346.000.000) 2025-01-30 05:26:05 Image size of job updated: 62125636
	57214  -  MemoryUsage of job (MB)
	58586696  -  ResidentSetSize of job (KB)
...
006 (2017346.000.000) 2025-01-30 05:31:05 Image size of job updated: 63954368
	58954  -  MemoryUsage of job (MB)
	60368596  -  ResidentSetSize of job (KB)
...
006 (2017346.000.000) 2025-01-30 05:36:07 Image size of job updated: 65433884
	60567  -  MemoryUsage of job (MB)
	62019832  -  ResidentSetSize of job (KB)
...
006 (2017346.000.000) 2025-01-30 05:41:07 Image size of job updated: 67377016
	62223  -  MemoryUsage of job (MB)
	63715900  -  ResidentSetSize of job (KB)
...
006 (2017346.000.000) 2025-01-30 05:46:07 Image size of job updated: 69053088
	63777  -  MemoryUsage of job (MB)
	65307556  -  ResidentSetSize of job (KB)
...
006 (2017346.000.000) 2025-01-30 05:51:08 Image size of job updated: 71381280
	66035  -  MemoryUsage of job (MB)
	67619128  -  ResidentSetSize of job (KB)
...
006 (2017346.000.000) 2025-01-30 05:56:09 Image size of job updated: 73272204
	68236  -  MemoryUsage of job (MB)
	69872772  -  ResidentSetSize of job (KB)
...
006 (2017346.000.000) 2025-01-30 06:01:09 Image size of job updated: 75657624
	70064  -  MemoryUsage of job (MB)
	71745180  -  ResidentSetSize of job (KB)
...
006 (2017346.000.000) 2025-01-30 06:06:10 Image size of job updated: 77899296
	72272  -  MemoryUsage of job (MB)
	74006028  -  ResidentSetSize of job (KB)
...
006 (2017346.000.000) 2025-01-30 06:11:11 Image size of job updated: 80053756
	74502  -  MemoryUsage of job (MB)
	76289996  -  ResidentSetSize of job (KB)
...
006 (2017346.000.000) 2025-01-30 06:16:11 Image size of job updated: 82260648
	76918  -  MemoryUsage of job (MB)
	78763876  -  ResidentSetSize of job (KB)
...
006 (2017346.000.000) 2025-01-30 06:20:08 Image size of job updated: 83780344
	76919  -  MemoryUsage of job (MB)
	78764076  -  ResidentSetSize of job (KB)
...
005 (2017346.000.000) 2025-01-30 06:20:08 Job terminated.
	(1) Normal termination (return value 0)
		Usr 0 03:01:12, Sys 0 00:28:45  -  Run Remote Usage
		Usr 0 00:00:00, Sys 0 00:00:00  -  Run Local Usage
		Usr 0 03:01:12, Sys 0 00:28:45  -  Total Remote Usage
		Usr 0 00:00:00, Sys 0 00:00:00  -  Total Local Usage
	0  -  Run Bytes Sent By Job
	0  -  Run Bytes Received By Job
	0  -  Total Bytes Sent By Job
	0  -  Total Bytes Received By Job
	Partitionable Resources :    Usage  Request Allocated 
	   Cpus                 :     1.01        1         1 
	   Disk (KB)            :     2           2   6681628 
	   Memory (MB)          : 76919      128192    128256 
	   xferslots            :                           0 

	Job terminated of its own accord at 2025-01-30T11:20:08Z with exit-code 0.
...
000 (2018792.000.000) 2025-02-02 20:32:20 Job submitted from host: <130.199.48.81:9618?addrs=130.199.48.81-9618&alias=rcas2062.rcf.bnl.gov&noUDP&sock=schedd_48563_ad09>
...
001 (2018792.000.000) 2025-02-02 20:36:50 Job executing on host: <130.199.207.216:9618?addrs=130.199.207.216-9618&alias=spool1503.sdcc.bnl.gov&noUDP&sock=startd_26617_0b41>
...
006 (2018792.000.000) 2025-02-02 20:36:59 Image size of job updated: 152096
	77  -  MemoryUsage of job (MB)
	78688  -  ResidentSetSize of job (KB)
...
006 (2018792.000.000) 2025-02-02 20:39:52 Image size of job updated: 4001032
	77  -  MemoryUsage of job (MB)
	78692  -  ResidentSetSize of job (KB)
...
005 (2018792.000.000) 2025-02-02 20:39:52 Job terminated.
	(1) Normal termination (return value 0)
		Usr 0 00:02:25, Sys 0 00:00:05  -  Run Remote Usage
		Usr 0 00:00:00, Sys 0 00:00:00  -  Run Local Usage
		Usr 0 00:02:25, Sys 0 00:00:05  -  Total Remote Usage
		Usr 0 00:00:00, Sys 0 00:00:00  -  Total Local Usage
	0  -  Run Bytes Sent By Job
	0  -  Run Bytes Received By Job
	0  -  Total Bytes Sent By Job
	0  -  Total Bytes Received By Job
	Partitionable Resources :    Usage  Request Allocated 
	   Cpus                 :                 1         1 
	   Disk (KB)            :        2        2   6681235 
	   Memory (MB)          :       77   128192    128256 
	   xferslots            :                           0 

	Job terminated of its own accord at 2025-02-03T01:39:52Z with exit-code 0.
...
000 (2019176.000.000) 2025-02-02 20:56:50 Job submitted from host: <130.199.48.81:9618?addrs=130.199.48.81-9618&alias=rcas2062.rcf.bnl.gov&noUDP&sock=schedd_48563_ad09>
...
001 (2019176.000.000) 2025-02-02 20:59:30 Job executing on host: <130.199.186.89:9618?addrs=130.199.186.89-9618&alias=spool1852.sdcc.bnl.gov&noUDP&sock=startd_24364_ff77>
...
006 (2019176.000.000) 2025-02-02 20:59:39 Image size of job updated: 298804
	101  -  MemoryUsage of job (MB)
	103064  -  ResidentSetSize of job (KB)
...
006 (2019176.000.000) 2025-02-02 21:01:49 Image size of job updated: 4001028
	101  -  MemoryUsage of job (MB)
	103344  -  ResidentSetSize of job (KB)
...
005 (2019176.000.000) 2025-02-02 21:01:49 Job terminated.
	(1) Normal termination (return value 0)
		Usr 0 00:02:03, Sys 0 00:00:05  -  Run Remote Usage
		Usr 0 00:00:00, Sys 0 00:00:00  -  Run Local Usage
		Usr 0 00:02:03, Sys 0 00:00:05  -  Total Remote Usage
		Usr 0 00:00:00, Sys 0 00:00:00  -  Total Local Usage
	0  -  Run Bytes Sent By Job
	0  -  Run Bytes Received By Job
	0  -  Total Bytes Sent By Job
	0  -  Total Bytes Received By Job
	Partitionable Resources :    Usage  Request Allocated 
	   Cpus                 :     0.97        1         1 
	   Disk (KB)            :     2           2   6681633 
	   Memory (MB)          :   101      128192    128256 
	   xferslots            :                           0 

	Job terminated of its own accord at 2025-02-03T02:01:49Z with exit-code 0.
...
000 (2019560.000.000) 2025-02-02 22:34:31 Job submitted from host: <130.199.48.81:9618?addrs=130.199.48.81-9618&alias=rcas2062.rcf.bnl.gov&noUDP&sock=schedd_48563_ad09>
...
001 (2019560.000.000) 2025-02-02 22:41:03 Job executing on host: <130.199.186.22:9618?addrs=130.199.186.22-9618&alias=spool1819.sdcc.bnl.gov&noUDP&sock=startd_21241_9b9b>
...
006 (2019560.000.000) 2025-02-02 22:41:12 Image size of job updated: 373128
	46  -  MemoryUsage of job (MB)
	46880  -  ResidentSetSize of job (KB)
...
006 (2019560.000.000) 2025-02-02 22:44:23 Image size of job updated: 4001024
	46  -  MemoryUsage of job (MB)
	46992  -  ResidentSetSize of job (KB)
...
005 (2019560.000.000) 2025-02-02 22:44:23 Job terminated.
	(1) Normal termination (return value 0)
		Usr 0 00:02:25, Sys 0 00:00:05  -  Run Remote Usage
		Usr 0 00:00:00, Sys 0 00:00:00  -  Run Local Usage
		Usr 0 00:02:25, Sys 0 00:00:05  -  Total Remote Usage
		Usr 0 00:00:00, Sys 0 00:00:00  -  Total Local Usage
	0  -  Run Bytes Sent By Job
	0  -  Run Bytes Received By Job
	0  -  Total Bytes Sent By Job
	0  -  Total Bytes Received By Job
	Partitionable Resources :    Usage  Request Allocated 
	   Cpus                 :                 1         1 
	   Disk (KB)            :        2        2   6681624 
	   Memory (MB)          :       46   128192    128256 
	   xferslots            :                           0 

	Job terminated of its own accord at 2025-02-03T03:44:23Z with exit-code 0.
...
