000 (9669094.000.000) 2023-09-11 15:40:39 Job submitted from host: <130.199.48.94:9618?addrs=130.199.48.94-9618&alias=rcas2065.rcf.bnl.gov&noUDP&sock=schedd_9170_49e9>
...
001 (9669094.000.000) 2023-09-11 15:40:54 Job executing on host: <130.199.201.143:9618?addrs=130.199.201.143-9618&alias=spool0101.sdcc.bnl.gov&noUDP&sock=startd_171270_e471>
...
006 (9669094.000.000) 2023-09-11 15:40:59 Image size of job updated: 13004
	0  -  MemoryUsage of job (MB)
	0  -  ResidentSetSize of job (KB)
...
005 (9669094.000.000) 2023-09-11 15:40:59 Job terminated.
	(1) Normal termination (return value 0)
		Usr 0 00:00:00, Sys 0 00:00:00  -  Run Remote Usage
		Usr 0 00:00:00, Sys 0 00:00:00  -  Run Local Usage
		Usr 0 00:00:00, Sys 0 00:00:00  -  Total Remote Usage
		Usr 0 00:00:00, Sys 0 00:00:00  -  Total Local Usage
	0  -  Run Bytes Sent By Job
	0  -  Run Bytes Received By Job
	0  -  Total Bytes Sent By Job
	0  -  Total Bytes Received By Job
	Partitionable Resources :    Usage  Request Allocated 
	   Cpus                 :                 1         1 
	   Disk (KB)            :        1        1   6681555 
	   Memory (MB)          :        0     8192      8192 
	   xferslots            :                           0 

	Job terminated of its own accord at 2023-09-11T19:40:59Z.
...
000 (9669114.000.000) 2023-09-11 15:44:49 Job submitted from host: <130.199.48.94:9618?addrs=130.199.48.94-9618&alias=rcas2065.rcf.bnl.gov&noUDP&sock=schedd_9170_49e9>
...
001 (9669114.000.000) 2023-09-11 15:44:58 Job executing on host: <130.199.158.177:9618?addrs=130.199.158.177-9618&alias=spool0716.sdcc.bnl.gov&noUDP&sock=startd_301_5cb8>
...
006 (9669114.000.000) 2023-09-11 15:45:07 Image size of job updated: 165116
	34  -  MemoryUsage of job (MB)
	33956  -  ResidentSetSize of job (KB)
...
005 (9669114.000.000) 2023-09-11 15:45:13 Job terminated.
	(1) Normal termination (return value 0)
		Usr 0 00:00:00, Sys 0 00:00:01  -  Run Remote Usage
		Usr 0 00:00:00, Sys 0 00:00:00  -  Run Local Usage
		Usr 0 00:00:00, Sys 0 00:00:01  -  Total Remote Usage
		Usr 0 00:00:00, Sys 0 00:00:00  -  Total Local Usage
	0  -  Run Bytes Sent By Job
	0  -  Run Bytes Received By Job
	0  -  Total Bytes Sent By Job
	0  -  Total Bytes Received By Job
	Partitionable Resources :    Usage  Request Allocated 
	   Cpus                 :                 1         1 
	   Disk (KB)            :        1        1   7037846 
	   Memory (MB)          :       34     8192      8192 
	   xferslots            :                           0 

	Job terminated of its own accord at 2023-09-11T19:45:13Z.
...
000 (9669133.000.000) 2023-09-11 15:47:50 Job submitted from host: <130.199.48.94:9618?addrs=130.199.48.94-9618&alias=rcas2065.rcf.bnl.gov&noUDP&sock=schedd_9170_49e9>
...
001 (9669133.000.000) 2023-09-11 15:48:08 Job executing on host: <130.199.207.224:9618?addrs=130.199.207.224-9618&alias=spool1511.sdcc.bnl.gov&noUDP&sock=startd_12759_2973>
...
006 (9669133.000.000) 2023-09-11 15:48:09 Image size of job updated: 1
	0  -  MemoryUsage of job (MB)
	0  -  ResidentSetSize of job (KB)
...
005 (9669133.000.000) 2023-09-11 15:48:09 Job terminated.
	(1) Normal termination (return value 1)
		Usr 0 00:00:00, Sys 0 00:00:00  -  Run Remote Usage
		Usr 0 00:00:00, Sys 0 00:00:00  -  Run Local Usage
		Usr 0 00:00:00, Sys 0 00:00:00  -  Total Remote Usage
		Usr 0 00:00:00, Sys 0 00:00:00  -  Total Local Usage
	0  -  Run Bytes Sent By Job
	0  -  Run Bytes Received By Job
	0  -  Total Bytes Sent By Job
	0  -  Total Bytes Received By Job
	Partitionable Resources :    Usage  Request Allocated 
	   Cpus                 :                 1         1 
	   Disk (KB)            :        1        1   6680962 
	   Memory (MB)          :        0     8192      8192 
	   xferslots            :                           0 

	Job terminated of its own accord at 2023-09-11T19:48:09Z.
...
000 (9669152.000.000) 2023-09-11 15:48:47 Job submitted from host: <130.199.48.94:9618?addrs=130.199.48.94-9618&alias=rcas2065.rcf.bnl.gov&noUDP&sock=schedd_9170_49e9>
...
001 (9669152.000.000) 2023-09-11 15:49:04 Job executing on host: <130.199.151.15:9618?addrs=130.199.151.15-9618&alias=spool1593.sdcc.bnl.gov&noUDP&sock=startd_43384_967a>
...
006 (9669152.000.000) 2023-09-11 15:49:05 Image size of job updated: 1
	0  -  MemoryUsage of job (MB)
	0  -  ResidentSetSize of job (KB)
...
005 (9669152.000.000) 2023-09-11 15:49:05 Job terminated.
	(1) Normal termination (return value 1)
		Usr 0 00:00:00, Sys 0 00:00:00  -  Run Remote Usage
		Usr 0 00:00:00, Sys 0 00:00:00  -  Run Local Usage
		Usr 0 00:00:00, Sys 0 00:00:00  -  Total Remote Usage
		Usr 0 00:00:00, Sys 0 00:00:00  -  Total Local Usage
	0  -  Run Bytes Sent By Job
	0  -  Run Bytes Received By Job
	0  -  Total Bytes Sent By Job
	0  -  Total Bytes Received By Job
	Partitionable Resources :    Usage  Request Allocated 
	   Cpus                 :                 1         1 
	   Disk (KB)            :        1        1   6681265 
	   Memory (MB)          :        0     8192      8192 
	   xferslots            :                           0 

	Job terminated of its own accord at 2023-09-11T19:49:05Z.
...
000 (9669171.000.000) 2023-09-11 15:49:49 Job submitted from host: <130.199.48.94:9618?addrs=130.199.48.94-9618&alias=rcas2065.rcf.bnl.gov&noUDP&sock=schedd_9170_49e9>
...
001 (9669171.000.000) 2023-09-11 15:49:56 Job executing on host: <130.199.151.20:9618?addrs=130.199.151.20-9618&alias=spool1598.sdcc.bnl.gov&noUDP&sock=startd_35484_5668>
...
006 (9669171.000.000) 2023-09-11 15:50:02 Image size of job updated: 113056
	0  -  MemoryUsage of job (MB)
	0  -  ResidentSetSize of job (KB)
...
005 (9669171.000.000) 2023-09-11 15:50:03 Job terminated.
	(1) Normal termination (return value 0)
		Usr 0 00:00:00, Sys 0 00:00:01  -  Run Remote Usage
		Usr 0 00:00:00, Sys 0 00:00:00  -  Run Local Usage
		Usr 0 00:00:00, Sys 0 00:00:01  -  Total Remote Usage
		Usr 0 00:00:00, Sys 0 00:00:00  -  Total Local Usage
	0  -  Run Bytes Sent By Job
	0  -  Run Bytes Received By Job
	0  -  Total Bytes Sent By Job
	0  -  Total Bytes Received By Job
	Partitionable Resources :    Usage  Request Allocated 
	   Cpus                 :                 1         1 
	   Disk (KB)            :        1        1   6681265 
	   Memory (MB)          :        0     8192      8192 
	   xferslots            :                           0 

	Job terminated of its own accord at 2023-09-11T19:50:02Z.
...
000 (9669192.000.000) 2023-09-11 15:54:22 Job submitted from host: <130.199.48.94:9618?addrs=130.199.48.94-9618&alias=rcas2065.rcf.bnl.gov&noUDP&sock=schedd_9170_49e9>
...
001 (9669192.000.000) 2023-09-11 15:54:40 Job executing on host: <130.199.151.3:9618?addrs=130.199.151.3-9618&alias=spool1581.sdcc.bnl.gov&noUDP&sock=startd_39201_b89a>
...
006 (9669192.000.000) 2023-09-11 15:54:49 Image size of job updated: 486384
	101  -  MemoryUsage of job (MB)
	102624  -  ResidentSetSize of job (KB)
...
006 (9669192.000.000) 2023-09-11 15:59:50 Image size of job updated: 906064
	270  -  MemoryUsage of job (MB)
	275876  -  ResidentSetSize of job (KB)
...
006 (9669192.000.000) 2023-09-11 16:04:50 Image size of job updated: 906064
	270  -  MemoryUsage of job (MB)
	276236  -  ResidentSetSize of job (KB)
...
006 (9669192.000.000) 2023-09-11 16:09:50 Image size of job updated: 906064
	270  -  MemoryUsage of job (MB)
	276364  -  ResidentSetSize of job (KB)
...
005 (9669192.000.000) 2023-09-11 16:10:58 Job terminated.
	(1) Normal termination (return value 0)
		Usr 0 00:05:12, Sys 0 00:10:50  -  Run Remote Usage
		Usr 0 00:00:00, Sys 0 00:00:00  -  Run Local Usage
		Usr 0 00:05:12, Sys 0 00:10:50  -  Total Remote Usage
		Usr 0 00:00:00, Sys 0 00:00:00  -  Total Local Usage
	0  -  Run Bytes Sent By Job
	0  -  Run Bytes Received By Job
	0  -  Total Bytes Sent By Job
	0  -  Total Bytes Received By Job
	Partitionable Resources :    Usage  Request Allocated 
	   Cpus                 :     0.99        1         1 
	   Disk (KB)            :     1           1   6681265 
	   Memory (MB)          :   270        8192      8192 
	   xferslots            :                           0 

	Job terminated of its own accord at 2023-09-11T20:10:57Z.
...
000 (1540195.000.000) 2023-09-13 10:16:22 Job submitted from host: <130.199.48.81:9618?addrs=130.199.48.81-9618&alias=rcas2062.rcf.bnl.gov&noUDP&sock=schedd_9125_0bfa>
...
001 (1540195.000.000) 2023-09-13 10:17:38 Job executing on host: <130.199.207.211:9618?addrs=130.199.207.211-9618&alias=spool1498.sdcc.bnl.gov&noUDP&sock=startd_18163_75ae>
...
006 (1540195.000.000) 2023-09-13 10:17:47 Image size of job updated: 371224
	269  -  MemoryUsage of job (MB)
	275216  -  ResidentSetSize of job (KB)
...
006 (1540195.000.000) 2023-09-13 10:19:00 Image size of job updated: 906068
	269  -  MemoryUsage of job (MB)
	275216  -  ResidentSetSize of job (KB)
...
005 (1540195.000.000) 2023-09-13 10:19:00 Job terminated.
	(1) Normal termination (return value 0)
		Usr 0 00:01:09, Sys 0 00:00:05  -  Run Remote Usage
		Usr 0 00:00:00, Sys 0 00:00:00  -  Run Local Usage
		Usr 0 00:01:09, Sys 0 00:00:05  -  Total Remote Usage
		Usr 0 00:00:00, Sys 0 00:00:00  -  Total Local Usage
	0  -  Run Bytes Sent By Job
	0  -  Run Bytes Received By Job
	0  -  Total Bytes Sent By Job
	0  -  Total Bytes Received By Job
	Partitionable Resources :    Usage  Request Allocated 
	   Cpus                 :        0        1         1 
	   Disk (KB)            :        1        1   6680961 
	   Memory (MB)          :      269     8192      8192 
	   xferslots            :                           0 

	Job terminated of its own accord at 2023-09-13T14:19:00Z.
...
000 (1540214.000.000) 2023-09-13 10:21:33 Job submitted from host: <130.199.48.81:9618?addrs=130.199.48.81-9618&alias=rcas2062.rcf.bnl.gov&noUDP&sock=schedd_9125_0bfa>
...
001 (1540214.000.000) 2023-09-13 10:23:18 Job executing on host: <130.199.151.30:9618?addrs=130.199.151.30-9618&alias=spool1608.sdcc.bnl.gov&noUDP&sock=startd_37785_9332>
...
006 (1540214.000.000) 2023-09-13 10:23:27 Image size of job updated: 443612
	269  -  MemoryUsage of job (MB)
	275248  -  ResidentSetSize of job (KB)
...
006 (1540214.000.000) 2023-09-13 10:24:32 Image size of job updated: 906068
	269  -  MemoryUsage of job (MB)
	275248  -  ResidentSetSize of job (KB)
...
005 (1540214.000.000) 2023-09-13 10:24:32 Job terminated.
	(1) Normal termination (return value 0)
		Usr 0 00:01:02, Sys 0 00:00:04  -  Run Remote Usage
		Usr 0 00:00:00, Sys 0 00:00:00  -  Run Local Usage
		Usr 0 00:01:02, Sys 0 00:00:04  -  Total Remote Usage
		Usr 0 00:00:00, Sys 0 00:00:00  -  Total Local Usage
	0  -  Run Bytes Sent By Job
	0  -  Run Bytes Received By Job
	0  -  Total Bytes Sent By Job
	0  -  Total Bytes Received By Job
	Partitionable Resources :    Usage  Request Allocated 
	   Cpus                 :                 1         1 
	   Disk (KB)            :        1        1   6681265 
	   Memory (MB)          :      269     8192      8192 
	   xferslots            :                           0 

	Job terminated of its own accord at 2023-09-13T14:24:32Z.
...
000 (1540233.000.000) 2023-09-13 10:44:47 Job submitted from host: <130.199.48.81:9618?addrs=130.199.48.81-9618&alias=rcas2062.rcf.bnl.gov&noUDP&sock=schedd_9125_0bfa>
...
001 (1540233.000.000) 2023-09-13 10:45:20 Job executing on host: <130.199.207.224:9618?addrs=130.199.207.224-9618&alias=spool1511.sdcc.bnl.gov&noUDP&sock=startd_12759_2973>
...
006 (1540233.000.000) 2023-09-13 10:45:28 Image size of job updated: 503892
	81  -  MemoryUsage of job (MB)
	82592  -  ResidentSetSize of job (KB)
...
006 (1540233.000.000) 2023-09-13 10:47:31 Image size of job updated: 915840
	81  -  MemoryUsage of job (MB)
	82592  -  ResidentSetSize of job (KB)
...
005 (1540233.000.000) 2023-09-13 10:47:31 Job terminated.
	(1) Normal termination (return value 0)
		Usr 0 00:01:55, Sys 0 00:00:04  -  Run Remote Usage
		Usr 0 00:00:00, Sys 0 00:00:00  -  Run Local Usage
		Usr 0 00:01:55, Sys 0 00:00:04  -  Total Remote Usage
		Usr 0 00:00:00, Sys 0 00:00:00  -  Total Local Usage
	0  -  Run Bytes Sent By Job
	0  -  Run Bytes Received By Job
	0  -  Total Bytes Sent By Job
	0  -  Total Bytes Received By Job
	Partitionable Resources :    Usage  Request Allocated 
	   Cpus                 :     0.98        1         1 
	   Disk (KB)            :     1           1   6680962 
	   Memory (MB)          :    81        8192      8192 
	   xferslots            :                           0 

	Job terminated of its own accord at 2023-09-13T14:47:31Z.
...
