000 (9669106.000.000) 2023-09-11 15:40:40 Job submitted from host: <130.199.48.94:9618?addrs=130.199.48.94-9618&alias=rcas2065.rcf.bnl.gov&noUDP&sock=schedd_9170_49e9>
...
001 (9669106.000.000) 2023-09-11 15:41:04 Job executing on host: <130.199.150.97:9618?addrs=130.199.150.97-9618&alias=spool1578.sdcc.bnl.gov&noUDP&sock=startd_39887_d4d9>
...
006 (9669106.000.000) 2023-09-11 15:41:10 Image size of job updated: 41504
	0  -  MemoryUsage of job (MB)
	0  -  ResidentSetSize of job (KB)
...
005 (9669106.000.000) 2023-09-11 15:41:11 Job terminated.
	(1) Normal termination (return value 0)
		Usr 0 00:00:00, Sys 0 00:00:00  -  Run Remote Usage
		Usr 0 00:00:00, Sys 0 00:00:00  -  Run Local Usage
		Usr 0 00:00:00, Sys 0 00:00:00  -  Total Remote Usage
		Usr 0 00:00:00, Sys 0 00:00:00  -  Total Local Usage
	0  -  Run Bytes Sent By Job
	0  -  Run Bytes Received By Job
	0  -  Total Bytes Sent By Job
	0  -  Total Bytes Received By Job
	Partitionable Resources :    Usage  Request Allocated 
	   Cpus                 :                 1         1 
	   Disk (KB)            :        1        1   6681265 
	   Memory (MB)          :        0     8192      8192 
	   xferslots            :                           0 

	Job terminated of its own accord at 2023-09-11T19:41:10Z.
...
000 (9669126.000.000) 2023-09-11 15:44:50 Job submitted from host: <130.199.48.94:9618?addrs=130.199.48.94-9618&alias=rcas2065.rcf.bnl.gov&noUDP&sock=schedd_9170_49e9>
...
001 (9669126.000.000) 2023-09-11 15:44:58 Job executing on host: <130.199.201.144:9618?addrs=130.199.201.144-9618&alias=spool0102.sdcc.bnl.gov&noUDP&sock=startd_173925_2a95>
...
006 (9669126.000.000) 2023-09-11 15:45:05 Image size of job updated: 113128
	0  -  MemoryUsage of job (MB)
	0  -  ResidentSetSize of job (KB)
...
005 (9669126.000.000) 2023-09-11 15:45:06 Job terminated.
	(1) Normal termination (return value 0)
		Usr 0 00:00:00, Sys 0 00:00:01  -  Run Remote Usage
		Usr 0 00:00:00, Sys 0 00:00:00  -  Run Local Usage
		Usr 0 00:00:00, Sys 0 00:00:01  -  Total Remote Usage
		Usr 0 00:00:00, Sys 0 00:00:00  -  Total Local Usage
	0  -  Run Bytes Sent By Job
	0  -  Run Bytes Received By Job
	0  -  Total Bytes Sent By Job
	0  -  Total Bytes Received By Job
	Partitionable Resources :    Usage  Request Allocated 
	   Cpus                 :                 1         1 
	   Disk (KB)            :        1        1   6681616 
	   Memory (MB)          :        0     8192      8192 
	   xferslots            :                           0 

	Job terminated of its own accord at 2023-09-11T19:45:05Z.
...
000 (9669145.000.000) 2023-09-11 15:47:51 Job submitted from host: <130.199.48.94:9618?addrs=130.199.48.94-9618&alias=rcas2065.rcf.bnl.gov&noUDP&sock=schedd_9170_49e9>
...
001 (9669145.000.000) 2023-09-11 15:48:08 Job executing on host: <130.199.150.69:9618?addrs=130.199.150.69-9618&alias=spool1550.sdcc.bnl.gov&noUDP&sock=startd_36178_fad2>
...
006 (9669145.000.000) 2023-09-11 15:48:09 Image size of job updated: 1
	0  -  MemoryUsage of job (MB)
	0  -  ResidentSetSize of job (KB)
...
005 (9669145.000.000) 2023-09-11 15:48:09 Job terminated.
	(1) Normal termination (return value 1)
		Usr 0 00:00:00, Sys 0 00:00:00  -  Run Remote Usage
		Usr 0 00:00:00, Sys 0 00:00:00  -  Run Local Usage
		Usr 0 00:00:00, Sys 0 00:00:00  -  Total Remote Usage
		Usr 0 00:00:00, Sys 0 00:00:00  -  Total Local Usage
	0  -  Run Bytes Sent By Job
	0  -  Run Bytes Received By Job
	0  -  Total Bytes Sent By Job
	0  -  Total Bytes Received By Job
	Partitionable Resources :    Usage  Request Allocated 
	   Cpus                 :                 1         1 
	   Disk (KB)            :        1        1   6681265 
	   Memory (MB)          :        0     8192      8192 
	   xferslots            :                           0 

	Job terminated of its own accord at 2023-09-11T19:48:09Z.
...
000 (9669164.000.000) 2023-09-11 15:48:48 Job submitted from host: <130.199.48.94:9618?addrs=130.199.48.94-9618&alias=rcas2065.rcf.bnl.gov&noUDP&sock=schedd_9170_49e9>
...
001 (9669164.000.000) 2023-09-11 15:49:04 Job executing on host: <130.199.150.72:9618?addrs=130.199.150.72-9618&alias=spool1553.sdcc.bnl.gov&noUDP&sock=startd_37021_c754>
...
006 (9669164.000.000) 2023-09-11 15:49:04 Image size of job updated: 1
	0  -  MemoryUsage of job (MB)
	0  -  ResidentSetSize of job (KB)
...
005 (9669164.000.000) 2023-09-11 15:49:04 Job terminated.
	(1) Normal termination (return value 1)
		Usr 0 00:00:00, Sys 0 00:00:00  -  Run Remote Usage
		Usr 0 00:00:00, Sys 0 00:00:00  -  Run Local Usage
		Usr 0 00:00:00, Sys 0 00:00:00  -  Total Remote Usage
		Usr 0 00:00:00, Sys 0 00:00:00  -  Total Local Usage
	0  -  Run Bytes Sent By Job
	0  -  Run Bytes Received By Job
	0  -  Total Bytes Sent By Job
	0  -  Total Bytes Received By Job
	Partitionable Resources :    Usage  Request Allocated 
	   Cpus                 :                 1         1 
	   Disk (KB)            :        1        1   6681265 
	   Memory (MB)          :        0     8192      8192 
	   xferslots            :                           0 

	Job terminated of its own accord at 2023-09-11T19:49:04Z.
...
000 (9669183.000.000) 2023-09-11 15:49:50 Job submitted from host: <130.199.48.94:9618?addrs=130.199.48.94-9618&alias=rcas2065.rcf.bnl.gov&noUDP&sock=schedd_9170_49e9>
...
001 (9669183.000.000) 2023-09-11 15:49:57 Job executing on host: <130.199.207.212:9618?addrs=130.199.207.212-9618&alias=spool1499.sdcc.bnl.gov&noUDP&sock=startd_14284_ce1f>
...
006 (9669183.000.000) 2023-09-11 15:50:03 Image size of job updated: 448688
	0  -  MemoryUsage of job (MB)
	0  -  ResidentSetSize of job (KB)
...
005 (9669183.000.000) 2023-09-11 15:50:03 Job terminated.
	(1) Normal termination (return value 0)
		Usr 0 00:00:00, Sys 0 00:00:01  -  Run Remote Usage
		Usr 0 00:00:00, Sys 0 00:00:00  -  Run Local Usage
		Usr 0 00:00:00, Sys 0 00:00:01  -  Total Remote Usage
		Usr 0 00:00:00, Sys 0 00:00:00  -  Total Local Usage
	0  -  Run Bytes Sent By Job
	0  -  Run Bytes Received By Job
	0  -  Total Bytes Sent By Job
	0  -  Total Bytes Received By Job
	Partitionable Resources :    Usage  Request Allocated 
	   Cpus                 :                 1         1 
	   Disk (KB)            :        1        1   6680961 
	   Memory (MB)          :        0     8192      8192 
	   xferslots            :                           0 

	Job terminated of its own accord at 2023-09-11T19:50:03Z.
...
000 (9669204.000.000) 2023-09-11 15:54:22 Job submitted from host: <130.199.48.94:9618?addrs=130.199.48.94-9618&alias=rcas2065.rcf.bnl.gov&noUDP&sock=schedd_9170_49e9>
...
001 (9669204.000.000) 2023-09-11 15:54:40 Job executing on host: <130.199.151.17:9618?addrs=130.199.151.17-9618&alias=spool1595.sdcc.bnl.gov&noUDP&sock=startd_43047_ee7a>
...
006 (9669204.000.000) 2023-09-11 15:54:49 Image size of job updated: 341580
	90  -  MemoryUsage of job (MB)
	92064  -  ResidentSetSize of job (KB)
...
006 (9669204.000.000) 2023-09-11 15:54:51 Image size of job updated: 341580
	90  -  MemoryUsage of job (MB)
	92068  -  ResidentSetSize of job (KB)
...
005 (9669204.000.000) 2023-09-11 15:54:51 Job terminated.
	(1) Normal termination (return value 0)
		Usr 0 00:00:01, Sys 0 00:00:01  -  Run Remote Usage
		Usr 0 00:00:00, Sys 0 00:00:00  -  Run Local Usage
		Usr 0 00:00:01, Sys 0 00:00:01  -  Total Remote Usage
		Usr 0 00:00:00, Sys 0 00:00:00  -  Total Local Usage
	0  -  Run Bytes Sent By Job
	0  -  Run Bytes Received By Job
	0  -  Total Bytes Sent By Job
	0  -  Total Bytes Received By Job
	Partitionable Resources :    Usage  Request Allocated 
	   Cpus                 :                 1         1 
	   Disk (KB)            :        1        1   6681265 
	   Memory (MB)          :       90     8192      8192 
	   xferslots            :                           0 

	Job terminated of its own accord at 2023-09-11T19:54:51Z.
...
000 (9669213.000.000) 2023-09-11 15:58:03 Job submitted from host: <130.199.48.94:9618?addrs=130.199.48.94-9618&alias=rcas2065.rcf.bnl.gov&noUDP&sock=schedd_9170_49e9>
...
001 (9669213.000.000) 2023-09-11 15:58:20 Job executing on host: <130.199.150.68:9618?addrs=130.199.150.68-9618&alias=spool1549.sdcc.bnl.gov&noUDP&sock=startd_34832_fcde>
...
006 (9669213.000.000) 2023-09-11 15:58:29 Image size of job updated: 437468
	160  -  MemoryUsage of job (MB)
	162900  -  ResidentSetSize of job (KB)
...
006 (9669213.000.000) 2023-09-11 16:03:30 Image size of job updated: 906624
	271  -  MemoryUsage of job (MB)
	276568  -  ResidentSetSize of job (KB)
...
006 (9669213.000.000) 2023-09-11 16:08:31 Image size of job updated: 906624
	271  -  MemoryUsage of job (MB)
	276788  -  ResidentSetSize of job (KB)
...
006 (9669213.000.000) 2023-09-11 16:13:31 Image size of job updated: 906624
	271  -  MemoryUsage of job (MB)
	277068  -  ResidentSetSize of job (KB)
...
005 (9669213.000.000) 2023-09-11 16:15:28 Job terminated.
	(1) Normal termination (return value 0)
		Usr 0 00:05:27, Sys 0 00:11:26  -  Run Remote Usage
		Usr 0 00:00:00, Sys 0 00:00:00  -  Run Local Usage
		Usr 0 00:05:27, Sys 0 00:11:26  -  Total Remote Usage
		Usr 0 00:00:00, Sys 0 00:00:00  -  Total Local Usage
	0  -  Run Bytes Sent By Job
	0  -  Run Bytes Received By Job
	0  -  Total Bytes Sent By Job
	0  -  Total Bytes Received By Job
	Partitionable Resources :    Usage  Request Allocated 
	   Cpus                 :     0.99        1         1 
	   Disk (KB)            :     1           1   6681265 
	   Memory (MB)          :   271        8192      8192 
	   xferslots            :                           0 

	Job terminated of its own accord at 2023-09-11T20:15:27Z.
...
000 (1540207.000.000) 2023-09-13 10:16:24 Job submitted from host: <130.199.48.81:9618?addrs=130.199.48.81-9618&alias=rcas2062.rcf.bnl.gov&noUDP&sock=schedd_9125_0bfa>
...
001 (1540207.000.000) 2023-09-13 10:17:39 Job executing on host: <130.199.151.2:9618?addrs=130.199.151.2-9618&alias=spool1580.sdcc.bnl.gov&noUDP&sock=startd_35897_0bfc>
...
006 (1540207.000.000) 2023-09-13 10:17:48 Image size of job updated: 148328
	81  -  MemoryUsage of job (MB)
	82568  -  ResidentSetSize of job (KB)
...
006 (1540207.000.000) 2023-09-13 10:19:19 Image size of job updated: 906632
	81  -  MemoryUsage of job (MB)
	82584  -  ResidentSetSize of job (KB)
...
005 (1540207.000.000) 2023-09-13 10:19:20 Job terminated.
	(1) Normal termination (return value 0)
		Usr 0 00:01:22, Sys 0 00:00:05  -  Run Remote Usage
		Usr 0 00:00:00, Sys 0 00:00:00  -  Run Local Usage
		Usr 0 00:01:22, Sys 0 00:00:05  -  Total Remote Usage
		Usr 0 00:00:00, Sys 0 00:00:00  -  Total Local Usage
	0  -  Run Bytes Sent By Job
	0  -  Run Bytes Received By Job
	0  -  Total Bytes Sent By Job
	0  -  Total Bytes Received By Job
	Partitionable Resources :    Usage  Request Allocated 
	   Cpus                 :                 1         1 
	   Disk (KB)            :        1        1   6681265 
	   Memory (MB)          :       81     8192      8192 
	   xferslots            :                           0 

	Job terminated of its own accord at 2023-09-13T14:19:19Z.
...
000 (1540226.000.000) 2023-09-13 10:21:34 Job submitted from host: <130.199.48.81:9618?addrs=130.199.48.81-9618&alias=rcas2062.rcf.bnl.gov&noUDP&sock=schedd_9125_0bfa>
...
001 (1540226.000.000) 2023-09-13 10:23:19 Job executing on host: <130.199.150.74:9618?addrs=130.199.150.74-9618&alias=spool1555.sdcc.bnl.gov&noUDP&sock=startd_64038_516c>
...
006 (1540226.000.000) 2023-09-13 10:23:27 Image size of job updated: 441292
	81  -  MemoryUsage of job (MB)
	82704  -  ResidentSetSize of job (KB)
...
006 (1540226.000.000) 2023-09-13 10:24:51 Image size of job updated: 906632
	81  -  MemoryUsage of job (MB)
	82704  -  ResidentSetSize of job (KB)
...
005 (1540226.000.000) 2023-09-13 10:24:51 Job terminated.
	(1) Normal termination (return value 0)
		Usr 0 00:01:16, Sys 0 00:00:05  -  Run Remote Usage
		Usr 0 00:00:00, Sys 0 00:00:00  -  Run Local Usage
		Usr 0 00:01:16, Sys 0 00:00:05  -  Total Remote Usage
		Usr 0 00:00:00, Sys 0 00:00:00  -  Total Local Usage
	0  -  Run Bytes Sent By Job
	0  -  Run Bytes Received By Job
	0  -  Total Bytes Sent By Job
	0  -  Total Bytes Received By Job
	Partitionable Resources :    Usage  Request Allocated 
	   Cpus                 :     0.96        1         1 
	   Disk (KB)            :     1           1   6681265 
	   Memory (MB)          :    81        8192      8192 
	   xferslots            :                           0 

	Job terminated of its own accord at 2023-09-13T14:24:51Z.
...
000 (1540245.000.000) 2023-09-13 10:44:48 Job submitted from host: <130.199.48.81:9618?addrs=130.199.48.81-9618&alias=rcas2062.rcf.bnl.gov&noUDP&sock=schedd_9125_0bfa>
...
001 (1540245.000.000) 2023-09-13 10:45:20 Job executing on host: <130.199.207.195:9618?addrs=130.199.207.195-9618&alias=spool1482.sdcc.bnl.gov&noUDP&sock=startd_18602_65cc>
...
006 (1540245.000.000) 2023-09-13 10:45:29 Image size of job updated: 486224
	85  -  MemoryUsage of job (MB)
	86656  -  ResidentSetSize of job (KB)
...
006 (1540245.000.000) 2023-09-13 10:47:26 Image size of job updated: 915324
	85  -  MemoryUsage of job (MB)
	86664  -  ResidentSetSize of job (KB)
...
005 (1540245.000.000) 2023-09-13 10:47:26 Job terminated.
	(1) Normal termination (return value 0)
		Usr 0 00:01:50, Sys 0 00:00:05  -  Run Remote Usage
		Usr 0 00:00:00, Sys 0 00:00:00  -  Run Local Usage
		Usr 0 00:01:50, Sys 0 00:00:05  -  Total Remote Usage
		Usr 0 00:00:00, Sys 0 00:00:00  -  Total Local Usage
	0  -  Run Bytes Sent By Job
	0  -  Run Bytes Received By Job
	0  -  Total Bytes Sent By Job
	0  -  Total Bytes Received By Job
	Partitionable Resources :    Usage  Request Allocated 
	   Cpus                 :     0.97        1         1 
	   Disk (KB)            :     1           1   6680961 
	   Memory (MB)          :    85        8192      8192 
	   xferslots            :                           0 

	Job terminated of its own accord at 2023-09-13T14:47:26Z.
...
