000 (9669097.000.000) 2023-09-11 15:40:39 Job submitted from host: <130.199.48.94:9618?addrs=130.199.48.94-9618&alias=rcas2065.rcf.bnl.gov&noUDP&sock=schedd_9170_49e9>
...
001 (9669097.000.000) 2023-09-11 15:41:05 Job executing on host: <130.199.207.194:9618?addrs=130.199.207.194-9618&alias=spool1481.sdcc.bnl.gov&noUDP&sock=startd_18026_19d6>
...
006 (9669097.000.000) 2023-09-11 15:41:10 Image size of job updated: 1
	0  -  MemoryUsage of job (MB)
	0  -  ResidentSetSize of job (KB)
...
005 (9669097.000.000) 2023-09-11 15:41:10 Job terminated.
	(1) Normal termination (return value 0)
		Usr 0 00:00:00, Sys 0 00:00:00  -  Run Remote Usage
		Usr 0 00:00:00, Sys 0 00:00:00  -  Run Local Usage
		Usr 0 00:00:00, Sys 0 00:00:00  -  Total Remote Usage
		Usr 0 00:00:00, Sys 0 00:00:00  -  Total Local Usage
	0  -  Run Bytes Sent By Job
	0  -  Run Bytes Received By Job
	0  -  Total Bytes Sent By Job
	0  -  Total Bytes Received By Job
	Partitionable Resources :    Usage  Request Allocated 
	   Cpus                 :                 1         1 
	   Disk (KB)            :        1        1   6680960 
	   Memory (MB)          :        0     8192      8192 
	   xferslots            :                           0 

	Job terminated of its own accord at 2023-09-11T19:41:10Z.
...
000 (9669117.000.000) 2023-09-11 15:44:49 Job submitted from host: <130.199.48.94:9618?addrs=130.199.48.94-9618&alias=rcas2065.rcf.bnl.gov&noUDP&sock=schedd_9170_49e9>
...
001 (9669117.000.000) 2023-09-11 15:45:00 Job executing on host: <130.199.200.106:9618?addrs=130.199.200.106-9618&noUDP&sock=10407_c89a_3>
...
006 (9669117.000.000) 2023-09-11 15:45:08 Image size of job updated: 568
	0  -  MemoryUsage of job (MB)
	0  -  ResidentSetSize of job (KB)
...
005 (9669117.000.000) 2023-09-11 15:45:09 Job terminated.
	(1) Normal termination (return value 0)
		Usr 0 00:00:01, Sys 0 00:00:01  -  Run Remote Usage
		Usr 0 00:00:00, Sys 0 00:00:00  -  Run Local Usage
		Usr 0 00:00:01, Sys 0 00:00:01  -  Total Remote Usage
		Usr 0 00:00:00, Sys 0 00:00:00  -  Total Local Usage
	0  -  Run Bytes Sent By Job
	0  -  Run Bytes Received By Job
	0  -  Total Bytes Sent By Job
	0  -  Total Bytes Received By Job
	Partitionable Resources :    Usage  Request Allocated 
	   Cpus                 :     0.08        1         1 
	   Disk (KB)            :     1           1   5106374 
	   Memory (MB)          :     0        8192      8192 
	   xferslots            :                           0 
...
000 (9669136.000.000) 2023-09-11 15:47:50 Job submitted from host: <130.199.48.94:9618?addrs=130.199.48.94-9618&alias=rcas2065.rcf.bnl.gov&noUDP&sock=schedd_9170_49e9>
...
001 (9669136.000.000) 2023-09-11 15:48:08 Job executing on host: <130.199.207.211:9618?addrs=130.199.207.211-9618&alias=spool1498.sdcc.bnl.gov&noUDP&sock=startd_18163_75ae>
...
006 (9669136.000.000) 2023-09-11 15:48:09 Image size of job updated: 1
	0  -  MemoryUsage of job (MB)
	0  -  ResidentSetSize of job (KB)
...
005 (9669136.000.000) 2023-09-11 15:48:09 Job terminated.
	(1) Normal termination (return value 1)
		Usr 0 00:00:00, Sys 0 00:00:00  -  Run Remote Usage
		Usr 0 00:00:00, Sys 0 00:00:00  -  Run Local Usage
		Usr 0 00:00:00, Sys 0 00:00:00  -  Total Remote Usage
		Usr 0 00:00:00, Sys 0 00:00:00  -  Total Local Usage
	0  -  Run Bytes Sent By Job
	0  -  Run Bytes Received By Job
	0  -  Total Bytes Sent By Job
	0  -  Total Bytes Received By Job
	Partitionable Resources :    Usage  Request Allocated 
	   Cpus                 :                 1         1 
	   Disk (KB)            :        1        1   6680961 
	   Memory (MB)          :        0     8192      8192 
	   xferslots            :                           0 

	Job terminated of its own accord at 2023-09-11T19:48:09Z.
...
000 (9669155.000.000) 2023-09-11 15:48:47 Job submitted from host: <130.199.48.94:9618?addrs=130.199.48.94-9618&alias=rcas2065.rcf.bnl.gov&noUDP&sock=schedd_9170_49e9>
...
001 (9669155.000.000) 2023-09-11 15:49:04 Job executing on host: <130.199.207.204:9618?addrs=130.199.207.204-9618&alias=spool1491.sdcc.bnl.gov&noUDP&sock=startd_13409_e0f3>
...
006 (9669155.000.000) 2023-09-11 15:49:04 Image size of job updated: 1
	0  -  MemoryUsage of job (MB)
	0  -  ResidentSetSize of job (KB)
...
005 (9669155.000.000) 2023-09-11 15:49:04 Job terminated.
	(1) Normal termination (return value 1)
		Usr 0 00:00:00, Sys 0 00:00:00  -  Run Remote Usage
		Usr 0 00:00:00, Sys 0 00:00:00  -  Run Local Usage
		Usr 0 00:00:00, Sys 0 00:00:00  -  Total Remote Usage
		Usr 0 00:00:00, Sys 0 00:00:00  -  Total Local Usage
	0  -  Run Bytes Sent By Job
	0  -  Run Bytes Received By Job
	0  -  Total Bytes Sent By Job
	0  -  Total Bytes Received By Job
	Partitionable Resources :    Usage  Request Allocated 
	   Cpus                 :                 1         1 
	   Disk (KB)            :        1        1   6680960 
	   Memory (MB)          :        0     8192      8192 
	   xferslots            :                           0 

	Job terminated of its own accord at 2023-09-11T19:49:04Z.
...
000 (9669174.000.000) 2023-09-11 15:49:49 Job submitted from host: <130.199.48.94:9618?addrs=130.199.48.94-9618&alias=rcas2065.rcf.bnl.gov&noUDP&sock=schedd_9170_49e9>
...
001 (9669174.000.000) 2023-09-11 15:49:56 Job executing on host: <130.199.151.13:9618?addrs=130.199.151.13-9618&alias=spool1591.sdcc.bnl.gov&noUDP&sock=startd_37054_3903>
...
006 (9669174.000.000) 2023-09-11 15:50:02 Image size of job updated: 74368
	0  -  MemoryUsage of job (MB)
	0  -  ResidentSetSize of job (KB)
...
005 (9669174.000.000) 2023-09-11 15:50:03 Job terminated.
	(1) Normal termination (return value 0)
		Usr 0 00:00:00, Sys 0 00:00:01  -  Run Remote Usage
		Usr 0 00:00:00, Sys 0 00:00:00  -  Run Local Usage
		Usr 0 00:00:00, Sys 0 00:00:01  -  Total Remote Usage
		Usr 0 00:00:00, Sys 0 00:00:00  -  Total Local Usage
	0  -  Run Bytes Sent By Job
	0  -  Run Bytes Received By Job
	0  -  Total Bytes Sent By Job
	0  -  Total Bytes Received By Job
	Partitionable Resources :    Usage  Request Allocated 
	   Cpus                 :                 1         1 
	   Disk (KB)            :        1        1   6681265 
	   Memory (MB)          :        0     8192      8192 
	   xferslots            :                           0 

	Job terminated of its own accord at 2023-09-11T19:50:02Z.
...
000 (9669195.000.000) 2023-09-11 15:54:22 Job submitted from host: <130.199.48.94:9618?addrs=130.199.48.94-9618&alias=rcas2065.rcf.bnl.gov&noUDP&sock=schedd_9170_49e9>
...
001 (9669195.000.000) 2023-09-11 15:54:40 Job executing on host: <130.199.151.13:9618?addrs=130.199.151.13-9618&alias=spool1591.sdcc.bnl.gov&noUDP&sock=startd_37054_3903>
...
006 (9669195.000.000) 2023-09-11 15:54:49 Image size of job updated: 483364
	158  -  MemoryUsage of job (MB)
	160980  -  ResidentSetSize of job (KB)
...
006 (9669195.000.000) 2023-09-11 15:59:50 Image size of job updated: 912360
	273  -  MemoryUsage of job (MB)
	279440  -  ResidentSetSize of job (KB)
...
006 (9669195.000.000) 2023-09-11 16:04:50 Image size of job updated: 912360
	273  -  MemoryUsage of job (MB)
	279496  -  ResidentSetSize of job (KB)
...
006 (9669195.000.000) 2023-09-11 16:09:50 Image size of job updated: 912360
	274  -  MemoryUsage of job (MB)
	279832  -  ResidentSetSize of job (KB)
...
005 (9669195.000.000) 2023-09-11 16:14:08 Job terminated.
	(1) Normal termination (return value 0)
		Usr 0 00:05:55, Sys 0 00:13:16  -  Run Remote Usage
		Usr 0 00:00:00, Sys 0 00:00:00  -  Run Local Usage
		Usr 0 00:05:55, Sys 0 00:13:16  -  Total Remote Usage
		Usr 0 00:00:00, Sys 0 00:00:00  -  Total Local Usage
	0  -  Run Bytes Sent By Job
	0  -  Run Bytes Received By Job
	0  -  Total Bytes Sent By Job
	0  -  Total Bytes Received By Job
	Partitionable Resources :    Usage  Request Allocated 
	   Cpus                 :     0.99        1         1 
	   Disk (KB)            :     1           1   6681265 
	   Memory (MB)          :   274        8192      8192 
	   xferslots            :                           0 

	Job terminated of its own accord at 2023-09-11T20:14:08Z.
...
000 (1540198.000.000) 2023-09-13 10:16:23 Job submitted from host: <130.199.48.81:9618?addrs=130.199.48.81-9618&alias=rcas2062.rcf.bnl.gov&noUDP&sock=schedd_9125_0bfa>
...
001 (1540198.000.000) 2023-09-13 10:17:38 Job executing on host: <130.199.207.201:9618?addrs=130.199.207.201-9618&alias=spool1488.sdcc.bnl.gov&noUDP&sock=startd_14720_cb2d>
...
006 (1540198.000.000) 2023-09-13 10:17:47 Image size of job updated: 164812
	89  -  MemoryUsage of job (MB)
	90972  -  ResidentSetSize of job (KB)
...
006 (1540198.000.000) 2023-09-13 10:19:05 Image size of job updated: 912364
	89  -  MemoryUsage of job (MB)
	90980  -  ResidentSetSize of job (KB)
...
005 (1540198.000.000) 2023-09-13 10:19:06 Job terminated.
	(1) Normal termination (return value 0)
		Usr 0 00:01:12, Sys 0 00:00:04  -  Run Remote Usage
		Usr 0 00:00:00, Sys 0 00:00:00  -  Run Local Usage
		Usr 0 00:01:12, Sys 0 00:00:04  -  Total Remote Usage
		Usr 0 00:00:00, Sys 0 00:00:00  -  Total Local Usage
	0  -  Run Bytes Sent By Job
	0  -  Run Bytes Received By Job
	0  -  Total Bytes Sent By Job
	0  -  Total Bytes Received By Job
	Partitionable Resources :    Usage  Request Allocated 
	   Cpus                 :                 1         1 
	   Disk (KB)            :        1        1   6680960 
	   Memory (MB)          :       89     8192      8192 
	   xferslots            :                           0 

	Job terminated of its own accord at 2023-09-13T14:19:05Z.
...
000 (1540217.000.000) 2023-09-13 10:21:33 Job submitted from host: <130.199.48.81:9618?addrs=130.199.48.81-9618&alias=rcas2062.rcf.bnl.gov&noUDP&sock=schedd_9125_0bfa>
...
001 (1540217.000.000) 2023-09-13 10:23:18 Job executing on host: <130.199.151.15:9618?addrs=130.199.151.15-9618&alias=spool1593.sdcc.bnl.gov&noUDP&sock=startd_43384_967a>
...
006 (1540217.000.000) 2023-09-13 10:23:27 Image size of job updated: 565868
	85  -  MemoryUsage of job (MB)
	86836  -  ResidentSetSize of job (KB)
...
006 (1540217.000.000) 2023-09-13 10:24:49 Image size of job updated: 912364
	85  -  MemoryUsage of job (MB)
	86844  -  ResidentSetSize of job (KB)
...
005 (1540217.000.000) 2023-09-13 10:24:50 Job terminated.
	(1) Normal termination (return value 0)
		Usr 0 00:01:16, Sys 0 00:00:04  -  Run Remote Usage
		Usr 0 00:00:00, Sys 0 00:00:00  -  Run Local Usage
		Usr 0 00:01:16, Sys 0 00:00:04  -  Total Remote Usage
		Usr 0 00:00:00, Sys 0 00:00:00  -  Total Local Usage
	0  -  Run Bytes Sent By Job
	0  -  Run Bytes Received By Job
	0  -  Total Bytes Sent By Job
	0  -  Total Bytes Received By Job
	Partitionable Resources :    Usage  Request Allocated 
	   Cpus                 :                 1         1 
	   Disk (KB)            :        1        1   6681265 
	   Memory (MB)          :       85     8192      8192 
	   xferslots            :                           0 

	Job terminated of its own accord at 2023-09-13T14:24:49Z.
...
000 (1540236.000.000) 2023-09-13 10:44:47 Job submitted from host: <130.199.48.81:9618?addrs=130.199.48.81-9618&alias=rcas2062.rcf.bnl.gov&noUDP&sock=schedd_9125_0bfa>
...
001 (1540236.000.000) 2023-09-13 10:45:20 Job executing on host: <130.199.150.71:9618?addrs=130.199.150.71-9618&alias=spool1552.sdcc.bnl.gov&noUDP&sock=startd_36761_7dee>
...
006 (1540236.000.000) 2023-09-13 10:45:29 Image size of job updated: 475668
	273  -  MemoryUsage of job (MB)
	279492  -  ResidentSetSize of job (KB)
...
006 (1540236.000.000) 2023-09-13 10:47:13 Image size of job updated: 920308
	273  -  MemoryUsage of job (MB)
	279492  -  ResidentSetSize of job (KB)
...
005 (1540236.000.000) 2023-09-13 10:47:13 Job terminated.
	(1) Normal termination (return value 0)
		Usr 0 00:01:42, Sys 0 00:00:04  -  Run Remote Usage
		Usr 0 00:00:00, Sys 0 00:00:00  -  Run Local Usage
		Usr 0 00:01:42, Sys 0 00:00:04  -  Total Remote Usage
		Usr 0 00:00:00, Sys 0 00:00:00  -  Total Local Usage
	0  -  Run Bytes Sent By Job
	0  -  Run Bytes Received By Job
	0  -  Total Bytes Sent By Job
	0  -  Total Bytes Received By Job
	Partitionable Resources :    Usage  Request Allocated 
	   Cpus                 :     0.97        1         1 
	   Disk (KB)            :     1           1   6681265 
	   Memory (MB)          :   273        8192      8192 
	   xferslots            :                           0 

	Job terminated of its own accord at 2023-09-13T14:47:13Z.
...
