000 (9669095.000.000) 2023-09-11 15:40:39 Job submitted from host: <130.199.48.94:9618?addrs=130.199.48.94-9618&alias=rcas2065.rcf.bnl.gov&noUDP&sock=schedd_9170_49e9>
...
001 (9669095.000.000) 2023-09-11 15:41:00 Job executing on host: <130.199.202.109:9618?addrs=130.199.202.109-9618&alias=rcas6089.rcf.bnl.gov&noUDP&sock=startd_42113_5514>
...
006 (9669095.000.000) 2023-09-11 15:41:05 Image size of job updated: 165256
	0  -  MemoryUsage of job (MB)
	0  -  ResidentSetSize of job (KB)
...
005 (9669095.000.000) 2023-09-11 15:41:06 Job terminated.
	(1) Normal termination (return value 0)
		Usr 0 00:00:00, Sys 0 00:00:00  -  Run Remote Usage
		Usr 0 00:00:00, Sys 0 00:00:00  -  Run Local Usage
		Usr 0 00:00:00, Sys 0 00:00:00  -  Total Remote Usage
		Usr 0 00:00:00, Sys 0 00:00:00  -  Total Local Usage
	0  -  Run Bytes Sent By Job
	0  -  Run Bytes Received By Job
	0  -  Total Bytes Sent By Job
	0  -  Total Bytes Received By Job
	Partitionable Resources :    Usage  Request Allocated 
	   Cpus                 :                 1         1 
	   Disk (KB)            :        1        1   4811755 
	   Memory (MB)          :        0     8192      8192 
	   xferslots            :                           0 

	Job terminated of its own accord at 2023-09-11T19:41:05Z.
...
000 (9669115.000.000) 2023-09-11 15:44:49 Job submitted from host: <130.199.48.94:9618?addrs=130.199.48.94-9618&alias=rcas2065.rcf.bnl.gov&noUDP&sock=schedd_9170_49e9>
...
001 (9669115.000.000) 2023-09-11 15:44:58 Job executing on host: <130.199.158.244:9618?addrs=130.199.158.244-9618&alias=spool0778.sdcc.bnl.gov&noUDP&sock=startd_27630_a54b>
...
006 (9669115.000.000) 2023-09-11 15:45:07 Image size of job updated: 95916
	51  -  MemoryUsage of job (MB)
	51516  -  ResidentSetSize of job (KB)
...
006 (9669115.000.000) 2023-09-11 15:45:10 Image size of job updated: 96268
	51  -  MemoryUsage of job (MB)
	51628  -  ResidentSetSize of job (KB)
...
005 (9669115.000.000) 2023-09-11 15:45:10 Job terminated.
	(1) Normal termination (return value 0)
		Usr 0 00:00:00, Sys 0 00:00:01  -  Run Remote Usage
		Usr 0 00:00:00, Sys 0 00:00:00  -  Run Local Usage
		Usr 0 00:00:00, Sys 0 00:00:01  -  Total Remote Usage
		Usr 0 00:00:00, Sys 0 00:00:00  -  Total Local Usage
	0  -  Run Bytes Sent By Job
	0  -  Run Bytes Received By Job
	0  -  Total Bytes Sent By Job
	0  -  Total Bytes Received By Job
	Partitionable Resources :    Usage  Request Allocated 
	   Cpus                 :                 1         1 
	   Disk (KB)            :        1        1   7037819 
	   Memory (MB)          :       51     8192      8192 
	   xferslots            :                           0 

	Job terminated of its own accord at 2023-09-11T19:45:10Z.
...
000 (9669134.000.000) 2023-09-11 15:47:50 Job submitted from host: <130.199.48.94:9618?addrs=130.199.48.94-9618&alias=rcas2065.rcf.bnl.gov&noUDP&sock=schedd_9170_49e9>
...
001 (9669134.000.000) 2023-09-11 15:48:08 Job executing on host: <130.199.207.204:9618?addrs=130.199.207.204-9618&alias=spool1491.sdcc.bnl.gov&noUDP&sock=startd_13409_e0f3>
...
006 (9669134.000.000) 2023-09-11 15:48:09 Image size of job updated: 1
	0  -  MemoryUsage of job (MB)
	0  -  ResidentSetSize of job (KB)
...
005 (9669134.000.000) 2023-09-11 15:48:09 Job terminated.
	(1) Normal termination (return value 1)
		Usr 0 00:00:00, Sys 0 00:00:00  -  Run Remote Usage
		Usr 0 00:00:00, Sys 0 00:00:00  -  Run Local Usage
		Usr 0 00:00:00, Sys 0 00:00:00  -  Total Remote Usage
		Usr 0 00:00:00, Sys 0 00:00:00  -  Total Local Usage
	0  -  Run Bytes Sent By Job
	0  -  Run Bytes Received By Job
	0  -  Total Bytes Sent By Job
	0  -  Total Bytes Received By Job
	Partitionable Resources :    Usage  Request Allocated 
	   Cpus                 :                 1         1 
	   Disk (KB)            :        1        1   6680960 
	   Memory (MB)          :        0     8192      8192 
	   xferslots            :                           0 

	Job terminated of its own accord at 2023-09-11T19:48:09Z.
...
000 (9669153.000.000) 2023-09-11 15:48:47 Job submitted from host: <130.199.48.94:9618?addrs=130.199.48.94-9618&alias=rcas2065.rcf.bnl.gov&noUDP&sock=schedd_9170_49e9>
...
001 (9669153.000.000) 2023-09-11 15:49:04 Job executing on host: <130.199.151.4:9618?addrs=130.199.151.4-9618&alias=spool1582.sdcc.bnl.gov&noUDP&sock=startd_37411_356d>
...
006 (9669153.000.000) 2023-09-11 15:49:04 Image size of job updated: 1
	0  -  MemoryUsage of job (MB)
	0  -  ResidentSetSize of job (KB)
...
005 (9669153.000.000) 2023-09-11 15:49:04 Job terminated.
	(1) Normal termination (return value 1)
		Usr 0 00:00:00, Sys 0 00:00:00  -  Run Remote Usage
		Usr 0 00:00:00, Sys 0 00:00:00  -  Run Local Usage
		Usr 0 00:00:00, Sys 0 00:00:00  -  Total Remote Usage
		Usr 0 00:00:00, Sys 0 00:00:00  -  Total Local Usage
	0  -  Run Bytes Sent By Job
	0  -  Run Bytes Received By Job
	0  -  Total Bytes Sent By Job
	0  -  Total Bytes Received By Job
	Partitionable Resources :    Usage  Request Allocated 
	   Cpus                 :                 1         1 
	   Disk (KB)            :        1        1   6681265 
	   Memory (MB)          :        0     8192      8192 
	   xferslots            :                           0 

	Job terminated of its own accord at 2023-09-11T19:49:04Z.
...
000 (9669172.000.000) 2023-09-11 15:49:49 Job submitted from host: <130.199.48.94:9618?addrs=130.199.48.94-9618&alias=rcas2065.rcf.bnl.gov&noUDP&sock=schedd_9170_49e9>
...
001 (9669172.000.000) 2023-09-11 15:49:56 Job executing on host: <130.199.207.211:9618?addrs=130.199.207.211-9618&alias=spool1498.sdcc.bnl.gov&noUDP&sock=startd_18163_75ae>
...
006 (9669172.000.000) 2023-09-11 15:50:01 Image size of job updated: 340
	0  -  MemoryUsage of job (MB)
	0  -  ResidentSetSize of job (KB)
...
005 (9669172.000.000) 2023-09-11 15:50:02 Job terminated.
	(1) Normal termination (return value 0)
		Usr 0 00:00:00, Sys 0 00:00:01  -  Run Remote Usage
		Usr 0 00:00:00, Sys 0 00:00:00  -  Run Local Usage
		Usr 0 00:00:00, Sys 0 00:00:01  -  Total Remote Usage
		Usr 0 00:00:00, Sys 0 00:00:00  -  Total Local Usage
	0  -  Run Bytes Sent By Job
	0  -  Run Bytes Received By Job
	0  -  Total Bytes Sent By Job
	0  -  Total Bytes Received By Job
	Partitionable Resources :    Usage  Request Allocated 
	   Cpus                 :                 1         1 
	   Disk (KB)            :        1        1   6680961 
	   Memory (MB)          :        0     8192      8192 
	   xferslots            :                           0 

	Job terminated of its own accord at 2023-09-11T19:50:01Z.
...
000 (9669193.000.000) 2023-09-11 15:54:22 Job submitted from host: <130.199.48.94:9618?addrs=130.199.48.94-9618&alias=rcas2065.rcf.bnl.gov&noUDP&sock=schedd_9170_49e9>
...
001 (9669193.000.000) 2023-09-11 15:54:40 Job executing on host: <130.199.151.22:9618?addrs=130.199.151.22-9618&alias=spool1600.sdcc.bnl.gov&noUDP&sock=startd_43822_3593>
...
006 (9669193.000.000) 2023-09-11 15:54:49 Image size of job updated: 505044
	88  -  MemoryUsage of job (MB)
	89992  -  ResidentSetSize of job (KB)
...
006 (9669193.000.000) 2023-09-11 15:59:50 Image size of job updated: 904076
	267  -  MemoryUsage of job (MB)
	273204  -  ResidentSetSize of job (KB)
...
006 (9669193.000.000) 2023-09-11 16:04:50 Image size of job updated: 904076
	267  -  MemoryUsage of job (MB)
	273324  -  ResidentSetSize of job (KB)
...
006 (9669193.000.000) 2023-09-11 16:09:51 Image size of job updated: 904076
	268  -  MemoryUsage of job (MB)
	273520  -  ResidentSetSize of job (KB)
...
006 (9669193.000.000) 2023-09-11 16:14:52 Image size of job updated: 904076
	268  -  MemoryUsage of job (MB)
	273548  -  ResidentSetSize of job (KB)
...
005 (9669193.000.000) 2023-09-11 16:15:05 Job terminated.
	(1) Normal termination (return value 0)
		Usr 0 00:06:08, Sys 0 00:13:53  -  Run Remote Usage
		Usr 0 00:00:00, Sys 0 00:00:00  -  Run Local Usage
		Usr 0 00:06:08, Sys 0 00:13:53  -  Total Remote Usage
		Usr 0 00:00:00, Sys 0 00:00:00  -  Total Local Usage
	0  -  Run Bytes Sent By Job
	0  -  Run Bytes Received By Job
	0  -  Total Bytes Sent By Job
	0  -  Total Bytes Received By Job
	Partitionable Resources :    Usage  Request Allocated 
	   Cpus                 :     0.99        1         1 
	   Disk (KB)            :     1           1   6681266 
	   Memory (MB)          :   268        8192      8192 
	   xferslots            :                           0 

	Job terminated of its own accord at 2023-09-11T20:15:05Z.
...
000 (1540196.000.000) 2023-09-13 10:16:23 Job submitted from host: <130.199.48.81:9618?addrs=130.199.48.81-9618&alias=rcas2062.rcf.bnl.gov&noUDP&sock=schedd_9125_0bfa>
...
001 (1540196.000.000) 2023-09-13 10:17:38 Job executing on host: <130.199.150.81:9618?addrs=130.199.150.81-9618&alias=spool1562.sdcc.bnl.gov&noUDP&sock=startd_38877_2de0>
...
006 (1540196.000.000) 2023-09-13 10:17:47 Image size of job updated: 622708
	267  -  MemoryUsage of job (MB)
	272576  -  ResidentSetSize of job (KB)
...
006 (1540196.000.000) 2023-09-13 10:18:59 Image size of job updated: 904084
	267  -  MemoryUsage of job (MB)
	272576  -  ResidentSetSize of job (KB)
...
005 (1540196.000.000) 2023-09-13 10:19:00 Job terminated.
	(1) Normal termination (return value 0)
		Usr 0 00:01:09, Sys 0 00:00:04  -  Run Remote Usage
		Usr 0 00:00:00, Sys 0 00:00:00  -  Run Local Usage
		Usr 0 00:01:09, Sys 0 00:00:04  -  Total Remote Usage
		Usr 0 00:00:00, Sys 0 00:00:00  -  Total Local Usage
	0  -  Run Bytes Sent By Job
	0  -  Run Bytes Received By Job
	0  -  Total Bytes Sent By Job
	0  -  Total Bytes Received By Job
	Partitionable Resources :    Usage  Request Allocated 
	   Cpus                 :                 1         1 
	   Disk (KB)            :        1        1   6681265 
	   Memory (MB)          :      267     8192      8192 
	   xferslots            :                           0 

	Job terminated of its own accord at 2023-09-13T14:18:59Z.
...
000 (1540215.000.000) 2023-09-13 10:21:33 Job submitted from host: <130.199.48.81:9618?addrs=130.199.48.81-9618&alias=rcas2062.rcf.bnl.gov&noUDP&sock=schedd_9125_0bfa>
...
001 (1540215.000.000) 2023-09-13 10:23:18 Job executing on host: <130.199.207.197:9618?addrs=130.199.207.197-9618&alias=spool1484.sdcc.bnl.gov&noUDP&sock=startd_14751_9ad2>
...
006 (1540215.000.000) 2023-09-13 10:23:27 Image size of job updated: 148684
	81  -  MemoryUsage of job (MB)
	82816  -  ResidentSetSize of job (KB)
...
006 (1540215.000.000) 2023-09-13 10:24:46 Image size of job updated: 904084
	81  -  MemoryUsage of job (MB)
	82824  -  ResidentSetSize of job (KB)
...
005 (1540215.000.000) 2023-09-13 10:24:46 Job terminated.
	(1) Normal termination (return value 0)
		Usr 0 00:01:12, Sys 0 00:00:04  -  Run Remote Usage
		Usr 0 00:00:00, Sys 0 00:00:00  -  Run Local Usage
		Usr 0 00:01:12, Sys 0 00:00:04  -  Total Remote Usage
		Usr 0 00:00:00, Sys 0 00:00:00  -  Total Local Usage
	0  -  Run Bytes Sent By Job
	0  -  Run Bytes Received By Job
	0  -  Total Bytes Sent By Job
	0  -  Total Bytes Received By Job
	Partitionable Resources :    Usage  Request Allocated 
	   Cpus                 :                 1         1 
	   Disk (KB)            :        1        1   6680960 
	   Memory (MB)          :       81     8192      8192 
	   xferslots            :                           0 

	Job terminated of its own accord at 2023-09-13T14:24:46Z.
...
000 (1540234.000.000) 2023-09-13 10:44:47 Job submitted from host: <130.199.48.81:9618?addrs=130.199.48.81-9618&alias=rcas2062.rcf.bnl.gov&noUDP&sock=schedd_9125_0bfa>
...
001 (1540234.000.000) 2023-09-13 10:45:20 Job executing on host: <130.199.207.211:9618?addrs=130.199.207.211-9618&alias=spool1498.sdcc.bnl.gov&noUDP&sock=startd_18163_75ae>
...
006 (1540234.000.000) 2023-09-13 10:45:28 Image size of job updated: 904116
	267  -  MemoryUsage of job (MB)
	272828  -  ResidentSetSize of job (KB)
...
006 (1540234.000.000) 2023-09-13 10:47:06 Image size of job updated: 911008
	267  -  MemoryUsage of job (MB)
	272828  -  ResidentSetSize of job (KB)
...
005 (1540234.000.000) 2023-09-13 10:47:07 Job terminated.
	(1) Normal termination (return value 0)
		Usr 0 00:01:37, Sys 0 00:00:04  -  Run Remote Usage
		Usr 0 00:00:00, Sys 0 00:00:00  -  Run Local Usage
		Usr 0 00:01:37, Sys 0 00:00:04  -  Total Remote Usage
		Usr 0 00:00:00, Sys 0 00:00:00  -  Total Local Usage
	0  -  Run Bytes Sent By Job
	0  -  Run Bytes Received By Job
	0  -  Total Bytes Sent By Job
	0  -  Total Bytes Received By Job
	Partitionable Resources :    Usage  Request Allocated 
	   Cpus                 :                 1         1 
	   Disk (KB)            :        1        1   6680961 
	   Memory (MB)          :      267     8192      8192 
	   xferslots            :                           0 

	Job terminated of its own accord at 2023-09-13T14:47:06Z.
...
