000 (9669108.000.000) 2023-09-11 15:40:40 Job submitted from host: <130.199.48.94:9618?addrs=130.199.48.94-9618&alias=rcas2065.rcf.bnl.gov&noUDP&sock=schedd_9170_49e9>
...
001 (9669108.000.000) 2023-09-11 15:40:55 Job executing on host: <130.199.200.31:9618?addrs=130.199.200.31-9618&alias=rcas2930.rcf.bnl.gov&noUDP&sock=startd_26013_e2b6>
...
006 (9669108.000.000) 2023-09-11 15:41:03 Image size of job updated: 334180
	40  -  MemoryUsage of job (MB)
	40812  -  ResidentSetSize of job (KB)
...
005 (9669108.000.000) 2023-09-11 15:41:03 Job terminated.
	(1) Normal termination (return value 0)
		Usr 0 00:00:00, Sys 0 00:00:01  -  Run Remote Usage
		Usr 0 00:00:00, Sys 0 00:00:00  -  Run Local Usage
		Usr 0 00:00:00, Sys 0 00:00:01  -  Total Remote Usage
		Usr 0 00:00:00, Sys 0 00:00:00  -  Total Local Usage
	0  -  Run Bytes Sent By Job
	0  -  Run Bytes Received By Job
	0  -  Total Bytes Sent By Job
	0  -  Total Bytes Received By Job
	Partitionable Resources :    Usage  Request Allocated 
	   Cpus                 :                 1         1 
	   Disk (KB)            :        1        1   2618973 
	   Memory (MB)          :       40     8192      8192 
	   xferslots            :                           0 

	Job terminated of its own accord at 2023-09-11T19:41:03Z.
...
000 (9669128.000.000) 2023-09-11 15:44:50 Job submitted from host: <130.199.48.94:9618?addrs=130.199.48.94-9618&alias=rcas2065.rcf.bnl.gov&noUDP&sock=schedd_9170_49e9>
...
001 (9669128.000.000) 2023-09-11 15:44:58 Job executing on host: <130.199.201.222:9618?addrs=130.199.201.222-9618&alias=spool0135.sdcc.bnl.gov&noUDP&sock=startd_170724_171a>
...
006 (9669128.000.000) 2023-09-11 15:45:05 Image size of job updated: 334312
	0  -  MemoryUsage of job (MB)
	0  -  ResidentSetSize of job (KB)
...
005 (9669128.000.000) 2023-09-11 15:45:05 Job terminated.
	(1) Normal termination (return value 0)
		Usr 0 00:00:00, Sys 0 00:00:01  -  Run Remote Usage
		Usr 0 00:00:00, Sys 0 00:00:00  -  Run Local Usage
		Usr 0 00:00:00, Sys 0 00:00:01  -  Total Remote Usage
		Usr 0 00:00:00, Sys 0 00:00:00  -  Total Local Usage
	0  -  Run Bytes Sent By Job
	0  -  Run Bytes Received By Job
	0  -  Total Bytes Sent By Job
	0  -  Total Bytes Received By Job
	Partitionable Resources :    Usage  Request Allocated 
	   Cpus                 :                 1         1 
	   Disk (KB)            :        1        1   6681602 
	   Memory (MB)          :        0     8192      8192 
	   xferslots            :                           0 

	Job terminated of its own accord at 2023-09-11T19:45:05Z.
...
000 (9669147.000.000) 2023-09-11 15:47:51 Job submitted from host: <130.199.48.94:9618?addrs=130.199.48.94-9618&alias=rcas2065.rcf.bnl.gov&noUDP&sock=schedd_9170_49e9>
...
001 (9669147.000.000) 2023-09-11 15:48:09 Job executing on host: <130.199.207.199:9618?addrs=130.199.207.199-9618&alias=spool1486.sdcc.bnl.gov&noUDP&sock=startd_13898_a41b>
...
006 (9669147.000.000) 2023-09-11 15:48:10 Image size of job updated: 1
	0  -  MemoryUsage of job (MB)
	0  -  ResidentSetSize of job (KB)
...
005 (9669147.000.000) 2023-09-11 15:48:10 Job terminated.
	(1) Normal termination (return value 1)
		Usr 0 00:00:00, Sys 0 00:00:00  -  Run Remote Usage
		Usr 0 00:00:00, Sys 0 00:00:00  -  Run Local Usage
		Usr 0 00:00:00, Sys 0 00:00:00  -  Total Remote Usage
		Usr 0 00:00:00, Sys 0 00:00:00  -  Total Local Usage
	0  -  Run Bytes Sent By Job
	0  -  Run Bytes Received By Job
	0  -  Total Bytes Sent By Job
	0  -  Total Bytes Received By Job
	Partitionable Resources :    Usage  Request Allocated 
	   Cpus                 :                 1         1 
	   Disk (KB)            :        1        1   6680961 
	   Memory (MB)          :        0     8192      8192 
	   xferslots            :                           0 

	Job terminated of its own accord at 2023-09-11T19:48:10Z.
...
000 (9669166.000.000) 2023-09-11 15:48:48 Job submitted from host: <130.199.48.94:9618?addrs=130.199.48.94-9618&alias=rcas2065.rcf.bnl.gov&noUDP&sock=schedd_9170_49e9>
...
001 (9669166.000.000) 2023-09-11 15:49:04 Job executing on host: <130.199.207.217:9618?addrs=130.199.207.217-9618&alias=spool1504.sdcc.bnl.gov&noUDP&sock=startd_13273_d620>
...
006 (9669166.000.000) 2023-09-11 15:49:04 Image size of job updated: 1
	0  -  MemoryUsage of job (MB)
	0  -  ResidentSetSize of job (KB)
...
005 (9669166.000.000) 2023-09-11 15:49:05 Job terminated.
	(1) Normal termination (return value 1)
		Usr 0 00:00:00, Sys 0 00:00:00  -  Run Remote Usage
		Usr 0 00:00:00, Sys 0 00:00:00  -  Run Local Usage
		Usr 0 00:00:00, Sys 0 00:00:00  -  Total Remote Usage
		Usr 0 00:00:00, Sys 0 00:00:00  -  Total Local Usage
	0  -  Run Bytes Sent By Job
	0  -  Run Bytes Received By Job
	0  -  Total Bytes Sent By Job
	0  -  Total Bytes Received By Job
	Partitionable Resources :    Usage  Request Allocated 
	   Cpus                 :                 1         1 
	   Disk (KB)            :        1        1   6680960 
	   Memory (MB)          :        0     8192      8192 
	   xferslots            :                           0 

	Job terminated of its own accord at 2023-09-11T19:49:04Z.
...
000 (9669185.000.000) 2023-09-11 15:49:50 Job submitted from host: <130.199.48.94:9618?addrs=130.199.48.94-9618&alias=rcas2065.rcf.bnl.gov&noUDP&sock=schedd_9170_49e9>
...
001 (9669185.000.000) 2023-09-11 15:49:57 Job executing on host: <130.199.207.216:9618?addrs=130.199.207.216-9618&alias=spool1503.sdcc.bnl.gov&noUDP&sock=startd_12423_d279>
...
006 (9669185.000.000) 2023-09-11 15:50:03 Image size of job updated: 326024
	0  -  MemoryUsage of job (MB)
	0  -  ResidentSetSize of job (KB)
...
005 (9669185.000.000) 2023-09-11 15:50:03 Job terminated.
	(1) Normal termination (return value 0)
		Usr 0 00:00:00, Sys 0 00:00:01  -  Run Remote Usage
		Usr 0 00:00:00, Sys 0 00:00:00  -  Run Local Usage
		Usr 0 00:00:00, Sys 0 00:00:01  -  Total Remote Usage
		Usr 0 00:00:00, Sys 0 00:00:00  -  Total Local Usage
	0  -  Run Bytes Sent By Job
	0  -  Run Bytes Received By Job
	0  -  Total Bytes Sent By Job
	0  -  Total Bytes Received By Job
	Partitionable Resources :    Usage  Request Allocated 
	   Cpus                 :                 1         1 
	   Disk (KB)            :        1        1   6680960 
	   Memory (MB)          :        0     8192      8192 
	   xferslots            :                           0 

	Job terminated of its own accord at 2023-09-11T19:50:03Z.
...
000 (9669206.000.000) 2023-09-11 15:54:22 Job submitted from host: <130.199.48.94:9618?addrs=130.199.48.94-9618&alias=rcas2065.rcf.bnl.gov&noUDP&sock=schedd_9170_49e9>
...
001 (9669206.000.000) 2023-09-11 15:54:40 Job executing on host: <130.199.207.199:9618?addrs=130.199.207.199-9618&alias=spool1486.sdcc.bnl.gov&noUDP&sock=startd_13898_a41b>
...
006 (9669206.000.000) 2023-09-11 15:54:49 Image size of job updated: 165864
	91  -  MemoryUsage of job (MB)
	92204  -  ResidentSetSize of job (KB)
...
006 (9669206.000.000) 2023-09-11 15:54:50 Image size of job updated: 165876
	91  -  MemoryUsage of job (MB)
	92216  -  ResidentSetSize of job (KB)
...
005 (9669206.000.000) 2023-09-11 15:54:50 Job terminated.
	(1) Normal termination (return value 0)
		Usr 0 00:00:01, Sys 0 00:00:01  -  Run Remote Usage
		Usr 0 00:00:00, Sys 0 00:00:00  -  Run Local Usage
		Usr 0 00:00:01, Sys 0 00:00:01  -  Total Remote Usage
		Usr 0 00:00:00, Sys 0 00:00:00  -  Total Local Usage
	0  -  Run Bytes Sent By Job
	0  -  Run Bytes Received By Job
	0  -  Total Bytes Sent By Job
	0  -  Total Bytes Received By Job
	Partitionable Resources :    Usage  Request Allocated 
	   Cpus                 :                 1         1 
	   Disk (KB)            :        1        1   6680961 
	   Memory (MB)          :       91     8192      8192 
	   xferslots            :                           0 

	Job terminated of its own accord at 2023-09-11T19:54:50Z.
...
000 (9669215.000.000) 2023-09-11 15:58:03 Job submitted from host: <130.199.48.94:9618?addrs=130.199.48.94-9618&alias=rcas2065.rcf.bnl.gov&noUDP&sock=schedd_9170_49e9>
...
001 (9669215.000.000) 2023-09-11 15:58:20 Job executing on host: <130.199.207.201:9618?addrs=130.199.207.201-9618&alias=spool1488.sdcc.bnl.gov&noUDP&sock=startd_14720_cb2d>
...
006 (9669215.000.000) 2023-09-11 15:58:29 Image size of job updated: 145656
	78  -  MemoryUsage of job (MB)
	79372  -  ResidentSetSize of job (KB)
...
006 (9669215.000.000) 2023-09-11 15:58:44 Image size of job updated: 623096
	78  -  MemoryUsage of job (MB)
	79604  -  ResidentSetSize of job (KB)
...
005 (9669215.000.000) 2023-09-11 15:58:44 Job terminated.
	(1) Normal termination (return value 0)
		Usr 0 00:00:04, Sys 0 00:00:08  -  Run Remote Usage
		Usr 0 00:00:00, Sys 0 00:00:00  -  Run Local Usage
		Usr 0 00:00:04, Sys 0 00:00:08  -  Total Remote Usage
		Usr 0 00:00:00, Sys 0 00:00:00  -  Total Local Usage
	0  -  Run Bytes Sent By Job
	0  -  Run Bytes Received By Job
	0  -  Total Bytes Sent By Job
	0  -  Total Bytes Received By Job
	Partitionable Resources :    Usage  Request Allocated 
	   Cpus                 :                 1         1 
	   Disk (KB)            :        1        1   6680960 
	   Memory (MB)          :       78     8192      8192 
	   xferslots            :                           0 

	Job terminated of its own accord at 2023-09-11T19:58:44Z.
...
000 (9669216.000.000) 2023-09-11 16:11:48 Job submitted from host: <130.199.48.94:9618?addrs=130.199.48.94-9618&alias=rcas2065.rcf.bnl.gov&noUDP&sock=schedd_9170_49e9>
...
001 (9669216.000.000) 2023-09-11 16:12:00 Job executing on host: <130.199.207.211:9618?addrs=130.199.207.211-9618&alias=spool1498.sdcc.bnl.gov&noUDP&sock=startd_18163_75ae>
...
006 (9669216.000.000) 2023-09-11 16:12:09 Image size of job updated: 247368
	148  -  MemoryUsage of job (MB)
	151528  -  ResidentSetSize of job (KB)
...
006 (9669216.000.000) 2023-09-11 16:12:16 Image size of job updated: 679676
	148  -  MemoryUsage of job (MB)
	151528  -  ResidentSetSize of job (KB)
...
005 (9669216.000.000) 2023-09-11 16:12:16 Job terminated.
	(1) Normal termination (return value 0)
		Usr 0 00:00:05, Sys 0 00:00:08  -  Run Remote Usage
		Usr 0 00:00:00, Sys 0 00:00:00  -  Run Local Usage
		Usr 0 00:00:05, Sys 0 00:00:08  -  Total Remote Usage
		Usr 0 00:00:00, Sys 0 00:00:00  -  Total Local Usage
	0  -  Run Bytes Sent By Job
	0  -  Run Bytes Received By Job
	0  -  Total Bytes Sent By Job
	0  -  Total Bytes Received By Job
	Partitionable Resources :    Usage  Request Allocated 
	   Cpus                 :        0        1         1 
	   Disk (KB)            :        1        1   6680961 
	   Memory (MB)          :      148     8192      8192 
	   xferslots            :                           0 

	Job terminated of its own accord at 2023-09-11T20:12:16Z.
...
000 (1540209.000.000) 2023-09-13 10:16:24 Job submitted from host: <130.199.48.81:9618?addrs=130.199.48.81-9618&alias=rcas2062.rcf.bnl.gov&noUDP&sock=schedd_9125_0bfa>
...
001 (1540209.000.000) 2023-09-13 10:17:39 Job executing on host: <130.199.150.84:9618?addrs=130.199.150.84-9618&alias=spool1565.sdcc.bnl.gov&noUDP&sock=startd_34525_d37e>
...
006 (1540209.000.000) 2023-09-13 10:17:48 Image size of job updated: 376848
	82  -  MemoryUsage of job (MB)
	83736  -  ResidentSetSize of job (KB)
...
006 (1540209.000.000) 2023-09-13 10:17:52 Image size of job updated: 376848
	82  -  MemoryUsage of job (MB)
	83744  -  ResidentSetSize of job (KB)
...
005 (1540209.000.000) 2023-09-13 10:17:53 Job terminated.
	(1) Normal termination (return value 0)
		Usr 0 00:00:02, Sys 0 00:00:01  -  Run Remote Usage
		Usr 0 00:00:00, Sys 0 00:00:00  -  Run Local Usage
		Usr 0 00:00:02, Sys 0 00:00:01  -  Total Remote Usage
		Usr 0 00:00:00, Sys 0 00:00:00  -  Total Local Usage
	0  -  Run Bytes Sent By Job
	0  -  Run Bytes Received By Job
	0  -  Total Bytes Sent By Job
	0  -  Total Bytes Received By Job
	Partitionable Resources :    Usage  Request Allocated 
	   Cpus                 :                 1         1 
	   Disk (KB)            :        1        1   6681265 
	   Memory (MB)          :       82     8192      8192 
	   xferslots            :                           0 

	Job terminated of its own accord at 2023-09-13T14:17:52Z.
...
000 (1540228.000.000) 2023-09-13 10:21:34 Job submitted from host: <130.199.48.81:9618?addrs=130.199.48.81-9618&alias=rcas2062.rcf.bnl.gov&noUDP&sock=schedd_9125_0bfa>
...
001 (1540228.000.000) 2023-09-13 10:23:20 Job executing on host: <130.199.151.11:9618?addrs=130.199.151.11-9618&alias=spool1589.sdcc.bnl.gov&noUDP&sock=startd_41293_d00d>
...
006 (1540228.000.000) 2023-09-13 10:23:28 Image size of job updated: 342504
	90  -  MemoryUsage of job (MB)
	92156  -  ResidentSetSize of job (KB)
...
006 (1540228.000.000) 2023-09-13 10:23:30 Image size of job updated: 342504
	91  -  MemoryUsage of job (MB)
	92164  -  ResidentSetSize of job (KB)
...
005 (1540228.000.000) 2023-09-13 10:23:30 Job terminated.
	(1) Normal termination (return value 0)
		Usr 0 00:00:02, Sys 0 00:00:01  -  Run Remote Usage
		Usr 0 00:00:00, Sys 0 00:00:00  -  Run Local Usage
		Usr 0 00:00:02, Sys 0 00:00:01  -  Total Remote Usage
		Usr 0 00:00:00, Sys 0 00:00:00  -  Total Local Usage
	0  -  Run Bytes Sent By Job
	0  -  Run Bytes Received By Job
	0  -  Total Bytes Sent By Job
	0  -  Total Bytes Received By Job
	Partitionable Resources :    Usage  Request Allocated 
	   Cpus                 :                 1         1 
	   Disk (KB)            :        1        1   6681265 
	   Memory (MB)          :       91     8192      8192 
	   xferslots            :                           0 

	Job terminated of its own accord at 2023-09-13T14:23:30Z.
...
000 (1540247.000.000) 2023-09-13 10:44:48 Job submitted from host: <130.199.48.81:9618?addrs=130.199.48.81-9618&alias=rcas2062.rcf.bnl.gov&noUDP&sock=schedd_9125_0bfa>
...
001 (1540247.000.000) 2023-09-13 10:45:21 Job executing on host: <130.199.150.70:9618?addrs=130.199.150.70-9618&alias=spool1551.sdcc.bnl.gov&noUDP&sock=startd_38877_2de0>
...
006 (1540247.000.000) 2023-09-13 10:45:30 Image size of job updated: 458960
	79  -  MemoryUsage of job (MB)
	79932  -  ResidentSetSize of job (KB)
...
006 (1540247.000.000) 2023-09-13 10:45:36 Image size of job updated: 458960
	79  -  MemoryUsage of job (MB)
	80016  -  ResidentSetSize of job (KB)
...
005 (1540247.000.000) 2023-09-13 10:45:37 Job terminated.
	(1) Normal termination (return value 0)
		Usr 0 00:00:02, Sys 0 00:00:01  -  Run Remote Usage
		Usr 0 00:00:00, Sys 0 00:00:00  -  Run Local Usage
		Usr 0 00:00:02, Sys 0 00:00:01  -  Total Remote Usage
		Usr 0 00:00:00, Sys 0 00:00:00  -  Total Local Usage
	0  -  Run Bytes Sent By Job
	0  -  Run Bytes Received By Job
	0  -  Total Bytes Sent By Job
	0  -  Total Bytes Received By Job
	Partitionable Resources :    Usage  Request Allocated 
	   Cpus                 :                 1         1 
	   Disk (KB)            :        1        1   6681265 
	   Memory (MB)          :       79     8192      8192 
	   xferslots            :                           0 

	Job terminated of its own accord at 2023-09-13T14:45:36Z.
...
